<?xml version="1.0" encoding="UTF-8"?>
<testsuite name="com.cat.ddsw.hivetest.dealer_hierarchy.DealersHierarchyAvroTest" tests="8" skipped="0" failures="0" errors="0" timestamp="2015-09-06T18:13:39" hostname="Himanshu.local" time="17.724">
  <properties/>
  <testcase name="testSetHiveExecDropIgnoreNonExistent" classname="com.cat.ddsw.hivetest.dealer_hierarchy.DealersHierarchyAvroTest" time="6.178"/>
  <testcase name="testPartitionDataCountFromCoreTableAvroFormat" classname="com.cat.ddsw.hivetest.dealer_hierarchy.DealersHierarchyAvroTest" time="3.442"/>
  <testcase name="testDataCountFromCoreTableAvroFormat" classname="com.cat.ddsw.hivetest.dealer_hierarchy.DealersHierarchyAvroTest" time="2.089"/>
  <testcase name="testSetHiveQueueName" classname="com.cat.ddsw.hivetest.dealer_hierarchy.DealersHierarchyAvroTest" time="1.267"/>
  <testcase name="testCoreTableContentByHash" classname="com.cat.ddsw.hivetest.dealer_hierarchy.DealersHierarchyAvroTest" time="1.294"/>
  <testcase name="testCoreTablePartitionCreated" classname="com.cat.ddsw.hivetest.dealer_hierarchy.DealersHierarchyAvroTest" time="1.224"/>
  <testcase name="testTablesCreated" classname="com.cat.ddsw.hivetest.dealer_hierarchy.DealersHierarchyAvroTest" time="1.08"/>
  <testcase name="testDatabaseCreated" classname="com.cat.ddsw.hivetest.dealer_hierarchy.DealersHierarchyAvroTest" time="1.142"/>
  <system-out><![CDATA[Hive Properties Loaded...
Property : Key :-> hive.temp.data.file : Value :-> src/test/resources/dealer_hierarchy/data/delta_table_data.csv
Hive Properties Loaded...
Property : Key :-> hive.udf.file : Value :-> src/test/resources/common/create_hive_udfs.hql
Hive Properties Loaded...
Property : Key :-> hive.core.avro.table.file : Value :-> src/test/resources/dealer_hierarchy/hql/create_core_table.hql
Hive Properties Loaded...
Property : Key :-> hive.temp.table.file : Value :-> src/test/resources/dealer_hierarchy/hql/create_temp_data_table.hql
Hive Partition Repaired for Table : dealer_hierarchy_core
Hive Partition Repaired for Table : dealer_hierarchy_temp_data
Hive Properties Loaded...
Property : Key :-> hive.core.avro.table.data.file : Value :-> src/test/resources/dealer_hierarchy/hql/insert_data_into_core_table.hql
2008-12-18 12:12:12 +00:00
2008-12-18 12:12:12 +00:00
2008-12-18 12:12:12 +00:00
2008-12-18 12:12:12 +00:00
2008-12-18 12:12:12 +00:00
2008-12-18 12:12:12 +00:00
2008-12-18 12:12:12 +00:00
2008-12-18 12:12:12 +00:00
Hive Properties Loaded...
Property : Key :-> hive.temp.data.file : Value :-> src/test/resources/dealer_hierarchy/data/delta_table_data.csv
Hive Properties Loaded...
Property : Key :-> hive.udf.file : Value :-> src/test/resources/common/create_hive_udfs.hql
Hive Properties Loaded...
Property : Key :-> hive.core.avro.table.file : Value :-> src/test/resources/dealer_hierarchy/hql/create_core_table.hql
Hive Properties Loaded...
Property : Key :-> hive.temp.table.file : Value :-> src/test/resources/dealer_hierarchy/hql/create_temp_data_table.hql
Hive Partition Repaired for Table : dealer_hierarchy_core
Hive Partition Repaired for Table : dealer_hierarchy_temp_data
Hive Properties Loaded...
Property : Key :-> hive.core.avro.table.data.file : Value :-> src/test/resources/dealer_hierarchy/hql/insert_data_into_core_table.hql
2008-12-18 12:12:12 +00:00
2008-12-18 12:12:12 +00:00
2008-12-18 12:12:12 +00:00
2008-12-18 12:12:12 +00:00
2008-12-18 12:12:12 +00:00
2008-12-18 12:12:12 +00:00
2008-12-18 12:12:12 +00:00
2008-12-18 12:12:12 +00:00
Hive Properties Loaded...
Property : Key :-> hive.temp.data.file : Value :-> src/test/resources/dealer_hierarchy/data/delta_table_data.csv
Hive Properties Loaded...
Property : Key :-> hive.udf.file : Value :-> src/test/resources/common/create_hive_udfs.hql
Hive Properties Loaded...
Property : Key :-> hive.core.avro.table.file : Value :-> src/test/resources/dealer_hierarchy/hql/create_core_table.hql
Hive Properties Loaded...
Property : Key :-> hive.temp.table.file : Value :-> src/test/resources/dealer_hierarchy/hql/create_temp_data_table.hql
Hive Partition Repaired for Table : dealer_hierarchy_core
Hive Partition Repaired for Table : dealer_hierarchy_temp_data
Hive Properties Loaded...
Property : Key :-> hive.core.avro.table.data.file : Value :-> src/test/resources/dealer_hierarchy/hql/insert_data_into_core_table.hql
2008-12-18 12:12:12 +00:00
2008-12-18 12:12:12 +00:00
2008-12-18 12:12:12 +00:00
2008-12-18 12:12:12 +00:00
2008-12-18 12:12:12 +00:00
2008-12-18 12:12:12 +00:00
2008-12-18 12:12:12 +00:00
2008-12-18 12:12:12 +00:00
Hive Properties Loaded...
Property : Key :-> hive.temp.data.file : Value :-> src/test/resources/dealer_hierarchy/data/delta_table_data.csv
Hive Properties Loaded...
Property : Key :-> hive.udf.file : Value :-> src/test/resources/common/create_hive_udfs.hql
Hive Properties Loaded...
Property : Key :-> hive.core.avro.table.file : Value :-> src/test/resources/dealer_hierarchy/hql/create_core_table.hql
Hive Properties Loaded...
Property : Key :-> hive.temp.table.file : Value :-> src/test/resources/dealer_hierarchy/hql/create_temp_data_table.hql
Hive Partition Repaired for Table : dealer_hierarchy_core
Hive Partition Repaired for Table : dealer_hierarchy_temp_data
Hive Properties Loaded...
Property : Key :-> hive.core.avro.table.data.file : Value :-> src/test/resources/dealer_hierarchy/hql/insert_data_into_core_table.hql
2008-12-18 12:12:12 +00:00
2008-12-18 12:12:12 +00:00
2008-12-18 12:12:12 +00:00
2008-12-18 12:12:12 +00:00
2008-12-18 12:12:12 +00:00
2008-12-18 12:12:12 +00:00
2008-12-18 12:12:12 +00:00
2008-12-18 12:12:12 +00:00
Hive Properties Loaded...
Property : Key :-> hive.temp.data.file : Value :-> src/test/resources/dealer_hierarchy/data/delta_table_data.csv
Hive Properties Loaded...
Property : Key :-> hive.udf.file : Value :-> src/test/resources/common/create_hive_udfs.hql
Hive Properties Loaded...
Property : Key :-> hive.core.avro.table.file : Value :-> src/test/resources/dealer_hierarchy/hql/create_core_table.hql
Hive Properties Loaded...
Property : Key :-> hive.temp.table.file : Value :-> src/test/resources/dealer_hierarchy/hql/create_temp_data_table.hql
Hive Partition Repaired for Table : dealer_hierarchy_core
Hive Partition Repaired for Table : dealer_hierarchy_temp_data
Hive Properties Loaded...
Property : Key :-> hive.core.avro.table.data.file : Value :-> src/test/resources/dealer_hierarchy/hql/insert_data_into_core_table.hql
2008-12-18 12:12:12 +00:00
2008-12-18 12:12:12 +00:00
2008-12-18 12:12:12 +00:00
2008-12-18 12:12:12 +00:00
2008-12-18 12:12:12 +00:00
2008-12-18 12:12:12 +00:00
2008-12-18 12:12:12 +00:00
2008-12-18 12:12:12 +00:00
Dealer_Hierarchy : Expected Row :-> dealer_021205	021205	DMS	2.0	2008-12-18 12:12:12.000	2008-12-18 12:12:12 +00:00	A001	C	A	01	AA	GENIUS_SPECTRUM	01	L100	L100	CAT	001	2010-10-30T12:12:12	2010-10-30T12:12:12	HPATEL	2010-10-30T12:12:12	2010-10-30T12:12:12	001	AAAA
Dealer_Hierarchy : Expected Hash :-> 7f000f21df7c70a405dec25d2fb51c9795cfa8ab
Dealer_Hierarchy : Actual Row :-> dealer_021205	021205	DMS	2.0	2008-12-18 12:12:12.000	2008-12-18 12:12:12 +00:00	A001	C	A	01	AA	GENIUS_SPECTRUM	01	L100	L100	CAT	001	2010-10-30T12:12:12	2010-10-30T12:12:12	HPATEL	2010-10-30T12:12:12	2010-10-30T12:12:12	001	AAAA
Dealer_Hierarchy : Actual Hash :-> 7f000f21df7c70a405dec25d2fb51c9795cfa8ab
Hive Properties Loaded...
Property : Key :-> hive.temp.data.file : Value :-> src/test/resources/dealer_hierarchy/data/delta_table_data.csv
Hive Properties Loaded...
Property : Key :-> hive.udf.file : Value :-> src/test/resources/common/create_hive_udfs.hql
Hive Properties Loaded...
Property : Key :-> hive.core.avro.table.file : Value :-> src/test/resources/dealer_hierarchy/hql/create_core_table.hql
Hive Properties Loaded...
Property : Key :-> hive.temp.table.file : Value :-> src/test/resources/dealer_hierarchy/hql/create_temp_data_table.hql
Hive Partition Repaired for Table : dealer_hierarchy_core
Hive Partition Repaired for Table : dealer_hierarchy_temp_data
Hive Properties Loaded...
Property : Key :-> hive.core.avro.table.data.file : Value :-> src/test/resources/dealer_hierarchy/hql/insert_data_into_core_table.hql
2008-12-18 12:12:12 +00:00
2008-12-18 12:12:12 +00:00
2008-12-18 12:12:12 +00:00
2008-12-18 12:12:12 +00:00
2008-12-18 12:12:12 +00:00
2008-12-18 12:12:12 +00:00
2008-12-18 12:12:12 +00:00
2008-12-18 12:12:12 +00:00
Hive Properties Loaded...
Property : Key :-> hive.temp.data.file : Value :-> src/test/resources/dealer_hierarchy/data/delta_table_data.csv
Hive Properties Loaded...
Property : Key :-> hive.udf.file : Value :-> src/test/resources/common/create_hive_udfs.hql
Hive Properties Loaded...
Property : Key :-> hive.core.avro.table.file : Value :-> src/test/resources/dealer_hierarchy/hql/create_core_table.hql
Hive Properties Loaded...
Property : Key :-> hive.temp.table.file : Value :-> src/test/resources/dealer_hierarchy/hql/create_temp_data_table.hql
Hive Partition Repaired for Table : dealer_hierarchy_core
Hive Partition Repaired for Table : dealer_hierarchy_temp_data
Hive Properties Loaded...
Property : Key :-> hive.core.avro.table.data.file : Value :-> src/test/resources/dealer_hierarchy/hql/insert_data_into_core_table.hql
2008-12-18 12:12:12 +00:00
2008-12-18 12:12:12 +00:00
2008-12-18 12:12:12 +00:00
2008-12-18 12:12:12 +00:00
2008-12-18 12:12:12 +00:00
2008-12-18 12:12:12 +00:00
2008-12-18 12:12:12 +00:00
2008-12-18 12:12:12 +00:00
Hive Properties Loaded...
Property : Key :-> hive.temp.data.file : Value :-> src/test/resources/dealer_hierarchy/data/delta_table_data.csv
Hive Properties Loaded...
Property : Key :-> hive.udf.file : Value :-> src/test/resources/common/create_hive_udfs.hql
Hive Properties Loaded...
Property : Key :-> hive.core.avro.table.file : Value :-> src/test/resources/dealer_hierarchy/hql/create_core_table.hql
Hive Properties Loaded...
Property : Key :-> hive.temp.table.file : Value :-> src/test/resources/dealer_hierarchy/hql/create_temp_data_table.hql
Hive Partition Repaired for Table : dealer_hierarchy_core
Hive Partition Repaired for Table : dealer_hierarchy_temp_data
Hive Properties Loaded...
Property : Key :-> hive.core.avro.table.data.file : Value :-> src/test/resources/dealer_hierarchy/hql/insert_data_into_core_table.hql
2008-12-18 12:12:12 +00:00
2008-12-18 12:12:12 +00:00
2008-12-18 12:12:12 +00:00
2008-12-18 12:12:12 +00:00
2008-12-18 12:12:12 +00:00
2008-12-18 12:12:12 +00:00
2008-12-18 12:12:12 +00:00
2008-12-18 12:12:12 +00:00
]]></system-out>
  <system-err><![CDATA[15/09/06 13:13:39 INFO metastore.HiveMetaStore: 0: Opening raw store with implemenation class:org.apache.hadoop.hive.metastore.ObjectStore
15/09/06 13:13:39 INFO metastore.ObjectStore: ObjectStore, initialize called
15/09/06 13:13:40 INFO DataNucleus.Persistence: Property datanucleus.cache.level2 unknown - will be ignored
15/09/06 13:13:40 INFO DataNucleus.Persistence: Property hive.metastore.integral.jdo.pushdown unknown - will be ignored
15/09/06 13:13:40 INFO metastore.ObjectStore: Setting MetaStore object pin classes with hive.metastore.cache.pinobjtypes="Table,StorageDescriptor,SerDeInfo,Partition,Database,Type,FieldSchema,Order"
15/09/06 13:13:40 INFO metastore.MetaStoreDirectSql: MySQL check failed, assuming we are not on mysql: unknown token: 
15/09/06 13:13:41 INFO DataNucleus.Datastore: The class "org.apache.hadoop.hive.metastore.model.MFieldSchema" is tagged as "embedded-only" so does not have its own datastore table.
15/09/06 13:13:41 INFO DataNucleus.Datastore: The class "org.apache.hadoop.hive.metastore.model.MOrder" is tagged as "embedded-only" so does not have its own datastore table.
15/09/06 13:13:41 INFO DataNucleus.Datastore: The class "org.apache.hadoop.hive.metastore.model.MFieldSchema" is tagged as "embedded-only" so does not have its own datastore table.
15/09/06 13:13:41 INFO DataNucleus.Datastore: The class "org.apache.hadoop.hive.metastore.model.MOrder" is tagged as "embedded-only" so does not have its own datastore table.
15/09/06 13:13:41 INFO metastore.ObjectStore: Initialized ObjectStore
15/09/06 13:13:41 WARN metastore.ObjectStore: Version information not found in metastore. hive.metastore.schema.verification is not enabled so recording the schema version 0.13.0
15/09/06 13:13:41 WARN util.NativeCodeLoader: Unable to load native-hadoop library for your platform... using builtin-java classes where applicable
15/09/06 13:13:41 INFO metastore.HiveMetaStore: Added admin role in metastore
15/09/06 13:13:41 INFO metastore.HiveMetaStore: Added public role in metastore
15/09/06 13:13:41 INFO metastore.HiveMetaStore: No user is added in admin role, since config is empty
15/09/06 13:13:41 INFO metastore.HiveMetaStore: No user is added in admin role, since config is empty
15/09/06 13:13:42 INFO session.SessionState: No Tez session required at this point. hive.execution.engine=mr.
15/09/06 13:13:42 INFO service.HiveServer: Putting temp output to file /var/folders/y7/4_pz5fzx54ngcmghz3v6t3m00000gn/T/junit9095267975545366152/localscratchdir/7673a442-3132-499a-910a-536c5f1bdff95927745948007700147.pipeout
15/09/06 13:13:42 INFO service.HiveServer: Running the query: SHOW TABLES
15/09/06 13:13:42 INFO log.PerfLogger: <PERFLOG method=Driver.run from=org.apache.hadoop.hive.ql.Driver>
15/09/06 13:13:42 INFO log.PerfLogger: <PERFLOG method=TimeToSubmit from=org.apache.hadoop.hive.ql.Driver>
15/09/06 13:13:42 INFO ql.Driver: Concurrency mode is disabled, not creating a lock manager
15/09/06 13:13:42 INFO log.PerfLogger: <PERFLOG method=compile from=org.apache.hadoop.hive.ql.Driver>
15/09/06 13:13:42 INFO log.PerfLogger: <PERFLOG method=parse from=org.apache.hadoop.hive.ql.Driver>
15/09/06 13:13:42 INFO parse.ParseDriver: Parsing command: SHOW TABLES
15/09/06 13:13:42 INFO parse.ParseDriver: Parse Completed
15/09/06 13:13:42 INFO log.PerfLogger: </PERFLOG method=parse start=1441563222095 end=1441563222455 duration=360 from=org.apache.hadoop.hive.ql.Driver>
15/09/06 13:13:42 INFO log.PerfLogger: <PERFLOG method=semanticAnalyze from=org.apache.hadoop.hive.ql.Driver>
15/09/06 13:13:42 INFO ql.Driver: Semantic Analysis Completed
15/09/06 13:13:42 INFO log.PerfLogger: </PERFLOG method=semanticAnalyze start=1441563222455 end=1441563222545 duration=90 from=org.apache.hadoop.hive.ql.Driver>
15/09/06 13:13:42 INFO exec.ListSinkOperator: Initializing Self 0 OP
15/09/06 13:13:42 INFO exec.ListSinkOperator: Operator 0 OP initialized
15/09/06 13:13:42 INFO exec.ListSinkOperator: Initialization Done 0 OP
15/09/06 13:13:42 INFO ql.Driver: Returning Hive schema: Schema(fieldSchemas:[FieldSchema(name:tab_name, type:string, comment:from deserializer)], properties:null)
15/09/06 13:13:42 INFO log.PerfLogger: </PERFLOG method=compile start=1441563222054 end=1441563222618 duration=564 from=org.apache.hadoop.hive.ql.Driver>
15/09/06 13:13:42 INFO log.PerfLogger: <PERFLOG method=Driver.execute from=org.apache.hadoop.hive.ql.Driver>
15/09/06 13:13:42 INFO ql.Driver: Starting command: SHOW TABLES
15/09/06 13:13:42 INFO log.PerfLogger: </PERFLOG method=TimeToSubmit start=1441563222051 end=1441563222625 duration=574 from=org.apache.hadoop.hive.ql.Driver>
15/09/06 13:13:42 INFO log.PerfLogger: <PERFLOG method=runTasks from=org.apache.hadoop.hive.ql.Driver>
15/09/06 13:13:42 INFO log.PerfLogger: <PERFLOG method=task.DDL.Stage-0 from=org.apache.hadoop.hive.ql.Driver>
15/09/06 13:13:42 INFO metastore.HiveMetaStore: 0: get_database: default
15/09/06 13:13:42 INFO HiveMetaStore.audit: ugi=hpatel	ip=unknown-ip-addr	cmd=get_database: default	
15/09/06 13:13:42 INFO metastore.HiveMetaStore: 0: get_tables: db=default pat=.*
15/09/06 13:13:42 INFO HiveMetaStore.audit: ugi=hpatel	ip=unknown-ip-addr	cmd=get_tables: db=default pat=.*	
15/09/06 13:13:42 INFO log.PerfLogger: </PERFLOG method=runTasks start=1441563222625 end=1441563222691 duration=66 from=org.apache.hadoop.hive.ql.Driver>
15/09/06 13:13:42 INFO log.PerfLogger: </PERFLOG method=Driver.execute start=1441563222618 end=1441563222691 duration=73 from=org.apache.hadoop.hive.ql.Driver>
OK
15/09/06 13:13:42 INFO ql.Driver: OK
15/09/06 13:13:42 INFO log.PerfLogger: <PERFLOG method=releaseLocks from=org.apache.hadoop.hive.ql.Driver>
15/09/06 13:13:42 INFO log.PerfLogger: </PERFLOG method=releaseLocks start=1441563222692 end=1441563222692 duration=0 from=org.apache.hadoop.hive.ql.Driver>
15/09/06 13:13:42 INFO log.PerfLogger: </PERFLOG method=Driver.run start=1441563222050 end=1441563222692 duration=642 from=org.apache.hadoop.hive.ql.Driver>
15/09/06 13:13:42 INFO builder.HiveShellTearable: Executing script: CREATE TEMPORARY FUNCTION custom_utc_timestamp AS 'com.cloudera.sa.cat.udfs.CustomUTCTimestamp';
CREATE TEMPORARY FUNCTION format_mr_timestamp AS 'com.cloudera.sa.cat.udfs.FormatMRTimeStamp';

15/09/06 13:13:42 INFO service.HiveServer: Running the query: CREATE TEMPORARY FUNCTION custom_utc_timestamp AS 'com.cloudera.sa.cat.udfs.CustomUTCTimestamp'
15/09/06 13:13:42 INFO exec.ListSinkOperator: 0 finished. closing... 
15/09/06 13:13:42 INFO exec.ListSinkOperator: 0 Close done
15/09/06 13:13:42 INFO log.PerfLogger: <PERFLOG method=Driver.run from=org.apache.hadoop.hive.ql.Driver>
15/09/06 13:13:42 INFO log.PerfLogger: <PERFLOG method=TimeToSubmit from=org.apache.hadoop.hive.ql.Driver>
15/09/06 13:13:42 INFO ql.Driver: Concurrency mode is disabled, not creating a lock manager
15/09/06 13:13:42 INFO log.PerfLogger: <PERFLOG method=compile from=org.apache.hadoop.hive.ql.Driver>
15/09/06 13:13:42 INFO log.PerfLogger: <PERFLOG method=parse from=org.apache.hadoop.hive.ql.Driver>
15/09/06 13:13:42 INFO parse.ParseDriver: Parsing command: CREATE TEMPORARY FUNCTION custom_utc_timestamp AS 'com.cloudera.sa.cat.udfs.CustomUTCTimestamp'
15/09/06 13:13:42 INFO parse.ParseDriver: Parse Completed
15/09/06 13:13:42 INFO log.PerfLogger: </PERFLOG method=parse start=1441563222695 end=1441563222698 duration=3 from=org.apache.hadoop.hive.ql.Driver>
15/09/06 13:13:42 INFO log.PerfLogger: <PERFLOG method=semanticAnalyze from=org.apache.hadoop.hive.ql.Driver>
15/09/06 13:13:42 INFO metastore.HiveMetaStore: 0: get_database: default
15/09/06 13:13:42 INFO HiveMetaStore.audit: ugi=hpatel	ip=unknown-ip-addr	cmd=get_database: default	
15/09/06 13:13:42 INFO parse.FunctionSemanticAnalyzer: analyze done
15/09/06 13:13:42 INFO ql.Driver: Semantic Analysis Completed
15/09/06 13:13:42 INFO log.PerfLogger: </PERFLOG method=semanticAnalyze start=1441563222698 end=1441563222706 duration=8 from=org.apache.hadoop.hive.ql.Driver>
15/09/06 13:13:42 INFO ql.Driver: Returning Hive schema: Schema(fieldSchemas:null, properties:null)
15/09/06 13:13:42 INFO log.PerfLogger: </PERFLOG method=compile start=1441563222695 end=1441563222707 duration=12 from=org.apache.hadoop.hive.ql.Driver>
15/09/06 13:13:42 INFO log.PerfLogger: <PERFLOG method=Driver.execute from=org.apache.hadoop.hive.ql.Driver>
15/09/06 13:13:42 INFO ql.Driver: Starting command: CREATE TEMPORARY FUNCTION custom_utc_timestamp AS 'com.cloudera.sa.cat.udfs.CustomUTCTimestamp'
15/09/06 13:13:42 INFO log.PerfLogger: </PERFLOG method=TimeToSubmit start=1441563222695 end=1441563222708 duration=13 from=org.apache.hadoop.hive.ql.Driver>
15/09/06 13:13:42 INFO log.PerfLogger: <PERFLOG method=runTasks from=org.apache.hadoop.hive.ql.Driver>
15/09/06 13:13:42 INFO log.PerfLogger: <PERFLOG method=task.FUNCTION.Stage-0 from=org.apache.hadoop.hive.ql.Driver>
15/09/06 13:13:43 INFO log.PerfLogger: </PERFLOG method=runTasks start=1441563222708 end=1441563223080 duration=372 from=org.apache.hadoop.hive.ql.Driver>
15/09/06 13:13:43 INFO log.PerfLogger: </PERFLOG method=Driver.execute start=1441563222707 end=1441563223080 duration=373 from=org.apache.hadoop.hive.ql.Driver>
OK
15/09/06 13:13:43 INFO ql.Driver: OK
15/09/06 13:13:43 INFO log.PerfLogger: <PERFLOG method=releaseLocks from=org.apache.hadoop.hive.ql.Driver>
15/09/06 13:13:43 INFO log.PerfLogger: </PERFLOG method=releaseLocks start=1441563223081 end=1441563223081 duration=0 from=org.apache.hadoop.hive.ql.Driver>
15/09/06 13:13:43 INFO log.PerfLogger: </PERFLOG method=Driver.run start=1441563222695 end=1441563223081 duration=386 from=org.apache.hadoop.hive.ql.Driver>
15/09/06 13:13:43 INFO service.HiveServer: Running the query: 
CREATE TEMPORARY FUNCTION format_mr_timestamp AS 'com.cloudera.sa.cat.udfs.FormatMRTimeStamp'
15/09/06 13:13:43 INFO log.PerfLogger: <PERFLOG method=Driver.run from=org.apache.hadoop.hive.ql.Driver>
15/09/06 13:13:43 INFO log.PerfLogger: <PERFLOG method=TimeToSubmit from=org.apache.hadoop.hive.ql.Driver>
15/09/06 13:13:43 INFO ql.Driver: Concurrency mode is disabled, not creating a lock manager
15/09/06 13:13:43 INFO log.PerfLogger: <PERFLOG method=compile from=org.apache.hadoop.hive.ql.Driver>
15/09/06 13:13:43 INFO log.PerfLogger: <PERFLOG method=parse from=org.apache.hadoop.hive.ql.Driver>
15/09/06 13:13:43 INFO parse.ParseDriver: Parsing command: 
CREATE TEMPORARY FUNCTION format_mr_timestamp AS 'com.cloudera.sa.cat.udfs.FormatMRTimeStamp'
15/09/06 13:13:43 INFO parse.ParseDriver: Parse Completed
15/09/06 13:13:43 INFO log.PerfLogger: </PERFLOG method=parse start=1441563223082 end=1441563223083 duration=1 from=org.apache.hadoop.hive.ql.Driver>
15/09/06 13:13:43 INFO log.PerfLogger: <PERFLOG method=semanticAnalyze from=org.apache.hadoop.hive.ql.Driver>
15/09/06 13:13:43 INFO metastore.HiveMetaStore: 0: get_database: default
15/09/06 13:13:43 INFO HiveMetaStore.audit: ugi=hpatel	ip=unknown-ip-addr	cmd=get_database: default	
15/09/06 13:13:43 INFO parse.FunctionSemanticAnalyzer: analyze done
15/09/06 13:13:43 INFO ql.Driver: Semantic Analysis Completed
15/09/06 13:13:43 INFO log.PerfLogger: </PERFLOG method=semanticAnalyze start=1441563223083 end=1441563223086 duration=3 from=org.apache.hadoop.hive.ql.Driver>
15/09/06 13:13:43 INFO ql.Driver: Returning Hive schema: Schema(fieldSchemas:null, properties:null)
15/09/06 13:13:43 INFO log.PerfLogger: </PERFLOG method=compile start=1441563223081 end=1441563223086 duration=5 from=org.apache.hadoop.hive.ql.Driver>
15/09/06 13:13:43 INFO log.PerfLogger: <PERFLOG method=Driver.execute from=org.apache.hadoop.hive.ql.Driver>
15/09/06 13:13:43 INFO ql.Driver: Starting command: 
CREATE TEMPORARY FUNCTION format_mr_timestamp AS 'com.cloudera.sa.cat.udfs.FormatMRTimeStamp'
15/09/06 13:13:43 INFO log.PerfLogger: </PERFLOG method=TimeToSubmit start=1441563223081 end=1441563223087 duration=6 from=org.apache.hadoop.hive.ql.Driver>
15/09/06 13:13:43 INFO log.PerfLogger: <PERFLOG method=runTasks from=org.apache.hadoop.hive.ql.Driver>
15/09/06 13:13:43 INFO log.PerfLogger: <PERFLOG method=task.FUNCTION.Stage-0 from=org.apache.hadoop.hive.ql.Driver>
15/09/06 13:13:43 INFO log.PerfLogger: </PERFLOG method=runTasks start=1441563223087 end=1441563223088 duration=1 from=org.apache.hadoop.hive.ql.Driver>
15/09/06 13:13:43 INFO log.PerfLogger: </PERFLOG method=Driver.execute start=1441563223086 end=1441563223088 duration=2 from=org.apache.hadoop.hive.ql.Driver>
OK
15/09/06 13:13:43 INFO ql.Driver: OK
15/09/06 13:13:43 INFO log.PerfLogger: <PERFLOG method=releaseLocks from=org.apache.hadoop.hive.ql.Driver>
15/09/06 13:13:43 INFO log.PerfLogger: </PERFLOG method=releaseLocks start=1441563223088 end=1441563223088 duration=0 from=org.apache.hadoop.hive.ql.Driver>
15/09/06 13:13:43 INFO log.PerfLogger: </PERFLOG method=Driver.run start=1441563223081 end=1441563223088 duration=7 from=org.apache.hadoop.hive.ql.Driver>
15/09/06 13:13:43 INFO service.HiveServer: Running the query: 

15/09/06 13:13:43 INFO builder.HiveShellTearable: Executing script: SET mapreduce.job.queuename=ddsw;
SET hive.exec.drop.ignorenonexistent=true;
SET hive.exec.dynamic.partition=true;
SET hive.exec.dynamic.partition.mode=nonstrict;

CREATE DATABASE IF NOT EXISTS ddsw_dev;

USE ddsw_dev;

CREATE EXTERNAL TABLE IF NOT EXISTS dealer_hierarchy_temp_data
(
  file_name string,
  gen_id string,
  dms_system string,
  dms_version string,
  transmit_ts string,
  orig_transmit_ts string,
  transmit_by string,
  record_status string,
  dealer_updt_ind string,
  store_number string,
  part_type string,
  store_name string,
  inventory_store_number string,
  cat_emrg_dealer_code string,
  cat_stock_dealer_code string,
  stock_replen_store_number string,
  stock_replen_lead_time string,
  lst_updt_ts string,
  orig_lst_updt_ts string,
  lst_updt_by_id string,
  file_ins_ts string,
  orig_file_ins_ts string,
  exp_stock_plan_lead_time string
)
PARTITIONED BY (dealer_code string)
ROW FORMAT DELIMITED FIELDS TERMINATED BY '|'
STORED AS
  INPUTFORMAT 'org.apache.hadoop.mapred.TextInputFormat'
  OUTPUTFORMAT 'org.apache.hadoop.hive.ql.io.HiveIgnoreKeyTextOutputFormat'
LOCATION '${hiveconf:hadoop.tmp.dir.uri}/dealer_hierarchy/temp_data'
TBLPROPERTIES ('serialization.null.format'='')
;

15/09/06 13:13:43 INFO service.HiveServer: Running the query: SET mapreduce.job.queuename=ddsw
15/09/06 13:13:43 INFO service.HiveServer: Putting temp output to file /var/folders/y7/4_pz5fzx54ngcmghz3v6t3m00000gn/T/junit9095267975545366152/localscratchdir/7673a442-3132-499a-910a-536c5f1bdff95927745948007700147.pipeout
15/09/06 13:13:43 INFO service.HiveServer: Running the query: 
SET hive.exec.drop.ignorenonexistent=true
15/09/06 13:13:43 INFO service.HiveServer: Putting temp output to file /var/folders/y7/4_pz5fzx54ngcmghz3v6t3m00000gn/T/junit9095267975545366152/localscratchdir/7673a442-3132-499a-910a-536c5f1bdff95927745948007700147.pipeout
15/09/06 13:13:43 INFO service.HiveServer: Running the query: 
SET hive.exec.dynamic.partition=true
15/09/06 13:13:43 INFO service.HiveServer: Putting temp output to file /var/folders/y7/4_pz5fzx54ngcmghz3v6t3m00000gn/T/junit9095267975545366152/localscratchdir/7673a442-3132-499a-910a-536c5f1bdff95927745948007700147.pipeout
15/09/06 13:13:43 INFO service.HiveServer: Running the query: 
SET hive.exec.dynamic.partition.mode=nonstrict
15/09/06 13:13:43 INFO service.HiveServer: Putting temp output to file /var/folders/y7/4_pz5fzx54ngcmghz3v6t3m00000gn/T/junit9095267975545366152/localscratchdir/7673a442-3132-499a-910a-536c5f1bdff95927745948007700147.pipeout
15/09/06 13:13:43 INFO service.HiveServer: Running the query: 

CREATE DATABASE IF NOT EXISTS ddsw_dev
15/09/06 13:13:43 INFO log.PerfLogger: <PERFLOG method=Driver.run from=org.apache.hadoop.hive.ql.Driver>
15/09/06 13:13:43 INFO log.PerfLogger: <PERFLOG method=TimeToSubmit from=org.apache.hadoop.hive.ql.Driver>
15/09/06 13:13:43 INFO ql.Driver: Concurrency mode is disabled, not creating a lock manager
15/09/06 13:13:43 INFO log.PerfLogger: <PERFLOG method=compile from=org.apache.hadoop.hive.ql.Driver>
15/09/06 13:13:43 INFO log.PerfLogger: <PERFLOG method=parse from=org.apache.hadoop.hive.ql.Driver>
15/09/06 13:13:43 INFO parse.ParseDriver: Parsing command: 

CREATE DATABASE IF NOT EXISTS ddsw_dev
15/09/06 13:13:43 INFO parse.ParseDriver: Parse Completed
15/09/06 13:13:43 INFO log.PerfLogger: </PERFLOG method=parse start=1441563223204 end=1441563223205 duration=1 from=org.apache.hadoop.hive.ql.Driver>
15/09/06 13:13:43 INFO log.PerfLogger: <PERFLOG method=semanticAnalyze from=org.apache.hadoop.hive.ql.Driver>
15/09/06 13:13:43 INFO ql.Driver: Semantic Analysis Completed
15/09/06 13:13:43 INFO log.PerfLogger: </PERFLOG method=semanticAnalyze start=1441563223205 end=1441563223206 duration=1 from=org.apache.hadoop.hive.ql.Driver>
15/09/06 13:13:43 INFO ql.Driver: Returning Hive schema: Schema(fieldSchemas:null, properties:null)
15/09/06 13:13:43 INFO log.PerfLogger: </PERFLOG method=compile start=1441563223203 end=1441563223207 duration=4 from=org.apache.hadoop.hive.ql.Driver>
15/09/06 13:13:43 INFO log.PerfLogger: <PERFLOG method=Driver.execute from=org.apache.hadoop.hive.ql.Driver>
15/09/06 13:13:43 INFO ql.Driver: Starting command: 

CREATE DATABASE IF NOT EXISTS ddsw_dev
15/09/06 13:13:43 INFO log.PerfLogger: </PERFLOG method=TimeToSubmit start=1441563223203 end=1441563223207 duration=4 from=org.apache.hadoop.hive.ql.Driver>
15/09/06 13:13:43 INFO log.PerfLogger: <PERFLOG method=runTasks from=org.apache.hadoop.hive.ql.Driver>
15/09/06 13:13:43 INFO log.PerfLogger: <PERFLOG method=task.DDL.Stage-0 from=org.apache.hadoop.hive.ql.Driver>
15/09/06 13:13:43 INFO metastore.HiveMetaStore: 0: create_database: Database(name:ddsw_dev, description:null, locationUri:null, parameters:null, ownerName:hpatel, ownerType:USER)
15/09/06 13:13:43 INFO HiveMetaStore.audit: ugi=hpatel	ip=unknown-ip-addr	cmd=create_database: Database(name:ddsw_dev, description:null, locationUri:null, parameters:null, ownerName:hpatel, ownerType:USER)	
15/09/06 13:13:43 INFO metastore.HiveMetaStore: 0: get_database: ddsw_dev
15/09/06 13:13:43 INFO HiveMetaStore.audit: ugi=hpatel	ip=unknown-ip-addr	cmd=get_database: ddsw_dev	
15/09/06 13:13:43 INFO common.FileUtils: Creating directory if it doesn't exist: file:/var/folders/y7/4_pz5fzx54ngcmghz3v6t3m00000gn/T/junit9095267975545366152/warehouse/ddsw_dev.db
15/09/06 13:13:43 INFO log.PerfLogger: </PERFLOG method=runTasks start=1441563223207 end=1441563223308 duration=101 from=org.apache.hadoop.hive.ql.Driver>
15/09/06 13:13:43 INFO log.PerfLogger: </PERFLOG method=Driver.execute start=1441563223207 end=1441563223308 duration=101 from=org.apache.hadoop.hive.ql.Driver>
OK
15/09/06 13:13:43 INFO ql.Driver: OK
15/09/06 13:13:43 INFO log.PerfLogger: <PERFLOG method=releaseLocks from=org.apache.hadoop.hive.ql.Driver>
15/09/06 13:13:43 INFO log.PerfLogger: </PERFLOG method=releaseLocks start=1441563223308 end=1441563223308 duration=0 from=org.apache.hadoop.hive.ql.Driver>
15/09/06 13:13:43 INFO log.PerfLogger: </PERFLOG method=Driver.run start=1441563223203 end=1441563223308 duration=105 from=org.apache.hadoop.hive.ql.Driver>
15/09/06 13:13:43 INFO service.HiveServer: Running the query: 

USE ddsw_dev
15/09/06 13:13:43 INFO log.PerfLogger: <PERFLOG method=Driver.run from=org.apache.hadoop.hive.ql.Driver>
15/09/06 13:13:43 INFO log.PerfLogger: <PERFLOG method=TimeToSubmit from=org.apache.hadoop.hive.ql.Driver>
15/09/06 13:13:43 INFO ql.Driver: Concurrency mode is disabled, not creating a lock manager
15/09/06 13:13:43 INFO log.PerfLogger: <PERFLOG method=compile from=org.apache.hadoop.hive.ql.Driver>
15/09/06 13:13:43 INFO log.PerfLogger: <PERFLOG method=parse from=org.apache.hadoop.hive.ql.Driver>
15/09/06 13:13:43 INFO parse.ParseDriver: Parsing command: 

USE ddsw_dev
15/09/06 13:13:43 INFO parse.ParseDriver: Parse Completed
15/09/06 13:13:43 INFO log.PerfLogger: </PERFLOG method=parse start=1441563223309 end=1441563223310 duration=1 from=org.apache.hadoop.hive.ql.Driver>
15/09/06 13:13:43 INFO log.PerfLogger: <PERFLOG method=semanticAnalyze from=org.apache.hadoop.hive.ql.Driver>
15/09/06 13:13:43 INFO ql.Driver: Semantic Analysis Completed
15/09/06 13:13:43 INFO log.PerfLogger: </PERFLOG method=semanticAnalyze start=1441563223310 end=1441563223311 duration=1 from=org.apache.hadoop.hive.ql.Driver>
15/09/06 13:13:43 INFO ql.Driver: Returning Hive schema: Schema(fieldSchemas:null, properties:null)
15/09/06 13:13:43 INFO log.PerfLogger: </PERFLOG method=compile start=1441563223309 end=1441563223311 duration=2 from=org.apache.hadoop.hive.ql.Driver>
15/09/06 13:13:43 INFO log.PerfLogger: <PERFLOG method=Driver.execute from=org.apache.hadoop.hive.ql.Driver>
15/09/06 13:13:43 INFO ql.Driver: Starting command: 

USE ddsw_dev
15/09/06 13:13:43 INFO log.PerfLogger: </PERFLOG method=TimeToSubmit start=1441563223309 end=1441563223312 duration=3 from=org.apache.hadoop.hive.ql.Driver>
15/09/06 13:13:43 INFO log.PerfLogger: <PERFLOG method=runTasks from=org.apache.hadoop.hive.ql.Driver>
15/09/06 13:13:43 INFO log.PerfLogger: <PERFLOG method=task.DDL.Stage-0 from=org.apache.hadoop.hive.ql.Driver>
15/09/06 13:13:43 INFO metastore.HiveMetaStore: 0: get_database: ddsw_dev
15/09/06 13:13:43 INFO HiveMetaStore.audit: ugi=hpatel	ip=unknown-ip-addr	cmd=get_database: ddsw_dev	
15/09/06 13:13:43 INFO metastore.HiveMetaStore: 0: get_database: ddsw_dev
15/09/06 13:13:43 INFO HiveMetaStore.audit: ugi=hpatel	ip=unknown-ip-addr	cmd=get_database: ddsw_dev	
15/09/06 13:13:43 INFO log.PerfLogger: </PERFLOG method=runTasks start=1441563223312 end=1441563223317 duration=5 from=org.apache.hadoop.hive.ql.Driver>
15/09/06 13:13:43 INFO log.PerfLogger: </PERFLOG method=Driver.execute start=1441563223312 end=1441563223317 duration=5 from=org.apache.hadoop.hive.ql.Driver>
OK
15/09/06 13:13:43 INFO ql.Driver: OK
15/09/06 13:13:43 INFO log.PerfLogger: <PERFLOG method=releaseLocks from=org.apache.hadoop.hive.ql.Driver>
15/09/06 13:13:43 INFO log.PerfLogger: </PERFLOG method=releaseLocks start=1441563223317 end=1441563223318 duration=1 from=org.apache.hadoop.hive.ql.Driver>
15/09/06 13:13:43 INFO log.PerfLogger: </PERFLOG method=Driver.run start=1441563223309 end=1441563223318 duration=9 from=org.apache.hadoop.hive.ql.Driver>
15/09/06 13:13:43 INFO service.HiveServer: Running the query: 

CREATE EXTERNAL TABLE IF NOT EXISTS dealer_hierarchy_temp_data
(
  file_name string,
  gen_id string,
  dms_system string,
  dms_version string,
  transmit_ts string,
  orig_transmit_ts string,
  transmit_by string,
  record_status string,
  dealer_updt_ind string,
  store_number string,
  part_type string,
  store_name string,
  inventory_store_number string,
  cat_emrg_dealer_code string,
  cat_stock_dealer_code string,
  stock_replen_store_number string,
  stock_replen_lead_time string,
  lst_updt_ts string,
  orig_lst_updt_ts string,
  lst_updt_by_id string,
  file_ins_ts string,
  orig_file_ins_ts string,
  exp_stock_plan_lead_time string
)
PARTITIONED BY (dealer_code string)
ROW FORMAT DELIMITED FIELDS TERMINATED BY '|'
STORED AS
  INPUTFORMAT 'org.apache.hadoop.mapred.TextInputFormat'
  OUTPUTFORMAT 'org.apache.hadoop.hive.ql.io.HiveIgnoreKeyTextOutputFormat'
LOCATION '${hiveconf:hadoop.tmp.dir.uri}/dealer_hierarchy/temp_data'
TBLPROPERTIES ('serialization.null.format'='')

15/09/06 13:13:43 INFO log.PerfLogger: <PERFLOG method=Driver.run from=org.apache.hadoop.hive.ql.Driver>
15/09/06 13:13:43 INFO log.PerfLogger: <PERFLOG method=TimeToSubmit from=org.apache.hadoop.hive.ql.Driver>
15/09/06 13:13:43 INFO ql.Driver: Concurrency mode is disabled, not creating a lock manager
15/09/06 13:13:43 INFO log.PerfLogger: <PERFLOG method=compile from=org.apache.hadoop.hive.ql.Driver>
15/09/06 13:13:43 INFO log.PerfLogger: <PERFLOG method=parse from=org.apache.hadoop.hive.ql.Driver>
15/09/06 13:13:43 INFO parse.ParseDriver: Parsing command: 

CREATE EXTERNAL TABLE IF NOT EXISTS dealer_hierarchy_temp_data
(
  file_name string,
  gen_id string,
  dms_system string,
  dms_version string,
  transmit_ts string,
  orig_transmit_ts string,
  transmit_by string,
  record_status string,
  dealer_updt_ind string,
  store_number string,
  part_type string,
  store_name string,
  inventory_store_number string,
  cat_emrg_dealer_code string,
  cat_stock_dealer_code string,
  stock_replen_store_number string,
  stock_replen_lead_time string,
  lst_updt_ts string,
  orig_lst_updt_ts string,
  lst_updt_by_id string,
  file_ins_ts string,
  orig_file_ins_ts string,
  exp_stock_plan_lead_time string
)
PARTITIONED BY (dealer_code string)
ROW FORMAT DELIMITED FIELDS TERMINATED BY '|'
STORED AS
  INPUTFORMAT 'org.apache.hadoop.mapred.TextInputFormat'
  OUTPUTFORMAT 'org.apache.hadoop.hive.ql.io.HiveIgnoreKeyTextOutputFormat'
LOCATION 'file:///var/folders/y7/4_pz5fzx54ngcmghz3v6t3m00000gn/T/junit9095267975545366152/hadooptmp//dealer_hierarchy/temp_data'
TBLPROPERTIES ('serialization.null.format'='')

15/09/06 13:13:43 INFO parse.ParseDriver: Parse Completed
15/09/06 13:13:43 INFO log.PerfLogger: </PERFLOG method=parse start=1441563223319 end=1441563223334 duration=15 from=org.apache.hadoop.hive.ql.Driver>
15/09/06 13:13:43 INFO log.PerfLogger: <PERFLOG method=semanticAnalyze from=org.apache.hadoop.hive.ql.Driver>
15/09/06 13:13:43 INFO parse.SemanticAnalyzer: Starting Semantic Analysis
15/09/06 13:13:43 INFO parse.SemanticAnalyzer: Creating table dealer_hierarchy_temp_data position=36
15/09/06 13:13:43 INFO metastore.HiveMetaStore: 0: get_table : db=ddsw_dev tbl=dealer_hierarchy_temp_data
15/09/06 13:13:43 INFO HiveMetaStore.audit: ugi=hpatel	ip=unknown-ip-addr	cmd=get_table : db=ddsw_dev tbl=dealer_hierarchy_temp_data	
15/09/06 13:13:43 INFO metastore.HiveMetaStore: 0: get_database: ddsw_dev
15/09/06 13:13:43 INFO HiveMetaStore.audit: ugi=hpatel	ip=unknown-ip-addr	cmd=get_database: ddsw_dev	
15/09/06 13:13:43 INFO ql.Driver: Semantic Analysis Completed
15/09/06 13:13:43 INFO log.PerfLogger: </PERFLOG method=semanticAnalyze start=1441563223334 end=1441563223376 duration=42 from=org.apache.hadoop.hive.ql.Driver>
15/09/06 13:13:43 INFO ql.Driver: Returning Hive schema: Schema(fieldSchemas:null, properties:null)
15/09/06 13:13:43 INFO log.PerfLogger: </PERFLOG method=compile start=1441563223319 end=1441563223376 duration=57 from=org.apache.hadoop.hive.ql.Driver>
15/09/06 13:13:43 INFO log.PerfLogger: <PERFLOG method=Driver.execute from=org.apache.hadoop.hive.ql.Driver>
15/09/06 13:13:43 INFO ql.Driver: Starting command: 

CREATE EXTERNAL TABLE IF NOT EXISTS dealer_hierarchy_temp_data
(
  file_name string,
  gen_id string,
  dms_system string,
  dms_version string,
  transmit_ts string,
  orig_transmit_ts string,
  transmit_by string,
  record_status string,
  dealer_updt_ind string,
  store_number string,
  part_type string,
  store_name string,
  inventory_store_number string,
  cat_emrg_dealer_code string,
  cat_stock_dealer_code string,
  stock_replen_store_number string,
  stock_replen_lead_time string,
  lst_updt_ts string,
  orig_lst_updt_ts string,
  lst_updt_by_id string,
  file_ins_ts string,
  orig_file_ins_ts string,
  exp_stock_plan_lead_time string
)
PARTITIONED BY (dealer_code string)
ROW FORMAT DELIMITED FIELDS TERMINATED BY '|'
STORED AS
  INPUTFORMAT 'org.apache.hadoop.mapred.TextInputFormat'
  OUTPUTFORMAT 'org.apache.hadoop.hive.ql.io.HiveIgnoreKeyTextOutputFormat'
LOCATION 'file:///var/folders/y7/4_pz5fzx54ngcmghz3v6t3m00000gn/T/junit9095267975545366152/hadooptmp//dealer_hierarchy/temp_data'
TBLPROPERTIES ('serialization.null.format'='')

15/09/06 13:13:43 INFO log.PerfLogger: </PERFLOG method=TimeToSubmit start=1441563223319 end=1441563223377 duration=58 from=org.apache.hadoop.hive.ql.Driver>
15/09/06 13:13:43 INFO log.PerfLogger: <PERFLOG method=runTasks from=org.apache.hadoop.hive.ql.Driver>
15/09/06 13:13:43 INFO log.PerfLogger: <PERFLOG method=task.DDL.Stage-0 from=org.apache.hadoop.hive.ql.Driver>
15/09/06 13:13:43 INFO exec.DDLTask: Default to LazySimpleSerDe for table dealer_hierarchy_temp_data
15/09/06 13:13:43 INFO metastore.HiveMetaStore: 0: create_table: Table(tableName:dealer_hierarchy_temp_data, dbName:ddsw_dev, owner:hpatel, createTime:1441563223, lastAccessTime:0, retention:0, sd:StorageDescriptor(cols:[FieldSchema(name:file_name, type:string, comment:null), FieldSchema(name:gen_id, type:string, comment:null), FieldSchema(name:dms_system, type:string, comment:null), FieldSchema(name:dms_version, type:string, comment:null), FieldSchema(name:transmit_ts, type:string, comment:null), FieldSchema(name:orig_transmit_ts, type:string, comment:null), FieldSchema(name:transmit_by, type:string, comment:null), FieldSchema(name:record_status, type:string, comment:null), FieldSchema(name:dealer_updt_ind, type:string, comment:null), FieldSchema(name:store_number, type:string, comment:null), FieldSchema(name:part_type, type:string, comment:null), FieldSchema(name:store_name, type:string, comment:null), FieldSchema(name:inventory_store_number, type:string, comment:null), FieldSchema(name:cat_emrg_dealer_code, type:string, comment:null), FieldSchema(name:cat_stock_dealer_code, type:string, comment:null), FieldSchema(name:stock_replen_store_number, type:string, comment:null), FieldSchema(name:stock_replen_lead_time, type:string, comment:null), FieldSchema(name:lst_updt_ts, type:string, comment:null), FieldSchema(name:orig_lst_updt_ts, type:string, comment:null), FieldSchema(name:lst_updt_by_id, type:string, comment:null), FieldSchema(name:file_ins_ts, type:string, comment:null), FieldSchema(name:orig_file_ins_ts, type:string, comment:null), FieldSchema(name:exp_stock_plan_lead_time, type:string, comment:null)], location:file:/var/folders/y7/4_pz5fzx54ngcmghz3v6t3m00000gn/T/junit9095267975545366152/hadooptmp/dealer_hierarchy/temp_data, inputFormat:org.apache.hadoop.mapred.TextInputFormat, outputFormat:org.apache.hadoop.hive.ql.io.HiveIgnoreKeyTextOutputFormat, compressed:false, numBuckets:-1, serdeInfo:SerDeInfo(name:null, serializationLib:org.apache.hadoop.hive.serde2.lazy.LazySimpleSerDe, parameters:{serialization.format=|, field.delim=|}), bucketCols:[], sortCols:[], parameters:{}, skewedInfo:SkewedInfo(skewedColNames:[], skewedColValues:[], skewedColValueLocationMaps:{}), storedAsSubDirectories:false), partitionKeys:[FieldSchema(name:dealer_code, type:string, comment:null)], parameters:{EXTERNAL=TRUE, serialization.null.format=}, viewOriginalText:null, viewExpandedText:null, tableType:EXTERNAL_TABLE)
15/09/06 13:13:43 INFO HiveMetaStore.audit: ugi=hpatel	ip=unknown-ip-addr	cmd=create_table: Table(tableName:dealer_hierarchy_temp_data, dbName:ddsw_dev, owner:hpatel, createTime:1441563223, lastAccessTime:0, retention:0, sd:StorageDescriptor(cols:[FieldSchema(name:file_name, type:string, comment:null), FieldSchema(name:gen_id, type:string, comment:null), FieldSchema(name:dms_system, type:string, comment:null), FieldSchema(name:dms_version, type:string, comment:null), FieldSchema(name:transmit_ts, type:string, comment:null), FieldSchema(name:orig_transmit_ts, type:string, comment:null), FieldSchema(name:transmit_by, type:string, comment:null), FieldSchema(name:record_status, type:string, comment:null), FieldSchema(name:dealer_updt_ind, type:string, comment:null), FieldSchema(name:store_number, type:string, comment:null), FieldSchema(name:part_type, type:string, comment:null), FieldSchema(name:store_name, type:string, comment:null), FieldSchema(name:inventory_store_number, type:string, comment:null), FieldSchema(name:cat_emrg_dealer_code, type:string, comment:null), FieldSchema(name:cat_stock_dealer_code, type:string, comment:null), FieldSchema(name:stock_replen_store_number, type:string, comment:null), FieldSchema(name:stock_replen_lead_time, type:string, comment:null), FieldSchema(name:lst_updt_ts, type:string, comment:null), FieldSchema(name:orig_lst_updt_ts, type:string, comment:null), FieldSchema(name:lst_updt_by_id, type:string, comment:null), FieldSchema(name:file_ins_ts, type:string, comment:null), FieldSchema(name:orig_file_ins_ts, type:string, comment:null), FieldSchema(name:exp_stock_plan_lead_time, type:string, comment:null)], location:file:/var/folders/y7/4_pz5fzx54ngcmghz3v6t3m00000gn/T/junit9095267975545366152/hadooptmp/dealer_hierarchy/temp_data, inputFormat:org.apache.hadoop.mapred.TextInputFormat, outputFormat:org.apache.hadoop.hive.ql.io.HiveIgnoreKeyTextOutputFormat, compressed:false, numBuckets:-1, serdeInfo:SerDeInfo(name:null, serializationLib:org.apache.hadoop.hive.serde2.lazy.LazySimpleSerDe, parameters:{serialization.format=|, field.delim=|}), bucketCols:[], sortCols:[], parameters:{}, skewedInfo:SkewedInfo(skewedColNames:[], skewedColValues:[], skewedColValueLocationMaps:{}), storedAsSubDirectories:false), partitionKeys:[FieldSchema(name:dealer_code, type:string, comment:null)], parameters:{EXTERNAL=TRUE, serialization.null.format=}, viewOriginalText:null, viewExpandedText:null, tableType:EXTERNAL_TABLE)	
15/09/06 13:13:43 INFO common.FileUtils: Creating directory if it doesn't exist: file:/var/folders/y7/4_pz5fzx54ngcmghz3v6t3m00000gn/T/junit9095267975545366152/hadooptmp/dealer_hierarchy/temp_data
15/09/06 13:13:43 INFO log.PerfLogger: </PERFLOG method=runTasks start=1441563223377 end=1441563223471 duration=94 from=org.apache.hadoop.hive.ql.Driver>
15/09/06 13:13:43 INFO log.PerfLogger: </PERFLOG method=Driver.execute start=1441563223376 end=1441563223471 duration=95 from=org.apache.hadoop.hive.ql.Driver>
OK
15/09/06 13:13:43 INFO ql.Driver: OK
15/09/06 13:13:43 INFO log.PerfLogger: <PERFLOG method=releaseLocks from=org.apache.hadoop.hive.ql.Driver>
15/09/06 13:13:43 INFO log.PerfLogger: </PERFLOG method=releaseLocks start=1441563223471 end=1441563223472 duration=1 from=org.apache.hadoop.hive.ql.Driver>
15/09/06 13:13:43 INFO log.PerfLogger: </PERFLOG method=Driver.run start=1441563223318 end=1441563223472 duration=154 from=org.apache.hadoop.hive.ql.Driver>
15/09/06 13:13:43 INFO service.HiveServer: Running the query: 

15/09/06 13:13:43 INFO builder.HiveShellTearable: Executing script: SET mapreduce.job.queuename=ddsw;
SET hive.exec.drop.ignorenonexistent=true;
SET hive.exec.dynamic.partition=true;
SET hive.exec.dynamic.partition.mode=nonstrict;

USE ddsw_dev;

CREATE EXTERNAL TABLE DEALER_HIERARCHY_CORE
    PARTITIONED BY (dealer_code string)
    ROW FORMAT SERDE 'org.apache.hadoop.hive.serde2.avro.AvroSerDe'
    WITH SERDEPROPERTIES
    (
        'avro.schema.url'='./src/test/resources/dealer_hierarchy/schema/DEALER_HIERARCHY_CORE.avsc'
    )
    STORED AS
        INPUTFORMAT 'org.apache.hadoop.hive.ql.io.avro.AvroContainerInputFormat'
        OUTPUTFORMAT 'org.apache.hadoop.hive.ql.io.avro.AvroContainerOutputFormat'
    LOCATION '${hiveconf:hadoop.tmp.dir.uri}/dealer_hierarchy/core_data';

15/09/06 13:13:43 INFO service.HiveServer: Running the query: SET mapreduce.job.queuename=ddsw
15/09/06 13:13:43 INFO service.HiveServer: Putting temp output to file /var/folders/y7/4_pz5fzx54ngcmghz3v6t3m00000gn/T/junit9095267975545366152/localscratchdir/7673a442-3132-499a-910a-536c5f1bdff95927745948007700147.pipeout
15/09/06 13:13:43 INFO service.HiveServer: Running the query: 
SET hive.exec.drop.ignorenonexistent=true
15/09/06 13:13:43 INFO service.HiveServer: Putting temp output to file /var/folders/y7/4_pz5fzx54ngcmghz3v6t3m00000gn/T/junit9095267975545366152/localscratchdir/7673a442-3132-499a-910a-536c5f1bdff95927745948007700147.pipeout
15/09/06 13:13:43 INFO service.HiveServer: Running the query: 
SET hive.exec.dynamic.partition=true
15/09/06 13:13:43 INFO service.HiveServer: Putting temp output to file /var/folders/y7/4_pz5fzx54ngcmghz3v6t3m00000gn/T/junit9095267975545366152/localscratchdir/7673a442-3132-499a-910a-536c5f1bdff95927745948007700147.pipeout
15/09/06 13:13:43 INFO service.HiveServer: Running the query: 
SET hive.exec.dynamic.partition.mode=nonstrict
15/09/06 13:13:43 INFO service.HiveServer: Putting temp output to file /var/folders/y7/4_pz5fzx54ngcmghz3v6t3m00000gn/T/junit9095267975545366152/localscratchdir/7673a442-3132-499a-910a-536c5f1bdff95927745948007700147.pipeout
15/09/06 13:13:43 INFO service.HiveServer: Running the query: 

USE ddsw_dev
15/09/06 13:13:43 INFO log.PerfLogger: <PERFLOG method=Driver.run from=org.apache.hadoop.hive.ql.Driver>
15/09/06 13:13:43 INFO log.PerfLogger: <PERFLOG method=TimeToSubmit from=org.apache.hadoop.hive.ql.Driver>
15/09/06 13:13:43 INFO ql.Driver: Concurrency mode is disabled, not creating a lock manager
15/09/06 13:13:43 INFO log.PerfLogger: <PERFLOG method=compile from=org.apache.hadoop.hive.ql.Driver>
15/09/06 13:13:43 INFO log.PerfLogger: <PERFLOG method=parse from=org.apache.hadoop.hive.ql.Driver>
15/09/06 13:13:43 INFO parse.ParseDriver: Parsing command: 

USE ddsw_dev
15/09/06 13:13:43 INFO parse.ParseDriver: Parse Completed
15/09/06 13:13:43 INFO log.PerfLogger: </PERFLOG method=parse start=1441563223592 end=1441563223593 duration=1 from=org.apache.hadoop.hive.ql.Driver>
15/09/06 13:13:43 INFO log.PerfLogger: <PERFLOG method=semanticAnalyze from=org.apache.hadoop.hive.ql.Driver>
15/09/06 13:13:43 INFO ql.Driver: Semantic Analysis Completed
15/09/06 13:13:43 INFO log.PerfLogger: </PERFLOG method=semanticAnalyze start=1441563223593 end=1441563223593 duration=0 from=org.apache.hadoop.hive.ql.Driver>
15/09/06 13:13:43 INFO ql.Driver: Returning Hive schema: Schema(fieldSchemas:null, properties:null)
15/09/06 13:13:43 INFO log.PerfLogger: </PERFLOG method=compile start=1441563223592 end=1441563223594 duration=2 from=org.apache.hadoop.hive.ql.Driver>
15/09/06 13:13:43 INFO log.PerfLogger: <PERFLOG method=Driver.execute from=org.apache.hadoop.hive.ql.Driver>
15/09/06 13:13:43 INFO ql.Driver: Starting command: 

USE ddsw_dev
15/09/06 13:13:43 INFO log.PerfLogger: </PERFLOG method=TimeToSubmit start=1441563223592 end=1441563223594 duration=2 from=org.apache.hadoop.hive.ql.Driver>
15/09/06 13:13:43 INFO log.PerfLogger: <PERFLOG method=runTasks from=org.apache.hadoop.hive.ql.Driver>
15/09/06 13:13:43 INFO log.PerfLogger: <PERFLOG method=task.DDL.Stage-0 from=org.apache.hadoop.hive.ql.Driver>
15/09/06 13:13:43 INFO metastore.HiveMetaStore: 0: get_database: ddsw_dev
15/09/06 13:13:43 INFO HiveMetaStore.audit: ugi=hpatel	ip=unknown-ip-addr	cmd=get_database: ddsw_dev	
15/09/06 13:13:43 INFO metastore.HiveMetaStore: 0: get_database: ddsw_dev
15/09/06 13:13:43 INFO HiveMetaStore.audit: ugi=hpatel	ip=unknown-ip-addr	cmd=get_database: ddsw_dev	
15/09/06 13:13:43 INFO log.PerfLogger: </PERFLOG method=runTasks start=1441563223594 end=1441563223599 duration=5 from=org.apache.hadoop.hive.ql.Driver>
15/09/06 13:13:43 INFO log.PerfLogger: </PERFLOG method=Driver.execute start=1441563223594 end=1441563223600 duration=6 from=org.apache.hadoop.hive.ql.Driver>
OK
15/09/06 13:13:43 INFO ql.Driver: OK
15/09/06 13:13:43 INFO log.PerfLogger: <PERFLOG method=releaseLocks from=org.apache.hadoop.hive.ql.Driver>
15/09/06 13:13:43 INFO log.PerfLogger: </PERFLOG method=releaseLocks start=1441563223600 end=1441563223600 duration=0 from=org.apache.hadoop.hive.ql.Driver>
15/09/06 13:13:43 INFO log.PerfLogger: </PERFLOG method=Driver.run start=1441563223592 end=1441563223600 duration=8 from=org.apache.hadoop.hive.ql.Driver>
15/09/06 13:13:43 INFO service.HiveServer: Running the query: 

CREATE EXTERNAL TABLE DEALER_HIERARCHY_CORE
    PARTITIONED BY (dealer_code string)
    ROW FORMAT SERDE 'org.apache.hadoop.hive.serde2.avro.AvroSerDe'
    WITH SERDEPROPERTIES
    (
        'avro.schema.url'='./src/test/resources/dealer_hierarchy/schema/DEALER_HIERARCHY_CORE.avsc'
    )
    STORED AS
        INPUTFORMAT 'org.apache.hadoop.hive.ql.io.avro.AvroContainerInputFormat'
        OUTPUTFORMAT 'org.apache.hadoop.hive.ql.io.avro.AvroContainerOutputFormat'
    LOCATION '${hiveconf:hadoop.tmp.dir.uri}/dealer_hierarchy/core_data'
15/09/06 13:13:43 INFO log.PerfLogger: <PERFLOG method=Driver.run from=org.apache.hadoop.hive.ql.Driver>
15/09/06 13:13:43 INFO log.PerfLogger: <PERFLOG method=TimeToSubmit from=org.apache.hadoop.hive.ql.Driver>
15/09/06 13:13:43 INFO ql.Driver: Concurrency mode is disabled, not creating a lock manager
15/09/06 13:13:43 INFO log.PerfLogger: <PERFLOG method=compile from=org.apache.hadoop.hive.ql.Driver>
15/09/06 13:13:43 INFO log.PerfLogger: <PERFLOG method=parse from=org.apache.hadoop.hive.ql.Driver>
15/09/06 13:13:43 INFO parse.ParseDriver: Parsing command: 

CREATE EXTERNAL TABLE DEALER_HIERARCHY_CORE
    PARTITIONED BY (dealer_code string)
    ROW FORMAT SERDE 'org.apache.hadoop.hive.serde2.avro.AvroSerDe'
    WITH SERDEPROPERTIES
    (
        'avro.schema.url'='./src/test/resources/dealer_hierarchy/schema/DEALER_HIERARCHY_CORE.avsc'
    )
    STORED AS
        INPUTFORMAT 'org.apache.hadoop.hive.ql.io.avro.AvroContainerInputFormat'
        OUTPUTFORMAT 'org.apache.hadoop.hive.ql.io.avro.AvroContainerOutputFormat'
    LOCATION 'file:///var/folders/y7/4_pz5fzx54ngcmghz3v6t3m00000gn/T/junit9095267975545366152/hadooptmp//dealer_hierarchy/core_data'
15/09/06 13:13:43 INFO parse.ParseDriver: Parse Completed
15/09/06 13:13:43 INFO log.PerfLogger: </PERFLOG method=parse start=1441563223601 end=1441563223604 duration=3 from=org.apache.hadoop.hive.ql.Driver>
15/09/06 13:13:43 INFO log.PerfLogger: <PERFLOG method=semanticAnalyze from=org.apache.hadoop.hive.ql.Driver>
15/09/06 13:13:43 INFO parse.SemanticAnalyzer: Starting Semantic Analysis
15/09/06 13:13:43 INFO parse.SemanticAnalyzer: Creating table DEALER_HIERARCHY_CORE position=22
15/09/06 13:13:43 INFO metastore.HiveMetaStore: 0: get_database: ddsw_dev
15/09/06 13:13:43 INFO HiveMetaStore.audit: ugi=hpatel	ip=unknown-ip-addr	cmd=get_database: ddsw_dev	
15/09/06 13:13:43 INFO ql.Driver: Semantic Analysis Completed
15/09/06 13:13:43 INFO log.PerfLogger: </PERFLOG method=semanticAnalyze start=1441563223604 end=1441563223608 duration=4 from=org.apache.hadoop.hive.ql.Driver>
15/09/06 13:13:43 INFO ql.Driver: Returning Hive schema: Schema(fieldSchemas:null, properties:null)
15/09/06 13:13:43 INFO log.PerfLogger: </PERFLOG method=compile start=1441563223601 end=1441563223609 duration=8 from=org.apache.hadoop.hive.ql.Driver>
15/09/06 13:13:43 INFO log.PerfLogger: <PERFLOG method=Driver.execute from=org.apache.hadoop.hive.ql.Driver>
15/09/06 13:13:43 INFO ql.Driver: Starting command: 

CREATE EXTERNAL TABLE DEALER_HIERARCHY_CORE
    PARTITIONED BY (dealer_code string)
    ROW FORMAT SERDE 'org.apache.hadoop.hive.serde2.avro.AvroSerDe'
    WITH SERDEPROPERTIES
    (
        'avro.schema.url'='./src/test/resources/dealer_hierarchy/schema/DEALER_HIERARCHY_CORE.avsc'
    )
    STORED AS
        INPUTFORMAT 'org.apache.hadoop.hive.ql.io.avro.AvroContainerInputFormat'
        OUTPUTFORMAT 'org.apache.hadoop.hive.ql.io.avro.AvroContainerOutputFormat'
    LOCATION 'file:///var/folders/y7/4_pz5fzx54ngcmghz3v6t3m00000gn/T/junit9095267975545366152/hadooptmp//dealer_hierarchy/core_data'
15/09/06 13:13:43 INFO log.PerfLogger: </PERFLOG method=TimeToSubmit start=1441563223600 end=1441563223609 duration=9 from=org.apache.hadoop.hive.ql.Driver>
15/09/06 13:13:43 INFO log.PerfLogger: <PERFLOG method=runTasks from=org.apache.hadoop.hive.ql.Driver>
15/09/06 13:13:43 INFO log.PerfLogger: <PERFLOG method=task.DDL.Stage-0 from=org.apache.hadoop.hive.ql.Driver>
15/09/06 13:13:43 INFO avro.AvroSerDe: Avro schema is {"type":"record","name":"DEALER_HIERARCHY_CORE","doc":"Sqoop import of DEALER_HIERARCHY","fields":[{"name":"File_Name","type":["string","null"],"columnName":"File_Name"},{"name":"GEN_ID","type":["string","null"],"columnName":"GEN_ID"},{"name":"DMS_SYSTEM","type":["string","null"],"columnName":"DMS_SYSTEM"},{"name":"DMS_VERSION","type":["string","null"],"columnName":"DMS_VERSION"},{"name":"TRANSMIT_TS","type":["string","null"],"columnName":"TRANSMIT_TS"},{"name":"ORIG_TRANSMIT_TS","type":["string","null"],"columnName":"TRANSMIT_TS"},{"name":"TRANSMIT_BY","type":["string","null"],"columnName":"TRANSMIT_BY"},{"name":"RECORD_STATUS","type":["string","null"],"columnName":"RECORD_STATUS"},{"name":"DEALER_UPDT_IND","type":["string","null"],"columnName":"DEALER_UPDT_IND","sqlType":"1"},{"name":"STORE_NUMBER","type":["string","null"],"columnName":"STORE_NUMBER"},{"name":"PART_TYPE","type":["string","null"],"columnName":"PART_TYPE"},{"name":"STORE_NAME","type":["string","null"],"columnName":"STORE_NAME"},{"name":"INVENTORY_STORE_NUMBER","type":["string","null"],"columnName":"INVENTORY_STORE_NUMBER"},{"name":"CAT_EMRG_DEALER_CODE","type":["string","null"],"columnName":"CAT_EMRG_DEALER_CODE"},{"name":"CAT_STOCK_DEALER_CODE","type":["string","null"],"columnName":"CAT_STOCK_DEALER_CODE"},{"name":"STOCK_REPLEN_STORE_NUMBER","type":["string","null"],"columnName":"STOCK_REPLEN_STORE_NUMBER"},{"name":"STOCK_REPLEN_LEAD_TIME","type":["string","null"],"columnName":"STOCK_REPLEN_LEAD_TIME"},{"name":"LST_UPDT_TS","type":["string","null"],"columnName":"LST_UPDT_TS"},{"name":"ORIG_LST_UPDT_TS","type":["string","null"],"columnName":"ORIG_LST_UPDT_TS"},{"name":"LST_UPDT_BY_ID","type":["string","null"],"columnName":"LST_UPDT_BY_ID"},{"name":"FILE_INS_TS","type":["string","null"],"columnName":"FILE_INS_TS"},{"name":"ORIG_FILE_INS_TS","type":["string","null"],"columnName":"ORIG_FILE_INS_TS"},{"name":"EXP_STOCK_PLAN_LEAD_TIME","type":["string","null"],"columnName":"EXP_STOCK_PLAN_LEAD_TIME"}],"tableName":"DEALER_HIERARCHY_CORE"}
15/09/06 13:13:43 INFO avro.AvroSerDe: Avro schema is {"type":"record","name":"DEALER_HIERARCHY_CORE","doc":"Sqoop import of DEALER_HIERARCHY","fields":[{"name":"File_Name","type":["string","null"],"columnName":"File_Name"},{"name":"GEN_ID","type":["string","null"],"columnName":"GEN_ID"},{"name":"DMS_SYSTEM","type":["string","null"],"columnName":"DMS_SYSTEM"},{"name":"DMS_VERSION","type":["string","null"],"columnName":"DMS_VERSION"},{"name":"TRANSMIT_TS","type":["string","null"],"columnName":"TRANSMIT_TS"},{"name":"ORIG_TRANSMIT_TS","type":["string","null"],"columnName":"TRANSMIT_TS"},{"name":"TRANSMIT_BY","type":["string","null"],"columnName":"TRANSMIT_BY"},{"name":"RECORD_STATUS","type":["string","null"],"columnName":"RECORD_STATUS"},{"name":"DEALER_UPDT_IND","type":["string","null"],"columnName":"DEALER_UPDT_IND","sqlType":"1"},{"name":"STORE_NUMBER","type":["string","null"],"columnName":"STORE_NUMBER"},{"name":"PART_TYPE","type":["string","null"],"columnName":"PART_TYPE"},{"name":"STORE_NAME","type":["string","null"],"columnName":"STORE_NAME"},{"name":"INVENTORY_STORE_NUMBER","type":["string","null"],"columnName":"INVENTORY_STORE_NUMBER"},{"name":"CAT_EMRG_DEALER_CODE","type":["string","null"],"columnName":"CAT_EMRG_DEALER_CODE"},{"name":"CAT_STOCK_DEALER_CODE","type":["string","null"],"columnName":"CAT_STOCK_DEALER_CODE"},{"name":"STOCK_REPLEN_STORE_NUMBER","type":["string","null"],"columnName":"STOCK_REPLEN_STORE_NUMBER"},{"name":"STOCK_REPLEN_LEAD_TIME","type":["string","null"],"columnName":"STOCK_REPLEN_LEAD_TIME"},{"name":"LST_UPDT_TS","type":["string","null"],"columnName":"LST_UPDT_TS"},{"name":"ORIG_LST_UPDT_TS","type":["string","null"],"columnName":"ORIG_LST_UPDT_TS"},{"name":"LST_UPDT_BY_ID","type":["string","null"],"columnName":"LST_UPDT_BY_ID"},{"name":"FILE_INS_TS","type":["string","null"],"columnName":"FILE_INS_TS"},{"name":"ORIG_FILE_INS_TS","type":["string","null"],"columnName":"ORIG_FILE_INS_TS"},{"name":"EXP_STOCK_PLAN_LEAD_TIME","type":["string","null"],"columnName":"EXP_STOCK_PLAN_LEAD_TIME"}],"tableName":"DEALER_HIERARCHY_CORE"}
15/09/06 13:13:43 INFO metastore.HiveMetaStore: 0: create_table: Table(tableName:DEALER_HIERARCHY_CORE, dbName:ddsw_dev, owner:hpatel, createTime:1441563223, lastAccessTime:0, retention:0, sd:StorageDescriptor(cols:[FieldSchema(name:file_name, type:string, comment:from deserializer), FieldSchema(name:gen_id, type:string, comment:from deserializer), FieldSchema(name:dms_system, type:string, comment:from deserializer), FieldSchema(name:dms_version, type:string, comment:from deserializer), FieldSchema(name:transmit_ts, type:string, comment:from deserializer), FieldSchema(name:orig_transmit_ts, type:string, comment:from deserializer), FieldSchema(name:transmit_by, type:string, comment:from deserializer), FieldSchema(name:record_status, type:string, comment:from deserializer), FieldSchema(name:dealer_updt_ind, type:string, comment:from deserializer), FieldSchema(name:store_number, type:string, comment:from deserializer), FieldSchema(name:part_type, type:string, comment:from deserializer), FieldSchema(name:store_name, type:string, comment:from deserializer), FieldSchema(name:inventory_store_number, type:string, comment:from deserializer), FieldSchema(name:cat_emrg_dealer_code, type:string, comment:from deserializer), FieldSchema(name:cat_stock_dealer_code, type:string, comment:from deserializer), FieldSchema(name:stock_replen_store_number, type:string, comment:from deserializer), FieldSchema(name:stock_replen_lead_time, type:string, comment:from deserializer), FieldSchema(name:lst_updt_ts, type:string, comment:from deserializer), FieldSchema(name:orig_lst_updt_ts, type:string, comment:from deserializer), FieldSchema(name:lst_updt_by_id, type:string, comment:from deserializer), FieldSchema(name:file_ins_ts, type:string, comment:from deserializer), FieldSchema(name:orig_file_ins_ts, type:string, comment:from deserializer), FieldSchema(name:exp_stock_plan_lead_time, type:string, comment:from deserializer)], location:file:/var/folders/y7/4_pz5fzx54ngcmghz3v6t3m00000gn/T/junit9095267975545366152/hadooptmp/dealer_hierarchy/core_data, inputFormat:org.apache.hadoop.hive.ql.io.avro.AvroContainerInputFormat, outputFormat:org.apache.hadoop.hive.ql.io.avro.AvroContainerOutputFormat, compressed:false, numBuckets:-1, serdeInfo:SerDeInfo(name:null, serializationLib:org.apache.hadoop.hive.serde2.avro.AvroSerDe, parameters:{avro.schema.url=./src/test/resources/dealer_hierarchy/schema/DEALER_HIERARCHY_CORE.avsc, serialization.format=1}), bucketCols:[], sortCols:[], parameters:{}, skewedInfo:SkewedInfo(skewedColNames:[], skewedColValues:[], skewedColValueLocationMaps:{}), storedAsSubDirectories:false), partitionKeys:[FieldSchema(name:dealer_code, type:string, comment:null)], parameters:{EXTERNAL=TRUE}, viewOriginalText:null, viewExpandedText:null, tableType:EXTERNAL_TABLE)
15/09/06 13:13:43 INFO HiveMetaStore.audit: ugi=hpatel	ip=unknown-ip-addr	cmd=create_table: Table(tableName:DEALER_HIERARCHY_CORE, dbName:ddsw_dev, owner:hpatel, createTime:1441563223, lastAccessTime:0, retention:0, sd:StorageDescriptor(cols:[FieldSchema(name:file_name, type:string, comment:from deserializer), FieldSchema(name:gen_id, type:string, comment:from deserializer), FieldSchema(name:dms_system, type:string, comment:from deserializer), FieldSchema(name:dms_version, type:string, comment:from deserializer), FieldSchema(name:transmit_ts, type:string, comment:from deserializer), FieldSchema(name:orig_transmit_ts, type:string, comment:from deserializer), FieldSchema(name:transmit_by, type:string, comment:from deserializer), FieldSchema(name:record_status, type:string, comment:from deserializer), FieldSchema(name:dealer_updt_ind, type:string, comment:from deserializer), FieldSchema(name:store_number, type:string, comment:from deserializer), FieldSchema(name:part_type, type:string, comment:from deserializer), FieldSchema(name:store_name, type:string, comment:from deserializer), FieldSchema(name:inventory_store_number, type:string, comment:from deserializer), FieldSchema(name:cat_emrg_dealer_code, type:string, comment:from deserializer), FieldSchema(name:cat_stock_dealer_code, type:string, comment:from deserializer), FieldSchema(name:stock_replen_store_number, type:string, comment:from deserializer), FieldSchema(name:stock_replen_lead_time, type:string, comment:from deserializer), FieldSchema(name:lst_updt_ts, type:string, comment:from deserializer), FieldSchema(name:orig_lst_updt_ts, type:string, comment:from deserializer), FieldSchema(name:lst_updt_by_id, type:string, comment:from deserializer), FieldSchema(name:file_ins_ts, type:string, comment:from deserializer), FieldSchema(name:orig_file_ins_ts, type:string, comment:from deserializer), FieldSchema(name:exp_stock_plan_lead_time, type:string, comment:from deserializer)], location:file:/var/folders/y7/4_pz5fzx54ngcmghz3v6t3m00000gn/T/junit9095267975545366152/hadooptmp/dealer_hierarchy/core_data, inputFormat:org.apache.hadoop.hive.ql.io.avro.AvroContainerInputFormat, outputFormat:org.apache.hadoop.hive.ql.io.avro.AvroContainerOutputFormat, compressed:false, numBuckets:-1, serdeInfo:SerDeInfo(name:null, serializationLib:org.apache.hadoop.hive.serde2.avro.AvroSerDe, parameters:{avro.schema.url=./src/test/resources/dealer_hierarchy/schema/DEALER_HIERARCHY_CORE.avsc, serialization.format=1}), bucketCols:[], sortCols:[], parameters:{}, skewedInfo:SkewedInfo(skewedColNames:[], skewedColValues:[], skewedColValueLocationMaps:{}), storedAsSubDirectories:false), partitionKeys:[FieldSchema(name:dealer_code, type:string, comment:null)], parameters:{EXTERNAL=TRUE}, viewOriginalText:null, viewExpandedText:null, tableType:EXTERNAL_TABLE)	
15/09/06 13:13:43 INFO common.FileUtils: Creating directory if it doesn't exist: file:/var/folders/y7/4_pz5fzx54ngcmghz3v6t3m00000gn/T/junit9095267975545366152/hadooptmp/dealer_hierarchy/core_data
15/09/06 13:13:43 INFO log.PerfLogger: </PERFLOG method=runTasks start=1441563223609 end=1441563223743 duration=134 from=org.apache.hadoop.hive.ql.Driver>
15/09/06 13:13:43 INFO log.PerfLogger: </PERFLOG method=Driver.execute start=1441563223609 end=1441563223743 duration=134 from=org.apache.hadoop.hive.ql.Driver>
OK
15/09/06 13:13:43 INFO ql.Driver: OK
15/09/06 13:13:43 INFO log.PerfLogger: <PERFLOG method=releaseLocks from=org.apache.hadoop.hive.ql.Driver>
15/09/06 13:13:43 INFO log.PerfLogger: </PERFLOG method=releaseLocks start=1441563223743 end=1441563223743 duration=0 from=org.apache.hadoop.hive.ql.Driver>
15/09/06 13:13:43 INFO log.PerfLogger: </PERFLOG method=Driver.run start=1441563223600 end=1441563223744 duration=144 from=org.apache.hadoop.hive.ql.Driver>
15/09/06 13:13:43 INFO service.HiveServer: Running the query: 

15/09/06 13:13:43 INFO builder.HiveShellTearable: Created hive resource /var/folders/y7/4_pz5fzx54ngcmghz3v6t3m00000gn/T/junit9095267975545366152/hadooptmp/dealer_hierarchy/temp_data/dealer_code=AAAA/temp_data_from_string.csv
15/09/06 13:13:43 INFO builder.HiveShellTearable: Created hive resource /var/folders/y7/4_pz5fzx54ngcmghz3v6t3m00000gn/T/junit9095267975545366152/hadooptmp/dealer_hierarchy/temp_data/dealer_code=ZZZZ/temp_data_from_file.csv
15/09/06 13:13:43 INFO service.HiveServer: Running the query: MSCK REPAIR TABLE dealer_hierarchy_core
15/09/06 13:13:43 INFO log.PerfLogger: <PERFLOG method=Driver.run from=org.apache.hadoop.hive.ql.Driver>
15/09/06 13:13:43 INFO log.PerfLogger: <PERFLOG method=TimeToSubmit from=org.apache.hadoop.hive.ql.Driver>
15/09/06 13:13:43 INFO ql.Driver: Concurrency mode is disabled, not creating a lock manager
15/09/06 13:13:43 INFO log.PerfLogger: <PERFLOG method=compile from=org.apache.hadoop.hive.ql.Driver>
15/09/06 13:13:43 INFO log.PerfLogger: <PERFLOG method=parse from=org.apache.hadoop.hive.ql.Driver>
15/09/06 13:13:43 INFO parse.ParseDriver: Parsing command: MSCK REPAIR TABLE dealer_hierarchy_core
15/09/06 13:13:43 INFO parse.ParseDriver: Parse Completed
15/09/06 13:13:43 INFO log.PerfLogger: </PERFLOG method=parse start=1441563223748 end=1441563223748 duration=0 from=org.apache.hadoop.hive.ql.Driver>
15/09/06 13:13:43 INFO log.PerfLogger: <PERFLOG method=semanticAnalyze from=org.apache.hadoop.hive.ql.Driver>
15/09/06 13:13:43 INFO ql.Driver: Semantic Analysis Completed
15/09/06 13:13:43 INFO log.PerfLogger: </PERFLOG method=semanticAnalyze start=1441563223748 end=1441563223753 duration=5 from=org.apache.hadoop.hive.ql.Driver>
15/09/06 13:13:43 INFO ql.Driver: Returning Hive schema: Schema(fieldSchemas:null, properties:null)
15/09/06 13:13:43 INFO log.PerfLogger: </PERFLOG method=compile start=1441563223747 end=1441563223754 duration=7 from=org.apache.hadoop.hive.ql.Driver>
15/09/06 13:13:43 INFO log.PerfLogger: <PERFLOG method=Driver.execute from=org.apache.hadoop.hive.ql.Driver>
15/09/06 13:13:43 INFO ql.Driver: Starting command: MSCK REPAIR TABLE dealer_hierarchy_core
15/09/06 13:13:43 INFO log.PerfLogger: </PERFLOG method=TimeToSubmit start=1441563223747 end=1441563223754 duration=7 from=org.apache.hadoop.hive.ql.Driver>
15/09/06 13:13:43 INFO log.PerfLogger: <PERFLOG method=runTasks from=org.apache.hadoop.hive.ql.Driver>
15/09/06 13:13:43 INFO log.PerfLogger: <PERFLOG method=task.DDL.Stage-0 from=org.apache.hadoop.hive.ql.Driver>
15/09/06 13:13:43 INFO metastore.HiveMetaStore: 0: get_table : db=ddsw_dev tbl=dealer_hierarchy_core
15/09/06 13:13:43 INFO HiveMetaStore.audit: ugi=hpatel	ip=unknown-ip-addr	cmd=get_table : db=ddsw_dev tbl=dealer_hierarchy_core	
15/09/06 13:13:43 INFO avro.AvroSerDe: Avro schema is {"type":"record","name":"DEALER_HIERARCHY_CORE","doc":"Sqoop import of DEALER_HIERARCHY","fields":[{"name":"File_Name","type":["string","null"],"columnName":"File_Name"},{"name":"GEN_ID","type":["string","null"],"columnName":"GEN_ID"},{"name":"DMS_SYSTEM","type":["string","null"],"columnName":"DMS_SYSTEM"},{"name":"DMS_VERSION","type":["string","null"],"columnName":"DMS_VERSION"},{"name":"TRANSMIT_TS","type":["string","null"],"columnName":"TRANSMIT_TS"},{"name":"ORIG_TRANSMIT_TS","type":["string","null"],"columnName":"TRANSMIT_TS"},{"name":"TRANSMIT_BY","type":["string","null"],"columnName":"TRANSMIT_BY"},{"name":"RECORD_STATUS","type":["string","null"],"columnName":"RECORD_STATUS"},{"name":"DEALER_UPDT_IND","type":["string","null"],"columnName":"DEALER_UPDT_IND","sqlType":"1"},{"name":"STORE_NUMBER","type":["string","null"],"columnName":"STORE_NUMBER"},{"name":"PART_TYPE","type":["string","null"],"columnName":"PART_TYPE"},{"name":"STORE_NAME","type":["string","null"],"columnName":"STORE_NAME"},{"name":"INVENTORY_STORE_NUMBER","type":["string","null"],"columnName":"INVENTORY_STORE_NUMBER"},{"name":"CAT_EMRG_DEALER_CODE","type":["string","null"],"columnName":"CAT_EMRG_DEALER_CODE"},{"name":"CAT_STOCK_DEALER_CODE","type":["string","null"],"columnName":"CAT_STOCK_DEALER_CODE"},{"name":"STOCK_REPLEN_STORE_NUMBER","type":["string","null"],"columnName":"STOCK_REPLEN_STORE_NUMBER"},{"name":"STOCK_REPLEN_LEAD_TIME","type":["string","null"],"columnName":"STOCK_REPLEN_LEAD_TIME"},{"name":"LST_UPDT_TS","type":["string","null"],"columnName":"LST_UPDT_TS"},{"name":"ORIG_LST_UPDT_TS","type":["string","null"],"columnName":"ORIG_LST_UPDT_TS"},{"name":"LST_UPDT_BY_ID","type":["string","null"],"columnName":"LST_UPDT_BY_ID"},{"name":"FILE_INS_TS","type":["string","null"],"columnName":"FILE_INS_TS"},{"name":"ORIG_FILE_INS_TS","type":["string","null"],"columnName":"ORIG_FILE_INS_TS"},{"name":"EXP_STOCK_PLAN_LEAD_TIME","type":["string","null"],"columnName":"EXP_STOCK_PLAN_LEAD_TIME"}],"tableName":"DEALER_HIERARCHY_CORE"}
15/09/06 13:13:43 INFO avro.AvroSerDe: Avro schema is {"type":"record","name":"DEALER_HIERARCHY_CORE","doc":"Sqoop import of DEALER_HIERARCHY","fields":[{"name":"File_Name","type":["string","null"],"columnName":"File_Name"},{"name":"GEN_ID","type":["string","null"],"columnName":"GEN_ID"},{"name":"DMS_SYSTEM","type":["string","null"],"columnName":"DMS_SYSTEM"},{"name":"DMS_VERSION","type":["string","null"],"columnName":"DMS_VERSION"},{"name":"TRANSMIT_TS","type":["string","null"],"columnName":"TRANSMIT_TS"},{"name":"ORIG_TRANSMIT_TS","type":["string","null"],"columnName":"TRANSMIT_TS"},{"name":"TRANSMIT_BY","type":["string","null"],"columnName":"TRANSMIT_BY"},{"name":"RECORD_STATUS","type":["string","null"],"columnName":"RECORD_STATUS"},{"name":"DEALER_UPDT_IND","type":["string","null"],"columnName":"DEALER_UPDT_IND","sqlType":"1"},{"name":"STORE_NUMBER","type":["string","null"],"columnName":"STORE_NUMBER"},{"name":"PART_TYPE","type":["string","null"],"columnName":"PART_TYPE"},{"name":"STORE_NAME","type":["string","null"],"columnName":"STORE_NAME"},{"name":"INVENTORY_STORE_NUMBER","type":["string","null"],"columnName":"INVENTORY_STORE_NUMBER"},{"name":"CAT_EMRG_DEALER_CODE","type":["string","null"],"columnName":"CAT_EMRG_DEALER_CODE"},{"name":"CAT_STOCK_DEALER_CODE","type":["string","null"],"columnName":"CAT_STOCK_DEALER_CODE"},{"name":"STOCK_REPLEN_STORE_NUMBER","type":["string","null"],"columnName":"STOCK_REPLEN_STORE_NUMBER"},{"name":"STOCK_REPLEN_LEAD_TIME","type":["string","null"],"columnName":"STOCK_REPLEN_LEAD_TIME"},{"name":"LST_UPDT_TS","type":["string","null"],"columnName":"LST_UPDT_TS"},{"name":"ORIG_LST_UPDT_TS","type":["string","null"],"columnName":"ORIG_LST_UPDT_TS"},{"name":"LST_UPDT_BY_ID","type":["string","null"],"columnName":"LST_UPDT_BY_ID"},{"name":"FILE_INS_TS","type":["string","null"],"columnName":"FILE_INS_TS"},{"name":"ORIG_FILE_INS_TS","type":["string","null"],"columnName":"ORIG_FILE_INS_TS"},{"name":"EXP_STOCK_PLAN_LEAD_TIME","type":["string","null"],"columnName":"EXP_STOCK_PLAN_LEAD_TIME"}],"tableName":"DEALER_HIERARCHY_CORE"}
15/09/06 13:13:43 INFO metastore.HiveMetaStore: 0: get_partitions_with_auth : db=ddsw_dev tbl=dealer_hierarchy_core
15/09/06 13:13:43 INFO HiveMetaStore.audit: ugi=hpatel	ip=unknown-ip-addr	cmd=get_partitions_with_auth : db=ddsw_dev tbl=dealer_hierarchy_core	
15/09/06 13:13:43 INFO log.PerfLogger: </PERFLOG method=runTasks start=1441563223754 end=1441563223822 duration=68 from=org.apache.hadoop.hive.ql.Driver>
15/09/06 13:13:43 INFO log.PerfLogger: </PERFLOG method=Driver.execute start=1441563223754 end=1441563223822 duration=68 from=org.apache.hadoop.hive.ql.Driver>
OK
15/09/06 13:13:43 INFO ql.Driver: OK
15/09/06 13:13:43 INFO log.PerfLogger: <PERFLOG method=releaseLocks from=org.apache.hadoop.hive.ql.Driver>
15/09/06 13:13:43 INFO log.PerfLogger: </PERFLOG method=releaseLocks start=1441563223822 end=1441563223822 duration=0 from=org.apache.hadoop.hive.ql.Driver>
15/09/06 13:13:43 INFO log.PerfLogger: </PERFLOG method=Driver.run start=1441563223747 end=1441563223822 duration=75 from=org.apache.hadoop.hive.ql.Driver>
15/09/06 13:13:43 INFO service.HiveServer: Running the query: MSCK REPAIR TABLE dealer_hierarchy_temp_data
15/09/06 13:13:43 INFO log.PerfLogger: <PERFLOG method=Driver.run from=org.apache.hadoop.hive.ql.Driver>
15/09/06 13:13:43 INFO log.PerfLogger: <PERFLOG method=TimeToSubmit from=org.apache.hadoop.hive.ql.Driver>
15/09/06 13:13:43 INFO ql.Driver: Concurrency mode is disabled, not creating a lock manager
15/09/06 13:13:43 INFO log.PerfLogger: <PERFLOG method=compile from=org.apache.hadoop.hive.ql.Driver>
15/09/06 13:13:43 INFO log.PerfLogger: <PERFLOG method=parse from=org.apache.hadoop.hive.ql.Driver>
15/09/06 13:13:43 INFO parse.ParseDriver: Parsing command: MSCK REPAIR TABLE dealer_hierarchy_temp_data
15/09/06 13:13:43 INFO parse.ParseDriver: Parse Completed
15/09/06 13:13:43 INFO log.PerfLogger: </PERFLOG method=parse start=1441563223824 end=1441563223824 duration=0 from=org.apache.hadoop.hive.ql.Driver>
15/09/06 13:13:43 INFO log.PerfLogger: <PERFLOG method=semanticAnalyze from=org.apache.hadoop.hive.ql.Driver>
15/09/06 13:13:43 INFO ql.Driver: Semantic Analysis Completed
15/09/06 13:13:43 INFO log.PerfLogger: </PERFLOG method=semanticAnalyze start=1441563223824 end=1441563223832 duration=8 from=org.apache.hadoop.hive.ql.Driver>
15/09/06 13:13:43 INFO ql.Driver: Returning Hive schema: Schema(fieldSchemas:null, properties:null)
15/09/06 13:13:43 INFO log.PerfLogger: </PERFLOG method=compile start=1441563223823 end=1441563223832 duration=9 from=org.apache.hadoop.hive.ql.Driver>
15/09/06 13:13:43 INFO log.PerfLogger: <PERFLOG method=Driver.execute from=org.apache.hadoop.hive.ql.Driver>
15/09/06 13:13:43 INFO ql.Driver: Starting command: MSCK REPAIR TABLE dealer_hierarchy_temp_data
15/09/06 13:13:43 INFO log.PerfLogger: </PERFLOG method=TimeToSubmit start=1441563223823 end=1441563223832 duration=9 from=org.apache.hadoop.hive.ql.Driver>
15/09/06 13:13:43 INFO log.PerfLogger: <PERFLOG method=runTasks from=org.apache.hadoop.hive.ql.Driver>
15/09/06 13:13:43 INFO log.PerfLogger: <PERFLOG method=task.DDL.Stage-0 from=org.apache.hadoop.hive.ql.Driver>
15/09/06 13:13:43 INFO metastore.HiveMetaStore: 0: get_table : db=ddsw_dev tbl=dealer_hierarchy_temp_data
15/09/06 13:13:43 INFO HiveMetaStore.audit: ugi=hpatel	ip=unknown-ip-addr	cmd=get_table : db=ddsw_dev tbl=dealer_hierarchy_temp_data	
15/09/06 13:13:43 INFO metastore.HiveMetaStore: 0: get_partitions_with_auth : db=ddsw_dev tbl=dealer_hierarchy_temp_data
15/09/06 13:13:43 INFO HiveMetaStore.audit: ugi=hpatel	ip=unknown-ip-addr	cmd=get_partitions_with_auth : db=ddsw_dev tbl=dealer_hierarchy_temp_data	
15/09/06 13:13:43 INFO metastore.HiveMetaStore: 0: get_table : db=ddsw_dev tbl=dealer_hierarchy_temp_data
15/09/06 13:13:43 INFO HiveMetaStore.audit: ugi=hpatel	ip=unknown-ip-addr	cmd=get_table : db=ddsw_dev tbl=dealer_hierarchy_temp_data	
15/09/06 13:13:43 INFO metastore.HiveMetaStore: 0: get_table : db=ddsw_dev tbl=dealer_hierarchy_temp_data
15/09/06 13:13:43 INFO HiveMetaStore.audit: ugi=hpatel	ip=unknown-ip-addr	cmd=get_table : db=ddsw_dev tbl=dealer_hierarchy_temp_data	
15/09/06 13:13:43 INFO metastore.HiveMetaStore: 0: add_partitions
15/09/06 13:13:43 INFO HiveMetaStore.audit: ugi=hpatel	ip=unknown-ip-addr	cmd=add_partitions	
15/09/06 13:13:43 INFO log.PerfLogger: </PERFLOG method=runTasks start=1441563223832 end=1441563223956 duration=124 from=org.apache.hadoop.hive.ql.Driver>
15/09/06 13:13:43 INFO log.PerfLogger: </PERFLOG method=Driver.execute start=1441563223832 end=1441563223956 duration=124 from=org.apache.hadoop.hive.ql.Driver>
OK
15/09/06 13:13:43 INFO ql.Driver: OK
15/09/06 13:13:43 INFO log.PerfLogger: <PERFLOG method=releaseLocks from=org.apache.hadoop.hive.ql.Driver>
15/09/06 13:13:43 INFO log.PerfLogger: </PERFLOG method=releaseLocks start=1441563223957 end=1441563223957 duration=0 from=org.apache.hadoop.hive.ql.Driver>
15/09/06 13:13:43 INFO log.PerfLogger: </PERFLOG method=Driver.run start=1441563223823 end=1441563223957 duration=134 from=org.apache.hadoop.hive.ql.Driver>
15/09/06 13:13:43 INFO service.HiveServer: Running the query: 
INSERT INTO TABLE DEALER_HIERARCHY_CORE
  PARTITION (DEALER_CODE)
  SELECT
    dh.FILE_NAME,
    dh.GEN_ID,
    dh.DMS_SYSTEM,
    dh.DMS_VERSION,
    custom_utc_timestamp(format_mr_timestamp(dh.TRANSMIT_TS)) AS TRANSMIT_TS,
    format_mr_timestamp(dh.ORIG_TRANSMIT_TS) AS ORIG_TRANSMIT_TS,
    dh.TRANSMIT_BY,
    dh.RECORD_STATUS,
    dh.DEALER_UPDT_IND,
    trim(dh.STORE_NUMBER) as STORE_NUMBER,
    trim(dh.PART_TYPE) as PART_TYPE,
    dh.STORE_NAME,
    dh.INVENTORY_STORE_NUMBER,
    trim(dh.CAT_EMRG_DEALER_CODE) as CAT_EMRG_DEALER_CODE,
    trim(dh.CAT_STOCK_DEALER_CODE) as CAT_STOCK_DEALER_CODE,
    trim(dh.STOCK_REPLEN_STORE_NUMBER) as STOCK_REPLEN_STORE_NUMBER,
    dh.STOCK_REPLEN_LEAD_TIME,
    dh.LST_UPDT_TS,
    dh.ORIG_LST_UPDT_TS,
    dh.LST_UPDT_BY_ID,
    dh.file_ins_ts,
    dh.ORIG_file_ins_TS,
    dh.EXP_STOCK_PLAN_LEAD_TIME,
    trim(dh.DEALER_CODE) as DEALER_CODE
  FROM
    dealer_hierarchy_temp_data dh

15/09/06 13:13:43 INFO log.PerfLogger: <PERFLOG method=Driver.run from=org.apache.hadoop.hive.ql.Driver>
15/09/06 13:13:43 INFO log.PerfLogger: <PERFLOG method=TimeToSubmit from=org.apache.hadoop.hive.ql.Driver>
15/09/06 13:13:43 INFO ql.Driver: Concurrency mode is disabled, not creating a lock manager
15/09/06 13:13:43 INFO log.PerfLogger: <PERFLOG method=compile from=org.apache.hadoop.hive.ql.Driver>
15/09/06 13:13:43 INFO log.PerfLogger: <PERFLOG method=parse from=org.apache.hadoop.hive.ql.Driver>
15/09/06 13:13:43 INFO parse.ParseDriver: Parsing command: 
INSERT INTO TABLE DEALER_HIERARCHY_CORE
  PARTITION (DEALER_CODE)
  SELECT
    dh.FILE_NAME,
    dh.GEN_ID,
    dh.DMS_SYSTEM,
    dh.DMS_VERSION,
    custom_utc_timestamp(format_mr_timestamp(dh.TRANSMIT_TS)) AS TRANSMIT_TS,
    format_mr_timestamp(dh.ORIG_TRANSMIT_TS) AS ORIG_TRANSMIT_TS,
    dh.TRANSMIT_BY,
    dh.RECORD_STATUS,
    dh.DEALER_UPDT_IND,
    trim(dh.STORE_NUMBER) as STORE_NUMBER,
    trim(dh.PART_TYPE) as PART_TYPE,
    dh.STORE_NAME,
    dh.INVENTORY_STORE_NUMBER,
    trim(dh.CAT_EMRG_DEALER_CODE) as CAT_EMRG_DEALER_CODE,
    trim(dh.CAT_STOCK_DEALER_CODE) as CAT_STOCK_DEALER_CODE,
    trim(dh.STOCK_REPLEN_STORE_NUMBER) as STOCK_REPLEN_STORE_NUMBER,
    dh.STOCK_REPLEN_LEAD_TIME,
    dh.LST_UPDT_TS,
    dh.ORIG_LST_UPDT_TS,
    dh.LST_UPDT_BY_ID,
    dh.file_ins_ts,
    dh.ORIG_file_ins_TS,
    dh.EXP_STOCK_PLAN_LEAD_TIME,
    trim(dh.DEALER_CODE) as DEALER_CODE
  FROM
    dealer_hierarchy_temp_data dh

15/09/06 13:13:43 INFO parse.ParseDriver: Parse Completed
15/09/06 13:13:43 INFO log.PerfLogger: </PERFLOG method=parse start=1441563223961 end=1441563223981 duration=20 from=org.apache.hadoop.hive.ql.Driver>
15/09/06 13:13:43 INFO log.PerfLogger: <PERFLOG method=semanticAnalyze from=org.apache.hadoop.hive.ql.Driver>
15/09/06 13:13:43 INFO parse.SemanticAnalyzer: Starting Semantic Analysis
15/09/06 13:13:43 INFO parse.SemanticAnalyzer: Completed phase 1 of Semantic Analysis
15/09/06 13:13:43 INFO parse.SemanticAnalyzer: Get metadata for source tables
15/09/06 13:13:43 INFO metastore.HiveMetaStore: 0: get_table : db=ddsw_dev tbl=dealer_hierarchy_temp_data
15/09/06 13:13:43 INFO HiveMetaStore.audit: ugi=hpatel	ip=unknown-ip-addr	cmd=get_table : db=ddsw_dev tbl=dealer_hierarchy_temp_data	
15/09/06 13:13:44 INFO parse.SemanticAnalyzer: Get metadata for subqueries
15/09/06 13:13:44 INFO parse.SemanticAnalyzer: Get metadata for destination tables
15/09/06 13:13:44 INFO metastore.HiveMetaStore: 0: get_table : db=ddsw_dev tbl=DEALER_HIERARCHY_CORE
15/09/06 13:13:44 INFO HiveMetaStore.audit: ugi=hpatel	ip=unknown-ip-addr	cmd=get_table : db=ddsw_dev tbl=DEALER_HIERARCHY_CORE	
15/09/06 13:13:44 INFO avro.AvroSerDe: Avro schema is {"type":"record","name":"DEALER_HIERARCHY_CORE","doc":"Sqoop import of DEALER_HIERARCHY","fields":[{"name":"File_Name","type":["string","null"],"columnName":"File_Name"},{"name":"GEN_ID","type":["string","null"],"columnName":"GEN_ID"},{"name":"DMS_SYSTEM","type":["string","null"],"columnName":"DMS_SYSTEM"},{"name":"DMS_VERSION","type":["string","null"],"columnName":"DMS_VERSION"},{"name":"TRANSMIT_TS","type":["string","null"],"columnName":"TRANSMIT_TS"},{"name":"ORIG_TRANSMIT_TS","type":["string","null"],"columnName":"TRANSMIT_TS"},{"name":"TRANSMIT_BY","type":["string","null"],"columnName":"TRANSMIT_BY"},{"name":"RECORD_STATUS","type":["string","null"],"columnName":"RECORD_STATUS"},{"name":"DEALER_UPDT_IND","type":["string","null"],"columnName":"DEALER_UPDT_IND","sqlType":"1"},{"name":"STORE_NUMBER","type":["string","null"],"columnName":"STORE_NUMBER"},{"name":"PART_TYPE","type":["string","null"],"columnName":"PART_TYPE"},{"name":"STORE_NAME","type":["string","null"],"columnName":"STORE_NAME"},{"name":"INVENTORY_STORE_NUMBER","type":["string","null"],"columnName":"INVENTORY_STORE_NUMBER"},{"name":"CAT_EMRG_DEALER_CODE","type":["string","null"],"columnName":"CAT_EMRG_DEALER_CODE"},{"name":"CAT_STOCK_DEALER_CODE","type":["string","null"],"columnName":"CAT_STOCK_DEALER_CODE"},{"name":"STOCK_REPLEN_STORE_NUMBER","type":["string","null"],"columnName":"STOCK_REPLEN_STORE_NUMBER"},{"name":"STOCK_REPLEN_LEAD_TIME","type":["string","null"],"columnName":"STOCK_REPLEN_LEAD_TIME"},{"name":"LST_UPDT_TS","type":["string","null"],"columnName":"LST_UPDT_TS"},{"name":"ORIG_LST_UPDT_TS","type":["string","null"],"columnName":"ORIG_LST_UPDT_TS"},{"name":"LST_UPDT_BY_ID","type":["string","null"],"columnName":"LST_UPDT_BY_ID"},{"name":"FILE_INS_TS","type":["string","null"],"columnName":"FILE_INS_TS"},{"name":"ORIG_FILE_INS_TS","type":["string","null"],"columnName":"ORIG_FILE_INS_TS"},{"name":"EXP_STOCK_PLAN_LEAD_TIME","type":["string","null"],"columnName":"EXP_STOCK_PLAN_LEAD_TIME"}],"tableName":"DEALER_HIERARCHY_CORE"}
15/09/06 13:13:44 INFO avro.AvroSerDe: Avro schema is {"type":"record","name":"DEALER_HIERARCHY_CORE","doc":"Sqoop import of DEALER_HIERARCHY","fields":[{"name":"File_Name","type":["string","null"],"columnName":"File_Name"},{"name":"GEN_ID","type":["string","null"],"columnName":"GEN_ID"},{"name":"DMS_SYSTEM","type":["string","null"],"columnName":"DMS_SYSTEM"},{"name":"DMS_VERSION","type":["string","null"],"columnName":"DMS_VERSION"},{"name":"TRANSMIT_TS","type":["string","null"],"columnName":"TRANSMIT_TS"},{"name":"ORIG_TRANSMIT_TS","type":["string","null"],"columnName":"TRANSMIT_TS"},{"name":"TRANSMIT_BY","type":["string","null"],"columnName":"TRANSMIT_BY"},{"name":"RECORD_STATUS","type":["string","null"],"columnName":"RECORD_STATUS"},{"name":"DEALER_UPDT_IND","type":["string","null"],"columnName":"DEALER_UPDT_IND","sqlType":"1"},{"name":"STORE_NUMBER","type":["string","null"],"columnName":"STORE_NUMBER"},{"name":"PART_TYPE","type":["string","null"],"columnName":"PART_TYPE"},{"name":"STORE_NAME","type":["string","null"],"columnName":"STORE_NAME"},{"name":"INVENTORY_STORE_NUMBER","type":["string","null"],"columnName":"INVENTORY_STORE_NUMBER"},{"name":"CAT_EMRG_DEALER_CODE","type":["string","null"],"columnName":"CAT_EMRG_DEALER_CODE"},{"name":"CAT_STOCK_DEALER_CODE","type":["string","null"],"columnName":"CAT_STOCK_DEALER_CODE"},{"name":"STOCK_REPLEN_STORE_NUMBER","type":["string","null"],"columnName":"STOCK_REPLEN_STORE_NUMBER"},{"name":"STOCK_REPLEN_LEAD_TIME","type":["string","null"],"columnName":"STOCK_REPLEN_LEAD_TIME"},{"name":"LST_UPDT_TS","type":["string","null"],"columnName":"LST_UPDT_TS"},{"name":"ORIG_LST_UPDT_TS","type":["string","null"],"columnName":"ORIG_LST_UPDT_TS"},{"name":"LST_UPDT_BY_ID","type":["string","null"],"columnName":"LST_UPDT_BY_ID"},{"name":"FILE_INS_TS","type":["string","null"],"columnName":"FILE_INS_TS"},{"name":"ORIG_FILE_INS_TS","type":["string","null"],"columnName":"ORIG_FILE_INS_TS"},{"name":"EXP_STOCK_PLAN_LEAD_TIME","type":["string","null"],"columnName":"EXP_STOCK_PLAN_LEAD_TIME"}],"tableName":"DEALER_HIERARCHY_CORE"}
15/09/06 13:13:44 WARN parse.BaseSemanticAnalyzer: Dynamic partitioning is used; only validating 0 columns
15/09/06 13:13:44 INFO parse.SemanticAnalyzer: Completed getting MetaData in Semantic Analysis
15/09/06 13:13:44 INFO common.FileUtils: Creating directory if it doesn't exist: file:/var/folders/y7/4_pz5fzx54ngcmghz3v6t3m00000gn/T/junit9095267975545366152/hadooptmp/dealer_hierarchy/core_data/.hive-staging_hive_2015-09-06_13-13-43_961_2122911438350117722-1
15/09/06 13:13:44 INFO avro.AvroSerDe: Avro schema is {"type":"record","name":"DEALER_HIERARCHY_CORE","doc":"Sqoop import of DEALER_HIERARCHY","fields":[{"name":"File_Name","type":["string","null"],"columnName":"File_Name"},{"name":"GEN_ID","type":["string","null"],"columnName":"GEN_ID"},{"name":"DMS_SYSTEM","type":["string","null"],"columnName":"DMS_SYSTEM"},{"name":"DMS_VERSION","type":["string","null"],"columnName":"DMS_VERSION"},{"name":"TRANSMIT_TS","type":["string","null"],"columnName":"TRANSMIT_TS"},{"name":"ORIG_TRANSMIT_TS","type":["string","null"],"columnName":"TRANSMIT_TS"},{"name":"TRANSMIT_BY","type":["string","null"],"columnName":"TRANSMIT_BY"},{"name":"RECORD_STATUS","type":["string","null"],"columnName":"RECORD_STATUS"},{"name":"DEALER_UPDT_IND","type":["string","null"],"columnName":"DEALER_UPDT_IND","sqlType":"1"},{"name":"STORE_NUMBER","type":["string","null"],"columnName":"STORE_NUMBER"},{"name":"PART_TYPE","type":["string","null"],"columnName":"PART_TYPE"},{"name":"STORE_NAME","type":["string","null"],"columnName":"STORE_NAME"},{"name":"INVENTORY_STORE_NUMBER","type":["string","null"],"columnName":"INVENTORY_STORE_NUMBER"},{"name":"CAT_EMRG_DEALER_CODE","type":["string","null"],"columnName":"CAT_EMRG_DEALER_CODE"},{"name":"CAT_STOCK_DEALER_CODE","type":["string","null"],"columnName":"CAT_STOCK_DEALER_CODE"},{"name":"STOCK_REPLEN_STORE_NUMBER","type":["string","null"],"columnName":"STOCK_REPLEN_STORE_NUMBER"},{"name":"STOCK_REPLEN_LEAD_TIME","type":["string","null"],"columnName":"STOCK_REPLEN_LEAD_TIME"},{"name":"LST_UPDT_TS","type":["string","null"],"columnName":"LST_UPDT_TS"},{"name":"ORIG_LST_UPDT_TS","type":["string","null"],"columnName":"ORIG_LST_UPDT_TS"},{"name":"LST_UPDT_BY_ID","type":["string","null"],"columnName":"LST_UPDT_BY_ID"},{"name":"FILE_INS_TS","type":["string","null"],"columnName":"FILE_INS_TS"},{"name":"ORIG_FILE_INS_TS","type":["string","null"],"columnName":"ORIG_FILE_INS_TS"},{"name":"EXP_STOCK_PLAN_LEAD_TIME","type":["string","null"],"columnName":"EXP_STOCK_PLAN_LEAD_TIME"}],"tableName":"DEALER_HIERARCHY_CORE"}
15/09/06 13:13:44 INFO avro.AvroSerDe: Avro schema is {"type":"record","name":"DEALER_HIERARCHY_CORE","doc":"Sqoop import of DEALER_HIERARCHY","fields":[{"name":"File_Name","type":["string","null"],"columnName":"File_Name"},{"name":"GEN_ID","type":["string","null"],"columnName":"GEN_ID"},{"name":"DMS_SYSTEM","type":["string","null"],"columnName":"DMS_SYSTEM"},{"name":"DMS_VERSION","type":["string","null"],"columnName":"DMS_VERSION"},{"name":"TRANSMIT_TS","type":["string","null"],"columnName":"TRANSMIT_TS"},{"name":"ORIG_TRANSMIT_TS","type":["string","null"],"columnName":"TRANSMIT_TS"},{"name":"TRANSMIT_BY","type":["string","null"],"columnName":"TRANSMIT_BY"},{"name":"RECORD_STATUS","type":["string","null"],"columnName":"RECORD_STATUS"},{"name":"DEALER_UPDT_IND","type":["string","null"],"columnName":"DEALER_UPDT_IND","sqlType":"1"},{"name":"STORE_NUMBER","type":["string","null"],"columnName":"STORE_NUMBER"},{"name":"PART_TYPE","type":["string","null"],"columnName":"PART_TYPE"},{"name":"STORE_NAME","type":["string","null"],"columnName":"STORE_NAME"},{"name":"INVENTORY_STORE_NUMBER","type":["string","null"],"columnName":"INVENTORY_STORE_NUMBER"},{"name":"CAT_EMRG_DEALER_CODE","type":["string","null"],"columnName":"CAT_EMRG_DEALER_CODE"},{"name":"CAT_STOCK_DEALER_CODE","type":["string","null"],"columnName":"CAT_STOCK_DEALER_CODE"},{"name":"STOCK_REPLEN_STORE_NUMBER","type":["string","null"],"columnName":"STOCK_REPLEN_STORE_NUMBER"},{"name":"STOCK_REPLEN_LEAD_TIME","type":["string","null"],"columnName":"STOCK_REPLEN_LEAD_TIME"},{"name":"LST_UPDT_TS","type":["string","null"],"columnName":"LST_UPDT_TS"},{"name":"ORIG_LST_UPDT_TS","type":["string","null"],"columnName":"ORIG_LST_UPDT_TS"},{"name":"LST_UPDT_BY_ID","type":["string","null"],"columnName":"LST_UPDT_BY_ID"},{"name":"FILE_INS_TS","type":["string","null"],"columnName":"FILE_INS_TS"},{"name":"ORIG_FILE_INS_TS","type":["string","null"],"columnName":"ORIG_FILE_INS_TS"},{"name":"EXP_STOCK_PLAN_LEAD_TIME","type":["string","null"],"columnName":"EXP_STOCK_PLAN_LEAD_TIME"}],"tableName":"DEALER_HIERARCHY_CORE"}
15/09/06 13:13:44 INFO avro.AvroSerDe: Configuration null, not inserting schema
15/09/06 13:13:44 INFO parse.SemanticAnalyzer: Set stats collection dir : file:/var/folders/y7/4_pz5fzx54ngcmghz3v6t3m00000gn/T/junit9095267975545366152/hadooptmp/dealer_hierarchy/core_data/.hive-staging_hive_2015-09-06_13-13-43_961_2122911438350117722-1/-ext-10001
15/09/06 13:13:44 INFO ppd.OpProcFactory: Processing for FS(3)
15/09/06 13:13:44 INFO ppd.OpProcFactory: Processing for SEL(2)
15/09/06 13:13:44 INFO ppd.OpProcFactory: Processing for TS(1)
15/09/06 13:13:44 INFO optimizer.SortedDynPartitionOptimizer: Sorted dynamic partitioning optimization kicked in..
15/09/06 13:13:44 INFO optimizer.SortedDynPartitionOptimizer: Inserted RS_4 and EX_5 as parent of FS_3 and child of SEL_2
15/09/06 13:13:44 INFO log.PerfLogger: <PERFLOG method=partition-retrieving from=org.apache.hadoop.hive.ql.optimizer.ppr.PartitionPruner>
15/09/06 13:13:44 INFO metastore.HiveMetaStore: 0: get_partitions : db=ddsw_dev tbl=dealer_hierarchy_temp_data
15/09/06 13:13:44 INFO HiveMetaStore.audit: ugi=hpatel	ip=unknown-ip-addr	cmd=get_partitions : db=ddsw_dev tbl=dealer_hierarchy_temp_data	
15/09/06 13:13:44 INFO log.PerfLogger: </PERFLOG method=partition-retrieving start=1441563224264 end=1441563224288 duration=24 from=org.apache.hadoop.hive.ql.optimizer.ppr.PartitionPruner>
15/09/06 13:13:44 INFO parse.SemanticAnalyzer: Completed plan generation
15/09/06 13:13:44 INFO ql.Driver: Semantic Analysis Completed
15/09/06 13:13:44 INFO log.PerfLogger: </PERFLOG method=semanticAnalyze start=1441563223981 end=1441563224297 duration=316 from=org.apache.hadoop.hive.ql.Driver>
15/09/06 13:13:44 INFO ql.Driver: Returning Hive schema: Schema(fieldSchemas:[FieldSchema(name:dh.file_name, type:string, comment:null), FieldSchema(name:dh.gen_id, type:string, comment:null), FieldSchema(name:dh.dms_system, type:string, comment:null), FieldSchema(name:dh.dms_version, type:string, comment:null), FieldSchema(name:transmit_ts, type:string, comment:null), FieldSchema(name:orig_transmit_ts, type:string, comment:null), FieldSchema(name:dh.transmit_by, type:string, comment:null), FieldSchema(name:dh.record_status, type:string, comment:null), FieldSchema(name:dh.dealer_updt_ind, type:string, comment:null), FieldSchema(name:store_number, type:string, comment:null), FieldSchema(name:part_type, type:string, comment:null), FieldSchema(name:dh.store_name, type:string, comment:null), FieldSchema(name:dh.inventory_store_number, type:string, comment:null), FieldSchema(name:cat_emrg_dealer_code, type:string, comment:null), FieldSchema(name:cat_stock_dealer_code, type:string, comment:null), FieldSchema(name:stock_replen_store_number, type:string, comment:null), FieldSchema(name:dh.stock_replen_lead_time, type:string, comment:null), FieldSchema(name:dh.lst_updt_ts, type:string, comment:null), FieldSchema(name:dh.orig_lst_updt_ts, type:string, comment:null), FieldSchema(name:dh.lst_updt_by_id, type:string, comment:null), FieldSchema(name:dh.file_ins_ts, type:string, comment:null), FieldSchema(name:dh.orig_file_ins_ts, type:string, comment:null), FieldSchema(name:dh.exp_stock_plan_lead_time, type:string, comment:null), FieldSchema(name:dealer_code, type:string, comment:null)], properties:null)
15/09/06 13:13:44 INFO log.PerfLogger: </PERFLOG method=compile start=1441563223960 end=1441563224297 duration=337 from=org.apache.hadoop.hive.ql.Driver>
15/09/06 13:13:44 INFO log.PerfLogger: <PERFLOG method=Driver.execute from=org.apache.hadoop.hive.ql.Driver>
15/09/06 13:13:44 INFO ql.Driver: Starting command: 
INSERT INTO TABLE DEALER_HIERARCHY_CORE
  PARTITION (DEALER_CODE)
  SELECT
    dh.FILE_NAME,
    dh.GEN_ID,
    dh.DMS_SYSTEM,
    dh.DMS_VERSION,
    custom_utc_timestamp(format_mr_timestamp(dh.TRANSMIT_TS)) AS TRANSMIT_TS,
    format_mr_timestamp(dh.ORIG_TRANSMIT_TS) AS ORIG_TRANSMIT_TS,
    dh.TRANSMIT_BY,
    dh.RECORD_STATUS,
    dh.DEALER_UPDT_IND,
    trim(dh.STORE_NUMBER) as STORE_NUMBER,
    trim(dh.PART_TYPE) as PART_TYPE,
    dh.STORE_NAME,
    dh.INVENTORY_STORE_NUMBER,
    trim(dh.CAT_EMRG_DEALER_CODE) as CAT_EMRG_DEALER_CODE,
    trim(dh.CAT_STOCK_DEALER_CODE) as CAT_STOCK_DEALER_CODE,
    trim(dh.STOCK_REPLEN_STORE_NUMBER) as STOCK_REPLEN_STORE_NUMBER,
    dh.STOCK_REPLEN_LEAD_TIME,
    dh.LST_UPDT_TS,
    dh.ORIG_LST_UPDT_TS,
    dh.LST_UPDT_BY_ID,
    dh.file_ins_ts,
    dh.ORIG_file_ins_TS,
    dh.EXP_STOCK_PLAN_LEAD_TIME,
    trim(dh.DEALER_CODE) as DEALER_CODE
  FROM
    dealer_hierarchy_temp_data dh

Total jobs = 1
15/09/06 13:13:44 INFO ql.Driver: Total jobs = 1
15/09/06 13:13:44 INFO log.PerfLogger: </PERFLOG method=TimeToSubmit start=1441563223960 end=1441563224298 duration=338 from=org.apache.hadoop.hive.ql.Driver>
15/09/06 13:13:44 INFO log.PerfLogger: <PERFLOG method=runTasks from=org.apache.hadoop.hive.ql.Driver>
15/09/06 13:13:44 INFO log.PerfLogger: <PERFLOG method=task.MAPRED.Stage-1 from=org.apache.hadoop.hive.ql.Driver>
Launching Job 1 out of 1
15/09/06 13:13:44 INFO ql.Driver: Launching Job 1 out of 1
Number of reduce tasks not specified. Defaulting to jobconf value of: 1
15/09/06 13:13:44 INFO exec.Task: Number of reduce tasks not specified. Defaulting to jobconf value of: 1
In order to change the average load for a reducer (in bytes):
15/09/06 13:13:44 INFO exec.Task: In order to change the average load for a reducer (in bytes):
  set hive.exec.reducers.bytes.per.reducer=<number>
15/09/06 13:13:44 INFO exec.Task:   set hive.exec.reducers.bytes.per.reducer=<number>
In order to limit the maximum number of reducers:
15/09/06 13:13:44 INFO exec.Task: In order to limit the maximum number of reducers:
  set hive.exec.reducers.max=<number>
15/09/06 13:13:44 INFO exec.Task:   set hive.exec.reducers.max=<number>
In order to set a constant number of reducers:
15/09/06 13:13:44 INFO exec.Task: In order to set a constant number of reducers:
  set mapreduce.job.reduces=<number>
15/09/06 13:13:44 INFO exec.Task:   set mapreduce.job.reduces=<number>
15/09/06 13:13:44 INFO ql.Context: New scratch dir is file:/var/folders/y7/4_pz5fzx54ngcmghz3v6t3m00000gn/T/junit9095267975545366152/scratchdir/hive_2015-09-06_13-13-43_961_2122911438350117722-1
15/09/06 13:13:44 INFO mr.ExecDriver: Using org.apache.hadoop.hive.ql.io.CombineHiveInputFormat
15/09/06 13:13:44 INFO exec.Utilities: Processing alias dh
15/09/06 13:13:44 INFO exec.Utilities: Adding input file file:/var/folders/y7/4_pz5fzx54ngcmghz3v6t3m00000gn/T/junit9095267975545366152/hadooptmp/dealer_hierarchy/temp_data/dealer_code=AAAA
15/09/06 13:13:44 INFO exec.Utilities: Content Summary not cached for file:/var/folders/y7/4_pz5fzx54ngcmghz3v6t3m00000gn/T/junit9095267975545366152/hadooptmp/dealer_hierarchy/temp_data/dealer_code=AAAA
15/09/06 13:13:44 INFO exec.Utilities: Adding input file file:/var/folders/y7/4_pz5fzx54ngcmghz3v6t3m00000gn/T/junit9095267975545366152/hadooptmp/dealer_hierarchy/temp_data/dealer_code=ZZZZ
15/09/06 13:13:44 INFO exec.Utilities: Content Summary not cached for file:/var/folders/y7/4_pz5fzx54ngcmghz3v6t3m00000gn/T/junit9095267975545366152/hadooptmp/dealer_hierarchy/temp_data/dealer_code=ZZZZ
15/09/06 13:13:44 INFO ql.Context: New scratch dir is file:/var/folders/y7/4_pz5fzx54ngcmghz3v6t3m00000gn/T/junit9095267975545366152/scratchdir/hive_2015-09-06_13-13-43_961_2122911438350117722-1
15/09/06 13:13:44 INFO log.PerfLogger: <PERFLOG method=serializePlan from=org.apache.hadoop.hive.ql.exec.Utilities>
15/09/06 13:13:44 INFO exec.Utilities: Serializing MapWork via kryo
15/09/06 13:13:44 INFO log.PerfLogger: </PERFLOG method=serializePlan start=1441563224336 end=1441563224409 duration=73 from=org.apache.hadoop.hive.ql.exec.Utilities>
15/09/06 13:13:44 INFO exec.Utilities: Setting plan: /var/folders/y7/4_pz5fzx54ngcmghz3v6t3m00000gn/T/junit9095267975545366152/scratchdir/hive_2015-09-06_13-13-43_961_2122911438350117722-1/-mr-10003/1121c210-8ed1-4ae9-8294-4c30483e7b7d/map.xml
15/09/06 13:13:44 INFO log.PerfLogger: <PERFLOG method=serializePlan from=org.apache.hadoop.hive.ql.exec.Utilities>
15/09/06 13:13:44 INFO exec.Utilities: Serializing ReduceWork via kryo
15/09/06 13:13:44 INFO log.PerfLogger: </PERFLOG method=serializePlan start=1441563224414 end=1441563224427 duration=13 from=org.apache.hadoop.hive.ql.exec.Utilities>
15/09/06 13:13:44 INFO exec.Utilities: Setting plan: /var/folders/y7/4_pz5fzx54ngcmghz3v6t3m00000gn/T/junit9095267975545366152/scratchdir/hive_2015-09-06_13-13-43_961_2122911438350117722-1/-mr-10003/1121c210-8ed1-4ae9-8294-4c30483e7b7d/reduce.xml
15/09/06 13:13:44 INFO Configuration.deprecation: session.id is deprecated. Instead, use dfs.metrics.session-id
15/09/06 13:13:44 INFO jvm.JvmMetrics: Initializing JVM Metrics with processName=JobTracker, sessionId=
15/09/06 13:13:44 WARN mapred.JobClient: Use GenericOptionsParser for parsing the arguments. Applications should implement Tool for the same.
15/09/06 13:13:44 INFO log.PerfLogger: <PERFLOG method=getSplits from=org.apache.hadoop.hive.ql.io.CombineHiveInputFormat>
15/09/06 13:13:44 INFO io.CombineHiveInputFormat: CombineHiveInputSplit creating pool for file:/var/folders/y7/4_pz5fzx54ngcmghz3v6t3m00000gn/T/junit9095267975545366152/hadooptmp/dealer_hierarchy/temp_data/dealer_code=AAAA; using filter path file:/var/folders/y7/4_pz5fzx54ngcmghz3v6t3m00000gn/T/junit9095267975545366152/hadooptmp/dealer_hierarchy/temp_data/dealer_code=AAAA
15/09/06 13:13:44 INFO io.CombineHiveInputFormat: CombineHiveInputSplit: pool is already created for file:/var/folders/y7/4_pz5fzx54ngcmghz3v6t3m00000gn/T/junit9095267975545366152/hadooptmp/dealer_hierarchy/temp_data/dealer_code=ZZZZ; using filter path file:/var/folders/y7/4_pz5fzx54ngcmghz3v6t3m00000gn/T/junit9095267975545366152/hadooptmp/dealer_hierarchy/temp_data/dealer_code=ZZZZ
15/09/06 13:13:44 INFO mapred.FileInputFormat: Total input paths to process : 2
15/09/06 13:13:44 INFO io.CombineHiveInputFormat: number of splits 1
15/09/06 13:13:44 INFO log.PerfLogger: </PERFLOG method=getSplits start=1441563224566 end=1441563224593 duration=27 from=org.apache.hadoop.hive.ql.io.CombineHiveInputFormat>
15/09/06 13:13:44 INFO mapred.LocalJobRunner: OutputCommitter set in config org.apache.hadoop.hive.shims.HadoopShimsSecure$NullOutputCommitter
Starting Job = job_local227979569_0001, Tracking URL = http://localhost:8080/
15/09/06 13:13:44 INFO exec.Task: Starting Job = job_local227979569_0001, Tracking URL = http://localhost:8080/
Kill Command = NO_BIN! job  -kill job_local227979569_0001
15/09/06 13:13:44 INFO exec.Task: Kill Command = NO_BIN! job  -kill job_local227979569_0001
15/09/06 13:13:44 INFO mapred.LocalJobRunner: OutputCommitter is org.apache.hadoop.hive.shims.HadoopShimsSecure$NullOutputCommitter
Hadoop job information for Stage-1: number of mappers: 0; number of reducers: 0
15/09/06 13:13:44 INFO exec.Task: Hadoop job information for Stage-1: number of mappers: 0; number of reducers: 0
15/09/06 13:13:44 INFO mapred.LocalJobRunner: Waiting for map tasks
15/09/06 13:13:44 INFO mapred.LocalJobRunner: Starting task: attempt_local227979569_0001_m_000000_0
15/09/06 13:13:44 WARN mapreduce.Counters: Group org.apache.hadoop.mapred.Task$Counter is deprecated. Use org.apache.hadoop.mapreduce.TaskCounter instead
2015-09-06 13:13:44,748 Stage-1 map = 0%,  reduce = 0%
15/09/06 13:13:44 INFO exec.Task: 2015-09-06 13:13:44,748 Stage-1 map = 0%,  reduce = 0%
15/09/06 13:13:44 WARN mapreduce.Counters: Group org.apache.hadoop.mapred.Task$Counter is deprecated. Use org.apache.hadoop.mapreduce.TaskCounter instead
15/09/06 13:13:44 INFO mapred.Task:  Using ResourceCalculatorPlugin : null
15/09/06 13:13:44 INFO mapred.MapTask: Processing split: Paths:/var/folders/y7/4_pz5fzx54ngcmghz3v6t3m00000gn/T/junit9095267975545366152/hadooptmp/dealer_hierarchy/temp_data/dealer_code=AAAA/temp_data_from_string.csv:0+216,/var/folders/y7/4_pz5fzx54ngcmghz3v6t3m00000gn/T/junit9095267975545366152/hadooptmp/dealer_hierarchy/temp_data/dealer_code=ZZZZ/temp_data_from_file.csv:0+626InputFormatClass: org.apache.hadoop.mapred.TextInputFormat

15/09/06 13:13:44 INFO io.HiveContextAwareRecordReader: Processing file file:/var/folders/y7/4_pz5fzx54ngcmghz3v6t3m00000gn/T/junit9095267975545366152/hadooptmp/dealer_hierarchy/temp_data/dealer_code=AAAA/temp_data_from_string.csv
15/09/06 13:13:44 WARN mapreduce.Counters: Counter name MAP_INPUT_BYTES is deprecated. Use FileInputFormatCounters as group name and  BYTES_READ as counter name instead
15/09/06 13:13:44 INFO mapred.MapTask: numReduceTasks: 1
15/09/06 13:13:44 INFO mapred.MapTask: Map output collector class = org.apache.hadoop.mapred.MapTask$MapOutputBuffer
15/09/06 13:13:44 INFO mapred.MapTask: io.sort.mb = 100
15/09/06 13:13:44 INFO mapred.MapTask: data buffer = 79691776/99614720
15/09/06 13:13:44 INFO mapred.MapTask: record buffer = 262144/327680
15/09/06 13:13:44 INFO mr.ExecMapper: maximum memory = 3817865216
15/09/06 13:13:44 INFO mr.ExecMapper: conf classpath = [file:/Users/hpatel/.gradle/caches/2.1/workerMain/gradle-worker.jar, file:/Users/hpatel/Tech/Projects/CAT/ddsw_dev/hive-test/build/classes/test/, file:/Users/hpatel/Tech/Projects/CAT/ddsw_dev/hive-test/build/resources/test/, file:/Users/hpatel/Tech/Projects/CAT/ddsw_dev/hive-test/build/classes/main/, file:/Users/hpatel/Tech/Projects/CAT/ddsw_dev/hive-test/build/resources/main, file:/Users/hpatel/.gradle/caches/modules-2/files-2.1/junit/junit/4.11/4e031bb61df09069aeb2bffb4019e7a5034a4ee0/junit-4.11.jar, file:/Users/hpatel/.gradle/caches/modules-2/files-2.1/com.klarna/hiverunner/1.0.0/e26bb0655fff4d88fab91f331793d9fc1db392cc/HiveRunner-1.0.0.jar, file:/Users/hpatel/Tech/Projects/CAT/ddsw_dev/custom-cat-udfs/build/libs/custom-cat-udfs-0.1.38-SNAPSHOT.jar, file:/Users/hpatel/.gradle/caches/modules-2/files-2.1/org.apache.hadoop/hadoop-client/2.5.0-cdh5.3.3/ec3cd6a8cb043e73a42918934c5d3a3f2747c78b/hadoop-client-2.5.0-cdh5.3.3.jar, file:/Users/hpatel/.gradle/caches/modules-2/files-2.1/org.hsqldb/hsqldb/2.3.1/bd7153caa30958e1c64a3dd38b93e5a7442d9a0e/hsqldb-2.3.1.jar, file:/Users/hpatel/.gradle/caches/modules-2/files-2.1/org.apache.hadoop/hadoop-core/2.5.0-mr1-cdh5.3.3/f6f4a77f818757da51ae0244310855779c04c4be/hadoop-core-2.5.0-mr1-cdh5.3.3.jar, file:/Users/hpatel/.gradle/caches/modules-2/files-2.1/org.reflections/reflections/0.9.8/f723abb59bf512952bfc503838f70f81487a6993/reflections-0.9.8.jar, file:/Users/hpatel/.gradle/caches/modules-2/files-2.1/org.mockito/mockito-core/1.10.19/e8546f5bef4e061d8dd73895b4e8f40e3fe6effe/mockito-core-1.10.19.jar, file:/Users/hpatel/.gradle/caches/modules-2/files-2.1/org.hamcrest/hamcrest-core/1.3/42a25dc3219429f0e5d060061f71acb49bf010a0/hamcrest-core-1.3.jar, file:/Users/hpatel/.gradle/caches/modules-2/files-2.1/org.pentaho/pentaho-aggdesigner-algorithm/5.1.5-jhyde/c52379c645c6c85300e645dff7c72653bf85baa2/pentaho-aggdesigner-algorithm-5.1.5-jhyde.jar, file:/Users/hpatel/.gradle/caches/modules-2/files-2.1/org.apache.hive/hive-serde/0.13.1-cdh5.3.3/9cee47c844d726e9bcef6ab292e1319b7fbddaa3/hive-serde-0.13.1-cdh5.3.3.jar, file:/Users/hpatel/.gradle/caches/modules-2/files-2.1/org.apache.hadoop/hadoop-common/2.5.0-cdh5.3.3/f0862eb1dc33c1807ea29a248af75551e3c6836a/hadoop-common-2.5.0-cdh5.3.3.jar, file:/Users/hpatel/.gradle/caches/modules-2/files-2.1/org.apache.hive/hive-contrib/0.13.1-cdh5.3.3/bf89b429c9b173ac275dc0c1623f5c30e780ee98/hive-contrib-0.13.1-cdh5.3.3.jar, file:/Users/hpatel/.gradle/caches/modules-2/files-2.1/org.datanucleus/datanucleus-core/3.2.12/3212183bb5a2826cd5ff194b9a54619dd0bdf31f/datanucleus-core-3.2.12.jar, file:/Users/hpatel/.gradle/caches/modules-2/files-2.1/org.datanucleus/datanucleus-rdbms/3.2.11/5b053144c89fdff1505b853aa7f1e5ba7657da75/datanucleus-rdbms-3.2.11.jar, file:/Users/hpatel/.gradle/caches/modules-2/files-2.1/org.datanucleus/datanucleus-api-jdo/3.2.8/efc60221fbc91e95cf5758b98c6c5531660696cb/datanucleus-api-jdo-3.2.8.jar, file:/Users/hpatel/.gradle/caches/modules-2/files-2.1/org.apache.hive/hive-shims/0.13.1-cdh5.3.3/47b029532c0b9d45526dcdd858823e6f9634ab81/hive-shims-0.13.1-cdh5.3.3.jar, file:/Users/hpatel/.gradle/caches/modules-2/files-2.1/org.apache.commons/commons-lang3/3.3.1/6738a2da2202ce360f0af90aba005c1e05a2c4cd/commons-lang3-3.3.1.jar, file:/Users/hpatel/.gradle/caches/modules-2/files-2.1/joda-time/joda-time/2.3/56498efd17752898cfcc3868c1b6211a07b12b8f/joda-time-2.3.jar, file:/Users/hpatel/.gradle/caches/modules-2/files-2.1/org.apache.hadoop/hadoop-hdfs/2.5.0-cdh5.3.3/5dd5e2be13d89a9eaab89d3a33bcdf6677671aa9/hadoop-hdfs-2.5.0-cdh5.3.3.jar, file:/Users/hpatel/.gradle/caches/modules-2/files-2.1/org.apache.hadoop/hadoop-mapreduce-client-app/2.5.0-cdh5.3.3/579948f8fa6d9d72bf507bd021fa3dcc0670e95f/hadoop-mapreduce-client-app-2.5.0-cdh5.3.3.jar, file:/Users/hpatel/.gradle/caches/modules-2/files-2.1/org.apache.hadoop/hadoop-yarn-api/2.5.0-cdh5.3.3/a6d9b4b7cbcacd000350a3e33c70269101b5fc79/hadoop-yarn-api-2.5.0-cdh5.3.3.jar, file:/Users/hpatel/.gradle/caches/modules-2/files-2.1/org.apache.hadoop/hadoop-mapreduce-client-core/2.5.0-cdh5.3.3/f2c8eaa2b8a5839a7781f04cf59c4d1abfefec9e/hadoop-mapreduce-client-core-2.5.0-cdh5.3.3.jar, file:/Users/hpatel/.gradle/caches/modules-2/files-2.1/org.apache.hadoop/hadoop-mapreduce-client-jobclient/2.5.0-cdh5.3.3/f8baecab9a91245a97e29e4867a7f5ae128ef8a9/hadoop-mapreduce-client-jobclient-2.5.0-cdh5.3.3.jar, file:/Users/hpatel/.gradle/caches/modules-2/files-2.1/org.apache.hadoop/hadoop-aws/2.5.0-cdh5.3.3/f712d9cf59c859914254bed5c87ee4e5a2204e78/hadoop-aws-2.5.0-cdh5.3.3.jar, file:/Users/hpatel/.gradle/caches/modules-2/files-2.1/org.apache.hadoop/hadoop-annotations/2.5.0-cdh5.3.3/e3b40743127d82ff7a6f263d00419368a46ce608/hadoop-annotations-2.5.0-cdh5.3.3.jar, file:/Users/hpatel/.gradle/caches/modules-2/files-2.1/commons-collections/commons-collections/3.2.1/761ea405b9b37ced573d2df0d1e3a4e0f9edc668/commons-collections-3.2.1.jar, file:/Users/hpatel/.gradle/caches/modules-2/files-2.1/commons-configuration/commons-configuration/1.6/32cadde23955d7681b0d94a2715846d20b425235/commons-configuration-1.6.jar, file:/Users/hpatel/.gradle/caches/modules-2/files-2.1/jline/jline/0.9.94/99a18e9a44834afdebc467294e1138364c207402/jline-0.9.94.jar, file:/Users/hpatel/.gradle/caches/modules-2/files-2.1/commons-cli/commons-cli/1.2/2bf96b7aa8b611c177d329452af1dc933e14501c/commons-cli-1.2.jar, file:/Users/hpatel/.gradle/caches/modules-2/files-2.1/xmlenc/xmlenc/0.52/d82554efbe65906d83b3d97bd7509289e9db561a/xmlenc-0.52.jar, file:/Users/hpatel/.gradle/caches/modules-2/files-2.1/commons-httpclient/commons-httpclient/3.1/964cd74171f427720480efdec40a7c7f6e58426a/commons-httpclient-3.1.jar, file:/Users/hpatel/.gradle/caches/modules-2/files-2.1/commons-net/commons-net/3.1/2298164a7c2484406f2aa5ac85b205d39019896f/commons-net-3.1.jar, file:/Users/hpatel/.gradle/caches/modules-2/files-2.1/tomcat/jasper-runtime/5.5.23/96ca5528a93ab47b001476b74320c644beb89dde/jasper-runtime-5.5.23.jar, file:/Users/hpatel/.gradle/caches/modules-2/files-2.1/tomcat/jasper-compiler/5.5.23/6d35bd7fb8c4fbc1f5401fb3678aa976d2e4c241/jasper-compiler-5.5.23.jar, file:/Users/hpatel/.gradle/caches/modules-2/files-2.1/javax.servlet.jsp/jsp-api/2.1/63f943103f250ef1f3a4d5e94d145a0f961f5316/jsp-api-2.1.jar, file:/Users/hpatel/.gradle/caches/modules-2/files-2.1/commons-el/commons-el/1.0/1df2c042b3f2de0124750241ac6c886dbfa2cc2c/commons-el-1.0.jar, file:/Users/hpatel/.gradle/caches/modules-2/files-2.1/javax.servlet/servlet-api/2.5/5959582d97d8b61f4d154ca9e495aafd16726e34/servlet-api-2.5.jar, file:/Users/hpatel/.gradle/caches/modules-2/files-2.1/hsqldb/hsqldb/1.8.0.10/7e9978fdb754bce5fcd5161133e7734ecb683036/hsqldb-1.8.0.10.jar, file:/Users/hpatel/.gradle/caches/modules-2/files-2.1/org.eclipse.jdt/core/3.1.1/88c83ce444cf46d02494da37c9fa1eebc9ce9cea/core-3.1.1.jar, file:/Users/hpatel/.gradle/caches/modules-2/files-2.1/javassist/javassist/3.12.1.GA/526633327faa61aee448a519e8a4d53ec3057885/javassist-3.12.1.GA.jar, file:/Users/hpatel/.gradle/caches/modules-2/files-2.1/dom4j/dom4j/1.6.1/5d3ccc056b6f056dbf0dddfdf43894b9065a8f94/dom4j-1.6.1.jar, file:/Users/hpatel/.gradle/caches/modules-2/files-2.1/org.objenesis/objenesis/2.1/87c0ea803b69252868d09308b4618f766f135a96/objenesis-2.1.jar, file:/Users/hpatel/.gradle/caches/modules-2/files-2.1/commons-logging/commons-logging/1.1.3/f6f66e966c70a83ffbdb6f17a0919eaf7c8aca7f/commons-logging-1.1.3.jar, file:/Users/hpatel/.gradle/caches/modules-2/files-2.1/org.apache.hive/hive-common/0.13.1-cdh5.3.3/e3fbf24d30a553c50ae4d4eed23f81b0e1211c5a/hive-common-0.13.1-cdh5.3.3.jar, file:/Users/hpatel/.gradle/caches/modules-2/files-2.1/org.apache.avro/avro/1.7.6-cdh5.3.3/6d90271293977d199ed07002bf35e2805405cc64/avro-1.7.6-cdh5.3.3.jar, file:/Users/hpatel/.gradle/caches/modules-2/files-2.1/net.sf.opencsv/opencsv/2.3/c23708cdb9e80a144db433e23344a788a1fd6599/opencsv-2.3.jar, file:/Users/hpatel/.gradle/caches/modules-2/files-2.1/com.sun.jersey/jersey-servlet/1.14/4b87041a59ee152757b62e47a21d5b63fde20ffe/jersey-servlet-1.14.jar, file:/Users/hpatel/.gradle/caches/modules-2/files-2.1/org.slf4j/slf4j-log4j12/1.7.5/6edffc576ce104ec769d954618764f39f0f0f10d/slf4j-log4j12-1.7.5.jar, file:/Users/hpatel/.gradle/caches/modules-2/files-2.1/org.apache.commons/commons-math3/3.1.1/6719d757a98ff24a83d9d727bef9cec83f59b6e1/commons-math3-3.1.1.jar, file:/Users/hpatel/.gradle/caches/modules-2/files-2.1/commons-io/commons-io/2.4/b1b6ea3b7e4aa4f492509a4952029cd8e48019ad/commons-io-2.4.jar, file:/Users/hpatel/.gradle/caches/modules-2/files-2.1/com.sun.jersey/jersey-json/1.9/1aa73e1896bcc7013fed247157d7f676226eb432/jersey-json-1.9.jar, file:/Users/hpatel/.gradle/caches/modules-2/files-2.1/log4j/log4j/1.2.17/5af35056b4d257e4b64b9e8069c0746e8b08629f/log4j-1.2.17.jar, file:/Users/hpatel/.gradle/caches/modules-2/files-2.1/com.google.code.gson/gson/2.2.4/a60a5e993c98c864010053cb901b7eab25306568/gson-2.2.4.jar, file:/Users/hpatel/.gradle/caches/modules-2/files-2.1/org.apache.hadoop/hadoop-auth/2.5.0-cdh5.3.3/847eb288da72acfdd7d202da5149dec6cd20ceba/hadoop-auth-2.5.0-cdh5.3.3.jar, file:/Users/hpatel/.gradle/caches/modules-2/files-2.1/com.jcraft/jsch/0.1.42/a86104b0f2e0c0bab5b0df836065823a99b5e334/jsch-0.1.42.jar, file:/Users/hpatel/.gradle/caches/modules-2/files-2.1/org.apache.curator/curator-client/2.6.0/b9007c357ad1a78066fc6004e8b1feaa2318f6f3/curator-client-2.6.0.jar, file:/Users/hpatel/.gradle/caches/modules-2/files-2.1/org.apache.curator/curator-recipes/2.6.0/8736b0fc42e6bf006d585fe85c90aaa4ade5cbef/curator-recipes-2.6.0.jar, file:/Users/hpatel/.gradle/caches/modules-2/files-2.1/com.google.code.findbugs/jsr305/1.3.9/40719ea6961c0cb6afaeb6a921eaa1f6afd4cfdf/jsr305-1.3.9.jar, file:/Users/hpatel/.gradle/caches/modules-2/files-2.1/org.apache.commons/commons-compress/1.4.1/b02e84a993d88568417536240e970c4b809126fd/commons-compress-1.4.1.jar, file:/Users/hpatel/.gradle/caches/modules-2/files-2.1/org.apache.hive.shims/hive-shims-common/0.13.1-cdh5.3.3/3d9e5245018fbde18f52c4ab25fc35afdec2fc0a/hive-shims-common-0.13.1-cdh5.3.3.jar, file:/Users/hpatel/.gradle/caches/modules-2/files-2.1/org.apache.hive.shims/hive-shims-common-secure/0.13.1-cdh5.3.3/6b29a16b2a41b89bdbbc681c257ad7f766a90bcb/hive-shims-common-secure-0.13.1-cdh5.3.3.jar, file:/Users/hpatel/.gradle/caches/modules-2/files-2.1/org.apache.hive.shims/hive-shims-0.23/0.13.1-cdh5.3.3/7ab834955a767af200d1d9151c204751637d9ca9/hive-shims-0.23-0.13.1-cdh5.3.3.jar, file:/Users/hpatel/.gradle/caches/modules-2/files-2.1/org.apache.hive.shims/hive-shims-scheduler/0.13.1-cdh5.3.3/b6644420b74f936a838f7f3fd2fa19c19add0449/hive-shims-scheduler-0.13.1-cdh5.3.3.jar, file:/Users/hpatel/.gradle/caches/modules-2/files-2.1/org.apache.hadoop/hadoop-mapreduce-client-common/2.5.0-cdh5.3.3/f0d777bb76ca9f540c0c81a45934f0f5cf9975b8/hadoop-mapreduce-client-common-2.5.0-cdh5.3.3.jar, file:/Users/hpatel/.gradle/caches/modules-2/files-2.1/org.apache.hadoop/hadoop-mapreduce-client-shuffle/2.5.0-cdh5.3.3/b6c4316f6fcc406edf7e5bd77c50e46034ad5519/hadoop-mapreduce-client-shuffle-2.5.0-cdh5.3.3.jar, file:/Users/hpatel/.gradle/caches/modules-2/files-2.1/org.apache.hadoop/hadoop-yarn-common/2.5.0-cdh5.3.3/9499713b674eae1aa714fcd0e95e0d09daaf3824/hadoop-yarn-common-2.5.0-cdh5.3.3.jar, file:/Users/hpatel/.gradle/caches/modules-2/files-2.1/com.fasterxml.jackson.core/jackson-databind/2.2.3/3ae380888029daefb91d3ecdca3a37d8cb92bc9/jackson-databind-2.2.3.jar, file:/Users/hpatel/.gradle/caches/modules-2/files-2.1/com.fasterxml.jackson.core/jackson-annotations/2.2.3/527fece4f23a457070a36c371a26d6c0208e1c3/jackson-annotations-2.2.3.jar, file:/Users/hpatel/.gradle/caches/modules-2/files-2.1/com.amazonaws/aws-java-sdk/1.7.4/2c24ccb6f1ab845a7df971951d4b41c709a6517d/aws-java-sdk-1.7.4.jar, file:/Users/hpatel/.gradle/caches/modules-2/files-2.1/commons-digester/commons-digester/1.8/dc6a73fdbd1fa3f0944e8497c6c872fa21dca37e/commons-digester-1.8.jar, file:/Users/hpatel/.gradle/caches/modules-2/files-2.1/commons-beanutils/commons-beanutils-core/1.8.0/175dc721f87e4bc5cc0573f990e28c3cf9117508/commons-beanutils-core-1.8.0.jar, file:/Users/hpatel/.gradle/caches/modules-2/files-2.1/xml-apis/xml-apis/1.0.b2/3136ca936f64c9d68529f048c2618bd356bf85c9/xml-apis-1.0.b2.jar, file:/Users/hpatel/.gradle/caches/modules-2/files-2.1/com.thoughtworks.paranamer/paranamer/2.3/4a85963a752c0a2f715c3924bfc686865e7e1bc6/paranamer-2.3.jar, file:/Users/hpatel/.gradle/caches/modules-2/files-2.1/org.xerial.snappy/snappy-java/1.0.5/10cb4550360a0ec6b80f09a5209d00b6058e82bf/snappy-java-1.0.5.jar, file:/Users/hpatel/.gradle/caches/modules-2/files-2.1/org.codehaus.jettison/jettison/1.1/1a01a2a1218fcf9faa2cc2a6ced025bdea687262/jettison-1.1.jar, file:/Users/hpatel/.gradle/caches/modules-2/files-2.1/com.sun.xml.bind/jaxb-impl/2.2.3-1/56baae106392040a45a06d4a41099173425da1e6/jaxb-impl-2.2.3-1.jar, file:/Users/hpatel/.gradle/caches/modules-2/files-2.1/org.apache.directory.server/apacheds-kerberos-codec/2.0.0-M15/1c16e4e477183641c5f0dd5cdecd27ec331bacb5/apacheds-kerberos-codec-2.0.0-M15.jar, file:/Users/hpatel/.gradle/caches/modules-2/files-2.1/org.apache.curator/curator-framework/2.6.0/81a699c39d127b5b4ff97cc77da7650b53e5b5ed/curator-framework-2.6.0.jar, file:/Users/hpatel/.gradle/caches/modules-2/files-2.1/org.tukaani/xz/1.0/ecff5cb8b1189514c9d1d8d68eb77ac372e000c9/xz-1.0.jar, file:/Users/hpatel/.gradle/caches/modules-2/files-2.1/org.apache.hadoop/hadoop-yarn-client/2.5.0-cdh5.3.3/2d2ce5d0138d02b20aefcfc1ee8dd6f691911f63/hadoop-yarn-client-2.5.0-cdh5.3.3.jar, file:/Users/hpatel/.gradle/caches/modules-2/files-2.1/org.apache.hadoop/hadoop-yarn-server-common/2.5.0-cdh5.3.3/d099fcc19f56d477fa6b5b47ae4e06bb97538778/hadoop-yarn-server-common-2.5.0-cdh5.3.3.jar, file:/Users/hpatel/.gradle/caches/modules-2/files-2.1/org.apache.hadoop/hadoop-yarn-server-nodemanager/2.5.0-cdh5.3.3/278b2d7a6454ce57a94ab02a88c0b188afc8facc/hadoop-yarn-server-nodemanager-2.5.0-cdh5.3.3.jar, file:/Users/hpatel/.gradle/caches/modules-2/files-2.1/org.fusesource.leveldbjni/leveldbjni-all/1.8/707350a2eeb1fa2ed77a32ddb3893ed308e941db/leveldbjni-all-1.8.jar, file:/Users/hpatel/.gradle/caches/modules-2/files-2.1/javax.xml.bind/jaxb-api/2.2.2/aeb3021ca93dde265796d82015beecdcff95bf09/jaxb-api-2.2.2.jar, file:/Users/hpatel/.gradle/caches/modules-2/files-2.1/com.google.inject/guice/3.0/9d84f15fe35e2c716a02979fb62f50a29f38aefa/guice-3.0.jar, file:/Users/hpatel/.gradle/caches/modules-2/files-2.1/com.sun.jersey.contribs/jersey-guice/1.9/5963c28c47df7e5d6ad34cec80c071c368777f7b/jersey-guice-1.9.jar, file:/Users/hpatel/.gradle/caches/modules-2/files-2.1/com.fasterxml.jackson.core/jackson-core/2.2.3/1a0113da2cab5f4c216b4e5e7c1dbfaa67087e14/jackson-core-2.2.3.jar, file:/Users/hpatel/.gradle/caches/modules-2/files-2.1/commons-beanutils/commons-beanutils/1.7.0/5675fd96b29656504b86029551973d60fb41339b/commons-beanutils-1.7.0.jar, file:/Users/hpatel/.gradle/caches/modules-2/files-2.1/org.apache.directory.server/apacheds-i18n/2.0.0-M15/71c61c84683152ec2a6a65f3f96fe534e304fa22/apacheds-i18n-2.0.0-M15.jar, file:/Users/hpatel/.gradle/caches/modules-2/files-2.1/org.apache.directory.api/api-asn1-api/1.0.0-M20/5e6486ffa3125ba44dc410ead166e1d6ba8ac76d/api-asn1-api-1.0.0-M20.jar, file:/Users/hpatel/.gradle/caches/modules-2/files-2.1/org.apache.directory.api/api-util/1.0.0-M20/a871abf060b3cf83fc6dc4d7e3d151fce50ac3cb/api-util-1.0.0-M20.jar, file:/Users/hpatel/.gradle/caches/modules-2/files-2.1/com.sun.jersey/jersey-client/1.9/d3c4b2b5f89db32c96ceddcb863684821910a7bb/jersey-client-1.9.jar, file:/Users/hpatel/.gradle/caches/modules-2/files-2.1/javax.xml.stream/stax-api/1.0-2/d6337b0de8b25e53e81b922352fbea9f9f57ba0b/stax-api-1.0-2.jar, file:/Users/hpatel/.gradle/caches/modules-2/files-2.1/javax.activation/activation/1.1/e6cb541461c2834bdea3eb920f1884d1eb508b50/activation-1.1.jar, file:/Users/hpatel/.gradle/caches/modules-2/files-2.1/javax.inject/javax.inject/1/6975da39a7040257bd51d21a231b76c915872d38/javax.inject-1.jar, file:/Users/hpatel/.gradle/caches/modules-2/files-2.1/aopalliance/aopalliance/1.0/235ba8b489512805ac13a8f9ea77a1ca5ebe3e8/aopalliance-1.0.jar, file:/Users/hpatel/.gradle/caches/modules-2/files-2.1/org.sonatype.sisu.inject/cglib/2.2.1-v20090111/7ce5e983fd0e6c78346f4c9cbfa39d83049dda2/cglib-2.2.1-v20090111.jar, file:/Users/hpatel/.gradle/caches/modules-2/files-2.1/asm/asm/3.1/c157def142714c544bdea2e6144645702adf7097/asm-3.1.jar, file:/Users/hpatel/.gradle/caches/modules-2/files-2.1/org.apache.hive/hive-service/0.13.1-cdh5.3.3/c7979b4213bfb62823d43ba726e0fea58032dd1e/hive-service-0.13.1-cdh5.3.3.jar, file:/Users/hpatel/.gradle/caches/modules-2/files-2.1/net.sf.jpam/jpam/1.1/cb3d91c2dfda767518a371dbb02edfd6a4aa0600/jpam-1.1.jar, file:/Users/hpatel/.gradle/caches/modules-2/files-2.1/org.eclipse.jetty.aggregate/jetty-all/7.6.0.v20120127/47bb68e3837e5c6422138dd1e0d4d75c60dce87a/jetty-all-7.6.0.v20120127.jar, file:/Users/hpatel/.gradle/caches/modules-2/files-2.1/org.apache.thrift/libfb303/0.9.0/639bd69767fdbd7f658ce8233248fe1cea635164/libfb303-0.9.0.jar, file:/Users/hpatel/.gradle/caches/modules-2/files-2.1/org.apache.geronimo.specs/geronimo-jta_1.1_spec/1.1.1/aabab3165b8ea936b9360abbf448459c0d04a5a4/geronimo-jta_1.1_spec-1.1.1.jar, file:/Users/hpatel/.gradle/caches/modules-2/files-2.1/javax.mail/mail/1.4.1/8b7bc69010655425dabf091b51d1e90b4de36715/mail-1.4.1.jar, file:/Users/hpatel/.gradle/caches/modules-2/files-2.1/org.apache.geronimo.specs/geronimo-jaspic_1.0_spec/1.0/44b95be7dae1147716dce5336419eafade880756/geronimo-jaspic_1.0_spec-1.0.jar, file:/Users/hpatel/.gradle/caches/modules-2/files-2.1/org.apache.geronimo.specs/geronimo-annotation_1.0_spec/1.1.1/47caa799389f69d297b86bf90523d431599c3796/geronimo-annotation_1.0_spec-1.1.1.jar, file:/Users/hpatel/.gradle/caches/modules-2/files-2.1/asm/asm-commons/3.1/1b607fbfe7889c6fdff1b7c16439ade0a60869ac/asm-commons-3.1.jar, file:/Users/hpatel/.gradle/caches/modules-2/files-2.1/asm/asm-tree/3.1/c9a5d4334ddf194ea492f22107d45119a5c5322f/asm-tree-3.1.jar, file:/Users/hpatel/.gradle/caches/modules-2/files-2.1/commons-lang/commons-lang/2.6/ce1edb914c94ebc388f086c6827e8bdeec71ac2/commons-lang-2.6.jar, file:/Users/hpatel/.gradle/caches/modules-2/files-2.1/org.mortbay.jetty/jetty/6.1.26.cloudera.4/d59325a5ff8ff18f7543bc3fbb9d5efa0c0ff521/jetty-6.1.26.cloudera.4.jar, file:/Users/hpatel/.gradle/caches/modules-2/files-2.1/org.mortbay.jetty/jetty-util/6.1.26.cloudera.4/b8507b7c5d3fd9a3d01775272cbf1a63f530c19d/jetty-util-6.1.26.cloudera.4.jar, file:/Users/hpatel/.gradle/caches/modules-2/files-2.1/net.java.dev.jets3t/jets3t/0.9.0/792bc96ee7e57b89f472aa0cb5a31015b9f59c96/jets3t-0.9.0.jar, file:/Users/hpatel/.gradle/caches/modules-2/files-2.1/com.jamesmurty.utils/java-xmlbuilder/0.4/ac5962e48cdee3a0a6e1f8e00fcb594747ac5aaf/java-xmlbuilder-0.4.jar, file:/Users/hpatel/.gradle/caches/modules-2/files-2.1/com.google.protobuf/protobuf-java/2.5.0/a10732c76bfacdbd633a7eb0f7968b1059a65dfa/protobuf-java-2.5.0.jar, file:/Users/hpatel/.gradle/caches/modules-2/files-2.1/org.apache.hive/hive-exec/0.13.1-cdh5.3.3/4d935274127f47dd9c0875efcf317ba49aef1219/hive-exec-0.13.1-cdh5.3.3.jar, file:/Users/hpatel/.gradle/caches/modules-2/files-2.1/org.apache.hive/hive-ant/0.13.1-cdh5.3.3/86954e92a903253177cd6935798c50a6c32b7b81/hive-ant-0.13.1-cdh5.3.3.jar, file:/Users/hpatel/.gradle/caches/modules-2/files-2.1/org.antlr/antlr-runtime/3.4/8f011408269a8e42b8548687e137d8eeb56df4b4/antlr-runtime-3.4.jar, file:/Users/hpatel/.gradle/caches/modules-2/files-2.1/org.antlr/ST4/4.0.4/467a2aa12be6d0f0f68c70eecf6714ab733027ac/ST4-4.0.4.jar, file:/Users/hpatel/.gradle/caches/modules-2/files-2.1/org.apache.ant/ant/1.9.1/35900c96dbebc85dcfbd71f4661059ebcf93c077/ant-1.9.1.jar, file:/Users/hpatel/.gradle/caches/modules-2/files-2.1/org.codehaus.groovy/groovy-all/2.1.6/165b8246372a829c1915611646f6d964010656cf/groovy-all-2.1.6.jar, file:/Users/hpatel/.gradle/caches/modules-2/files-2.1/stax/stax-api/1.0.1/49c100caf72d658aca8e58bd74a4ba90fa2b0d70/stax-api-1.0.1.jar, file:/Users/hpatel/.gradle/caches/modules-2/files-2.1/org.apache.velocity/velocity/1.5/9f306baf7523ffc0e81a6353d08a584d254133b/velocity-1.5.jar, file:/Users/hpatel/.gradle/caches/modules-2/files-2.1/org.antlr/stringtemplate/3.2.1/59ec8083721eae215c6f3caee944c410d2be34de/stringtemplate-3.2.1.jar, file:/Users/hpatel/.gradle/caches/modules-2/files-2.1/antlr/antlr/2.7.7/83cd2cd674a217ade95a4bb83a8a14f351f48bd0/antlr-2.7.7.jar, file:/Users/hpatel/.gradle/caches/modules-2/files-2.1/org.apache.ant/ant-launcher/1.9.1/7c71043ca185eaada9e36391dd022d92859327de/ant-launcher-1.9.1.jar, file:/Users/hpatel/.gradle/caches/modules-2/files-2.1/oro/oro/2.0.8/5592374f834645c4ae250f4c9fbb314c9369d698/oro-2.0.8.jar, file:/Users/hpatel/.gradle/caches/modules-2/files-2.1/org.codehaus.jackson/jackson-core-asl/1.9.13/3c304d70f42f832e0a86d45bd437f692129299a4/jackson-core-asl-1.9.13.jar, file:/Users/hpatel/.gradle/caches/modules-2/files-2.1/org.codehaus.jackson/jackson-mapper-asl/1.9.13/1ee2f2bed0e5dd29d1cb155a166e6f8d50bbddb7/jackson-mapper-asl-1.9.13.jar, file:/Users/hpatel/.gradle/caches/modules-2/files-2.1/org.slf4j/slf4j-api/1.7.6/562424e36df3d2327e8e9301a76027fca17d54ea/slf4j-api-1.7.6.jar, file:/Users/hpatel/.gradle/caches/modules-2/files-2.1/com.sun.jersey/jersey-server/1.14/b1a21724c9b708ed54d42d41bb19ff45ae1d49d9/jersey-server-1.14.jar, file:/Users/hpatel/.gradle/caches/modules-2/files-2.1/org.apache.httpcomponents/httpclient/4.2.5/666e26e76f2e87d84e4f16acb546481ae1b8e9a6/httpclient-4.2.5.jar, file:/Users/hpatel/.gradle/caches/modules-2/files-2.1/org.apache.zookeeper/zookeeper/3.4.6/1b2502e29da1ebaade2357cd1de35a855fa3755/zookeeper-3.4.6.jar, file:/Users/hpatel/.gradle/caches/modules-2/files-2.1/com.google.guava/guava/16.0.1/5fa98cd1a63c99a44dd8d3b77e4762b066a5d0c5/guava-16.0.1.jar, file:/Users/hpatel/.gradle/caches/modules-2/files-2.1/org.codehaus.jackson/jackson-jaxrs/1.8.8/71b16055388e9bd3991c3c3834e8e55098b789f1/jackson-jaxrs-1.8.8.jar, file:/Users/hpatel/.gradle/caches/modules-2/files-2.1/org.codehaus.jackson/jackson-xc/1.8.8/52efa08bc1e4cfea168f552b9e3088297d9d0926/jackson-xc-1.8.8.jar, file:/Users/hpatel/.gradle/caches/modules-2/files-2.1/org.apache.hive/hive-metastore/0.13.1-cdh5.3.3/ca93686a17f064a5ab6587799721cddd7836e53a/hive-metastore-0.13.1-cdh5.3.3.jar, file:/Users/hpatel/.gradle/caches/modules-2/files-2.1/com.jolbox/bonecp/0.8.0.RELEASE/cec24ee9345b3678472bb1b8fdd6aa6b9428beb8/bonecp-0.8.0.RELEASE.jar, file:/Users/hpatel/.gradle/caches/modules-2/files-2.1/org.apache.derby/derby/10.10.1.1/9f6f910f0373adc1b23c10f9b4bb151b7e7449f/derby-10.10.1.1.jar, file:/Users/hpatel/.gradle/caches/modules-2/files-2.1/javax.jdo/jdo-api/3.0.1/58e7a538e020b73871e232eeb064835fd98a492/jdo-api-3.0.1.jar, file:/Users/hpatel/.gradle/caches/modules-2/files-2.1/javax.transaction/jta/1.1/2ca09f0b36ca7d71b762e14ea2ff09d5eac57558/jta-1.1.jar, file:/Users/hpatel/.gradle/caches/modules-2/files-2.1/org.apache.thrift/libthrift/0.9.0/9ba8df332b5db95ce7f3b7a83e44d796c3d014d3/libthrift-0.9.0.jar, file:/Users/hpatel/.gradle/caches/modules-2/files-2.1/org.apache.httpcomponents/httpcore/4.2.4/3b7f38df6de5dd8b500e602ae8c2dd5ee446f883/httpcore-4.2.4.jar, file:/Users/hpatel/.gradle/caches/modules-2/files-2.1/com.sun.jersey/jersey-core/1.14/693061de8b9b352b11e997b1dd4052677778852d/jersey-core-1.14.jar, file:/Users/hpatel/.gradle/caches/modules-2/files-2.1/commons-codec/commons-codec/1.6/b7f0fc8f61ecadeb3695f0b9464755eee44374d4/commons-codec-1.6.jar, file:/Users/hpatel/.gradle/caches/modules-2/files-2.1/io.netty/netty/3.7.0.Final/7a8c35599c68c0bf383df74469aa3e03d9aca87/netty-3.7.0.Final.jar]
15/09/06 13:13:44 INFO mr.ExecMapper: thread classpath = [file:/Users/hpatel/.gradle/caches/2.1/workerMain/gradle-worker.jar, file:/Users/hpatel/Tech/Projects/CAT/ddsw_dev/hive-test/build/classes/test/, file:/Users/hpatel/Tech/Projects/CAT/ddsw_dev/hive-test/build/resources/test/, file:/Users/hpatel/Tech/Projects/CAT/ddsw_dev/hive-test/build/classes/main/, file:/Users/hpatel/Tech/Projects/CAT/ddsw_dev/hive-test/build/resources/main, file:/Users/hpatel/.gradle/caches/modules-2/files-2.1/junit/junit/4.11/4e031bb61df09069aeb2bffb4019e7a5034a4ee0/junit-4.11.jar, file:/Users/hpatel/.gradle/caches/modules-2/files-2.1/com.klarna/hiverunner/1.0.0/e26bb0655fff4d88fab91f331793d9fc1db392cc/HiveRunner-1.0.0.jar, file:/Users/hpatel/Tech/Projects/CAT/ddsw_dev/custom-cat-udfs/build/libs/custom-cat-udfs-0.1.38-SNAPSHOT.jar, file:/Users/hpatel/.gradle/caches/modules-2/files-2.1/org.apache.hadoop/hadoop-client/2.5.0-cdh5.3.3/ec3cd6a8cb043e73a42918934c5d3a3f2747c78b/hadoop-client-2.5.0-cdh5.3.3.jar, file:/Users/hpatel/.gradle/caches/modules-2/files-2.1/org.hsqldb/hsqldb/2.3.1/bd7153caa30958e1c64a3dd38b93e5a7442d9a0e/hsqldb-2.3.1.jar, file:/Users/hpatel/.gradle/caches/modules-2/files-2.1/org.apache.hadoop/hadoop-core/2.5.0-mr1-cdh5.3.3/f6f4a77f818757da51ae0244310855779c04c4be/hadoop-core-2.5.0-mr1-cdh5.3.3.jar, file:/Users/hpatel/.gradle/caches/modules-2/files-2.1/org.reflections/reflections/0.9.8/f723abb59bf512952bfc503838f70f81487a6993/reflections-0.9.8.jar, file:/Users/hpatel/.gradle/caches/modules-2/files-2.1/org.mockito/mockito-core/1.10.19/e8546f5bef4e061d8dd73895b4e8f40e3fe6effe/mockito-core-1.10.19.jar, file:/Users/hpatel/.gradle/caches/modules-2/files-2.1/org.hamcrest/hamcrest-core/1.3/42a25dc3219429f0e5d060061f71acb49bf010a0/hamcrest-core-1.3.jar, file:/Users/hpatel/.gradle/caches/modules-2/files-2.1/org.pentaho/pentaho-aggdesigner-algorithm/5.1.5-jhyde/c52379c645c6c85300e645dff7c72653bf85baa2/pentaho-aggdesigner-algorithm-5.1.5-jhyde.jar, file:/Users/hpatel/.gradle/caches/modules-2/files-2.1/org.apache.hive/hive-serde/0.13.1-cdh5.3.3/9cee47c844d726e9bcef6ab292e1319b7fbddaa3/hive-serde-0.13.1-cdh5.3.3.jar, file:/Users/hpatel/.gradle/caches/modules-2/files-2.1/org.apache.hadoop/hadoop-common/2.5.0-cdh5.3.3/f0862eb1dc33c1807ea29a248af75551e3c6836a/hadoop-common-2.5.0-cdh5.3.3.jar, file:/Users/hpatel/.gradle/caches/modules-2/files-2.1/org.apache.hive/hive-contrib/0.13.1-cdh5.3.3/bf89b429c9b173ac275dc0c1623f5c30e780ee98/hive-contrib-0.13.1-cdh5.3.3.jar, file:/Users/hpatel/.gradle/caches/modules-2/files-2.1/org.datanucleus/datanucleus-core/3.2.12/3212183bb5a2826cd5ff194b9a54619dd0bdf31f/datanucleus-core-3.2.12.jar, file:/Users/hpatel/.gradle/caches/modules-2/files-2.1/org.datanucleus/datanucleus-rdbms/3.2.11/5b053144c89fdff1505b853aa7f1e5ba7657da75/datanucleus-rdbms-3.2.11.jar, file:/Users/hpatel/.gradle/caches/modules-2/files-2.1/org.datanucleus/datanucleus-api-jdo/3.2.8/efc60221fbc91e95cf5758b98c6c5531660696cb/datanucleus-api-jdo-3.2.8.jar, file:/Users/hpatel/.gradle/caches/modules-2/files-2.1/org.apache.hive/hive-shims/0.13.1-cdh5.3.3/47b029532c0b9d45526dcdd858823e6f9634ab81/hive-shims-0.13.1-cdh5.3.3.jar, file:/Users/hpatel/.gradle/caches/modules-2/files-2.1/org.apache.commons/commons-lang3/3.3.1/6738a2da2202ce360f0af90aba005c1e05a2c4cd/commons-lang3-3.3.1.jar, file:/Users/hpatel/.gradle/caches/modules-2/files-2.1/joda-time/joda-time/2.3/56498efd17752898cfcc3868c1b6211a07b12b8f/joda-time-2.3.jar, file:/Users/hpatel/.gradle/caches/modules-2/files-2.1/org.apache.hadoop/hadoop-hdfs/2.5.0-cdh5.3.3/5dd5e2be13d89a9eaab89d3a33bcdf6677671aa9/hadoop-hdfs-2.5.0-cdh5.3.3.jar, file:/Users/hpatel/.gradle/caches/modules-2/files-2.1/org.apache.hadoop/hadoop-mapreduce-client-app/2.5.0-cdh5.3.3/579948f8fa6d9d72bf507bd021fa3dcc0670e95f/hadoop-mapreduce-client-app-2.5.0-cdh5.3.3.jar, file:/Users/hpatel/.gradle/caches/modules-2/files-2.1/org.apache.hadoop/hadoop-yarn-api/2.5.0-cdh5.3.3/a6d9b4b7cbcacd000350a3e33c70269101b5fc79/hadoop-yarn-api-2.5.0-cdh5.3.3.jar, file:/Users/hpatel/.gradle/caches/modules-2/files-2.1/org.apache.hadoop/hadoop-mapreduce-client-core/2.5.0-cdh5.3.3/f2c8eaa2b8a5839a7781f04cf59c4d1abfefec9e/hadoop-mapreduce-client-core-2.5.0-cdh5.3.3.jar, file:/Users/hpatel/.gradle/caches/modules-2/files-2.1/org.apache.hadoop/hadoop-mapreduce-client-jobclient/2.5.0-cdh5.3.3/f8baecab9a91245a97e29e4867a7f5ae128ef8a9/hadoop-mapreduce-client-jobclient-2.5.0-cdh5.3.3.jar, file:/Users/hpatel/.gradle/caches/modules-2/files-2.1/org.apache.hadoop/hadoop-aws/2.5.0-cdh5.3.3/f712d9cf59c859914254bed5c87ee4e5a2204e78/hadoop-aws-2.5.0-cdh5.3.3.jar, file:/Users/hpatel/.gradle/caches/modules-2/files-2.1/org.apache.hadoop/hadoop-annotations/2.5.0-cdh5.3.3/e3b40743127d82ff7a6f263d00419368a46ce608/hadoop-annotations-2.5.0-cdh5.3.3.jar, file:/Users/hpatel/.gradle/caches/modules-2/files-2.1/commons-collections/commons-collections/3.2.1/761ea405b9b37ced573d2df0d1e3a4e0f9edc668/commons-collections-3.2.1.jar, file:/Users/hpatel/.gradle/caches/modules-2/files-2.1/commons-configuration/commons-configuration/1.6/32cadde23955d7681b0d94a2715846d20b425235/commons-configuration-1.6.jar, file:/Users/hpatel/.gradle/caches/modules-2/files-2.1/jline/jline/0.9.94/99a18e9a44834afdebc467294e1138364c207402/jline-0.9.94.jar, file:/Users/hpatel/.gradle/caches/modules-2/files-2.1/commons-cli/commons-cli/1.2/2bf96b7aa8b611c177d329452af1dc933e14501c/commons-cli-1.2.jar, file:/Users/hpatel/.gradle/caches/modules-2/files-2.1/xmlenc/xmlenc/0.52/d82554efbe65906d83b3d97bd7509289e9db561a/xmlenc-0.52.jar, file:/Users/hpatel/.gradle/caches/modules-2/files-2.1/commons-httpclient/commons-httpclient/3.1/964cd74171f427720480efdec40a7c7f6e58426a/commons-httpclient-3.1.jar, file:/Users/hpatel/.gradle/caches/modules-2/files-2.1/commons-net/commons-net/3.1/2298164a7c2484406f2aa5ac85b205d39019896f/commons-net-3.1.jar, file:/Users/hpatel/.gradle/caches/modules-2/files-2.1/tomcat/jasper-runtime/5.5.23/96ca5528a93ab47b001476b74320c644beb89dde/jasper-runtime-5.5.23.jar, file:/Users/hpatel/.gradle/caches/modules-2/files-2.1/tomcat/jasper-compiler/5.5.23/6d35bd7fb8c4fbc1f5401fb3678aa976d2e4c241/jasper-compiler-5.5.23.jar, file:/Users/hpatel/.gradle/caches/modules-2/files-2.1/javax.servlet.jsp/jsp-api/2.1/63f943103f250ef1f3a4d5e94d145a0f961f5316/jsp-api-2.1.jar, file:/Users/hpatel/.gradle/caches/modules-2/files-2.1/commons-el/commons-el/1.0/1df2c042b3f2de0124750241ac6c886dbfa2cc2c/commons-el-1.0.jar, file:/Users/hpatel/.gradle/caches/modules-2/files-2.1/javax.servlet/servlet-api/2.5/5959582d97d8b61f4d154ca9e495aafd16726e34/servlet-api-2.5.jar, file:/Users/hpatel/.gradle/caches/modules-2/files-2.1/hsqldb/hsqldb/1.8.0.10/7e9978fdb754bce5fcd5161133e7734ecb683036/hsqldb-1.8.0.10.jar, file:/Users/hpatel/.gradle/caches/modules-2/files-2.1/org.eclipse.jdt/core/3.1.1/88c83ce444cf46d02494da37c9fa1eebc9ce9cea/core-3.1.1.jar, file:/Users/hpatel/.gradle/caches/modules-2/files-2.1/javassist/javassist/3.12.1.GA/526633327faa61aee448a519e8a4d53ec3057885/javassist-3.12.1.GA.jar, file:/Users/hpatel/.gradle/caches/modules-2/files-2.1/dom4j/dom4j/1.6.1/5d3ccc056b6f056dbf0dddfdf43894b9065a8f94/dom4j-1.6.1.jar, file:/Users/hpatel/.gradle/caches/modules-2/files-2.1/org.objenesis/objenesis/2.1/87c0ea803b69252868d09308b4618f766f135a96/objenesis-2.1.jar, file:/Users/hpatel/.gradle/caches/modules-2/files-2.1/commons-logging/commons-logging/1.1.3/f6f66e966c70a83ffbdb6f17a0919eaf7c8aca7f/commons-logging-1.1.3.jar, file:/Users/hpatel/.gradle/caches/modules-2/files-2.1/org.apache.hive/hive-common/0.13.1-cdh5.3.3/e3fbf24d30a553c50ae4d4eed23f81b0e1211c5a/hive-common-0.13.1-cdh5.3.3.jar, file:/Users/hpatel/.gradle/caches/modules-2/files-2.1/org.apache.avro/avro/1.7.6-cdh5.3.3/6d90271293977d199ed07002bf35e2805405cc64/avro-1.7.6-cdh5.3.3.jar, file:/Users/hpatel/.gradle/caches/modules-2/files-2.1/net.sf.opencsv/opencsv/2.3/c23708cdb9e80a144db433e23344a788a1fd6599/opencsv-2.3.jar, file:/Users/hpatel/.gradle/caches/modules-2/files-2.1/com.sun.jersey/jersey-servlet/1.14/4b87041a59ee152757b62e47a21d5b63fde20ffe/jersey-servlet-1.14.jar, file:/Users/hpatel/.gradle/caches/modules-2/files-2.1/org.slf4j/slf4j-log4j12/1.7.5/6edffc576ce104ec769d954618764f39f0f0f10d/slf4j-log4j12-1.7.5.jar, file:/Users/hpatel/.gradle/caches/modules-2/files-2.1/org.apache.commons/commons-math3/3.1.1/6719d757a98ff24a83d9d727bef9cec83f59b6e1/commons-math3-3.1.1.jar, file:/Users/hpatel/.gradle/caches/modules-2/files-2.1/commons-io/commons-io/2.4/b1b6ea3b7e4aa4f492509a4952029cd8e48019ad/commons-io-2.4.jar, file:/Users/hpatel/.gradle/caches/modules-2/files-2.1/com.sun.jersey/jersey-json/1.9/1aa73e1896bcc7013fed247157d7f676226eb432/jersey-json-1.9.jar, file:/Users/hpatel/.gradle/caches/modules-2/files-2.1/log4j/log4j/1.2.17/5af35056b4d257e4b64b9e8069c0746e8b08629f/log4j-1.2.17.jar, file:/Users/hpatel/.gradle/caches/modules-2/files-2.1/com.google.code.gson/gson/2.2.4/a60a5e993c98c864010053cb901b7eab25306568/gson-2.2.4.jar, file:/Users/hpatel/.gradle/caches/modules-2/files-2.1/org.apache.hadoop/hadoop-auth/2.5.0-cdh5.3.3/847eb288da72acfdd7d202da5149dec6cd20ceba/hadoop-auth-2.5.0-cdh5.3.3.jar, file:/Users/hpatel/.gradle/caches/modules-2/files-2.1/com.jcraft/jsch/0.1.42/a86104b0f2e0c0bab5b0df836065823a99b5e334/jsch-0.1.42.jar, file:/Users/hpatel/.gradle/caches/modules-2/files-2.1/org.apache.curator/curator-client/2.6.0/b9007c357ad1a78066fc6004e8b1feaa2318f6f3/curator-client-2.6.0.jar, file:/Users/hpatel/.gradle/caches/modules-2/files-2.1/org.apache.curator/curator-recipes/2.6.0/8736b0fc42e6bf006d585fe85c90aaa4ade5cbef/curator-recipes-2.6.0.jar, file:/Users/hpatel/.gradle/caches/modules-2/files-2.1/com.google.code.findbugs/jsr305/1.3.9/40719ea6961c0cb6afaeb6a921eaa1f6afd4cfdf/jsr305-1.3.9.jar, file:/Users/hpatel/.gradle/caches/modules-2/files-2.1/org.apache.commons/commons-compress/1.4.1/b02e84a993d88568417536240e970c4b809126fd/commons-compress-1.4.1.jar, file:/Users/hpatel/.gradle/caches/modules-2/files-2.1/org.apache.hive.shims/hive-shims-common/0.13.1-cdh5.3.3/3d9e5245018fbde18f52c4ab25fc35afdec2fc0a/hive-shims-common-0.13.1-cdh5.3.3.jar, file:/Users/hpatel/.gradle/caches/modules-2/files-2.1/org.apache.hive.shims/hive-shims-common-secure/0.13.1-cdh5.3.3/6b29a16b2a41b89bdbbc681c257ad7f766a90bcb/hive-shims-common-secure-0.13.1-cdh5.3.3.jar, file:/Users/hpatel/.gradle/caches/modules-2/files-2.1/org.apache.hive.shims/hive-shims-0.23/0.13.1-cdh5.3.3/7ab834955a767af200d1d9151c204751637d9ca9/hive-shims-0.23-0.13.1-cdh5.3.3.jar, file:/Users/hpatel/.gradle/caches/modules-2/files-2.1/org.apache.hive.shims/hive-shims-scheduler/0.13.1-cdh5.3.3/b6644420b74f936a838f7f3fd2fa19c19add0449/hive-shims-scheduler-0.13.1-cdh5.3.3.jar, file:/Users/hpatel/.gradle/caches/modules-2/files-2.1/org.apache.hadoop/hadoop-mapreduce-client-common/2.5.0-cdh5.3.3/f0d777bb76ca9f540c0c81a45934f0f5cf9975b8/hadoop-mapreduce-client-common-2.5.0-cdh5.3.3.jar, file:/Users/hpatel/.gradle/caches/modules-2/files-2.1/org.apache.hadoop/hadoop-mapreduce-client-shuffle/2.5.0-cdh5.3.3/b6c4316f6fcc406edf7e5bd77c50e46034ad5519/hadoop-mapreduce-client-shuffle-2.5.0-cdh5.3.3.jar, file:/Users/hpatel/.gradle/caches/modules-2/files-2.1/org.apache.hadoop/hadoop-yarn-common/2.5.0-cdh5.3.3/9499713b674eae1aa714fcd0e95e0d09daaf3824/hadoop-yarn-common-2.5.0-cdh5.3.3.jar, file:/Users/hpatel/.gradle/caches/modules-2/files-2.1/com.fasterxml.jackson.core/jackson-databind/2.2.3/3ae380888029daefb91d3ecdca3a37d8cb92bc9/jackson-databind-2.2.3.jar, file:/Users/hpatel/.gradle/caches/modules-2/files-2.1/com.fasterxml.jackson.core/jackson-annotations/2.2.3/527fece4f23a457070a36c371a26d6c0208e1c3/jackson-annotations-2.2.3.jar, file:/Users/hpatel/.gradle/caches/modules-2/files-2.1/com.amazonaws/aws-java-sdk/1.7.4/2c24ccb6f1ab845a7df971951d4b41c709a6517d/aws-java-sdk-1.7.4.jar, file:/Users/hpatel/.gradle/caches/modules-2/files-2.1/commons-digester/commons-digester/1.8/dc6a73fdbd1fa3f0944e8497c6c872fa21dca37e/commons-digester-1.8.jar, file:/Users/hpatel/.gradle/caches/modules-2/files-2.1/commons-beanutils/commons-beanutils-core/1.8.0/175dc721f87e4bc5cc0573f990e28c3cf9117508/commons-beanutils-core-1.8.0.jar, file:/Users/hpatel/.gradle/caches/modules-2/files-2.1/xml-apis/xml-apis/1.0.b2/3136ca936f64c9d68529f048c2618bd356bf85c9/xml-apis-1.0.b2.jar, file:/Users/hpatel/.gradle/caches/modules-2/files-2.1/com.thoughtworks.paranamer/paranamer/2.3/4a85963a752c0a2f715c3924bfc686865e7e1bc6/paranamer-2.3.jar, file:/Users/hpatel/.gradle/caches/modules-2/files-2.1/org.xerial.snappy/snappy-java/1.0.5/10cb4550360a0ec6b80f09a5209d00b6058e82bf/snappy-java-1.0.5.jar, file:/Users/hpatel/.gradle/caches/modules-2/files-2.1/org.codehaus.jettison/jettison/1.1/1a01a2a1218fcf9faa2cc2a6ced025bdea687262/jettison-1.1.jar, file:/Users/hpatel/.gradle/caches/modules-2/files-2.1/com.sun.xml.bind/jaxb-impl/2.2.3-1/56baae106392040a45a06d4a41099173425da1e6/jaxb-impl-2.2.3-1.jar, file:/Users/hpatel/.gradle/caches/modules-2/files-2.1/org.apache.directory.server/apacheds-kerberos-codec/2.0.0-M15/1c16e4e477183641c5f0dd5cdecd27ec331bacb5/apacheds-kerberos-codec-2.0.0-M15.jar, file:/Users/hpatel/.gradle/caches/modules-2/files-2.1/org.apache.curator/curator-framework/2.6.0/81a699c39d127b5b4ff97cc77da7650b53e5b5ed/curator-framework-2.6.0.jar, file:/Users/hpatel/.gradle/caches/modules-2/files-2.1/org.tukaani/xz/1.0/ecff5cb8b1189514c9d1d8d68eb77ac372e000c9/xz-1.0.jar, file:/Users/hpatel/.gradle/caches/modules-2/files-2.1/org.apache.hadoop/hadoop-yarn-client/2.5.0-cdh5.3.3/2d2ce5d0138d02b20aefcfc1ee8dd6f691911f63/hadoop-yarn-client-2.5.0-cdh5.3.3.jar, file:/Users/hpatel/.gradle/caches/modules-2/files-2.1/org.apache.hadoop/hadoop-yarn-server-common/2.5.0-cdh5.3.3/d099fcc19f56d477fa6b5b47ae4e06bb97538778/hadoop-yarn-server-common-2.5.0-cdh5.3.3.jar, file:/Users/hpatel/.gradle/caches/modules-2/files-2.1/org.apache.hadoop/hadoop-yarn-server-nodemanager/2.5.0-cdh5.3.3/278b2d7a6454ce57a94ab02a88c0b188afc8facc/hadoop-yarn-server-nodemanager-2.5.0-cdh5.3.3.jar, file:/Users/hpatel/.gradle/caches/modules-2/files-2.1/org.fusesource.leveldbjni/leveldbjni-all/1.8/707350a2eeb1fa2ed77a32ddb3893ed308e941db/leveldbjni-all-1.8.jar, file:/Users/hpatel/.gradle/caches/modules-2/files-2.1/javax.xml.bind/jaxb-api/2.2.2/aeb3021ca93dde265796d82015beecdcff95bf09/jaxb-api-2.2.2.jar, file:/Users/hpatel/.gradle/caches/modules-2/files-2.1/com.google.inject/guice/3.0/9d84f15fe35e2c716a02979fb62f50a29f38aefa/guice-3.0.jar, file:/Users/hpatel/.gradle/caches/modules-2/files-2.1/com.sun.jersey.contribs/jersey-guice/1.9/5963c28c47df7e5d6ad34cec80c071c368777f7b/jersey-guice-1.9.jar, file:/Users/hpatel/.gradle/caches/modules-2/files-2.1/com.fasterxml.jackson.core/jackson-core/2.2.3/1a0113da2cab5f4c216b4e5e7c1dbfaa67087e14/jackson-core-2.2.3.jar, file:/Users/hpatel/.gradle/caches/modules-2/files-2.1/commons-beanutils/commons-beanutils/1.7.0/5675fd96b29656504b86029551973d60fb41339b/commons-beanutils-1.7.0.jar, file:/Users/hpatel/.gradle/caches/modules-2/files-2.1/org.apache.directory.server/apacheds-i18n/2.0.0-M15/71c61c84683152ec2a6a65f3f96fe534e304fa22/apacheds-i18n-2.0.0-M15.jar, file:/Users/hpatel/.gradle/caches/modules-2/files-2.1/org.apache.directory.api/api-asn1-api/1.0.0-M20/5e6486ffa3125ba44dc410ead166e1d6ba8ac76d/api-asn1-api-1.0.0-M20.jar, file:/Users/hpatel/.gradle/caches/modules-2/files-2.1/org.apache.directory.api/api-util/1.0.0-M20/a871abf060b3cf83fc6dc4d7e3d151fce50ac3cb/api-util-1.0.0-M20.jar, file:/Users/hpatel/.gradle/caches/modules-2/files-2.1/com.sun.jersey/jersey-client/1.9/d3c4b2b5f89db32c96ceddcb863684821910a7bb/jersey-client-1.9.jar, file:/Users/hpatel/.gradle/caches/modules-2/files-2.1/javax.xml.stream/stax-api/1.0-2/d6337b0de8b25e53e81b922352fbea9f9f57ba0b/stax-api-1.0-2.jar, file:/Users/hpatel/.gradle/caches/modules-2/files-2.1/javax.activation/activation/1.1/e6cb541461c2834bdea3eb920f1884d1eb508b50/activation-1.1.jar, file:/Users/hpatel/.gradle/caches/modules-2/files-2.1/javax.inject/javax.inject/1/6975da39a7040257bd51d21a231b76c915872d38/javax.inject-1.jar, file:/Users/hpatel/.gradle/caches/modules-2/files-2.1/aopalliance/aopalliance/1.0/235ba8b489512805ac13a8f9ea77a1ca5ebe3e8/aopalliance-1.0.jar, file:/Users/hpatel/.gradle/caches/modules-2/files-2.1/org.sonatype.sisu.inject/cglib/2.2.1-v20090111/7ce5e983fd0e6c78346f4c9cbfa39d83049dda2/cglib-2.2.1-v20090111.jar, file:/Users/hpatel/.gradle/caches/modules-2/files-2.1/asm/asm/3.1/c157def142714c544bdea2e6144645702adf7097/asm-3.1.jar, file:/Users/hpatel/.gradle/caches/modules-2/files-2.1/org.apache.hive/hive-service/0.13.1-cdh5.3.3/c7979b4213bfb62823d43ba726e0fea58032dd1e/hive-service-0.13.1-cdh5.3.3.jar, file:/Users/hpatel/.gradle/caches/modules-2/files-2.1/net.sf.jpam/jpam/1.1/cb3d91c2dfda767518a371dbb02edfd6a4aa0600/jpam-1.1.jar, file:/Users/hpatel/.gradle/caches/modules-2/files-2.1/org.eclipse.jetty.aggregate/jetty-all/7.6.0.v20120127/47bb68e3837e5c6422138dd1e0d4d75c60dce87a/jetty-all-7.6.0.v20120127.jar, file:/Users/hpatel/.gradle/caches/modules-2/files-2.1/org.apache.thrift/libfb303/0.9.0/639bd69767fdbd7f658ce8233248fe1cea635164/libfb303-0.9.0.jar, file:/Users/hpatel/.gradle/caches/modules-2/files-2.1/org.apache.geronimo.specs/geronimo-jta_1.1_spec/1.1.1/aabab3165b8ea936b9360abbf448459c0d04a5a4/geronimo-jta_1.1_spec-1.1.1.jar, file:/Users/hpatel/.gradle/caches/modules-2/files-2.1/javax.mail/mail/1.4.1/8b7bc69010655425dabf091b51d1e90b4de36715/mail-1.4.1.jar, file:/Users/hpatel/.gradle/caches/modules-2/files-2.1/org.apache.geronimo.specs/geronimo-jaspic_1.0_spec/1.0/44b95be7dae1147716dce5336419eafade880756/geronimo-jaspic_1.0_spec-1.0.jar, file:/Users/hpatel/.gradle/caches/modules-2/files-2.1/org.apache.geronimo.specs/geronimo-annotation_1.0_spec/1.1.1/47caa799389f69d297b86bf90523d431599c3796/geronimo-annotation_1.0_spec-1.1.1.jar, file:/Users/hpatel/.gradle/caches/modules-2/files-2.1/asm/asm-commons/3.1/1b607fbfe7889c6fdff1b7c16439ade0a60869ac/asm-commons-3.1.jar, file:/Users/hpatel/.gradle/caches/modules-2/files-2.1/asm/asm-tree/3.1/c9a5d4334ddf194ea492f22107d45119a5c5322f/asm-tree-3.1.jar, file:/Users/hpatel/.gradle/caches/modules-2/files-2.1/commons-lang/commons-lang/2.6/ce1edb914c94ebc388f086c6827e8bdeec71ac2/commons-lang-2.6.jar, file:/Users/hpatel/.gradle/caches/modules-2/files-2.1/org.mortbay.jetty/jetty/6.1.26.cloudera.4/d59325a5ff8ff18f7543bc3fbb9d5efa0c0ff521/jetty-6.1.26.cloudera.4.jar, file:/Users/hpatel/.gradle/caches/modules-2/files-2.1/org.mortbay.jetty/jetty-util/6.1.26.cloudera.4/b8507b7c5d3fd9a3d01775272cbf1a63f530c19d/jetty-util-6.1.26.cloudera.4.jar, file:/Users/hpatel/.gradle/caches/modules-2/files-2.1/net.java.dev.jets3t/jets3t/0.9.0/792bc96ee7e57b89f472aa0cb5a31015b9f59c96/jets3t-0.9.0.jar, file:/Users/hpatel/.gradle/caches/modules-2/files-2.1/com.jamesmurty.utils/java-xmlbuilder/0.4/ac5962e48cdee3a0a6e1f8e00fcb594747ac5aaf/java-xmlbuilder-0.4.jar, file:/Users/hpatel/.gradle/caches/modules-2/files-2.1/com.google.protobuf/protobuf-java/2.5.0/a10732c76bfacdbd633a7eb0f7968b1059a65dfa/protobuf-java-2.5.0.jar, file:/Users/hpatel/.gradle/caches/modules-2/files-2.1/org.apache.hive/hive-exec/0.13.1-cdh5.3.3/4d935274127f47dd9c0875efcf317ba49aef1219/hive-exec-0.13.1-cdh5.3.3.jar, file:/Users/hpatel/.gradle/caches/modules-2/files-2.1/org.apache.hive/hive-ant/0.13.1-cdh5.3.3/86954e92a903253177cd6935798c50a6c32b7b81/hive-ant-0.13.1-cdh5.3.3.jar, file:/Users/hpatel/.gradle/caches/modules-2/files-2.1/org.antlr/antlr-runtime/3.4/8f011408269a8e42b8548687e137d8eeb56df4b4/antlr-runtime-3.4.jar, file:/Users/hpatel/.gradle/caches/modules-2/files-2.1/org.antlr/ST4/4.0.4/467a2aa12be6d0f0f68c70eecf6714ab733027ac/ST4-4.0.4.jar, file:/Users/hpatel/.gradle/caches/modules-2/files-2.1/org.apache.ant/ant/1.9.1/35900c96dbebc85dcfbd71f4661059ebcf93c077/ant-1.9.1.jar, file:/Users/hpatel/.gradle/caches/modules-2/files-2.1/org.codehaus.groovy/groovy-all/2.1.6/165b8246372a829c1915611646f6d964010656cf/groovy-all-2.1.6.jar, file:/Users/hpatel/.gradle/caches/modules-2/files-2.1/stax/stax-api/1.0.1/49c100caf72d658aca8e58bd74a4ba90fa2b0d70/stax-api-1.0.1.jar, file:/Users/hpatel/.gradle/caches/modules-2/files-2.1/org.apache.velocity/velocity/1.5/9f306baf7523ffc0e81a6353d08a584d254133b/velocity-1.5.jar, file:/Users/hpatel/.gradle/caches/modules-2/files-2.1/org.antlr/stringtemplate/3.2.1/59ec8083721eae215c6f3caee944c410d2be34de/stringtemplate-3.2.1.jar, file:/Users/hpatel/.gradle/caches/modules-2/files-2.1/antlr/antlr/2.7.7/83cd2cd674a217ade95a4bb83a8a14f351f48bd0/antlr-2.7.7.jar, file:/Users/hpatel/.gradle/caches/modules-2/files-2.1/org.apache.ant/ant-launcher/1.9.1/7c71043ca185eaada9e36391dd022d92859327de/ant-launcher-1.9.1.jar, file:/Users/hpatel/.gradle/caches/modules-2/files-2.1/oro/oro/2.0.8/5592374f834645c4ae250f4c9fbb314c9369d698/oro-2.0.8.jar, file:/Users/hpatel/.gradle/caches/modules-2/files-2.1/org.codehaus.jackson/jackson-core-asl/1.9.13/3c304d70f42f832e0a86d45bd437f692129299a4/jackson-core-asl-1.9.13.jar, file:/Users/hpatel/.gradle/caches/modules-2/files-2.1/org.codehaus.jackson/jackson-mapper-asl/1.9.13/1ee2f2bed0e5dd29d1cb155a166e6f8d50bbddb7/jackson-mapper-asl-1.9.13.jar, file:/Users/hpatel/.gradle/caches/modules-2/files-2.1/org.slf4j/slf4j-api/1.7.6/562424e36df3d2327e8e9301a76027fca17d54ea/slf4j-api-1.7.6.jar, file:/Users/hpatel/.gradle/caches/modules-2/files-2.1/com.sun.jersey/jersey-server/1.14/b1a21724c9b708ed54d42d41bb19ff45ae1d49d9/jersey-server-1.14.jar, file:/Users/hpatel/.gradle/caches/modules-2/files-2.1/org.apache.httpcomponents/httpclient/4.2.5/666e26e76f2e87d84e4f16acb546481ae1b8e9a6/httpclient-4.2.5.jar, file:/Users/hpatel/.gradle/caches/modules-2/files-2.1/org.apache.zookeeper/zookeeper/3.4.6/1b2502e29da1ebaade2357cd1de35a855fa3755/zookeeper-3.4.6.jar, file:/Users/hpatel/.gradle/caches/modules-2/files-2.1/com.google.guava/guava/16.0.1/5fa98cd1a63c99a44dd8d3b77e4762b066a5d0c5/guava-16.0.1.jar, file:/Users/hpatel/.gradle/caches/modules-2/files-2.1/org.codehaus.jackson/jackson-jaxrs/1.8.8/71b16055388e9bd3991c3c3834e8e55098b789f1/jackson-jaxrs-1.8.8.jar, file:/Users/hpatel/.gradle/caches/modules-2/files-2.1/org.codehaus.jackson/jackson-xc/1.8.8/52efa08bc1e4cfea168f552b9e3088297d9d0926/jackson-xc-1.8.8.jar, file:/Users/hpatel/.gradle/caches/modules-2/files-2.1/org.apache.hive/hive-metastore/0.13.1-cdh5.3.3/ca93686a17f064a5ab6587799721cddd7836e53a/hive-metastore-0.13.1-cdh5.3.3.jar, file:/Users/hpatel/.gradle/caches/modules-2/files-2.1/com.jolbox/bonecp/0.8.0.RELEASE/cec24ee9345b3678472bb1b8fdd6aa6b9428beb8/bonecp-0.8.0.RELEASE.jar, file:/Users/hpatel/.gradle/caches/modules-2/files-2.1/org.apache.derby/derby/10.10.1.1/9f6f910f0373adc1b23c10f9b4bb151b7e7449f/derby-10.10.1.1.jar, file:/Users/hpatel/.gradle/caches/modules-2/files-2.1/javax.jdo/jdo-api/3.0.1/58e7a538e020b73871e232eeb064835fd98a492/jdo-api-3.0.1.jar, file:/Users/hpatel/.gradle/caches/modules-2/files-2.1/javax.transaction/jta/1.1/2ca09f0b36ca7d71b762e14ea2ff09d5eac57558/jta-1.1.jar, file:/Users/hpatel/.gradle/caches/modules-2/files-2.1/org.apache.thrift/libthrift/0.9.0/9ba8df332b5db95ce7f3b7a83e44d796c3d014d3/libthrift-0.9.0.jar, file:/Users/hpatel/.gradle/caches/modules-2/files-2.1/org.apache.httpcomponents/httpcore/4.2.4/3b7f38df6de5dd8b500e602ae8c2dd5ee446f883/httpcore-4.2.4.jar, file:/Users/hpatel/.gradle/caches/modules-2/files-2.1/com.sun.jersey/jersey-core/1.14/693061de8b9b352b11e997b1dd4052677778852d/jersey-core-1.14.jar, file:/Users/hpatel/.gradle/caches/modules-2/files-2.1/commons-codec/commons-codec/1.6/b7f0fc8f61ecadeb3695f0b9464755eee44374d4/commons-codec-1.6.jar, file:/Users/hpatel/.gradle/caches/modules-2/files-2.1/io.netty/netty/3.7.0.Final/7a8c35599c68c0bf383df74469aa3e03d9aca87/netty-3.7.0.Final.jar]
15/09/06 13:13:44 INFO mr.ObjectCache: Ignoring retrieval request: __MAP_PLAN__
15/09/06 13:13:44 INFO mr.ObjectCache: Ignoring cache key: __MAP_PLAN__
15/09/06 13:13:44 INFO exec.MapOperator: dump TS struct<file_name:string,gen_id:string,dms_system:string,dms_version:string,transmit_ts:string,orig_transmit_ts:string,transmit_by:string,record_status:string,dealer_updt_ind:string,store_number:string,part_type:string,store_name:string,inventory_store_number:string,cat_emrg_dealer_code:string,cat_stock_dealer_code:string,stock_replen_store_number:string,stock_replen_lead_time:string,lst_updt_ts:string,orig_lst_updt_ts:string,lst_updt_by_id:string,file_ins_ts:string,orig_file_ins_ts:string,exp_stock_plan_lead_time:string,dealer_code:string>
15/09/06 13:13:44 INFO mr.ExecMapper: 
<MAP>Id =6
  <Children>
    <TS>Id =1
      <Children>
        <SEL>Id =2
          <Children>
            <RS>Id =4
              <Children>
              <\Children>
              <Parent>Id = 2 null<\Parent>
            <\RS>
          <\Children>
          <Parent>Id = 1 null<\Parent>
        <\SEL>
      <\Children>
      <Parent>Id = 6 null<\Parent>
    <\TS>
  <\Children>
  <Parent><\Parent>
<\MAP>
15/09/06 13:13:44 INFO exec.MapOperator: Initializing Self 6 MAP
15/09/06 13:13:44 INFO exec.TableScanOperator: Initializing Self 1 TS
15/09/06 13:13:44 INFO exec.TableScanOperator: Operator 1 TS initialized
15/09/06 13:13:44 INFO exec.TableScanOperator: Initializing children of 1 TS
15/09/06 13:13:44 INFO exec.SelectOperator: Initializing child 2 SEL
15/09/06 13:13:44 INFO exec.SelectOperator: Initializing Self 2 SEL
15/09/06 13:13:44 INFO exec.SelectOperator: SELECT struct<file_name:string,gen_id:string,dms_system:string,dms_version:string,transmit_ts:string,orig_transmit_ts:string,transmit_by:string,record_status:string,dealer_updt_ind:string,store_number:string,part_type:string,store_name:string,inventory_store_number:string,cat_emrg_dealer_code:string,cat_stock_dealer_code:string,stock_replen_store_number:string,stock_replen_lead_time:string,lst_updt_ts:string,orig_lst_updt_ts:string,lst_updt_by_id:string,file_ins_ts:string,orig_file_ins_ts:string,exp_stock_plan_lead_time:string,dealer_code:string>
15/09/06 13:13:44 INFO exec.SelectOperator: Operator 2 SEL initialized
15/09/06 13:13:44 INFO exec.SelectOperator: Initializing children of 2 SEL
15/09/06 13:13:44 INFO exec.ReduceSinkOperator: Initializing child 4 RS
15/09/06 13:13:44 INFO exec.ReduceSinkOperator: Initializing Self 4 RS
15/09/06 13:13:44 INFO exec.ReduceSinkOperator: Using tag = -1
15/09/06 13:13:44 INFO exec.ReduceSinkOperator: Operator 4 RS initialized
15/09/06 13:13:44 INFO exec.ReduceSinkOperator: Initialization Done 4 RS
15/09/06 13:13:44 INFO exec.SelectOperator: Initialization Done 2 SEL
15/09/06 13:13:44 INFO exec.TableScanOperator: Initialization Done 1 TS
15/09/06 13:13:44 INFO exec.MapOperator: Initialization Done 6 MAP
15/09/06 13:13:44 INFO exec.MapOperator: Processing alias dh for file file:/var/folders/y7/4_pz5fzx54ngcmghz3v6t3m00000gn/T/junit9095267975545366152/hadooptmp/dealer_hierarchy/temp_data/dealer_code=AAAA
15/09/06 13:13:44 WARN lazy.LazyStruct: Extra bytes detected at the end of the row! Ignoring similar problems.
15/09/06 13:13:44 INFO mr.ExecMapper: ExecMapper: processing 1 rows: used memory = 153226104
15/09/06 13:13:44 INFO io.HiveContextAwareRecordReader: Processing file file:/var/folders/y7/4_pz5fzx54ngcmghz3v6t3m00000gn/T/junit9095267975545366152/hadooptmp/dealer_hierarchy/temp_data/dealer_code=ZZZZ/temp_data_from_file.csv
15/09/06 13:13:44 INFO exec.MapOperator: Processing alias dh for file file:/var/folders/y7/4_pz5fzx54ngcmghz3v6t3m00000gn/T/junit9095267975545366152/hadooptmp/dealer_hierarchy/temp_data/dealer_code=ZZZZ
15/09/06 13:13:44 WARN lazy.LazyStruct: Extra bytes detected at the end of the row! Ignoring similar problems.
15/09/06 13:13:44 INFO exec.MapOperator: 6 finished. closing... 
15/09/06 13:13:44 INFO exec.MapOperator: DESERIALIZE_ERRORS:0
15/09/06 13:13:44 INFO exec.TableScanOperator: 1 finished. closing... 
15/09/06 13:13:44 INFO exec.SelectOperator: 2 finished. closing... 
15/09/06 13:13:44 INFO exec.ReduceSinkOperator: 4 finished. closing... 
15/09/06 13:13:44 INFO exec.ReduceSinkOperator: 4 Close done
15/09/06 13:13:44 INFO exec.SelectOperator: 2 Close done
15/09/06 13:13:44 INFO exec.TableScanOperator: 1 Close done
15/09/06 13:13:44 INFO exec.MapOperator: 6 Close done
15/09/06 13:13:44 INFO mr.ExecMapper: ExecMapper: processed 4 rows: used memory = 153226104
15/09/06 13:13:44 INFO mapred.MapTask: Starting flush of map output
15/09/06 13:13:44 INFO mapred.MapTask: Finished spill 0
15/09/06 13:13:44 INFO mapred.Task: Task:attempt_local227979569_0001_m_000000_0 is done. And is in the process of commiting
15/09/06 13:13:44 INFO mapred.LocalJobRunner: file:/var/folders/y7/4_pz5fzx54ngcmghz3v6t3m00000gn/T/junit9095267975545366152/hadooptmp/dealer_hierarchy/temp_data/dealer_code=ZZZZ/temp_data_from_file.csv:0+626
15/09/06 13:13:44 INFO mapred.Task: Task 'attempt_local227979569_0001_m_000000_0' done.
15/09/06 13:13:44 INFO mapred.LocalJobRunner: Finishing task: attempt_local227979569_0001_m_000000_0
15/09/06 13:13:44 INFO mapred.LocalJobRunner: Map task executor complete.
15/09/06 13:13:44 WARN mapreduce.Counters: Group org.apache.hadoop.mapred.Task$Counter is deprecated. Use org.apache.hadoop.mapreduce.TaskCounter instead
2015-09-06 13:13:44,955 Stage-1 map = 100%,  reduce = 0%
15/09/06 13:13:44 INFO exec.Task: 2015-09-06 13:13:44,955 Stage-1 map = 100%,  reduce = 0%
15/09/06 13:13:44 INFO mapred.Task:  Using ResourceCalculatorPlugin : null
15/09/06 13:13:44 INFO mapred.LocalJobRunner: 
15/09/06 13:13:44 INFO mapred.Merger: Merging 1 sorted segments
15/09/06 13:13:44 INFO mapred.Merger: Down to the last merge-pass, with 1 segments left of total size: 974 bytes
15/09/06 13:13:44 INFO mapred.LocalJobRunner: 
15/09/06 13:13:44 INFO ExecReducer: maximum memory = 3817865216
15/09/06 13:13:44 INFO ExecReducer: conf classpath = [file:/Users/hpatel/.gradle/caches/2.1/workerMain/gradle-worker.jar, file:/Users/hpatel/Tech/Projects/CAT/ddsw_dev/hive-test/build/classes/test/, file:/Users/hpatel/Tech/Projects/CAT/ddsw_dev/hive-test/build/resources/test/, file:/Users/hpatel/Tech/Projects/CAT/ddsw_dev/hive-test/build/classes/main/, file:/Users/hpatel/Tech/Projects/CAT/ddsw_dev/hive-test/build/resources/main, file:/Users/hpatel/.gradle/caches/modules-2/files-2.1/junit/junit/4.11/4e031bb61df09069aeb2bffb4019e7a5034a4ee0/junit-4.11.jar, file:/Users/hpatel/.gradle/caches/modules-2/files-2.1/com.klarna/hiverunner/1.0.0/e26bb0655fff4d88fab91f331793d9fc1db392cc/HiveRunner-1.0.0.jar, file:/Users/hpatel/Tech/Projects/CAT/ddsw_dev/custom-cat-udfs/build/libs/custom-cat-udfs-0.1.38-SNAPSHOT.jar, file:/Users/hpatel/.gradle/caches/modules-2/files-2.1/org.apache.hadoop/hadoop-client/2.5.0-cdh5.3.3/ec3cd6a8cb043e73a42918934c5d3a3f2747c78b/hadoop-client-2.5.0-cdh5.3.3.jar, file:/Users/hpatel/.gradle/caches/modules-2/files-2.1/org.hsqldb/hsqldb/2.3.1/bd7153caa30958e1c64a3dd38b93e5a7442d9a0e/hsqldb-2.3.1.jar, file:/Users/hpatel/.gradle/caches/modules-2/files-2.1/org.apache.hadoop/hadoop-core/2.5.0-mr1-cdh5.3.3/f6f4a77f818757da51ae0244310855779c04c4be/hadoop-core-2.5.0-mr1-cdh5.3.3.jar, file:/Users/hpatel/.gradle/caches/modules-2/files-2.1/org.reflections/reflections/0.9.8/f723abb59bf512952bfc503838f70f81487a6993/reflections-0.9.8.jar, file:/Users/hpatel/.gradle/caches/modules-2/files-2.1/org.mockito/mockito-core/1.10.19/e8546f5bef4e061d8dd73895b4e8f40e3fe6effe/mockito-core-1.10.19.jar, file:/Users/hpatel/.gradle/caches/modules-2/files-2.1/org.hamcrest/hamcrest-core/1.3/42a25dc3219429f0e5d060061f71acb49bf010a0/hamcrest-core-1.3.jar, file:/Users/hpatel/.gradle/caches/modules-2/files-2.1/org.pentaho/pentaho-aggdesigner-algorithm/5.1.5-jhyde/c52379c645c6c85300e645dff7c72653bf85baa2/pentaho-aggdesigner-algorithm-5.1.5-jhyde.jar, file:/Users/hpatel/.gradle/caches/modules-2/files-2.1/org.apache.hive/hive-serde/0.13.1-cdh5.3.3/9cee47c844d726e9bcef6ab292e1319b7fbddaa3/hive-serde-0.13.1-cdh5.3.3.jar, file:/Users/hpatel/.gradle/caches/modules-2/files-2.1/org.apache.hadoop/hadoop-common/2.5.0-cdh5.3.3/f0862eb1dc33c1807ea29a248af75551e3c6836a/hadoop-common-2.5.0-cdh5.3.3.jar, file:/Users/hpatel/.gradle/caches/modules-2/files-2.1/org.apache.hive/hive-contrib/0.13.1-cdh5.3.3/bf89b429c9b173ac275dc0c1623f5c30e780ee98/hive-contrib-0.13.1-cdh5.3.3.jar, file:/Users/hpatel/.gradle/caches/modules-2/files-2.1/org.datanucleus/datanucleus-core/3.2.12/3212183bb5a2826cd5ff194b9a54619dd0bdf31f/datanucleus-core-3.2.12.jar, file:/Users/hpatel/.gradle/caches/modules-2/files-2.1/org.datanucleus/datanucleus-rdbms/3.2.11/5b053144c89fdff1505b853aa7f1e5ba7657da75/datanucleus-rdbms-3.2.11.jar, file:/Users/hpatel/.gradle/caches/modules-2/files-2.1/org.datanucleus/datanucleus-api-jdo/3.2.8/efc60221fbc91e95cf5758b98c6c5531660696cb/datanucleus-api-jdo-3.2.8.jar, file:/Users/hpatel/.gradle/caches/modules-2/files-2.1/org.apache.hive/hive-shims/0.13.1-cdh5.3.3/47b029532c0b9d45526dcdd858823e6f9634ab81/hive-shims-0.13.1-cdh5.3.3.jar, file:/Users/hpatel/.gradle/caches/modules-2/files-2.1/org.apache.commons/commons-lang3/3.3.1/6738a2da2202ce360f0af90aba005c1e05a2c4cd/commons-lang3-3.3.1.jar, file:/Users/hpatel/.gradle/caches/modules-2/files-2.1/joda-time/joda-time/2.3/56498efd17752898cfcc3868c1b6211a07b12b8f/joda-time-2.3.jar, file:/Users/hpatel/.gradle/caches/modules-2/files-2.1/org.apache.hadoop/hadoop-hdfs/2.5.0-cdh5.3.3/5dd5e2be13d89a9eaab89d3a33bcdf6677671aa9/hadoop-hdfs-2.5.0-cdh5.3.3.jar, file:/Users/hpatel/.gradle/caches/modules-2/files-2.1/org.apache.hadoop/hadoop-mapreduce-client-app/2.5.0-cdh5.3.3/579948f8fa6d9d72bf507bd021fa3dcc0670e95f/hadoop-mapreduce-client-app-2.5.0-cdh5.3.3.jar, file:/Users/hpatel/.gradle/caches/modules-2/files-2.1/org.apache.hadoop/hadoop-yarn-api/2.5.0-cdh5.3.3/a6d9b4b7cbcacd000350a3e33c70269101b5fc79/hadoop-yarn-api-2.5.0-cdh5.3.3.jar, file:/Users/hpatel/.gradle/caches/modules-2/files-2.1/org.apache.hadoop/hadoop-mapreduce-client-core/2.5.0-cdh5.3.3/f2c8eaa2b8a5839a7781f04cf59c4d1abfefec9e/hadoop-mapreduce-client-core-2.5.0-cdh5.3.3.jar, file:/Users/hpatel/.gradle/caches/modules-2/files-2.1/org.apache.hadoop/hadoop-mapreduce-client-jobclient/2.5.0-cdh5.3.3/f8baecab9a91245a97e29e4867a7f5ae128ef8a9/hadoop-mapreduce-client-jobclient-2.5.0-cdh5.3.3.jar, file:/Users/hpatel/.gradle/caches/modules-2/files-2.1/org.apache.hadoop/hadoop-aws/2.5.0-cdh5.3.3/f712d9cf59c859914254bed5c87ee4e5a2204e78/hadoop-aws-2.5.0-cdh5.3.3.jar, file:/Users/hpatel/.gradle/caches/modules-2/files-2.1/org.apache.hadoop/hadoop-annotations/2.5.0-cdh5.3.3/e3b40743127d82ff7a6f263d00419368a46ce608/hadoop-annotations-2.5.0-cdh5.3.3.jar, file:/Users/hpatel/.gradle/caches/modules-2/files-2.1/commons-collections/commons-collections/3.2.1/761ea405b9b37ced573d2df0d1e3a4e0f9edc668/commons-collections-3.2.1.jar, file:/Users/hpatel/.gradle/caches/modules-2/files-2.1/commons-configuration/commons-configuration/1.6/32cadde23955d7681b0d94a2715846d20b425235/commons-configuration-1.6.jar, file:/Users/hpatel/.gradle/caches/modules-2/files-2.1/jline/jline/0.9.94/99a18e9a44834afdebc467294e1138364c207402/jline-0.9.94.jar, file:/Users/hpatel/.gradle/caches/modules-2/files-2.1/commons-cli/commons-cli/1.2/2bf96b7aa8b611c177d329452af1dc933e14501c/commons-cli-1.2.jar, file:/Users/hpatel/.gradle/caches/modules-2/files-2.1/xmlenc/xmlenc/0.52/d82554efbe65906d83b3d97bd7509289e9db561a/xmlenc-0.52.jar, file:/Users/hpatel/.gradle/caches/modules-2/files-2.1/commons-httpclient/commons-httpclient/3.1/964cd74171f427720480efdec40a7c7f6e58426a/commons-httpclient-3.1.jar, file:/Users/hpatel/.gradle/caches/modules-2/files-2.1/commons-net/commons-net/3.1/2298164a7c2484406f2aa5ac85b205d39019896f/commons-net-3.1.jar, file:/Users/hpatel/.gradle/caches/modules-2/files-2.1/tomcat/jasper-runtime/5.5.23/96ca5528a93ab47b001476b74320c644beb89dde/jasper-runtime-5.5.23.jar, file:/Users/hpatel/.gradle/caches/modules-2/files-2.1/tomcat/jasper-compiler/5.5.23/6d35bd7fb8c4fbc1f5401fb3678aa976d2e4c241/jasper-compiler-5.5.23.jar, file:/Users/hpatel/.gradle/caches/modules-2/files-2.1/javax.servlet.jsp/jsp-api/2.1/63f943103f250ef1f3a4d5e94d145a0f961f5316/jsp-api-2.1.jar, file:/Users/hpatel/.gradle/caches/modules-2/files-2.1/commons-el/commons-el/1.0/1df2c042b3f2de0124750241ac6c886dbfa2cc2c/commons-el-1.0.jar, file:/Users/hpatel/.gradle/caches/modules-2/files-2.1/javax.servlet/servlet-api/2.5/5959582d97d8b61f4d154ca9e495aafd16726e34/servlet-api-2.5.jar, file:/Users/hpatel/.gradle/caches/modules-2/files-2.1/hsqldb/hsqldb/1.8.0.10/7e9978fdb754bce5fcd5161133e7734ecb683036/hsqldb-1.8.0.10.jar, file:/Users/hpatel/.gradle/caches/modules-2/files-2.1/org.eclipse.jdt/core/3.1.1/88c83ce444cf46d02494da37c9fa1eebc9ce9cea/core-3.1.1.jar, file:/Users/hpatel/.gradle/caches/modules-2/files-2.1/javassist/javassist/3.12.1.GA/526633327faa61aee448a519e8a4d53ec3057885/javassist-3.12.1.GA.jar, file:/Users/hpatel/.gradle/caches/modules-2/files-2.1/dom4j/dom4j/1.6.1/5d3ccc056b6f056dbf0dddfdf43894b9065a8f94/dom4j-1.6.1.jar, file:/Users/hpatel/.gradle/caches/modules-2/files-2.1/org.objenesis/objenesis/2.1/87c0ea803b69252868d09308b4618f766f135a96/objenesis-2.1.jar, file:/Users/hpatel/.gradle/caches/modules-2/files-2.1/commons-logging/commons-logging/1.1.3/f6f66e966c70a83ffbdb6f17a0919eaf7c8aca7f/commons-logging-1.1.3.jar, file:/Users/hpatel/.gradle/caches/modules-2/files-2.1/org.apache.hive/hive-common/0.13.1-cdh5.3.3/e3fbf24d30a553c50ae4d4eed23f81b0e1211c5a/hive-common-0.13.1-cdh5.3.3.jar, file:/Users/hpatel/.gradle/caches/modules-2/files-2.1/org.apache.avro/avro/1.7.6-cdh5.3.3/6d90271293977d199ed07002bf35e2805405cc64/avro-1.7.6-cdh5.3.3.jar, file:/Users/hpatel/.gradle/caches/modules-2/files-2.1/net.sf.opencsv/opencsv/2.3/c23708cdb9e80a144db433e23344a788a1fd6599/opencsv-2.3.jar, file:/Users/hpatel/.gradle/caches/modules-2/files-2.1/com.sun.jersey/jersey-servlet/1.14/4b87041a59ee152757b62e47a21d5b63fde20ffe/jersey-servlet-1.14.jar, file:/Users/hpatel/.gradle/caches/modules-2/files-2.1/org.slf4j/slf4j-log4j12/1.7.5/6edffc576ce104ec769d954618764f39f0f0f10d/slf4j-log4j12-1.7.5.jar, file:/Users/hpatel/.gradle/caches/modules-2/files-2.1/org.apache.commons/commons-math3/3.1.1/6719d757a98ff24a83d9d727bef9cec83f59b6e1/commons-math3-3.1.1.jar, file:/Users/hpatel/.gradle/caches/modules-2/files-2.1/commons-io/commons-io/2.4/b1b6ea3b7e4aa4f492509a4952029cd8e48019ad/commons-io-2.4.jar, file:/Users/hpatel/.gradle/caches/modules-2/files-2.1/com.sun.jersey/jersey-json/1.9/1aa73e1896bcc7013fed247157d7f676226eb432/jersey-json-1.9.jar, file:/Users/hpatel/.gradle/caches/modules-2/files-2.1/log4j/log4j/1.2.17/5af35056b4d257e4b64b9e8069c0746e8b08629f/log4j-1.2.17.jar, file:/Users/hpatel/.gradle/caches/modules-2/files-2.1/com.google.code.gson/gson/2.2.4/a60a5e993c98c864010053cb901b7eab25306568/gson-2.2.4.jar, file:/Users/hpatel/.gradle/caches/modules-2/files-2.1/org.apache.hadoop/hadoop-auth/2.5.0-cdh5.3.3/847eb288da72acfdd7d202da5149dec6cd20ceba/hadoop-auth-2.5.0-cdh5.3.3.jar, file:/Users/hpatel/.gradle/caches/modules-2/files-2.1/com.jcraft/jsch/0.1.42/a86104b0f2e0c0bab5b0df836065823a99b5e334/jsch-0.1.42.jar, file:/Users/hpatel/.gradle/caches/modules-2/files-2.1/org.apache.curator/curator-client/2.6.0/b9007c357ad1a78066fc6004e8b1feaa2318f6f3/curator-client-2.6.0.jar, file:/Users/hpatel/.gradle/caches/modules-2/files-2.1/org.apache.curator/curator-recipes/2.6.0/8736b0fc42e6bf006d585fe85c90aaa4ade5cbef/curator-recipes-2.6.0.jar, file:/Users/hpatel/.gradle/caches/modules-2/files-2.1/com.google.code.findbugs/jsr305/1.3.9/40719ea6961c0cb6afaeb6a921eaa1f6afd4cfdf/jsr305-1.3.9.jar, file:/Users/hpatel/.gradle/caches/modules-2/files-2.1/org.apache.commons/commons-compress/1.4.1/b02e84a993d88568417536240e970c4b809126fd/commons-compress-1.4.1.jar, file:/Users/hpatel/.gradle/caches/modules-2/files-2.1/org.apache.hive.shims/hive-shims-common/0.13.1-cdh5.3.3/3d9e5245018fbde18f52c4ab25fc35afdec2fc0a/hive-shims-common-0.13.1-cdh5.3.3.jar, file:/Users/hpatel/.gradle/caches/modules-2/files-2.1/org.apache.hive.shims/hive-shims-common-secure/0.13.1-cdh5.3.3/6b29a16b2a41b89bdbbc681c257ad7f766a90bcb/hive-shims-common-secure-0.13.1-cdh5.3.3.jar, file:/Users/hpatel/.gradle/caches/modules-2/files-2.1/org.apache.hive.shims/hive-shims-0.23/0.13.1-cdh5.3.3/7ab834955a767af200d1d9151c204751637d9ca9/hive-shims-0.23-0.13.1-cdh5.3.3.jar, file:/Users/hpatel/.gradle/caches/modules-2/files-2.1/org.apache.hive.shims/hive-shims-scheduler/0.13.1-cdh5.3.3/b6644420b74f936a838f7f3fd2fa19c19add0449/hive-shims-scheduler-0.13.1-cdh5.3.3.jar, file:/Users/hpatel/.gradle/caches/modules-2/files-2.1/org.apache.hadoop/hadoop-mapreduce-client-common/2.5.0-cdh5.3.3/f0d777bb76ca9f540c0c81a45934f0f5cf9975b8/hadoop-mapreduce-client-common-2.5.0-cdh5.3.3.jar, file:/Users/hpatel/.gradle/caches/modules-2/files-2.1/org.apache.hadoop/hadoop-mapreduce-client-shuffle/2.5.0-cdh5.3.3/b6c4316f6fcc406edf7e5bd77c50e46034ad5519/hadoop-mapreduce-client-shuffle-2.5.0-cdh5.3.3.jar, file:/Users/hpatel/.gradle/caches/modules-2/files-2.1/org.apache.hadoop/hadoop-yarn-common/2.5.0-cdh5.3.3/9499713b674eae1aa714fcd0e95e0d09daaf3824/hadoop-yarn-common-2.5.0-cdh5.3.3.jar, file:/Users/hpatel/.gradle/caches/modules-2/files-2.1/com.fasterxml.jackson.core/jackson-databind/2.2.3/3ae380888029daefb91d3ecdca3a37d8cb92bc9/jackson-databind-2.2.3.jar, file:/Users/hpatel/.gradle/caches/modules-2/files-2.1/com.fasterxml.jackson.core/jackson-annotations/2.2.3/527fece4f23a457070a36c371a26d6c0208e1c3/jackson-annotations-2.2.3.jar, file:/Users/hpatel/.gradle/caches/modules-2/files-2.1/com.amazonaws/aws-java-sdk/1.7.4/2c24ccb6f1ab845a7df971951d4b41c709a6517d/aws-java-sdk-1.7.4.jar, file:/Users/hpatel/.gradle/caches/modules-2/files-2.1/commons-digester/commons-digester/1.8/dc6a73fdbd1fa3f0944e8497c6c872fa21dca37e/commons-digester-1.8.jar, file:/Users/hpatel/.gradle/caches/modules-2/files-2.1/commons-beanutils/commons-beanutils-core/1.8.0/175dc721f87e4bc5cc0573f990e28c3cf9117508/commons-beanutils-core-1.8.0.jar, file:/Users/hpatel/.gradle/caches/modules-2/files-2.1/xml-apis/xml-apis/1.0.b2/3136ca936f64c9d68529f048c2618bd356bf85c9/xml-apis-1.0.b2.jar, file:/Users/hpatel/.gradle/caches/modules-2/files-2.1/com.thoughtworks.paranamer/paranamer/2.3/4a85963a752c0a2f715c3924bfc686865e7e1bc6/paranamer-2.3.jar, file:/Users/hpatel/.gradle/caches/modules-2/files-2.1/org.xerial.snappy/snappy-java/1.0.5/10cb4550360a0ec6b80f09a5209d00b6058e82bf/snappy-java-1.0.5.jar, file:/Users/hpatel/.gradle/caches/modules-2/files-2.1/org.codehaus.jettison/jettison/1.1/1a01a2a1218fcf9faa2cc2a6ced025bdea687262/jettison-1.1.jar, file:/Users/hpatel/.gradle/caches/modules-2/files-2.1/com.sun.xml.bind/jaxb-impl/2.2.3-1/56baae106392040a45a06d4a41099173425da1e6/jaxb-impl-2.2.3-1.jar, file:/Users/hpatel/.gradle/caches/modules-2/files-2.1/org.apache.directory.server/apacheds-kerberos-codec/2.0.0-M15/1c16e4e477183641c5f0dd5cdecd27ec331bacb5/apacheds-kerberos-codec-2.0.0-M15.jar, file:/Users/hpatel/.gradle/caches/modules-2/files-2.1/org.apache.curator/curator-framework/2.6.0/81a699c39d127b5b4ff97cc77da7650b53e5b5ed/curator-framework-2.6.0.jar, file:/Users/hpatel/.gradle/caches/modules-2/files-2.1/org.tukaani/xz/1.0/ecff5cb8b1189514c9d1d8d68eb77ac372e000c9/xz-1.0.jar, file:/Users/hpatel/.gradle/caches/modules-2/files-2.1/org.apache.hadoop/hadoop-yarn-client/2.5.0-cdh5.3.3/2d2ce5d0138d02b20aefcfc1ee8dd6f691911f63/hadoop-yarn-client-2.5.0-cdh5.3.3.jar, file:/Users/hpatel/.gradle/caches/modules-2/files-2.1/org.apache.hadoop/hadoop-yarn-server-common/2.5.0-cdh5.3.3/d099fcc19f56d477fa6b5b47ae4e06bb97538778/hadoop-yarn-server-common-2.5.0-cdh5.3.3.jar, file:/Users/hpatel/.gradle/caches/modules-2/files-2.1/org.apache.hadoop/hadoop-yarn-server-nodemanager/2.5.0-cdh5.3.3/278b2d7a6454ce57a94ab02a88c0b188afc8facc/hadoop-yarn-server-nodemanager-2.5.0-cdh5.3.3.jar, file:/Users/hpatel/.gradle/caches/modules-2/files-2.1/org.fusesource.leveldbjni/leveldbjni-all/1.8/707350a2eeb1fa2ed77a32ddb3893ed308e941db/leveldbjni-all-1.8.jar, file:/Users/hpatel/.gradle/caches/modules-2/files-2.1/javax.xml.bind/jaxb-api/2.2.2/aeb3021ca93dde265796d82015beecdcff95bf09/jaxb-api-2.2.2.jar, file:/Users/hpatel/.gradle/caches/modules-2/files-2.1/com.google.inject/guice/3.0/9d84f15fe35e2c716a02979fb62f50a29f38aefa/guice-3.0.jar, file:/Users/hpatel/.gradle/caches/modules-2/files-2.1/com.sun.jersey.contribs/jersey-guice/1.9/5963c28c47df7e5d6ad34cec80c071c368777f7b/jersey-guice-1.9.jar, file:/Users/hpatel/.gradle/caches/modules-2/files-2.1/com.fasterxml.jackson.core/jackson-core/2.2.3/1a0113da2cab5f4c216b4e5e7c1dbfaa67087e14/jackson-core-2.2.3.jar, file:/Users/hpatel/.gradle/caches/modules-2/files-2.1/commons-beanutils/commons-beanutils/1.7.0/5675fd96b29656504b86029551973d60fb41339b/commons-beanutils-1.7.0.jar, file:/Users/hpatel/.gradle/caches/modules-2/files-2.1/org.apache.directory.server/apacheds-i18n/2.0.0-M15/71c61c84683152ec2a6a65f3f96fe534e304fa22/apacheds-i18n-2.0.0-M15.jar, file:/Users/hpatel/.gradle/caches/modules-2/files-2.1/org.apache.directory.api/api-asn1-api/1.0.0-M20/5e6486ffa3125ba44dc410ead166e1d6ba8ac76d/api-asn1-api-1.0.0-M20.jar, file:/Users/hpatel/.gradle/caches/modules-2/files-2.1/org.apache.directory.api/api-util/1.0.0-M20/a871abf060b3cf83fc6dc4d7e3d151fce50ac3cb/api-util-1.0.0-M20.jar, file:/Users/hpatel/.gradle/caches/modules-2/files-2.1/com.sun.jersey/jersey-client/1.9/d3c4b2b5f89db32c96ceddcb863684821910a7bb/jersey-client-1.9.jar, file:/Users/hpatel/.gradle/caches/modules-2/files-2.1/javax.xml.stream/stax-api/1.0-2/d6337b0de8b25e53e81b922352fbea9f9f57ba0b/stax-api-1.0-2.jar, file:/Users/hpatel/.gradle/caches/modules-2/files-2.1/javax.activation/activation/1.1/e6cb541461c2834bdea3eb920f1884d1eb508b50/activation-1.1.jar, file:/Users/hpatel/.gradle/caches/modules-2/files-2.1/javax.inject/javax.inject/1/6975da39a7040257bd51d21a231b76c915872d38/javax.inject-1.jar, file:/Users/hpatel/.gradle/caches/modules-2/files-2.1/aopalliance/aopalliance/1.0/235ba8b489512805ac13a8f9ea77a1ca5ebe3e8/aopalliance-1.0.jar, file:/Users/hpatel/.gradle/caches/modules-2/files-2.1/org.sonatype.sisu.inject/cglib/2.2.1-v20090111/7ce5e983fd0e6c78346f4c9cbfa39d83049dda2/cglib-2.2.1-v20090111.jar, file:/Users/hpatel/.gradle/caches/modules-2/files-2.1/asm/asm/3.1/c157def142714c544bdea2e6144645702adf7097/asm-3.1.jar, file:/Users/hpatel/.gradle/caches/modules-2/files-2.1/org.apache.hive/hive-service/0.13.1-cdh5.3.3/c7979b4213bfb62823d43ba726e0fea58032dd1e/hive-service-0.13.1-cdh5.3.3.jar, file:/Users/hpatel/.gradle/caches/modules-2/files-2.1/net.sf.jpam/jpam/1.1/cb3d91c2dfda767518a371dbb02edfd6a4aa0600/jpam-1.1.jar, file:/Users/hpatel/.gradle/caches/modules-2/files-2.1/org.eclipse.jetty.aggregate/jetty-all/7.6.0.v20120127/47bb68e3837e5c6422138dd1e0d4d75c60dce87a/jetty-all-7.6.0.v20120127.jar, file:/Users/hpatel/.gradle/caches/modules-2/files-2.1/org.apache.thrift/libfb303/0.9.0/639bd69767fdbd7f658ce8233248fe1cea635164/libfb303-0.9.0.jar, file:/Users/hpatel/.gradle/caches/modules-2/files-2.1/org.apache.geronimo.specs/geronimo-jta_1.1_spec/1.1.1/aabab3165b8ea936b9360abbf448459c0d04a5a4/geronimo-jta_1.1_spec-1.1.1.jar, file:/Users/hpatel/.gradle/caches/modules-2/files-2.1/javax.mail/mail/1.4.1/8b7bc69010655425dabf091b51d1e90b4de36715/mail-1.4.1.jar, file:/Users/hpatel/.gradle/caches/modules-2/files-2.1/org.apache.geronimo.specs/geronimo-jaspic_1.0_spec/1.0/44b95be7dae1147716dce5336419eafade880756/geronimo-jaspic_1.0_spec-1.0.jar, file:/Users/hpatel/.gradle/caches/modules-2/files-2.1/org.apache.geronimo.specs/geronimo-annotation_1.0_spec/1.1.1/47caa799389f69d297b86bf90523d431599c3796/geronimo-annotation_1.0_spec-1.1.1.jar, file:/Users/hpatel/.gradle/caches/modules-2/files-2.1/asm/asm-commons/3.1/1b607fbfe7889c6fdff1b7c16439ade0a60869ac/asm-commons-3.1.jar, file:/Users/hpatel/.gradle/caches/modules-2/files-2.1/asm/asm-tree/3.1/c9a5d4334ddf194ea492f22107d45119a5c5322f/asm-tree-3.1.jar, file:/Users/hpatel/.gradle/caches/modules-2/files-2.1/commons-lang/commons-lang/2.6/ce1edb914c94ebc388f086c6827e8bdeec71ac2/commons-lang-2.6.jar, file:/Users/hpatel/.gradle/caches/modules-2/files-2.1/org.mortbay.jetty/jetty/6.1.26.cloudera.4/d59325a5ff8ff18f7543bc3fbb9d5efa0c0ff521/jetty-6.1.26.cloudera.4.jar, file:/Users/hpatel/.gradle/caches/modules-2/files-2.1/org.mortbay.jetty/jetty-util/6.1.26.cloudera.4/b8507b7c5d3fd9a3d01775272cbf1a63f530c19d/jetty-util-6.1.26.cloudera.4.jar, file:/Users/hpatel/.gradle/caches/modules-2/files-2.1/net.java.dev.jets3t/jets3t/0.9.0/792bc96ee7e57b89f472aa0cb5a31015b9f59c96/jets3t-0.9.0.jar, file:/Users/hpatel/.gradle/caches/modules-2/files-2.1/com.jamesmurty.utils/java-xmlbuilder/0.4/ac5962e48cdee3a0a6e1f8e00fcb594747ac5aaf/java-xmlbuilder-0.4.jar, file:/Users/hpatel/.gradle/caches/modules-2/files-2.1/com.google.protobuf/protobuf-java/2.5.0/a10732c76bfacdbd633a7eb0f7968b1059a65dfa/protobuf-java-2.5.0.jar, file:/Users/hpatel/.gradle/caches/modules-2/files-2.1/org.apache.hive/hive-exec/0.13.1-cdh5.3.3/4d935274127f47dd9c0875efcf317ba49aef1219/hive-exec-0.13.1-cdh5.3.3.jar, file:/Users/hpatel/.gradle/caches/modules-2/files-2.1/org.apache.hive/hive-ant/0.13.1-cdh5.3.3/86954e92a903253177cd6935798c50a6c32b7b81/hive-ant-0.13.1-cdh5.3.3.jar, file:/Users/hpatel/.gradle/caches/modules-2/files-2.1/org.antlr/antlr-runtime/3.4/8f011408269a8e42b8548687e137d8eeb56df4b4/antlr-runtime-3.4.jar, file:/Users/hpatel/.gradle/caches/modules-2/files-2.1/org.antlr/ST4/4.0.4/467a2aa12be6d0f0f68c70eecf6714ab733027ac/ST4-4.0.4.jar, file:/Users/hpatel/.gradle/caches/modules-2/files-2.1/org.apache.ant/ant/1.9.1/35900c96dbebc85dcfbd71f4661059ebcf93c077/ant-1.9.1.jar, file:/Users/hpatel/.gradle/caches/modules-2/files-2.1/org.codehaus.groovy/groovy-all/2.1.6/165b8246372a829c1915611646f6d964010656cf/groovy-all-2.1.6.jar, file:/Users/hpatel/.gradle/caches/modules-2/files-2.1/stax/stax-api/1.0.1/49c100caf72d658aca8e58bd74a4ba90fa2b0d70/stax-api-1.0.1.jar, file:/Users/hpatel/.gradle/caches/modules-2/files-2.1/org.apache.velocity/velocity/1.5/9f306baf7523ffc0e81a6353d08a584d254133b/velocity-1.5.jar, file:/Users/hpatel/.gradle/caches/modules-2/files-2.1/org.antlr/stringtemplate/3.2.1/59ec8083721eae215c6f3caee944c410d2be34de/stringtemplate-3.2.1.jar, file:/Users/hpatel/.gradle/caches/modules-2/files-2.1/antlr/antlr/2.7.7/83cd2cd674a217ade95a4bb83a8a14f351f48bd0/antlr-2.7.7.jar, file:/Users/hpatel/.gradle/caches/modules-2/files-2.1/org.apache.ant/ant-launcher/1.9.1/7c71043ca185eaada9e36391dd022d92859327de/ant-launcher-1.9.1.jar, file:/Users/hpatel/.gradle/caches/modules-2/files-2.1/oro/oro/2.0.8/5592374f834645c4ae250f4c9fbb314c9369d698/oro-2.0.8.jar, file:/Users/hpatel/.gradle/caches/modules-2/files-2.1/org.codehaus.jackson/jackson-core-asl/1.9.13/3c304d70f42f832e0a86d45bd437f692129299a4/jackson-core-asl-1.9.13.jar, file:/Users/hpatel/.gradle/caches/modules-2/files-2.1/org.codehaus.jackson/jackson-mapper-asl/1.9.13/1ee2f2bed0e5dd29d1cb155a166e6f8d50bbddb7/jackson-mapper-asl-1.9.13.jar, file:/Users/hpatel/.gradle/caches/modules-2/files-2.1/org.slf4j/slf4j-api/1.7.6/562424e36df3d2327e8e9301a76027fca17d54ea/slf4j-api-1.7.6.jar, file:/Users/hpatel/.gradle/caches/modules-2/files-2.1/com.sun.jersey/jersey-server/1.14/b1a21724c9b708ed54d42d41bb19ff45ae1d49d9/jersey-server-1.14.jar, file:/Users/hpatel/.gradle/caches/modules-2/files-2.1/org.apache.httpcomponents/httpclient/4.2.5/666e26e76f2e87d84e4f16acb546481ae1b8e9a6/httpclient-4.2.5.jar, file:/Users/hpatel/.gradle/caches/modules-2/files-2.1/org.apache.zookeeper/zookeeper/3.4.6/1b2502e29da1ebaade2357cd1de35a855fa3755/zookeeper-3.4.6.jar, file:/Users/hpatel/.gradle/caches/modules-2/files-2.1/com.google.guava/guava/16.0.1/5fa98cd1a63c99a44dd8d3b77e4762b066a5d0c5/guava-16.0.1.jar, file:/Users/hpatel/.gradle/caches/modules-2/files-2.1/org.codehaus.jackson/jackson-jaxrs/1.8.8/71b16055388e9bd3991c3c3834e8e55098b789f1/jackson-jaxrs-1.8.8.jar, file:/Users/hpatel/.gradle/caches/modules-2/files-2.1/org.codehaus.jackson/jackson-xc/1.8.8/52efa08bc1e4cfea168f552b9e3088297d9d0926/jackson-xc-1.8.8.jar, file:/Users/hpatel/.gradle/caches/modules-2/files-2.1/org.apache.hive/hive-metastore/0.13.1-cdh5.3.3/ca93686a17f064a5ab6587799721cddd7836e53a/hive-metastore-0.13.1-cdh5.3.3.jar, file:/Users/hpatel/.gradle/caches/modules-2/files-2.1/com.jolbox/bonecp/0.8.0.RELEASE/cec24ee9345b3678472bb1b8fdd6aa6b9428beb8/bonecp-0.8.0.RELEASE.jar, file:/Users/hpatel/.gradle/caches/modules-2/files-2.1/org.apache.derby/derby/10.10.1.1/9f6f910f0373adc1b23c10f9b4bb151b7e7449f/derby-10.10.1.1.jar, file:/Users/hpatel/.gradle/caches/modules-2/files-2.1/javax.jdo/jdo-api/3.0.1/58e7a538e020b73871e232eeb064835fd98a492/jdo-api-3.0.1.jar, file:/Users/hpatel/.gradle/caches/modules-2/files-2.1/javax.transaction/jta/1.1/2ca09f0b36ca7d71b762e14ea2ff09d5eac57558/jta-1.1.jar, file:/Users/hpatel/.gradle/caches/modules-2/files-2.1/org.apache.thrift/libthrift/0.9.0/9ba8df332b5db95ce7f3b7a83e44d796c3d014d3/libthrift-0.9.0.jar, file:/Users/hpatel/.gradle/caches/modules-2/files-2.1/org.apache.httpcomponents/httpcore/4.2.4/3b7f38df6de5dd8b500e602ae8c2dd5ee446f883/httpcore-4.2.4.jar, file:/Users/hpatel/.gradle/caches/modules-2/files-2.1/com.sun.jersey/jersey-core/1.14/693061de8b9b352b11e997b1dd4052677778852d/jersey-core-1.14.jar, file:/Users/hpatel/.gradle/caches/modules-2/files-2.1/commons-codec/commons-codec/1.6/b7f0fc8f61ecadeb3695f0b9464755eee44374d4/commons-codec-1.6.jar, file:/Users/hpatel/.gradle/caches/modules-2/files-2.1/io.netty/netty/3.7.0.Final/7a8c35599c68c0bf383df74469aa3e03d9aca87/netty-3.7.0.Final.jar]
15/09/06 13:13:44 INFO ExecReducer: thread classpath = [file:/Users/hpatel/.gradle/caches/2.1/workerMain/gradle-worker.jar, file:/Users/hpatel/Tech/Projects/CAT/ddsw_dev/hive-test/build/classes/test/, file:/Users/hpatel/Tech/Projects/CAT/ddsw_dev/hive-test/build/resources/test/, file:/Users/hpatel/Tech/Projects/CAT/ddsw_dev/hive-test/build/classes/main/, file:/Users/hpatel/Tech/Projects/CAT/ddsw_dev/hive-test/build/resources/main, file:/Users/hpatel/.gradle/caches/modules-2/files-2.1/junit/junit/4.11/4e031bb61df09069aeb2bffb4019e7a5034a4ee0/junit-4.11.jar, file:/Users/hpatel/.gradle/caches/modules-2/files-2.1/com.klarna/hiverunner/1.0.0/e26bb0655fff4d88fab91f331793d9fc1db392cc/HiveRunner-1.0.0.jar, file:/Users/hpatel/Tech/Projects/CAT/ddsw_dev/custom-cat-udfs/build/libs/custom-cat-udfs-0.1.38-SNAPSHOT.jar, file:/Users/hpatel/.gradle/caches/modules-2/files-2.1/org.apache.hadoop/hadoop-client/2.5.0-cdh5.3.3/ec3cd6a8cb043e73a42918934c5d3a3f2747c78b/hadoop-client-2.5.0-cdh5.3.3.jar, file:/Users/hpatel/.gradle/caches/modules-2/files-2.1/org.hsqldb/hsqldb/2.3.1/bd7153caa30958e1c64a3dd38b93e5a7442d9a0e/hsqldb-2.3.1.jar, file:/Users/hpatel/.gradle/caches/modules-2/files-2.1/org.apache.hadoop/hadoop-core/2.5.0-mr1-cdh5.3.3/f6f4a77f818757da51ae0244310855779c04c4be/hadoop-core-2.5.0-mr1-cdh5.3.3.jar, file:/Users/hpatel/.gradle/caches/modules-2/files-2.1/org.reflections/reflections/0.9.8/f723abb59bf512952bfc503838f70f81487a6993/reflections-0.9.8.jar, file:/Users/hpatel/.gradle/caches/modules-2/files-2.1/org.mockito/mockito-core/1.10.19/e8546f5bef4e061d8dd73895b4e8f40e3fe6effe/mockito-core-1.10.19.jar, file:/Users/hpatel/.gradle/caches/modules-2/files-2.1/org.hamcrest/hamcrest-core/1.3/42a25dc3219429f0e5d060061f71acb49bf010a0/hamcrest-core-1.3.jar, file:/Users/hpatel/.gradle/caches/modules-2/files-2.1/org.pentaho/pentaho-aggdesigner-algorithm/5.1.5-jhyde/c52379c645c6c85300e645dff7c72653bf85baa2/pentaho-aggdesigner-algorithm-5.1.5-jhyde.jar, file:/Users/hpatel/.gradle/caches/modules-2/files-2.1/org.apache.hive/hive-serde/0.13.1-cdh5.3.3/9cee47c844d726e9bcef6ab292e1319b7fbddaa3/hive-serde-0.13.1-cdh5.3.3.jar, file:/Users/hpatel/.gradle/caches/modules-2/files-2.1/org.apache.hadoop/hadoop-common/2.5.0-cdh5.3.3/f0862eb1dc33c1807ea29a248af75551e3c6836a/hadoop-common-2.5.0-cdh5.3.3.jar, file:/Users/hpatel/.gradle/caches/modules-2/files-2.1/org.apache.hive/hive-contrib/0.13.1-cdh5.3.3/bf89b429c9b173ac275dc0c1623f5c30e780ee98/hive-contrib-0.13.1-cdh5.3.3.jar, file:/Users/hpatel/.gradle/caches/modules-2/files-2.1/org.datanucleus/datanucleus-core/3.2.12/3212183bb5a2826cd5ff194b9a54619dd0bdf31f/datanucleus-core-3.2.12.jar, file:/Users/hpatel/.gradle/caches/modules-2/files-2.1/org.datanucleus/datanucleus-rdbms/3.2.11/5b053144c89fdff1505b853aa7f1e5ba7657da75/datanucleus-rdbms-3.2.11.jar, file:/Users/hpatel/.gradle/caches/modules-2/files-2.1/org.datanucleus/datanucleus-api-jdo/3.2.8/efc60221fbc91e95cf5758b98c6c5531660696cb/datanucleus-api-jdo-3.2.8.jar, file:/Users/hpatel/.gradle/caches/modules-2/files-2.1/org.apache.hive/hive-shims/0.13.1-cdh5.3.3/47b029532c0b9d45526dcdd858823e6f9634ab81/hive-shims-0.13.1-cdh5.3.3.jar, file:/Users/hpatel/.gradle/caches/modules-2/files-2.1/org.apache.commons/commons-lang3/3.3.1/6738a2da2202ce360f0af90aba005c1e05a2c4cd/commons-lang3-3.3.1.jar, file:/Users/hpatel/.gradle/caches/modules-2/files-2.1/joda-time/joda-time/2.3/56498efd17752898cfcc3868c1b6211a07b12b8f/joda-time-2.3.jar, file:/Users/hpatel/.gradle/caches/modules-2/files-2.1/org.apache.hadoop/hadoop-hdfs/2.5.0-cdh5.3.3/5dd5e2be13d89a9eaab89d3a33bcdf6677671aa9/hadoop-hdfs-2.5.0-cdh5.3.3.jar, file:/Users/hpatel/.gradle/caches/modules-2/files-2.1/org.apache.hadoop/hadoop-mapreduce-client-app/2.5.0-cdh5.3.3/579948f8fa6d9d72bf507bd021fa3dcc0670e95f/hadoop-mapreduce-client-app-2.5.0-cdh5.3.3.jar, file:/Users/hpatel/.gradle/caches/modules-2/files-2.1/org.apache.hadoop/hadoop-yarn-api/2.5.0-cdh5.3.3/a6d9b4b7cbcacd000350a3e33c70269101b5fc79/hadoop-yarn-api-2.5.0-cdh5.3.3.jar, file:/Users/hpatel/.gradle/caches/modules-2/files-2.1/org.apache.hadoop/hadoop-mapreduce-client-core/2.5.0-cdh5.3.3/f2c8eaa2b8a5839a7781f04cf59c4d1abfefec9e/hadoop-mapreduce-client-core-2.5.0-cdh5.3.3.jar, file:/Users/hpatel/.gradle/caches/modules-2/files-2.1/org.apache.hadoop/hadoop-mapreduce-client-jobclient/2.5.0-cdh5.3.3/f8baecab9a91245a97e29e4867a7f5ae128ef8a9/hadoop-mapreduce-client-jobclient-2.5.0-cdh5.3.3.jar, file:/Users/hpatel/.gradle/caches/modules-2/files-2.1/org.apache.hadoop/hadoop-aws/2.5.0-cdh5.3.3/f712d9cf59c859914254bed5c87ee4e5a2204e78/hadoop-aws-2.5.0-cdh5.3.3.jar, file:/Users/hpatel/.gradle/caches/modules-2/files-2.1/org.apache.hadoop/hadoop-annotations/2.5.0-cdh5.3.3/e3b40743127d82ff7a6f263d00419368a46ce608/hadoop-annotations-2.5.0-cdh5.3.3.jar, file:/Users/hpatel/.gradle/caches/modules-2/files-2.1/commons-collections/commons-collections/3.2.1/761ea405b9b37ced573d2df0d1e3a4e0f9edc668/commons-collections-3.2.1.jar, file:/Users/hpatel/.gradle/caches/modules-2/files-2.1/commons-configuration/commons-configuration/1.6/32cadde23955d7681b0d94a2715846d20b425235/commons-configuration-1.6.jar, file:/Users/hpatel/.gradle/caches/modules-2/files-2.1/jline/jline/0.9.94/99a18e9a44834afdebc467294e1138364c207402/jline-0.9.94.jar, file:/Users/hpatel/.gradle/caches/modules-2/files-2.1/commons-cli/commons-cli/1.2/2bf96b7aa8b611c177d329452af1dc933e14501c/commons-cli-1.2.jar, file:/Users/hpatel/.gradle/caches/modules-2/files-2.1/xmlenc/xmlenc/0.52/d82554efbe65906d83b3d97bd7509289e9db561a/xmlenc-0.52.jar, file:/Users/hpatel/.gradle/caches/modules-2/files-2.1/commons-httpclient/commons-httpclient/3.1/964cd74171f427720480efdec40a7c7f6e58426a/commons-httpclient-3.1.jar, file:/Users/hpatel/.gradle/caches/modules-2/files-2.1/commons-net/commons-net/3.1/2298164a7c2484406f2aa5ac85b205d39019896f/commons-net-3.1.jar, file:/Users/hpatel/.gradle/caches/modules-2/files-2.1/tomcat/jasper-runtime/5.5.23/96ca5528a93ab47b001476b74320c644beb89dde/jasper-runtime-5.5.23.jar, file:/Users/hpatel/.gradle/caches/modules-2/files-2.1/tomcat/jasper-compiler/5.5.23/6d35bd7fb8c4fbc1f5401fb3678aa976d2e4c241/jasper-compiler-5.5.23.jar, file:/Users/hpatel/.gradle/caches/modules-2/files-2.1/javax.servlet.jsp/jsp-api/2.1/63f943103f250ef1f3a4d5e94d145a0f961f5316/jsp-api-2.1.jar, file:/Users/hpatel/.gradle/caches/modules-2/files-2.1/commons-el/commons-el/1.0/1df2c042b3f2de0124750241ac6c886dbfa2cc2c/commons-el-1.0.jar, file:/Users/hpatel/.gradle/caches/modules-2/files-2.1/javax.servlet/servlet-api/2.5/5959582d97d8b61f4d154ca9e495aafd16726e34/servlet-api-2.5.jar, file:/Users/hpatel/.gradle/caches/modules-2/files-2.1/hsqldb/hsqldb/1.8.0.10/7e9978fdb754bce5fcd5161133e7734ecb683036/hsqldb-1.8.0.10.jar, file:/Users/hpatel/.gradle/caches/modules-2/files-2.1/org.eclipse.jdt/core/3.1.1/88c83ce444cf46d02494da37c9fa1eebc9ce9cea/core-3.1.1.jar, file:/Users/hpatel/.gradle/caches/modules-2/files-2.1/javassist/javassist/3.12.1.GA/526633327faa61aee448a519e8a4d53ec3057885/javassist-3.12.1.GA.jar, file:/Users/hpatel/.gradle/caches/modules-2/files-2.1/dom4j/dom4j/1.6.1/5d3ccc056b6f056dbf0dddfdf43894b9065a8f94/dom4j-1.6.1.jar, file:/Users/hpatel/.gradle/caches/modules-2/files-2.1/org.objenesis/objenesis/2.1/87c0ea803b69252868d09308b4618f766f135a96/objenesis-2.1.jar, file:/Users/hpatel/.gradle/caches/modules-2/files-2.1/commons-logging/commons-logging/1.1.3/f6f66e966c70a83ffbdb6f17a0919eaf7c8aca7f/commons-logging-1.1.3.jar, file:/Users/hpatel/.gradle/caches/modules-2/files-2.1/org.apache.hive/hive-common/0.13.1-cdh5.3.3/e3fbf24d30a553c50ae4d4eed23f81b0e1211c5a/hive-common-0.13.1-cdh5.3.3.jar, file:/Users/hpatel/.gradle/caches/modules-2/files-2.1/org.apache.avro/avro/1.7.6-cdh5.3.3/6d90271293977d199ed07002bf35e2805405cc64/avro-1.7.6-cdh5.3.3.jar, file:/Users/hpatel/.gradle/caches/modules-2/files-2.1/net.sf.opencsv/opencsv/2.3/c23708cdb9e80a144db433e23344a788a1fd6599/opencsv-2.3.jar, file:/Users/hpatel/.gradle/caches/modules-2/files-2.1/com.sun.jersey/jersey-servlet/1.14/4b87041a59ee152757b62e47a21d5b63fde20ffe/jersey-servlet-1.14.jar, file:/Users/hpatel/.gradle/caches/modules-2/files-2.1/org.slf4j/slf4j-log4j12/1.7.5/6edffc576ce104ec769d954618764f39f0f0f10d/slf4j-log4j12-1.7.5.jar, file:/Users/hpatel/.gradle/caches/modules-2/files-2.1/org.apache.commons/commons-math3/3.1.1/6719d757a98ff24a83d9d727bef9cec83f59b6e1/commons-math3-3.1.1.jar, file:/Users/hpatel/.gradle/caches/modules-2/files-2.1/commons-io/commons-io/2.4/b1b6ea3b7e4aa4f492509a4952029cd8e48019ad/commons-io-2.4.jar, file:/Users/hpatel/.gradle/caches/modules-2/files-2.1/com.sun.jersey/jersey-json/1.9/1aa73e1896bcc7013fed247157d7f676226eb432/jersey-json-1.9.jar, file:/Users/hpatel/.gradle/caches/modules-2/files-2.1/log4j/log4j/1.2.17/5af35056b4d257e4b64b9e8069c0746e8b08629f/log4j-1.2.17.jar, file:/Users/hpatel/.gradle/caches/modules-2/files-2.1/com.google.code.gson/gson/2.2.4/a60a5e993c98c864010053cb901b7eab25306568/gson-2.2.4.jar, file:/Users/hpatel/.gradle/caches/modules-2/files-2.1/org.apache.hadoop/hadoop-auth/2.5.0-cdh5.3.3/847eb288da72acfdd7d202da5149dec6cd20ceba/hadoop-auth-2.5.0-cdh5.3.3.jar, file:/Users/hpatel/.gradle/caches/modules-2/files-2.1/com.jcraft/jsch/0.1.42/a86104b0f2e0c0bab5b0df836065823a99b5e334/jsch-0.1.42.jar, file:/Users/hpatel/.gradle/caches/modules-2/files-2.1/org.apache.curator/curator-client/2.6.0/b9007c357ad1a78066fc6004e8b1feaa2318f6f3/curator-client-2.6.0.jar, file:/Users/hpatel/.gradle/caches/modules-2/files-2.1/org.apache.curator/curator-recipes/2.6.0/8736b0fc42e6bf006d585fe85c90aaa4ade5cbef/curator-recipes-2.6.0.jar, file:/Users/hpatel/.gradle/caches/modules-2/files-2.1/com.google.code.findbugs/jsr305/1.3.9/40719ea6961c0cb6afaeb6a921eaa1f6afd4cfdf/jsr305-1.3.9.jar, file:/Users/hpatel/.gradle/caches/modules-2/files-2.1/org.apache.commons/commons-compress/1.4.1/b02e84a993d88568417536240e970c4b809126fd/commons-compress-1.4.1.jar, file:/Users/hpatel/.gradle/caches/modules-2/files-2.1/org.apache.hive.shims/hive-shims-common/0.13.1-cdh5.3.3/3d9e5245018fbde18f52c4ab25fc35afdec2fc0a/hive-shims-common-0.13.1-cdh5.3.3.jar, file:/Users/hpatel/.gradle/caches/modules-2/files-2.1/org.apache.hive.shims/hive-shims-common-secure/0.13.1-cdh5.3.3/6b29a16b2a41b89bdbbc681c257ad7f766a90bcb/hive-shims-common-secure-0.13.1-cdh5.3.3.jar, file:/Users/hpatel/.gradle/caches/modules-2/files-2.1/org.apache.hive.shims/hive-shims-0.23/0.13.1-cdh5.3.3/7ab834955a767af200d1d9151c204751637d9ca9/hive-shims-0.23-0.13.1-cdh5.3.3.jar, file:/Users/hpatel/.gradle/caches/modules-2/files-2.1/org.apache.hive.shims/hive-shims-scheduler/0.13.1-cdh5.3.3/b6644420b74f936a838f7f3fd2fa19c19add0449/hive-shims-scheduler-0.13.1-cdh5.3.3.jar, file:/Users/hpatel/.gradle/caches/modules-2/files-2.1/org.apache.hadoop/hadoop-mapreduce-client-common/2.5.0-cdh5.3.3/f0d777bb76ca9f540c0c81a45934f0f5cf9975b8/hadoop-mapreduce-client-common-2.5.0-cdh5.3.3.jar, file:/Users/hpatel/.gradle/caches/modules-2/files-2.1/org.apache.hadoop/hadoop-mapreduce-client-shuffle/2.5.0-cdh5.3.3/b6c4316f6fcc406edf7e5bd77c50e46034ad5519/hadoop-mapreduce-client-shuffle-2.5.0-cdh5.3.3.jar, file:/Users/hpatel/.gradle/caches/modules-2/files-2.1/org.apache.hadoop/hadoop-yarn-common/2.5.0-cdh5.3.3/9499713b674eae1aa714fcd0e95e0d09daaf3824/hadoop-yarn-common-2.5.0-cdh5.3.3.jar, file:/Users/hpatel/.gradle/caches/modules-2/files-2.1/com.fasterxml.jackson.core/jackson-databind/2.2.3/3ae380888029daefb91d3ecdca3a37d8cb92bc9/jackson-databind-2.2.3.jar, file:/Users/hpatel/.gradle/caches/modules-2/files-2.1/com.fasterxml.jackson.core/jackson-annotations/2.2.3/527fece4f23a457070a36c371a26d6c0208e1c3/jackson-annotations-2.2.3.jar, file:/Users/hpatel/.gradle/caches/modules-2/files-2.1/com.amazonaws/aws-java-sdk/1.7.4/2c24ccb6f1ab845a7df971951d4b41c709a6517d/aws-java-sdk-1.7.4.jar, file:/Users/hpatel/.gradle/caches/modules-2/files-2.1/commons-digester/commons-digester/1.8/dc6a73fdbd1fa3f0944e8497c6c872fa21dca37e/commons-digester-1.8.jar, file:/Users/hpatel/.gradle/caches/modules-2/files-2.1/commons-beanutils/commons-beanutils-core/1.8.0/175dc721f87e4bc5cc0573f990e28c3cf9117508/commons-beanutils-core-1.8.0.jar, file:/Users/hpatel/.gradle/caches/modules-2/files-2.1/xml-apis/xml-apis/1.0.b2/3136ca936f64c9d68529f048c2618bd356bf85c9/xml-apis-1.0.b2.jar, file:/Users/hpatel/.gradle/caches/modules-2/files-2.1/com.thoughtworks.paranamer/paranamer/2.3/4a85963a752c0a2f715c3924bfc686865e7e1bc6/paranamer-2.3.jar, file:/Users/hpatel/.gradle/caches/modules-2/files-2.1/org.xerial.snappy/snappy-java/1.0.5/10cb4550360a0ec6b80f09a5209d00b6058e82bf/snappy-java-1.0.5.jar, file:/Users/hpatel/.gradle/caches/modules-2/files-2.1/org.codehaus.jettison/jettison/1.1/1a01a2a1218fcf9faa2cc2a6ced025bdea687262/jettison-1.1.jar, file:/Users/hpatel/.gradle/caches/modules-2/files-2.1/com.sun.xml.bind/jaxb-impl/2.2.3-1/56baae106392040a45a06d4a41099173425da1e6/jaxb-impl-2.2.3-1.jar, file:/Users/hpatel/.gradle/caches/modules-2/files-2.1/org.apache.directory.server/apacheds-kerberos-codec/2.0.0-M15/1c16e4e477183641c5f0dd5cdecd27ec331bacb5/apacheds-kerberos-codec-2.0.0-M15.jar, file:/Users/hpatel/.gradle/caches/modules-2/files-2.1/org.apache.curator/curator-framework/2.6.0/81a699c39d127b5b4ff97cc77da7650b53e5b5ed/curator-framework-2.6.0.jar, file:/Users/hpatel/.gradle/caches/modules-2/files-2.1/org.tukaani/xz/1.0/ecff5cb8b1189514c9d1d8d68eb77ac372e000c9/xz-1.0.jar, file:/Users/hpatel/.gradle/caches/modules-2/files-2.1/org.apache.hadoop/hadoop-yarn-client/2.5.0-cdh5.3.3/2d2ce5d0138d02b20aefcfc1ee8dd6f691911f63/hadoop-yarn-client-2.5.0-cdh5.3.3.jar, file:/Users/hpatel/.gradle/caches/modules-2/files-2.1/org.apache.hadoop/hadoop-yarn-server-common/2.5.0-cdh5.3.3/d099fcc19f56d477fa6b5b47ae4e06bb97538778/hadoop-yarn-server-common-2.5.0-cdh5.3.3.jar, file:/Users/hpatel/.gradle/caches/modules-2/files-2.1/org.apache.hadoop/hadoop-yarn-server-nodemanager/2.5.0-cdh5.3.3/278b2d7a6454ce57a94ab02a88c0b188afc8facc/hadoop-yarn-server-nodemanager-2.5.0-cdh5.3.3.jar, file:/Users/hpatel/.gradle/caches/modules-2/files-2.1/org.fusesource.leveldbjni/leveldbjni-all/1.8/707350a2eeb1fa2ed77a32ddb3893ed308e941db/leveldbjni-all-1.8.jar, file:/Users/hpatel/.gradle/caches/modules-2/files-2.1/javax.xml.bind/jaxb-api/2.2.2/aeb3021ca93dde265796d82015beecdcff95bf09/jaxb-api-2.2.2.jar, file:/Users/hpatel/.gradle/caches/modules-2/files-2.1/com.google.inject/guice/3.0/9d84f15fe35e2c716a02979fb62f50a29f38aefa/guice-3.0.jar, file:/Users/hpatel/.gradle/caches/modules-2/files-2.1/com.sun.jersey.contribs/jersey-guice/1.9/5963c28c47df7e5d6ad34cec80c071c368777f7b/jersey-guice-1.9.jar, file:/Users/hpatel/.gradle/caches/modules-2/files-2.1/com.fasterxml.jackson.core/jackson-core/2.2.3/1a0113da2cab5f4c216b4e5e7c1dbfaa67087e14/jackson-core-2.2.3.jar, file:/Users/hpatel/.gradle/caches/modules-2/files-2.1/commons-beanutils/commons-beanutils/1.7.0/5675fd96b29656504b86029551973d60fb41339b/commons-beanutils-1.7.0.jar, file:/Users/hpatel/.gradle/caches/modules-2/files-2.1/org.apache.directory.server/apacheds-i18n/2.0.0-M15/71c61c84683152ec2a6a65f3f96fe534e304fa22/apacheds-i18n-2.0.0-M15.jar, file:/Users/hpatel/.gradle/caches/modules-2/files-2.1/org.apache.directory.api/api-asn1-api/1.0.0-M20/5e6486ffa3125ba44dc410ead166e1d6ba8ac76d/api-asn1-api-1.0.0-M20.jar, file:/Users/hpatel/.gradle/caches/modules-2/files-2.1/org.apache.directory.api/api-util/1.0.0-M20/a871abf060b3cf83fc6dc4d7e3d151fce50ac3cb/api-util-1.0.0-M20.jar, file:/Users/hpatel/.gradle/caches/modules-2/files-2.1/com.sun.jersey/jersey-client/1.9/d3c4b2b5f89db32c96ceddcb863684821910a7bb/jersey-client-1.9.jar, file:/Users/hpatel/.gradle/caches/modules-2/files-2.1/javax.xml.stream/stax-api/1.0-2/d6337b0de8b25e53e81b922352fbea9f9f57ba0b/stax-api-1.0-2.jar, file:/Users/hpatel/.gradle/caches/modules-2/files-2.1/javax.activation/activation/1.1/e6cb541461c2834bdea3eb920f1884d1eb508b50/activation-1.1.jar, file:/Users/hpatel/.gradle/caches/modules-2/files-2.1/javax.inject/javax.inject/1/6975da39a7040257bd51d21a231b76c915872d38/javax.inject-1.jar, file:/Users/hpatel/.gradle/caches/modules-2/files-2.1/aopalliance/aopalliance/1.0/235ba8b489512805ac13a8f9ea77a1ca5ebe3e8/aopalliance-1.0.jar, file:/Users/hpatel/.gradle/caches/modules-2/files-2.1/org.sonatype.sisu.inject/cglib/2.2.1-v20090111/7ce5e983fd0e6c78346f4c9cbfa39d83049dda2/cglib-2.2.1-v20090111.jar, file:/Users/hpatel/.gradle/caches/modules-2/files-2.1/asm/asm/3.1/c157def142714c544bdea2e6144645702adf7097/asm-3.1.jar, file:/Users/hpatel/.gradle/caches/modules-2/files-2.1/org.apache.hive/hive-service/0.13.1-cdh5.3.3/c7979b4213bfb62823d43ba726e0fea58032dd1e/hive-service-0.13.1-cdh5.3.3.jar, file:/Users/hpatel/.gradle/caches/modules-2/files-2.1/net.sf.jpam/jpam/1.1/cb3d91c2dfda767518a371dbb02edfd6a4aa0600/jpam-1.1.jar, file:/Users/hpatel/.gradle/caches/modules-2/files-2.1/org.eclipse.jetty.aggregate/jetty-all/7.6.0.v20120127/47bb68e3837e5c6422138dd1e0d4d75c60dce87a/jetty-all-7.6.0.v20120127.jar, file:/Users/hpatel/.gradle/caches/modules-2/files-2.1/org.apache.thrift/libfb303/0.9.0/639bd69767fdbd7f658ce8233248fe1cea635164/libfb303-0.9.0.jar, file:/Users/hpatel/.gradle/caches/modules-2/files-2.1/org.apache.geronimo.specs/geronimo-jta_1.1_spec/1.1.1/aabab3165b8ea936b9360abbf448459c0d04a5a4/geronimo-jta_1.1_spec-1.1.1.jar, file:/Users/hpatel/.gradle/caches/modules-2/files-2.1/javax.mail/mail/1.4.1/8b7bc69010655425dabf091b51d1e90b4de36715/mail-1.4.1.jar, file:/Users/hpatel/.gradle/caches/modules-2/files-2.1/org.apache.geronimo.specs/geronimo-jaspic_1.0_spec/1.0/44b95be7dae1147716dce5336419eafade880756/geronimo-jaspic_1.0_spec-1.0.jar, file:/Users/hpatel/.gradle/caches/modules-2/files-2.1/org.apache.geronimo.specs/geronimo-annotation_1.0_spec/1.1.1/47caa799389f69d297b86bf90523d431599c3796/geronimo-annotation_1.0_spec-1.1.1.jar, file:/Users/hpatel/.gradle/caches/modules-2/files-2.1/asm/asm-commons/3.1/1b607fbfe7889c6fdff1b7c16439ade0a60869ac/asm-commons-3.1.jar, file:/Users/hpatel/.gradle/caches/modules-2/files-2.1/asm/asm-tree/3.1/c9a5d4334ddf194ea492f22107d45119a5c5322f/asm-tree-3.1.jar, file:/Users/hpatel/.gradle/caches/modules-2/files-2.1/commons-lang/commons-lang/2.6/ce1edb914c94ebc388f086c6827e8bdeec71ac2/commons-lang-2.6.jar, file:/Users/hpatel/.gradle/caches/modules-2/files-2.1/org.mortbay.jetty/jetty/6.1.26.cloudera.4/d59325a5ff8ff18f7543bc3fbb9d5efa0c0ff521/jetty-6.1.26.cloudera.4.jar, file:/Users/hpatel/.gradle/caches/modules-2/files-2.1/org.mortbay.jetty/jetty-util/6.1.26.cloudera.4/b8507b7c5d3fd9a3d01775272cbf1a63f530c19d/jetty-util-6.1.26.cloudera.4.jar, file:/Users/hpatel/.gradle/caches/modules-2/files-2.1/net.java.dev.jets3t/jets3t/0.9.0/792bc96ee7e57b89f472aa0cb5a31015b9f59c96/jets3t-0.9.0.jar, file:/Users/hpatel/.gradle/caches/modules-2/files-2.1/com.jamesmurty.utils/java-xmlbuilder/0.4/ac5962e48cdee3a0a6e1f8e00fcb594747ac5aaf/java-xmlbuilder-0.4.jar, file:/Users/hpatel/.gradle/caches/modules-2/files-2.1/com.google.protobuf/protobuf-java/2.5.0/a10732c76bfacdbd633a7eb0f7968b1059a65dfa/protobuf-java-2.5.0.jar, file:/Users/hpatel/.gradle/caches/modules-2/files-2.1/org.apache.hive/hive-exec/0.13.1-cdh5.3.3/4d935274127f47dd9c0875efcf317ba49aef1219/hive-exec-0.13.1-cdh5.3.3.jar, file:/Users/hpatel/.gradle/caches/modules-2/files-2.1/org.apache.hive/hive-ant/0.13.1-cdh5.3.3/86954e92a903253177cd6935798c50a6c32b7b81/hive-ant-0.13.1-cdh5.3.3.jar, file:/Users/hpatel/.gradle/caches/modules-2/files-2.1/org.antlr/antlr-runtime/3.4/8f011408269a8e42b8548687e137d8eeb56df4b4/antlr-runtime-3.4.jar, file:/Users/hpatel/.gradle/caches/modules-2/files-2.1/org.antlr/ST4/4.0.4/467a2aa12be6d0f0f68c70eecf6714ab733027ac/ST4-4.0.4.jar, file:/Users/hpatel/.gradle/caches/modules-2/files-2.1/org.apache.ant/ant/1.9.1/35900c96dbebc85dcfbd71f4661059ebcf93c077/ant-1.9.1.jar, file:/Users/hpatel/.gradle/caches/modules-2/files-2.1/org.codehaus.groovy/groovy-all/2.1.6/165b8246372a829c1915611646f6d964010656cf/groovy-all-2.1.6.jar, file:/Users/hpatel/.gradle/caches/modules-2/files-2.1/stax/stax-api/1.0.1/49c100caf72d658aca8e58bd74a4ba90fa2b0d70/stax-api-1.0.1.jar, file:/Users/hpatel/.gradle/caches/modules-2/files-2.1/org.apache.velocity/velocity/1.5/9f306baf7523ffc0e81a6353d08a584d254133b/velocity-1.5.jar, file:/Users/hpatel/.gradle/caches/modules-2/files-2.1/org.antlr/stringtemplate/3.2.1/59ec8083721eae215c6f3caee944c410d2be34de/stringtemplate-3.2.1.jar, file:/Users/hpatel/.gradle/caches/modules-2/files-2.1/antlr/antlr/2.7.7/83cd2cd674a217ade95a4bb83a8a14f351f48bd0/antlr-2.7.7.jar, file:/Users/hpatel/.gradle/caches/modules-2/files-2.1/org.apache.ant/ant-launcher/1.9.1/7c71043ca185eaada9e36391dd022d92859327de/ant-launcher-1.9.1.jar, file:/Users/hpatel/.gradle/caches/modules-2/files-2.1/oro/oro/2.0.8/5592374f834645c4ae250f4c9fbb314c9369d698/oro-2.0.8.jar, file:/Users/hpatel/.gradle/caches/modules-2/files-2.1/org.codehaus.jackson/jackson-core-asl/1.9.13/3c304d70f42f832e0a86d45bd437f692129299a4/jackson-core-asl-1.9.13.jar, file:/Users/hpatel/.gradle/caches/modules-2/files-2.1/org.codehaus.jackson/jackson-mapper-asl/1.9.13/1ee2f2bed0e5dd29d1cb155a166e6f8d50bbddb7/jackson-mapper-asl-1.9.13.jar, file:/Users/hpatel/.gradle/caches/modules-2/files-2.1/org.slf4j/slf4j-api/1.7.6/562424e36df3d2327e8e9301a76027fca17d54ea/slf4j-api-1.7.6.jar, file:/Users/hpatel/.gradle/caches/modules-2/files-2.1/com.sun.jersey/jersey-server/1.14/b1a21724c9b708ed54d42d41bb19ff45ae1d49d9/jersey-server-1.14.jar, file:/Users/hpatel/.gradle/caches/modules-2/files-2.1/org.apache.httpcomponents/httpclient/4.2.5/666e26e76f2e87d84e4f16acb546481ae1b8e9a6/httpclient-4.2.5.jar, file:/Users/hpatel/.gradle/caches/modules-2/files-2.1/org.apache.zookeeper/zookeeper/3.4.6/1b2502e29da1ebaade2357cd1de35a855fa3755/zookeeper-3.4.6.jar, file:/Users/hpatel/.gradle/caches/modules-2/files-2.1/com.google.guava/guava/16.0.1/5fa98cd1a63c99a44dd8d3b77e4762b066a5d0c5/guava-16.0.1.jar, file:/Users/hpatel/.gradle/caches/modules-2/files-2.1/org.codehaus.jackson/jackson-jaxrs/1.8.8/71b16055388e9bd3991c3c3834e8e55098b789f1/jackson-jaxrs-1.8.8.jar, file:/Users/hpatel/.gradle/caches/modules-2/files-2.1/org.codehaus.jackson/jackson-xc/1.8.8/52efa08bc1e4cfea168f552b9e3088297d9d0926/jackson-xc-1.8.8.jar, file:/Users/hpatel/.gradle/caches/modules-2/files-2.1/org.apache.hive/hive-metastore/0.13.1-cdh5.3.3/ca93686a17f064a5ab6587799721cddd7836e53a/hive-metastore-0.13.1-cdh5.3.3.jar, file:/Users/hpatel/.gradle/caches/modules-2/files-2.1/com.jolbox/bonecp/0.8.0.RELEASE/cec24ee9345b3678472bb1b8fdd6aa6b9428beb8/bonecp-0.8.0.RELEASE.jar, file:/Users/hpatel/.gradle/caches/modules-2/files-2.1/org.apache.derby/derby/10.10.1.1/9f6f910f0373adc1b23c10f9b4bb151b7e7449f/derby-10.10.1.1.jar, file:/Users/hpatel/.gradle/caches/modules-2/files-2.1/javax.jdo/jdo-api/3.0.1/58e7a538e020b73871e232eeb064835fd98a492/jdo-api-3.0.1.jar, file:/Users/hpatel/.gradle/caches/modules-2/files-2.1/javax.transaction/jta/1.1/2ca09f0b36ca7d71b762e14ea2ff09d5eac57558/jta-1.1.jar, file:/Users/hpatel/.gradle/caches/modules-2/files-2.1/org.apache.thrift/libthrift/0.9.0/9ba8df332b5db95ce7f3b7a83e44d796c3d014d3/libthrift-0.9.0.jar, file:/Users/hpatel/.gradle/caches/modules-2/files-2.1/org.apache.httpcomponents/httpcore/4.2.4/3b7f38df6de5dd8b500e602ae8c2dd5ee446f883/httpcore-4.2.4.jar, file:/Users/hpatel/.gradle/caches/modules-2/files-2.1/com.sun.jersey/jersey-core/1.14/693061de8b9b352b11e997b1dd4052677778852d/jersey-core-1.14.jar, file:/Users/hpatel/.gradle/caches/modules-2/files-2.1/commons-codec/commons-codec/1.6/b7f0fc8f61ecadeb3695f0b9464755eee44374d4/commons-codec-1.6.jar, file:/Users/hpatel/.gradle/caches/modules-2/files-2.1/io.netty/netty/3.7.0.Final/7a8c35599c68c0bf383df74469aa3e03d9aca87/netty-3.7.0.Final.jar]
15/09/06 13:13:44 INFO mr.ObjectCache: Ignoring retrieval request: __REDUCE_PLAN__
15/09/06 13:13:44 INFO log.PerfLogger: <PERFLOG method=deserializePlan from=org.apache.hadoop.hive.ql.exec.Utilities>
15/09/06 13:13:44 INFO exec.Utilities: Deserializing ReduceWork via kryo
15/09/06 13:13:45 INFO log.PerfLogger: </PERFLOG method=deserializePlan start=1441563224968 end=1441563225013 duration=45 from=org.apache.hadoop.hive.ql.exec.Utilities>
15/09/06 13:13:45 INFO mr.ObjectCache: Ignoring cache key: __REDUCE_PLAN__
15/09/06 13:13:45 INFO ExecReducer: 
<EX>Id =7
  <Children>
    <FS>Id =8
      <Children>
      <\Children>
      <Parent>Id = 7 null<\Parent>
    <\FS>
  <\Children>
  <Parent><\Parent>
<\EX>
15/09/06 13:13:45 INFO exec.ExtractOperator: Initializing Self 7 EX
15/09/06 13:13:45 INFO exec.ExtractOperator: Operator 7 EX initialized
15/09/06 13:13:45 INFO exec.ExtractOperator: Initializing children of 7 EX
15/09/06 13:13:45 INFO exec.FileSinkOperator: Initializing child 8 FS
15/09/06 13:13:45 INFO exec.FileSinkOperator: Initializing Self 8 FS
15/09/06 13:13:45 INFO avro.AvroSerDe: Avro schema is {"type":"record","name":"DEALER_HIERARCHY_CORE","doc":"Sqoop import of DEALER_HIERARCHY","fields":[{"name":"File_Name","type":["string","null"],"columnName":"File_Name"},{"name":"GEN_ID","type":["string","null"],"columnName":"GEN_ID"},{"name":"DMS_SYSTEM","type":["string","null"],"columnName":"DMS_SYSTEM"},{"name":"DMS_VERSION","type":["string","null"],"columnName":"DMS_VERSION"},{"name":"TRANSMIT_TS","type":["string","null"],"columnName":"TRANSMIT_TS"},{"name":"ORIG_TRANSMIT_TS","type":["string","null"],"columnName":"TRANSMIT_TS"},{"name":"TRANSMIT_BY","type":["string","null"],"columnName":"TRANSMIT_BY"},{"name":"RECORD_STATUS","type":["string","null"],"columnName":"RECORD_STATUS"},{"name":"DEALER_UPDT_IND","type":["string","null"],"columnName":"DEALER_UPDT_IND","sqlType":"1"},{"name":"STORE_NUMBER","type":["string","null"],"columnName":"STORE_NUMBER"},{"name":"PART_TYPE","type":["string","null"],"columnName":"PART_TYPE"},{"name":"STORE_NAME","type":["string","null"],"columnName":"STORE_NAME"},{"name":"INVENTORY_STORE_NUMBER","type":["string","null"],"columnName":"INVENTORY_STORE_NUMBER"},{"name":"CAT_EMRG_DEALER_CODE","type":["string","null"],"columnName":"CAT_EMRG_DEALER_CODE"},{"name":"CAT_STOCK_DEALER_CODE","type":["string","null"],"columnName":"CAT_STOCK_DEALER_CODE"},{"name":"STOCK_REPLEN_STORE_NUMBER","type":["string","null"],"columnName":"STOCK_REPLEN_STORE_NUMBER"},{"name":"STOCK_REPLEN_LEAD_TIME","type":["string","null"],"columnName":"STOCK_REPLEN_LEAD_TIME"},{"name":"LST_UPDT_TS","type":["string","null"],"columnName":"LST_UPDT_TS"},{"name":"ORIG_LST_UPDT_TS","type":["string","null"],"columnName":"ORIG_LST_UPDT_TS"},{"name":"LST_UPDT_BY_ID","type":["string","null"],"columnName":"LST_UPDT_BY_ID"},{"name":"FILE_INS_TS","type":["string","null"],"columnName":"FILE_INS_TS"},{"name":"ORIG_FILE_INS_TS","type":["string","null"],"columnName":"ORIG_FILE_INS_TS"},{"name":"EXP_STOCK_PLAN_LEAD_TIME","type":["string","null"],"columnName":"EXP_STOCK_PLAN_LEAD_TIME"}],"tableName":"DEALER_HIERARCHY_CORE"}
15/09/06 13:13:45 INFO avro.AvroSerDe: Configuration null, not inserting schema
15/09/06 13:13:45 INFO exec.FileSinkOperator: Operator 8 FS initialized
15/09/06 13:13:45 INFO exec.FileSinkOperator: Initialization Done 8 FS
15/09/06 13:13:45 INFO exec.ExtractOperator: Initialization Done 7 EX
15/09/06 13:13:45 INFO exec.FileSinkOperator: Final Path: FS file:/var/folders/y7/4_pz5fzx54ngcmghz3v6t3m00000gn/T/junit9095267975545366152/hadooptmp/dealer_hierarchy/core_data/.hive-staging_hive_2015-09-06_13-13-43_961_2122911438350117722-1/_tmp.-ext-10000/dealer_code=AAAA/000000_0
15/09/06 13:13:45 INFO exec.FileSinkOperator: Writing to temp file: FS file:/var/folders/y7/4_pz5fzx54ngcmghz3v6t3m00000gn/T/junit9095267975545366152/hadooptmp/dealer_hierarchy/core_data/.hive-staging_hive_2015-09-06_13-13-43_961_2122911438350117722-1/_task_tmp.-ext-10000/dealer_code=AAAA/_tmp.000000_0
15/09/06 13:13:45 INFO exec.FileSinkOperator: New Final Path: FS file:/var/folders/y7/4_pz5fzx54ngcmghz3v6t3m00000gn/T/junit9095267975545366152/hadooptmp/dealer_hierarchy/core_data/.hive-staging_hive_2015-09-06_13-13-43_961_2122911438350117722-1/_tmp.-ext-10000/dealer_code=AAAA/000000_0
15/09/06 13:13:45 INFO ExecReducer: ExecReducer: processing 1 rows: used memory = 174441384
15/09/06 13:13:45 INFO lazybinary.LazyBinaryStruct: Missing fields! Expected 24 fields but only got 24! Ignoring similar problems.
15/09/06 13:13:45 INFO exec.FileSinkOperator: Final Path: FS file:/var/folders/y7/4_pz5fzx54ngcmghz3v6t3m00000gn/T/junit9095267975545366152/hadooptmp/dealer_hierarchy/core_data/.hive-staging_hive_2015-09-06_13-13-43_961_2122911438350117722-1/_tmp.-ext-10000/dealer_code=ZZZZ/000000_0
15/09/06 13:13:45 INFO exec.FileSinkOperator: Writing to temp file: FS file:/var/folders/y7/4_pz5fzx54ngcmghz3v6t3m00000gn/T/junit9095267975545366152/hadooptmp/dealer_hierarchy/core_data/.hive-staging_hive_2015-09-06_13-13-43_961_2122911438350117722-1/_task_tmp.-ext-10000/dealer_code=ZZZZ/_tmp.000000_0
15/09/06 13:13:45 INFO exec.FileSinkOperator: New Final Path: FS file:/var/folders/y7/4_pz5fzx54ngcmghz3v6t3m00000gn/T/junit9095267975545366152/hadooptmp/dealer_hierarchy/core_data/.hive-staging_hive_2015-09-06_13-13-43_961_2122911438350117722-1/_tmp.-ext-10000/dealer_code=ZZZZ/000000_0
15/09/06 13:13:45 INFO ExecReducer: ExecReducer: processed 4 rows: used memory = 179975896
15/09/06 13:13:45 INFO exec.ExtractOperator: 7 finished. closing... 
15/09/06 13:13:45 INFO exec.FileSinkOperator: 8 finished. closing... 
15/09/06 13:13:45 INFO exec.FileSinkOperator: FS[8]: records written - 4
15/09/06 13:13:45 INFO exec.FileSinkOperator: RECORDS_OUT_1:4
15/09/06 13:13:45 INFO exec.FileSinkOperator: 8 Close done
15/09/06 13:13:45 INFO exec.ExtractOperator: 7 Close done
15/09/06 13:13:45 INFO mapred.Task: Task:attempt_local227979569_0001_r_000000_0 is done. And is in the process of commiting
15/09/06 13:13:45 INFO mapred.LocalJobRunner: reduce > reduce
15/09/06 13:13:45 INFO mapred.Task: Task 'attempt_local227979569_0001_r_000000_0' done.
2015-09-06 13:13:45,103 Stage-1 map = 100%,  reduce = 100%
15/09/06 13:13:45 INFO exec.Task: 2015-09-06 13:13:45,103 Stage-1 map = 100%,  reduce = 100%
Ended Job = job_local227979569_0001
15/09/06 13:13:45 INFO exec.Task: Ended Job = job_local227979569_0001
15/09/06 13:13:45 INFO exec.FileSinkOperator: Moving tmp dir: file:/var/folders/y7/4_pz5fzx54ngcmghz3v6t3m00000gn/T/junit9095267975545366152/hadooptmp/dealer_hierarchy/core_data/.hive-staging_hive_2015-09-06_13-13-43_961_2122911438350117722-1/_tmp.-ext-10000 to: file:/var/folders/y7/4_pz5fzx54ngcmghz3v6t3m00000gn/T/junit9095267975545366152/hadooptmp/dealer_hierarchy/core_data/.hive-staging_hive_2015-09-06_13-13-43_961_2122911438350117722-1/-ext-10000
15/09/06 13:13:45 INFO log.PerfLogger: <PERFLOG method=task.MOVE.Stage-0 from=org.apache.hadoop.hive.ql.Driver>
Loading data to table ddsw_dev.dealer_hierarchy_core partition (dealer_code=null)
15/09/06 13:13:45 INFO exec.Task: Loading data to table ddsw_dev.dealer_hierarchy_core partition (dealer_code=null) from file:/var/folders/y7/4_pz5fzx54ngcmghz3v6t3m00000gn/T/junit9095267975545366152/hadooptmp/dealer_hierarchy/core_data/.hive-staging_hive_2015-09-06_13-13-43_961_2122911438350117722-1/-ext-10000
15/09/06 13:13:45 INFO metastore.HiveMetaStore: 0: get_table : db=ddsw_dev tbl=dealer_hierarchy_core
15/09/06 13:13:45 INFO HiveMetaStore.audit: ugi=hpatel	ip=unknown-ip-addr	cmd=get_table : db=ddsw_dev tbl=dealer_hierarchy_core	
15/09/06 13:13:45 INFO avro.AvroSerDe: Avro schema is {"type":"record","name":"DEALER_HIERARCHY_CORE","doc":"Sqoop import of DEALER_HIERARCHY","fields":[{"name":"File_Name","type":["string","null"],"columnName":"File_Name"},{"name":"GEN_ID","type":["string","null"],"columnName":"GEN_ID"},{"name":"DMS_SYSTEM","type":["string","null"],"columnName":"DMS_SYSTEM"},{"name":"DMS_VERSION","type":["string","null"],"columnName":"DMS_VERSION"},{"name":"TRANSMIT_TS","type":["string","null"],"columnName":"TRANSMIT_TS"},{"name":"ORIG_TRANSMIT_TS","type":["string","null"],"columnName":"TRANSMIT_TS"},{"name":"TRANSMIT_BY","type":["string","null"],"columnName":"TRANSMIT_BY"},{"name":"RECORD_STATUS","type":["string","null"],"columnName":"RECORD_STATUS"},{"name":"DEALER_UPDT_IND","type":["string","null"],"columnName":"DEALER_UPDT_IND","sqlType":"1"},{"name":"STORE_NUMBER","type":["string","null"],"columnName":"STORE_NUMBER"},{"name":"PART_TYPE","type":["string","null"],"columnName":"PART_TYPE"},{"name":"STORE_NAME","type":["string","null"],"columnName":"STORE_NAME"},{"name":"INVENTORY_STORE_NUMBER","type":["string","null"],"columnName":"INVENTORY_STORE_NUMBER"},{"name":"CAT_EMRG_DEALER_CODE","type":["string","null"],"columnName":"CAT_EMRG_DEALER_CODE"},{"name":"CAT_STOCK_DEALER_CODE","type":["string","null"],"columnName":"CAT_STOCK_DEALER_CODE"},{"name":"STOCK_REPLEN_STORE_NUMBER","type":["string","null"],"columnName":"STOCK_REPLEN_STORE_NUMBER"},{"name":"STOCK_REPLEN_LEAD_TIME","type":["string","null"],"columnName":"STOCK_REPLEN_LEAD_TIME"},{"name":"LST_UPDT_TS","type":["string","null"],"columnName":"LST_UPDT_TS"},{"name":"ORIG_LST_UPDT_TS","type":["string","null"],"columnName":"ORIG_LST_UPDT_TS"},{"name":"LST_UPDT_BY_ID","type":["string","null"],"columnName":"LST_UPDT_BY_ID"},{"name":"FILE_INS_TS","type":["string","null"],"columnName":"FILE_INS_TS"},{"name":"ORIG_FILE_INS_TS","type":["string","null"],"columnName":"ORIG_FILE_INS_TS"},{"name":"EXP_STOCK_PLAN_LEAD_TIME","type":["string","null"],"columnName":"EXP_STOCK_PLAN_LEAD_TIME"}],"tableName":"DEALER_HIERARCHY_CORE"}
15/09/06 13:13:45 INFO avro.AvroSerDe: Avro schema is {"type":"record","name":"DEALER_HIERARCHY_CORE","doc":"Sqoop import of DEALER_HIERARCHY","fields":[{"name":"File_Name","type":["string","null"],"columnName":"File_Name"},{"name":"GEN_ID","type":["string","null"],"columnName":"GEN_ID"},{"name":"DMS_SYSTEM","type":["string","null"],"columnName":"DMS_SYSTEM"},{"name":"DMS_VERSION","type":["string","null"],"columnName":"DMS_VERSION"},{"name":"TRANSMIT_TS","type":["string","null"],"columnName":"TRANSMIT_TS"},{"name":"ORIG_TRANSMIT_TS","type":["string","null"],"columnName":"TRANSMIT_TS"},{"name":"TRANSMIT_BY","type":["string","null"],"columnName":"TRANSMIT_BY"},{"name":"RECORD_STATUS","type":["string","null"],"columnName":"RECORD_STATUS"},{"name":"DEALER_UPDT_IND","type":["string","null"],"columnName":"DEALER_UPDT_IND","sqlType":"1"},{"name":"STORE_NUMBER","type":["string","null"],"columnName":"STORE_NUMBER"},{"name":"PART_TYPE","type":["string","null"],"columnName":"PART_TYPE"},{"name":"STORE_NAME","type":["string","null"],"columnName":"STORE_NAME"},{"name":"INVENTORY_STORE_NUMBER","type":["string","null"],"columnName":"INVENTORY_STORE_NUMBER"},{"name":"CAT_EMRG_DEALER_CODE","type":["string","null"],"columnName":"CAT_EMRG_DEALER_CODE"},{"name":"CAT_STOCK_DEALER_CODE","type":["string","null"],"columnName":"CAT_STOCK_DEALER_CODE"},{"name":"STOCK_REPLEN_STORE_NUMBER","type":["string","null"],"columnName":"STOCK_REPLEN_STORE_NUMBER"},{"name":"STOCK_REPLEN_LEAD_TIME","type":["string","null"],"columnName":"STOCK_REPLEN_LEAD_TIME"},{"name":"LST_UPDT_TS","type":["string","null"],"columnName":"LST_UPDT_TS"},{"name":"ORIG_LST_UPDT_TS","type":["string","null"],"columnName":"ORIG_LST_UPDT_TS"},{"name":"LST_UPDT_BY_ID","type":["string","null"],"columnName":"LST_UPDT_BY_ID"},{"name":"FILE_INS_TS","type":["string","null"],"columnName":"FILE_INS_TS"},{"name":"ORIG_FILE_INS_TS","type":["string","null"],"columnName":"ORIG_FILE_INS_TS"},{"name":"EXP_STOCK_PLAN_LEAD_TIME","type":["string","null"],"columnName":"EXP_STOCK_PLAN_LEAD_TIME"}],"tableName":"DEALER_HIERARCHY_CORE"}
15/09/06 13:13:45 INFO exec.MoveTask: Partition is: {dealer_code=null}
15/09/06 13:13:45 INFO metastore.HiveMetaStore: 0: partition_name_has_valid_characters
15/09/06 13:13:45 INFO HiveMetaStore.audit: ugi=hpatel	ip=unknown-ip-addr	cmd=partition_name_has_valid_characters	
15/09/06 13:13:45 INFO metastore.HiveMetaStore: 0: partition_name_has_valid_characters
15/09/06 13:13:45 INFO HiveMetaStore.audit: ugi=hpatel	ip=unknown-ip-addr	cmd=partition_name_has_valid_characters	
15/09/06 13:13:45 INFO metastore.HiveMetaStore: 0: get_table : db=ddsw_dev tbl=dealer_hierarchy_core
15/09/06 13:13:45 INFO HiveMetaStore.audit: ugi=hpatel	ip=unknown-ip-addr	cmd=get_table : db=ddsw_dev tbl=dealer_hierarchy_core	
15/09/06 13:13:45 INFO avro.AvroSerDe: Avro schema is {"type":"record","name":"DEALER_HIERARCHY_CORE","doc":"Sqoop import of DEALER_HIERARCHY","fields":[{"name":"File_Name","type":["string","null"],"columnName":"File_Name"},{"name":"GEN_ID","type":["string","null"],"columnName":"GEN_ID"},{"name":"DMS_SYSTEM","type":["string","null"],"columnName":"DMS_SYSTEM"},{"name":"DMS_VERSION","type":["string","null"],"columnName":"DMS_VERSION"},{"name":"TRANSMIT_TS","type":["string","null"],"columnName":"TRANSMIT_TS"},{"name":"ORIG_TRANSMIT_TS","type":["string","null"],"columnName":"TRANSMIT_TS"},{"name":"TRANSMIT_BY","type":["string","null"],"columnName":"TRANSMIT_BY"},{"name":"RECORD_STATUS","type":["string","null"],"columnName":"RECORD_STATUS"},{"name":"DEALER_UPDT_IND","type":["string","null"],"columnName":"DEALER_UPDT_IND","sqlType":"1"},{"name":"STORE_NUMBER","type":["string","null"],"columnName":"STORE_NUMBER"},{"name":"PART_TYPE","type":["string","null"],"columnName":"PART_TYPE"},{"name":"STORE_NAME","type":["string","null"],"columnName":"STORE_NAME"},{"name":"INVENTORY_STORE_NUMBER","type":["string","null"],"columnName":"INVENTORY_STORE_NUMBER"},{"name":"CAT_EMRG_DEALER_CODE","type":["string","null"],"columnName":"CAT_EMRG_DEALER_CODE"},{"name":"CAT_STOCK_DEALER_CODE","type":["string","null"],"columnName":"CAT_STOCK_DEALER_CODE"},{"name":"STOCK_REPLEN_STORE_NUMBER","type":["string","null"],"columnName":"STOCK_REPLEN_STORE_NUMBER"},{"name":"STOCK_REPLEN_LEAD_TIME","type":["string","null"],"columnName":"STOCK_REPLEN_LEAD_TIME"},{"name":"LST_UPDT_TS","type":["string","null"],"columnName":"LST_UPDT_TS"},{"name":"ORIG_LST_UPDT_TS","type":["string","null"],"columnName":"ORIG_LST_UPDT_TS"},{"name":"LST_UPDT_BY_ID","type":["string","null"],"columnName":"LST_UPDT_BY_ID"},{"name":"FILE_INS_TS","type":["string","null"],"columnName":"FILE_INS_TS"},{"name":"ORIG_FILE_INS_TS","type":["string","null"],"columnName":"ORIG_FILE_INS_TS"},{"name":"EXP_STOCK_PLAN_LEAD_TIME","type":["string","null"],"columnName":"EXP_STOCK_PLAN_LEAD_TIME"}],"tableName":"DEALER_HIERARCHY_CORE"}
15/09/06 13:13:45 INFO avro.AvroSerDe: Avro schema is {"type":"record","name":"DEALER_HIERARCHY_CORE","doc":"Sqoop import of DEALER_HIERARCHY","fields":[{"name":"File_Name","type":["string","null"],"columnName":"File_Name"},{"name":"GEN_ID","type":["string","null"],"columnName":"GEN_ID"},{"name":"DMS_SYSTEM","type":["string","null"],"columnName":"DMS_SYSTEM"},{"name":"DMS_VERSION","type":["string","null"],"columnName":"DMS_VERSION"},{"name":"TRANSMIT_TS","type":["string","null"],"columnName":"TRANSMIT_TS"},{"name":"ORIG_TRANSMIT_TS","type":["string","null"],"columnName":"TRANSMIT_TS"},{"name":"TRANSMIT_BY","type":["string","null"],"columnName":"TRANSMIT_BY"},{"name":"RECORD_STATUS","type":["string","null"],"columnName":"RECORD_STATUS"},{"name":"DEALER_UPDT_IND","type":["string","null"],"columnName":"DEALER_UPDT_IND","sqlType":"1"},{"name":"STORE_NUMBER","type":["string","null"],"columnName":"STORE_NUMBER"},{"name":"PART_TYPE","type":["string","null"],"columnName":"PART_TYPE"},{"name":"STORE_NAME","type":["string","null"],"columnName":"STORE_NAME"},{"name":"INVENTORY_STORE_NUMBER","type":["string","null"],"columnName":"INVENTORY_STORE_NUMBER"},{"name":"CAT_EMRG_DEALER_CODE","type":["string","null"],"columnName":"CAT_EMRG_DEALER_CODE"},{"name":"CAT_STOCK_DEALER_CODE","type":["string","null"],"columnName":"CAT_STOCK_DEALER_CODE"},{"name":"STOCK_REPLEN_STORE_NUMBER","type":["string","null"],"columnName":"STOCK_REPLEN_STORE_NUMBER"},{"name":"STOCK_REPLEN_LEAD_TIME","type":["string","null"],"columnName":"STOCK_REPLEN_LEAD_TIME"},{"name":"LST_UPDT_TS","type":["string","null"],"columnName":"LST_UPDT_TS"},{"name":"ORIG_LST_UPDT_TS","type":["string","null"],"columnName":"ORIG_LST_UPDT_TS"},{"name":"LST_UPDT_BY_ID","type":["string","null"],"columnName":"LST_UPDT_BY_ID"},{"name":"FILE_INS_TS","type":["string","null"],"columnName":"FILE_INS_TS"},{"name":"ORIG_FILE_INS_TS","type":["string","null"],"columnName":"ORIG_FILE_INS_TS"},{"name":"EXP_STOCK_PLAN_LEAD_TIME","type":["string","null"],"columnName":"EXP_STOCK_PLAN_LEAD_TIME"}],"tableName":"DEALER_HIERARCHY_CORE"}
15/09/06 13:13:45 INFO metastore.HiveMetaStore: 0: get_partition_with_auth : db=ddsw_dev tbl=dealer_hierarchy_core[ZZZZ]
15/09/06 13:13:45 INFO HiveMetaStore.audit: ugi=hpatel	ip=unknown-ip-addr	cmd=get_partition_with_auth : db=ddsw_dev tbl=dealer_hierarchy_core[ZZZZ]	
15/09/06 13:13:45 INFO common.FileUtils: Creating directory if it doesn't exist: file:/var/folders/y7/4_pz5fzx54ngcmghz3v6t3m00000gn/T/junit9095267975545366152/hadooptmp/dealer_hierarchy/core_data/dealer_code=ZZZZ
15/09/06 13:13:45 INFO session.SessionState: Could not get hdfsEncryptionShim, it is only applicable to hdfs filesystem.
15/09/06 13:13:45 INFO metadata.Hive: Renaming src: file:/var/folders/y7/4_pz5fzx54ngcmghz3v6t3m00000gn/T/junit9095267975545366152/hadooptmp/dealer_hierarchy/core_data/.hive-staging_hive_2015-09-06_13-13-43_961_2122911438350117722-1/-ext-10000/dealer_code=ZZZZ/000000_0, dest: file:/var/folders/y7/4_pz5fzx54ngcmghz3v6t3m00000gn/T/junit9095267975545366152/hadooptmp/dealer_hierarchy/core_data/dealer_code=ZZZZ/000000_0, Status:true
15/09/06 13:13:45 INFO metastore.HiveMetaStore: 0: get_partition_with_auth : db=ddsw_dev tbl=dealer_hierarchy_core[ZZZZ]
15/09/06 13:13:45 INFO HiveMetaStore.audit: ugi=hpatel	ip=unknown-ip-addr	cmd=get_partition_with_auth : db=ddsw_dev tbl=dealer_hierarchy_core[ZZZZ]	
15/09/06 13:13:45 INFO metastore.HiveMetaStore: 0: append_partition : db=ddsw_dev tbl=dealer_hierarchy_core[ZZZZ]
15/09/06 13:13:45 INFO HiveMetaStore.audit: ugi=hpatel	ip=unknown-ip-addr	cmd=append_partition : db=ddsw_dev tbl=dealer_hierarchy_core[ZZZZ]	
15/09/06 13:13:45 INFO metadata.Hive: New loading path = file:/var/folders/y7/4_pz5fzx54ngcmghz3v6t3m00000gn/T/junit9095267975545366152/hadooptmp/dealer_hierarchy/core_data/.hive-staging_hive_2015-09-06_13-13-43_961_2122911438350117722-1/-ext-10000/dealer_code=ZZZZ with partSpec {dealer_code=ZZZZ}
15/09/06 13:13:45 INFO metastore.HiveMetaStore: 0: get_table : db=ddsw_dev tbl=dealer_hierarchy_core
15/09/06 13:13:45 INFO HiveMetaStore.audit: ugi=hpatel	ip=unknown-ip-addr	cmd=get_table : db=ddsw_dev tbl=dealer_hierarchy_core	
15/09/06 13:13:45 INFO avro.AvroSerDe: Avro schema is {"type":"record","name":"DEALER_HIERARCHY_CORE","doc":"Sqoop import of DEALER_HIERARCHY","fields":[{"name":"File_Name","type":["string","null"],"columnName":"File_Name"},{"name":"GEN_ID","type":["string","null"],"columnName":"GEN_ID"},{"name":"DMS_SYSTEM","type":["string","null"],"columnName":"DMS_SYSTEM"},{"name":"DMS_VERSION","type":["string","null"],"columnName":"DMS_VERSION"},{"name":"TRANSMIT_TS","type":["string","null"],"columnName":"TRANSMIT_TS"},{"name":"ORIG_TRANSMIT_TS","type":["string","null"],"columnName":"TRANSMIT_TS"},{"name":"TRANSMIT_BY","type":["string","null"],"columnName":"TRANSMIT_BY"},{"name":"RECORD_STATUS","type":["string","null"],"columnName":"RECORD_STATUS"},{"name":"DEALER_UPDT_IND","type":["string","null"],"columnName":"DEALER_UPDT_IND","sqlType":"1"},{"name":"STORE_NUMBER","type":["string","null"],"columnName":"STORE_NUMBER"},{"name":"PART_TYPE","type":["string","null"],"columnName":"PART_TYPE"},{"name":"STORE_NAME","type":["string","null"],"columnName":"STORE_NAME"},{"name":"INVENTORY_STORE_NUMBER","type":["string","null"],"columnName":"INVENTORY_STORE_NUMBER"},{"name":"CAT_EMRG_DEALER_CODE","type":["string","null"],"columnName":"CAT_EMRG_DEALER_CODE"},{"name":"CAT_STOCK_DEALER_CODE","type":["string","null"],"columnName":"CAT_STOCK_DEALER_CODE"},{"name":"STOCK_REPLEN_STORE_NUMBER","type":["string","null"],"columnName":"STOCK_REPLEN_STORE_NUMBER"},{"name":"STOCK_REPLEN_LEAD_TIME","type":["string","null"],"columnName":"STOCK_REPLEN_LEAD_TIME"},{"name":"LST_UPDT_TS","type":["string","null"],"columnName":"LST_UPDT_TS"},{"name":"ORIG_LST_UPDT_TS","type":["string","null"],"columnName":"ORIG_LST_UPDT_TS"},{"name":"LST_UPDT_BY_ID","type":["string","null"],"columnName":"LST_UPDT_BY_ID"},{"name":"FILE_INS_TS","type":["string","null"],"columnName":"FILE_INS_TS"},{"name":"ORIG_FILE_INS_TS","type":["string","null"],"columnName":"ORIG_FILE_INS_TS"},{"name":"EXP_STOCK_PLAN_LEAD_TIME","type":["string","null"],"columnName":"EXP_STOCK_PLAN_LEAD_TIME"}],"tableName":"DEALER_HIERARCHY_CORE"}
15/09/06 13:13:45 INFO avro.AvroSerDe: Avro schema is {"type":"record","name":"DEALER_HIERARCHY_CORE","doc":"Sqoop import of DEALER_HIERARCHY","fields":[{"name":"File_Name","type":["string","null"],"columnName":"File_Name"},{"name":"GEN_ID","type":["string","null"],"columnName":"GEN_ID"},{"name":"DMS_SYSTEM","type":["string","null"],"columnName":"DMS_SYSTEM"},{"name":"DMS_VERSION","type":["string","null"],"columnName":"DMS_VERSION"},{"name":"TRANSMIT_TS","type":["string","null"],"columnName":"TRANSMIT_TS"},{"name":"ORIG_TRANSMIT_TS","type":["string","null"],"columnName":"TRANSMIT_TS"},{"name":"TRANSMIT_BY","type":["string","null"],"columnName":"TRANSMIT_BY"},{"name":"RECORD_STATUS","type":["string","null"],"columnName":"RECORD_STATUS"},{"name":"DEALER_UPDT_IND","type":["string","null"],"columnName":"DEALER_UPDT_IND","sqlType":"1"},{"name":"STORE_NUMBER","type":["string","null"],"columnName":"STORE_NUMBER"},{"name":"PART_TYPE","type":["string","null"],"columnName":"PART_TYPE"},{"name":"STORE_NAME","type":["string","null"],"columnName":"STORE_NAME"},{"name":"INVENTORY_STORE_NUMBER","type":["string","null"],"columnName":"INVENTORY_STORE_NUMBER"},{"name":"CAT_EMRG_DEALER_CODE","type":["string","null"],"columnName":"CAT_EMRG_DEALER_CODE"},{"name":"CAT_STOCK_DEALER_CODE","type":["string","null"],"columnName":"CAT_STOCK_DEALER_CODE"},{"name":"STOCK_REPLEN_STORE_NUMBER","type":["string","null"],"columnName":"STOCK_REPLEN_STORE_NUMBER"},{"name":"STOCK_REPLEN_LEAD_TIME","type":["string","null"],"columnName":"STOCK_REPLEN_LEAD_TIME"},{"name":"LST_UPDT_TS","type":["string","null"],"columnName":"LST_UPDT_TS"},{"name":"ORIG_LST_UPDT_TS","type":["string","null"],"columnName":"ORIG_LST_UPDT_TS"},{"name":"LST_UPDT_BY_ID","type":["string","null"],"columnName":"LST_UPDT_BY_ID"},{"name":"FILE_INS_TS","type":["string","null"],"columnName":"FILE_INS_TS"},{"name":"ORIG_FILE_INS_TS","type":["string","null"],"columnName":"ORIG_FILE_INS_TS"},{"name":"EXP_STOCK_PLAN_LEAD_TIME","type":["string","null"],"columnName":"EXP_STOCK_PLAN_LEAD_TIME"}],"tableName":"DEALER_HIERARCHY_CORE"}
15/09/06 13:13:45 INFO metastore.HiveMetaStore: 0: get_partition_with_auth : db=ddsw_dev tbl=dealer_hierarchy_core[AAAA]
15/09/06 13:13:45 INFO HiveMetaStore.audit: ugi=hpatel	ip=unknown-ip-addr	cmd=get_partition_with_auth : db=ddsw_dev tbl=dealer_hierarchy_core[AAAA]	
15/09/06 13:13:45 INFO common.FileUtils: Creating directory if it doesn't exist: file:/var/folders/y7/4_pz5fzx54ngcmghz3v6t3m00000gn/T/junit9095267975545366152/hadooptmp/dealer_hierarchy/core_data/dealer_code=AAAA
15/09/06 13:13:45 INFO session.SessionState: Could not get hdfsEncryptionShim, it is only applicable to hdfs filesystem.
15/09/06 13:13:45 INFO metadata.Hive: Renaming src: file:/var/folders/y7/4_pz5fzx54ngcmghz3v6t3m00000gn/T/junit9095267975545366152/hadooptmp/dealer_hierarchy/core_data/.hive-staging_hive_2015-09-06_13-13-43_961_2122911438350117722-1/-ext-10000/dealer_code=AAAA/000000_0, dest: file:/var/folders/y7/4_pz5fzx54ngcmghz3v6t3m00000gn/T/junit9095267975545366152/hadooptmp/dealer_hierarchy/core_data/dealer_code=AAAA/000000_0, Status:true
15/09/06 13:13:45 INFO metastore.HiveMetaStore: 0: get_partition_with_auth : db=ddsw_dev tbl=dealer_hierarchy_core[AAAA]
15/09/06 13:13:45 INFO HiveMetaStore.audit: ugi=hpatel	ip=unknown-ip-addr	cmd=get_partition_with_auth : db=ddsw_dev tbl=dealer_hierarchy_core[AAAA]	
15/09/06 13:13:45 INFO metastore.HiveMetaStore: 0: append_partition : db=ddsw_dev tbl=dealer_hierarchy_core[AAAA]
15/09/06 13:13:45 INFO HiveMetaStore.audit: ugi=hpatel	ip=unknown-ip-addr	cmd=append_partition : db=ddsw_dev tbl=dealer_hierarchy_core[AAAA]	
15/09/06 13:13:45 INFO metadata.Hive: New loading path = file:/var/folders/y7/4_pz5fzx54ngcmghz3v6t3m00000gn/T/junit9095267975545366152/hadooptmp/dealer_hierarchy/core_data/.hive-staging_hive_2015-09-06_13-13-43_961_2122911438350117722-1/-ext-10000/dealer_code=AAAA with partSpec {dealer_code=AAAA}
15/09/06 13:13:45 INFO metastore.HiveMetaStore: 0: get_partition_with_auth : db=ddsw_dev tbl=dealer_hierarchy_core[ZZZZ]
15/09/06 13:13:45 INFO HiveMetaStore.audit: ugi=hpatel	ip=unknown-ip-addr	cmd=get_partition_with_auth : db=ddsw_dev tbl=dealer_hierarchy_core[ZZZZ]	
	Loading partition {dealer_code=ZZZZ}
15/09/06 13:13:45 INFO exec.Task: 	Loading partition {dealer_code=ZZZZ}
15/09/06 13:13:45 INFO metastore.HiveMetaStore: 0: get_partition_with_auth : db=ddsw_dev tbl=dealer_hierarchy_core[AAAA]
15/09/06 13:13:45 INFO HiveMetaStore.audit: ugi=hpatel	ip=unknown-ip-addr	cmd=get_partition_with_auth : db=ddsw_dev tbl=dealer_hierarchy_core[AAAA]	
	Loading partition {dealer_code=AAAA}
15/09/06 13:13:45 INFO exec.Task: 	Loading partition {dealer_code=AAAA}
15/09/06 13:13:45 INFO log.PerfLogger: </PERFLOG method=runTasks start=1441563224298 end=1441563225449 duration=1151 from=org.apache.hadoop.hive.ql.Driver>
15/09/06 13:13:45 INFO log.PerfLogger: </PERFLOG method=Driver.execute start=1441563224297 end=1441563225449 duration=1152 from=org.apache.hadoop.hive.ql.Driver>
MapReduce Jobs Launched: 
15/09/06 13:13:45 INFO ql.Driver: MapReduce Jobs Launched: 
Stage-Stage-1:  HDFS Read: 0 HDFS Write: 0 SUCCESS
15/09/06 13:13:45 INFO ql.Driver: Stage-Stage-1:  HDFS Read: 0 HDFS Write: 0 SUCCESS
Total MapReduce CPU Time Spent: 0 msec
15/09/06 13:13:45 INFO ql.Driver: Total MapReduce CPU Time Spent: 0 msec
OK
15/09/06 13:13:45 INFO ql.Driver: OK
15/09/06 13:13:45 INFO log.PerfLogger: <PERFLOG method=releaseLocks from=org.apache.hadoop.hive.ql.Driver>
15/09/06 13:13:45 INFO log.PerfLogger: </PERFLOG method=releaseLocks start=1441563225450 end=1441563225450 duration=0 from=org.apache.hadoop.hive.ql.Driver>
15/09/06 13:13:45 INFO log.PerfLogger: </PERFLOG method=Driver.run start=1441563223960 end=1441563225450 duration=1490 from=org.apache.hadoop.hive.ql.Driver>
15/09/06 13:13:45 INFO service.HiveServer: Running the query: USE default
15/09/06 13:13:45 INFO log.PerfLogger: <PERFLOG method=Driver.run from=org.apache.hadoop.hive.ql.Driver>
15/09/06 13:13:45 INFO log.PerfLogger: <PERFLOG method=TimeToSubmit from=org.apache.hadoop.hive.ql.Driver>
15/09/06 13:13:45 INFO ql.Driver: Concurrency mode is disabled, not creating a lock manager
15/09/06 13:13:45 INFO log.PerfLogger: <PERFLOG method=compile from=org.apache.hadoop.hive.ql.Driver>
15/09/06 13:13:45 INFO log.PerfLogger: <PERFLOG method=parse from=org.apache.hadoop.hive.ql.Driver>
15/09/06 13:13:45 INFO parse.ParseDriver: Parsing command: USE default
15/09/06 13:13:45 INFO parse.ParseDriver: Parse Completed
15/09/06 13:13:45 INFO log.PerfLogger: </PERFLOG method=parse start=1441563225452 end=1441563225452 duration=0 from=org.apache.hadoop.hive.ql.Driver>
15/09/06 13:13:45 INFO log.PerfLogger: <PERFLOG method=semanticAnalyze from=org.apache.hadoop.hive.ql.Driver>
15/09/06 13:13:45 INFO ql.Driver: Semantic Analysis Completed
15/09/06 13:13:45 INFO log.PerfLogger: </PERFLOG method=semanticAnalyze start=1441563225453 end=1441563225453 duration=0 from=org.apache.hadoop.hive.ql.Driver>
15/09/06 13:13:45 INFO ql.Driver: Returning Hive schema: Schema(fieldSchemas:null, properties:null)
15/09/06 13:13:45 INFO log.PerfLogger: </PERFLOG method=compile start=1441563225451 end=1441563225453 duration=2 from=org.apache.hadoop.hive.ql.Driver>
15/09/06 13:13:45 INFO log.PerfLogger: <PERFLOG method=Driver.execute from=org.apache.hadoop.hive.ql.Driver>
15/09/06 13:13:45 INFO ql.Driver: Starting command: USE default
15/09/06 13:13:45 INFO log.PerfLogger: </PERFLOG method=TimeToSubmit start=1441563225451 end=1441563225454 duration=3 from=org.apache.hadoop.hive.ql.Driver>
15/09/06 13:13:45 INFO log.PerfLogger: <PERFLOG method=runTasks from=org.apache.hadoop.hive.ql.Driver>
15/09/06 13:13:45 INFO log.PerfLogger: <PERFLOG method=task.DDL.Stage-0 from=org.apache.hadoop.hive.ql.Driver>
15/09/06 13:13:45 INFO metastore.HiveMetaStore: 0: get_database: default
15/09/06 13:13:45 INFO HiveMetaStore.audit: ugi=hpatel	ip=unknown-ip-addr	cmd=get_database: default	
15/09/06 13:13:45 INFO metastore.HiveMetaStore: 0: get_database: default
15/09/06 13:13:45 INFO HiveMetaStore.audit: ugi=hpatel	ip=unknown-ip-addr	cmd=get_database: default	
15/09/06 13:13:45 INFO log.PerfLogger: </PERFLOG method=runTasks start=1441563225454 end=1441563225458 duration=4 from=org.apache.hadoop.hive.ql.Driver>
15/09/06 13:13:45 INFO log.PerfLogger: </PERFLOG method=Driver.execute start=1441563225454 end=1441563225458 duration=4 from=org.apache.hadoop.hive.ql.Driver>
OK
15/09/06 13:13:45 INFO ql.Driver: OK
15/09/06 13:13:45 INFO log.PerfLogger: <PERFLOG method=releaseLocks from=org.apache.hadoop.hive.ql.Driver>
15/09/06 13:13:45 INFO log.PerfLogger: </PERFLOG method=releaseLocks start=1441563225459 end=1441563225459 duration=0 from=org.apache.hadoop.hive.ql.Driver>
15/09/06 13:13:45 INFO log.PerfLogger: </PERFLOG method=Driver.run start=1441563225451 end=1441563225459 duration=8 from=org.apache.hadoop.hive.ql.Driver>
15/09/06 13:13:45 INFO metastore.HiveMetaStore: 0: Shutting down the object store...
15/09/06 13:13:45 INFO HiveMetaStore.audit: ugi=hpatel	ip=unknown-ip-addr	cmd=Shutting down the object store...	
15/09/06 13:13:45 INFO metastore.HiveMetaStore: 0: Metastore shutdown complete.
15/09/06 13:13:45 INFO HiveMetaStore.audit: ugi=hpatel	ip=unknown-ip-addr	cmd=Metastore shutdown complete.	
15/09/06 13:13:45 INFO hiverunner.HiveServerContainer: Tore down HiveServer instance
15/09/06 13:13:45 INFO metastore.HiveMetaStore: 0: Opening raw store with implemenation class:org.apache.hadoop.hive.metastore.ObjectStore
15/09/06 13:13:45 INFO metastore.ObjectStore: ObjectStore, initialize called
15/09/06 13:13:45 INFO DataNucleus.Persistence: Property datanucleus.cache.level2 unknown - will be ignored
15/09/06 13:13:45 INFO DataNucleus.Persistence: Property hive.metastore.integral.jdo.pushdown unknown - will be ignored
15/09/06 13:13:45 INFO metastore.ObjectStore: Setting MetaStore object pin classes with hive.metastore.cache.pinobjtypes="Table,StorageDescriptor,SerDeInfo,Partition,Database,Type,FieldSchema,Order"
15/09/06 13:13:45 INFO metastore.MetaStoreDirectSql: MySQL check failed, assuming we are not on mysql: unknown token: 
15/09/06 13:13:45 INFO DataNucleus.Datastore: The class "org.apache.hadoop.hive.metastore.model.MFieldSchema" is tagged as "embedded-only" so does not have its own datastore table.
15/09/06 13:13:45 INFO DataNucleus.Datastore: The class "org.apache.hadoop.hive.metastore.model.MOrder" is tagged as "embedded-only" so does not have its own datastore table.
15/09/06 13:13:45 INFO DataNucleus.Datastore: The class "org.apache.hadoop.hive.metastore.model.MFieldSchema" is tagged as "embedded-only" so does not have its own datastore table.
15/09/06 13:13:45 INFO DataNucleus.Datastore: The class "org.apache.hadoop.hive.metastore.model.MOrder" is tagged as "embedded-only" so does not have its own datastore table.
15/09/06 13:13:45 INFO metastore.ObjectStore: Initialized ObjectStore
15/09/06 13:13:45 INFO metastore.HiveMetaStore: No user is added in admin role, since config is empty
15/09/06 13:13:45 INFO metastore.HiveMetaStore: 0: Shutting down the object store...
15/09/06 13:13:45 INFO HiveMetaStore.audit: ugi=hpatel	ip=unknown-ip-addr	cmd=Shutting down the object store...	
15/09/06 13:13:45 INFO metastore.HiveMetaStore: 0: Metastore shutdown complete.
15/09/06 13:13:45 INFO HiveMetaStore.audit: ugi=hpatel	ip=unknown-ip-addr	cmd=Metastore shutdown complete.	
15/09/06 13:13:45 INFO metastore.HiveMetaStore: No user is added in admin role, since config is empty
15/09/06 13:13:45 INFO session.SessionState: No Tez session required at this point. hive.execution.engine=mr.
15/09/06 13:13:45 INFO service.HiveServer: Putting temp output to file /var/folders/y7/4_pz5fzx54ngcmghz3v6t3m00000gn/T/junit4238406739563525852/localscratchdir/88b098ca-58e4-4ca7-9469-1dab2abc83fa1158208048796694121.pipeout
15/09/06 13:13:45 INFO service.HiveServer: Running the query: SHOW TABLES
15/09/06 13:13:45 INFO log.PerfLogger: <PERFLOG method=Driver.run from=org.apache.hadoop.hive.ql.Driver>
15/09/06 13:13:45 INFO log.PerfLogger: <PERFLOG method=TimeToSubmit from=org.apache.hadoop.hive.ql.Driver>
15/09/06 13:13:45 INFO ql.Driver: Concurrency mode is disabled, not creating a lock manager
15/09/06 13:13:45 INFO log.PerfLogger: <PERFLOG method=compile from=org.apache.hadoop.hive.ql.Driver>
15/09/06 13:13:45 INFO log.PerfLogger: <PERFLOG method=parse from=org.apache.hadoop.hive.ql.Driver>
15/09/06 13:13:45 INFO parse.ParseDriver: Parsing command: SHOW TABLES
15/09/06 13:13:45 INFO parse.ParseDriver: Parse Completed
15/09/06 13:13:45 INFO log.PerfLogger: </PERFLOG method=parse start=1441563225910 end=1441563225910 duration=0 from=org.apache.hadoop.hive.ql.Driver>
15/09/06 13:13:45 INFO log.PerfLogger: <PERFLOG method=semanticAnalyze from=org.apache.hadoop.hive.ql.Driver>
15/09/06 13:13:45 INFO ql.Driver: Semantic Analysis Completed
15/09/06 13:13:45 INFO log.PerfLogger: </PERFLOG method=semanticAnalyze start=1441563225910 end=1441563225914 duration=4 from=org.apache.hadoop.hive.ql.Driver>
15/09/06 13:13:45 INFO exec.ListSinkOperator: Initializing Self 12 OP
15/09/06 13:13:45 INFO exec.ListSinkOperator: Operator 12 OP initialized
15/09/06 13:13:45 INFO exec.ListSinkOperator: Initialization Done 12 OP
15/09/06 13:13:45 INFO ql.Driver: Returning Hive schema: Schema(fieldSchemas:[FieldSchema(name:tab_name, type:string, comment:from deserializer)], properties:null)
15/09/06 13:13:45 INFO log.PerfLogger: </PERFLOG method=compile start=1441563225909 end=1441563225915 duration=6 from=org.apache.hadoop.hive.ql.Driver>
15/09/06 13:13:45 INFO log.PerfLogger: <PERFLOG method=Driver.execute from=org.apache.hadoop.hive.ql.Driver>
15/09/06 13:13:45 INFO ql.Driver: Starting command: SHOW TABLES
15/09/06 13:13:45 INFO log.PerfLogger: </PERFLOG method=TimeToSubmit start=1441563225909 end=1441563225916 duration=7 from=org.apache.hadoop.hive.ql.Driver>
15/09/06 13:13:45 INFO log.PerfLogger: <PERFLOG method=runTasks from=org.apache.hadoop.hive.ql.Driver>
15/09/06 13:13:45 INFO log.PerfLogger: <PERFLOG method=task.DDL.Stage-0 from=org.apache.hadoop.hive.ql.Driver>
15/09/06 13:13:45 INFO metastore.HiveMetaStore: 0: get_database: default
15/09/06 13:13:45 INFO HiveMetaStore.audit: ugi=hpatel	ip=unknown-ip-addr	cmd=get_database: default	
15/09/06 13:13:45 INFO metastore.HiveMetaStore: 0: Opening raw store with implemenation class:org.apache.hadoop.hive.metastore.ObjectStore
15/09/06 13:13:45 INFO metastore.ObjectStore: ObjectStore, initialize called
15/09/06 13:13:45 INFO metastore.MetaStoreDirectSql: MySQL check failed, assuming we are not on mysql: unknown token: 
15/09/06 13:13:45 INFO DataNucleus.Query: Reading in results for query "org.datanucleus.store.rdbms.query.SQLQuery@0" since the connection used is closing
15/09/06 13:13:45 INFO metastore.ObjectStore: Initialized ObjectStore
15/09/06 13:13:45 INFO metastore.HiveMetaStore: 0: get_tables: db=default pat=.*
15/09/06 13:13:45 INFO HiveMetaStore.audit: ugi=hpatel	ip=unknown-ip-addr	cmd=get_tables: db=default pat=.*	
15/09/06 13:13:45 INFO log.PerfLogger: </PERFLOG method=runTasks start=1441563225916 end=1441563225936 duration=20 from=org.apache.hadoop.hive.ql.Driver>
15/09/06 13:13:45 INFO log.PerfLogger: </PERFLOG method=Driver.execute start=1441563225916 end=1441563225936 duration=20 from=org.apache.hadoop.hive.ql.Driver>
OK
15/09/06 13:13:45 INFO ql.Driver: OK
15/09/06 13:13:45 INFO log.PerfLogger: <PERFLOG method=releaseLocks from=org.apache.hadoop.hive.ql.Driver>
15/09/06 13:13:45 INFO log.PerfLogger: </PERFLOG method=releaseLocks start=1441563225936 end=1441563225936 duration=0 from=org.apache.hadoop.hive.ql.Driver>
15/09/06 13:13:45 INFO log.PerfLogger: </PERFLOG method=Driver.run start=1441563225909 end=1441563225936 duration=27 from=org.apache.hadoop.hive.ql.Driver>
15/09/06 13:13:45 INFO builder.HiveShellTearable: Executing script: CREATE TEMPORARY FUNCTION custom_utc_timestamp AS 'com.cloudera.sa.cat.udfs.CustomUTCTimestamp';
CREATE TEMPORARY FUNCTION format_mr_timestamp AS 'com.cloudera.sa.cat.udfs.FormatMRTimeStamp';

15/09/06 13:13:45 INFO service.HiveServer: Running the query: CREATE TEMPORARY FUNCTION custom_utc_timestamp AS 'com.cloudera.sa.cat.udfs.CustomUTCTimestamp'
15/09/06 13:13:45 INFO exec.ListSinkOperator: 12 finished. closing... 
15/09/06 13:13:45 INFO exec.ListSinkOperator: 12 Close done
15/09/06 13:13:45 INFO log.PerfLogger: <PERFLOG method=Driver.run from=org.apache.hadoop.hive.ql.Driver>
15/09/06 13:13:45 INFO log.PerfLogger: <PERFLOG method=TimeToSubmit from=org.apache.hadoop.hive.ql.Driver>
15/09/06 13:13:45 INFO ql.Driver: Concurrency mode is disabled, not creating a lock manager
15/09/06 13:13:45 INFO log.PerfLogger: <PERFLOG method=compile from=org.apache.hadoop.hive.ql.Driver>
15/09/06 13:13:45 INFO log.PerfLogger: <PERFLOG method=parse from=org.apache.hadoop.hive.ql.Driver>
15/09/06 13:13:45 INFO parse.ParseDriver: Parsing command: CREATE TEMPORARY FUNCTION custom_utc_timestamp AS 'com.cloudera.sa.cat.udfs.CustomUTCTimestamp'
15/09/06 13:13:45 INFO parse.ParseDriver: Parse Completed
15/09/06 13:13:45 INFO log.PerfLogger: </PERFLOG method=parse start=1441563225938 end=1441563225939 duration=1 from=org.apache.hadoop.hive.ql.Driver>
15/09/06 13:13:45 INFO log.PerfLogger: <PERFLOG method=semanticAnalyze from=org.apache.hadoop.hive.ql.Driver>
15/09/06 13:13:45 INFO metastore.HiveMetaStore: 0: get_database: default
15/09/06 13:13:45 INFO HiveMetaStore.audit: ugi=hpatel	ip=unknown-ip-addr	cmd=get_database: default	
15/09/06 13:13:45 INFO parse.FunctionSemanticAnalyzer: analyze done
15/09/06 13:13:45 INFO ql.Driver: Semantic Analysis Completed
15/09/06 13:13:45 INFO log.PerfLogger: </PERFLOG method=semanticAnalyze start=1441563225939 end=1441563225941 duration=2 from=org.apache.hadoop.hive.ql.Driver>
15/09/06 13:13:45 INFO ql.Driver: Returning Hive schema: Schema(fieldSchemas:null, properties:null)
15/09/06 13:13:45 INFO log.PerfLogger: </PERFLOG method=compile start=1441563225938 end=1441563225942 duration=4 from=org.apache.hadoop.hive.ql.Driver>
15/09/06 13:13:45 INFO log.PerfLogger: <PERFLOG method=Driver.execute from=org.apache.hadoop.hive.ql.Driver>
15/09/06 13:13:45 INFO ql.Driver: Starting command: CREATE TEMPORARY FUNCTION custom_utc_timestamp AS 'com.cloudera.sa.cat.udfs.CustomUTCTimestamp'
15/09/06 13:13:45 INFO log.PerfLogger: </PERFLOG method=TimeToSubmit start=1441563225938 end=1441563225942 duration=4 from=org.apache.hadoop.hive.ql.Driver>
15/09/06 13:13:45 INFO log.PerfLogger: <PERFLOG method=runTasks from=org.apache.hadoop.hive.ql.Driver>
15/09/06 13:13:45 INFO log.PerfLogger: <PERFLOG method=task.FUNCTION.Stage-0 from=org.apache.hadoop.hive.ql.Driver>
15/09/06 13:13:45 INFO log.PerfLogger: </PERFLOG method=runTasks start=1441563225942 end=1441563225943 duration=1 from=org.apache.hadoop.hive.ql.Driver>
15/09/06 13:13:45 INFO log.PerfLogger: </PERFLOG method=Driver.execute start=1441563225942 end=1441563225943 duration=1 from=org.apache.hadoop.hive.ql.Driver>
OK
15/09/06 13:13:45 INFO ql.Driver: OK
15/09/06 13:13:45 INFO log.PerfLogger: <PERFLOG method=releaseLocks from=org.apache.hadoop.hive.ql.Driver>
15/09/06 13:13:45 INFO log.PerfLogger: </PERFLOG method=releaseLocks start=1441563225944 end=1441563225944 duration=0 from=org.apache.hadoop.hive.ql.Driver>
15/09/06 13:13:45 INFO log.PerfLogger: </PERFLOG method=Driver.run start=1441563225938 end=1441563225944 duration=6 from=org.apache.hadoop.hive.ql.Driver>
15/09/06 13:13:45 INFO service.HiveServer: Running the query: 
CREATE TEMPORARY FUNCTION format_mr_timestamp AS 'com.cloudera.sa.cat.udfs.FormatMRTimeStamp'
15/09/06 13:13:45 INFO log.PerfLogger: <PERFLOG method=Driver.run from=org.apache.hadoop.hive.ql.Driver>
15/09/06 13:13:45 INFO log.PerfLogger: <PERFLOG method=TimeToSubmit from=org.apache.hadoop.hive.ql.Driver>
15/09/06 13:13:45 INFO ql.Driver: Concurrency mode is disabled, not creating a lock manager
15/09/06 13:13:45 INFO log.PerfLogger: <PERFLOG method=compile from=org.apache.hadoop.hive.ql.Driver>
15/09/06 13:13:45 INFO log.PerfLogger: <PERFLOG method=parse from=org.apache.hadoop.hive.ql.Driver>
15/09/06 13:13:45 INFO parse.ParseDriver: Parsing command: 
CREATE TEMPORARY FUNCTION format_mr_timestamp AS 'com.cloudera.sa.cat.udfs.FormatMRTimeStamp'
15/09/06 13:13:45 INFO parse.ParseDriver: Parse Completed
15/09/06 13:13:45 INFO log.PerfLogger: </PERFLOG method=parse start=1441563225945 end=1441563225945 duration=0 from=org.apache.hadoop.hive.ql.Driver>
15/09/06 13:13:45 INFO log.PerfLogger: <PERFLOG method=semanticAnalyze from=org.apache.hadoop.hive.ql.Driver>
15/09/06 13:13:45 INFO metastore.HiveMetaStore: 0: get_database: default
15/09/06 13:13:45 INFO HiveMetaStore.audit: ugi=hpatel	ip=unknown-ip-addr	cmd=get_database: default	
15/09/06 13:13:45 INFO parse.FunctionSemanticAnalyzer: analyze done
15/09/06 13:13:45 INFO ql.Driver: Semantic Analysis Completed
15/09/06 13:13:45 INFO log.PerfLogger: </PERFLOG method=semanticAnalyze start=1441563225945 end=1441563225947 duration=2 from=org.apache.hadoop.hive.ql.Driver>
15/09/06 13:13:45 INFO ql.Driver: Returning Hive schema: Schema(fieldSchemas:null, properties:null)
15/09/06 13:13:45 INFO log.PerfLogger: </PERFLOG method=compile start=1441563225944 end=1441563225948 duration=4 from=org.apache.hadoop.hive.ql.Driver>
15/09/06 13:13:45 INFO log.PerfLogger: <PERFLOG method=Driver.execute from=org.apache.hadoop.hive.ql.Driver>
15/09/06 13:13:45 INFO ql.Driver: Starting command: 
CREATE TEMPORARY FUNCTION format_mr_timestamp AS 'com.cloudera.sa.cat.udfs.FormatMRTimeStamp'
15/09/06 13:13:45 INFO log.PerfLogger: </PERFLOG method=TimeToSubmit start=1441563225944 end=1441563225948 duration=4 from=org.apache.hadoop.hive.ql.Driver>
15/09/06 13:13:45 INFO log.PerfLogger: <PERFLOG method=runTasks from=org.apache.hadoop.hive.ql.Driver>
15/09/06 13:13:45 INFO log.PerfLogger: <PERFLOG method=task.FUNCTION.Stage-0 from=org.apache.hadoop.hive.ql.Driver>
15/09/06 13:13:45 INFO log.PerfLogger: </PERFLOG method=runTasks start=1441563225948 end=1441563225949 duration=1 from=org.apache.hadoop.hive.ql.Driver>
15/09/06 13:13:45 INFO log.PerfLogger: </PERFLOG method=Driver.execute start=1441563225948 end=1441563225949 duration=1 from=org.apache.hadoop.hive.ql.Driver>
OK
15/09/06 13:13:45 INFO ql.Driver: OK
15/09/06 13:13:45 INFO log.PerfLogger: <PERFLOG method=releaseLocks from=org.apache.hadoop.hive.ql.Driver>
15/09/06 13:13:45 INFO log.PerfLogger: </PERFLOG method=releaseLocks start=1441563225949 end=1441563225949 duration=0 from=org.apache.hadoop.hive.ql.Driver>
15/09/06 13:13:45 INFO log.PerfLogger: </PERFLOG method=Driver.run start=1441563225944 end=1441563225950 duration=6 from=org.apache.hadoop.hive.ql.Driver>
15/09/06 13:13:45 INFO service.HiveServer: Running the query: 

15/09/06 13:13:45 INFO builder.HiveShellTearable: Executing script: SET mapreduce.job.queuename=ddsw;
SET hive.exec.drop.ignorenonexistent=true;
SET hive.exec.dynamic.partition=true;
SET hive.exec.dynamic.partition.mode=nonstrict;

CREATE DATABASE IF NOT EXISTS ddsw_dev;

USE ddsw_dev;

CREATE EXTERNAL TABLE IF NOT EXISTS dealer_hierarchy_temp_data
(
  file_name string,
  gen_id string,
  dms_system string,
  dms_version string,
  transmit_ts string,
  orig_transmit_ts string,
  transmit_by string,
  record_status string,
  dealer_updt_ind string,
  store_number string,
  part_type string,
  store_name string,
  inventory_store_number string,
  cat_emrg_dealer_code string,
  cat_stock_dealer_code string,
  stock_replen_store_number string,
  stock_replen_lead_time string,
  lst_updt_ts string,
  orig_lst_updt_ts string,
  lst_updt_by_id string,
  file_ins_ts string,
  orig_file_ins_ts string,
  exp_stock_plan_lead_time string
)
PARTITIONED BY (dealer_code string)
ROW FORMAT DELIMITED FIELDS TERMINATED BY '|'
STORED AS
  INPUTFORMAT 'org.apache.hadoop.mapred.TextInputFormat'
  OUTPUTFORMAT 'org.apache.hadoop.hive.ql.io.HiveIgnoreKeyTextOutputFormat'
LOCATION '${hiveconf:hadoop.tmp.dir.uri}/dealer_hierarchy/temp_data'
TBLPROPERTIES ('serialization.null.format'='')
;

15/09/06 13:13:45 INFO service.HiveServer: Running the query: SET mapreduce.job.queuename=ddsw
15/09/06 13:13:45 INFO service.HiveServer: Putting temp output to file /var/folders/y7/4_pz5fzx54ngcmghz3v6t3m00000gn/T/junit4238406739563525852/localscratchdir/88b098ca-58e4-4ca7-9469-1dab2abc83fa1158208048796694121.pipeout
15/09/06 13:13:45 INFO service.HiveServer: Running the query: 
SET hive.exec.drop.ignorenonexistent=true
15/09/06 13:13:46 INFO service.HiveServer: Putting temp output to file /var/folders/y7/4_pz5fzx54ngcmghz3v6t3m00000gn/T/junit4238406739563525852/localscratchdir/88b098ca-58e4-4ca7-9469-1dab2abc83fa1158208048796694121.pipeout
15/09/06 13:13:46 INFO service.HiveServer: Running the query: 
SET hive.exec.dynamic.partition=true
15/09/06 13:13:46 INFO service.HiveServer: Putting temp output to file /var/folders/y7/4_pz5fzx54ngcmghz3v6t3m00000gn/T/junit4238406739563525852/localscratchdir/88b098ca-58e4-4ca7-9469-1dab2abc83fa1158208048796694121.pipeout
15/09/06 13:13:46 INFO service.HiveServer: Running the query: 
SET hive.exec.dynamic.partition.mode=nonstrict
15/09/06 13:13:46 INFO service.HiveServer: Putting temp output to file /var/folders/y7/4_pz5fzx54ngcmghz3v6t3m00000gn/T/junit4238406739563525852/localscratchdir/88b098ca-58e4-4ca7-9469-1dab2abc83fa1158208048796694121.pipeout
15/09/06 13:13:46 INFO service.HiveServer: Running the query: 

CREATE DATABASE IF NOT EXISTS ddsw_dev
15/09/06 13:13:46 INFO log.PerfLogger: <PERFLOG method=Driver.run from=org.apache.hadoop.hive.ql.Driver>
15/09/06 13:13:46 INFO log.PerfLogger: <PERFLOG method=TimeToSubmit from=org.apache.hadoop.hive.ql.Driver>
15/09/06 13:13:46 INFO ql.Driver: Concurrency mode is disabled, not creating a lock manager
15/09/06 13:13:46 INFO log.PerfLogger: <PERFLOG method=compile from=org.apache.hadoop.hive.ql.Driver>
15/09/06 13:13:46 INFO log.PerfLogger: <PERFLOG method=parse from=org.apache.hadoop.hive.ql.Driver>
15/09/06 13:13:46 INFO parse.ParseDriver: Parsing command: 

CREATE DATABASE IF NOT EXISTS ddsw_dev
15/09/06 13:13:46 INFO parse.ParseDriver: Parse Completed
15/09/06 13:13:46 INFO log.PerfLogger: </PERFLOG method=parse start=1441563226052 end=1441563226052 duration=0 from=org.apache.hadoop.hive.ql.Driver>
15/09/06 13:13:46 INFO log.PerfLogger: <PERFLOG method=semanticAnalyze from=org.apache.hadoop.hive.ql.Driver>
15/09/06 13:13:46 INFO ql.Driver: Semantic Analysis Completed
15/09/06 13:13:46 INFO log.PerfLogger: </PERFLOG method=semanticAnalyze start=1441563226052 end=1441563226053 duration=1 from=org.apache.hadoop.hive.ql.Driver>
15/09/06 13:13:46 INFO ql.Driver: Returning Hive schema: Schema(fieldSchemas:null, properties:null)
15/09/06 13:13:46 INFO log.PerfLogger: </PERFLOG method=compile start=1441563226052 end=1441563226053 duration=1 from=org.apache.hadoop.hive.ql.Driver>
15/09/06 13:13:46 INFO log.PerfLogger: <PERFLOG method=Driver.execute from=org.apache.hadoop.hive.ql.Driver>
15/09/06 13:13:46 INFO ql.Driver: Starting command: 

CREATE DATABASE IF NOT EXISTS ddsw_dev
15/09/06 13:13:46 INFO log.PerfLogger: </PERFLOG method=TimeToSubmit start=1441563226051 end=1441563226054 duration=3 from=org.apache.hadoop.hive.ql.Driver>
15/09/06 13:13:46 INFO log.PerfLogger: <PERFLOG method=runTasks from=org.apache.hadoop.hive.ql.Driver>
15/09/06 13:13:46 INFO log.PerfLogger: <PERFLOG method=task.DDL.Stage-0 from=org.apache.hadoop.hive.ql.Driver>
15/09/06 13:13:46 INFO metastore.HiveMetaStore: 0: create_database: Database(name:ddsw_dev, description:null, locationUri:null, parameters:null, ownerName:hpatel, ownerType:USER)
15/09/06 13:13:46 INFO HiveMetaStore.audit: ugi=hpatel	ip=unknown-ip-addr	cmd=create_database: Database(name:ddsw_dev, description:null, locationUri:null, parameters:null, ownerName:hpatel, ownerType:USER)	
15/09/06 13:13:46 INFO metastore.HiveMetaStore: 0: get_database: ddsw_dev
15/09/06 13:13:46 INFO HiveMetaStore.audit: ugi=hpatel	ip=unknown-ip-addr	cmd=get_database: ddsw_dev	
15/09/06 13:13:46 INFO common.FileUtils: Creating directory if it doesn't exist: file:/var/folders/y7/4_pz5fzx54ngcmghz3v6t3m00000gn/T/junit4238406739563525852/warehouse/ddsw_dev.db
15/09/06 13:13:46 INFO log.PerfLogger: </PERFLOG method=runTasks start=1441563226054 end=1441563226094 duration=40 from=org.apache.hadoop.hive.ql.Driver>
15/09/06 13:13:46 INFO log.PerfLogger: </PERFLOG method=Driver.execute start=1441563226053 end=1441563226094 duration=41 from=org.apache.hadoop.hive.ql.Driver>
OK
15/09/06 13:13:46 INFO ql.Driver: OK
15/09/06 13:13:46 INFO log.PerfLogger: <PERFLOG method=releaseLocks from=org.apache.hadoop.hive.ql.Driver>
15/09/06 13:13:46 INFO log.PerfLogger: </PERFLOG method=releaseLocks start=1441563226094 end=1441563226094 duration=0 from=org.apache.hadoop.hive.ql.Driver>
15/09/06 13:13:46 INFO log.PerfLogger: </PERFLOG method=Driver.run start=1441563226051 end=1441563226094 duration=43 from=org.apache.hadoop.hive.ql.Driver>
15/09/06 13:13:46 INFO service.HiveServer: Running the query: 

USE ddsw_dev
15/09/06 13:13:46 INFO log.PerfLogger: <PERFLOG method=Driver.run from=org.apache.hadoop.hive.ql.Driver>
15/09/06 13:13:46 INFO log.PerfLogger: <PERFLOG method=TimeToSubmit from=org.apache.hadoop.hive.ql.Driver>
15/09/06 13:13:46 INFO ql.Driver: Concurrency mode is disabled, not creating a lock manager
15/09/06 13:13:46 INFO log.PerfLogger: <PERFLOG method=compile from=org.apache.hadoop.hive.ql.Driver>
15/09/06 13:13:46 INFO log.PerfLogger: <PERFLOG method=parse from=org.apache.hadoop.hive.ql.Driver>
15/09/06 13:13:46 INFO parse.ParseDriver: Parsing command: 

USE ddsw_dev
15/09/06 13:13:46 INFO parse.ParseDriver: Parse Completed
15/09/06 13:13:46 INFO log.PerfLogger: </PERFLOG method=parse start=1441563226095 end=1441563226095 duration=0 from=org.apache.hadoop.hive.ql.Driver>
15/09/06 13:13:46 INFO log.PerfLogger: <PERFLOG method=semanticAnalyze from=org.apache.hadoop.hive.ql.Driver>
15/09/06 13:13:46 INFO ql.Driver: Semantic Analysis Completed
15/09/06 13:13:46 INFO log.PerfLogger: </PERFLOG method=semanticAnalyze start=1441563226095 end=1441563226095 duration=0 from=org.apache.hadoop.hive.ql.Driver>
15/09/06 13:13:46 INFO ql.Driver: Returning Hive schema: Schema(fieldSchemas:null, properties:null)
15/09/06 13:13:46 INFO log.PerfLogger: </PERFLOG method=compile start=1441563226094 end=1441563226096 duration=2 from=org.apache.hadoop.hive.ql.Driver>
15/09/06 13:13:46 INFO log.PerfLogger: <PERFLOG method=Driver.execute from=org.apache.hadoop.hive.ql.Driver>
15/09/06 13:13:46 INFO ql.Driver: Starting command: 

USE ddsw_dev
15/09/06 13:13:46 INFO log.PerfLogger: </PERFLOG method=TimeToSubmit start=1441563226094 end=1441563226096 duration=2 from=org.apache.hadoop.hive.ql.Driver>
15/09/06 13:13:46 INFO log.PerfLogger: <PERFLOG method=runTasks from=org.apache.hadoop.hive.ql.Driver>
15/09/06 13:13:46 INFO log.PerfLogger: <PERFLOG method=task.DDL.Stage-0 from=org.apache.hadoop.hive.ql.Driver>
15/09/06 13:13:46 INFO metastore.HiveMetaStore: 0: get_database: ddsw_dev
15/09/06 13:13:46 INFO HiveMetaStore.audit: ugi=hpatel	ip=unknown-ip-addr	cmd=get_database: ddsw_dev	
15/09/06 13:13:46 INFO metastore.HiveMetaStore: 0: get_database: ddsw_dev
15/09/06 13:13:46 INFO HiveMetaStore.audit: ugi=hpatel	ip=unknown-ip-addr	cmd=get_database: ddsw_dev	
15/09/06 13:13:46 INFO log.PerfLogger: </PERFLOG method=runTasks start=1441563226096 end=1441563226100 duration=4 from=org.apache.hadoop.hive.ql.Driver>
15/09/06 13:13:46 INFO log.PerfLogger: </PERFLOG method=Driver.execute start=1441563226096 end=1441563226100 duration=4 from=org.apache.hadoop.hive.ql.Driver>
OK
15/09/06 13:13:46 INFO ql.Driver: OK
15/09/06 13:13:46 INFO log.PerfLogger: <PERFLOG method=releaseLocks from=org.apache.hadoop.hive.ql.Driver>
15/09/06 13:13:46 INFO log.PerfLogger: </PERFLOG method=releaseLocks start=1441563226100 end=1441563226100 duration=0 from=org.apache.hadoop.hive.ql.Driver>
15/09/06 13:13:46 INFO log.PerfLogger: </PERFLOG method=Driver.run start=1441563226094 end=1441563226100 duration=6 from=org.apache.hadoop.hive.ql.Driver>
15/09/06 13:13:46 INFO service.HiveServer: Running the query: 

CREATE EXTERNAL TABLE IF NOT EXISTS dealer_hierarchy_temp_data
(
  file_name string,
  gen_id string,
  dms_system string,
  dms_version string,
  transmit_ts string,
  orig_transmit_ts string,
  transmit_by string,
  record_status string,
  dealer_updt_ind string,
  store_number string,
  part_type string,
  store_name string,
  inventory_store_number string,
  cat_emrg_dealer_code string,
  cat_stock_dealer_code string,
  stock_replen_store_number string,
  stock_replen_lead_time string,
  lst_updt_ts string,
  orig_lst_updt_ts string,
  lst_updt_by_id string,
  file_ins_ts string,
  orig_file_ins_ts string,
  exp_stock_plan_lead_time string
)
PARTITIONED BY (dealer_code string)
ROW FORMAT DELIMITED FIELDS TERMINATED BY '|'
STORED AS
  INPUTFORMAT 'org.apache.hadoop.mapred.TextInputFormat'
  OUTPUTFORMAT 'org.apache.hadoop.hive.ql.io.HiveIgnoreKeyTextOutputFormat'
LOCATION '${hiveconf:hadoop.tmp.dir.uri}/dealer_hierarchy/temp_data'
TBLPROPERTIES ('serialization.null.format'='')

15/09/06 13:13:46 INFO log.PerfLogger: <PERFLOG method=Driver.run from=org.apache.hadoop.hive.ql.Driver>
15/09/06 13:13:46 INFO log.PerfLogger: <PERFLOG method=TimeToSubmit from=org.apache.hadoop.hive.ql.Driver>
15/09/06 13:13:46 INFO ql.Driver: Concurrency mode is disabled, not creating a lock manager
15/09/06 13:13:46 INFO log.PerfLogger: <PERFLOG method=compile from=org.apache.hadoop.hive.ql.Driver>
15/09/06 13:13:46 INFO log.PerfLogger: <PERFLOG method=parse from=org.apache.hadoop.hive.ql.Driver>
15/09/06 13:13:46 INFO parse.ParseDriver: Parsing command: 

CREATE EXTERNAL TABLE IF NOT EXISTS dealer_hierarchy_temp_data
(
  file_name string,
  gen_id string,
  dms_system string,
  dms_version string,
  transmit_ts string,
  orig_transmit_ts string,
  transmit_by string,
  record_status string,
  dealer_updt_ind string,
  store_number string,
  part_type string,
  store_name string,
  inventory_store_number string,
  cat_emrg_dealer_code string,
  cat_stock_dealer_code string,
  stock_replen_store_number string,
  stock_replen_lead_time string,
  lst_updt_ts string,
  orig_lst_updt_ts string,
  lst_updt_by_id string,
  file_ins_ts string,
  orig_file_ins_ts string,
  exp_stock_plan_lead_time string
)
PARTITIONED BY (dealer_code string)
ROW FORMAT DELIMITED FIELDS TERMINATED BY '|'
STORED AS
  INPUTFORMAT 'org.apache.hadoop.mapred.TextInputFormat'
  OUTPUTFORMAT 'org.apache.hadoop.hive.ql.io.HiveIgnoreKeyTextOutputFormat'
LOCATION 'file:///var/folders/y7/4_pz5fzx54ngcmghz3v6t3m00000gn/T/junit4238406739563525852/hadooptmp//dealer_hierarchy/temp_data'
TBLPROPERTIES ('serialization.null.format'='')

15/09/06 13:13:46 INFO parse.ParseDriver: Parse Completed
15/09/06 13:13:46 INFO log.PerfLogger: </PERFLOG method=parse start=1441563226102 end=1441563226105 duration=3 from=org.apache.hadoop.hive.ql.Driver>
15/09/06 13:13:46 INFO log.PerfLogger: <PERFLOG method=semanticAnalyze from=org.apache.hadoop.hive.ql.Driver>
15/09/06 13:13:46 INFO parse.SemanticAnalyzer: Starting Semantic Analysis
15/09/06 13:13:46 INFO parse.SemanticAnalyzer: Creating table dealer_hierarchy_temp_data position=36
15/09/06 13:13:46 INFO metastore.HiveMetaStore: 0: get_table : db=ddsw_dev tbl=dealer_hierarchy_temp_data
15/09/06 13:13:46 INFO HiveMetaStore.audit: ugi=hpatel	ip=unknown-ip-addr	cmd=get_table : db=ddsw_dev tbl=dealer_hierarchy_temp_data	
15/09/06 13:13:46 INFO metastore.HiveMetaStore: 0: get_database: ddsw_dev
15/09/06 13:13:46 INFO HiveMetaStore.audit: ugi=hpatel	ip=unknown-ip-addr	cmd=get_database: ddsw_dev	
15/09/06 13:13:46 INFO ql.Driver: Semantic Analysis Completed
15/09/06 13:13:46 INFO log.PerfLogger: </PERFLOG method=semanticAnalyze start=1441563226105 end=1441563226110 duration=5 from=org.apache.hadoop.hive.ql.Driver>
15/09/06 13:13:46 INFO ql.Driver: Returning Hive schema: Schema(fieldSchemas:null, properties:null)
15/09/06 13:13:46 INFO log.PerfLogger: </PERFLOG method=compile start=1441563226101 end=1441563226110 duration=9 from=org.apache.hadoop.hive.ql.Driver>
15/09/06 13:13:46 INFO log.PerfLogger: <PERFLOG method=Driver.execute from=org.apache.hadoop.hive.ql.Driver>
15/09/06 13:13:46 INFO ql.Driver: Starting command: 

CREATE EXTERNAL TABLE IF NOT EXISTS dealer_hierarchy_temp_data
(
  file_name string,
  gen_id string,
  dms_system string,
  dms_version string,
  transmit_ts string,
  orig_transmit_ts string,
  transmit_by string,
  record_status string,
  dealer_updt_ind string,
  store_number string,
  part_type string,
  store_name string,
  inventory_store_number string,
  cat_emrg_dealer_code string,
  cat_stock_dealer_code string,
  stock_replen_store_number string,
  stock_replen_lead_time string,
  lst_updt_ts string,
  orig_lst_updt_ts string,
  lst_updt_by_id string,
  file_ins_ts string,
  orig_file_ins_ts string,
  exp_stock_plan_lead_time string
)
PARTITIONED BY (dealer_code string)
ROW FORMAT DELIMITED FIELDS TERMINATED BY '|'
STORED AS
  INPUTFORMAT 'org.apache.hadoop.mapred.TextInputFormat'
  OUTPUTFORMAT 'org.apache.hadoop.hive.ql.io.HiveIgnoreKeyTextOutputFormat'
LOCATION 'file:///var/folders/y7/4_pz5fzx54ngcmghz3v6t3m00000gn/T/junit4238406739563525852/hadooptmp//dealer_hierarchy/temp_data'
TBLPROPERTIES ('serialization.null.format'='')

15/09/06 13:13:46 INFO log.PerfLogger: </PERFLOG method=TimeToSubmit start=1441563226101 end=1441563226111 duration=10 from=org.apache.hadoop.hive.ql.Driver>
15/09/06 13:13:46 INFO log.PerfLogger: <PERFLOG method=runTasks from=org.apache.hadoop.hive.ql.Driver>
15/09/06 13:13:46 INFO log.PerfLogger: <PERFLOG method=task.DDL.Stage-0 from=org.apache.hadoop.hive.ql.Driver>
15/09/06 13:13:46 INFO exec.DDLTask: Default to LazySimpleSerDe for table dealer_hierarchy_temp_data
15/09/06 13:13:46 INFO metastore.HiveMetaStore: 0: create_table: Table(tableName:dealer_hierarchy_temp_data, dbName:ddsw_dev, owner:hpatel, createTime:1441563226, lastAccessTime:0, retention:0, sd:StorageDescriptor(cols:[FieldSchema(name:file_name, type:string, comment:null), FieldSchema(name:gen_id, type:string, comment:null), FieldSchema(name:dms_system, type:string, comment:null), FieldSchema(name:dms_version, type:string, comment:null), FieldSchema(name:transmit_ts, type:string, comment:null), FieldSchema(name:orig_transmit_ts, type:string, comment:null), FieldSchema(name:transmit_by, type:string, comment:null), FieldSchema(name:record_status, type:string, comment:null), FieldSchema(name:dealer_updt_ind, type:string, comment:null), FieldSchema(name:store_number, type:string, comment:null), FieldSchema(name:part_type, type:string, comment:null), FieldSchema(name:store_name, type:string, comment:null), FieldSchema(name:inventory_store_number, type:string, comment:null), FieldSchema(name:cat_emrg_dealer_code, type:string, comment:null), FieldSchema(name:cat_stock_dealer_code, type:string, comment:null), FieldSchema(name:stock_replen_store_number, type:string, comment:null), FieldSchema(name:stock_replen_lead_time, type:string, comment:null), FieldSchema(name:lst_updt_ts, type:string, comment:null), FieldSchema(name:orig_lst_updt_ts, type:string, comment:null), FieldSchema(name:lst_updt_by_id, type:string, comment:null), FieldSchema(name:file_ins_ts, type:string, comment:null), FieldSchema(name:orig_file_ins_ts, type:string, comment:null), FieldSchema(name:exp_stock_plan_lead_time, type:string, comment:null)], location:file:/var/folders/y7/4_pz5fzx54ngcmghz3v6t3m00000gn/T/junit4238406739563525852/hadooptmp/dealer_hierarchy/temp_data, inputFormat:org.apache.hadoop.mapred.TextInputFormat, outputFormat:org.apache.hadoop.hive.ql.io.HiveIgnoreKeyTextOutputFormat, compressed:false, numBuckets:-1, serdeInfo:SerDeInfo(name:null, serializationLib:org.apache.hadoop.hive.serde2.lazy.LazySimpleSerDe, parameters:{serialization.format=|, field.delim=|}), bucketCols:[], sortCols:[], parameters:{}, skewedInfo:SkewedInfo(skewedColNames:[], skewedColValues:[], skewedColValueLocationMaps:{}), storedAsSubDirectories:false), partitionKeys:[FieldSchema(name:dealer_code, type:string, comment:null)], parameters:{EXTERNAL=TRUE, serialization.null.format=}, viewOriginalText:null, viewExpandedText:null, tableType:EXTERNAL_TABLE)
15/09/06 13:13:46 INFO HiveMetaStore.audit: ugi=hpatel	ip=unknown-ip-addr	cmd=create_table: Table(tableName:dealer_hierarchy_temp_data, dbName:ddsw_dev, owner:hpatel, createTime:1441563226, lastAccessTime:0, retention:0, sd:StorageDescriptor(cols:[FieldSchema(name:file_name, type:string, comment:null), FieldSchema(name:gen_id, type:string, comment:null), FieldSchema(name:dms_system, type:string, comment:null), FieldSchema(name:dms_version, type:string, comment:null), FieldSchema(name:transmit_ts, type:string, comment:null), FieldSchema(name:orig_transmit_ts, type:string, comment:null), FieldSchema(name:transmit_by, type:string, comment:null), FieldSchema(name:record_status, type:string, comment:null), FieldSchema(name:dealer_updt_ind, type:string, comment:null), FieldSchema(name:store_number, type:string, comment:null), FieldSchema(name:part_type, type:string, comment:null), FieldSchema(name:store_name, type:string, comment:null), FieldSchema(name:inventory_store_number, type:string, comment:null), FieldSchema(name:cat_emrg_dealer_code, type:string, comment:null), FieldSchema(name:cat_stock_dealer_code, type:string, comment:null), FieldSchema(name:stock_replen_store_number, type:string, comment:null), FieldSchema(name:stock_replen_lead_time, type:string, comment:null), FieldSchema(name:lst_updt_ts, type:string, comment:null), FieldSchema(name:orig_lst_updt_ts, type:string, comment:null), FieldSchema(name:lst_updt_by_id, type:string, comment:null), FieldSchema(name:file_ins_ts, type:string, comment:null), FieldSchema(name:orig_file_ins_ts, type:string, comment:null), FieldSchema(name:exp_stock_plan_lead_time, type:string, comment:null)], location:file:/var/folders/y7/4_pz5fzx54ngcmghz3v6t3m00000gn/T/junit4238406739563525852/hadooptmp/dealer_hierarchy/temp_data, inputFormat:org.apache.hadoop.mapred.TextInputFormat, outputFormat:org.apache.hadoop.hive.ql.io.HiveIgnoreKeyTextOutputFormat, compressed:false, numBuckets:-1, serdeInfo:SerDeInfo(name:null, serializationLib:org.apache.hadoop.hive.serde2.lazy.LazySimpleSerDe, parameters:{serialization.format=|, field.delim=|}), bucketCols:[], sortCols:[], parameters:{}, skewedInfo:SkewedInfo(skewedColNames:[], skewedColValues:[], skewedColValueLocationMaps:{}), storedAsSubDirectories:false), partitionKeys:[FieldSchema(name:dealer_code, type:string, comment:null)], parameters:{EXTERNAL=TRUE, serialization.null.format=}, viewOriginalText:null, viewExpandedText:null, tableType:EXTERNAL_TABLE)	
15/09/06 13:13:46 INFO common.FileUtils: Creating directory if it doesn't exist: file:/var/folders/y7/4_pz5fzx54ngcmghz3v6t3m00000gn/T/junit4238406739563525852/hadooptmp/dealer_hierarchy/temp_data
15/09/06 13:13:46 INFO log.PerfLogger: </PERFLOG method=runTasks start=1441563226111 end=1441563226165 duration=54 from=org.apache.hadoop.hive.ql.Driver>
15/09/06 13:13:46 INFO log.PerfLogger: </PERFLOG method=Driver.execute start=1441563226110 end=1441563226165 duration=55 from=org.apache.hadoop.hive.ql.Driver>
OK
15/09/06 13:13:46 INFO ql.Driver: OK
15/09/06 13:13:46 INFO log.PerfLogger: <PERFLOG method=releaseLocks from=org.apache.hadoop.hive.ql.Driver>
15/09/06 13:13:46 INFO log.PerfLogger: </PERFLOG method=releaseLocks start=1441563226165 end=1441563226165 duration=0 from=org.apache.hadoop.hive.ql.Driver>
15/09/06 13:13:46 INFO log.PerfLogger: </PERFLOG method=Driver.run start=1441563226101 end=1441563226165 duration=64 from=org.apache.hadoop.hive.ql.Driver>
15/09/06 13:13:46 INFO service.HiveServer: Running the query: 

15/09/06 13:13:46 INFO builder.HiveShellTearable: Executing script: SET mapreduce.job.queuename=ddsw;
SET hive.exec.drop.ignorenonexistent=true;
SET hive.exec.dynamic.partition=true;
SET hive.exec.dynamic.partition.mode=nonstrict;

USE ddsw_dev;

CREATE EXTERNAL TABLE DEALER_HIERARCHY_CORE
    PARTITIONED BY (dealer_code string)
    ROW FORMAT SERDE 'org.apache.hadoop.hive.serde2.avro.AvroSerDe'
    WITH SERDEPROPERTIES
    (
        'avro.schema.url'='./src/test/resources/dealer_hierarchy/schema/DEALER_HIERARCHY_CORE.avsc'
    )
    STORED AS
        INPUTFORMAT 'org.apache.hadoop.hive.ql.io.avro.AvroContainerInputFormat'
        OUTPUTFORMAT 'org.apache.hadoop.hive.ql.io.avro.AvroContainerOutputFormat'
    LOCATION '${hiveconf:hadoop.tmp.dir.uri}/dealer_hierarchy/core_data';

15/09/06 13:13:46 INFO service.HiveServer: Running the query: SET mapreduce.job.queuename=ddsw
15/09/06 13:13:46 INFO service.HiveServer: Putting temp output to file /var/folders/y7/4_pz5fzx54ngcmghz3v6t3m00000gn/T/junit4238406739563525852/localscratchdir/88b098ca-58e4-4ca7-9469-1dab2abc83fa1158208048796694121.pipeout
15/09/06 13:13:46 INFO service.HiveServer: Running the query: 
SET hive.exec.drop.ignorenonexistent=true
15/09/06 13:13:46 INFO service.HiveServer: Putting temp output to file /var/folders/y7/4_pz5fzx54ngcmghz3v6t3m00000gn/T/junit4238406739563525852/localscratchdir/88b098ca-58e4-4ca7-9469-1dab2abc83fa1158208048796694121.pipeout
15/09/06 13:13:46 INFO service.HiveServer: Running the query: 
SET hive.exec.dynamic.partition=true
15/09/06 13:13:46 INFO service.HiveServer: Putting temp output to file /var/folders/y7/4_pz5fzx54ngcmghz3v6t3m00000gn/T/junit4238406739563525852/localscratchdir/88b098ca-58e4-4ca7-9469-1dab2abc83fa1158208048796694121.pipeout
15/09/06 13:13:46 INFO service.HiveServer: Running the query: 
SET hive.exec.dynamic.partition.mode=nonstrict
15/09/06 13:13:46 INFO service.HiveServer: Putting temp output to file /var/folders/y7/4_pz5fzx54ngcmghz3v6t3m00000gn/T/junit4238406739563525852/localscratchdir/88b098ca-58e4-4ca7-9469-1dab2abc83fa1158208048796694121.pipeout
15/09/06 13:13:46 INFO service.HiveServer: Running the query: 

USE ddsw_dev
15/09/06 13:13:46 INFO log.PerfLogger: <PERFLOG method=Driver.run from=org.apache.hadoop.hive.ql.Driver>
15/09/06 13:13:46 INFO log.PerfLogger: <PERFLOG method=TimeToSubmit from=org.apache.hadoop.hive.ql.Driver>
15/09/06 13:13:46 INFO ql.Driver: Concurrency mode is disabled, not creating a lock manager
15/09/06 13:13:46 INFO log.PerfLogger: <PERFLOG method=compile from=org.apache.hadoop.hive.ql.Driver>
15/09/06 13:13:46 INFO log.PerfLogger: <PERFLOG method=parse from=org.apache.hadoop.hive.ql.Driver>
15/09/06 13:13:46 INFO parse.ParseDriver: Parsing command: 

USE ddsw_dev
15/09/06 13:13:46 INFO parse.ParseDriver: Parse Completed
15/09/06 13:13:46 INFO log.PerfLogger: </PERFLOG method=parse start=1441563226260 end=1441563226260 duration=0 from=org.apache.hadoop.hive.ql.Driver>
15/09/06 13:13:46 INFO log.PerfLogger: <PERFLOG method=semanticAnalyze from=org.apache.hadoop.hive.ql.Driver>
15/09/06 13:13:46 INFO ql.Driver: Semantic Analysis Completed
15/09/06 13:13:46 INFO log.PerfLogger: </PERFLOG method=semanticAnalyze start=1441563226260 end=1441563226261 duration=1 from=org.apache.hadoop.hive.ql.Driver>
15/09/06 13:13:46 INFO ql.Driver: Returning Hive schema: Schema(fieldSchemas:null, properties:null)
15/09/06 13:13:46 INFO log.PerfLogger: </PERFLOG method=compile start=1441563226260 end=1441563226261 duration=1 from=org.apache.hadoop.hive.ql.Driver>
15/09/06 13:13:46 INFO log.PerfLogger: <PERFLOG method=Driver.execute from=org.apache.hadoop.hive.ql.Driver>
15/09/06 13:13:46 INFO ql.Driver: Starting command: 

USE ddsw_dev
15/09/06 13:13:46 INFO log.PerfLogger: </PERFLOG method=TimeToSubmit start=1441563226260 end=1441563226262 duration=2 from=org.apache.hadoop.hive.ql.Driver>
15/09/06 13:13:46 INFO log.PerfLogger: <PERFLOG method=runTasks from=org.apache.hadoop.hive.ql.Driver>
15/09/06 13:13:46 INFO log.PerfLogger: <PERFLOG method=task.DDL.Stage-0 from=org.apache.hadoop.hive.ql.Driver>
15/09/06 13:13:46 INFO metastore.HiveMetaStore: 0: get_database: ddsw_dev
15/09/06 13:13:46 INFO HiveMetaStore.audit: ugi=hpatel	ip=unknown-ip-addr	cmd=get_database: ddsw_dev	
15/09/06 13:13:46 INFO metastore.HiveMetaStore: 0: get_database: ddsw_dev
15/09/06 13:13:46 INFO HiveMetaStore.audit: ugi=hpatel	ip=unknown-ip-addr	cmd=get_database: ddsw_dev	
15/09/06 13:13:46 INFO log.PerfLogger: </PERFLOG method=runTasks start=1441563226262 end=1441563226266 duration=4 from=org.apache.hadoop.hive.ql.Driver>
15/09/06 13:13:46 INFO log.PerfLogger: </PERFLOG method=Driver.execute start=1441563226261 end=1441563226266 duration=5 from=org.apache.hadoop.hive.ql.Driver>
OK
15/09/06 13:13:46 INFO ql.Driver: OK
15/09/06 13:13:46 INFO log.PerfLogger: <PERFLOG method=releaseLocks from=org.apache.hadoop.hive.ql.Driver>
15/09/06 13:13:46 INFO log.PerfLogger: </PERFLOG method=releaseLocks start=1441563226266 end=1441563226266 duration=0 from=org.apache.hadoop.hive.ql.Driver>
15/09/06 13:13:46 INFO log.PerfLogger: </PERFLOG method=Driver.run start=1441563226259 end=1441563226266 duration=7 from=org.apache.hadoop.hive.ql.Driver>
15/09/06 13:13:46 INFO service.HiveServer: Running the query: 

CREATE EXTERNAL TABLE DEALER_HIERARCHY_CORE
    PARTITIONED BY (dealer_code string)
    ROW FORMAT SERDE 'org.apache.hadoop.hive.serde2.avro.AvroSerDe'
    WITH SERDEPROPERTIES
    (
        'avro.schema.url'='./src/test/resources/dealer_hierarchy/schema/DEALER_HIERARCHY_CORE.avsc'
    )
    STORED AS
        INPUTFORMAT 'org.apache.hadoop.hive.ql.io.avro.AvroContainerInputFormat'
        OUTPUTFORMAT 'org.apache.hadoop.hive.ql.io.avro.AvroContainerOutputFormat'
    LOCATION '${hiveconf:hadoop.tmp.dir.uri}/dealer_hierarchy/core_data'
15/09/06 13:13:46 INFO log.PerfLogger: <PERFLOG method=Driver.run from=org.apache.hadoop.hive.ql.Driver>
15/09/06 13:13:46 INFO log.PerfLogger: <PERFLOG method=TimeToSubmit from=org.apache.hadoop.hive.ql.Driver>
15/09/06 13:13:46 INFO ql.Driver: Concurrency mode is disabled, not creating a lock manager
15/09/06 13:13:46 INFO log.PerfLogger: <PERFLOG method=compile from=org.apache.hadoop.hive.ql.Driver>
15/09/06 13:13:46 INFO log.PerfLogger: <PERFLOG method=parse from=org.apache.hadoop.hive.ql.Driver>
15/09/06 13:13:46 INFO parse.ParseDriver: Parsing command: 

CREATE EXTERNAL TABLE DEALER_HIERARCHY_CORE
    PARTITIONED BY (dealer_code string)
    ROW FORMAT SERDE 'org.apache.hadoop.hive.serde2.avro.AvroSerDe'
    WITH SERDEPROPERTIES
    (
        'avro.schema.url'='./src/test/resources/dealer_hierarchy/schema/DEALER_HIERARCHY_CORE.avsc'
    )
    STORED AS
        INPUTFORMAT 'org.apache.hadoop.hive.ql.io.avro.AvroContainerInputFormat'
        OUTPUTFORMAT 'org.apache.hadoop.hive.ql.io.avro.AvroContainerOutputFormat'
    LOCATION 'file:///var/folders/y7/4_pz5fzx54ngcmghz3v6t3m00000gn/T/junit4238406739563525852/hadooptmp//dealer_hierarchy/core_data'
15/09/06 13:13:46 INFO parse.ParseDriver: Parse Completed
15/09/06 13:13:46 INFO log.PerfLogger: </PERFLOG method=parse start=1441563226267 end=1441563226269 duration=2 from=org.apache.hadoop.hive.ql.Driver>
15/09/06 13:13:46 INFO log.PerfLogger: <PERFLOG method=semanticAnalyze from=org.apache.hadoop.hive.ql.Driver>
15/09/06 13:13:46 INFO parse.SemanticAnalyzer: Starting Semantic Analysis
15/09/06 13:13:46 INFO parse.SemanticAnalyzer: Creating table DEALER_HIERARCHY_CORE position=22
15/09/06 13:13:46 INFO metastore.HiveMetaStore: 0: get_database: ddsw_dev
15/09/06 13:13:46 INFO HiveMetaStore.audit: ugi=hpatel	ip=unknown-ip-addr	cmd=get_database: ddsw_dev	
15/09/06 13:13:46 INFO ql.Driver: Semantic Analysis Completed
15/09/06 13:13:46 INFO log.PerfLogger: </PERFLOG method=semanticAnalyze start=1441563226269 end=1441563226272 duration=3 from=org.apache.hadoop.hive.ql.Driver>
15/09/06 13:13:46 INFO ql.Driver: Returning Hive schema: Schema(fieldSchemas:null, properties:null)
15/09/06 13:13:46 INFO log.PerfLogger: </PERFLOG method=compile start=1441563226267 end=1441563226272 duration=5 from=org.apache.hadoop.hive.ql.Driver>
15/09/06 13:13:46 INFO log.PerfLogger: <PERFLOG method=Driver.execute from=org.apache.hadoop.hive.ql.Driver>
15/09/06 13:13:46 INFO ql.Driver: Starting command: 

CREATE EXTERNAL TABLE DEALER_HIERARCHY_CORE
    PARTITIONED BY (dealer_code string)
    ROW FORMAT SERDE 'org.apache.hadoop.hive.serde2.avro.AvroSerDe'
    WITH SERDEPROPERTIES
    (
        'avro.schema.url'='./src/test/resources/dealer_hierarchy/schema/DEALER_HIERARCHY_CORE.avsc'
    )
    STORED AS
        INPUTFORMAT 'org.apache.hadoop.hive.ql.io.avro.AvroContainerInputFormat'
        OUTPUTFORMAT 'org.apache.hadoop.hive.ql.io.avro.AvroContainerOutputFormat'
    LOCATION 'file:///var/folders/y7/4_pz5fzx54ngcmghz3v6t3m00000gn/T/junit4238406739563525852/hadooptmp//dealer_hierarchy/core_data'
15/09/06 13:13:46 INFO log.PerfLogger: </PERFLOG method=TimeToSubmit start=1441563226267 end=1441563226272 duration=5 from=org.apache.hadoop.hive.ql.Driver>
15/09/06 13:13:46 INFO log.PerfLogger: <PERFLOG method=runTasks from=org.apache.hadoop.hive.ql.Driver>
15/09/06 13:13:46 INFO log.PerfLogger: <PERFLOG method=task.DDL.Stage-0 from=org.apache.hadoop.hive.ql.Driver>
15/09/06 13:13:46 INFO avro.AvroSerDe: Avro schema is {"type":"record","name":"DEALER_HIERARCHY_CORE","doc":"Sqoop import of DEALER_HIERARCHY","fields":[{"name":"File_Name","type":["string","null"],"columnName":"File_Name"},{"name":"GEN_ID","type":["string","null"],"columnName":"GEN_ID"},{"name":"DMS_SYSTEM","type":["string","null"],"columnName":"DMS_SYSTEM"},{"name":"DMS_VERSION","type":["string","null"],"columnName":"DMS_VERSION"},{"name":"TRANSMIT_TS","type":["string","null"],"columnName":"TRANSMIT_TS"},{"name":"ORIG_TRANSMIT_TS","type":["string","null"],"columnName":"TRANSMIT_TS"},{"name":"TRANSMIT_BY","type":["string","null"],"columnName":"TRANSMIT_BY"},{"name":"RECORD_STATUS","type":["string","null"],"columnName":"RECORD_STATUS"},{"name":"DEALER_UPDT_IND","type":["string","null"],"columnName":"DEALER_UPDT_IND","sqlType":"1"},{"name":"STORE_NUMBER","type":["string","null"],"columnName":"STORE_NUMBER"},{"name":"PART_TYPE","type":["string","null"],"columnName":"PART_TYPE"},{"name":"STORE_NAME","type":["string","null"],"columnName":"STORE_NAME"},{"name":"INVENTORY_STORE_NUMBER","type":["string","null"],"columnName":"INVENTORY_STORE_NUMBER"},{"name":"CAT_EMRG_DEALER_CODE","type":["string","null"],"columnName":"CAT_EMRG_DEALER_CODE"},{"name":"CAT_STOCK_DEALER_CODE","type":["string","null"],"columnName":"CAT_STOCK_DEALER_CODE"},{"name":"STOCK_REPLEN_STORE_NUMBER","type":["string","null"],"columnName":"STOCK_REPLEN_STORE_NUMBER"},{"name":"STOCK_REPLEN_LEAD_TIME","type":["string","null"],"columnName":"STOCK_REPLEN_LEAD_TIME"},{"name":"LST_UPDT_TS","type":["string","null"],"columnName":"LST_UPDT_TS"},{"name":"ORIG_LST_UPDT_TS","type":["string","null"],"columnName":"ORIG_LST_UPDT_TS"},{"name":"LST_UPDT_BY_ID","type":["string","null"],"columnName":"LST_UPDT_BY_ID"},{"name":"FILE_INS_TS","type":["string","null"],"columnName":"FILE_INS_TS"},{"name":"ORIG_FILE_INS_TS","type":["string","null"],"columnName":"ORIG_FILE_INS_TS"},{"name":"EXP_STOCK_PLAN_LEAD_TIME","type":["string","null"],"columnName":"EXP_STOCK_PLAN_LEAD_TIME"}],"tableName":"DEALER_HIERARCHY_CORE"}
15/09/06 13:13:46 INFO avro.AvroSerDe: Avro schema is {"type":"record","name":"DEALER_HIERARCHY_CORE","doc":"Sqoop import of DEALER_HIERARCHY","fields":[{"name":"File_Name","type":["string","null"],"columnName":"File_Name"},{"name":"GEN_ID","type":["string","null"],"columnName":"GEN_ID"},{"name":"DMS_SYSTEM","type":["string","null"],"columnName":"DMS_SYSTEM"},{"name":"DMS_VERSION","type":["string","null"],"columnName":"DMS_VERSION"},{"name":"TRANSMIT_TS","type":["string","null"],"columnName":"TRANSMIT_TS"},{"name":"ORIG_TRANSMIT_TS","type":["string","null"],"columnName":"TRANSMIT_TS"},{"name":"TRANSMIT_BY","type":["string","null"],"columnName":"TRANSMIT_BY"},{"name":"RECORD_STATUS","type":["string","null"],"columnName":"RECORD_STATUS"},{"name":"DEALER_UPDT_IND","type":["string","null"],"columnName":"DEALER_UPDT_IND","sqlType":"1"},{"name":"STORE_NUMBER","type":["string","null"],"columnName":"STORE_NUMBER"},{"name":"PART_TYPE","type":["string","null"],"columnName":"PART_TYPE"},{"name":"STORE_NAME","type":["string","null"],"columnName":"STORE_NAME"},{"name":"INVENTORY_STORE_NUMBER","type":["string","null"],"columnName":"INVENTORY_STORE_NUMBER"},{"name":"CAT_EMRG_DEALER_CODE","type":["string","null"],"columnName":"CAT_EMRG_DEALER_CODE"},{"name":"CAT_STOCK_DEALER_CODE","type":["string","null"],"columnName":"CAT_STOCK_DEALER_CODE"},{"name":"STOCK_REPLEN_STORE_NUMBER","type":["string","null"],"columnName":"STOCK_REPLEN_STORE_NUMBER"},{"name":"STOCK_REPLEN_LEAD_TIME","type":["string","null"],"columnName":"STOCK_REPLEN_LEAD_TIME"},{"name":"LST_UPDT_TS","type":["string","null"],"columnName":"LST_UPDT_TS"},{"name":"ORIG_LST_UPDT_TS","type":["string","null"],"columnName":"ORIG_LST_UPDT_TS"},{"name":"LST_UPDT_BY_ID","type":["string","null"],"columnName":"LST_UPDT_BY_ID"},{"name":"FILE_INS_TS","type":["string","null"],"columnName":"FILE_INS_TS"},{"name":"ORIG_FILE_INS_TS","type":["string","null"],"columnName":"ORIG_FILE_INS_TS"},{"name":"EXP_STOCK_PLAN_LEAD_TIME","type":["string","null"],"columnName":"EXP_STOCK_PLAN_LEAD_TIME"}],"tableName":"DEALER_HIERARCHY_CORE"}
15/09/06 13:13:46 INFO metastore.HiveMetaStore: 0: create_table: Table(tableName:DEALER_HIERARCHY_CORE, dbName:ddsw_dev, owner:hpatel, createTime:1441563226, lastAccessTime:0, retention:0, sd:StorageDescriptor(cols:[FieldSchema(name:file_name, type:string, comment:from deserializer), FieldSchema(name:gen_id, type:string, comment:from deserializer), FieldSchema(name:dms_system, type:string, comment:from deserializer), FieldSchema(name:dms_version, type:string, comment:from deserializer), FieldSchema(name:transmit_ts, type:string, comment:from deserializer), FieldSchema(name:orig_transmit_ts, type:string, comment:from deserializer), FieldSchema(name:transmit_by, type:string, comment:from deserializer), FieldSchema(name:record_status, type:string, comment:from deserializer), FieldSchema(name:dealer_updt_ind, type:string, comment:from deserializer), FieldSchema(name:store_number, type:string, comment:from deserializer), FieldSchema(name:part_type, type:string, comment:from deserializer), FieldSchema(name:store_name, type:string, comment:from deserializer), FieldSchema(name:inventory_store_number, type:string, comment:from deserializer), FieldSchema(name:cat_emrg_dealer_code, type:string, comment:from deserializer), FieldSchema(name:cat_stock_dealer_code, type:string, comment:from deserializer), FieldSchema(name:stock_replen_store_number, type:string, comment:from deserializer), FieldSchema(name:stock_replen_lead_time, type:string, comment:from deserializer), FieldSchema(name:lst_updt_ts, type:string, comment:from deserializer), FieldSchema(name:orig_lst_updt_ts, type:string, comment:from deserializer), FieldSchema(name:lst_updt_by_id, type:string, comment:from deserializer), FieldSchema(name:file_ins_ts, type:string, comment:from deserializer), FieldSchema(name:orig_file_ins_ts, type:string, comment:from deserializer), FieldSchema(name:exp_stock_plan_lead_time, type:string, comment:from deserializer)], location:file:/var/folders/y7/4_pz5fzx54ngcmghz3v6t3m00000gn/T/junit4238406739563525852/hadooptmp/dealer_hierarchy/core_data, inputFormat:org.apache.hadoop.hive.ql.io.avro.AvroContainerInputFormat, outputFormat:org.apache.hadoop.hive.ql.io.avro.AvroContainerOutputFormat, compressed:false, numBuckets:-1, serdeInfo:SerDeInfo(name:null, serializationLib:org.apache.hadoop.hive.serde2.avro.AvroSerDe, parameters:{avro.schema.url=./src/test/resources/dealer_hierarchy/schema/DEALER_HIERARCHY_CORE.avsc, serialization.format=1}), bucketCols:[], sortCols:[], parameters:{}, skewedInfo:SkewedInfo(skewedColNames:[], skewedColValues:[], skewedColValueLocationMaps:{}), storedAsSubDirectories:false), partitionKeys:[FieldSchema(name:dealer_code, type:string, comment:null)], parameters:{EXTERNAL=TRUE}, viewOriginalText:null, viewExpandedText:null, tableType:EXTERNAL_TABLE)
15/09/06 13:13:46 INFO HiveMetaStore.audit: ugi=hpatel	ip=unknown-ip-addr	cmd=create_table: Table(tableName:DEALER_HIERARCHY_CORE, dbName:ddsw_dev, owner:hpatel, createTime:1441563226, lastAccessTime:0, retention:0, sd:StorageDescriptor(cols:[FieldSchema(name:file_name, type:string, comment:from deserializer), FieldSchema(name:gen_id, type:string, comment:from deserializer), FieldSchema(name:dms_system, type:string, comment:from deserializer), FieldSchema(name:dms_version, type:string, comment:from deserializer), FieldSchema(name:transmit_ts, type:string, comment:from deserializer), FieldSchema(name:orig_transmit_ts, type:string, comment:from deserializer), FieldSchema(name:transmit_by, type:string, comment:from deserializer), FieldSchema(name:record_status, type:string, comment:from deserializer), FieldSchema(name:dealer_updt_ind, type:string, comment:from deserializer), FieldSchema(name:store_number, type:string, comment:from deserializer), FieldSchema(name:part_type, type:string, comment:from deserializer), FieldSchema(name:store_name, type:string, comment:from deserializer), FieldSchema(name:inventory_store_number, type:string, comment:from deserializer), FieldSchema(name:cat_emrg_dealer_code, type:string, comment:from deserializer), FieldSchema(name:cat_stock_dealer_code, type:string, comment:from deserializer), FieldSchema(name:stock_replen_store_number, type:string, comment:from deserializer), FieldSchema(name:stock_replen_lead_time, type:string, comment:from deserializer), FieldSchema(name:lst_updt_ts, type:string, comment:from deserializer), FieldSchema(name:orig_lst_updt_ts, type:string, comment:from deserializer), FieldSchema(name:lst_updt_by_id, type:string, comment:from deserializer), FieldSchema(name:file_ins_ts, type:string, comment:from deserializer), FieldSchema(name:orig_file_ins_ts, type:string, comment:from deserializer), FieldSchema(name:exp_stock_plan_lead_time, type:string, comment:from deserializer)], location:file:/var/folders/y7/4_pz5fzx54ngcmghz3v6t3m00000gn/T/junit4238406739563525852/hadooptmp/dealer_hierarchy/core_data, inputFormat:org.apache.hadoop.hive.ql.io.avro.AvroContainerInputFormat, outputFormat:org.apache.hadoop.hive.ql.io.avro.AvroContainerOutputFormat, compressed:false, numBuckets:-1, serdeInfo:SerDeInfo(name:null, serializationLib:org.apache.hadoop.hive.serde2.avro.AvroSerDe, parameters:{avro.schema.url=./src/test/resources/dealer_hierarchy/schema/DEALER_HIERARCHY_CORE.avsc, serialization.format=1}), bucketCols:[], sortCols:[], parameters:{}, skewedInfo:SkewedInfo(skewedColNames:[], skewedColValues:[], skewedColValueLocationMaps:{}), storedAsSubDirectories:false), partitionKeys:[FieldSchema(name:dealer_code, type:string, comment:null)], parameters:{EXTERNAL=TRUE}, viewOriginalText:null, viewExpandedText:null, tableType:EXTERNAL_TABLE)	
15/09/06 13:13:46 INFO common.FileUtils: Creating directory if it doesn't exist: file:/var/folders/y7/4_pz5fzx54ngcmghz3v6t3m00000gn/T/junit4238406739563525852/hadooptmp/dealer_hierarchy/core_data
15/09/06 13:13:46 INFO log.PerfLogger: </PERFLOG method=runTasks start=1441563226272 end=1441563226327 duration=55 from=org.apache.hadoop.hive.ql.Driver>
15/09/06 13:13:46 INFO log.PerfLogger: </PERFLOG method=Driver.execute start=1441563226272 end=1441563226327 duration=55 from=org.apache.hadoop.hive.ql.Driver>
OK
15/09/06 13:13:46 INFO ql.Driver: OK
15/09/06 13:13:46 INFO log.PerfLogger: <PERFLOG method=releaseLocks from=org.apache.hadoop.hive.ql.Driver>
15/09/06 13:13:46 INFO log.PerfLogger: </PERFLOG method=releaseLocks start=1441563226328 end=1441563226328 duration=0 from=org.apache.hadoop.hive.ql.Driver>
15/09/06 13:13:46 INFO log.PerfLogger: </PERFLOG method=Driver.run start=1441563226267 end=1441563226328 duration=61 from=org.apache.hadoop.hive.ql.Driver>
15/09/06 13:13:46 INFO service.HiveServer: Running the query: 

15/09/06 13:13:46 INFO builder.HiveShellTearable: Created hive resource /var/folders/y7/4_pz5fzx54ngcmghz3v6t3m00000gn/T/junit4238406739563525852/hadooptmp/dealer_hierarchy/temp_data/dealer_code=AAAA/temp_data_from_string.csv
15/09/06 13:13:46 INFO builder.HiveShellTearable: Created hive resource /var/folders/y7/4_pz5fzx54ngcmghz3v6t3m00000gn/T/junit4238406739563525852/hadooptmp/dealer_hierarchy/temp_data/dealer_code=ZZZZ/temp_data_from_file.csv
15/09/06 13:13:46 INFO service.HiveServer: Running the query: MSCK REPAIR TABLE dealer_hierarchy_core
15/09/06 13:13:46 INFO log.PerfLogger: <PERFLOG method=Driver.run from=org.apache.hadoop.hive.ql.Driver>
15/09/06 13:13:46 INFO log.PerfLogger: <PERFLOG method=TimeToSubmit from=org.apache.hadoop.hive.ql.Driver>
15/09/06 13:13:46 INFO ql.Driver: Concurrency mode is disabled, not creating a lock manager
15/09/06 13:13:46 INFO log.PerfLogger: <PERFLOG method=compile from=org.apache.hadoop.hive.ql.Driver>
15/09/06 13:13:46 INFO log.PerfLogger: <PERFLOG method=parse from=org.apache.hadoop.hive.ql.Driver>
15/09/06 13:13:46 INFO parse.ParseDriver: Parsing command: MSCK REPAIR TABLE dealer_hierarchy_core
15/09/06 13:13:46 INFO parse.ParseDriver: Parse Completed
15/09/06 13:13:46 INFO log.PerfLogger: </PERFLOG method=parse start=1441563226330 end=1441563226330 duration=0 from=org.apache.hadoop.hive.ql.Driver>
15/09/06 13:13:46 INFO log.PerfLogger: <PERFLOG method=semanticAnalyze from=org.apache.hadoop.hive.ql.Driver>
15/09/06 13:13:46 INFO ql.Driver: Semantic Analysis Completed
15/09/06 13:13:46 INFO log.PerfLogger: </PERFLOG method=semanticAnalyze start=1441563226330 end=1441563226336 duration=6 from=org.apache.hadoop.hive.ql.Driver>
15/09/06 13:13:46 INFO ql.Driver: Returning Hive schema: Schema(fieldSchemas:null, properties:null)
15/09/06 13:13:46 INFO log.PerfLogger: </PERFLOG method=compile start=1441563226329 end=1441563226336 duration=7 from=org.apache.hadoop.hive.ql.Driver>
15/09/06 13:13:46 INFO log.PerfLogger: <PERFLOG method=Driver.execute from=org.apache.hadoop.hive.ql.Driver>
15/09/06 13:13:46 INFO ql.Driver: Starting command: MSCK REPAIR TABLE dealer_hierarchy_core
15/09/06 13:13:46 INFO log.PerfLogger: </PERFLOG method=TimeToSubmit start=1441563226329 end=1441563226336 duration=7 from=org.apache.hadoop.hive.ql.Driver>
15/09/06 13:13:46 INFO log.PerfLogger: <PERFLOG method=runTasks from=org.apache.hadoop.hive.ql.Driver>
15/09/06 13:13:46 INFO log.PerfLogger: <PERFLOG method=task.DDL.Stage-0 from=org.apache.hadoop.hive.ql.Driver>
15/09/06 13:13:46 INFO metastore.HiveMetaStore: 0: get_table : db=ddsw_dev tbl=dealer_hierarchy_core
15/09/06 13:13:46 INFO HiveMetaStore.audit: ugi=hpatel	ip=unknown-ip-addr	cmd=get_table : db=ddsw_dev tbl=dealer_hierarchy_core	
15/09/06 13:13:46 INFO avro.AvroSerDe: Avro schema is {"type":"record","name":"DEALER_HIERARCHY_CORE","doc":"Sqoop import of DEALER_HIERARCHY","fields":[{"name":"File_Name","type":["string","null"],"columnName":"File_Name"},{"name":"GEN_ID","type":["string","null"],"columnName":"GEN_ID"},{"name":"DMS_SYSTEM","type":["string","null"],"columnName":"DMS_SYSTEM"},{"name":"DMS_VERSION","type":["string","null"],"columnName":"DMS_VERSION"},{"name":"TRANSMIT_TS","type":["string","null"],"columnName":"TRANSMIT_TS"},{"name":"ORIG_TRANSMIT_TS","type":["string","null"],"columnName":"TRANSMIT_TS"},{"name":"TRANSMIT_BY","type":["string","null"],"columnName":"TRANSMIT_BY"},{"name":"RECORD_STATUS","type":["string","null"],"columnName":"RECORD_STATUS"},{"name":"DEALER_UPDT_IND","type":["string","null"],"columnName":"DEALER_UPDT_IND","sqlType":"1"},{"name":"STORE_NUMBER","type":["string","null"],"columnName":"STORE_NUMBER"},{"name":"PART_TYPE","type":["string","null"],"columnName":"PART_TYPE"},{"name":"STORE_NAME","type":["string","null"],"columnName":"STORE_NAME"},{"name":"INVENTORY_STORE_NUMBER","type":["string","null"],"columnName":"INVENTORY_STORE_NUMBER"},{"name":"CAT_EMRG_DEALER_CODE","type":["string","null"],"columnName":"CAT_EMRG_DEALER_CODE"},{"name":"CAT_STOCK_DEALER_CODE","type":["string","null"],"columnName":"CAT_STOCK_DEALER_CODE"},{"name":"STOCK_REPLEN_STORE_NUMBER","type":["string","null"],"columnName":"STOCK_REPLEN_STORE_NUMBER"},{"name":"STOCK_REPLEN_LEAD_TIME","type":["string","null"],"columnName":"STOCK_REPLEN_LEAD_TIME"},{"name":"LST_UPDT_TS","type":["string","null"],"columnName":"LST_UPDT_TS"},{"name":"ORIG_LST_UPDT_TS","type":["string","null"],"columnName":"ORIG_LST_UPDT_TS"},{"name":"LST_UPDT_BY_ID","type":["string","null"],"columnName":"LST_UPDT_BY_ID"},{"name":"FILE_INS_TS","type":["string","null"],"columnName":"FILE_INS_TS"},{"name":"ORIG_FILE_INS_TS","type":["string","null"],"columnName":"ORIG_FILE_INS_TS"},{"name":"EXP_STOCK_PLAN_LEAD_TIME","type":["string","null"],"columnName":"EXP_STOCK_PLAN_LEAD_TIME"}],"tableName":"DEALER_HIERARCHY_CORE"}
15/09/06 13:13:46 INFO avro.AvroSerDe: Avro schema is {"type":"record","name":"DEALER_HIERARCHY_CORE","doc":"Sqoop import of DEALER_HIERARCHY","fields":[{"name":"File_Name","type":["string","null"],"columnName":"File_Name"},{"name":"GEN_ID","type":["string","null"],"columnName":"GEN_ID"},{"name":"DMS_SYSTEM","type":["string","null"],"columnName":"DMS_SYSTEM"},{"name":"DMS_VERSION","type":["string","null"],"columnName":"DMS_VERSION"},{"name":"TRANSMIT_TS","type":["string","null"],"columnName":"TRANSMIT_TS"},{"name":"ORIG_TRANSMIT_TS","type":["string","null"],"columnName":"TRANSMIT_TS"},{"name":"TRANSMIT_BY","type":["string","null"],"columnName":"TRANSMIT_BY"},{"name":"RECORD_STATUS","type":["string","null"],"columnName":"RECORD_STATUS"},{"name":"DEALER_UPDT_IND","type":["string","null"],"columnName":"DEALER_UPDT_IND","sqlType":"1"},{"name":"STORE_NUMBER","type":["string","null"],"columnName":"STORE_NUMBER"},{"name":"PART_TYPE","type":["string","null"],"columnName":"PART_TYPE"},{"name":"STORE_NAME","type":["string","null"],"columnName":"STORE_NAME"},{"name":"INVENTORY_STORE_NUMBER","type":["string","null"],"columnName":"INVENTORY_STORE_NUMBER"},{"name":"CAT_EMRG_DEALER_CODE","type":["string","null"],"columnName":"CAT_EMRG_DEALER_CODE"},{"name":"CAT_STOCK_DEALER_CODE","type":["string","null"],"columnName":"CAT_STOCK_DEALER_CODE"},{"name":"STOCK_REPLEN_STORE_NUMBER","type":["string","null"],"columnName":"STOCK_REPLEN_STORE_NUMBER"},{"name":"STOCK_REPLEN_LEAD_TIME","type":["string","null"],"columnName":"STOCK_REPLEN_LEAD_TIME"},{"name":"LST_UPDT_TS","type":["string","null"],"columnName":"LST_UPDT_TS"},{"name":"ORIG_LST_UPDT_TS","type":["string","null"],"columnName":"ORIG_LST_UPDT_TS"},{"name":"LST_UPDT_BY_ID","type":["string","null"],"columnName":"LST_UPDT_BY_ID"},{"name":"FILE_INS_TS","type":["string","null"],"columnName":"FILE_INS_TS"},{"name":"ORIG_FILE_INS_TS","type":["string","null"],"columnName":"ORIG_FILE_INS_TS"},{"name":"EXP_STOCK_PLAN_LEAD_TIME","type":["string","null"],"columnName":"EXP_STOCK_PLAN_LEAD_TIME"}],"tableName":"DEALER_HIERARCHY_CORE"}
15/09/06 13:13:46 INFO metastore.HiveMetaStore: 0: get_partitions_with_auth : db=ddsw_dev tbl=dealer_hierarchy_core
15/09/06 13:13:46 INFO HiveMetaStore.audit: ugi=hpatel	ip=unknown-ip-addr	cmd=get_partitions_with_auth : db=ddsw_dev tbl=dealer_hierarchy_core	
15/09/06 13:13:46 INFO log.PerfLogger: </PERFLOG method=runTasks start=1441563226336 end=1441563226386 duration=50 from=org.apache.hadoop.hive.ql.Driver>
15/09/06 13:13:46 INFO log.PerfLogger: </PERFLOG method=Driver.execute start=1441563226336 end=1441563226386 duration=50 from=org.apache.hadoop.hive.ql.Driver>
OK
15/09/06 13:13:46 INFO ql.Driver: OK
15/09/06 13:13:46 INFO log.PerfLogger: <PERFLOG method=releaseLocks from=org.apache.hadoop.hive.ql.Driver>
15/09/06 13:13:46 INFO log.PerfLogger: </PERFLOG method=releaseLocks start=1441563226387 end=1441563226387 duration=0 from=org.apache.hadoop.hive.ql.Driver>
15/09/06 13:13:46 INFO log.PerfLogger: </PERFLOG method=Driver.run start=1441563226329 end=1441563226387 duration=58 from=org.apache.hadoop.hive.ql.Driver>
15/09/06 13:13:46 INFO service.HiveServer: Running the query: MSCK REPAIR TABLE dealer_hierarchy_temp_data
15/09/06 13:13:46 INFO log.PerfLogger: <PERFLOG method=Driver.run from=org.apache.hadoop.hive.ql.Driver>
15/09/06 13:13:46 INFO log.PerfLogger: <PERFLOG method=TimeToSubmit from=org.apache.hadoop.hive.ql.Driver>
15/09/06 13:13:46 INFO ql.Driver: Concurrency mode is disabled, not creating a lock manager
15/09/06 13:13:46 INFO log.PerfLogger: <PERFLOG method=compile from=org.apache.hadoop.hive.ql.Driver>
15/09/06 13:13:46 INFO log.PerfLogger: <PERFLOG method=parse from=org.apache.hadoop.hive.ql.Driver>
15/09/06 13:13:46 INFO parse.ParseDriver: Parsing command: MSCK REPAIR TABLE dealer_hierarchy_temp_data
15/09/06 13:13:46 INFO parse.ParseDriver: Parse Completed
15/09/06 13:13:46 INFO log.PerfLogger: </PERFLOG method=parse start=1441563226388 end=1441563226388 duration=0 from=org.apache.hadoop.hive.ql.Driver>
15/09/06 13:13:46 INFO log.PerfLogger: <PERFLOG method=semanticAnalyze from=org.apache.hadoop.hive.ql.Driver>
15/09/06 13:13:46 INFO ql.Driver: Semantic Analysis Completed
15/09/06 13:13:46 INFO log.PerfLogger: </PERFLOG method=semanticAnalyze start=1441563226388 end=1441563226394 duration=6 from=org.apache.hadoop.hive.ql.Driver>
15/09/06 13:13:46 INFO ql.Driver: Returning Hive schema: Schema(fieldSchemas:null, properties:null)
15/09/06 13:13:46 INFO log.PerfLogger: </PERFLOG method=compile start=1441563226388 end=1441563226394 duration=6 from=org.apache.hadoop.hive.ql.Driver>
15/09/06 13:13:46 INFO log.PerfLogger: <PERFLOG method=Driver.execute from=org.apache.hadoop.hive.ql.Driver>
15/09/06 13:13:46 INFO ql.Driver: Starting command: MSCK REPAIR TABLE dealer_hierarchy_temp_data
15/09/06 13:13:46 INFO log.PerfLogger: </PERFLOG method=TimeToSubmit start=1441563226388 end=1441563226394 duration=6 from=org.apache.hadoop.hive.ql.Driver>
15/09/06 13:13:46 INFO log.PerfLogger: <PERFLOG method=runTasks from=org.apache.hadoop.hive.ql.Driver>
15/09/06 13:13:46 INFO log.PerfLogger: <PERFLOG method=task.DDL.Stage-0 from=org.apache.hadoop.hive.ql.Driver>
15/09/06 13:13:46 INFO metastore.HiveMetaStore: 0: get_table : db=ddsw_dev tbl=dealer_hierarchy_temp_data
15/09/06 13:13:46 INFO HiveMetaStore.audit: ugi=hpatel	ip=unknown-ip-addr	cmd=get_table : db=ddsw_dev tbl=dealer_hierarchy_temp_data	
15/09/06 13:13:46 INFO metastore.HiveMetaStore: 0: get_partitions_with_auth : db=ddsw_dev tbl=dealer_hierarchy_temp_data
15/09/06 13:13:46 INFO HiveMetaStore.audit: ugi=hpatel	ip=unknown-ip-addr	cmd=get_partitions_with_auth : db=ddsw_dev tbl=dealer_hierarchy_temp_data	
15/09/06 13:13:46 INFO metastore.HiveMetaStore: 0: get_table : db=ddsw_dev tbl=dealer_hierarchy_temp_data
15/09/06 13:13:46 INFO HiveMetaStore.audit: ugi=hpatel	ip=unknown-ip-addr	cmd=get_table : db=ddsw_dev tbl=dealer_hierarchy_temp_data	
15/09/06 13:13:46 INFO metastore.HiveMetaStore: 0: get_table : db=ddsw_dev tbl=dealer_hierarchy_temp_data
15/09/06 13:13:46 INFO HiveMetaStore.audit: ugi=hpatel	ip=unknown-ip-addr	cmd=get_table : db=ddsw_dev tbl=dealer_hierarchy_temp_data	
15/09/06 13:13:46 INFO metastore.HiveMetaStore: 0: add_partitions
15/09/06 13:13:46 INFO HiveMetaStore.audit: ugi=hpatel	ip=unknown-ip-addr	cmd=add_partitions	
15/09/06 13:13:46 INFO log.PerfLogger: </PERFLOG method=runTasks start=1441563226394 end=1441563226488 duration=94 from=org.apache.hadoop.hive.ql.Driver>
15/09/06 13:13:46 INFO log.PerfLogger: </PERFLOG method=Driver.execute start=1441563226394 end=1441563226488 duration=94 from=org.apache.hadoop.hive.ql.Driver>
OK
15/09/06 13:13:46 INFO ql.Driver: OK
15/09/06 13:13:46 INFO log.PerfLogger: <PERFLOG method=releaseLocks from=org.apache.hadoop.hive.ql.Driver>
15/09/06 13:13:46 INFO log.PerfLogger: </PERFLOG method=releaseLocks start=1441563226488 end=1441563226488 duration=0 from=org.apache.hadoop.hive.ql.Driver>
15/09/06 13:13:46 INFO log.PerfLogger: </PERFLOG method=Driver.run start=1441563226388 end=1441563226488 duration=100 from=org.apache.hadoop.hive.ql.Driver>
15/09/06 13:13:46 INFO service.HiveServer: Running the query: 
INSERT INTO TABLE DEALER_HIERARCHY_CORE
  PARTITION (DEALER_CODE)
  SELECT
    dh.FILE_NAME,
    dh.GEN_ID,
    dh.DMS_SYSTEM,
    dh.DMS_VERSION,
    custom_utc_timestamp(format_mr_timestamp(dh.TRANSMIT_TS)) AS TRANSMIT_TS,
    format_mr_timestamp(dh.ORIG_TRANSMIT_TS) AS ORIG_TRANSMIT_TS,
    dh.TRANSMIT_BY,
    dh.RECORD_STATUS,
    dh.DEALER_UPDT_IND,
    trim(dh.STORE_NUMBER) as STORE_NUMBER,
    trim(dh.PART_TYPE) as PART_TYPE,
    dh.STORE_NAME,
    dh.INVENTORY_STORE_NUMBER,
    trim(dh.CAT_EMRG_DEALER_CODE) as CAT_EMRG_DEALER_CODE,
    trim(dh.CAT_STOCK_DEALER_CODE) as CAT_STOCK_DEALER_CODE,
    trim(dh.STOCK_REPLEN_STORE_NUMBER) as STOCK_REPLEN_STORE_NUMBER,
    dh.STOCK_REPLEN_LEAD_TIME,
    dh.LST_UPDT_TS,
    dh.ORIG_LST_UPDT_TS,
    dh.LST_UPDT_BY_ID,
    dh.file_ins_ts,
    dh.ORIG_file_ins_TS,
    dh.EXP_STOCK_PLAN_LEAD_TIME,
    trim(dh.DEALER_CODE) as DEALER_CODE
  FROM
    dealer_hierarchy_temp_data dh

15/09/06 13:13:46 INFO log.PerfLogger: <PERFLOG method=Driver.run from=org.apache.hadoop.hive.ql.Driver>
15/09/06 13:13:46 INFO log.PerfLogger: <PERFLOG method=TimeToSubmit from=org.apache.hadoop.hive.ql.Driver>
15/09/06 13:13:46 INFO ql.Driver: Concurrency mode is disabled, not creating a lock manager
15/09/06 13:13:46 INFO log.PerfLogger: <PERFLOG method=compile from=org.apache.hadoop.hive.ql.Driver>
15/09/06 13:13:46 INFO log.PerfLogger: <PERFLOG method=parse from=org.apache.hadoop.hive.ql.Driver>
15/09/06 13:13:46 INFO parse.ParseDriver: Parsing command: 
INSERT INTO TABLE DEALER_HIERARCHY_CORE
  PARTITION (DEALER_CODE)
  SELECT
    dh.FILE_NAME,
    dh.GEN_ID,
    dh.DMS_SYSTEM,
    dh.DMS_VERSION,
    custom_utc_timestamp(format_mr_timestamp(dh.TRANSMIT_TS)) AS TRANSMIT_TS,
    format_mr_timestamp(dh.ORIG_TRANSMIT_TS) AS ORIG_TRANSMIT_TS,
    dh.TRANSMIT_BY,
    dh.RECORD_STATUS,
    dh.DEALER_UPDT_IND,
    trim(dh.STORE_NUMBER) as STORE_NUMBER,
    trim(dh.PART_TYPE) as PART_TYPE,
    dh.STORE_NAME,
    dh.INVENTORY_STORE_NUMBER,
    trim(dh.CAT_EMRG_DEALER_CODE) as CAT_EMRG_DEALER_CODE,
    trim(dh.CAT_STOCK_DEALER_CODE) as CAT_STOCK_DEALER_CODE,
    trim(dh.STOCK_REPLEN_STORE_NUMBER) as STOCK_REPLEN_STORE_NUMBER,
    dh.STOCK_REPLEN_LEAD_TIME,
    dh.LST_UPDT_TS,
    dh.ORIG_LST_UPDT_TS,
    dh.LST_UPDT_BY_ID,
    dh.file_ins_ts,
    dh.ORIG_file_ins_TS,
    dh.EXP_STOCK_PLAN_LEAD_TIME,
    trim(dh.DEALER_CODE) as DEALER_CODE
  FROM
    dealer_hierarchy_temp_data dh

15/09/06 13:13:46 INFO parse.ParseDriver: Parse Completed
15/09/06 13:13:46 INFO log.PerfLogger: </PERFLOG method=parse start=1441563226491 end=1441563226497 duration=6 from=org.apache.hadoop.hive.ql.Driver>
15/09/06 13:13:46 INFO log.PerfLogger: <PERFLOG method=semanticAnalyze from=org.apache.hadoop.hive.ql.Driver>
15/09/06 13:13:46 INFO parse.SemanticAnalyzer: Starting Semantic Analysis
15/09/06 13:13:46 INFO parse.SemanticAnalyzer: Completed phase 1 of Semantic Analysis
15/09/06 13:13:46 INFO parse.SemanticAnalyzer: Get metadata for source tables
15/09/06 13:13:46 INFO metastore.HiveMetaStore: 0: get_table : db=ddsw_dev tbl=dealer_hierarchy_temp_data
15/09/06 13:13:46 INFO HiveMetaStore.audit: ugi=hpatel	ip=unknown-ip-addr	cmd=get_table : db=ddsw_dev tbl=dealer_hierarchy_temp_data	
15/09/06 13:13:46 INFO parse.SemanticAnalyzer: Get metadata for subqueries
15/09/06 13:13:46 INFO parse.SemanticAnalyzer: Get metadata for destination tables
15/09/06 13:13:46 INFO metastore.HiveMetaStore: 0: get_table : db=ddsw_dev tbl=DEALER_HIERARCHY_CORE
15/09/06 13:13:46 INFO HiveMetaStore.audit: ugi=hpatel	ip=unknown-ip-addr	cmd=get_table : db=ddsw_dev tbl=DEALER_HIERARCHY_CORE	
15/09/06 13:13:46 INFO avro.AvroSerDe: Avro schema is {"type":"record","name":"DEALER_HIERARCHY_CORE","doc":"Sqoop import of DEALER_HIERARCHY","fields":[{"name":"File_Name","type":["string","null"],"columnName":"File_Name"},{"name":"GEN_ID","type":["string","null"],"columnName":"GEN_ID"},{"name":"DMS_SYSTEM","type":["string","null"],"columnName":"DMS_SYSTEM"},{"name":"DMS_VERSION","type":["string","null"],"columnName":"DMS_VERSION"},{"name":"TRANSMIT_TS","type":["string","null"],"columnName":"TRANSMIT_TS"},{"name":"ORIG_TRANSMIT_TS","type":["string","null"],"columnName":"TRANSMIT_TS"},{"name":"TRANSMIT_BY","type":["string","null"],"columnName":"TRANSMIT_BY"},{"name":"RECORD_STATUS","type":["string","null"],"columnName":"RECORD_STATUS"},{"name":"DEALER_UPDT_IND","type":["string","null"],"columnName":"DEALER_UPDT_IND","sqlType":"1"},{"name":"STORE_NUMBER","type":["string","null"],"columnName":"STORE_NUMBER"},{"name":"PART_TYPE","type":["string","null"],"columnName":"PART_TYPE"},{"name":"STORE_NAME","type":["string","null"],"columnName":"STORE_NAME"},{"name":"INVENTORY_STORE_NUMBER","type":["string","null"],"columnName":"INVENTORY_STORE_NUMBER"},{"name":"CAT_EMRG_DEALER_CODE","type":["string","null"],"columnName":"CAT_EMRG_DEALER_CODE"},{"name":"CAT_STOCK_DEALER_CODE","type":["string","null"],"columnName":"CAT_STOCK_DEALER_CODE"},{"name":"STOCK_REPLEN_STORE_NUMBER","type":["string","null"],"columnName":"STOCK_REPLEN_STORE_NUMBER"},{"name":"STOCK_REPLEN_LEAD_TIME","type":["string","null"],"columnName":"STOCK_REPLEN_LEAD_TIME"},{"name":"LST_UPDT_TS","type":["string","null"],"columnName":"LST_UPDT_TS"},{"name":"ORIG_LST_UPDT_TS","type":["string","null"],"columnName":"ORIG_LST_UPDT_TS"},{"name":"LST_UPDT_BY_ID","type":["string","null"],"columnName":"LST_UPDT_BY_ID"},{"name":"FILE_INS_TS","type":["string","null"],"columnName":"FILE_INS_TS"},{"name":"ORIG_FILE_INS_TS","type":["string","null"],"columnName":"ORIG_FILE_INS_TS"},{"name":"EXP_STOCK_PLAN_LEAD_TIME","type":["string","null"],"columnName":"EXP_STOCK_PLAN_LEAD_TIME"}],"tableName":"DEALER_HIERARCHY_CORE"}
15/09/06 13:13:46 INFO avro.AvroSerDe: Avro schema is {"type":"record","name":"DEALER_HIERARCHY_CORE","doc":"Sqoop import of DEALER_HIERARCHY","fields":[{"name":"File_Name","type":["string","null"],"columnName":"File_Name"},{"name":"GEN_ID","type":["string","null"],"columnName":"GEN_ID"},{"name":"DMS_SYSTEM","type":["string","null"],"columnName":"DMS_SYSTEM"},{"name":"DMS_VERSION","type":["string","null"],"columnName":"DMS_VERSION"},{"name":"TRANSMIT_TS","type":["string","null"],"columnName":"TRANSMIT_TS"},{"name":"ORIG_TRANSMIT_TS","type":["string","null"],"columnName":"TRANSMIT_TS"},{"name":"TRANSMIT_BY","type":["string","null"],"columnName":"TRANSMIT_BY"},{"name":"RECORD_STATUS","type":["string","null"],"columnName":"RECORD_STATUS"},{"name":"DEALER_UPDT_IND","type":["string","null"],"columnName":"DEALER_UPDT_IND","sqlType":"1"},{"name":"STORE_NUMBER","type":["string","null"],"columnName":"STORE_NUMBER"},{"name":"PART_TYPE","type":["string","null"],"columnName":"PART_TYPE"},{"name":"STORE_NAME","type":["string","null"],"columnName":"STORE_NAME"},{"name":"INVENTORY_STORE_NUMBER","type":["string","null"],"columnName":"INVENTORY_STORE_NUMBER"},{"name":"CAT_EMRG_DEALER_CODE","type":["string","null"],"columnName":"CAT_EMRG_DEALER_CODE"},{"name":"CAT_STOCK_DEALER_CODE","type":["string","null"],"columnName":"CAT_STOCK_DEALER_CODE"},{"name":"STOCK_REPLEN_STORE_NUMBER","type":["string","null"],"columnName":"STOCK_REPLEN_STORE_NUMBER"},{"name":"STOCK_REPLEN_LEAD_TIME","type":["string","null"],"columnName":"STOCK_REPLEN_LEAD_TIME"},{"name":"LST_UPDT_TS","type":["string","null"],"columnName":"LST_UPDT_TS"},{"name":"ORIG_LST_UPDT_TS","type":["string","null"],"columnName":"ORIG_LST_UPDT_TS"},{"name":"LST_UPDT_BY_ID","type":["string","null"],"columnName":"LST_UPDT_BY_ID"},{"name":"FILE_INS_TS","type":["string","null"],"columnName":"FILE_INS_TS"},{"name":"ORIG_FILE_INS_TS","type":["string","null"],"columnName":"ORIG_FILE_INS_TS"},{"name":"EXP_STOCK_PLAN_LEAD_TIME","type":["string","null"],"columnName":"EXP_STOCK_PLAN_LEAD_TIME"}],"tableName":"DEALER_HIERARCHY_CORE"}
15/09/06 13:13:46 WARN parse.BaseSemanticAnalyzer: Dynamic partitioning is used; only validating 0 columns
15/09/06 13:13:46 INFO parse.SemanticAnalyzer: Completed getting MetaData in Semantic Analysis
15/09/06 13:13:46 INFO common.FileUtils: Creating directory if it doesn't exist: file:/var/folders/y7/4_pz5fzx54ngcmghz3v6t3m00000gn/T/junit4238406739563525852/hadooptmp/dealer_hierarchy/core_data/.hive-staging_hive_2015-09-06_13-13-46_491_2032626539389725749-1
15/09/06 13:13:46 INFO avro.AvroSerDe: Avro schema is {"type":"record","name":"DEALER_HIERARCHY_CORE","doc":"Sqoop import of DEALER_HIERARCHY","fields":[{"name":"File_Name","type":["string","null"],"columnName":"File_Name"},{"name":"GEN_ID","type":["string","null"],"columnName":"GEN_ID"},{"name":"DMS_SYSTEM","type":["string","null"],"columnName":"DMS_SYSTEM"},{"name":"DMS_VERSION","type":["string","null"],"columnName":"DMS_VERSION"},{"name":"TRANSMIT_TS","type":["string","null"],"columnName":"TRANSMIT_TS"},{"name":"ORIG_TRANSMIT_TS","type":["string","null"],"columnName":"TRANSMIT_TS"},{"name":"TRANSMIT_BY","type":["string","null"],"columnName":"TRANSMIT_BY"},{"name":"RECORD_STATUS","type":["string","null"],"columnName":"RECORD_STATUS"},{"name":"DEALER_UPDT_IND","type":["string","null"],"columnName":"DEALER_UPDT_IND","sqlType":"1"},{"name":"STORE_NUMBER","type":["string","null"],"columnName":"STORE_NUMBER"},{"name":"PART_TYPE","type":["string","null"],"columnName":"PART_TYPE"},{"name":"STORE_NAME","type":["string","null"],"columnName":"STORE_NAME"},{"name":"INVENTORY_STORE_NUMBER","type":["string","null"],"columnName":"INVENTORY_STORE_NUMBER"},{"name":"CAT_EMRG_DEALER_CODE","type":["string","null"],"columnName":"CAT_EMRG_DEALER_CODE"},{"name":"CAT_STOCK_DEALER_CODE","type":["string","null"],"columnName":"CAT_STOCK_DEALER_CODE"},{"name":"STOCK_REPLEN_STORE_NUMBER","type":["string","null"],"columnName":"STOCK_REPLEN_STORE_NUMBER"},{"name":"STOCK_REPLEN_LEAD_TIME","type":["string","null"],"columnName":"STOCK_REPLEN_LEAD_TIME"},{"name":"LST_UPDT_TS","type":["string","null"],"columnName":"LST_UPDT_TS"},{"name":"ORIG_LST_UPDT_TS","type":["string","null"],"columnName":"ORIG_LST_UPDT_TS"},{"name":"LST_UPDT_BY_ID","type":["string","null"],"columnName":"LST_UPDT_BY_ID"},{"name":"FILE_INS_TS","type":["string","null"],"columnName":"FILE_INS_TS"},{"name":"ORIG_FILE_INS_TS","type":["string","null"],"columnName":"ORIG_FILE_INS_TS"},{"name":"EXP_STOCK_PLAN_LEAD_TIME","type":["string","null"],"columnName":"EXP_STOCK_PLAN_LEAD_TIME"}],"tableName":"DEALER_HIERARCHY_CORE"}
15/09/06 13:13:46 INFO avro.AvroSerDe: Avro schema is {"type":"record","name":"DEALER_HIERARCHY_CORE","doc":"Sqoop import of DEALER_HIERARCHY","fields":[{"name":"File_Name","type":["string","null"],"columnName":"File_Name"},{"name":"GEN_ID","type":["string","null"],"columnName":"GEN_ID"},{"name":"DMS_SYSTEM","type":["string","null"],"columnName":"DMS_SYSTEM"},{"name":"DMS_VERSION","type":["string","null"],"columnName":"DMS_VERSION"},{"name":"TRANSMIT_TS","type":["string","null"],"columnName":"TRANSMIT_TS"},{"name":"ORIG_TRANSMIT_TS","type":["string","null"],"columnName":"TRANSMIT_TS"},{"name":"TRANSMIT_BY","type":["string","null"],"columnName":"TRANSMIT_BY"},{"name":"RECORD_STATUS","type":["string","null"],"columnName":"RECORD_STATUS"},{"name":"DEALER_UPDT_IND","type":["string","null"],"columnName":"DEALER_UPDT_IND","sqlType":"1"},{"name":"STORE_NUMBER","type":["string","null"],"columnName":"STORE_NUMBER"},{"name":"PART_TYPE","type":["string","null"],"columnName":"PART_TYPE"},{"name":"STORE_NAME","type":["string","null"],"columnName":"STORE_NAME"},{"name":"INVENTORY_STORE_NUMBER","type":["string","null"],"columnName":"INVENTORY_STORE_NUMBER"},{"name":"CAT_EMRG_DEALER_CODE","type":["string","null"],"columnName":"CAT_EMRG_DEALER_CODE"},{"name":"CAT_STOCK_DEALER_CODE","type":["string","null"],"columnName":"CAT_STOCK_DEALER_CODE"},{"name":"STOCK_REPLEN_STORE_NUMBER","type":["string","null"],"columnName":"STOCK_REPLEN_STORE_NUMBER"},{"name":"STOCK_REPLEN_LEAD_TIME","type":["string","null"],"columnName":"STOCK_REPLEN_LEAD_TIME"},{"name":"LST_UPDT_TS","type":["string","null"],"columnName":"LST_UPDT_TS"},{"name":"ORIG_LST_UPDT_TS","type":["string","null"],"columnName":"ORIG_LST_UPDT_TS"},{"name":"LST_UPDT_BY_ID","type":["string","null"],"columnName":"LST_UPDT_BY_ID"},{"name":"FILE_INS_TS","type":["string","null"],"columnName":"FILE_INS_TS"},{"name":"ORIG_FILE_INS_TS","type":["string","null"],"columnName":"ORIG_FILE_INS_TS"},{"name":"EXP_STOCK_PLAN_LEAD_TIME","type":["string","null"],"columnName":"EXP_STOCK_PLAN_LEAD_TIME"}],"tableName":"DEALER_HIERARCHY_CORE"}
15/09/06 13:13:46 INFO avro.AvroSerDe: Configuration null, not inserting schema
15/09/06 13:13:46 INFO parse.SemanticAnalyzer: Set stats collection dir : file:/var/folders/y7/4_pz5fzx54ngcmghz3v6t3m00000gn/T/junit4238406739563525852/hadooptmp/dealer_hierarchy/core_data/.hive-staging_hive_2015-09-06_13-13-46_491_2032626539389725749-1/-ext-10001
15/09/06 13:13:46 INFO ppd.OpProcFactory: Processing for FS(15)
15/09/06 13:13:46 INFO ppd.OpProcFactory: Processing for SEL(14)
15/09/06 13:13:46 INFO ppd.OpProcFactory: Processing for TS(13)
15/09/06 13:13:46 INFO optimizer.SortedDynPartitionOptimizer: Sorted dynamic partitioning optimization kicked in..
15/09/06 13:13:46 INFO optimizer.SortedDynPartitionOptimizer: Inserted RS_16 and EX_17 as parent of FS_15 and child of SEL_14
15/09/06 13:13:46 INFO log.PerfLogger: <PERFLOG method=partition-retrieving from=org.apache.hadoop.hive.ql.optimizer.ppr.PartitionPruner>
15/09/06 13:13:46 INFO metastore.HiveMetaStore: 0: get_partitions : db=ddsw_dev tbl=dealer_hierarchy_temp_data
15/09/06 13:13:46 INFO HiveMetaStore.audit: ugi=hpatel	ip=unknown-ip-addr	cmd=get_partitions : db=ddsw_dev tbl=dealer_hierarchy_temp_data	
15/09/06 13:13:46 INFO log.PerfLogger: </PERFLOG method=partition-retrieving start=1441563226604 end=1441563226610 duration=6 from=org.apache.hadoop.hive.ql.optimizer.ppr.PartitionPruner>
15/09/06 13:13:46 INFO parse.SemanticAnalyzer: Completed plan generation
15/09/06 13:13:46 INFO ql.Driver: Semantic Analysis Completed
15/09/06 13:13:46 INFO log.PerfLogger: </PERFLOG method=semanticAnalyze start=1441563226497 end=1441563226611 duration=114 from=org.apache.hadoop.hive.ql.Driver>
15/09/06 13:13:46 INFO ql.Driver: Returning Hive schema: Schema(fieldSchemas:[FieldSchema(name:dh.file_name, type:string, comment:null), FieldSchema(name:dh.gen_id, type:string, comment:null), FieldSchema(name:dh.dms_system, type:string, comment:null), FieldSchema(name:dh.dms_version, type:string, comment:null), FieldSchema(name:transmit_ts, type:string, comment:null), FieldSchema(name:orig_transmit_ts, type:string, comment:null), FieldSchema(name:dh.transmit_by, type:string, comment:null), FieldSchema(name:dh.record_status, type:string, comment:null), FieldSchema(name:dh.dealer_updt_ind, type:string, comment:null), FieldSchema(name:store_number, type:string, comment:null), FieldSchema(name:part_type, type:string, comment:null), FieldSchema(name:dh.store_name, type:string, comment:null), FieldSchema(name:dh.inventory_store_number, type:string, comment:null), FieldSchema(name:cat_emrg_dealer_code, type:string, comment:null), FieldSchema(name:cat_stock_dealer_code, type:string, comment:null), FieldSchema(name:stock_replen_store_number, type:string, comment:null), FieldSchema(name:dh.stock_replen_lead_time, type:string, comment:null), FieldSchema(name:dh.lst_updt_ts, type:string, comment:null), FieldSchema(name:dh.orig_lst_updt_ts, type:string, comment:null), FieldSchema(name:dh.lst_updt_by_id, type:string, comment:null), FieldSchema(name:dh.file_ins_ts, type:string, comment:null), FieldSchema(name:dh.orig_file_ins_ts, type:string, comment:null), FieldSchema(name:dh.exp_stock_plan_lead_time, type:string, comment:null), FieldSchema(name:dealer_code, type:string, comment:null)], properties:null)
15/09/06 13:13:46 INFO log.PerfLogger: </PERFLOG method=compile start=1441563226491 end=1441563226612 duration=121 from=org.apache.hadoop.hive.ql.Driver>
15/09/06 13:13:46 INFO log.PerfLogger: <PERFLOG method=Driver.execute from=org.apache.hadoop.hive.ql.Driver>
15/09/06 13:13:46 INFO ql.Driver: Starting command: 
INSERT INTO TABLE DEALER_HIERARCHY_CORE
  PARTITION (DEALER_CODE)
  SELECT
    dh.FILE_NAME,
    dh.GEN_ID,
    dh.DMS_SYSTEM,
    dh.DMS_VERSION,
    custom_utc_timestamp(format_mr_timestamp(dh.TRANSMIT_TS)) AS TRANSMIT_TS,
    format_mr_timestamp(dh.ORIG_TRANSMIT_TS) AS ORIG_TRANSMIT_TS,
    dh.TRANSMIT_BY,
    dh.RECORD_STATUS,
    dh.DEALER_UPDT_IND,
    trim(dh.STORE_NUMBER) as STORE_NUMBER,
    trim(dh.PART_TYPE) as PART_TYPE,
    dh.STORE_NAME,
    dh.INVENTORY_STORE_NUMBER,
    trim(dh.CAT_EMRG_DEALER_CODE) as CAT_EMRG_DEALER_CODE,
    trim(dh.CAT_STOCK_DEALER_CODE) as CAT_STOCK_DEALER_CODE,
    trim(dh.STOCK_REPLEN_STORE_NUMBER) as STOCK_REPLEN_STORE_NUMBER,
    dh.STOCK_REPLEN_LEAD_TIME,
    dh.LST_UPDT_TS,
    dh.ORIG_LST_UPDT_TS,
    dh.LST_UPDT_BY_ID,
    dh.file_ins_ts,
    dh.ORIG_file_ins_TS,
    dh.EXP_STOCK_PLAN_LEAD_TIME,
    trim(dh.DEALER_CODE) as DEALER_CODE
  FROM
    dealer_hierarchy_temp_data dh

Total jobs = 1
15/09/06 13:13:46 INFO ql.Driver: Total jobs = 1
15/09/06 13:13:46 INFO log.PerfLogger: </PERFLOG method=TimeToSubmit start=1441563226491 end=1441563226612 duration=121 from=org.apache.hadoop.hive.ql.Driver>
15/09/06 13:13:46 INFO log.PerfLogger: <PERFLOG method=runTasks from=org.apache.hadoop.hive.ql.Driver>
15/09/06 13:13:46 INFO log.PerfLogger: <PERFLOG method=task.MAPRED.Stage-1 from=org.apache.hadoop.hive.ql.Driver>
Launching Job 1 out of 1
15/09/06 13:13:46 INFO ql.Driver: Launching Job 1 out of 1
Number of reduce tasks not specified. Defaulting to jobconf value of: 1
15/09/06 13:13:46 INFO exec.Task: Number of reduce tasks not specified. Defaulting to jobconf value of: 1
In order to change the average load for a reducer (in bytes):
15/09/06 13:13:46 INFO exec.Task: In order to change the average load for a reducer (in bytes):
  set hive.exec.reducers.bytes.per.reducer=<number>
15/09/06 13:13:46 INFO exec.Task:   set hive.exec.reducers.bytes.per.reducer=<number>
In order to limit the maximum number of reducers:
15/09/06 13:13:46 INFO exec.Task: In order to limit the maximum number of reducers:
  set hive.exec.reducers.max=<number>
15/09/06 13:13:46 INFO exec.Task:   set hive.exec.reducers.max=<number>
In order to set a constant number of reducers:
15/09/06 13:13:46 INFO exec.Task: In order to set a constant number of reducers:
  set mapreduce.job.reduces=<number>
15/09/06 13:13:46 INFO exec.Task:   set mapreduce.job.reduces=<number>
15/09/06 13:13:46 INFO ql.Context: New scratch dir is file:/var/folders/y7/4_pz5fzx54ngcmghz3v6t3m00000gn/T/junit4238406739563525852/scratchdir/hive_2015-09-06_13-13-46_491_2032626539389725749-1
15/09/06 13:13:46 INFO mr.ExecDriver: Using org.apache.hadoop.hive.ql.io.CombineHiveInputFormat
15/09/06 13:13:46 INFO exec.Utilities: Processing alias dh
15/09/06 13:13:46 INFO exec.Utilities: Adding input file file:/var/folders/y7/4_pz5fzx54ngcmghz3v6t3m00000gn/T/junit4238406739563525852/hadooptmp/dealer_hierarchy/temp_data/dealer_code=AAAA
15/09/06 13:13:46 INFO exec.Utilities: Content Summary not cached for file:/var/folders/y7/4_pz5fzx54ngcmghz3v6t3m00000gn/T/junit4238406739563525852/hadooptmp/dealer_hierarchy/temp_data/dealer_code=AAAA
15/09/06 13:13:46 INFO exec.Utilities: Adding input file file:/var/folders/y7/4_pz5fzx54ngcmghz3v6t3m00000gn/T/junit4238406739563525852/hadooptmp/dealer_hierarchy/temp_data/dealer_code=ZZZZ
15/09/06 13:13:46 INFO exec.Utilities: Content Summary not cached for file:/var/folders/y7/4_pz5fzx54ngcmghz3v6t3m00000gn/T/junit4238406739563525852/hadooptmp/dealer_hierarchy/temp_data/dealer_code=ZZZZ
15/09/06 13:13:46 INFO ql.Context: New scratch dir is file:/var/folders/y7/4_pz5fzx54ngcmghz3v6t3m00000gn/T/junit4238406739563525852/scratchdir/hive_2015-09-06_13-13-46_491_2032626539389725749-1
15/09/06 13:13:46 INFO log.PerfLogger: <PERFLOG method=serializePlan from=org.apache.hadoop.hive.ql.exec.Utilities>
15/09/06 13:13:46 INFO exec.Utilities: Serializing MapWork via kryo
15/09/06 13:13:46 INFO log.PerfLogger: </PERFLOG method=serializePlan start=1441563226621 end=1441563226627 duration=6 from=org.apache.hadoop.hive.ql.exec.Utilities>
15/09/06 13:13:46 INFO exec.Utilities: Setting plan: /var/folders/y7/4_pz5fzx54ngcmghz3v6t3m00000gn/T/junit4238406739563525852/scratchdir/hive_2015-09-06_13-13-46_491_2032626539389725749-1/-mr-10003/5f86d74c-e79b-4855-964d-1dbd57070121/map.xml
15/09/06 13:13:46 INFO log.PerfLogger: <PERFLOG method=serializePlan from=org.apache.hadoop.hive.ql.exec.Utilities>
15/09/06 13:13:46 INFO exec.Utilities: Serializing ReduceWork via kryo
15/09/06 13:13:46 INFO log.PerfLogger: </PERFLOG method=serializePlan start=1441563226628 end=1441563226634 duration=6 from=org.apache.hadoop.hive.ql.exec.Utilities>
15/09/06 13:13:46 INFO exec.Utilities: Setting plan: /var/folders/y7/4_pz5fzx54ngcmghz3v6t3m00000gn/T/junit4238406739563525852/scratchdir/hive_2015-09-06_13-13-46_491_2032626539389725749-1/-mr-10003/5f86d74c-e79b-4855-964d-1dbd57070121/reduce.xml
15/09/06 13:13:46 INFO jvm.JvmMetrics: Cannot initialize JVM Metrics with processName=JobTracker, sessionId= - already initialized
15/09/06 13:13:46 WARN mapred.JobClient: Use GenericOptionsParser for parsing the arguments. Applications should implement Tool for the same.
15/09/06 13:13:46 INFO log.PerfLogger: <PERFLOG method=getSplits from=org.apache.hadoop.hive.ql.io.CombineHiveInputFormat>
15/09/06 13:13:46 INFO io.CombineHiveInputFormat: CombineHiveInputSplit creating pool for file:/var/folders/y7/4_pz5fzx54ngcmghz3v6t3m00000gn/T/junit4238406739563525852/hadooptmp/dealer_hierarchy/temp_data/dealer_code=AAAA; using filter path file:/var/folders/y7/4_pz5fzx54ngcmghz3v6t3m00000gn/T/junit4238406739563525852/hadooptmp/dealer_hierarchy/temp_data/dealer_code=AAAA
15/09/06 13:13:46 INFO io.CombineHiveInputFormat: CombineHiveInputSplit: pool is already created for file:/var/folders/y7/4_pz5fzx54ngcmghz3v6t3m00000gn/T/junit4238406739563525852/hadooptmp/dealer_hierarchy/temp_data/dealer_code=ZZZZ; using filter path file:/var/folders/y7/4_pz5fzx54ngcmghz3v6t3m00000gn/T/junit4238406739563525852/hadooptmp/dealer_hierarchy/temp_data/dealer_code=ZZZZ
15/09/06 13:13:46 INFO mapred.FileInputFormat: Total input paths to process : 2
15/09/06 13:13:46 INFO io.CombineHiveInputFormat: number of splits 1
15/09/06 13:13:46 INFO log.PerfLogger: </PERFLOG method=getSplits start=1441563226789 end=1441563226793 duration=4 from=org.apache.hadoop.hive.ql.io.CombineHiveInputFormat>
Starting Job = job_local805319995_0002, Tracking URL = http://localhost:8080/
15/09/06 13:13:46 INFO mapred.LocalJobRunner: OutputCommitter set in config org.apache.hadoop.hive.shims.HadoopShimsSecure$NullOutputCommitter
15/09/06 13:13:46 INFO exec.Task: Starting Job = job_local805319995_0002, Tracking URL = http://localhost:8080/
Kill Command = NO_BIN! job  -kill job_local805319995_000215/09/06 13:13:46 INFO mapred.LocalJobRunner: OutputCommitter is org.apache.hadoop.hive.shims.HadoopShimsSecure$NullOutputCommitter

15/09/06 13:13:46 INFO exec.Task: Kill Command = NO_BIN! job  -kill job_local805319995_0002
15/09/06 13:13:46 INFO mapred.LocalJobRunner: Waiting for map tasks
15/09/06 13:13:46 INFO mapred.LocalJobRunner: Starting task: attempt_local805319995_0002_m_000000_0
15/09/06 13:13:46 WARN mapreduce.Counters: Group org.apache.hadoop.mapred.Task$Counter is deprecated. Use org.apache.hadoop.mapreduce.TaskCounter instead
Hadoop job information for Stage-1: number of mappers: 0; number of reducers: 0
15/09/06 13:13:46 INFO exec.Task: Hadoop job information for Stage-1: number of mappers: 0; number of reducers: 0
15/09/06 13:13:46 WARN mapreduce.Counters: Group org.apache.hadoop.mapred.Task$Counter is deprecated. Use org.apache.hadoop.mapreduce.TaskCounter instead
2015-09-06 13:13:46,859 Stage-1 map = 0%,  reduce = 0%
15/09/06 13:13:46 INFO exec.Task: 2015-09-06 13:13:46,859 Stage-1 map = 0%,  reduce = 0%
15/09/06 13:13:46 INFO mapred.Task:  Using ResourceCalculatorPlugin : null
15/09/06 13:13:46 INFO mapred.MapTask: Processing split: Paths:/var/folders/y7/4_pz5fzx54ngcmghz3v6t3m00000gn/T/junit4238406739563525852/hadooptmp/dealer_hierarchy/temp_data/dealer_code=AAAA/temp_data_from_string.csv:0+216,/var/folders/y7/4_pz5fzx54ngcmghz3v6t3m00000gn/T/junit4238406739563525852/hadooptmp/dealer_hierarchy/temp_data/dealer_code=ZZZZ/temp_data_from_file.csv:0+626InputFormatClass: org.apache.hadoop.mapred.TextInputFormat

15/09/06 13:13:46 INFO io.HiveContextAwareRecordReader: Processing file file:/var/folders/y7/4_pz5fzx54ngcmghz3v6t3m00000gn/T/junit4238406739563525852/hadooptmp/dealer_hierarchy/temp_data/dealer_code=AAAA/temp_data_from_string.csv
15/09/06 13:13:46 WARN mapreduce.Counters: Counter name MAP_INPUT_BYTES is deprecated. Use FileInputFormatCounters as group name and  BYTES_READ as counter name instead
15/09/06 13:13:46 INFO mapred.MapTask: numReduceTasks: 1
15/09/06 13:13:46 INFO mapred.MapTask: Map output collector class = org.apache.hadoop.mapred.MapTask$MapOutputBuffer
15/09/06 13:13:46 INFO mapred.MapTask: io.sort.mb = 100
15/09/06 13:13:46 INFO mapred.MapTask: data buffer = 79691776/99614720
15/09/06 13:13:46 INFO mapred.MapTask: record buffer = 262144/327680
15/09/06 13:13:46 INFO mr.ExecMapper: maximum memory = 3817865216
15/09/06 13:13:46 INFO mr.ExecMapper: conf classpath = [file:/Users/hpatel/.gradle/caches/2.1/workerMain/gradle-worker.jar, file:/Users/hpatel/Tech/Projects/CAT/ddsw_dev/hive-test/build/classes/test/, file:/Users/hpatel/Tech/Projects/CAT/ddsw_dev/hive-test/build/resources/test/, file:/Users/hpatel/Tech/Projects/CAT/ddsw_dev/hive-test/build/classes/main/, file:/Users/hpatel/Tech/Projects/CAT/ddsw_dev/hive-test/build/resources/main, file:/Users/hpatel/.gradle/caches/modules-2/files-2.1/junit/junit/4.11/4e031bb61df09069aeb2bffb4019e7a5034a4ee0/junit-4.11.jar, file:/Users/hpatel/.gradle/caches/modules-2/files-2.1/com.klarna/hiverunner/1.0.0/e26bb0655fff4d88fab91f331793d9fc1db392cc/HiveRunner-1.0.0.jar, file:/Users/hpatel/Tech/Projects/CAT/ddsw_dev/custom-cat-udfs/build/libs/custom-cat-udfs-0.1.38-SNAPSHOT.jar, file:/Users/hpatel/.gradle/caches/modules-2/files-2.1/org.apache.hadoop/hadoop-client/2.5.0-cdh5.3.3/ec3cd6a8cb043e73a42918934c5d3a3f2747c78b/hadoop-client-2.5.0-cdh5.3.3.jar, file:/Users/hpatel/.gradle/caches/modules-2/files-2.1/org.hsqldb/hsqldb/2.3.1/bd7153caa30958e1c64a3dd38b93e5a7442d9a0e/hsqldb-2.3.1.jar, file:/Users/hpatel/.gradle/caches/modules-2/files-2.1/org.apache.hadoop/hadoop-core/2.5.0-mr1-cdh5.3.3/f6f4a77f818757da51ae0244310855779c04c4be/hadoop-core-2.5.0-mr1-cdh5.3.3.jar, file:/Users/hpatel/.gradle/caches/modules-2/files-2.1/org.reflections/reflections/0.9.8/f723abb59bf512952bfc503838f70f81487a6993/reflections-0.9.8.jar, file:/Users/hpatel/.gradle/caches/modules-2/files-2.1/org.mockito/mockito-core/1.10.19/e8546f5bef4e061d8dd73895b4e8f40e3fe6effe/mockito-core-1.10.19.jar, file:/Users/hpatel/.gradle/caches/modules-2/files-2.1/org.hamcrest/hamcrest-core/1.3/42a25dc3219429f0e5d060061f71acb49bf010a0/hamcrest-core-1.3.jar, file:/Users/hpatel/.gradle/caches/modules-2/files-2.1/org.pentaho/pentaho-aggdesigner-algorithm/5.1.5-jhyde/c52379c645c6c85300e645dff7c72653bf85baa2/pentaho-aggdesigner-algorithm-5.1.5-jhyde.jar, file:/Users/hpatel/.gradle/caches/modules-2/files-2.1/org.apache.hive/hive-serde/0.13.1-cdh5.3.3/9cee47c844d726e9bcef6ab292e1319b7fbddaa3/hive-serde-0.13.1-cdh5.3.3.jar, file:/Users/hpatel/.gradle/caches/modules-2/files-2.1/org.apache.hadoop/hadoop-common/2.5.0-cdh5.3.3/f0862eb1dc33c1807ea29a248af75551e3c6836a/hadoop-common-2.5.0-cdh5.3.3.jar, file:/Users/hpatel/.gradle/caches/modules-2/files-2.1/org.apache.hive/hive-contrib/0.13.1-cdh5.3.3/bf89b429c9b173ac275dc0c1623f5c30e780ee98/hive-contrib-0.13.1-cdh5.3.3.jar, file:/Users/hpatel/.gradle/caches/modules-2/files-2.1/org.datanucleus/datanucleus-core/3.2.12/3212183bb5a2826cd5ff194b9a54619dd0bdf31f/datanucleus-core-3.2.12.jar, file:/Users/hpatel/.gradle/caches/modules-2/files-2.1/org.datanucleus/datanucleus-rdbms/3.2.11/5b053144c89fdff1505b853aa7f1e5ba7657da75/datanucleus-rdbms-3.2.11.jar, file:/Users/hpatel/.gradle/caches/modules-2/files-2.1/org.datanucleus/datanucleus-api-jdo/3.2.8/efc60221fbc91e95cf5758b98c6c5531660696cb/datanucleus-api-jdo-3.2.8.jar, file:/Users/hpatel/.gradle/caches/modules-2/files-2.1/org.apache.hive/hive-shims/0.13.1-cdh5.3.3/47b029532c0b9d45526dcdd858823e6f9634ab81/hive-shims-0.13.1-cdh5.3.3.jar, file:/Users/hpatel/.gradle/caches/modules-2/files-2.1/org.apache.commons/commons-lang3/3.3.1/6738a2da2202ce360f0af90aba005c1e05a2c4cd/commons-lang3-3.3.1.jar, file:/Users/hpatel/.gradle/caches/modules-2/files-2.1/joda-time/joda-time/2.3/56498efd17752898cfcc3868c1b6211a07b12b8f/joda-time-2.3.jar, file:/Users/hpatel/.gradle/caches/modules-2/files-2.1/org.apache.hadoop/hadoop-hdfs/2.5.0-cdh5.3.3/5dd5e2be13d89a9eaab89d3a33bcdf6677671aa9/hadoop-hdfs-2.5.0-cdh5.3.3.jar, file:/Users/hpatel/.gradle/caches/modules-2/files-2.1/org.apache.hadoop/hadoop-mapreduce-client-app/2.5.0-cdh5.3.3/579948f8fa6d9d72bf507bd021fa3dcc0670e95f/hadoop-mapreduce-client-app-2.5.0-cdh5.3.3.jar, file:/Users/hpatel/.gradle/caches/modules-2/files-2.1/org.apache.hadoop/hadoop-yarn-api/2.5.0-cdh5.3.3/a6d9b4b7cbcacd000350a3e33c70269101b5fc79/hadoop-yarn-api-2.5.0-cdh5.3.3.jar, file:/Users/hpatel/.gradle/caches/modules-2/files-2.1/org.apache.hadoop/hadoop-mapreduce-client-core/2.5.0-cdh5.3.3/f2c8eaa2b8a5839a7781f04cf59c4d1abfefec9e/hadoop-mapreduce-client-core-2.5.0-cdh5.3.3.jar, file:/Users/hpatel/.gradle/caches/modules-2/files-2.1/org.apache.hadoop/hadoop-mapreduce-client-jobclient/2.5.0-cdh5.3.3/f8baecab9a91245a97e29e4867a7f5ae128ef8a9/hadoop-mapreduce-client-jobclient-2.5.0-cdh5.3.3.jar, file:/Users/hpatel/.gradle/caches/modules-2/files-2.1/org.apache.hadoop/hadoop-aws/2.5.0-cdh5.3.3/f712d9cf59c859914254bed5c87ee4e5a2204e78/hadoop-aws-2.5.0-cdh5.3.3.jar, file:/Users/hpatel/.gradle/caches/modules-2/files-2.1/org.apache.hadoop/hadoop-annotations/2.5.0-cdh5.3.3/e3b40743127d82ff7a6f263d00419368a46ce608/hadoop-annotations-2.5.0-cdh5.3.3.jar, file:/Users/hpatel/.gradle/caches/modules-2/files-2.1/commons-collections/commons-collections/3.2.1/761ea405b9b37ced573d2df0d1e3a4e0f9edc668/commons-collections-3.2.1.jar, file:/Users/hpatel/.gradle/caches/modules-2/files-2.1/commons-configuration/commons-configuration/1.6/32cadde23955d7681b0d94a2715846d20b425235/commons-configuration-1.6.jar, file:/Users/hpatel/.gradle/caches/modules-2/files-2.1/jline/jline/0.9.94/99a18e9a44834afdebc467294e1138364c207402/jline-0.9.94.jar, file:/Users/hpatel/.gradle/caches/modules-2/files-2.1/commons-cli/commons-cli/1.2/2bf96b7aa8b611c177d329452af1dc933e14501c/commons-cli-1.2.jar, file:/Users/hpatel/.gradle/caches/modules-2/files-2.1/xmlenc/xmlenc/0.52/d82554efbe65906d83b3d97bd7509289e9db561a/xmlenc-0.52.jar, file:/Users/hpatel/.gradle/caches/modules-2/files-2.1/commons-httpclient/commons-httpclient/3.1/964cd74171f427720480efdec40a7c7f6e58426a/commons-httpclient-3.1.jar, file:/Users/hpatel/.gradle/caches/modules-2/files-2.1/commons-net/commons-net/3.1/2298164a7c2484406f2aa5ac85b205d39019896f/commons-net-3.1.jar, file:/Users/hpatel/.gradle/caches/modules-2/files-2.1/tomcat/jasper-runtime/5.5.23/96ca5528a93ab47b001476b74320c644beb89dde/jasper-runtime-5.5.23.jar, file:/Users/hpatel/.gradle/caches/modules-2/files-2.1/tomcat/jasper-compiler/5.5.23/6d35bd7fb8c4fbc1f5401fb3678aa976d2e4c241/jasper-compiler-5.5.23.jar, file:/Users/hpatel/.gradle/caches/modules-2/files-2.1/javax.servlet.jsp/jsp-api/2.1/63f943103f250ef1f3a4d5e94d145a0f961f5316/jsp-api-2.1.jar, file:/Users/hpatel/.gradle/caches/modules-2/files-2.1/commons-el/commons-el/1.0/1df2c042b3f2de0124750241ac6c886dbfa2cc2c/commons-el-1.0.jar, file:/Users/hpatel/.gradle/caches/modules-2/files-2.1/javax.servlet/servlet-api/2.5/5959582d97d8b61f4d154ca9e495aafd16726e34/servlet-api-2.5.jar, file:/Users/hpatel/.gradle/caches/modules-2/files-2.1/hsqldb/hsqldb/1.8.0.10/7e9978fdb754bce5fcd5161133e7734ecb683036/hsqldb-1.8.0.10.jar, file:/Users/hpatel/.gradle/caches/modules-2/files-2.1/org.eclipse.jdt/core/3.1.1/88c83ce444cf46d02494da37c9fa1eebc9ce9cea/core-3.1.1.jar, file:/Users/hpatel/.gradle/caches/modules-2/files-2.1/javassist/javassist/3.12.1.GA/526633327faa61aee448a519e8a4d53ec3057885/javassist-3.12.1.GA.jar, file:/Users/hpatel/.gradle/caches/modules-2/files-2.1/dom4j/dom4j/1.6.1/5d3ccc056b6f056dbf0dddfdf43894b9065a8f94/dom4j-1.6.1.jar, file:/Users/hpatel/.gradle/caches/modules-2/files-2.1/org.objenesis/objenesis/2.1/87c0ea803b69252868d09308b4618f766f135a96/objenesis-2.1.jar, file:/Users/hpatel/.gradle/caches/modules-2/files-2.1/commons-logging/commons-logging/1.1.3/f6f66e966c70a83ffbdb6f17a0919eaf7c8aca7f/commons-logging-1.1.3.jar, file:/Users/hpatel/.gradle/caches/modules-2/files-2.1/org.apache.hive/hive-common/0.13.1-cdh5.3.3/e3fbf24d30a553c50ae4d4eed23f81b0e1211c5a/hive-common-0.13.1-cdh5.3.3.jar, file:/Users/hpatel/.gradle/caches/modules-2/files-2.1/org.apache.avro/avro/1.7.6-cdh5.3.3/6d90271293977d199ed07002bf35e2805405cc64/avro-1.7.6-cdh5.3.3.jar, file:/Users/hpatel/.gradle/caches/modules-2/files-2.1/net.sf.opencsv/opencsv/2.3/c23708cdb9e80a144db433e23344a788a1fd6599/opencsv-2.3.jar, file:/Users/hpatel/.gradle/caches/modules-2/files-2.1/com.sun.jersey/jersey-servlet/1.14/4b87041a59ee152757b62e47a21d5b63fde20ffe/jersey-servlet-1.14.jar, file:/Users/hpatel/.gradle/caches/modules-2/files-2.1/org.slf4j/slf4j-log4j12/1.7.5/6edffc576ce104ec769d954618764f39f0f0f10d/slf4j-log4j12-1.7.5.jar, file:/Users/hpatel/.gradle/caches/modules-2/files-2.1/org.apache.commons/commons-math3/3.1.1/6719d757a98ff24a83d9d727bef9cec83f59b6e1/commons-math3-3.1.1.jar, file:/Users/hpatel/.gradle/caches/modules-2/files-2.1/commons-io/commons-io/2.4/b1b6ea3b7e4aa4f492509a4952029cd8e48019ad/commons-io-2.4.jar, file:/Users/hpatel/.gradle/caches/modules-2/files-2.1/com.sun.jersey/jersey-json/1.9/1aa73e1896bcc7013fed247157d7f676226eb432/jersey-json-1.9.jar, file:/Users/hpatel/.gradle/caches/modules-2/files-2.1/log4j/log4j/1.2.17/5af35056b4d257e4b64b9e8069c0746e8b08629f/log4j-1.2.17.jar, file:/Users/hpatel/.gradle/caches/modules-2/files-2.1/com.google.code.gson/gson/2.2.4/a60a5e993c98c864010053cb901b7eab25306568/gson-2.2.4.jar, file:/Users/hpatel/.gradle/caches/modules-2/files-2.1/org.apache.hadoop/hadoop-auth/2.5.0-cdh5.3.3/847eb288da72acfdd7d202da5149dec6cd20ceba/hadoop-auth-2.5.0-cdh5.3.3.jar, file:/Users/hpatel/.gradle/caches/modules-2/files-2.1/com.jcraft/jsch/0.1.42/a86104b0f2e0c0bab5b0df836065823a99b5e334/jsch-0.1.42.jar, file:/Users/hpatel/.gradle/caches/modules-2/files-2.1/org.apache.curator/curator-client/2.6.0/b9007c357ad1a78066fc6004e8b1feaa2318f6f3/curator-client-2.6.0.jar, file:/Users/hpatel/.gradle/caches/modules-2/files-2.1/org.apache.curator/curator-recipes/2.6.0/8736b0fc42e6bf006d585fe85c90aaa4ade5cbef/curator-recipes-2.6.0.jar, file:/Users/hpatel/.gradle/caches/modules-2/files-2.1/com.google.code.findbugs/jsr305/1.3.9/40719ea6961c0cb6afaeb6a921eaa1f6afd4cfdf/jsr305-1.3.9.jar, file:/Users/hpatel/.gradle/caches/modules-2/files-2.1/org.apache.commons/commons-compress/1.4.1/b02e84a993d88568417536240e970c4b809126fd/commons-compress-1.4.1.jar, file:/Users/hpatel/.gradle/caches/modules-2/files-2.1/org.apache.hive.shims/hive-shims-common/0.13.1-cdh5.3.3/3d9e5245018fbde18f52c4ab25fc35afdec2fc0a/hive-shims-common-0.13.1-cdh5.3.3.jar, file:/Users/hpatel/.gradle/caches/modules-2/files-2.1/org.apache.hive.shims/hive-shims-common-secure/0.13.1-cdh5.3.3/6b29a16b2a41b89bdbbc681c257ad7f766a90bcb/hive-shims-common-secure-0.13.1-cdh5.3.3.jar, file:/Users/hpatel/.gradle/caches/modules-2/files-2.1/org.apache.hive.shims/hive-shims-0.23/0.13.1-cdh5.3.3/7ab834955a767af200d1d9151c204751637d9ca9/hive-shims-0.23-0.13.1-cdh5.3.3.jar, file:/Users/hpatel/.gradle/caches/modules-2/files-2.1/org.apache.hive.shims/hive-shims-scheduler/0.13.1-cdh5.3.3/b6644420b74f936a838f7f3fd2fa19c19add0449/hive-shims-scheduler-0.13.1-cdh5.3.3.jar, file:/Users/hpatel/.gradle/caches/modules-2/files-2.1/org.apache.hadoop/hadoop-mapreduce-client-common/2.5.0-cdh5.3.3/f0d777bb76ca9f540c0c81a45934f0f5cf9975b8/hadoop-mapreduce-client-common-2.5.0-cdh5.3.3.jar, file:/Users/hpatel/.gradle/caches/modules-2/files-2.1/org.apache.hadoop/hadoop-mapreduce-client-shuffle/2.5.0-cdh5.3.3/b6c4316f6fcc406edf7e5bd77c50e46034ad5519/hadoop-mapreduce-client-shuffle-2.5.0-cdh5.3.3.jar, file:/Users/hpatel/.gradle/caches/modules-2/files-2.1/org.apache.hadoop/hadoop-yarn-common/2.5.0-cdh5.3.3/9499713b674eae1aa714fcd0e95e0d09daaf3824/hadoop-yarn-common-2.5.0-cdh5.3.3.jar, file:/Users/hpatel/.gradle/caches/modules-2/files-2.1/com.fasterxml.jackson.core/jackson-databind/2.2.3/3ae380888029daefb91d3ecdca3a37d8cb92bc9/jackson-databind-2.2.3.jar, file:/Users/hpatel/.gradle/caches/modules-2/files-2.1/com.fasterxml.jackson.core/jackson-annotations/2.2.3/527fece4f23a457070a36c371a26d6c0208e1c3/jackson-annotations-2.2.3.jar, file:/Users/hpatel/.gradle/caches/modules-2/files-2.1/com.amazonaws/aws-java-sdk/1.7.4/2c24ccb6f1ab845a7df971951d4b41c709a6517d/aws-java-sdk-1.7.4.jar, file:/Users/hpatel/.gradle/caches/modules-2/files-2.1/commons-digester/commons-digester/1.8/dc6a73fdbd1fa3f0944e8497c6c872fa21dca37e/commons-digester-1.8.jar, file:/Users/hpatel/.gradle/caches/modules-2/files-2.1/commons-beanutils/commons-beanutils-core/1.8.0/175dc721f87e4bc5cc0573f990e28c3cf9117508/commons-beanutils-core-1.8.0.jar, file:/Users/hpatel/.gradle/caches/modules-2/files-2.1/xml-apis/xml-apis/1.0.b2/3136ca936f64c9d68529f048c2618bd356bf85c9/xml-apis-1.0.b2.jar, file:/Users/hpatel/.gradle/caches/modules-2/files-2.1/com.thoughtworks.paranamer/paranamer/2.3/4a85963a752c0a2f715c3924bfc686865e7e1bc6/paranamer-2.3.jar, file:/Users/hpatel/.gradle/caches/modules-2/files-2.1/org.xerial.snappy/snappy-java/1.0.5/10cb4550360a0ec6b80f09a5209d00b6058e82bf/snappy-java-1.0.5.jar, file:/Users/hpatel/.gradle/caches/modules-2/files-2.1/org.codehaus.jettison/jettison/1.1/1a01a2a1218fcf9faa2cc2a6ced025bdea687262/jettison-1.1.jar, file:/Users/hpatel/.gradle/caches/modules-2/files-2.1/com.sun.xml.bind/jaxb-impl/2.2.3-1/56baae106392040a45a06d4a41099173425da1e6/jaxb-impl-2.2.3-1.jar, file:/Users/hpatel/.gradle/caches/modules-2/files-2.1/org.apache.directory.server/apacheds-kerberos-codec/2.0.0-M15/1c16e4e477183641c5f0dd5cdecd27ec331bacb5/apacheds-kerberos-codec-2.0.0-M15.jar, file:/Users/hpatel/.gradle/caches/modules-2/files-2.1/org.apache.curator/curator-framework/2.6.0/81a699c39d127b5b4ff97cc77da7650b53e5b5ed/curator-framework-2.6.0.jar, file:/Users/hpatel/.gradle/caches/modules-2/files-2.1/org.tukaani/xz/1.0/ecff5cb8b1189514c9d1d8d68eb77ac372e000c9/xz-1.0.jar, file:/Users/hpatel/.gradle/caches/modules-2/files-2.1/org.apache.hadoop/hadoop-yarn-client/2.5.0-cdh5.3.3/2d2ce5d0138d02b20aefcfc1ee8dd6f691911f63/hadoop-yarn-client-2.5.0-cdh5.3.3.jar, file:/Users/hpatel/.gradle/caches/modules-2/files-2.1/org.apache.hadoop/hadoop-yarn-server-common/2.5.0-cdh5.3.3/d099fcc19f56d477fa6b5b47ae4e06bb97538778/hadoop-yarn-server-common-2.5.0-cdh5.3.3.jar, file:/Users/hpatel/.gradle/caches/modules-2/files-2.1/org.apache.hadoop/hadoop-yarn-server-nodemanager/2.5.0-cdh5.3.3/278b2d7a6454ce57a94ab02a88c0b188afc8facc/hadoop-yarn-server-nodemanager-2.5.0-cdh5.3.3.jar, file:/Users/hpatel/.gradle/caches/modules-2/files-2.1/org.fusesource.leveldbjni/leveldbjni-all/1.8/707350a2eeb1fa2ed77a32ddb3893ed308e941db/leveldbjni-all-1.8.jar, file:/Users/hpatel/.gradle/caches/modules-2/files-2.1/javax.xml.bind/jaxb-api/2.2.2/aeb3021ca93dde265796d82015beecdcff95bf09/jaxb-api-2.2.2.jar, file:/Users/hpatel/.gradle/caches/modules-2/files-2.1/com.google.inject/guice/3.0/9d84f15fe35e2c716a02979fb62f50a29f38aefa/guice-3.0.jar, file:/Users/hpatel/.gradle/caches/modules-2/files-2.1/com.sun.jersey.contribs/jersey-guice/1.9/5963c28c47df7e5d6ad34cec80c071c368777f7b/jersey-guice-1.9.jar, file:/Users/hpatel/.gradle/caches/modules-2/files-2.1/com.fasterxml.jackson.core/jackson-core/2.2.3/1a0113da2cab5f4c216b4e5e7c1dbfaa67087e14/jackson-core-2.2.3.jar, file:/Users/hpatel/.gradle/caches/modules-2/files-2.1/commons-beanutils/commons-beanutils/1.7.0/5675fd96b29656504b86029551973d60fb41339b/commons-beanutils-1.7.0.jar, file:/Users/hpatel/.gradle/caches/modules-2/files-2.1/org.apache.directory.server/apacheds-i18n/2.0.0-M15/71c61c84683152ec2a6a65f3f96fe534e304fa22/apacheds-i18n-2.0.0-M15.jar, file:/Users/hpatel/.gradle/caches/modules-2/files-2.1/org.apache.directory.api/api-asn1-api/1.0.0-M20/5e6486ffa3125ba44dc410ead166e1d6ba8ac76d/api-asn1-api-1.0.0-M20.jar, file:/Users/hpatel/.gradle/caches/modules-2/files-2.1/org.apache.directory.api/api-util/1.0.0-M20/a871abf060b3cf83fc6dc4d7e3d151fce50ac3cb/api-util-1.0.0-M20.jar, file:/Users/hpatel/.gradle/caches/modules-2/files-2.1/com.sun.jersey/jersey-client/1.9/d3c4b2b5f89db32c96ceddcb863684821910a7bb/jersey-client-1.9.jar, file:/Users/hpatel/.gradle/caches/modules-2/files-2.1/javax.xml.stream/stax-api/1.0-2/d6337b0de8b25e53e81b922352fbea9f9f57ba0b/stax-api-1.0-2.jar, file:/Users/hpatel/.gradle/caches/modules-2/files-2.1/javax.activation/activation/1.1/e6cb541461c2834bdea3eb920f1884d1eb508b50/activation-1.1.jar, file:/Users/hpatel/.gradle/caches/modules-2/files-2.1/javax.inject/javax.inject/1/6975da39a7040257bd51d21a231b76c915872d38/javax.inject-1.jar, file:/Users/hpatel/.gradle/caches/modules-2/files-2.1/aopalliance/aopalliance/1.0/235ba8b489512805ac13a8f9ea77a1ca5ebe3e8/aopalliance-1.0.jar, file:/Users/hpatel/.gradle/caches/modules-2/files-2.1/org.sonatype.sisu.inject/cglib/2.2.1-v20090111/7ce5e983fd0e6c78346f4c9cbfa39d83049dda2/cglib-2.2.1-v20090111.jar, file:/Users/hpatel/.gradle/caches/modules-2/files-2.1/asm/asm/3.1/c157def142714c544bdea2e6144645702adf7097/asm-3.1.jar, file:/Users/hpatel/.gradle/caches/modules-2/files-2.1/org.apache.hive/hive-service/0.13.1-cdh5.3.3/c7979b4213bfb62823d43ba726e0fea58032dd1e/hive-service-0.13.1-cdh5.3.3.jar, file:/Users/hpatel/.gradle/caches/modules-2/files-2.1/net.sf.jpam/jpam/1.1/cb3d91c2dfda767518a371dbb02edfd6a4aa0600/jpam-1.1.jar, file:/Users/hpatel/.gradle/caches/modules-2/files-2.1/org.eclipse.jetty.aggregate/jetty-all/7.6.0.v20120127/47bb68e3837e5c6422138dd1e0d4d75c60dce87a/jetty-all-7.6.0.v20120127.jar, file:/Users/hpatel/.gradle/caches/modules-2/files-2.1/org.apache.thrift/libfb303/0.9.0/639bd69767fdbd7f658ce8233248fe1cea635164/libfb303-0.9.0.jar, file:/Users/hpatel/.gradle/caches/modules-2/files-2.1/org.apache.geronimo.specs/geronimo-jta_1.1_spec/1.1.1/aabab3165b8ea936b9360abbf448459c0d04a5a4/geronimo-jta_1.1_spec-1.1.1.jar, file:/Users/hpatel/.gradle/caches/modules-2/files-2.1/javax.mail/mail/1.4.1/8b7bc69010655425dabf091b51d1e90b4de36715/mail-1.4.1.jar, file:/Users/hpatel/.gradle/caches/modules-2/files-2.1/org.apache.geronimo.specs/geronimo-jaspic_1.0_spec/1.0/44b95be7dae1147716dce5336419eafade880756/geronimo-jaspic_1.0_spec-1.0.jar, file:/Users/hpatel/.gradle/caches/modules-2/files-2.1/org.apache.geronimo.specs/geronimo-annotation_1.0_spec/1.1.1/47caa799389f69d297b86bf90523d431599c3796/geronimo-annotation_1.0_spec-1.1.1.jar, file:/Users/hpatel/.gradle/caches/modules-2/files-2.1/asm/asm-commons/3.1/1b607fbfe7889c6fdff1b7c16439ade0a60869ac/asm-commons-3.1.jar, file:/Users/hpatel/.gradle/caches/modules-2/files-2.1/asm/asm-tree/3.1/c9a5d4334ddf194ea492f22107d45119a5c5322f/asm-tree-3.1.jar, file:/Users/hpatel/.gradle/caches/modules-2/files-2.1/commons-lang/commons-lang/2.6/ce1edb914c94ebc388f086c6827e8bdeec71ac2/commons-lang-2.6.jar, file:/Users/hpatel/.gradle/caches/modules-2/files-2.1/org.mortbay.jetty/jetty/6.1.26.cloudera.4/d59325a5ff8ff18f7543bc3fbb9d5efa0c0ff521/jetty-6.1.26.cloudera.4.jar, file:/Users/hpatel/.gradle/caches/modules-2/files-2.1/org.mortbay.jetty/jetty-util/6.1.26.cloudera.4/b8507b7c5d3fd9a3d01775272cbf1a63f530c19d/jetty-util-6.1.26.cloudera.4.jar, file:/Users/hpatel/.gradle/caches/modules-2/files-2.1/net.java.dev.jets3t/jets3t/0.9.0/792bc96ee7e57b89f472aa0cb5a31015b9f59c96/jets3t-0.9.0.jar, file:/Users/hpatel/.gradle/caches/modules-2/files-2.1/com.jamesmurty.utils/java-xmlbuilder/0.4/ac5962e48cdee3a0a6e1f8e00fcb594747ac5aaf/java-xmlbuilder-0.4.jar, file:/Users/hpatel/.gradle/caches/modules-2/files-2.1/com.google.protobuf/protobuf-java/2.5.0/a10732c76bfacdbd633a7eb0f7968b1059a65dfa/protobuf-java-2.5.0.jar, file:/Users/hpatel/.gradle/caches/modules-2/files-2.1/org.apache.hive/hive-exec/0.13.1-cdh5.3.3/4d935274127f47dd9c0875efcf317ba49aef1219/hive-exec-0.13.1-cdh5.3.3.jar, file:/Users/hpatel/.gradle/caches/modules-2/files-2.1/org.apache.hive/hive-ant/0.13.1-cdh5.3.3/86954e92a903253177cd6935798c50a6c32b7b81/hive-ant-0.13.1-cdh5.3.3.jar, file:/Users/hpatel/.gradle/caches/modules-2/files-2.1/org.antlr/antlr-runtime/3.4/8f011408269a8e42b8548687e137d8eeb56df4b4/antlr-runtime-3.4.jar, file:/Users/hpatel/.gradle/caches/modules-2/files-2.1/org.antlr/ST4/4.0.4/467a2aa12be6d0f0f68c70eecf6714ab733027ac/ST4-4.0.4.jar, file:/Users/hpatel/.gradle/caches/modules-2/files-2.1/org.apache.ant/ant/1.9.1/35900c96dbebc85dcfbd71f4661059ebcf93c077/ant-1.9.1.jar, file:/Users/hpatel/.gradle/caches/modules-2/files-2.1/org.codehaus.groovy/groovy-all/2.1.6/165b8246372a829c1915611646f6d964010656cf/groovy-all-2.1.6.jar, file:/Users/hpatel/.gradle/caches/modules-2/files-2.1/stax/stax-api/1.0.1/49c100caf72d658aca8e58bd74a4ba90fa2b0d70/stax-api-1.0.1.jar, file:/Users/hpatel/.gradle/caches/modules-2/files-2.1/org.apache.velocity/velocity/1.5/9f306baf7523ffc0e81a6353d08a584d254133b/velocity-1.5.jar, file:/Users/hpatel/.gradle/caches/modules-2/files-2.1/org.antlr/stringtemplate/3.2.1/59ec8083721eae215c6f3caee944c410d2be34de/stringtemplate-3.2.1.jar, file:/Users/hpatel/.gradle/caches/modules-2/files-2.1/antlr/antlr/2.7.7/83cd2cd674a217ade95a4bb83a8a14f351f48bd0/antlr-2.7.7.jar, file:/Users/hpatel/.gradle/caches/modules-2/files-2.1/org.apache.ant/ant-launcher/1.9.1/7c71043ca185eaada9e36391dd022d92859327de/ant-launcher-1.9.1.jar, file:/Users/hpatel/.gradle/caches/modules-2/files-2.1/oro/oro/2.0.8/5592374f834645c4ae250f4c9fbb314c9369d698/oro-2.0.8.jar, file:/Users/hpatel/.gradle/caches/modules-2/files-2.1/org.codehaus.jackson/jackson-core-asl/1.9.13/3c304d70f42f832e0a86d45bd437f692129299a4/jackson-core-asl-1.9.13.jar, file:/Users/hpatel/.gradle/caches/modules-2/files-2.1/org.codehaus.jackson/jackson-mapper-asl/1.9.13/1ee2f2bed0e5dd29d1cb155a166e6f8d50bbddb7/jackson-mapper-asl-1.9.13.jar, file:/Users/hpatel/.gradle/caches/modules-2/files-2.1/org.slf4j/slf4j-api/1.7.6/562424e36df3d2327e8e9301a76027fca17d54ea/slf4j-api-1.7.6.jar, file:/Users/hpatel/.gradle/caches/modules-2/files-2.1/com.sun.jersey/jersey-server/1.14/b1a21724c9b708ed54d42d41bb19ff45ae1d49d9/jersey-server-1.14.jar, file:/Users/hpatel/.gradle/caches/modules-2/files-2.1/org.apache.httpcomponents/httpclient/4.2.5/666e26e76f2e87d84e4f16acb546481ae1b8e9a6/httpclient-4.2.5.jar, file:/Users/hpatel/.gradle/caches/modules-2/files-2.1/org.apache.zookeeper/zookeeper/3.4.6/1b2502e29da1ebaade2357cd1de35a855fa3755/zookeeper-3.4.6.jar, file:/Users/hpatel/.gradle/caches/modules-2/files-2.1/com.google.guava/guava/16.0.1/5fa98cd1a63c99a44dd8d3b77e4762b066a5d0c5/guava-16.0.1.jar, file:/Users/hpatel/.gradle/caches/modules-2/files-2.1/org.codehaus.jackson/jackson-jaxrs/1.8.8/71b16055388e9bd3991c3c3834e8e55098b789f1/jackson-jaxrs-1.8.8.jar, file:/Users/hpatel/.gradle/caches/modules-2/files-2.1/org.codehaus.jackson/jackson-xc/1.8.8/52efa08bc1e4cfea168f552b9e3088297d9d0926/jackson-xc-1.8.8.jar, file:/Users/hpatel/.gradle/caches/modules-2/files-2.1/org.apache.hive/hive-metastore/0.13.1-cdh5.3.3/ca93686a17f064a5ab6587799721cddd7836e53a/hive-metastore-0.13.1-cdh5.3.3.jar, file:/Users/hpatel/.gradle/caches/modules-2/files-2.1/com.jolbox/bonecp/0.8.0.RELEASE/cec24ee9345b3678472bb1b8fdd6aa6b9428beb8/bonecp-0.8.0.RELEASE.jar, file:/Users/hpatel/.gradle/caches/modules-2/files-2.1/org.apache.derby/derby/10.10.1.1/9f6f910f0373adc1b23c10f9b4bb151b7e7449f/derby-10.10.1.1.jar, file:/Users/hpatel/.gradle/caches/modules-2/files-2.1/javax.jdo/jdo-api/3.0.1/58e7a538e020b73871e232eeb064835fd98a492/jdo-api-3.0.1.jar, file:/Users/hpatel/.gradle/caches/modules-2/files-2.1/javax.transaction/jta/1.1/2ca09f0b36ca7d71b762e14ea2ff09d5eac57558/jta-1.1.jar, file:/Users/hpatel/.gradle/caches/modules-2/files-2.1/org.apache.thrift/libthrift/0.9.0/9ba8df332b5db95ce7f3b7a83e44d796c3d014d3/libthrift-0.9.0.jar, file:/Users/hpatel/.gradle/caches/modules-2/files-2.1/org.apache.httpcomponents/httpcore/4.2.4/3b7f38df6de5dd8b500e602ae8c2dd5ee446f883/httpcore-4.2.4.jar, file:/Users/hpatel/.gradle/caches/modules-2/files-2.1/com.sun.jersey/jersey-core/1.14/693061de8b9b352b11e997b1dd4052677778852d/jersey-core-1.14.jar, file:/Users/hpatel/.gradle/caches/modules-2/files-2.1/commons-codec/commons-codec/1.6/b7f0fc8f61ecadeb3695f0b9464755eee44374d4/commons-codec-1.6.jar, file:/Users/hpatel/.gradle/caches/modules-2/files-2.1/io.netty/netty/3.7.0.Final/7a8c35599c68c0bf383df74469aa3e03d9aca87/netty-3.7.0.Final.jar]
15/09/06 13:13:46 INFO mr.ExecMapper: thread classpath = [file:/Users/hpatel/.gradle/caches/2.1/workerMain/gradle-worker.jar, file:/Users/hpatel/Tech/Projects/CAT/ddsw_dev/hive-test/build/classes/test/, file:/Users/hpatel/Tech/Projects/CAT/ddsw_dev/hive-test/build/resources/test/, file:/Users/hpatel/Tech/Projects/CAT/ddsw_dev/hive-test/build/classes/main/, file:/Users/hpatel/Tech/Projects/CAT/ddsw_dev/hive-test/build/resources/main, file:/Users/hpatel/.gradle/caches/modules-2/files-2.1/junit/junit/4.11/4e031bb61df09069aeb2bffb4019e7a5034a4ee0/junit-4.11.jar, file:/Users/hpatel/.gradle/caches/modules-2/files-2.1/com.klarna/hiverunner/1.0.0/e26bb0655fff4d88fab91f331793d9fc1db392cc/HiveRunner-1.0.0.jar, file:/Users/hpatel/Tech/Projects/CAT/ddsw_dev/custom-cat-udfs/build/libs/custom-cat-udfs-0.1.38-SNAPSHOT.jar, file:/Users/hpatel/.gradle/caches/modules-2/files-2.1/org.apache.hadoop/hadoop-client/2.5.0-cdh5.3.3/ec3cd6a8cb043e73a42918934c5d3a3f2747c78b/hadoop-client-2.5.0-cdh5.3.3.jar, file:/Users/hpatel/.gradle/caches/modules-2/files-2.1/org.hsqldb/hsqldb/2.3.1/bd7153caa30958e1c64a3dd38b93e5a7442d9a0e/hsqldb-2.3.1.jar, file:/Users/hpatel/.gradle/caches/modules-2/files-2.1/org.apache.hadoop/hadoop-core/2.5.0-mr1-cdh5.3.3/f6f4a77f818757da51ae0244310855779c04c4be/hadoop-core-2.5.0-mr1-cdh5.3.3.jar, file:/Users/hpatel/.gradle/caches/modules-2/files-2.1/org.reflections/reflections/0.9.8/f723abb59bf512952bfc503838f70f81487a6993/reflections-0.9.8.jar, file:/Users/hpatel/.gradle/caches/modules-2/files-2.1/org.mockito/mockito-core/1.10.19/e8546f5bef4e061d8dd73895b4e8f40e3fe6effe/mockito-core-1.10.19.jar, file:/Users/hpatel/.gradle/caches/modules-2/files-2.1/org.hamcrest/hamcrest-core/1.3/42a25dc3219429f0e5d060061f71acb49bf010a0/hamcrest-core-1.3.jar, file:/Users/hpatel/.gradle/caches/modules-2/files-2.1/org.pentaho/pentaho-aggdesigner-algorithm/5.1.5-jhyde/c52379c645c6c85300e645dff7c72653bf85baa2/pentaho-aggdesigner-algorithm-5.1.5-jhyde.jar, file:/Users/hpatel/.gradle/caches/modules-2/files-2.1/org.apache.hive/hive-serde/0.13.1-cdh5.3.3/9cee47c844d726e9bcef6ab292e1319b7fbddaa3/hive-serde-0.13.1-cdh5.3.3.jar, file:/Users/hpatel/.gradle/caches/modules-2/files-2.1/org.apache.hadoop/hadoop-common/2.5.0-cdh5.3.3/f0862eb1dc33c1807ea29a248af75551e3c6836a/hadoop-common-2.5.0-cdh5.3.3.jar, file:/Users/hpatel/.gradle/caches/modules-2/files-2.1/org.apache.hive/hive-contrib/0.13.1-cdh5.3.3/bf89b429c9b173ac275dc0c1623f5c30e780ee98/hive-contrib-0.13.1-cdh5.3.3.jar, file:/Users/hpatel/.gradle/caches/modules-2/files-2.1/org.datanucleus/datanucleus-core/3.2.12/3212183bb5a2826cd5ff194b9a54619dd0bdf31f/datanucleus-core-3.2.12.jar, file:/Users/hpatel/.gradle/caches/modules-2/files-2.1/org.datanucleus/datanucleus-rdbms/3.2.11/5b053144c89fdff1505b853aa7f1e5ba7657da75/datanucleus-rdbms-3.2.11.jar, file:/Users/hpatel/.gradle/caches/modules-2/files-2.1/org.datanucleus/datanucleus-api-jdo/3.2.8/efc60221fbc91e95cf5758b98c6c5531660696cb/datanucleus-api-jdo-3.2.8.jar, file:/Users/hpatel/.gradle/caches/modules-2/files-2.1/org.apache.hive/hive-shims/0.13.1-cdh5.3.3/47b029532c0b9d45526dcdd858823e6f9634ab81/hive-shims-0.13.1-cdh5.3.3.jar, file:/Users/hpatel/.gradle/caches/modules-2/files-2.1/org.apache.commons/commons-lang3/3.3.1/6738a2da2202ce360f0af90aba005c1e05a2c4cd/commons-lang3-3.3.1.jar, file:/Users/hpatel/.gradle/caches/modules-2/files-2.1/joda-time/joda-time/2.3/56498efd17752898cfcc3868c1b6211a07b12b8f/joda-time-2.3.jar, file:/Users/hpatel/.gradle/caches/modules-2/files-2.1/org.apache.hadoop/hadoop-hdfs/2.5.0-cdh5.3.3/5dd5e2be13d89a9eaab89d3a33bcdf6677671aa9/hadoop-hdfs-2.5.0-cdh5.3.3.jar, file:/Users/hpatel/.gradle/caches/modules-2/files-2.1/org.apache.hadoop/hadoop-mapreduce-client-app/2.5.0-cdh5.3.3/579948f8fa6d9d72bf507bd021fa3dcc0670e95f/hadoop-mapreduce-client-app-2.5.0-cdh5.3.3.jar, file:/Users/hpatel/.gradle/caches/modules-2/files-2.1/org.apache.hadoop/hadoop-yarn-api/2.5.0-cdh5.3.3/a6d9b4b7cbcacd000350a3e33c70269101b5fc79/hadoop-yarn-api-2.5.0-cdh5.3.3.jar, file:/Users/hpatel/.gradle/caches/modules-2/files-2.1/org.apache.hadoop/hadoop-mapreduce-client-core/2.5.0-cdh5.3.3/f2c8eaa2b8a5839a7781f04cf59c4d1abfefec9e/hadoop-mapreduce-client-core-2.5.0-cdh5.3.3.jar, file:/Users/hpatel/.gradle/caches/modules-2/files-2.1/org.apache.hadoop/hadoop-mapreduce-client-jobclient/2.5.0-cdh5.3.3/f8baecab9a91245a97e29e4867a7f5ae128ef8a9/hadoop-mapreduce-client-jobclient-2.5.0-cdh5.3.3.jar, file:/Users/hpatel/.gradle/caches/modules-2/files-2.1/org.apache.hadoop/hadoop-aws/2.5.0-cdh5.3.3/f712d9cf59c859914254bed5c87ee4e5a2204e78/hadoop-aws-2.5.0-cdh5.3.3.jar, file:/Users/hpatel/.gradle/caches/modules-2/files-2.1/org.apache.hadoop/hadoop-annotations/2.5.0-cdh5.3.3/e3b40743127d82ff7a6f263d00419368a46ce608/hadoop-annotations-2.5.0-cdh5.3.3.jar, file:/Users/hpatel/.gradle/caches/modules-2/files-2.1/commons-collections/commons-collections/3.2.1/761ea405b9b37ced573d2df0d1e3a4e0f9edc668/commons-collections-3.2.1.jar, file:/Users/hpatel/.gradle/caches/modules-2/files-2.1/commons-configuration/commons-configuration/1.6/32cadde23955d7681b0d94a2715846d20b425235/commons-configuration-1.6.jar, file:/Users/hpatel/.gradle/caches/modules-2/files-2.1/jline/jline/0.9.94/99a18e9a44834afdebc467294e1138364c207402/jline-0.9.94.jar, file:/Users/hpatel/.gradle/caches/modules-2/files-2.1/commons-cli/commons-cli/1.2/2bf96b7aa8b611c177d329452af1dc933e14501c/commons-cli-1.2.jar, file:/Users/hpatel/.gradle/caches/modules-2/files-2.1/xmlenc/xmlenc/0.52/d82554efbe65906d83b3d97bd7509289e9db561a/xmlenc-0.52.jar, file:/Users/hpatel/.gradle/caches/modules-2/files-2.1/commons-httpclient/commons-httpclient/3.1/964cd74171f427720480efdec40a7c7f6e58426a/commons-httpclient-3.1.jar, file:/Users/hpatel/.gradle/caches/modules-2/files-2.1/commons-net/commons-net/3.1/2298164a7c2484406f2aa5ac85b205d39019896f/commons-net-3.1.jar, file:/Users/hpatel/.gradle/caches/modules-2/files-2.1/tomcat/jasper-runtime/5.5.23/96ca5528a93ab47b001476b74320c644beb89dde/jasper-runtime-5.5.23.jar, file:/Users/hpatel/.gradle/caches/modules-2/files-2.1/tomcat/jasper-compiler/5.5.23/6d35bd7fb8c4fbc1f5401fb3678aa976d2e4c241/jasper-compiler-5.5.23.jar, file:/Users/hpatel/.gradle/caches/modules-2/files-2.1/javax.servlet.jsp/jsp-api/2.1/63f943103f250ef1f3a4d5e94d145a0f961f5316/jsp-api-2.1.jar, file:/Users/hpatel/.gradle/caches/modules-2/files-2.1/commons-el/commons-el/1.0/1df2c042b3f2de0124750241ac6c886dbfa2cc2c/commons-el-1.0.jar, file:/Users/hpatel/.gradle/caches/modules-2/files-2.1/javax.servlet/servlet-api/2.5/5959582d97d8b61f4d154ca9e495aafd16726e34/servlet-api-2.5.jar, file:/Users/hpatel/.gradle/caches/modules-2/files-2.1/hsqldb/hsqldb/1.8.0.10/7e9978fdb754bce5fcd5161133e7734ecb683036/hsqldb-1.8.0.10.jar, file:/Users/hpatel/.gradle/caches/modules-2/files-2.1/org.eclipse.jdt/core/3.1.1/88c83ce444cf46d02494da37c9fa1eebc9ce9cea/core-3.1.1.jar, file:/Users/hpatel/.gradle/caches/modules-2/files-2.1/javassist/javassist/3.12.1.GA/526633327faa61aee448a519e8a4d53ec3057885/javassist-3.12.1.GA.jar, file:/Users/hpatel/.gradle/caches/modules-2/files-2.1/dom4j/dom4j/1.6.1/5d3ccc056b6f056dbf0dddfdf43894b9065a8f94/dom4j-1.6.1.jar, file:/Users/hpatel/.gradle/caches/modules-2/files-2.1/org.objenesis/objenesis/2.1/87c0ea803b69252868d09308b4618f766f135a96/objenesis-2.1.jar, file:/Users/hpatel/.gradle/caches/modules-2/files-2.1/commons-logging/commons-logging/1.1.3/f6f66e966c70a83ffbdb6f17a0919eaf7c8aca7f/commons-logging-1.1.3.jar, file:/Users/hpatel/.gradle/caches/modules-2/files-2.1/org.apache.hive/hive-common/0.13.1-cdh5.3.3/e3fbf24d30a553c50ae4d4eed23f81b0e1211c5a/hive-common-0.13.1-cdh5.3.3.jar, file:/Users/hpatel/.gradle/caches/modules-2/files-2.1/org.apache.avro/avro/1.7.6-cdh5.3.3/6d90271293977d199ed07002bf35e2805405cc64/avro-1.7.6-cdh5.3.3.jar, file:/Users/hpatel/.gradle/caches/modules-2/files-2.1/net.sf.opencsv/opencsv/2.3/c23708cdb9e80a144db433e23344a788a1fd6599/opencsv-2.3.jar, file:/Users/hpatel/.gradle/caches/modules-2/files-2.1/com.sun.jersey/jersey-servlet/1.14/4b87041a59ee152757b62e47a21d5b63fde20ffe/jersey-servlet-1.14.jar, file:/Users/hpatel/.gradle/caches/modules-2/files-2.1/org.slf4j/slf4j-log4j12/1.7.5/6edffc576ce104ec769d954618764f39f0f0f10d/slf4j-log4j12-1.7.5.jar, file:/Users/hpatel/.gradle/caches/modules-2/files-2.1/org.apache.commons/commons-math3/3.1.1/6719d757a98ff24a83d9d727bef9cec83f59b6e1/commons-math3-3.1.1.jar, file:/Users/hpatel/.gradle/caches/modules-2/files-2.1/commons-io/commons-io/2.4/b1b6ea3b7e4aa4f492509a4952029cd8e48019ad/commons-io-2.4.jar, file:/Users/hpatel/.gradle/caches/modules-2/files-2.1/com.sun.jersey/jersey-json/1.9/1aa73e1896bcc7013fed247157d7f676226eb432/jersey-json-1.9.jar, file:/Users/hpatel/.gradle/caches/modules-2/files-2.1/log4j/log4j/1.2.17/5af35056b4d257e4b64b9e8069c0746e8b08629f/log4j-1.2.17.jar, file:/Users/hpatel/.gradle/caches/modules-2/files-2.1/com.google.code.gson/gson/2.2.4/a60a5e993c98c864010053cb901b7eab25306568/gson-2.2.4.jar, file:/Users/hpatel/.gradle/caches/modules-2/files-2.1/org.apache.hadoop/hadoop-auth/2.5.0-cdh5.3.3/847eb288da72acfdd7d202da5149dec6cd20ceba/hadoop-auth-2.5.0-cdh5.3.3.jar, file:/Users/hpatel/.gradle/caches/modules-2/files-2.1/com.jcraft/jsch/0.1.42/a86104b0f2e0c0bab5b0df836065823a99b5e334/jsch-0.1.42.jar, file:/Users/hpatel/.gradle/caches/modules-2/files-2.1/org.apache.curator/curator-client/2.6.0/b9007c357ad1a78066fc6004e8b1feaa2318f6f3/curator-client-2.6.0.jar, file:/Users/hpatel/.gradle/caches/modules-2/files-2.1/org.apache.curator/curator-recipes/2.6.0/8736b0fc42e6bf006d585fe85c90aaa4ade5cbef/curator-recipes-2.6.0.jar, file:/Users/hpatel/.gradle/caches/modules-2/files-2.1/com.google.code.findbugs/jsr305/1.3.9/40719ea6961c0cb6afaeb6a921eaa1f6afd4cfdf/jsr305-1.3.9.jar, file:/Users/hpatel/.gradle/caches/modules-2/files-2.1/org.apache.commons/commons-compress/1.4.1/b02e84a993d88568417536240e970c4b809126fd/commons-compress-1.4.1.jar, file:/Users/hpatel/.gradle/caches/modules-2/files-2.1/org.apache.hive.shims/hive-shims-common/0.13.1-cdh5.3.3/3d9e5245018fbde18f52c4ab25fc35afdec2fc0a/hive-shims-common-0.13.1-cdh5.3.3.jar, file:/Users/hpatel/.gradle/caches/modules-2/files-2.1/org.apache.hive.shims/hive-shims-common-secure/0.13.1-cdh5.3.3/6b29a16b2a41b89bdbbc681c257ad7f766a90bcb/hive-shims-common-secure-0.13.1-cdh5.3.3.jar, file:/Users/hpatel/.gradle/caches/modules-2/files-2.1/org.apache.hive.shims/hive-shims-0.23/0.13.1-cdh5.3.3/7ab834955a767af200d1d9151c204751637d9ca9/hive-shims-0.23-0.13.1-cdh5.3.3.jar, file:/Users/hpatel/.gradle/caches/modules-2/files-2.1/org.apache.hive.shims/hive-shims-scheduler/0.13.1-cdh5.3.3/b6644420b74f936a838f7f3fd2fa19c19add0449/hive-shims-scheduler-0.13.1-cdh5.3.3.jar, file:/Users/hpatel/.gradle/caches/modules-2/files-2.1/org.apache.hadoop/hadoop-mapreduce-client-common/2.5.0-cdh5.3.3/f0d777bb76ca9f540c0c81a45934f0f5cf9975b8/hadoop-mapreduce-client-common-2.5.0-cdh5.3.3.jar, file:/Users/hpatel/.gradle/caches/modules-2/files-2.1/org.apache.hadoop/hadoop-mapreduce-client-shuffle/2.5.0-cdh5.3.3/b6c4316f6fcc406edf7e5bd77c50e46034ad5519/hadoop-mapreduce-client-shuffle-2.5.0-cdh5.3.3.jar, file:/Users/hpatel/.gradle/caches/modules-2/files-2.1/org.apache.hadoop/hadoop-yarn-common/2.5.0-cdh5.3.3/9499713b674eae1aa714fcd0e95e0d09daaf3824/hadoop-yarn-common-2.5.0-cdh5.3.3.jar, file:/Users/hpatel/.gradle/caches/modules-2/files-2.1/com.fasterxml.jackson.core/jackson-databind/2.2.3/3ae380888029daefb91d3ecdca3a37d8cb92bc9/jackson-databind-2.2.3.jar, file:/Users/hpatel/.gradle/caches/modules-2/files-2.1/com.fasterxml.jackson.core/jackson-annotations/2.2.3/527fece4f23a457070a36c371a26d6c0208e1c3/jackson-annotations-2.2.3.jar, file:/Users/hpatel/.gradle/caches/modules-2/files-2.1/com.amazonaws/aws-java-sdk/1.7.4/2c24ccb6f1ab845a7df971951d4b41c709a6517d/aws-java-sdk-1.7.4.jar, file:/Users/hpatel/.gradle/caches/modules-2/files-2.1/commons-digester/commons-digester/1.8/dc6a73fdbd1fa3f0944e8497c6c872fa21dca37e/commons-digester-1.8.jar, file:/Users/hpatel/.gradle/caches/modules-2/files-2.1/commons-beanutils/commons-beanutils-core/1.8.0/175dc721f87e4bc5cc0573f990e28c3cf9117508/commons-beanutils-core-1.8.0.jar, file:/Users/hpatel/.gradle/caches/modules-2/files-2.1/xml-apis/xml-apis/1.0.b2/3136ca936f64c9d68529f048c2618bd356bf85c9/xml-apis-1.0.b2.jar, file:/Users/hpatel/.gradle/caches/modules-2/files-2.1/com.thoughtworks.paranamer/paranamer/2.3/4a85963a752c0a2f715c3924bfc686865e7e1bc6/paranamer-2.3.jar, file:/Users/hpatel/.gradle/caches/modules-2/files-2.1/org.xerial.snappy/snappy-java/1.0.5/10cb4550360a0ec6b80f09a5209d00b6058e82bf/snappy-java-1.0.5.jar, file:/Users/hpatel/.gradle/caches/modules-2/files-2.1/org.codehaus.jettison/jettison/1.1/1a01a2a1218fcf9faa2cc2a6ced025bdea687262/jettison-1.1.jar, file:/Users/hpatel/.gradle/caches/modules-2/files-2.1/com.sun.xml.bind/jaxb-impl/2.2.3-1/56baae106392040a45a06d4a41099173425da1e6/jaxb-impl-2.2.3-1.jar, file:/Users/hpatel/.gradle/caches/modules-2/files-2.1/org.apache.directory.server/apacheds-kerberos-codec/2.0.0-M15/1c16e4e477183641c5f0dd5cdecd27ec331bacb5/apacheds-kerberos-codec-2.0.0-M15.jar, file:/Users/hpatel/.gradle/caches/modules-2/files-2.1/org.apache.curator/curator-framework/2.6.0/81a699c39d127b5b4ff97cc77da7650b53e5b5ed/curator-framework-2.6.0.jar, file:/Users/hpatel/.gradle/caches/modules-2/files-2.1/org.tukaani/xz/1.0/ecff5cb8b1189514c9d1d8d68eb77ac372e000c9/xz-1.0.jar, file:/Users/hpatel/.gradle/caches/modules-2/files-2.1/org.apache.hadoop/hadoop-yarn-client/2.5.0-cdh5.3.3/2d2ce5d0138d02b20aefcfc1ee8dd6f691911f63/hadoop-yarn-client-2.5.0-cdh5.3.3.jar, file:/Users/hpatel/.gradle/caches/modules-2/files-2.1/org.apache.hadoop/hadoop-yarn-server-common/2.5.0-cdh5.3.3/d099fcc19f56d477fa6b5b47ae4e06bb97538778/hadoop-yarn-server-common-2.5.0-cdh5.3.3.jar, file:/Users/hpatel/.gradle/caches/modules-2/files-2.1/org.apache.hadoop/hadoop-yarn-server-nodemanager/2.5.0-cdh5.3.3/278b2d7a6454ce57a94ab02a88c0b188afc8facc/hadoop-yarn-server-nodemanager-2.5.0-cdh5.3.3.jar, file:/Users/hpatel/.gradle/caches/modules-2/files-2.1/org.fusesource.leveldbjni/leveldbjni-all/1.8/707350a2eeb1fa2ed77a32ddb3893ed308e941db/leveldbjni-all-1.8.jar, file:/Users/hpatel/.gradle/caches/modules-2/files-2.1/javax.xml.bind/jaxb-api/2.2.2/aeb3021ca93dde265796d82015beecdcff95bf09/jaxb-api-2.2.2.jar, file:/Users/hpatel/.gradle/caches/modules-2/files-2.1/com.google.inject/guice/3.0/9d84f15fe35e2c716a02979fb62f50a29f38aefa/guice-3.0.jar, file:/Users/hpatel/.gradle/caches/modules-2/files-2.1/com.sun.jersey.contribs/jersey-guice/1.9/5963c28c47df7e5d6ad34cec80c071c368777f7b/jersey-guice-1.9.jar, file:/Users/hpatel/.gradle/caches/modules-2/files-2.1/com.fasterxml.jackson.core/jackson-core/2.2.3/1a0113da2cab5f4c216b4e5e7c1dbfaa67087e14/jackson-core-2.2.3.jar, file:/Users/hpatel/.gradle/caches/modules-2/files-2.1/commons-beanutils/commons-beanutils/1.7.0/5675fd96b29656504b86029551973d60fb41339b/commons-beanutils-1.7.0.jar, file:/Users/hpatel/.gradle/caches/modules-2/files-2.1/org.apache.directory.server/apacheds-i18n/2.0.0-M15/71c61c84683152ec2a6a65f3f96fe534e304fa22/apacheds-i18n-2.0.0-M15.jar, file:/Users/hpatel/.gradle/caches/modules-2/files-2.1/org.apache.directory.api/api-asn1-api/1.0.0-M20/5e6486ffa3125ba44dc410ead166e1d6ba8ac76d/api-asn1-api-1.0.0-M20.jar, file:/Users/hpatel/.gradle/caches/modules-2/files-2.1/org.apache.directory.api/api-util/1.0.0-M20/a871abf060b3cf83fc6dc4d7e3d151fce50ac3cb/api-util-1.0.0-M20.jar, file:/Users/hpatel/.gradle/caches/modules-2/files-2.1/com.sun.jersey/jersey-client/1.9/d3c4b2b5f89db32c96ceddcb863684821910a7bb/jersey-client-1.9.jar, file:/Users/hpatel/.gradle/caches/modules-2/files-2.1/javax.xml.stream/stax-api/1.0-2/d6337b0de8b25e53e81b922352fbea9f9f57ba0b/stax-api-1.0-2.jar, file:/Users/hpatel/.gradle/caches/modules-2/files-2.1/javax.activation/activation/1.1/e6cb541461c2834bdea3eb920f1884d1eb508b50/activation-1.1.jar, file:/Users/hpatel/.gradle/caches/modules-2/files-2.1/javax.inject/javax.inject/1/6975da39a7040257bd51d21a231b76c915872d38/javax.inject-1.jar, file:/Users/hpatel/.gradle/caches/modules-2/files-2.1/aopalliance/aopalliance/1.0/235ba8b489512805ac13a8f9ea77a1ca5ebe3e8/aopalliance-1.0.jar, file:/Users/hpatel/.gradle/caches/modules-2/files-2.1/org.sonatype.sisu.inject/cglib/2.2.1-v20090111/7ce5e983fd0e6c78346f4c9cbfa39d83049dda2/cglib-2.2.1-v20090111.jar, file:/Users/hpatel/.gradle/caches/modules-2/files-2.1/asm/asm/3.1/c157def142714c544bdea2e6144645702adf7097/asm-3.1.jar, file:/Users/hpatel/.gradle/caches/modules-2/files-2.1/org.apache.hive/hive-service/0.13.1-cdh5.3.3/c7979b4213bfb62823d43ba726e0fea58032dd1e/hive-service-0.13.1-cdh5.3.3.jar, file:/Users/hpatel/.gradle/caches/modules-2/files-2.1/net.sf.jpam/jpam/1.1/cb3d91c2dfda767518a371dbb02edfd6a4aa0600/jpam-1.1.jar, file:/Users/hpatel/.gradle/caches/modules-2/files-2.1/org.eclipse.jetty.aggregate/jetty-all/7.6.0.v20120127/47bb68e3837e5c6422138dd1e0d4d75c60dce87a/jetty-all-7.6.0.v20120127.jar, file:/Users/hpatel/.gradle/caches/modules-2/files-2.1/org.apache.thrift/libfb303/0.9.0/639bd69767fdbd7f658ce8233248fe1cea635164/libfb303-0.9.0.jar, file:/Users/hpatel/.gradle/caches/modules-2/files-2.1/org.apache.geronimo.specs/geronimo-jta_1.1_spec/1.1.1/aabab3165b8ea936b9360abbf448459c0d04a5a4/geronimo-jta_1.1_spec-1.1.1.jar, file:/Users/hpatel/.gradle/caches/modules-2/files-2.1/javax.mail/mail/1.4.1/8b7bc69010655425dabf091b51d1e90b4de36715/mail-1.4.1.jar, file:/Users/hpatel/.gradle/caches/modules-2/files-2.1/org.apache.geronimo.specs/geronimo-jaspic_1.0_spec/1.0/44b95be7dae1147716dce5336419eafade880756/geronimo-jaspic_1.0_spec-1.0.jar, file:/Users/hpatel/.gradle/caches/modules-2/files-2.1/org.apache.geronimo.specs/geronimo-annotation_1.0_spec/1.1.1/47caa799389f69d297b86bf90523d431599c3796/geronimo-annotation_1.0_spec-1.1.1.jar, file:/Users/hpatel/.gradle/caches/modules-2/files-2.1/asm/asm-commons/3.1/1b607fbfe7889c6fdff1b7c16439ade0a60869ac/asm-commons-3.1.jar, file:/Users/hpatel/.gradle/caches/modules-2/files-2.1/asm/asm-tree/3.1/c9a5d4334ddf194ea492f22107d45119a5c5322f/asm-tree-3.1.jar, file:/Users/hpatel/.gradle/caches/modules-2/files-2.1/commons-lang/commons-lang/2.6/ce1edb914c94ebc388f086c6827e8bdeec71ac2/commons-lang-2.6.jar, file:/Users/hpatel/.gradle/caches/modules-2/files-2.1/org.mortbay.jetty/jetty/6.1.26.cloudera.4/d59325a5ff8ff18f7543bc3fbb9d5efa0c0ff521/jetty-6.1.26.cloudera.4.jar, file:/Users/hpatel/.gradle/caches/modules-2/files-2.1/org.mortbay.jetty/jetty-util/6.1.26.cloudera.4/b8507b7c5d3fd9a3d01775272cbf1a63f530c19d/jetty-util-6.1.26.cloudera.4.jar, file:/Users/hpatel/.gradle/caches/modules-2/files-2.1/net.java.dev.jets3t/jets3t/0.9.0/792bc96ee7e57b89f472aa0cb5a31015b9f59c96/jets3t-0.9.0.jar, file:/Users/hpatel/.gradle/caches/modules-2/files-2.1/com.jamesmurty.utils/java-xmlbuilder/0.4/ac5962e48cdee3a0a6e1f8e00fcb594747ac5aaf/java-xmlbuilder-0.4.jar, file:/Users/hpatel/.gradle/caches/modules-2/files-2.1/com.google.protobuf/protobuf-java/2.5.0/a10732c76bfacdbd633a7eb0f7968b1059a65dfa/protobuf-java-2.5.0.jar, file:/Users/hpatel/.gradle/caches/modules-2/files-2.1/org.apache.hive/hive-exec/0.13.1-cdh5.3.3/4d935274127f47dd9c0875efcf317ba49aef1219/hive-exec-0.13.1-cdh5.3.3.jar, file:/Users/hpatel/.gradle/caches/modules-2/files-2.1/org.apache.hive/hive-ant/0.13.1-cdh5.3.3/86954e92a903253177cd6935798c50a6c32b7b81/hive-ant-0.13.1-cdh5.3.3.jar, file:/Users/hpatel/.gradle/caches/modules-2/files-2.1/org.antlr/antlr-runtime/3.4/8f011408269a8e42b8548687e137d8eeb56df4b4/antlr-runtime-3.4.jar, file:/Users/hpatel/.gradle/caches/modules-2/files-2.1/org.antlr/ST4/4.0.4/467a2aa12be6d0f0f68c70eecf6714ab733027ac/ST4-4.0.4.jar, file:/Users/hpatel/.gradle/caches/modules-2/files-2.1/org.apache.ant/ant/1.9.1/35900c96dbebc85dcfbd71f4661059ebcf93c077/ant-1.9.1.jar, file:/Users/hpatel/.gradle/caches/modules-2/files-2.1/org.codehaus.groovy/groovy-all/2.1.6/165b8246372a829c1915611646f6d964010656cf/groovy-all-2.1.6.jar, file:/Users/hpatel/.gradle/caches/modules-2/files-2.1/stax/stax-api/1.0.1/49c100caf72d658aca8e58bd74a4ba90fa2b0d70/stax-api-1.0.1.jar, file:/Users/hpatel/.gradle/caches/modules-2/files-2.1/org.apache.velocity/velocity/1.5/9f306baf7523ffc0e81a6353d08a584d254133b/velocity-1.5.jar, file:/Users/hpatel/.gradle/caches/modules-2/files-2.1/org.antlr/stringtemplate/3.2.1/59ec8083721eae215c6f3caee944c410d2be34de/stringtemplate-3.2.1.jar, file:/Users/hpatel/.gradle/caches/modules-2/files-2.1/antlr/antlr/2.7.7/83cd2cd674a217ade95a4bb83a8a14f351f48bd0/antlr-2.7.7.jar, file:/Users/hpatel/.gradle/caches/modules-2/files-2.1/org.apache.ant/ant-launcher/1.9.1/7c71043ca185eaada9e36391dd022d92859327de/ant-launcher-1.9.1.jar, file:/Users/hpatel/.gradle/caches/modules-2/files-2.1/oro/oro/2.0.8/5592374f834645c4ae250f4c9fbb314c9369d698/oro-2.0.8.jar, file:/Users/hpatel/.gradle/caches/modules-2/files-2.1/org.codehaus.jackson/jackson-core-asl/1.9.13/3c304d70f42f832e0a86d45bd437f692129299a4/jackson-core-asl-1.9.13.jar, file:/Users/hpatel/.gradle/caches/modules-2/files-2.1/org.codehaus.jackson/jackson-mapper-asl/1.9.13/1ee2f2bed0e5dd29d1cb155a166e6f8d50bbddb7/jackson-mapper-asl-1.9.13.jar, file:/Users/hpatel/.gradle/caches/modules-2/files-2.1/org.slf4j/slf4j-api/1.7.6/562424e36df3d2327e8e9301a76027fca17d54ea/slf4j-api-1.7.6.jar, file:/Users/hpatel/.gradle/caches/modules-2/files-2.1/com.sun.jersey/jersey-server/1.14/b1a21724c9b708ed54d42d41bb19ff45ae1d49d9/jersey-server-1.14.jar, file:/Users/hpatel/.gradle/caches/modules-2/files-2.1/org.apache.httpcomponents/httpclient/4.2.5/666e26e76f2e87d84e4f16acb546481ae1b8e9a6/httpclient-4.2.5.jar, file:/Users/hpatel/.gradle/caches/modules-2/files-2.1/org.apache.zookeeper/zookeeper/3.4.6/1b2502e29da1ebaade2357cd1de35a855fa3755/zookeeper-3.4.6.jar, file:/Users/hpatel/.gradle/caches/modules-2/files-2.1/com.google.guava/guava/16.0.1/5fa98cd1a63c99a44dd8d3b77e4762b066a5d0c5/guava-16.0.1.jar, file:/Users/hpatel/.gradle/caches/modules-2/files-2.1/org.codehaus.jackson/jackson-jaxrs/1.8.8/71b16055388e9bd3991c3c3834e8e55098b789f1/jackson-jaxrs-1.8.8.jar, file:/Users/hpatel/.gradle/caches/modules-2/files-2.1/org.codehaus.jackson/jackson-xc/1.8.8/52efa08bc1e4cfea168f552b9e3088297d9d0926/jackson-xc-1.8.8.jar, file:/Users/hpatel/.gradle/caches/modules-2/files-2.1/org.apache.hive/hive-metastore/0.13.1-cdh5.3.3/ca93686a17f064a5ab6587799721cddd7836e53a/hive-metastore-0.13.1-cdh5.3.3.jar, file:/Users/hpatel/.gradle/caches/modules-2/files-2.1/com.jolbox/bonecp/0.8.0.RELEASE/cec24ee9345b3678472bb1b8fdd6aa6b9428beb8/bonecp-0.8.0.RELEASE.jar, file:/Users/hpatel/.gradle/caches/modules-2/files-2.1/org.apache.derby/derby/10.10.1.1/9f6f910f0373adc1b23c10f9b4bb151b7e7449f/derby-10.10.1.1.jar, file:/Users/hpatel/.gradle/caches/modules-2/files-2.1/javax.jdo/jdo-api/3.0.1/58e7a538e020b73871e232eeb064835fd98a492/jdo-api-3.0.1.jar, file:/Users/hpatel/.gradle/caches/modules-2/files-2.1/javax.transaction/jta/1.1/2ca09f0b36ca7d71b762e14ea2ff09d5eac57558/jta-1.1.jar, file:/Users/hpatel/.gradle/caches/modules-2/files-2.1/org.apache.thrift/libthrift/0.9.0/9ba8df332b5db95ce7f3b7a83e44d796c3d014d3/libthrift-0.9.0.jar, file:/Users/hpatel/.gradle/caches/modules-2/files-2.1/org.apache.httpcomponents/httpcore/4.2.4/3b7f38df6de5dd8b500e602ae8c2dd5ee446f883/httpcore-4.2.4.jar, file:/Users/hpatel/.gradle/caches/modules-2/files-2.1/com.sun.jersey/jersey-core/1.14/693061de8b9b352b11e997b1dd4052677778852d/jersey-core-1.14.jar, file:/Users/hpatel/.gradle/caches/modules-2/files-2.1/commons-codec/commons-codec/1.6/b7f0fc8f61ecadeb3695f0b9464755eee44374d4/commons-codec-1.6.jar, file:/Users/hpatel/.gradle/caches/modules-2/files-2.1/io.netty/netty/3.7.0.Final/7a8c35599c68c0bf383df74469aa3e03d9aca87/netty-3.7.0.Final.jar]
15/09/06 13:13:46 INFO mr.ObjectCache: Ignoring retrieval request: __MAP_PLAN__
15/09/06 13:13:46 INFO mr.ObjectCache: Ignoring cache key: __MAP_PLAN__
15/09/06 13:13:46 INFO exec.MapOperator: dump TS struct<file_name:string,gen_id:string,dms_system:string,dms_version:string,transmit_ts:string,orig_transmit_ts:string,transmit_by:string,record_status:string,dealer_updt_ind:string,store_number:string,part_type:string,store_name:string,inventory_store_number:string,cat_emrg_dealer_code:string,cat_stock_dealer_code:string,stock_replen_store_number:string,stock_replen_lead_time:string,lst_updt_ts:string,orig_lst_updt_ts:string,lst_updt_by_id:string,file_ins_ts:string,orig_file_ins_ts:string,exp_stock_plan_lead_time:string,dealer_code:string>
15/09/06 13:13:46 INFO mr.ExecMapper: 
<MAP>Id =18
  <Children>
    <TS>Id =13
      <Children>
        <SEL>Id =14
          <Children>
            <RS>Id =16
              <Children>
              <\Children>
              <Parent>Id = 14 null<\Parent>
            <\RS>
          <\Children>
          <Parent>Id = 13 null<\Parent>
        <\SEL>
      <\Children>
      <Parent>Id = 18 null<\Parent>
    <\TS>
  <\Children>
  <Parent><\Parent>
<\MAP>
15/09/06 13:13:46 INFO exec.MapOperator: Initializing Self 18 MAP
15/09/06 13:13:46 INFO exec.TableScanOperator: Initializing Self 13 TS
15/09/06 13:13:46 INFO exec.TableScanOperator: Operator 13 TS initialized
15/09/06 13:13:46 INFO exec.TableScanOperator: Initializing children of 13 TS
15/09/06 13:13:46 INFO exec.SelectOperator: Initializing child 14 SEL
15/09/06 13:13:46 INFO exec.SelectOperator: Initializing Self 14 SEL
15/09/06 13:13:46 INFO exec.SelectOperator: SELECT struct<file_name:string,gen_id:string,dms_system:string,dms_version:string,transmit_ts:string,orig_transmit_ts:string,transmit_by:string,record_status:string,dealer_updt_ind:string,store_number:string,part_type:string,store_name:string,inventory_store_number:string,cat_emrg_dealer_code:string,cat_stock_dealer_code:string,stock_replen_store_number:string,stock_replen_lead_time:string,lst_updt_ts:string,orig_lst_updt_ts:string,lst_updt_by_id:string,file_ins_ts:string,orig_file_ins_ts:string,exp_stock_plan_lead_time:string,dealer_code:string>
15/09/06 13:13:46 INFO exec.SelectOperator: Operator 14 SEL initialized
15/09/06 13:13:46 INFO exec.SelectOperator: Initializing children of 14 SEL
15/09/06 13:13:46 INFO exec.ReduceSinkOperator: Initializing child 16 RS
15/09/06 13:13:46 INFO exec.ReduceSinkOperator: Initializing Self 16 RS
15/09/06 13:13:46 INFO exec.ReduceSinkOperator: Using tag = -1
15/09/06 13:13:46 INFO exec.ReduceSinkOperator: Operator 16 RS initialized
15/09/06 13:13:46 INFO exec.ReduceSinkOperator: Initialization Done 16 RS
15/09/06 13:13:46 INFO exec.SelectOperator: Initialization Done 14 SEL
15/09/06 13:13:46 INFO exec.TableScanOperator: Initialization Done 13 TS
15/09/06 13:13:46 INFO exec.MapOperator: Initialization Done 18 MAP
15/09/06 13:13:46 INFO exec.MapOperator: Processing alias dh for file file:/var/folders/y7/4_pz5fzx54ngcmghz3v6t3m00000gn/T/junit4238406739563525852/hadooptmp/dealer_hierarchy/temp_data/dealer_code=AAAA
15/09/06 13:13:46 WARN lazy.LazyStruct: Extra bytes detected at the end of the row! Ignoring similar problems.
15/09/06 13:13:46 INFO mr.ExecMapper: ExecMapper: processing 1 rows: used memory = 405221040
15/09/06 13:13:46 INFO io.HiveContextAwareRecordReader: Processing file file:/var/folders/y7/4_pz5fzx54ngcmghz3v6t3m00000gn/T/junit4238406739563525852/hadooptmp/dealer_hierarchy/temp_data/dealer_code=ZZZZ/temp_data_from_file.csv
15/09/06 13:13:46 INFO exec.MapOperator: Processing alias dh for file file:/var/folders/y7/4_pz5fzx54ngcmghz3v6t3m00000gn/T/junit4238406739563525852/hadooptmp/dealer_hierarchy/temp_data/dealer_code=ZZZZ
15/09/06 13:13:46 WARN lazy.LazyStruct: Extra bytes detected at the end of the row! Ignoring similar problems.
15/09/06 13:13:46 INFO exec.MapOperator: 18 finished. closing... 
15/09/06 13:13:46 INFO exec.MapOperator: DESERIALIZE_ERRORS:0
15/09/06 13:13:46 INFO exec.TableScanOperator: 13 finished. closing... 
15/09/06 13:13:46 INFO exec.SelectOperator: 14 finished. closing... 
15/09/06 13:13:46 INFO exec.ReduceSinkOperator: 16 finished. closing... 
15/09/06 13:13:46 INFO exec.ReduceSinkOperator: 16 Close done
15/09/06 13:13:46 INFO exec.SelectOperator: 14 Close done
15/09/06 13:13:46 INFO exec.TableScanOperator: 13 Close done
15/09/06 13:13:46 INFO exec.MapOperator: 18 Close done
15/09/06 13:13:46 INFO mr.ExecMapper: ExecMapper: processed 4 rows: used memory = 405221040
15/09/06 13:13:46 INFO mapred.MapTask: Starting flush of map output
15/09/06 13:13:46 INFO mapred.MapTask: Finished spill 0
15/09/06 13:13:46 INFO mapred.Task: Task:attempt_local805319995_0002_m_000000_0 is done. And is in the process of commiting
15/09/06 13:13:46 INFO mapred.LocalJobRunner: file:/var/folders/y7/4_pz5fzx54ngcmghz3v6t3m00000gn/T/junit4238406739563525852/hadooptmp/dealer_hierarchy/temp_data/dealer_code=ZZZZ/temp_data_from_file.csv:0+626
15/09/06 13:13:46 INFO mapred.Task: Task 'attempt_local805319995_0002_m_000000_0' done.
15/09/06 13:13:46 INFO mapred.LocalJobRunner: Finishing task: attempt_local805319995_0002_m_000000_0
15/09/06 13:13:46 INFO mapred.LocalJobRunner: Map task executor complete.
15/09/06 13:13:46 WARN mapreduce.Counters: Group org.apache.hadoop.mapred.Task$Counter is deprecated. Use org.apache.hadoop.mapreduce.TaskCounter instead
2015-09-06 13:13:46,911 Stage-1 map = 100%,  reduce = 0%
15/09/06 13:13:46 INFO exec.Task: 2015-09-06 13:13:46,911 Stage-1 map = 100%,  reduce = 0%
15/09/06 13:13:46 INFO mapred.Task:  Using ResourceCalculatorPlugin : null
15/09/06 13:13:46 INFO mapred.LocalJobRunner: 
15/09/06 13:13:46 INFO mapred.Merger: Merging 1 sorted segments
15/09/06 13:13:46 INFO mapred.Merger: Down to the last merge-pass, with 1 segments left of total size: 974 bytes
15/09/06 13:13:46 INFO mapred.LocalJobRunner: 
15/09/06 13:13:46 INFO ExecReducer: maximum memory = 3817865216
15/09/06 13:13:46 INFO ExecReducer: conf classpath = [file:/Users/hpatel/.gradle/caches/2.1/workerMain/gradle-worker.jar, file:/Users/hpatel/Tech/Projects/CAT/ddsw_dev/hive-test/build/classes/test/, file:/Users/hpatel/Tech/Projects/CAT/ddsw_dev/hive-test/build/resources/test/, file:/Users/hpatel/Tech/Projects/CAT/ddsw_dev/hive-test/build/classes/main/, file:/Users/hpatel/Tech/Projects/CAT/ddsw_dev/hive-test/build/resources/main, file:/Users/hpatel/.gradle/caches/modules-2/files-2.1/junit/junit/4.11/4e031bb61df09069aeb2bffb4019e7a5034a4ee0/junit-4.11.jar, file:/Users/hpatel/.gradle/caches/modules-2/files-2.1/com.klarna/hiverunner/1.0.0/e26bb0655fff4d88fab91f331793d9fc1db392cc/HiveRunner-1.0.0.jar, file:/Users/hpatel/Tech/Projects/CAT/ddsw_dev/custom-cat-udfs/build/libs/custom-cat-udfs-0.1.38-SNAPSHOT.jar, file:/Users/hpatel/.gradle/caches/modules-2/files-2.1/org.apache.hadoop/hadoop-client/2.5.0-cdh5.3.3/ec3cd6a8cb043e73a42918934c5d3a3f2747c78b/hadoop-client-2.5.0-cdh5.3.3.jar, file:/Users/hpatel/.gradle/caches/modules-2/files-2.1/org.hsqldb/hsqldb/2.3.1/bd7153caa30958e1c64a3dd38b93e5a7442d9a0e/hsqldb-2.3.1.jar, file:/Users/hpatel/.gradle/caches/modules-2/files-2.1/org.apache.hadoop/hadoop-core/2.5.0-mr1-cdh5.3.3/f6f4a77f818757da51ae0244310855779c04c4be/hadoop-core-2.5.0-mr1-cdh5.3.3.jar, file:/Users/hpatel/.gradle/caches/modules-2/files-2.1/org.reflections/reflections/0.9.8/f723abb59bf512952bfc503838f70f81487a6993/reflections-0.9.8.jar, file:/Users/hpatel/.gradle/caches/modules-2/files-2.1/org.mockito/mockito-core/1.10.19/e8546f5bef4e061d8dd73895b4e8f40e3fe6effe/mockito-core-1.10.19.jar, file:/Users/hpatel/.gradle/caches/modules-2/files-2.1/org.hamcrest/hamcrest-core/1.3/42a25dc3219429f0e5d060061f71acb49bf010a0/hamcrest-core-1.3.jar, file:/Users/hpatel/.gradle/caches/modules-2/files-2.1/org.pentaho/pentaho-aggdesigner-algorithm/5.1.5-jhyde/c52379c645c6c85300e645dff7c72653bf85baa2/pentaho-aggdesigner-algorithm-5.1.5-jhyde.jar, file:/Users/hpatel/.gradle/caches/modules-2/files-2.1/org.apache.hive/hive-serde/0.13.1-cdh5.3.3/9cee47c844d726e9bcef6ab292e1319b7fbddaa3/hive-serde-0.13.1-cdh5.3.3.jar, file:/Users/hpatel/.gradle/caches/modules-2/files-2.1/org.apache.hadoop/hadoop-common/2.5.0-cdh5.3.3/f0862eb1dc33c1807ea29a248af75551e3c6836a/hadoop-common-2.5.0-cdh5.3.3.jar, file:/Users/hpatel/.gradle/caches/modules-2/files-2.1/org.apache.hive/hive-contrib/0.13.1-cdh5.3.3/bf89b429c9b173ac275dc0c1623f5c30e780ee98/hive-contrib-0.13.1-cdh5.3.3.jar, file:/Users/hpatel/.gradle/caches/modules-2/files-2.1/org.datanucleus/datanucleus-core/3.2.12/3212183bb5a2826cd5ff194b9a54619dd0bdf31f/datanucleus-core-3.2.12.jar, file:/Users/hpatel/.gradle/caches/modules-2/files-2.1/org.datanucleus/datanucleus-rdbms/3.2.11/5b053144c89fdff1505b853aa7f1e5ba7657da75/datanucleus-rdbms-3.2.11.jar, file:/Users/hpatel/.gradle/caches/modules-2/files-2.1/org.datanucleus/datanucleus-api-jdo/3.2.8/efc60221fbc91e95cf5758b98c6c5531660696cb/datanucleus-api-jdo-3.2.8.jar, file:/Users/hpatel/.gradle/caches/modules-2/files-2.1/org.apache.hive/hive-shims/0.13.1-cdh5.3.3/47b029532c0b9d45526dcdd858823e6f9634ab81/hive-shims-0.13.1-cdh5.3.3.jar, file:/Users/hpatel/.gradle/caches/modules-2/files-2.1/org.apache.commons/commons-lang3/3.3.1/6738a2da2202ce360f0af90aba005c1e05a2c4cd/commons-lang3-3.3.1.jar, file:/Users/hpatel/.gradle/caches/modules-2/files-2.1/joda-time/joda-time/2.3/56498efd17752898cfcc3868c1b6211a07b12b8f/joda-time-2.3.jar, file:/Users/hpatel/.gradle/caches/modules-2/files-2.1/org.apache.hadoop/hadoop-hdfs/2.5.0-cdh5.3.3/5dd5e2be13d89a9eaab89d3a33bcdf6677671aa9/hadoop-hdfs-2.5.0-cdh5.3.3.jar, file:/Users/hpatel/.gradle/caches/modules-2/files-2.1/org.apache.hadoop/hadoop-mapreduce-client-app/2.5.0-cdh5.3.3/579948f8fa6d9d72bf507bd021fa3dcc0670e95f/hadoop-mapreduce-client-app-2.5.0-cdh5.3.3.jar, file:/Users/hpatel/.gradle/caches/modules-2/files-2.1/org.apache.hadoop/hadoop-yarn-api/2.5.0-cdh5.3.3/a6d9b4b7cbcacd000350a3e33c70269101b5fc79/hadoop-yarn-api-2.5.0-cdh5.3.3.jar, file:/Users/hpatel/.gradle/caches/modules-2/files-2.1/org.apache.hadoop/hadoop-mapreduce-client-core/2.5.0-cdh5.3.3/f2c8eaa2b8a5839a7781f04cf59c4d1abfefec9e/hadoop-mapreduce-client-core-2.5.0-cdh5.3.3.jar, file:/Users/hpatel/.gradle/caches/modules-2/files-2.1/org.apache.hadoop/hadoop-mapreduce-client-jobclient/2.5.0-cdh5.3.3/f8baecab9a91245a97e29e4867a7f5ae128ef8a9/hadoop-mapreduce-client-jobclient-2.5.0-cdh5.3.3.jar, file:/Users/hpatel/.gradle/caches/modules-2/files-2.1/org.apache.hadoop/hadoop-aws/2.5.0-cdh5.3.3/f712d9cf59c859914254bed5c87ee4e5a2204e78/hadoop-aws-2.5.0-cdh5.3.3.jar, file:/Users/hpatel/.gradle/caches/modules-2/files-2.1/org.apache.hadoop/hadoop-annotations/2.5.0-cdh5.3.3/e3b40743127d82ff7a6f263d00419368a46ce608/hadoop-annotations-2.5.0-cdh5.3.3.jar, file:/Users/hpatel/.gradle/caches/modules-2/files-2.1/commons-collections/commons-collections/3.2.1/761ea405b9b37ced573d2df0d1e3a4e0f9edc668/commons-collections-3.2.1.jar, file:/Users/hpatel/.gradle/caches/modules-2/files-2.1/commons-configuration/commons-configuration/1.6/32cadde23955d7681b0d94a2715846d20b425235/commons-configuration-1.6.jar, file:/Users/hpatel/.gradle/caches/modules-2/files-2.1/jline/jline/0.9.94/99a18e9a44834afdebc467294e1138364c207402/jline-0.9.94.jar, file:/Users/hpatel/.gradle/caches/modules-2/files-2.1/commons-cli/commons-cli/1.2/2bf96b7aa8b611c177d329452af1dc933e14501c/commons-cli-1.2.jar, file:/Users/hpatel/.gradle/caches/modules-2/files-2.1/xmlenc/xmlenc/0.52/d82554efbe65906d83b3d97bd7509289e9db561a/xmlenc-0.52.jar, file:/Users/hpatel/.gradle/caches/modules-2/files-2.1/commons-httpclient/commons-httpclient/3.1/964cd74171f427720480efdec40a7c7f6e58426a/commons-httpclient-3.1.jar, file:/Users/hpatel/.gradle/caches/modules-2/files-2.1/commons-net/commons-net/3.1/2298164a7c2484406f2aa5ac85b205d39019896f/commons-net-3.1.jar, file:/Users/hpatel/.gradle/caches/modules-2/files-2.1/tomcat/jasper-runtime/5.5.23/96ca5528a93ab47b001476b74320c644beb89dde/jasper-runtime-5.5.23.jar, file:/Users/hpatel/.gradle/caches/modules-2/files-2.1/tomcat/jasper-compiler/5.5.23/6d35bd7fb8c4fbc1f5401fb3678aa976d2e4c241/jasper-compiler-5.5.23.jar, file:/Users/hpatel/.gradle/caches/modules-2/files-2.1/javax.servlet.jsp/jsp-api/2.1/63f943103f250ef1f3a4d5e94d145a0f961f5316/jsp-api-2.1.jar, file:/Users/hpatel/.gradle/caches/modules-2/files-2.1/commons-el/commons-el/1.0/1df2c042b3f2de0124750241ac6c886dbfa2cc2c/commons-el-1.0.jar, file:/Users/hpatel/.gradle/caches/modules-2/files-2.1/javax.servlet/servlet-api/2.5/5959582d97d8b61f4d154ca9e495aafd16726e34/servlet-api-2.5.jar, file:/Users/hpatel/.gradle/caches/modules-2/files-2.1/hsqldb/hsqldb/1.8.0.10/7e9978fdb754bce5fcd5161133e7734ecb683036/hsqldb-1.8.0.10.jar, file:/Users/hpatel/.gradle/caches/modules-2/files-2.1/org.eclipse.jdt/core/3.1.1/88c83ce444cf46d02494da37c9fa1eebc9ce9cea/core-3.1.1.jar, file:/Users/hpatel/.gradle/caches/modules-2/files-2.1/javassist/javassist/3.12.1.GA/526633327faa61aee448a519e8a4d53ec3057885/javassist-3.12.1.GA.jar, file:/Users/hpatel/.gradle/caches/modules-2/files-2.1/dom4j/dom4j/1.6.1/5d3ccc056b6f056dbf0dddfdf43894b9065a8f94/dom4j-1.6.1.jar, file:/Users/hpatel/.gradle/caches/modules-2/files-2.1/org.objenesis/objenesis/2.1/87c0ea803b69252868d09308b4618f766f135a96/objenesis-2.1.jar, file:/Users/hpatel/.gradle/caches/modules-2/files-2.1/commons-logging/commons-logging/1.1.3/f6f66e966c70a83ffbdb6f17a0919eaf7c8aca7f/commons-logging-1.1.3.jar, file:/Users/hpatel/.gradle/caches/modules-2/files-2.1/org.apache.hive/hive-common/0.13.1-cdh5.3.3/e3fbf24d30a553c50ae4d4eed23f81b0e1211c5a/hive-common-0.13.1-cdh5.3.3.jar, file:/Users/hpatel/.gradle/caches/modules-2/files-2.1/org.apache.avro/avro/1.7.6-cdh5.3.3/6d90271293977d199ed07002bf35e2805405cc64/avro-1.7.6-cdh5.3.3.jar, file:/Users/hpatel/.gradle/caches/modules-2/files-2.1/net.sf.opencsv/opencsv/2.3/c23708cdb9e80a144db433e23344a788a1fd6599/opencsv-2.3.jar, file:/Users/hpatel/.gradle/caches/modules-2/files-2.1/com.sun.jersey/jersey-servlet/1.14/4b87041a59ee152757b62e47a21d5b63fde20ffe/jersey-servlet-1.14.jar, file:/Users/hpatel/.gradle/caches/modules-2/files-2.1/org.slf4j/slf4j-log4j12/1.7.5/6edffc576ce104ec769d954618764f39f0f0f10d/slf4j-log4j12-1.7.5.jar, file:/Users/hpatel/.gradle/caches/modules-2/files-2.1/org.apache.commons/commons-math3/3.1.1/6719d757a98ff24a83d9d727bef9cec83f59b6e1/commons-math3-3.1.1.jar, file:/Users/hpatel/.gradle/caches/modules-2/files-2.1/commons-io/commons-io/2.4/b1b6ea3b7e4aa4f492509a4952029cd8e48019ad/commons-io-2.4.jar, file:/Users/hpatel/.gradle/caches/modules-2/files-2.1/com.sun.jersey/jersey-json/1.9/1aa73e1896bcc7013fed247157d7f676226eb432/jersey-json-1.9.jar, file:/Users/hpatel/.gradle/caches/modules-2/files-2.1/log4j/log4j/1.2.17/5af35056b4d257e4b64b9e8069c0746e8b08629f/log4j-1.2.17.jar, file:/Users/hpatel/.gradle/caches/modules-2/files-2.1/com.google.code.gson/gson/2.2.4/a60a5e993c98c864010053cb901b7eab25306568/gson-2.2.4.jar, file:/Users/hpatel/.gradle/caches/modules-2/files-2.1/org.apache.hadoop/hadoop-auth/2.5.0-cdh5.3.3/847eb288da72acfdd7d202da5149dec6cd20ceba/hadoop-auth-2.5.0-cdh5.3.3.jar, file:/Users/hpatel/.gradle/caches/modules-2/files-2.1/com.jcraft/jsch/0.1.42/a86104b0f2e0c0bab5b0df836065823a99b5e334/jsch-0.1.42.jar, file:/Users/hpatel/.gradle/caches/modules-2/files-2.1/org.apache.curator/curator-client/2.6.0/b9007c357ad1a78066fc6004e8b1feaa2318f6f3/curator-client-2.6.0.jar, file:/Users/hpatel/.gradle/caches/modules-2/files-2.1/org.apache.curator/curator-recipes/2.6.0/8736b0fc42e6bf006d585fe85c90aaa4ade5cbef/curator-recipes-2.6.0.jar, file:/Users/hpatel/.gradle/caches/modules-2/files-2.1/com.google.code.findbugs/jsr305/1.3.9/40719ea6961c0cb6afaeb6a921eaa1f6afd4cfdf/jsr305-1.3.9.jar, file:/Users/hpatel/.gradle/caches/modules-2/files-2.1/org.apache.commons/commons-compress/1.4.1/b02e84a993d88568417536240e970c4b809126fd/commons-compress-1.4.1.jar, file:/Users/hpatel/.gradle/caches/modules-2/files-2.1/org.apache.hive.shims/hive-shims-common/0.13.1-cdh5.3.3/3d9e5245018fbde18f52c4ab25fc35afdec2fc0a/hive-shims-common-0.13.1-cdh5.3.3.jar, file:/Users/hpatel/.gradle/caches/modules-2/files-2.1/org.apache.hive.shims/hive-shims-common-secure/0.13.1-cdh5.3.3/6b29a16b2a41b89bdbbc681c257ad7f766a90bcb/hive-shims-common-secure-0.13.1-cdh5.3.3.jar, file:/Users/hpatel/.gradle/caches/modules-2/files-2.1/org.apache.hive.shims/hive-shims-0.23/0.13.1-cdh5.3.3/7ab834955a767af200d1d9151c204751637d9ca9/hive-shims-0.23-0.13.1-cdh5.3.3.jar, file:/Users/hpatel/.gradle/caches/modules-2/files-2.1/org.apache.hive.shims/hive-shims-scheduler/0.13.1-cdh5.3.3/b6644420b74f936a838f7f3fd2fa19c19add0449/hive-shims-scheduler-0.13.1-cdh5.3.3.jar, file:/Users/hpatel/.gradle/caches/modules-2/files-2.1/org.apache.hadoop/hadoop-mapreduce-client-common/2.5.0-cdh5.3.3/f0d777bb76ca9f540c0c81a45934f0f5cf9975b8/hadoop-mapreduce-client-common-2.5.0-cdh5.3.3.jar, file:/Users/hpatel/.gradle/caches/modules-2/files-2.1/org.apache.hadoop/hadoop-mapreduce-client-shuffle/2.5.0-cdh5.3.3/b6c4316f6fcc406edf7e5bd77c50e46034ad5519/hadoop-mapreduce-client-shuffle-2.5.0-cdh5.3.3.jar, file:/Users/hpatel/.gradle/caches/modules-2/files-2.1/org.apache.hadoop/hadoop-yarn-common/2.5.0-cdh5.3.3/9499713b674eae1aa714fcd0e95e0d09daaf3824/hadoop-yarn-common-2.5.0-cdh5.3.3.jar, file:/Users/hpatel/.gradle/caches/modules-2/files-2.1/com.fasterxml.jackson.core/jackson-databind/2.2.3/3ae380888029daefb91d3ecdca3a37d8cb92bc9/jackson-databind-2.2.3.jar, file:/Users/hpatel/.gradle/caches/modules-2/files-2.1/com.fasterxml.jackson.core/jackson-annotations/2.2.3/527fece4f23a457070a36c371a26d6c0208e1c3/jackson-annotations-2.2.3.jar, file:/Users/hpatel/.gradle/caches/modules-2/files-2.1/com.amazonaws/aws-java-sdk/1.7.4/2c24ccb6f1ab845a7df971951d4b41c709a6517d/aws-java-sdk-1.7.4.jar, file:/Users/hpatel/.gradle/caches/modules-2/files-2.1/commons-digester/commons-digester/1.8/dc6a73fdbd1fa3f0944e8497c6c872fa21dca37e/commons-digester-1.8.jar, file:/Users/hpatel/.gradle/caches/modules-2/files-2.1/commons-beanutils/commons-beanutils-core/1.8.0/175dc721f87e4bc5cc0573f990e28c3cf9117508/commons-beanutils-core-1.8.0.jar, file:/Users/hpatel/.gradle/caches/modules-2/files-2.1/xml-apis/xml-apis/1.0.b2/3136ca936f64c9d68529f048c2618bd356bf85c9/xml-apis-1.0.b2.jar, file:/Users/hpatel/.gradle/caches/modules-2/files-2.1/com.thoughtworks.paranamer/paranamer/2.3/4a85963a752c0a2f715c3924bfc686865e7e1bc6/paranamer-2.3.jar, file:/Users/hpatel/.gradle/caches/modules-2/files-2.1/org.xerial.snappy/snappy-java/1.0.5/10cb4550360a0ec6b80f09a5209d00b6058e82bf/snappy-java-1.0.5.jar, file:/Users/hpatel/.gradle/caches/modules-2/files-2.1/org.codehaus.jettison/jettison/1.1/1a01a2a1218fcf9faa2cc2a6ced025bdea687262/jettison-1.1.jar, file:/Users/hpatel/.gradle/caches/modules-2/files-2.1/com.sun.xml.bind/jaxb-impl/2.2.3-1/56baae106392040a45a06d4a41099173425da1e6/jaxb-impl-2.2.3-1.jar, file:/Users/hpatel/.gradle/caches/modules-2/files-2.1/org.apache.directory.server/apacheds-kerberos-codec/2.0.0-M15/1c16e4e477183641c5f0dd5cdecd27ec331bacb5/apacheds-kerberos-codec-2.0.0-M15.jar, file:/Users/hpatel/.gradle/caches/modules-2/files-2.1/org.apache.curator/curator-framework/2.6.0/81a699c39d127b5b4ff97cc77da7650b53e5b5ed/curator-framework-2.6.0.jar, file:/Users/hpatel/.gradle/caches/modules-2/files-2.1/org.tukaani/xz/1.0/ecff5cb8b1189514c9d1d8d68eb77ac372e000c9/xz-1.0.jar, file:/Users/hpatel/.gradle/caches/modules-2/files-2.1/org.apache.hadoop/hadoop-yarn-client/2.5.0-cdh5.3.3/2d2ce5d0138d02b20aefcfc1ee8dd6f691911f63/hadoop-yarn-client-2.5.0-cdh5.3.3.jar, file:/Users/hpatel/.gradle/caches/modules-2/files-2.1/org.apache.hadoop/hadoop-yarn-server-common/2.5.0-cdh5.3.3/d099fcc19f56d477fa6b5b47ae4e06bb97538778/hadoop-yarn-server-common-2.5.0-cdh5.3.3.jar, file:/Users/hpatel/.gradle/caches/modules-2/files-2.1/org.apache.hadoop/hadoop-yarn-server-nodemanager/2.5.0-cdh5.3.3/278b2d7a6454ce57a94ab02a88c0b188afc8facc/hadoop-yarn-server-nodemanager-2.5.0-cdh5.3.3.jar, file:/Users/hpatel/.gradle/caches/modules-2/files-2.1/org.fusesource.leveldbjni/leveldbjni-all/1.8/707350a2eeb1fa2ed77a32ddb3893ed308e941db/leveldbjni-all-1.8.jar, file:/Users/hpatel/.gradle/caches/modules-2/files-2.1/javax.xml.bind/jaxb-api/2.2.2/aeb3021ca93dde265796d82015beecdcff95bf09/jaxb-api-2.2.2.jar, file:/Users/hpatel/.gradle/caches/modules-2/files-2.1/com.google.inject/guice/3.0/9d84f15fe35e2c716a02979fb62f50a29f38aefa/guice-3.0.jar, file:/Users/hpatel/.gradle/caches/modules-2/files-2.1/com.sun.jersey.contribs/jersey-guice/1.9/5963c28c47df7e5d6ad34cec80c071c368777f7b/jersey-guice-1.9.jar, file:/Users/hpatel/.gradle/caches/modules-2/files-2.1/com.fasterxml.jackson.core/jackson-core/2.2.3/1a0113da2cab5f4c216b4e5e7c1dbfaa67087e14/jackson-core-2.2.3.jar, file:/Users/hpatel/.gradle/caches/modules-2/files-2.1/commons-beanutils/commons-beanutils/1.7.0/5675fd96b29656504b86029551973d60fb41339b/commons-beanutils-1.7.0.jar, file:/Users/hpatel/.gradle/caches/modules-2/files-2.1/org.apache.directory.server/apacheds-i18n/2.0.0-M15/71c61c84683152ec2a6a65f3f96fe534e304fa22/apacheds-i18n-2.0.0-M15.jar, file:/Users/hpatel/.gradle/caches/modules-2/files-2.1/org.apache.directory.api/api-asn1-api/1.0.0-M20/5e6486ffa3125ba44dc410ead166e1d6ba8ac76d/api-asn1-api-1.0.0-M20.jar, file:/Users/hpatel/.gradle/caches/modules-2/files-2.1/org.apache.directory.api/api-util/1.0.0-M20/a871abf060b3cf83fc6dc4d7e3d151fce50ac3cb/api-util-1.0.0-M20.jar, file:/Users/hpatel/.gradle/caches/modules-2/files-2.1/com.sun.jersey/jersey-client/1.9/d3c4b2b5f89db32c96ceddcb863684821910a7bb/jersey-client-1.9.jar, file:/Users/hpatel/.gradle/caches/modules-2/files-2.1/javax.xml.stream/stax-api/1.0-2/d6337b0de8b25e53e81b922352fbea9f9f57ba0b/stax-api-1.0-2.jar, file:/Users/hpatel/.gradle/caches/modules-2/files-2.1/javax.activation/activation/1.1/e6cb541461c2834bdea3eb920f1884d1eb508b50/activation-1.1.jar, file:/Users/hpatel/.gradle/caches/modules-2/files-2.1/javax.inject/javax.inject/1/6975da39a7040257bd51d21a231b76c915872d38/javax.inject-1.jar, file:/Users/hpatel/.gradle/caches/modules-2/files-2.1/aopalliance/aopalliance/1.0/235ba8b489512805ac13a8f9ea77a1ca5ebe3e8/aopalliance-1.0.jar, file:/Users/hpatel/.gradle/caches/modules-2/files-2.1/org.sonatype.sisu.inject/cglib/2.2.1-v20090111/7ce5e983fd0e6c78346f4c9cbfa39d83049dda2/cglib-2.2.1-v20090111.jar, file:/Users/hpatel/.gradle/caches/modules-2/files-2.1/asm/asm/3.1/c157def142714c544bdea2e6144645702adf7097/asm-3.1.jar, file:/Users/hpatel/.gradle/caches/modules-2/files-2.1/org.apache.hive/hive-service/0.13.1-cdh5.3.3/c7979b4213bfb62823d43ba726e0fea58032dd1e/hive-service-0.13.1-cdh5.3.3.jar, file:/Users/hpatel/.gradle/caches/modules-2/files-2.1/net.sf.jpam/jpam/1.1/cb3d91c2dfda767518a371dbb02edfd6a4aa0600/jpam-1.1.jar, file:/Users/hpatel/.gradle/caches/modules-2/files-2.1/org.eclipse.jetty.aggregate/jetty-all/7.6.0.v20120127/47bb68e3837e5c6422138dd1e0d4d75c60dce87a/jetty-all-7.6.0.v20120127.jar, file:/Users/hpatel/.gradle/caches/modules-2/files-2.1/org.apache.thrift/libfb303/0.9.0/639bd69767fdbd7f658ce8233248fe1cea635164/libfb303-0.9.0.jar, file:/Users/hpatel/.gradle/caches/modules-2/files-2.1/org.apache.geronimo.specs/geronimo-jta_1.1_spec/1.1.1/aabab3165b8ea936b9360abbf448459c0d04a5a4/geronimo-jta_1.1_spec-1.1.1.jar, file:/Users/hpatel/.gradle/caches/modules-2/files-2.1/javax.mail/mail/1.4.1/8b7bc69010655425dabf091b51d1e90b4de36715/mail-1.4.1.jar, file:/Users/hpatel/.gradle/caches/modules-2/files-2.1/org.apache.geronimo.specs/geronimo-jaspic_1.0_spec/1.0/44b95be7dae1147716dce5336419eafade880756/geronimo-jaspic_1.0_spec-1.0.jar, file:/Users/hpatel/.gradle/caches/modules-2/files-2.1/org.apache.geronimo.specs/geronimo-annotation_1.0_spec/1.1.1/47caa799389f69d297b86bf90523d431599c3796/geronimo-annotation_1.0_spec-1.1.1.jar, file:/Users/hpatel/.gradle/caches/modules-2/files-2.1/asm/asm-commons/3.1/1b607fbfe7889c6fdff1b7c16439ade0a60869ac/asm-commons-3.1.jar, file:/Users/hpatel/.gradle/caches/modules-2/files-2.1/asm/asm-tree/3.1/c9a5d4334ddf194ea492f22107d45119a5c5322f/asm-tree-3.1.jar, file:/Users/hpatel/.gradle/caches/modules-2/files-2.1/commons-lang/commons-lang/2.6/ce1edb914c94ebc388f086c6827e8bdeec71ac2/commons-lang-2.6.jar, file:/Users/hpatel/.gradle/caches/modules-2/files-2.1/org.mortbay.jetty/jetty/6.1.26.cloudera.4/d59325a5ff8ff18f7543bc3fbb9d5efa0c0ff521/jetty-6.1.26.cloudera.4.jar, file:/Users/hpatel/.gradle/caches/modules-2/files-2.1/org.mortbay.jetty/jetty-util/6.1.26.cloudera.4/b8507b7c5d3fd9a3d01775272cbf1a63f530c19d/jetty-util-6.1.26.cloudera.4.jar, file:/Users/hpatel/.gradle/caches/modules-2/files-2.1/net.java.dev.jets3t/jets3t/0.9.0/792bc96ee7e57b89f472aa0cb5a31015b9f59c96/jets3t-0.9.0.jar, file:/Users/hpatel/.gradle/caches/modules-2/files-2.1/com.jamesmurty.utils/java-xmlbuilder/0.4/ac5962e48cdee3a0a6e1f8e00fcb594747ac5aaf/java-xmlbuilder-0.4.jar, file:/Users/hpatel/.gradle/caches/modules-2/files-2.1/com.google.protobuf/protobuf-java/2.5.0/a10732c76bfacdbd633a7eb0f7968b1059a65dfa/protobuf-java-2.5.0.jar, file:/Users/hpatel/.gradle/caches/modules-2/files-2.1/org.apache.hive/hive-exec/0.13.1-cdh5.3.3/4d935274127f47dd9c0875efcf317ba49aef1219/hive-exec-0.13.1-cdh5.3.3.jar, file:/Users/hpatel/.gradle/caches/modules-2/files-2.1/org.apache.hive/hive-ant/0.13.1-cdh5.3.3/86954e92a903253177cd6935798c50a6c32b7b81/hive-ant-0.13.1-cdh5.3.3.jar, file:/Users/hpatel/.gradle/caches/modules-2/files-2.1/org.antlr/antlr-runtime/3.4/8f011408269a8e42b8548687e137d8eeb56df4b4/antlr-runtime-3.4.jar, file:/Users/hpatel/.gradle/caches/modules-2/files-2.1/org.antlr/ST4/4.0.4/467a2aa12be6d0f0f68c70eecf6714ab733027ac/ST4-4.0.4.jar, file:/Users/hpatel/.gradle/caches/modules-2/files-2.1/org.apache.ant/ant/1.9.1/35900c96dbebc85dcfbd71f4661059ebcf93c077/ant-1.9.1.jar, file:/Users/hpatel/.gradle/caches/modules-2/files-2.1/org.codehaus.groovy/groovy-all/2.1.6/165b8246372a829c1915611646f6d964010656cf/groovy-all-2.1.6.jar, file:/Users/hpatel/.gradle/caches/modules-2/files-2.1/stax/stax-api/1.0.1/49c100caf72d658aca8e58bd74a4ba90fa2b0d70/stax-api-1.0.1.jar, file:/Users/hpatel/.gradle/caches/modules-2/files-2.1/org.apache.velocity/velocity/1.5/9f306baf7523ffc0e81a6353d08a584d254133b/velocity-1.5.jar, file:/Users/hpatel/.gradle/caches/modules-2/files-2.1/org.antlr/stringtemplate/3.2.1/59ec8083721eae215c6f3caee944c410d2be34de/stringtemplate-3.2.1.jar, file:/Users/hpatel/.gradle/caches/modules-2/files-2.1/antlr/antlr/2.7.7/83cd2cd674a217ade95a4bb83a8a14f351f48bd0/antlr-2.7.7.jar, file:/Users/hpatel/.gradle/caches/modules-2/files-2.1/org.apache.ant/ant-launcher/1.9.1/7c71043ca185eaada9e36391dd022d92859327de/ant-launcher-1.9.1.jar, file:/Users/hpatel/.gradle/caches/modules-2/files-2.1/oro/oro/2.0.8/5592374f834645c4ae250f4c9fbb314c9369d698/oro-2.0.8.jar, file:/Users/hpatel/.gradle/caches/modules-2/files-2.1/org.codehaus.jackson/jackson-core-asl/1.9.13/3c304d70f42f832e0a86d45bd437f692129299a4/jackson-core-asl-1.9.13.jar, file:/Users/hpatel/.gradle/caches/modules-2/files-2.1/org.codehaus.jackson/jackson-mapper-asl/1.9.13/1ee2f2bed0e5dd29d1cb155a166e6f8d50bbddb7/jackson-mapper-asl-1.9.13.jar, file:/Users/hpatel/.gradle/caches/modules-2/files-2.1/org.slf4j/slf4j-api/1.7.6/562424e36df3d2327e8e9301a76027fca17d54ea/slf4j-api-1.7.6.jar, file:/Users/hpatel/.gradle/caches/modules-2/files-2.1/com.sun.jersey/jersey-server/1.14/b1a21724c9b708ed54d42d41bb19ff45ae1d49d9/jersey-server-1.14.jar, file:/Users/hpatel/.gradle/caches/modules-2/files-2.1/org.apache.httpcomponents/httpclient/4.2.5/666e26e76f2e87d84e4f16acb546481ae1b8e9a6/httpclient-4.2.5.jar, file:/Users/hpatel/.gradle/caches/modules-2/files-2.1/org.apache.zookeeper/zookeeper/3.4.6/1b2502e29da1ebaade2357cd1de35a855fa3755/zookeeper-3.4.6.jar, file:/Users/hpatel/.gradle/caches/modules-2/files-2.1/com.google.guava/guava/16.0.1/5fa98cd1a63c99a44dd8d3b77e4762b066a5d0c5/guava-16.0.1.jar, file:/Users/hpatel/.gradle/caches/modules-2/files-2.1/org.codehaus.jackson/jackson-jaxrs/1.8.8/71b16055388e9bd3991c3c3834e8e55098b789f1/jackson-jaxrs-1.8.8.jar, file:/Users/hpatel/.gradle/caches/modules-2/files-2.1/org.codehaus.jackson/jackson-xc/1.8.8/52efa08bc1e4cfea168f552b9e3088297d9d0926/jackson-xc-1.8.8.jar, file:/Users/hpatel/.gradle/caches/modules-2/files-2.1/org.apache.hive/hive-metastore/0.13.1-cdh5.3.3/ca93686a17f064a5ab6587799721cddd7836e53a/hive-metastore-0.13.1-cdh5.3.3.jar, file:/Users/hpatel/.gradle/caches/modules-2/files-2.1/com.jolbox/bonecp/0.8.0.RELEASE/cec24ee9345b3678472bb1b8fdd6aa6b9428beb8/bonecp-0.8.0.RELEASE.jar, file:/Users/hpatel/.gradle/caches/modules-2/files-2.1/org.apache.derby/derby/10.10.1.1/9f6f910f0373adc1b23c10f9b4bb151b7e7449f/derby-10.10.1.1.jar, file:/Users/hpatel/.gradle/caches/modules-2/files-2.1/javax.jdo/jdo-api/3.0.1/58e7a538e020b73871e232eeb064835fd98a492/jdo-api-3.0.1.jar, file:/Users/hpatel/.gradle/caches/modules-2/files-2.1/javax.transaction/jta/1.1/2ca09f0b36ca7d71b762e14ea2ff09d5eac57558/jta-1.1.jar, file:/Users/hpatel/.gradle/caches/modules-2/files-2.1/org.apache.thrift/libthrift/0.9.0/9ba8df332b5db95ce7f3b7a83e44d796c3d014d3/libthrift-0.9.0.jar, file:/Users/hpatel/.gradle/caches/modules-2/files-2.1/org.apache.httpcomponents/httpcore/4.2.4/3b7f38df6de5dd8b500e602ae8c2dd5ee446f883/httpcore-4.2.4.jar, file:/Users/hpatel/.gradle/caches/modules-2/files-2.1/com.sun.jersey/jersey-core/1.14/693061de8b9b352b11e997b1dd4052677778852d/jersey-core-1.14.jar, file:/Users/hpatel/.gradle/caches/modules-2/files-2.1/commons-codec/commons-codec/1.6/b7f0fc8f61ecadeb3695f0b9464755eee44374d4/commons-codec-1.6.jar, file:/Users/hpatel/.gradle/caches/modules-2/files-2.1/io.netty/netty/3.7.0.Final/7a8c35599c68c0bf383df74469aa3e03d9aca87/netty-3.7.0.Final.jar]
15/09/06 13:13:46 INFO ExecReducer: thread classpath = [file:/Users/hpatel/.gradle/caches/2.1/workerMain/gradle-worker.jar, file:/Users/hpatel/Tech/Projects/CAT/ddsw_dev/hive-test/build/classes/test/, file:/Users/hpatel/Tech/Projects/CAT/ddsw_dev/hive-test/build/resources/test/, file:/Users/hpatel/Tech/Projects/CAT/ddsw_dev/hive-test/build/classes/main/, file:/Users/hpatel/Tech/Projects/CAT/ddsw_dev/hive-test/build/resources/main, file:/Users/hpatel/.gradle/caches/modules-2/files-2.1/junit/junit/4.11/4e031bb61df09069aeb2bffb4019e7a5034a4ee0/junit-4.11.jar, file:/Users/hpatel/.gradle/caches/modules-2/files-2.1/com.klarna/hiverunner/1.0.0/e26bb0655fff4d88fab91f331793d9fc1db392cc/HiveRunner-1.0.0.jar, file:/Users/hpatel/Tech/Projects/CAT/ddsw_dev/custom-cat-udfs/build/libs/custom-cat-udfs-0.1.38-SNAPSHOT.jar, file:/Users/hpatel/.gradle/caches/modules-2/files-2.1/org.apache.hadoop/hadoop-client/2.5.0-cdh5.3.3/ec3cd6a8cb043e73a42918934c5d3a3f2747c78b/hadoop-client-2.5.0-cdh5.3.3.jar, file:/Users/hpatel/.gradle/caches/modules-2/files-2.1/org.hsqldb/hsqldb/2.3.1/bd7153caa30958e1c64a3dd38b93e5a7442d9a0e/hsqldb-2.3.1.jar, file:/Users/hpatel/.gradle/caches/modules-2/files-2.1/org.apache.hadoop/hadoop-core/2.5.0-mr1-cdh5.3.3/f6f4a77f818757da51ae0244310855779c04c4be/hadoop-core-2.5.0-mr1-cdh5.3.3.jar, file:/Users/hpatel/.gradle/caches/modules-2/files-2.1/org.reflections/reflections/0.9.8/f723abb59bf512952bfc503838f70f81487a6993/reflections-0.9.8.jar, file:/Users/hpatel/.gradle/caches/modules-2/files-2.1/org.mockito/mockito-core/1.10.19/e8546f5bef4e061d8dd73895b4e8f40e3fe6effe/mockito-core-1.10.19.jar, file:/Users/hpatel/.gradle/caches/modules-2/files-2.1/org.hamcrest/hamcrest-core/1.3/42a25dc3219429f0e5d060061f71acb49bf010a0/hamcrest-core-1.3.jar, file:/Users/hpatel/.gradle/caches/modules-2/files-2.1/org.pentaho/pentaho-aggdesigner-algorithm/5.1.5-jhyde/c52379c645c6c85300e645dff7c72653bf85baa2/pentaho-aggdesigner-algorithm-5.1.5-jhyde.jar, file:/Users/hpatel/.gradle/caches/modules-2/files-2.1/org.apache.hive/hive-serde/0.13.1-cdh5.3.3/9cee47c844d726e9bcef6ab292e1319b7fbddaa3/hive-serde-0.13.1-cdh5.3.3.jar, file:/Users/hpatel/.gradle/caches/modules-2/files-2.1/org.apache.hadoop/hadoop-common/2.5.0-cdh5.3.3/f0862eb1dc33c1807ea29a248af75551e3c6836a/hadoop-common-2.5.0-cdh5.3.3.jar, file:/Users/hpatel/.gradle/caches/modules-2/files-2.1/org.apache.hive/hive-contrib/0.13.1-cdh5.3.3/bf89b429c9b173ac275dc0c1623f5c30e780ee98/hive-contrib-0.13.1-cdh5.3.3.jar, file:/Users/hpatel/.gradle/caches/modules-2/files-2.1/org.datanucleus/datanucleus-core/3.2.12/3212183bb5a2826cd5ff194b9a54619dd0bdf31f/datanucleus-core-3.2.12.jar, file:/Users/hpatel/.gradle/caches/modules-2/files-2.1/org.datanucleus/datanucleus-rdbms/3.2.11/5b053144c89fdff1505b853aa7f1e5ba7657da75/datanucleus-rdbms-3.2.11.jar, file:/Users/hpatel/.gradle/caches/modules-2/files-2.1/org.datanucleus/datanucleus-api-jdo/3.2.8/efc60221fbc91e95cf5758b98c6c5531660696cb/datanucleus-api-jdo-3.2.8.jar, file:/Users/hpatel/.gradle/caches/modules-2/files-2.1/org.apache.hive/hive-shims/0.13.1-cdh5.3.3/47b029532c0b9d45526dcdd858823e6f9634ab81/hive-shims-0.13.1-cdh5.3.3.jar, file:/Users/hpatel/.gradle/caches/modules-2/files-2.1/org.apache.commons/commons-lang3/3.3.1/6738a2da2202ce360f0af90aba005c1e05a2c4cd/commons-lang3-3.3.1.jar, file:/Users/hpatel/.gradle/caches/modules-2/files-2.1/joda-time/joda-time/2.3/56498efd17752898cfcc3868c1b6211a07b12b8f/joda-time-2.3.jar, file:/Users/hpatel/.gradle/caches/modules-2/files-2.1/org.apache.hadoop/hadoop-hdfs/2.5.0-cdh5.3.3/5dd5e2be13d89a9eaab89d3a33bcdf6677671aa9/hadoop-hdfs-2.5.0-cdh5.3.3.jar, file:/Users/hpatel/.gradle/caches/modules-2/files-2.1/org.apache.hadoop/hadoop-mapreduce-client-app/2.5.0-cdh5.3.3/579948f8fa6d9d72bf507bd021fa3dcc0670e95f/hadoop-mapreduce-client-app-2.5.0-cdh5.3.3.jar, file:/Users/hpatel/.gradle/caches/modules-2/files-2.1/org.apache.hadoop/hadoop-yarn-api/2.5.0-cdh5.3.3/a6d9b4b7cbcacd000350a3e33c70269101b5fc79/hadoop-yarn-api-2.5.0-cdh5.3.3.jar, file:/Users/hpatel/.gradle/caches/modules-2/files-2.1/org.apache.hadoop/hadoop-mapreduce-client-core/2.5.0-cdh5.3.3/f2c8eaa2b8a5839a7781f04cf59c4d1abfefec9e/hadoop-mapreduce-client-core-2.5.0-cdh5.3.3.jar, file:/Users/hpatel/.gradle/caches/modules-2/files-2.1/org.apache.hadoop/hadoop-mapreduce-client-jobclient/2.5.0-cdh5.3.3/f8baecab9a91245a97e29e4867a7f5ae128ef8a9/hadoop-mapreduce-client-jobclient-2.5.0-cdh5.3.3.jar, file:/Users/hpatel/.gradle/caches/modules-2/files-2.1/org.apache.hadoop/hadoop-aws/2.5.0-cdh5.3.3/f712d9cf59c859914254bed5c87ee4e5a2204e78/hadoop-aws-2.5.0-cdh5.3.3.jar, file:/Users/hpatel/.gradle/caches/modules-2/files-2.1/org.apache.hadoop/hadoop-annotations/2.5.0-cdh5.3.3/e3b40743127d82ff7a6f263d00419368a46ce608/hadoop-annotations-2.5.0-cdh5.3.3.jar, file:/Users/hpatel/.gradle/caches/modules-2/files-2.1/commons-collections/commons-collections/3.2.1/761ea405b9b37ced573d2df0d1e3a4e0f9edc668/commons-collections-3.2.1.jar, file:/Users/hpatel/.gradle/caches/modules-2/files-2.1/commons-configuration/commons-configuration/1.6/32cadde23955d7681b0d94a2715846d20b425235/commons-configuration-1.6.jar, file:/Users/hpatel/.gradle/caches/modules-2/files-2.1/jline/jline/0.9.94/99a18e9a44834afdebc467294e1138364c207402/jline-0.9.94.jar, file:/Users/hpatel/.gradle/caches/modules-2/files-2.1/commons-cli/commons-cli/1.2/2bf96b7aa8b611c177d329452af1dc933e14501c/commons-cli-1.2.jar, file:/Users/hpatel/.gradle/caches/modules-2/files-2.1/xmlenc/xmlenc/0.52/d82554efbe65906d83b3d97bd7509289e9db561a/xmlenc-0.52.jar, file:/Users/hpatel/.gradle/caches/modules-2/files-2.1/commons-httpclient/commons-httpclient/3.1/964cd74171f427720480efdec40a7c7f6e58426a/commons-httpclient-3.1.jar, file:/Users/hpatel/.gradle/caches/modules-2/files-2.1/commons-net/commons-net/3.1/2298164a7c2484406f2aa5ac85b205d39019896f/commons-net-3.1.jar, file:/Users/hpatel/.gradle/caches/modules-2/files-2.1/tomcat/jasper-runtime/5.5.23/96ca5528a93ab47b001476b74320c644beb89dde/jasper-runtime-5.5.23.jar, file:/Users/hpatel/.gradle/caches/modules-2/files-2.1/tomcat/jasper-compiler/5.5.23/6d35bd7fb8c4fbc1f5401fb3678aa976d2e4c241/jasper-compiler-5.5.23.jar, file:/Users/hpatel/.gradle/caches/modules-2/files-2.1/javax.servlet.jsp/jsp-api/2.1/63f943103f250ef1f3a4d5e94d145a0f961f5316/jsp-api-2.1.jar, file:/Users/hpatel/.gradle/caches/modules-2/files-2.1/commons-el/commons-el/1.0/1df2c042b3f2de0124750241ac6c886dbfa2cc2c/commons-el-1.0.jar, file:/Users/hpatel/.gradle/caches/modules-2/files-2.1/javax.servlet/servlet-api/2.5/5959582d97d8b61f4d154ca9e495aafd16726e34/servlet-api-2.5.jar, file:/Users/hpatel/.gradle/caches/modules-2/files-2.1/hsqldb/hsqldb/1.8.0.10/7e9978fdb754bce5fcd5161133e7734ecb683036/hsqldb-1.8.0.10.jar, file:/Users/hpatel/.gradle/caches/modules-2/files-2.1/org.eclipse.jdt/core/3.1.1/88c83ce444cf46d02494da37c9fa1eebc9ce9cea/core-3.1.1.jar, file:/Users/hpatel/.gradle/caches/modules-2/files-2.1/javassist/javassist/3.12.1.GA/526633327faa61aee448a519e8a4d53ec3057885/javassist-3.12.1.GA.jar, file:/Users/hpatel/.gradle/caches/modules-2/files-2.1/dom4j/dom4j/1.6.1/5d3ccc056b6f056dbf0dddfdf43894b9065a8f94/dom4j-1.6.1.jar, file:/Users/hpatel/.gradle/caches/modules-2/files-2.1/org.objenesis/objenesis/2.1/87c0ea803b69252868d09308b4618f766f135a96/objenesis-2.1.jar, file:/Users/hpatel/.gradle/caches/modules-2/files-2.1/commons-logging/commons-logging/1.1.3/f6f66e966c70a83ffbdb6f17a0919eaf7c8aca7f/commons-logging-1.1.3.jar, file:/Users/hpatel/.gradle/caches/modules-2/files-2.1/org.apache.hive/hive-common/0.13.1-cdh5.3.3/e3fbf24d30a553c50ae4d4eed23f81b0e1211c5a/hive-common-0.13.1-cdh5.3.3.jar, file:/Users/hpatel/.gradle/caches/modules-2/files-2.1/org.apache.avro/avro/1.7.6-cdh5.3.3/6d90271293977d199ed07002bf35e2805405cc64/avro-1.7.6-cdh5.3.3.jar, file:/Users/hpatel/.gradle/caches/modules-2/files-2.1/net.sf.opencsv/opencsv/2.3/c23708cdb9e80a144db433e23344a788a1fd6599/opencsv-2.3.jar, file:/Users/hpatel/.gradle/caches/modules-2/files-2.1/com.sun.jersey/jersey-servlet/1.14/4b87041a59ee152757b62e47a21d5b63fde20ffe/jersey-servlet-1.14.jar, file:/Users/hpatel/.gradle/caches/modules-2/files-2.1/org.slf4j/slf4j-log4j12/1.7.5/6edffc576ce104ec769d954618764f39f0f0f10d/slf4j-log4j12-1.7.5.jar, file:/Users/hpatel/.gradle/caches/modules-2/files-2.1/org.apache.commons/commons-math3/3.1.1/6719d757a98ff24a83d9d727bef9cec83f59b6e1/commons-math3-3.1.1.jar, file:/Users/hpatel/.gradle/caches/modules-2/files-2.1/commons-io/commons-io/2.4/b1b6ea3b7e4aa4f492509a4952029cd8e48019ad/commons-io-2.4.jar, file:/Users/hpatel/.gradle/caches/modules-2/files-2.1/com.sun.jersey/jersey-json/1.9/1aa73e1896bcc7013fed247157d7f676226eb432/jersey-json-1.9.jar, file:/Users/hpatel/.gradle/caches/modules-2/files-2.1/log4j/log4j/1.2.17/5af35056b4d257e4b64b9e8069c0746e8b08629f/log4j-1.2.17.jar, file:/Users/hpatel/.gradle/caches/modules-2/files-2.1/com.google.code.gson/gson/2.2.4/a60a5e993c98c864010053cb901b7eab25306568/gson-2.2.4.jar, file:/Users/hpatel/.gradle/caches/modules-2/files-2.1/org.apache.hadoop/hadoop-auth/2.5.0-cdh5.3.3/847eb288da72acfdd7d202da5149dec6cd20ceba/hadoop-auth-2.5.0-cdh5.3.3.jar, file:/Users/hpatel/.gradle/caches/modules-2/files-2.1/com.jcraft/jsch/0.1.42/a86104b0f2e0c0bab5b0df836065823a99b5e334/jsch-0.1.42.jar, file:/Users/hpatel/.gradle/caches/modules-2/files-2.1/org.apache.curator/curator-client/2.6.0/b9007c357ad1a78066fc6004e8b1feaa2318f6f3/curator-client-2.6.0.jar, file:/Users/hpatel/.gradle/caches/modules-2/files-2.1/org.apache.curator/curator-recipes/2.6.0/8736b0fc42e6bf006d585fe85c90aaa4ade5cbef/curator-recipes-2.6.0.jar, file:/Users/hpatel/.gradle/caches/modules-2/files-2.1/com.google.code.findbugs/jsr305/1.3.9/40719ea6961c0cb6afaeb6a921eaa1f6afd4cfdf/jsr305-1.3.9.jar, file:/Users/hpatel/.gradle/caches/modules-2/files-2.1/org.apache.commons/commons-compress/1.4.1/b02e84a993d88568417536240e970c4b809126fd/commons-compress-1.4.1.jar, file:/Users/hpatel/.gradle/caches/modules-2/files-2.1/org.apache.hive.shims/hive-shims-common/0.13.1-cdh5.3.3/3d9e5245018fbde18f52c4ab25fc35afdec2fc0a/hive-shims-common-0.13.1-cdh5.3.3.jar, file:/Users/hpatel/.gradle/caches/modules-2/files-2.1/org.apache.hive.shims/hive-shims-common-secure/0.13.1-cdh5.3.3/6b29a16b2a41b89bdbbc681c257ad7f766a90bcb/hive-shims-common-secure-0.13.1-cdh5.3.3.jar, file:/Users/hpatel/.gradle/caches/modules-2/files-2.1/org.apache.hive.shims/hive-shims-0.23/0.13.1-cdh5.3.3/7ab834955a767af200d1d9151c204751637d9ca9/hive-shims-0.23-0.13.1-cdh5.3.3.jar, file:/Users/hpatel/.gradle/caches/modules-2/files-2.1/org.apache.hive.shims/hive-shims-scheduler/0.13.1-cdh5.3.3/b6644420b74f936a838f7f3fd2fa19c19add0449/hive-shims-scheduler-0.13.1-cdh5.3.3.jar, file:/Users/hpatel/.gradle/caches/modules-2/files-2.1/org.apache.hadoop/hadoop-mapreduce-client-common/2.5.0-cdh5.3.3/f0d777bb76ca9f540c0c81a45934f0f5cf9975b8/hadoop-mapreduce-client-common-2.5.0-cdh5.3.3.jar, file:/Users/hpatel/.gradle/caches/modules-2/files-2.1/org.apache.hadoop/hadoop-mapreduce-client-shuffle/2.5.0-cdh5.3.3/b6c4316f6fcc406edf7e5bd77c50e46034ad5519/hadoop-mapreduce-client-shuffle-2.5.0-cdh5.3.3.jar, file:/Users/hpatel/.gradle/caches/modules-2/files-2.1/org.apache.hadoop/hadoop-yarn-common/2.5.0-cdh5.3.3/9499713b674eae1aa714fcd0e95e0d09daaf3824/hadoop-yarn-common-2.5.0-cdh5.3.3.jar, file:/Users/hpatel/.gradle/caches/modules-2/files-2.1/com.fasterxml.jackson.core/jackson-databind/2.2.3/3ae380888029daefb91d3ecdca3a37d8cb92bc9/jackson-databind-2.2.3.jar, file:/Users/hpatel/.gradle/caches/modules-2/files-2.1/com.fasterxml.jackson.core/jackson-annotations/2.2.3/527fece4f23a457070a36c371a26d6c0208e1c3/jackson-annotations-2.2.3.jar, file:/Users/hpatel/.gradle/caches/modules-2/files-2.1/com.amazonaws/aws-java-sdk/1.7.4/2c24ccb6f1ab845a7df971951d4b41c709a6517d/aws-java-sdk-1.7.4.jar, file:/Users/hpatel/.gradle/caches/modules-2/files-2.1/commons-digester/commons-digester/1.8/dc6a73fdbd1fa3f0944e8497c6c872fa21dca37e/commons-digester-1.8.jar, file:/Users/hpatel/.gradle/caches/modules-2/files-2.1/commons-beanutils/commons-beanutils-core/1.8.0/175dc721f87e4bc5cc0573f990e28c3cf9117508/commons-beanutils-core-1.8.0.jar, file:/Users/hpatel/.gradle/caches/modules-2/files-2.1/xml-apis/xml-apis/1.0.b2/3136ca936f64c9d68529f048c2618bd356bf85c9/xml-apis-1.0.b2.jar, file:/Users/hpatel/.gradle/caches/modules-2/files-2.1/com.thoughtworks.paranamer/paranamer/2.3/4a85963a752c0a2f715c3924bfc686865e7e1bc6/paranamer-2.3.jar, file:/Users/hpatel/.gradle/caches/modules-2/files-2.1/org.xerial.snappy/snappy-java/1.0.5/10cb4550360a0ec6b80f09a5209d00b6058e82bf/snappy-java-1.0.5.jar, file:/Users/hpatel/.gradle/caches/modules-2/files-2.1/org.codehaus.jettison/jettison/1.1/1a01a2a1218fcf9faa2cc2a6ced025bdea687262/jettison-1.1.jar, file:/Users/hpatel/.gradle/caches/modules-2/files-2.1/com.sun.xml.bind/jaxb-impl/2.2.3-1/56baae106392040a45a06d4a41099173425da1e6/jaxb-impl-2.2.3-1.jar, file:/Users/hpatel/.gradle/caches/modules-2/files-2.1/org.apache.directory.server/apacheds-kerberos-codec/2.0.0-M15/1c16e4e477183641c5f0dd5cdecd27ec331bacb5/apacheds-kerberos-codec-2.0.0-M15.jar, file:/Users/hpatel/.gradle/caches/modules-2/files-2.1/org.apache.curator/curator-framework/2.6.0/81a699c39d127b5b4ff97cc77da7650b53e5b5ed/curator-framework-2.6.0.jar, file:/Users/hpatel/.gradle/caches/modules-2/files-2.1/org.tukaani/xz/1.0/ecff5cb8b1189514c9d1d8d68eb77ac372e000c9/xz-1.0.jar, file:/Users/hpatel/.gradle/caches/modules-2/files-2.1/org.apache.hadoop/hadoop-yarn-client/2.5.0-cdh5.3.3/2d2ce5d0138d02b20aefcfc1ee8dd6f691911f63/hadoop-yarn-client-2.5.0-cdh5.3.3.jar, file:/Users/hpatel/.gradle/caches/modules-2/files-2.1/org.apache.hadoop/hadoop-yarn-server-common/2.5.0-cdh5.3.3/d099fcc19f56d477fa6b5b47ae4e06bb97538778/hadoop-yarn-server-common-2.5.0-cdh5.3.3.jar, file:/Users/hpatel/.gradle/caches/modules-2/files-2.1/org.apache.hadoop/hadoop-yarn-server-nodemanager/2.5.0-cdh5.3.3/278b2d7a6454ce57a94ab02a88c0b188afc8facc/hadoop-yarn-server-nodemanager-2.5.0-cdh5.3.3.jar, file:/Users/hpatel/.gradle/caches/modules-2/files-2.1/org.fusesource.leveldbjni/leveldbjni-all/1.8/707350a2eeb1fa2ed77a32ddb3893ed308e941db/leveldbjni-all-1.8.jar, file:/Users/hpatel/.gradle/caches/modules-2/files-2.1/javax.xml.bind/jaxb-api/2.2.2/aeb3021ca93dde265796d82015beecdcff95bf09/jaxb-api-2.2.2.jar, file:/Users/hpatel/.gradle/caches/modules-2/files-2.1/com.google.inject/guice/3.0/9d84f15fe35e2c716a02979fb62f50a29f38aefa/guice-3.0.jar, file:/Users/hpatel/.gradle/caches/modules-2/files-2.1/com.sun.jersey.contribs/jersey-guice/1.9/5963c28c47df7e5d6ad34cec80c071c368777f7b/jersey-guice-1.9.jar, file:/Users/hpatel/.gradle/caches/modules-2/files-2.1/com.fasterxml.jackson.core/jackson-core/2.2.3/1a0113da2cab5f4c216b4e5e7c1dbfaa67087e14/jackson-core-2.2.3.jar, file:/Users/hpatel/.gradle/caches/modules-2/files-2.1/commons-beanutils/commons-beanutils/1.7.0/5675fd96b29656504b86029551973d60fb41339b/commons-beanutils-1.7.0.jar, file:/Users/hpatel/.gradle/caches/modules-2/files-2.1/org.apache.directory.server/apacheds-i18n/2.0.0-M15/71c61c84683152ec2a6a65f3f96fe534e304fa22/apacheds-i18n-2.0.0-M15.jar, file:/Users/hpatel/.gradle/caches/modules-2/files-2.1/org.apache.directory.api/api-asn1-api/1.0.0-M20/5e6486ffa3125ba44dc410ead166e1d6ba8ac76d/api-asn1-api-1.0.0-M20.jar, file:/Users/hpatel/.gradle/caches/modules-2/files-2.1/org.apache.directory.api/api-util/1.0.0-M20/a871abf060b3cf83fc6dc4d7e3d151fce50ac3cb/api-util-1.0.0-M20.jar, file:/Users/hpatel/.gradle/caches/modules-2/files-2.1/com.sun.jersey/jersey-client/1.9/d3c4b2b5f89db32c96ceddcb863684821910a7bb/jersey-client-1.9.jar, file:/Users/hpatel/.gradle/caches/modules-2/files-2.1/javax.xml.stream/stax-api/1.0-2/d6337b0de8b25e53e81b922352fbea9f9f57ba0b/stax-api-1.0-2.jar, file:/Users/hpatel/.gradle/caches/modules-2/files-2.1/javax.activation/activation/1.1/e6cb541461c2834bdea3eb920f1884d1eb508b50/activation-1.1.jar, file:/Users/hpatel/.gradle/caches/modules-2/files-2.1/javax.inject/javax.inject/1/6975da39a7040257bd51d21a231b76c915872d38/javax.inject-1.jar, file:/Users/hpatel/.gradle/caches/modules-2/files-2.1/aopalliance/aopalliance/1.0/235ba8b489512805ac13a8f9ea77a1ca5ebe3e8/aopalliance-1.0.jar, file:/Users/hpatel/.gradle/caches/modules-2/files-2.1/org.sonatype.sisu.inject/cglib/2.2.1-v20090111/7ce5e983fd0e6c78346f4c9cbfa39d83049dda2/cglib-2.2.1-v20090111.jar, file:/Users/hpatel/.gradle/caches/modules-2/files-2.1/asm/asm/3.1/c157def142714c544bdea2e6144645702adf7097/asm-3.1.jar, file:/Users/hpatel/.gradle/caches/modules-2/files-2.1/org.apache.hive/hive-service/0.13.1-cdh5.3.3/c7979b4213bfb62823d43ba726e0fea58032dd1e/hive-service-0.13.1-cdh5.3.3.jar, file:/Users/hpatel/.gradle/caches/modules-2/files-2.1/net.sf.jpam/jpam/1.1/cb3d91c2dfda767518a371dbb02edfd6a4aa0600/jpam-1.1.jar, file:/Users/hpatel/.gradle/caches/modules-2/files-2.1/org.eclipse.jetty.aggregate/jetty-all/7.6.0.v20120127/47bb68e3837e5c6422138dd1e0d4d75c60dce87a/jetty-all-7.6.0.v20120127.jar, file:/Users/hpatel/.gradle/caches/modules-2/files-2.1/org.apache.thrift/libfb303/0.9.0/639bd69767fdbd7f658ce8233248fe1cea635164/libfb303-0.9.0.jar, file:/Users/hpatel/.gradle/caches/modules-2/files-2.1/org.apache.geronimo.specs/geronimo-jta_1.1_spec/1.1.1/aabab3165b8ea936b9360abbf448459c0d04a5a4/geronimo-jta_1.1_spec-1.1.1.jar, file:/Users/hpatel/.gradle/caches/modules-2/files-2.1/javax.mail/mail/1.4.1/8b7bc69010655425dabf091b51d1e90b4de36715/mail-1.4.1.jar, file:/Users/hpatel/.gradle/caches/modules-2/files-2.1/org.apache.geronimo.specs/geronimo-jaspic_1.0_spec/1.0/44b95be7dae1147716dce5336419eafade880756/geronimo-jaspic_1.0_spec-1.0.jar, file:/Users/hpatel/.gradle/caches/modules-2/files-2.1/org.apache.geronimo.specs/geronimo-annotation_1.0_spec/1.1.1/47caa799389f69d297b86bf90523d431599c3796/geronimo-annotation_1.0_spec-1.1.1.jar, file:/Users/hpatel/.gradle/caches/modules-2/files-2.1/asm/asm-commons/3.1/1b607fbfe7889c6fdff1b7c16439ade0a60869ac/asm-commons-3.1.jar, file:/Users/hpatel/.gradle/caches/modules-2/files-2.1/asm/asm-tree/3.1/c9a5d4334ddf194ea492f22107d45119a5c5322f/asm-tree-3.1.jar, file:/Users/hpatel/.gradle/caches/modules-2/files-2.1/commons-lang/commons-lang/2.6/ce1edb914c94ebc388f086c6827e8bdeec71ac2/commons-lang-2.6.jar, file:/Users/hpatel/.gradle/caches/modules-2/files-2.1/org.mortbay.jetty/jetty/6.1.26.cloudera.4/d59325a5ff8ff18f7543bc3fbb9d5efa0c0ff521/jetty-6.1.26.cloudera.4.jar, file:/Users/hpatel/.gradle/caches/modules-2/files-2.1/org.mortbay.jetty/jetty-util/6.1.26.cloudera.4/b8507b7c5d3fd9a3d01775272cbf1a63f530c19d/jetty-util-6.1.26.cloudera.4.jar, file:/Users/hpatel/.gradle/caches/modules-2/files-2.1/net.java.dev.jets3t/jets3t/0.9.0/792bc96ee7e57b89f472aa0cb5a31015b9f59c96/jets3t-0.9.0.jar, file:/Users/hpatel/.gradle/caches/modules-2/files-2.1/com.jamesmurty.utils/java-xmlbuilder/0.4/ac5962e48cdee3a0a6e1f8e00fcb594747ac5aaf/java-xmlbuilder-0.4.jar, file:/Users/hpatel/.gradle/caches/modules-2/files-2.1/com.google.protobuf/protobuf-java/2.5.0/a10732c76bfacdbd633a7eb0f7968b1059a65dfa/protobuf-java-2.5.0.jar, file:/Users/hpatel/.gradle/caches/modules-2/files-2.1/org.apache.hive/hive-exec/0.13.1-cdh5.3.3/4d935274127f47dd9c0875efcf317ba49aef1219/hive-exec-0.13.1-cdh5.3.3.jar, file:/Users/hpatel/.gradle/caches/modules-2/files-2.1/org.apache.hive/hive-ant/0.13.1-cdh5.3.3/86954e92a903253177cd6935798c50a6c32b7b81/hive-ant-0.13.1-cdh5.3.3.jar, file:/Users/hpatel/.gradle/caches/modules-2/files-2.1/org.antlr/antlr-runtime/3.4/8f011408269a8e42b8548687e137d8eeb56df4b4/antlr-runtime-3.4.jar, file:/Users/hpatel/.gradle/caches/modules-2/files-2.1/org.antlr/ST4/4.0.4/467a2aa12be6d0f0f68c70eecf6714ab733027ac/ST4-4.0.4.jar, file:/Users/hpatel/.gradle/caches/modules-2/files-2.1/org.apache.ant/ant/1.9.1/35900c96dbebc85dcfbd71f4661059ebcf93c077/ant-1.9.1.jar, file:/Users/hpatel/.gradle/caches/modules-2/files-2.1/org.codehaus.groovy/groovy-all/2.1.6/165b8246372a829c1915611646f6d964010656cf/groovy-all-2.1.6.jar, file:/Users/hpatel/.gradle/caches/modules-2/files-2.1/stax/stax-api/1.0.1/49c100caf72d658aca8e58bd74a4ba90fa2b0d70/stax-api-1.0.1.jar, file:/Users/hpatel/.gradle/caches/modules-2/files-2.1/org.apache.velocity/velocity/1.5/9f306baf7523ffc0e81a6353d08a584d254133b/velocity-1.5.jar, file:/Users/hpatel/.gradle/caches/modules-2/files-2.1/org.antlr/stringtemplate/3.2.1/59ec8083721eae215c6f3caee944c410d2be34de/stringtemplate-3.2.1.jar, file:/Users/hpatel/.gradle/caches/modules-2/files-2.1/antlr/antlr/2.7.7/83cd2cd674a217ade95a4bb83a8a14f351f48bd0/antlr-2.7.7.jar, file:/Users/hpatel/.gradle/caches/modules-2/files-2.1/org.apache.ant/ant-launcher/1.9.1/7c71043ca185eaada9e36391dd022d92859327de/ant-launcher-1.9.1.jar, file:/Users/hpatel/.gradle/caches/modules-2/files-2.1/oro/oro/2.0.8/5592374f834645c4ae250f4c9fbb314c9369d698/oro-2.0.8.jar, file:/Users/hpatel/.gradle/caches/modules-2/files-2.1/org.codehaus.jackson/jackson-core-asl/1.9.13/3c304d70f42f832e0a86d45bd437f692129299a4/jackson-core-asl-1.9.13.jar, file:/Users/hpatel/.gradle/caches/modules-2/files-2.1/org.codehaus.jackson/jackson-mapper-asl/1.9.13/1ee2f2bed0e5dd29d1cb155a166e6f8d50bbddb7/jackson-mapper-asl-1.9.13.jar, file:/Users/hpatel/.gradle/caches/modules-2/files-2.1/org.slf4j/slf4j-api/1.7.6/562424e36df3d2327e8e9301a76027fca17d54ea/slf4j-api-1.7.6.jar, file:/Users/hpatel/.gradle/caches/modules-2/files-2.1/com.sun.jersey/jersey-server/1.14/b1a21724c9b708ed54d42d41bb19ff45ae1d49d9/jersey-server-1.14.jar, file:/Users/hpatel/.gradle/caches/modules-2/files-2.1/org.apache.httpcomponents/httpclient/4.2.5/666e26e76f2e87d84e4f16acb546481ae1b8e9a6/httpclient-4.2.5.jar, file:/Users/hpatel/.gradle/caches/modules-2/files-2.1/org.apache.zookeeper/zookeeper/3.4.6/1b2502e29da1ebaade2357cd1de35a855fa3755/zookeeper-3.4.6.jar, file:/Users/hpatel/.gradle/caches/modules-2/files-2.1/com.google.guava/guava/16.0.1/5fa98cd1a63c99a44dd8d3b77e4762b066a5d0c5/guava-16.0.1.jar, file:/Users/hpatel/.gradle/caches/modules-2/files-2.1/org.codehaus.jackson/jackson-jaxrs/1.8.8/71b16055388e9bd3991c3c3834e8e55098b789f1/jackson-jaxrs-1.8.8.jar, file:/Users/hpatel/.gradle/caches/modules-2/files-2.1/org.codehaus.jackson/jackson-xc/1.8.8/52efa08bc1e4cfea168f552b9e3088297d9d0926/jackson-xc-1.8.8.jar, file:/Users/hpatel/.gradle/caches/modules-2/files-2.1/org.apache.hive/hive-metastore/0.13.1-cdh5.3.3/ca93686a17f064a5ab6587799721cddd7836e53a/hive-metastore-0.13.1-cdh5.3.3.jar, file:/Users/hpatel/.gradle/caches/modules-2/files-2.1/com.jolbox/bonecp/0.8.0.RELEASE/cec24ee9345b3678472bb1b8fdd6aa6b9428beb8/bonecp-0.8.0.RELEASE.jar, file:/Users/hpatel/.gradle/caches/modules-2/files-2.1/org.apache.derby/derby/10.10.1.1/9f6f910f0373adc1b23c10f9b4bb151b7e7449f/derby-10.10.1.1.jar, file:/Users/hpatel/.gradle/caches/modules-2/files-2.1/javax.jdo/jdo-api/3.0.1/58e7a538e020b73871e232eeb064835fd98a492/jdo-api-3.0.1.jar, file:/Users/hpatel/.gradle/caches/modules-2/files-2.1/javax.transaction/jta/1.1/2ca09f0b36ca7d71b762e14ea2ff09d5eac57558/jta-1.1.jar, file:/Users/hpatel/.gradle/caches/modules-2/files-2.1/org.apache.thrift/libthrift/0.9.0/9ba8df332b5db95ce7f3b7a83e44d796c3d014d3/libthrift-0.9.0.jar, file:/Users/hpatel/.gradle/caches/modules-2/files-2.1/org.apache.httpcomponents/httpcore/4.2.4/3b7f38df6de5dd8b500e602ae8c2dd5ee446f883/httpcore-4.2.4.jar, file:/Users/hpatel/.gradle/caches/modules-2/files-2.1/com.sun.jersey/jersey-core/1.14/693061de8b9b352b11e997b1dd4052677778852d/jersey-core-1.14.jar, file:/Users/hpatel/.gradle/caches/modules-2/files-2.1/commons-codec/commons-codec/1.6/b7f0fc8f61ecadeb3695f0b9464755eee44374d4/commons-codec-1.6.jar, file:/Users/hpatel/.gradle/caches/modules-2/files-2.1/io.netty/netty/3.7.0.Final/7a8c35599c68c0bf383df74469aa3e03d9aca87/netty-3.7.0.Final.jar]
15/09/06 13:13:46 INFO mr.ObjectCache: Ignoring retrieval request: __REDUCE_PLAN__
15/09/06 13:13:46 INFO log.PerfLogger: <PERFLOG method=deserializePlan from=org.apache.hadoop.hive.ql.exec.Utilities>
15/09/06 13:13:46 INFO exec.Utilities: Deserializing ReduceWork via kryo
15/09/06 13:13:46 INFO log.PerfLogger: </PERFLOG method=deserializePlan start=1441563226917 end=1441563226938 duration=21 from=org.apache.hadoop.hive.ql.exec.Utilities>
15/09/06 13:13:46 INFO mr.ObjectCache: Ignoring cache key: __REDUCE_PLAN__
15/09/06 13:13:46 INFO ExecReducer: 
<EX>Id =19
  <Children>
    <FS>Id =20
      <Children>
      <\Children>
      <Parent>Id = 19 null<\Parent>
    <\FS>
  <\Children>
  <Parent><\Parent>
<\EX>
15/09/06 13:13:46 INFO exec.ExtractOperator: Initializing Self 19 EX
15/09/06 13:13:46 INFO exec.ExtractOperator: Operator 19 EX initialized
15/09/06 13:13:46 INFO exec.ExtractOperator: Initializing children of 19 EX
15/09/06 13:13:46 INFO exec.FileSinkOperator: Initializing child 20 FS
15/09/06 13:13:46 INFO exec.FileSinkOperator: Initializing Self 20 FS
15/09/06 13:13:46 INFO avro.AvroSerDe: Avro schema is {"type":"record","name":"DEALER_HIERARCHY_CORE","doc":"Sqoop import of DEALER_HIERARCHY","fields":[{"name":"File_Name","type":["string","null"],"columnName":"File_Name"},{"name":"GEN_ID","type":["string","null"],"columnName":"GEN_ID"},{"name":"DMS_SYSTEM","type":["string","null"],"columnName":"DMS_SYSTEM"},{"name":"DMS_VERSION","type":["string","null"],"columnName":"DMS_VERSION"},{"name":"TRANSMIT_TS","type":["string","null"],"columnName":"TRANSMIT_TS"},{"name":"ORIG_TRANSMIT_TS","type":["string","null"],"columnName":"TRANSMIT_TS"},{"name":"TRANSMIT_BY","type":["string","null"],"columnName":"TRANSMIT_BY"},{"name":"RECORD_STATUS","type":["string","null"],"columnName":"RECORD_STATUS"},{"name":"DEALER_UPDT_IND","type":["string","null"],"columnName":"DEALER_UPDT_IND","sqlType":"1"},{"name":"STORE_NUMBER","type":["string","null"],"columnName":"STORE_NUMBER"},{"name":"PART_TYPE","type":["string","null"],"columnName":"PART_TYPE"},{"name":"STORE_NAME","type":["string","null"],"columnName":"STORE_NAME"},{"name":"INVENTORY_STORE_NUMBER","type":["string","null"],"columnName":"INVENTORY_STORE_NUMBER"},{"name":"CAT_EMRG_DEALER_CODE","type":["string","null"],"columnName":"CAT_EMRG_DEALER_CODE"},{"name":"CAT_STOCK_DEALER_CODE","type":["string","null"],"columnName":"CAT_STOCK_DEALER_CODE"},{"name":"STOCK_REPLEN_STORE_NUMBER","type":["string","null"],"columnName":"STOCK_REPLEN_STORE_NUMBER"},{"name":"STOCK_REPLEN_LEAD_TIME","type":["string","null"],"columnName":"STOCK_REPLEN_LEAD_TIME"},{"name":"LST_UPDT_TS","type":["string","null"],"columnName":"LST_UPDT_TS"},{"name":"ORIG_LST_UPDT_TS","type":["string","null"],"columnName":"ORIG_LST_UPDT_TS"},{"name":"LST_UPDT_BY_ID","type":["string","null"],"columnName":"LST_UPDT_BY_ID"},{"name":"FILE_INS_TS","type":["string","null"],"columnName":"FILE_INS_TS"},{"name":"ORIG_FILE_INS_TS","type":["string","null"],"columnName":"ORIG_FILE_INS_TS"},{"name":"EXP_STOCK_PLAN_LEAD_TIME","type":["string","null"],"columnName":"EXP_STOCK_PLAN_LEAD_TIME"}],"tableName":"DEALER_HIERARCHY_CORE"}
15/09/06 13:13:46 INFO avro.AvroSerDe: Configuration null, not inserting schema
15/09/06 13:13:46 INFO exec.FileSinkOperator: Operator 20 FS initialized
15/09/06 13:13:46 INFO exec.FileSinkOperator: Initialization Done 20 FS
15/09/06 13:13:46 INFO exec.ExtractOperator: Initialization Done 19 EX
15/09/06 13:13:46 INFO exec.FileSinkOperator: Final Path: FS file:/var/folders/y7/4_pz5fzx54ngcmghz3v6t3m00000gn/T/junit4238406739563525852/hadooptmp/dealer_hierarchy/core_data/.hive-staging_hive_2015-09-06_13-13-46_491_2032626539389725749-1/_tmp.-ext-10000/dealer_code=AAAA/000000_0
15/09/06 13:13:46 INFO exec.FileSinkOperator: Writing to temp file: FS file:/var/folders/y7/4_pz5fzx54ngcmghz3v6t3m00000gn/T/junit4238406739563525852/hadooptmp/dealer_hierarchy/core_data/.hive-staging_hive_2015-09-06_13-13-46_491_2032626539389725749-1/_task_tmp.-ext-10000/dealer_code=AAAA/_tmp.000000_0
15/09/06 13:13:46 INFO exec.FileSinkOperator: New Final Path: FS file:/var/folders/y7/4_pz5fzx54ngcmghz3v6t3m00000gn/T/junit4238406739563525852/hadooptmp/dealer_hierarchy/core_data/.hive-staging_hive_2015-09-06_13-13-46_491_2032626539389725749-1/_tmp.-ext-10000/dealer_code=AAAA/000000_0
15/09/06 13:13:46 INFO ExecReducer: ExecReducer: processing 1 rows: used memory = 418643296
15/09/06 13:13:46 INFO lazybinary.LazyBinaryStruct: Missing fields! Expected 24 fields but only got 24! Ignoring similar problems.
15/09/06 13:13:46 INFO exec.FileSinkOperator: Final Path: FS file:/var/folders/y7/4_pz5fzx54ngcmghz3v6t3m00000gn/T/junit4238406739563525852/hadooptmp/dealer_hierarchy/core_data/.hive-staging_hive_2015-09-06_13-13-46_491_2032626539389725749-1/_tmp.-ext-10000/dealer_code=ZZZZ/000000_0
15/09/06 13:13:46 INFO exec.FileSinkOperator: Writing to temp file: FS file:/var/folders/y7/4_pz5fzx54ngcmghz3v6t3m00000gn/T/junit4238406739563525852/hadooptmp/dealer_hierarchy/core_data/.hive-staging_hive_2015-09-06_13-13-46_491_2032626539389725749-1/_task_tmp.-ext-10000/dealer_code=ZZZZ/_tmp.000000_0
15/09/06 13:13:46 INFO exec.FileSinkOperator: New Final Path: FS file:/var/folders/y7/4_pz5fzx54ngcmghz3v6t3m00000gn/T/junit4238406739563525852/hadooptmp/dealer_hierarchy/core_data/.hive-staging_hive_2015-09-06_13-13-46_491_2032626539389725749-1/_tmp.-ext-10000/dealer_code=ZZZZ/000000_0
15/09/06 13:13:46 INFO ExecReducer: ExecReducer: processed 4 rows: used memory = 424012104
15/09/06 13:13:46 INFO exec.ExtractOperator: 19 finished. closing... 
15/09/06 13:13:46 INFO exec.FileSinkOperator: 20 finished. closing... 
15/09/06 13:13:46 INFO exec.FileSinkOperator: FS[20]: records written - 4
15/09/06 13:13:46 INFO exec.FileSinkOperator: RECORDS_OUT_1:4
15/09/06 13:13:46 INFO exec.FileSinkOperator: 20 Close done
15/09/06 13:13:46 INFO exec.ExtractOperator: 19 Close done
15/09/06 13:13:46 INFO mapred.Task: Task:attempt_local805319995_0002_r_000000_0 is done. And is in the process of commiting
15/09/06 13:13:46 INFO mapred.LocalJobRunner: reduce > reduce
15/09/06 13:13:46 INFO mapred.Task: Task 'attempt_local805319995_0002_r_000000_0' done.
2015-09-06 13:13:46,997 Stage-1 map = 100%,  reduce = 100%
15/09/06 13:13:46 INFO exec.Task: 2015-09-06 13:13:46,997 Stage-1 map = 100%,  reduce = 100%
Ended Job = job_local805319995_0002
15/09/06 13:13:46 INFO exec.Task: Ended Job = job_local805319995_0002
15/09/06 13:13:47 INFO exec.FileSinkOperator: Moving tmp dir: file:/var/folders/y7/4_pz5fzx54ngcmghz3v6t3m00000gn/T/junit4238406739563525852/hadooptmp/dealer_hierarchy/core_data/.hive-staging_hive_2015-09-06_13-13-46_491_2032626539389725749-1/_tmp.-ext-10000 to: file:/var/folders/y7/4_pz5fzx54ngcmghz3v6t3m00000gn/T/junit4238406739563525852/hadooptmp/dealer_hierarchy/core_data/.hive-staging_hive_2015-09-06_13-13-46_491_2032626539389725749-1/-ext-10000
15/09/06 13:13:47 INFO log.PerfLogger: <PERFLOG method=task.MOVE.Stage-0 from=org.apache.hadoop.hive.ql.Driver>
Loading data to table ddsw_dev.dealer_hierarchy_core partition (dealer_code=null)
15/09/06 13:13:47 INFO exec.Task: Loading data to table ddsw_dev.dealer_hierarchy_core partition (dealer_code=null) from file:/var/folders/y7/4_pz5fzx54ngcmghz3v6t3m00000gn/T/junit4238406739563525852/hadooptmp/dealer_hierarchy/core_data/.hive-staging_hive_2015-09-06_13-13-46_491_2032626539389725749-1/-ext-10000
15/09/06 13:13:47 INFO metastore.HiveMetaStore: 0: get_table : db=ddsw_dev tbl=dealer_hierarchy_core
15/09/06 13:13:47 INFO HiveMetaStore.audit: ugi=hpatel	ip=unknown-ip-addr	cmd=get_table : db=ddsw_dev tbl=dealer_hierarchy_core	
15/09/06 13:13:47 INFO avro.AvroSerDe: Avro schema is {"type":"record","name":"DEALER_HIERARCHY_CORE","doc":"Sqoop import of DEALER_HIERARCHY","fields":[{"name":"File_Name","type":["string","null"],"columnName":"File_Name"},{"name":"GEN_ID","type":["string","null"],"columnName":"GEN_ID"},{"name":"DMS_SYSTEM","type":["string","null"],"columnName":"DMS_SYSTEM"},{"name":"DMS_VERSION","type":["string","null"],"columnName":"DMS_VERSION"},{"name":"TRANSMIT_TS","type":["string","null"],"columnName":"TRANSMIT_TS"},{"name":"ORIG_TRANSMIT_TS","type":["string","null"],"columnName":"TRANSMIT_TS"},{"name":"TRANSMIT_BY","type":["string","null"],"columnName":"TRANSMIT_BY"},{"name":"RECORD_STATUS","type":["string","null"],"columnName":"RECORD_STATUS"},{"name":"DEALER_UPDT_IND","type":["string","null"],"columnName":"DEALER_UPDT_IND","sqlType":"1"},{"name":"STORE_NUMBER","type":["string","null"],"columnName":"STORE_NUMBER"},{"name":"PART_TYPE","type":["string","null"],"columnName":"PART_TYPE"},{"name":"STORE_NAME","type":["string","null"],"columnName":"STORE_NAME"},{"name":"INVENTORY_STORE_NUMBER","type":["string","null"],"columnName":"INVENTORY_STORE_NUMBER"},{"name":"CAT_EMRG_DEALER_CODE","type":["string","null"],"columnName":"CAT_EMRG_DEALER_CODE"},{"name":"CAT_STOCK_DEALER_CODE","type":["string","null"],"columnName":"CAT_STOCK_DEALER_CODE"},{"name":"STOCK_REPLEN_STORE_NUMBER","type":["string","null"],"columnName":"STOCK_REPLEN_STORE_NUMBER"},{"name":"STOCK_REPLEN_LEAD_TIME","type":["string","null"],"columnName":"STOCK_REPLEN_LEAD_TIME"},{"name":"LST_UPDT_TS","type":["string","null"],"columnName":"LST_UPDT_TS"},{"name":"ORIG_LST_UPDT_TS","type":["string","null"],"columnName":"ORIG_LST_UPDT_TS"},{"name":"LST_UPDT_BY_ID","type":["string","null"],"columnName":"LST_UPDT_BY_ID"},{"name":"FILE_INS_TS","type":["string","null"],"columnName":"FILE_INS_TS"},{"name":"ORIG_FILE_INS_TS","type":["string","null"],"columnName":"ORIG_FILE_INS_TS"},{"name":"EXP_STOCK_PLAN_LEAD_TIME","type":["string","null"],"columnName":"EXP_STOCK_PLAN_LEAD_TIME"}],"tableName":"DEALER_HIERARCHY_CORE"}
15/09/06 13:13:47 INFO avro.AvroSerDe: Avro schema is {"type":"record","name":"DEALER_HIERARCHY_CORE","doc":"Sqoop import of DEALER_HIERARCHY","fields":[{"name":"File_Name","type":["string","null"],"columnName":"File_Name"},{"name":"GEN_ID","type":["string","null"],"columnName":"GEN_ID"},{"name":"DMS_SYSTEM","type":["string","null"],"columnName":"DMS_SYSTEM"},{"name":"DMS_VERSION","type":["string","null"],"columnName":"DMS_VERSION"},{"name":"TRANSMIT_TS","type":["string","null"],"columnName":"TRANSMIT_TS"},{"name":"ORIG_TRANSMIT_TS","type":["string","null"],"columnName":"TRANSMIT_TS"},{"name":"TRANSMIT_BY","type":["string","null"],"columnName":"TRANSMIT_BY"},{"name":"RECORD_STATUS","type":["string","null"],"columnName":"RECORD_STATUS"},{"name":"DEALER_UPDT_IND","type":["string","null"],"columnName":"DEALER_UPDT_IND","sqlType":"1"},{"name":"STORE_NUMBER","type":["string","null"],"columnName":"STORE_NUMBER"},{"name":"PART_TYPE","type":["string","null"],"columnName":"PART_TYPE"},{"name":"STORE_NAME","type":["string","null"],"columnName":"STORE_NAME"},{"name":"INVENTORY_STORE_NUMBER","type":["string","null"],"columnName":"INVENTORY_STORE_NUMBER"},{"name":"CAT_EMRG_DEALER_CODE","type":["string","null"],"columnName":"CAT_EMRG_DEALER_CODE"},{"name":"CAT_STOCK_DEALER_CODE","type":["string","null"],"columnName":"CAT_STOCK_DEALER_CODE"},{"name":"STOCK_REPLEN_STORE_NUMBER","type":["string","null"],"columnName":"STOCK_REPLEN_STORE_NUMBER"},{"name":"STOCK_REPLEN_LEAD_TIME","type":["string","null"],"columnName":"STOCK_REPLEN_LEAD_TIME"},{"name":"LST_UPDT_TS","type":["string","null"],"columnName":"LST_UPDT_TS"},{"name":"ORIG_LST_UPDT_TS","type":["string","null"],"columnName":"ORIG_LST_UPDT_TS"},{"name":"LST_UPDT_BY_ID","type":["string","null"],"columnName":"LST_UPDT_BY_ID"},{"name":"FILE_INS_TS","type":["string","null"],"columnName":"FILE_INS_TS"},{"name":"ORIG_FILE_INS_TS","type":["string","null"],"columnName":"ORIG_FILE_INS_TS"},{"name":"EXP_STOCK_PLAN_LEAD_TIME","type":["string","null"],"columnName":"EXP_STOCK_PLAN_LEAD_TIME"}],"tableName":"DEALER_HIERARCHY_CORE"}
15/09/06 13:13:47 INFO exec.MoveTask: Partition is: {dealer_code=null}
15/09/06 13:13:47 INFO metastore.HiveMetaStore: 0: partition_name_has_valid_characters
15/09/06 13:13:47 INFO HiveMetaStore.audit: ugi=hpatel	ip=unknown-ip-addr	cmd=partition_name_has_valid_characters	
15/09/06 13:13:47 INFO metastore.HiveMetaStore: 0: partition_name_has_valid_characters
15/09/06 13:13:47 INFO HiveMetaStore.audit: ugi=hpatel	ip=unknown-ip-addr	cmd=partition_name_has_valid_characters	
15/09/06 13:13:47 INFO metastore.HiveMetaStore: 0: get_table : db=ddsw_dev tbl=dealer_hierarchy_core
15/09/06 13:13:47 INFO HiveMetaStore.audit: ugi=hpatel	ip=unknown-ip-addr	cmd=get_table : db=ddsw_dev tbl=dealer_hierarchy_core	
15/09/06 13:13:47 INFO avro.AvroSerDe: Avro schema is {"type":"record","name":"DEALER_HIERARCHY_CORE","doc":"Sqoop import of DEALER_HIERARCHY","fields":[{"name":"File_Name","type":["string","null"],"columnName":"File_Name"},{"name":"GEN_ID","type":["string","null"],"columnName":"GEN_ID"},{"name":"DMS_SYSTEM","type":["string","null"],"columnName":"DMS_SYSTEM"},{"name":"DMS_VERSION","type":["string","null"],"columnName":"DMS_VERSION"},{"name":"TRANSMIT_TS","type":["string","null"],"columnName":"TRANSMIT_TS"},{"name":"ORIG_TRANSMIT_TS","type":["string","null"],"columnName":"TRANSMIT_TS"},{"name":"TRANSMIT_BY","type":["string","null"],"columnName":"TRANSMIT_BY"},{"name":"RECORD_STATUS","type":["string","null"],"columnName":"RECORD_STATUS"},{"name":"DEALER_UPDT_IND","type":["string","null"],"columnName":"DEALER_UPDT_IND","sqlType":"1"},{"name":"STORE_NUMBER","type":["string","null"],"columnName":"STORE_NUMBER"},{"name":"PART_TYPE","type":["string","null"],"columnName":"PART_TYPE"},{"name":"STORE_NAME","type":["string","null"],"columnName":"STORE_NAME"},{"name":"INVENTORY_STORE_NUMBER","type":["string","null"],"columnName":"INVENTORY_STORE_NUMBER"},{"name":"CAT_EMRG_DEALER_CODE","type":["string","null"],"columnName":"CAT_EMRG_DEALER_CODE"},{"name":"CAT_STOCK_DEALER_CODE","type":["string","null"],"columnName":"CAT_STOCK_DEALER_CODE"},{"name":"STOCK_REPLEN_STORE_NUMBER","type":["string","null"],"columnName":"STOCK_REPLEN_STORE_NUMBER"},{"name":"STOCK_REPLEN_LEAD_TIME","type":["string","null"],"columnName":"STOCK_REPLEN_LEAD_TIME"},{"name":"LST_UPDT_TS","type":["string","null"],"columnName":"LST_UPDT_TS"},{"name":"ORIG_LST_UPDT_TS","type":["string","null"],"columnName":"ORIG_LST_UPDT_TS"},{"name":"LST_UPDT_BY_ID","type":["string","null"],"columnName":"LST_UPDT_BY_ID"},{"name":"FILE_INS_TS","type":["string","null"],"columnName":"FILE_INS_TS"},{"name":"ORIG_FILE_INS_TS","type":["string","null"],"columnName":"ORIG_FILE_INS_TS"},{"name":"EXP_STOCK_PLAN_LEAD_TIME","type":["string","null"],"columnName":"EXP_STOCK_PLAN_LEAD_TIME"}],"tableName":"DEALER_HIERARCHY_CORE"}
15/09/06 13:13:47 INFO avro.AvroSerDe: Avro schema is {"type":"record","name":"DEALER_HIERARCHY_CORE","doc":"Sqoop import of DEALER_HIERARCHY","fields":[{"name":"File_Name","type":["string","null"],"columnName":"File_Name"},{"name":"GEN_ID","type":["string","null"],"columnName":"GEN_ID"},{"name":"DMS_SYSTEM","type":["string","null"],"columnName":"DMS_SYSTEM"},{"name":"DMS_VERSION","type":["string","null"],"columnName":"DMS_VERSION"},{"name":"TRANSMIT_TS","type":["string","null"],"columnName":"TRANSMIT_TS"},{"name":"ORIG_TRANSMIT_TS","type":["string","null"],"columnName":"TRANSMIT_TS"},{"name":"TRANSMIT_BY","type":["string","null"],"columnName":"TRANSMIT_BY"},{"name":"RECORD_STATUS","type":["string","null"],"columnName":"RECORD_STATUS"},{"name":"DEALER_UPDT_IND","type":["string","null"],"columnName":"DEALER_UPDT_IND","sqlType":"1"},{"name":"STORE_NUMBER","type":["string","null"],"columnName":"STORE_NUMBER"},{"name":"PART_TYPE","type":["string","null"],"columnName":"PART_TYPE"},{"name":"STORE_NAME","type":["string","null"],"columnName":"STORE_NAME"},{"name":"INVENTORY_STORE_NUMBER","type":["string","null"],"columnName":"INVENTORY_STORE_NUMBER"},{"name":"CAT_EMRG_DEALER_CODE","type":["string","null"],"columnName":"CAT_EMRG_DEALER_CODE"},{"name":"CAT_STOCK_DEALER_CODE","type":["string","null"],"columnName":"CAT_STOCK_DEALER_CODE"},{"name":"STOCK_REPLEN_STORE_NUMBER","type":["string","null"],"columnName":"STOCK_REPLEN_STORE_NUMBER"},{"name":"STOCK_REPLEN_LEAD_TIME","type":["string","null"],"columnName":"STOCK_REPLEN_LEAD_TIME"},{"name":"LST_UPDT_TS","type":["string","null"],"columnName":"LST_UPDT_TS"},{"name":"ORIG_LST_UPDT_TS","type":["string","null"],"columnName":"ORIG_LST_UPDT_TS"},{"name":"LST_UPDT_BY_ID","type":["string","null"],"columnName":"LST_UPDT_BY_ID"},{"name":"FILE_INS_TS","type":["string","null"],"columnName":"FILE_INS_TS"},{"name":"ORIG_FILE_INS_TS","type":["string","null"],"columnName":"ORIG_FILE_INS_TS"},{"name":"EXP_STOCK_PLAN_LEAD_TIME","type":["string","null"],"columnName":"EXP_STOCK_PLAN_LEAD_TIME"}],"tableName":"DEALER_HIERARCHY_CORE"}
15/09/06 13:13:47 INFO metastore.HiveMetaStore: 0: get_partition_with_auth : db=ddsw_dev tbl=dealer_hierarchy_core[AAAA]
15/09/06 13:13:47 INFO HiveMetaStore.audit: ugi=hpatel	ip=unknown-ip-addr	cmd=get_partition_with_auth : db=ddsw_dev tbl=dealer_hierarchy_core[AAAA]	
15/09/06 13:13:47 INFO common.FileUtils: Creating directory if it doesn't exist: file:/var/folders/y7/4_pz5fzx54ngcmghz3v6t3m00000gn/T/junit4238406739563525852/hadooptmp/dealer_hierarchy/core_data/dealer_code=AAAA
15/09/06 13:13:47 INFO session.SessionState: Could not get hdfsEncryptionShim, it is only applicable to hdfs filesystem.
15/09/06 13:13:47 INFO metadata.Hive: Renaming src: file:/var/folders/y7/4_pz5fzx54ngcmghz3v6t3m00000gn/T/junit4238406739563525852/hadooptmp/dealer_hierarchy/core_data/.hive-staging_hive_2015-09-06_13-13-46_491_2032626539389725749-1/-ext-10000/dealer_code=AAAA/000000_0, dest: file:/var/folders/y7/4_pz5fzx54ngcmghz3v6t3m00000gn/T/junit4238406739563525852/hadooptmp/dealer_hierarchy/core_data/dealer_code=AAAA/000000_0, Status:true
15/09/06 13:13:47 INFO metastore.HiveMetaStore: 0: get_partition_with_auth : db=ddsw_dev tbl=dealer_hierarchy_core[AAAA]
15/09/06 13:13:47 INFO HiveMetaStore.audit: ugi=hpatel	ip=unknown-ip-addr	cmd=get_partition_with_auth : db=ddsw_dev tbl=dealer_hierarchy_core[AAAA]	
15/09/06 13:13:47 INFO metastore.HiveMetaStore: 0: append_partition : db=ddsw_dev tbl=dealer_hierarchy_core[AAAA]
15/09/06 13:13:47 INFO HiveMetaStore.audit: ugi=hpatel	ip=unknown-ip-addr	cmd=append_partition : db=ddsw_dev tbl=dealer_hierarchy_core[AAAA]	
15/09/06 13:13:47 INFO metadata.Hive: New loading path = file:/var/folders/y7/4_pz5fzx54ngcmghz3v6t3m00000gn/T/junit4238406739563525852/hadooptmp/dealer_hierarchy/core_data/.hive-staging_hive_2015-09-06_13-13-46_491_2032626539389725749-1/-ext-10000/dealer_code=AAAA with partSpec {dealer_code=AAAA}
15/09/06 13:13:47 INFO metastore.HiveMetaStore: 0: get_table : db=ddsw_dev tbl=dealer_hierarchy_core
15/09/06 13:13:47 INFO HiveMetaStore.audit: ugi=hpatel	ip=unknown-ip-addr	cmd=get_table : db=ddsw_dev tbl=dealer_hierarchy_core	
15/09/06 13:13:47 INFO avro.AvroSerDe: Avro schema is {"type":"record","name":"DEALER_HIERARCHY_CORE","doc":"Sqoop import of DEALER_HIERARCHY","fields":[{"name":"File_Name","type":["string","null"],"columnName":"File_Name"},{"name":"GEN_ID","type":["string","null"],"columnName":"GEN_ID"},{"name":"DMS_SYSTEM","type":["string","null"],"columnName":"DMS_SYSTEM"},{"name":"DMS_VERSION","type":["string","null"],"columnName":"DMS_VERSION"},{"name":"TRANSMIT_TS","type":["string","null"],"columnName":"TRANSMIT_TS"},{"name":"ORIG_TRANSMIT_TS","type":["string","null"],"columnName":"TRANSMIT_TS"},{"name":"TRANSMIT_BY","type":["string","null"],"columnName":"TRANSMIT_BY"},{"name":"RECORD_STATUS","type":["string","null"],"columnName":"RECORD_STATUS"},{"name":"DEALER_UPDT_IND","type":["string","null"],"columnName":"DEALER_UPDT_IND","sqlType":"1"},{"name":"STORE_NUMBER","type":["string","null"],"columnName":"STORE_NUMBER"},{"name":"PART_TYPE","type":["string","null"],"columnName":"PART_TYPE"},{"name":"STORE_NAME","type":["string","null"],"columnName":"STORE_NAME"},{"name":"INVENTORY_STORE_NUMBER","type":["string","null"],"columnName":"INVENTORY_STORE_NUMBER"},{"name":"CAT_EMRG_DEALER_CODE","type":["string","null"],"columnName":"CAT_EMRG_DEALER_CODE"},{"name":"CAT_STOCK_DEALER_CODE","type":["string","null"],"columnName":"CAT_STOCK_DEALER_CODE"},{"name":"STOCK_REPLEN_STORE_NUMBER","type":["string","null"],"columnName":"STOCK_REPLEN_STORE_NUMBER"},{"name":"STOCK_REPLEN_LEAD_TIME","type":["string","null"],"columnName":"STOCK_REPLEN_LEAD_TIME"},{"name":"LST_UPDT_TS","type":["string","null"],"columnName":"LST_UPDT_TS"},{"name":"ORIG_LST_UPDT_TS","type":["string","null"],"columnName":"ORIG_LST_UPDT_TS"},{"name":"LST_UPDT_BY_ID","type":["string","null"],"columnName":"LST_UPDT_BY_ID"},{"name":"FILE_INS_TS","type":["string","null"],"columnName":"FILE_INS_TS"},{"name":"ORIG_FILE_INS_TS","type":["string","null"],"columnName":"ORIG_FILE_INS_TS"},{"name":"EXP_STOCK_PLAN_LEAD_TIME","type":["string","null"],"columnName":"EXP_STOCK_PLAN_LEAD_TIME"}],"tableName":"DEALER_HIERARCHY_CORE"}
15/09/06 13:13:47 INFO avro.AvroSerDe: Avro schema is {"type":"record","name":"DEALER_HIERARCHY_CORE","doc":"Sqoop import of DEALER_HIERARCHY","fields":[{"name":"File_Name","type":["string","null"],"columnName":"File_Name"},{"name":"GEN_ID","type":["string","null"],"columnName":"GEN_ID"},{"name":"DMS_SYSTEM","type":["string","null"],"columnName":"DMS_SYSTEM"},{"name":"DMS_VERSION","type":["string","null"],"columnName":"DMS_VERSION"},{"name":"TRANSMIT_TS","type":["string","null"],"columnName":"TRANSMIT_TS"},{"name":"ORIG_TRANSMIT_TS","type":["string","null"],"columnName":"TRANSMIT_TS"},{"name":"TRANSMIT_BY","type":["string","null"],"columnName":"TRANSMIT_BY"},{"name":"RECORD_STATUS","type":["string","null"],"columnName":"RECORD_STATUS"},{"name":"DEALER_UPDT_IND","type":["string","null"],"columnName":"DEALER_UPDT_IND","sqlType":"1"},{"name":"STORE_NUMBER","type":["string","null"],"columnName":"STORE_NUMBER"},{"name":"PART_TYPE","type":["string","null"],"columnName":"PART_TYPE"},{"name":"STORE_NAME","type":["string","null"],"columnName":"STORE_NAME"},{"name":"INVENTORY_STORE_NUMBER","type":["string","null"],"columnName":"INVENTORY_STORE_NUMBER"},{"name":"CAT_EMRG_DEALER_CODE","type":["string","null"],"columnName":"CAT_EMRG_DEALER_CODE"},{"name":"CAT_STOCK_DEALER_CODE","type":["string","null"],"columnName":"CAT_STOCK_DEALER_CODE"},{"name":"STOCK_REPLEN_STORE_NUMBER","type":["string","null"],"columnName":"STOCK_REPLEN_STORE_NUMBER"},{"name":"STOCK_REPLEN_LEAD_TIME","type":["string","null"],"columnName":"STOCK_REPLEN_LEAD_TIME"},{"name":"LST_UPDT_TS","type":["string","null"],"columnName":"LST_UPDT_TS"},{"name":"ORIG_LST_UPDT_TS","type":["string","null"],"columnName":"ORIG_LST_UPDT_TS"},{"name":"LST_UPDT_BY_ID","type":["string","null"],"columnName":"LST_UPDT_BY_ID"},{"name":"FILE_INS_TS","type":["string","null"],"columnName":"FILE_INS_TS"},{"name":"ORIG_FILE_INS_TS","type":["string","null"],"columnName":"ORIG_FILE_INS_TS"},{"name":"EXP_STOCK_PLAN_LEAD_TIME","type":["string","null"],"columnName":"EXP_STOCK_PLAN_LEAD_TIME"}],"tableName":"DEALER_HIERARCHY_CORE"}
15/09/06 13:13:47 INFO metastore.HiveMetaStore: 0: get_partition_with_auth : db=ddsw_dev tbl=dealer_hierarchy_core[ZZZZ]
15/09/06 13:13:47 INFO HiveMetaStore.audit: ugi=hpatel	ip=unknown-ip-addr	cmd=get_partition_with_auth : db=ddsw_dev tbl=dealer_hierarchy_core[ZZZZ]	
15/09/06 13:13:47 INFO common.FileUtils: Creating directory if it doesn't exist: file:/var/folders/y7/4_pz5fzx54ngcmghz3v6t3m00000gn/T/junit4238406739563525852/hadooptmp/dealer_hierarchy/core_data/dealer_code=ZZZZ
15/09/06 13:13:47 INFO session.SessionState: Could not get hdfsEncryptionShim, it is only applicable to hdfs filesystem.
15/09/06 13:13:47 INFO metadata.Hive: Renaming src: file:/var/folders/y7/4_pz5fzx54ngcmghz3v6t3m00000gn/T/junit4238406739563525852/hadooptmp/dealer_hierarchy/core_data/.hive-staging_hive_2015-09-06_13-13-46_491_2032626539389725749-1/-ext-10000/dealer_code=ZZZZ/000000_0, dest: file:/var/folders/y7/4_pz5fzx54ngcmghz3v6t3m00000gn/T/junit4238406739563525852/hadooptmp/dealer_hierarchy/core_data/dealer_code=ZZZZ/000000_0, Status:true
15/09/06 13:13:47 INFO metastore.HiveMetaStore: 0: get_partition_with_auth : db=ddsw_dev tbl=dealer_hierarchy_core[ZZZZ]
15/09/06 13:13:47 INFO HiveMetaStore.audit: ugi=hpatel	ip=unknown-ip-addr	cmd=get_partition_with_auth : db=ddsw_dev tbl=dealer_hierarchy_core[ZZZZ]	
15/09/06 13:13:47 INFO metastore.HiveMetaStore: 0: append_partition : db=ddsw_dev tbl=dealer_hierarchy_core[ZZZZ]
15/09/06 13:13:47 INFO HiveMetaStore.audit: ugi=hpatel	ip=unknown-ip-addr	cmd=append_partition : db=ddsw_dev tbl=dealer_hierarchy_core[ZZZZ]	
15/09/06 13:13:47 INFO metadata.Hive: New loading path = file:/var/folders/y7/4_pz5fzx54ngcmghz3v6t3m00000gn/T/junit4238406739563525852/hadooptmp/dealer_hierarchy/core_data/.hive-staging_hive_2015-09-06_13-13-46_491_2032626539389725749-1/-ext-10000/dealer_code=ZZZZ with partSpec {dealer_code=ZZZZ}
15/09/06 13:13:47 INFO metastore.HiveMetaStore: 0: get_partition_with_auth : db=ddsw_dev tbl=dealer_hierarchy_core[AAAA]
15/09/06 13:13:47 INFO HiveMetaStore.audit: ugi=hpatel	ip=unknown-ip-addr	cmd=get_partition_with_auth : db=ddsw_dev tbl=dealer_hierarchy_core[AAAA]	
	Loading partition {dealer_code=AAAA}
15/09/06 13:13:47 INFO exec.Task: 	Loading partition {dealer_code=AAAA}
15/09/06 13:13:47 INFO metastore.HiveMetaStore: 0: get_partition_with_auth : db=ddsw_dev tbl=dealer_hierarchy_core[ZZZZ]
15/09/06 13:13:47 INFO HiveMetaStore.audit: ugi=hpatel	ip=unknown-ip-addr	cmd=get_partition_with_auth : db=ddsw_dev tbl=dealer_hierarchy_core[ZZZZ]	
	Loading partition {dealer_code=ZZZZ}
15/09/06 13:13:47 INFO exec.Task: 	Loading partition {dealer_code=ZZZZ}
15/09/06 13:13:47 INFO log.PerfLogger: </PERFLOG method=runTasks start=1441563226612 end=1441563227298 duration=686 from=org.apache.hadoop.hive.ql.Driver>
15/09/06 13:13:47 INFO log.PerfLogger: </PERFLOG method=Driver.execute start=1441563226612 end=1441563227298 duration=686 from=org.apache.hadoop.hive.ql.Driver>
MapReduce Jobs Launched: 
15/09/06 13:13:47 INFO ql.Driver: MapReduce Jobs Launched: 
Stage-Stage-1:  HDFS Read: 0 HDFS Write: 0 SUCCESS
15/09/06 13:13:47 INFO ql.Driver: Stage-Stage-1:  HDFS Read: 0 HDFS Write: 0 SUCCESS
Total MapReduce CPU Time Spent: 0 msec
15/09/06 13:13:47 INFO ql.Driver: Total MapReduce CPU Time Spent: 0 msec
OK
15/09/06 13:13:47 INFO ql.Driver: OK
15/09/06 13:13:47 INFO log.PerfLogger: <PERFLOG method=releaseLocks from=org.apache.hadoop.hive.ql.Driver>
15/09/06 13:13:47 INFO log.PerfLogger: </PERFLOG method=releaseLocks start=1441563227298 end=1441563227298 duration=0 from=org.apache.hadoop.hive.ql.Driver>
15/09/06 13:13:47 INFO log.PerfLogger: </PERFLOG method=Driver.run start=1441563226491 end=1441563227299 duration=808 from=org.apache.hadoop.hive.ql.Driver>
15/09/06 13:13:47 INFO service.HiveServer: Running the query: select COUNT(*) from dealer_hierarchy_temp_data where dealer_code='AAAA'
15/09/06 13:13:47 INFO log.PerfLogger: <PERFLOG method=Driver.run from=org.apache.hadoop.hive.ql.Driver>
15/09/06 13:13:47 INFO log.PerfLogger: <PERFLOG method=TimeToSubmit from=org.apache.hadoop.hive.ql.Driver>
15/09/06 13:13:47 INFO ql.Driver: Concurrency mode is disabled, not creating a lock manager
15/09/06 13:13:47 INFO log.PerfLogger: <PERFLOG method=compile from=org.apache.hadoop.hive.ql.Driver>
15/09/06 13:13:47 INFO log.PerfLogger: <PERFLOG method=parse from=org.apache.hadoop.hive.ql.Driver>
15/09/06 13:13:47 INFO parse.ParseDriver: Parsing command: select COUNT(*) from dealer_hierarchy_temp_data where dealer_code='AAAA'
15/09/06 13:13:47 INFO parse.ParseDriver: Parse Completed
15/09/06 13:13:47 INFO log.PerfLogger: </PERFLOG method=parse start=1441563227300 end=1441563227302 duration=2 from=org.apache.hadoop.hive.ql.Driver>
15/09/06 13:13:47 INFO log.PerfLogger: <PERFLOG method=semanticAnalyze from=org.apache.hadoop.hive.ql.Driver>
15/09/06 13:13:47 INFO parse.SemanticAnalyzer: Starting Semantic Analysis
15/09/06 13:13:47 INFO parse.SemanticAnalyzer: Completed phase 1 of Semantic Analysis
15/09/06 13:13:47 INFO parse.SemanticAnalyzer: Get metadata for source tables
15/09/06 13:13:47 INFO metastore.HiveMetaStore: 0: get_table : db=ddsw_dev tbl=dealer_hierarchy_temp_data
15/09/06 13:13:47 INFO HiveMetaStore.audit: ugi=hpatel	ip=unknown-ip-addr	cmd=get_table : db=ddsw_dev tbl=dealer_hierarchy_temp_data	
15/09/06 13:13:47 INFO parse.SemanticAnalyzer: Get metadata for subqueries
15/09/06 13:13:47 INFO parse.SemanticAnalyzer: Get metadata for destination tables
15/09/06 13:13:47 INFO ql.Context: New scratch dir is file:/var/folders/y7/4_pz5fzx54ngcmghz3v6t3m00000gn/T/junit4238406739563525852/scratchdir/hive_2015-09-06_13-13-47_300_6432582745994431143-1
15/09/06 13:13:47 INFO parse.SemanticAnalyzer: Completed getting MetaData in Semantic Analysis
15/09/06 13:13:47 INFO common.FileUtils: Creating directory if it doesn't exist: file:/var/folders/y7/4_pz5fzx54ngcmghz3v6t3m00000gn/T/junit4238406739563525852/scratchdir/hive_2015-09-06_13-13-47_300_6432582745994431143-1/-mr-10000/.hive-staging_hive_2015-09-06_13-13-47_300_6432582745994431143-1
15/09/06 13:13:47 INFO parse.SemanticAnalyzer: Set stats collection dir : file:/var/folders/y7/4_pz5fzx54ngcmghz3v6t3m00000gn/T/junit4238406739563525852/scratchdir/hive_2015-09-06_13-13-47_300_6432582745994431143-1/-mr-10000/.hive-staging_hive_2015-09-06_13-13-47_300_6432582745994431143-1/-ext-10002
15/09/06 13:13:47 INFO ppd.OpProcFactory: Processing for FS(31)
15/09/06 13:13:47 INFO ppd.OpProcFactory: Processing for SEL(30)
15/09/06 13:13:47 INFO ppd.OpProcFactory: Processing for GBY(29)
15/09/06 13:13:47 INFO ppd.OpProcFactory: Processing for RS(28)
15/09/06 13:13:47 INFO ppd.OpProcFactory: Processing for GBY(27)
15/09/06 13:13:47 INFO ppd.OpProcFactory: Processing for SEL(26)
15/09/06 13:13:47 INFO ppd.OpProcFactory: Processing for FIL(25)
15/09/06 13:13:47 INFO ppd.OpProcFactory: Pushdown Predicates of FIL For Alias : dealer_hierarchy_temp_data
15/09/06 13:13:47 INFO ppd.OpProcFactory: 	(dealer_code = 'AAAA')
15/09/06 13:13:47 INFO ppd.OpProcFactory: Processing for TS(24)
15/09/06 13:13:47 INFO ppd.OpProcFactory: Pushdown Predicates of TS For Alias : dealer_hierarchy_temp_data
15/09/06 13:13:47 INFO ppd.OpProcFactory: 	(dealer_code = 'AAAA')
15/09/06 13:13:47 INFO log.PerfLogger: <PERFLOG method=partition-retrieving from=org.apache.hadoop.hive.ql.optimizer.ppr.PartitionPruner>
15/09/06 13:13:47 INFO metastore.HiveMetaStore: 0: get_partitions_by_expr : db=ddsw_dev tbl=dealer_hierarchy_temp_data
15/09/06 13:13:47 INFO HiveMetaStore.audit: ugi=hpatel	ip=unknown-ip-addr	cmd=get_partitions_by_expr : db=ddsw_dev tbl=dealer_hierarchy_temp_data	
15/09/06 13:13:47 INFO log.PerfLogger: </PERFLOG method=partition-retrieving start=1441563227396 end=1441563227435 duration=39 from=org.apache.hadoop.hive.ql.optimizer.ppr.PartitionPruner>
15/09/06 13:13:47 INFO optimizer.ColumnPrunerProcFactory: RS 28 oldColExprMap: {VALUE._col0=Column[_col0]}
15/09/06 13:13:47 INFO optimizer.ColumnPrunerProcFactory: RS 28 newColExprMap: {VALUE._col0=Column[_col0]}
15/09/06 13:13:47 INFO optimizer.SortedDynPartitionOptimizer: Sorted dynamic partitioning optimization kicked in..
15/09/06 13:13:47 INFO parse.SemanticAnalyzer: Completed plan generation
15/09/06 13:13:47 INFO ql.Driver: Semantic Analysis Completed
15/09/06 13:13:47 INFO log.PerfLogger: </PERFLOG method=semanticAnalyze start=1441563227302 end=1441563227444 duration=142 from=org.apache.hadoop.hive.ql.Driver>
15/09/06 13:13:47 INFO exec.ListSinkOperator: Initializing Self 33 OP
15/09/06 13:13:47 INFO exec.ListSinkOperator: Operator 33 OP initialized
15/09/06 13:13:47 INFO exec.ListSinkOperator: Initialization Done 33 OP
15/09/06 13:13:47 INFO ql.Driver: Returning Hive schema: Schema(fieldSchemas:[FieldSchema(name:_c0, type:bigint, comment:null)], properties:null)
15/09/06 13:13:47 INFO log.PerfLogger: </PERFLOG method=compile start=1441563227300 end=1441563227445 duration=145 from=org.apache.hadoop.hive.ql.Driver>
15/09/06 13:13:47 INFO log.PerfLogger: <PERFLOG method=Driver.execute from=org.apache.hadoop.hive.ql.Driver>
15/09/06 13:13:47 INFO ql.Driver: Starting command: select COUNT(*) from dealer_hierarchy_temp_data where dealer_code='AAAA'
Total jobs = 1
15/09/06 13:13:47 INFO ql.Driver: Total jobs = 1
15/09/06 13:13:47 INFO log.PerfLogger: </PERFLOG method=TimeToSubmit start=1441563227300 end=1441563227445 duration=145 from=org.apache.hadoop.hive.ql.Driver>
15/09/06 13:13:47 INFO log.PerfLogger: <PERFLOG method=runTasks from=org.apache.hadoop.hive.ql.Driver>
15/09/06 13:13:47 INFO log.PerfLogger: <PERFLOG method=task.MAPRED.Stage-1 from=org.apache.hadoop.hive.ql.Driver>
Launching Job 1 out of 1
15/09/06 13:13:47 INFO ql.Driver: Launching Job 1 out of 1
Number of reduce tasks determined at compile time: 1
15/09/06 13:13:47 INFO exec.Task: Number of reduce tasks determined at compile time: 1
In order to change the average load for a reducer (in bytes):
15/09/06 13:13:47 INFO exec.Task: In order to change the average load for a reducer (in bytes):
  set hive.exec.reducers.bytes.per.reducer=<number>
15/09/06 13:13:47 INFO exec.Task:   set hive.exec.reducers.bytes.per.reducer=<number>
In order to limit the maximum number of reducers:
15/09/06 13:13:47 INFO exec.Task: In order to limit the maximum number of reducers:
  set hive.exec.reducers.max=<number>
15/09/06 13:13:47 INFO exec.Task:   set hive.exec.reducers.max=<number>
In order to set a constant number of reducers:
15/09/06 13:13:47 INFO exec.Task: In order to set a constant number of reducers:
  set mapreduce.job.reduces=<number>
15/09/06 13:13:47 INFO exec.Task:   set mapreduce.job.reduces=<number>
15/09/06 13:13:47 INFO ql.Context: New scratch dir is file:/var/folders/y7/4_pz5fzx54ngcmghz3v6t3m00000gn/T/junit4238406739563525852/scratchdir/hive_2015-09-06_13-13-47_300_6432582745994431143-1
15/09/06 13:13:47 INFO mr.ExecDriver: Using org.apache.hadoop.hive.ql.io.CombineHiveInputFormat
15/09/06 13:13:47 INFO exec.Utilities: Processing alias dealer_hierarchy_temp_data
15/09/06 13:13:47 INFO exec.Utilities: Adding input file file:/var/folders/y7/4_pz5fzx54ngcmghz3v6t3m00000gn/T/junit4238406739563525852/hadooptmp/dealer_hierarchy/temp_data/dealer_code=AAAA
15/09/06 13:13:47 INFO exec.Utilities: Content Summary not cached for file:/var/folders/y7/4_pz5fzx54ngcmghz3v6t3m00000gn/T/junit4238406739563525852/hadooptmp/dealer_hierarchy/temp_data/dealer_code=AAAA
15/09/06 13:13:47 INFO ql.Context: New scratch dir is file:/var/folders/y7/4_pz5fzx54ngcmghz3v6t3m00000gn/T/junit4238406739563525852/scratchdir/hive_2015-09-06_13-13-47_300_6432582745994431143-1
15/09/06 13:13:47 INFO log.PerfLogger: <PERFLOG method=serializePlan from=org.apache.hadoop.hive.ql.exec.Utilities>
15/09/06 13:13:47 INFO exec.Utilities: Serializing MapWork via kryo
15/09/06 13:13:47 INFO log.PerfLogger: </PERFLOG method=serializePlan start=1441563227449 end=1441563227455 duration=6 from=org.apache.hadoop.hive.ql.exec.Utilities>
15/09/06 13:13:47 INFO exec.Utilities: Setting plan: /var/folders/y7/4_pz5fzx54ngcmghz3v6t3m00000gn/T/junit4238406739563525852/scratchdir/hive_2015-09-06_13-13-47_300_6432582745994431143-1/-mr-10004/83a2901a-5142-4909-a4b7-6e3d0b2334e2/map.xml
15/09/06 13:13:47 INFO log.PerfLogger: <PERFLOG method=serializePlan from=org.apache.hadoop.hive.ql.exec.Utilities>
15/09/06 13:13:47 INFO exec.Utilities: Serializing ReduceWork via kryo
15/09/06 13:13:47 INFO log.PerfLogger: </PERFLOG method=serializePlan start=1441563227456 end=1441563227459 duration=3 from=org.apache.hadoop.hive.ql.exec.Utilities>
15/09/06 13:13:47 INFO exec.Utilities: Setting plan: /var/folders/y7/4_pz5fzx54ngcmghz3v6t3m00000gn/T/junit4238406739563525852/scratchdir/hive_2015-09-06_13-13-47_300_6432582745994431143-1/-mr-10004/83a2901a-5142-4909-a4b7-6e3d0b2334e2/reduce.xml
15/09/06 13:13:47 INFO jvm.JvmMetrics: Cannot initialize JVM Metrics with processName=JobTracker, sessionId= - already initialized
15/09/06 13:13:47 WARN mapred.JobClient: Use GenericOptionsParser for parsing the arguments. Applications should implement Tool for the same.
15/09/06 13:13:47 INFO log.PerfLogger: <PERFLOG method=getSplits from=org.apache.hadoop.hive.ql.io.CombineHiveInputFormat>
15/09/06 13:13:47 INFO io.CombineHiveInputFormat: CombineHiveInputSplit creating pool for file:/var/folders/y7/4_pz5fzx54ngcmghz3v6t3m00000gn/T/junit4238406739563525852/hadooptmp/dealer_hierarchy/temp_data/dealer_code=AAAA; using filter path file:/var/folders/y7/4_pz5fzx54ngcmghz3v6t3m00000gn/T/junit4238406739563525852/hadooptmp/dealer_hierarchy/temp_data/dealer_code=AAAA
15/09/06 13:13:47 INFO mapred.FileInputFormat: Total input paths to process : 1
15/09/06 13:13:47 INFO io.CombineHiveInputFormat: number of splits 1
15/09/06 13:13:47 INFO log.PerfLogger: </PERFLOG method=getSplits start=1441563227550 end=1441563227553 duration=3 from=org.apache.hadoop.hive.ql.io.CombineHiveInputFormat>
Starting Job = job_local1153419309_0003, Tracking URL = http://localhost:8080/
15/09/06 13:13:47 INFO mapred.LocalJobRunner: OutputCommitter set in config org.apache.hadoop.hive.shims.HadoopShimsSecure$NullOutputCommitter
15/09/06 13:13:47 INFO exec.Task: Starting Job = job_local1153419309_0003, Tracking URL = http://localhost:8080/
15/09/06 13:13:47 INFO mapred.LocalJobRunner: OutputCommitter is org.apache.hadoop.hive.shims.HadoopShimsSecure$NullOutputCommitter
Kill Command = NO_BIN! job  -kill job_local1153419309_0003
15/09/06 13:13:47 INFO exec.Task: Kill Command = NO_BIN! job  -kill job_local1153419309_0003
15/09/06 13:13:47 INFO mapred.LocalJobRunner: Waiting for map tasks
15/09/06 13:13:47 INFO mapred.LocalJobRunner: Starting task: attempt_local1153419309_0003_m_000000_0
Hadoop job information for Stage-1: number of mappers: 0; number of reducers: 015/09/06 13:13:47 WARN mapreduce.Counters: Group org.apache.hadoop.mapred.Task$Counter is deprecated. Use org.apache.hadoop.mapreduce.TaskCounter instead

15/09/06 13:13:47 INFO exec.Task: Hadoop job information for Stage-1: number of mappers: 0; number of reducers: 0
15/09/06 13:13:47 WARN mapreduce.Counters: Group org.apache.hadoop.mapred.Task$Counter is deprecated. Use org.apache.hadoop.mapreduce.TaskCounter instead
2015-09-06 13:13:47,641 Stage-1 map = 0%,  reduce = 0%
15/09/06 13:13:47 INFO exec.Task: 2015-09-06 13:13:47,641 Stage-1 map = 0%,  reduce = 0%
15/09/06 13:13:47 INFO mapred.Task:  Using ResourceCalculatorPlugin : null
15/09/06 13:13:47 INFO mapred.MapTask: Processing split: Paths:/var/folders/y7/4_pz5fzx54ngcmghz3v6t3m00000gn/T/junit4238406739563525852/hadooptmp/dealer_hierarchy/temp_data/dealer_code=AAAA/temp_data_from_string.csv:0+216InputFormatClass: org.apache.hadoop.mapred.TextInputFormat

15/09/06 13:13:47 INFO io.HiveContextAwareRecordReader: Processing file file:/var/folders/y7/4_pz5fzx54ngcmghz3v6t3m00000gn/T/junit4238406739563525852/hadooptmp/dealer_hierarchy/temp_data/dealer_code=AAAA/temp_data_from_string.csv
15/09/06 13:13:47 WARN mapreduce.Counters: Counter name MAP_INPUT_BYTES is deprecated. Use FileInputFormatCounters as group name and  BYTES_READ as counter name instead
15/09/06 13:13:47 INFO mapred.MapTask: numReduceTasks: 1
15/09/06 13:13:47 INFO mapred.MapTask: Map output collector class = org.apache.hadoop.mapred.MapTask$MapOutputBuffer
15/09/06 13:13:47 INFO mapred.MapTask: io.sort.mb = 100
15/09/06 13:13:47 INFO mapred.MapTask: data buffer = 79691776/99614720
15/09/06 13:13:47 INFO mapred.MapTask: record buffer = 262144/327680
15/09/06 13:13:47 INFO mr.ExecMapper: maximum memory = 3817865216
15/09/06 13:13:47 INFO mr.ExecMapper: conf classpath = [file:/Users/hpatel/.gradle/caches/2.1/workerMain/gradle-worker.jar, file:/Users/hpatel/Tech/Projects/CAT/ddsw_dev/hive-test/build/classes/test/, file:/Users/hpatel/Tech/Projects/CAT/ddsw_dev/hive-test/build/resources/test/, file:/Users/hpatel/Tech/Projects/CAT/ddsw_dev/hive-test/build/classes/main/, file:/Users/hpatel/Tech/Projects/CAT/ddsw_dev/hive-test/build/resources/main, file:/Users/hpatel/.gradle/caches/modules-2/files-2.1/junit/junit/4.11/4e031bb61df09069aeb2bffb4019e7a5034a4ee0/junit-4.11.jar, file:/Users/hpatel/.gradle/caches/modules-2/files-2.1/com.klarna/hiverunner/1.0.0/e26bb0655fff4d88fab91f331793d9fc1db392cc/HiveRunner-1.0.0.jar, file:/Users/hpatel/Tech/Projects/CAT/ddsw_dev/custom-cat-udfs/build/libs/custom-cat-udfs-0.1.38-SNAPSHOT.jar, file:/Users/hpatel/.gradle/caches/modules-2/files-2.1/org.apache.hadoop/hadoop-client/2.5.0-cdh5.3.3/ec3cd6a8cb043e73a42918934c5d3a3f2747c78b/hadoop-client-2.5.0-cdh5.3.3.jar, file:/Users/hpatel/.gradle/caches/modules-2/files-2.1/org.hsqldb/hsqldb/2.3.1/bd7153caa30958e1c64a3dd38b93e5a7442d9a0e/hsqldb-2.3.1.jar, file:/Users/hpatel/.gradle/caches/modules-2/files-2.1/org.apache.hadoop/hadoop-core/2.5.0-mr1-cdh5.3.3/f6f4a77f818757da51ae0244310855779c04c4be/hadoop-core-2.5.0-mr1-cdh5.3.3.jar, file:/Users/hpatel/.gradle/caches/modules-2/files-2.1/org.reflections/reflections/0.9.8/f723abb59bf512952bfc503838f70f81487a6993/reflections-0.9.8.jar, file:/Users/hpatel/.gradle/caches/modules-2/files-2.1/org.mockito/mockito-core/1.10.19/e8546f5bef4e061d8dd73895b4e8f40e3fe6effe/mockito-core-1.10.19.jar, file:/Users/hpatel/.gradle/caches/modules-2/files-2.1/org.hamcrest/hamcrest-core/1.3/42a25dc3219429f0e5d060061f71acb49bf010a0/hamcrest-core-1.3.jar, file:/Users/hpatel/.gradle/caches/modules-2/files-2.1/org.pentaho/pentaho-aggdesigner-algorithm/5.1.5-jhyde/c52379c645c6c85300e645dff7c72653bf85baa2/pentaho-aggdesigner-algorithm-5.1.5-jhyde.jar, file:/Users/hpatel/.gradle/caches/modules-2/files-2.1/org.apache.hive/hive-serde/0.13.1-cdh5.3.3/9cee47c844d726e9bcef6ab292e1319b7fbddaa3/hive-serde-0.13.1-cdh5.3.3.jar, file:/Users/hpatel/.gradle/caches/modules-2/files-2.1/org.apache.hadoop/hadoop-common/2.5.0-cdh5.3.3/f0862eb1dc33c1807ea29a248af75551e3c6836a/hadoop-common-2.5.0-cdh5.3.3.jar, file:/Users/hpatel/.gradle/caches/modules-2/files-2.1/org.apache.hive/hive-contrib/0.13.1-cdh5.3.3/bf89b429c9b173ac275dc0c1623f5c30e780ee98/hive-contrib-0.13.1-cdh5.3.3.jar, file:/Users/hpatel/.gradle/caches/modules-2/files-2.1/org.datanucleus/datanucleus-core/3.2.12/3212183bb5a2826cd5ff194b9a54619dd0bdf31f/datanucleus-core-3.2.12.jar, file:/Users/hpatel/.gradle/caches/modules-2/files-2.1/org.datanucleus/datanucleus-rdbms/3.2.11/5b053144c89fdff1505b853aa7f1e5ba7657da75/datanucleus-rdbms-3.2.11.jar, file:/Users/hpatel/.gradle/caches/modules-2/files-2.1/org.datanucleus/datanucleus-api-jdo/3.2.8/efc60221fbc91e95cf5758b98c6c5531660696cb/datanucleus-api-jdo-3.2.8.jar, file:/Users/hpatel/.gradle/caches/modules-2/files-2.1/org.apache.hive/hive-shims/0.13.1-cdh5.3.3/47b029532c0b9d45526dcdd858823e6f9634ab81/hive-shims-0.13.1-cdh5.3.3.jar, file:/Users/hpatel/.gradle/caches/modules-2/files-2.1/org.apache.commons/commons-lang3/3.3.1/6738a2da2202ce360f0af90aba005c1e05a2c4cd/commons-lang3-3.3.1.jar, file:/Users/hpatel/.gradle/caches/modules-2/files-2.1/joda-time/joda-time/2.3/56498efd17752898cfcc3868c1b6211a07b12b8f/joda-time-2.3.jar, file:/Users/hpatel/.gradle/caches/modules-2/files-2.1/org.apache.hadoop/hadoop-hdfs/2.5.0-cdh5.3.3/5dd5e2be13d89a9eaab89d3a33bcdf6677671aa9/hadoop-hdfs-2.5.0-cdh5.3.3.jar, file:/Users/hpatel/.gradle/caches/modules-2/files-2.1/org.apache.hadoop/hadoop-mapreduce-client-app/2.5.0-cdh5.3.3/579948f8fa6d9d72bf507bd021fa3dcc0670e95f/hadoop-mapreduce-client-app-2.5.0-cdh5.3.3.jar, file:/Users/hpatel/.gradle/caches/modules-2/files-2.1/org.apache.hadoop/hadoop-yarn-api/2.5.0-cdh5.3.3/a6d9b4b7cbcacd000350a3e33c70269101b5fc79/hadoop-yarn-api-2.5.0-cdh5.3.3.jar, file:/Users/hpatel/.gradle/caches/modules-2/files-2.1/org.apache.hadoop/hadoop-mapreduce-client-core/2.5.0-cdh5.3.3/f2c8eaa2b8a5839a7781f04cf59c4d1abfefec9e/hadoop-mapreduce-client-core-2.5.0-cdh5.3.3.jar, file:/Users/hpatel/.gradle/caches/modules-2/files-2.1/org.apache.hadoop/hadoop-mapreduce-client-jobclient/2.5.0-cdh5.3.3/f8baecab9a91245a97e29e4867a7f5ae128ef8a9/hadoop-mapreduce-client-jobclient-2.5.0-cdh5.3.3.jar, file:/Users/hpatel/.gradle/caches/modules-2/files-2.1/org.apache.hadoop/hadoop-aws/2.5.0-cdh5.3.3/f712d9cf59c859914254bed5c87ee4e5a2204e78/hadoop-aws-2.5.0-cdh5.3.3.jar, file:/Users/hpatel/.gradle/caches/modules-2/files-2.1/org.apache.hadoop/hadoop-annotations/2.5.0-cdh5.3.3/e3b40743127d82ff7a6f263d00419368a46ce608/hadoop-annotations-2.5.0-cdh5.3.3.jar, file:/Users/hpatel/.gradle/caches/modules-2/files-2.1/commons-collections/commons-collections/3.2.1/761ea405b9b37ced573d2df0d1e3a4e0f9edc668/commons-collections-3.2.1.jar, file:/Users/hpatel/.gradle/caches/modules-2/files-2.1/commons-configuration/commons-configuration/1.6/32cadde23955d7681b0d94a2715846d20b425235/commons-configuration-1.6.jar, file:/Users/hpatel/.gradle/caches/modules-2/files-2.1/jline/jline/0.9.94/99a18e9a44834afdebc467294e1138364c207402/jline-0.9.94.jar, file:/Users/hpatel/.gradle/caches/modules-2/files-2.1/commons-cli/commons-cli/1.2/2bf96b7aa8b611c177d329452af1dc933e14501c/commons-cli-1.2.jar, file:/Users/hpatel/.gradle/caches/modules-2/files-2.1/xmlenc/xmlenc/0.52/d82554efbe65906d83b3d97bd7509289e9db561a/xmlenc-0.52.jar, file:/Users/hpatel/.gradle/caches/modules-2/files-2.1/commons-httpclient/commons-httpclient/3.1/964cd74171f427720480efdec40a7c7f6e58426a/commons-httpclient-3.1.jar, file:/Users/hpatel/.gradle/caches/modules-2/files-2.1/commons-net/commons-net/3.1/2298164a7c2484406f2aa5ac85b205d39019896f/commons-net-3.1.jar, file:/Users/hpatel/.gradle/caches/modules-2/files-2.1/tomcat/jasper-runtime/5.5.23/96ca5528a93ab47b001476b74320c644beb89dde/jasper-runtime-5.5.23.jar, file:/Users/hpatel/.gradle/caches/modules-2/files-2.1/tomcat/jasper-compiler/5.5.23/6d35bd7fb8c4fbc1f5401fb3678aa976d2e4c241/jasper-compiler-5.5.23.jar, file:/Users/hpatel/.gradle/caches/modules-2/files-2.1/javax.servlet.jsp/jsp-api/2.1/63f943103f250ef1f3a4d5e94d145a0f961f5316/jsp-api-2.1.jar, file:/Users/hpatel/.gradle/caches/modules-2/files-2.1/commons-el/commons-el/1.0/1df2c042b3f2de0124750241ac6c886dbfa2cc2c/commons-el-1.0.jar, file:/Users/hpatel/.gradle/caches/modules-2/files-2.1/javax.servlet/servlet-api/2.5/5959582d97d8b61f4d154ca9e495aafd16726e34/servlet-api-2.5.jar, file:/Users/hpatel/.gradle/caches/modules-2/files-2.1/hsqldb/hsqldb/1.8.0.10/7e9978fdb754bce5fcd5161133e7734ecb683036/hsqldb-1.8.0.10.jar, file:/Users/hpatel/.gradle/caches/modules-2/files-2.1/org.eclipse.jdt/core/3.1.1/88c83ce444cf46d02494da37c9fa1eebc9ce9cea/core-3.1.1.jar, file:/Users/hpatel/.gradle/caches/modules-2/files-2.1/javassist/javassist/3.12.1.GA/526633327faa61aee448a519e8a4d53ec3057885/javassist-3.12.1.GA.jar, file:/Users/hpatel/.gradle/caches/modules-2/files-2.1/dom4j/dom4j/1.6.1/5d3ccc056b6f056dbf0dddfdf43894b9065a8f94/dom4j-1.6.1.jar, file:/Users/hpatel/.gradle/caches/modules-2/files-2.1/org.objenesis/objenesis/2.1/87c0ea803b69252868d09308b4618f766f135a96/objenesis-2.1.jar, file:/Users/hpatel/.gradle/caches/modules-2/files-2.1/commons-logging/commons-logging/1.1.3/f6f66e966c70a83ffbdb6f17a0919eaf7c8aca7f/commons-logging-1.1.3.jar, file:/Users/hpatel/.gradle/caches/modules-2/files-2.1/org.apache.hive/hive-common/0.13.1-cdh5.3.3/e3fbf24d30a553c50ae4d4eed23f81b0e1211c5a/hive-common-0.13.1-cdh5.3.3.jar, file:/Users/hpatel/.gradle/caches/modules-2/files-2.1/org.apache.avro/avro/1.7.6-cdh5.3.3/6d90271293977d199ed07002bf35e2805405cc64/avro-1.7.6-cdh5.3.3.jar, file:/Users/hpatel/.gradle/caches/modules-2/files-2.1/net.sf.opencsv/opencsv/2.3/c23708cdb9e80a144db433e23344a788a1fd6599/opencsv-2.3.jar, file:/Users/hpatel/.gradle/caches/modules-2/files-2.1/com.sun.jersey/jersey-servlet/1.14/4b87041a59ee152757b62e47a21d5b63fde20ffe/jersey-servlet-1.14.jar, file:/Users/hpatel/.gradle/caches/modules-2/files-2.1/org.slf4j/slf4j-log4j12/1.7.5/6edffc576ce104ec769d954618764f39f0f0f10d/slf4j-log4j12-1.7.5.jar, file:/Users/hpatel/.gradle/caches/modules-2/files-2.1/org.apache.commons/commons-math3/3.1.1/6719d757a98ff24a83d9d727bef9cec83f59b6e1/commons-math3-3.1.1.jar, file:/Users/hpatel/.gradle/caches/modules-2/files-2.1/commons-io/commons-io/2.4/b1b6ea3b7e4aa4f492509a4952029cd8e48019ad/commons-io-2.4.jar, file:/Users/hpatel/.gradle/caches/modules-2/files-2.1/com.sun.jersey/jersey-json/1.9/1aa73e1896bcc7013fed247157d7f676226eb432/jersey-json-1.9.jar, file:/Users/hpatel/.gradle/caches/modules-2/files-2.1/log4j/log4j/1.2.17/5af35056b4d257e4b64b9e8069c0746e8b08629f/log4j-1.2.17.jar, file:/Users/hpatel/.gradle/caches/modules-2/files-2.1/com.google.code.gson/gson/2.2.4/a60a5e993c98c864010053cb901b7eab25306568/gson-2.2.4.jar, file:/Users/hpatel/.gradle/caches/modules-2/files-2.1/org.apache.hadoop/hadoop-auth/2.5.0-cdh5.3.3/847eb288da72acfdd7d202da5149dec6cd20ceba/hadoop-auth-2.5.0-cdh5.3.3.jar, file:/Users/hpatel/.gradle/caches/modules-2/files-2.1/com.jcraft/jsch/0.1.42/a86104b0f2e0c0bab5b0df836065823a99b5e334/jsch-0.1.42.jar, file:/Users/hpatel/.gradle/caches/modules-2/files-2.1/org.apache.curator/curator-client/2.6.0/b9007c357ad1a78066fc6004e8b1feaa2318f6f3/curator-client-2.6.0.jar, file:/Users/hpatel/.gradle/caches/modules-2/files-2.1/org.apache.curator/curator-recipes/2.6.0/8736b0fc42e6bf006d585fe85c90aaa4ade5cbef/curator-recipes-2.6.0.jar, file:/Users/hpatel/.gradle/caches/modules-2/files-2.1/com.google.code.findbugs/jsr305/1.3.9/40719ea6961c0cb6afaeb6a921eaa1f6afd4cfdf/jsr305-1.3.9.jar, file:/Users/hpatel/.gradle/caches/modules-2/files-2.1/org.apache.commons/commons-compress/1.4.1/b02e84a993d88568417536240e970c4b809126fd/commons-compress-1.4.1.jar, file:/Users/hpatel/.gradle/caches/modules-2/files-2.1/org.apache.hive.shims/hive-shims-common/0.13.1-cdh5.3.3/3d9e5245018fbde18f52c4ab25fc35afdec2fc0a/hive-shims-common-0.13.1-cdh5.3.3.jar, file:/Users/hpatel/.gradle/caches/modules-2/files-2.1/org.apache.hive.shims/hive-shims-common-secure/0.13.1-cdh5.3.3/6b29a16b2a41b89bdbbc681c257ad7f766a90bcb/hive-shims-common-secure-0.13.1-cdh5.3.3.jar, file:/Users/hpatel/.gradle/caches/modules-2/files-2.1/org.apache.hive.shims/hive-shims-0.23/0.13.1-cdh5.3.3/7ab834955a767af200d1d9151c204751637d9ca9/hive-shims-0.23-0.13.1-cdh5.3.3.jar, file:/Users/hpatel/.gradle/caches/modules-2/files-2.1/org.apache.hive.shims/hive-shims-scheduler/0.13.1-cdh5.3.3/b6644420b74f936a838f7f3fd2fa19c19add0449/hive-shims-scheduler-0.13.1-cdh5.3.3.jar, file:/Users/hpatel/.gradle/caches/modules-2/files-2.1/org.apache.hadoop/hadoop-mapreduce-client-common/2.5.0-cdh5.3.3/f0d777bb76ca9f540c0c81a45934f0f5cf9975b8/hadoop-mapreduce-client-common-2.5.0-cdh5.3.3.jar, file:/Users/hpatel/.gradle/caches/modules-2/files-2.1/org.apache.hadoop/hadoop-mapreduce-client-shuffle/2.5.0-cdh5.3.3/b6c4316f6fcc406edf7e5bd77c50e46034ad5519/hadoop-mapreduce-client-shuffle-2.5.0-cdh5.3.3.jar, file:/Users/hpatel/.gradle/caches/modules-2/files-2.1/org.apache.hadoop/hadoop-yarn-common/2.5.0-cdh5.3.3/9499713b674eae1aa714fcd0e95e0d09daaf3824/hadoop-yarn-common-2.5.0-cdh5.3.3.jar, file:/Users/hpatel/.gradle/caches/modules-2/files-2.1/com.fasterxml.jackson.core/jackson-databind/2.2.3/3ae380888029daefb91d3ecdca3a37d8cb92bc9/jackson-databind-2.2.3.jar, file:/Users/hpatel/.gradle/caches/modules-2/files-2.1/com.fasterxml.jackson.core/jackson-annotations/2.2.3/527fece4f23a457070a36c371a26d6c0208e1c3/jackson-annotations-2.2.3.jar, file:/Users/hpatel/.gradle/caches/modules-2/files-2.1/com.amazonaws/aws-java-sdk/1.7.4/2c24ccb6f1ab845a7df971951d4b41c709a6517d/aws-java-sdk-1.7.4.jar, file:/Users/hpatel/.gradle/caches/modules-2/files-2.1/commons-digester/commons-digester/1.8/dc6a73fdbd1fa3f0944e8497c6c872fa21dca37e/commons-digester-1.8.jar, file:/Users/hpatel/.gradle/caches/modules-2/files-2.1/commons-beanutils/commons-beanutils-core/1.8.0/175dc721f87e4bc5cc0573f990e28c3cf9117508/commons-beanutils-core-1.8.0.jar, file:/Users/hpatel/.gradle/caches/modules-2/files-2.1/xml-apis/xml-apis/1.0.b2/3136ca936f64c9d68529f048c2618bd356bf85c9/xml-apis-1.0.b2.jar, file:/Users/hpatel/.gradle/caches/modules-2/files-2.1/com.thoughtworks.paranamer/paranamer/2.3/4a85963a752c0a2f715c3924bfc686865e7e1bc6/paranamer-2.3.jar, file:/Users/hpatel/.gradle/caches/modules-2/files-2.1/org.xerial.snappy/snappy-java/1.0.5/10cb4550360a0ec6b80f09a5209d00b6058e82bf/snappy-java-1.0.5.jar, file:/Users/hpatel/.gradle/caches/modules-2/files-2.1/org.codehaus.jettison/jettison/1.1/1a01a2a1218fcf9faa2cc2a6ced025bdea687262/jettison-1.1.jar, file:/Users/hpatel/.gradle/caches/modules-2/files-2.1/com.sun.xml.bind/jaxb-impl/2.2.3-1/56baae106392040a45a06d4a41099173425da1e6/jaxb-impl-2.2.3-1.jar, file:/Users/hpatel/.gradle/caches/modules-2/files-2.1/org.apache.directory.server/apacheds-kerberos-codec/2.0.0-M15/1c16e4e477183641c5f0dd5cdecd27ec331bacb5/apacheds-kerberos-codec-2.0.0-M15.jar, file:/Users/hpatel/.gradle/caches/modules-2/files-2.1/org.apache.curator/curator-framework/2.6.0/81a699c39d127b5b4ff97cc77da7650b53e5b5ed/curator-framework-2.6.0.jar, file:/Users/hpatel/.gradle/caches/modules-2/files-2.1/org.tukaani/xz/1.0/ecff5cb8b1189514c9d1d8d68eb77ac372e000c9/xz-1.0.jar, file:/Users/hpatel/.gradle/caches/modules-2/files-2.1/org.apache.hadoop/hadoop-yarn-client/2.5.0-cdh5.3.3/2d2ce5d0138d02b20aefcfc1ee8dd6f691911f63/hadoop-yarn-client-2.5.0-cdh5.3.3.jar, file:/Users/hpatel/.gradle/caches/modules-2/files-2.1/org.apache.hadoop/hadoop-yarn-server-common/2.5.0-cdh5.3.3/d099fcc19f56d477fa6b5b47ae4e06bb97538778/hadoop-yarn-server-common-2.5.0-cdh5.3.3.jar, file:/Users/hpatel/.gradle/caches/modules-2/files-2.1/org.apache.hadoop/hadoop-yarn-server-nodemanager/2.5.0-cdh5.3.3/278b2d7a6454ce57a94ab02a88c0b188afc8facc/hadoop-yarn-server-nodemanager-2.5.0-cdh5.3.3.jar, file:/Users/hpatel/.gradle/caches/modules-2/files-2.1/org.fusesource.leveldbjni/leveldbjni-all/1.8/707350a2eeb1fa2ed77a32ddb3893ed308e941db/leveldbjni-all-1.8.jar, file:/Users/hpatel/.gradle/caches/modules-2/files-2.1/javax.xml.bind/jaxb-api/2.2.2/aeb3021ca93dde265796d82015beecdcff95bf09/jaxb-api-2.2.2.jar, file:/Users/hpatel/.gradle/caches/modules-2/files-2.1/com.google.inject/guice/3.0/9d84f15fe35e2c716a02979fb62f50a29f38aefa/guice-3.0.jar, file:/Users/hpatel/.gradle/caches/modules-2/files-2.1/com.sun.jersey.contribs/jersey-guice/1.9/5963c28c47df7e5d6ad34cec80c071c368777f7b/jersey-guice-1.9.jar, file:/Users/hpatel/.gradle/caches/modules-2/files-2.1/com.fasterxml.jackson.core/jackson-core/2.2.3/1a0113da2cab5f4c216b4e5e7c1dbfaa67087e14/jackson-core-2.2.3.jar, file:/Users/hpatel/.gradle/caches/modules-2/files-2.1/commons-beanutils/commons-beanutils/1.7.0/5675fd96b29656504b86029551973d60fb41339b/commons-beanutils-1.7.0.jar, file:/Users/hpatel/.gradle/caches/modules-2/files-2.1/org.apache.directory.server/apacheds-i18n/2.0.0-M15/71c61c84683152ec2a6a65f3f96fe534e304fa22/apacheds-i18n-2.0.0-M15.jar, file:/Users/hpatel/.gradle/caches/modules-2/files-2.1/org.apache.directory.api/api-asn1-api/1.0.0-M20/5e6486ffa3125ba44dc410ead166e1d6ba8ac76d/api-asn1-api-1.0.0-M20.jar, file:/Users/hpatel/.gradle/caches/modules-2/files-2.1/org.apache.directory.api/api-util/1.0.0-M20/a871abf060b3cf83fc6dc4d7e3d151fce50ac3cb/api-util-1.0.0-M20.jar, file:/Users/hpatel/.gradle/caches/modules-2/files-2.1/com.sun.jersey/jersey-client/1.9/d3c4b2b5f89db32c96ceddcb863684821910a7bb/jersey-client-1.9.jar, file:/Users/hpatel/.gradle/caches/modules-2/files-2.1/javax.xml.stream/stax-api/1.0-2/d6337b0de8b25e53e81b922352fbea9f9f57ba0b/stax-api-1.0-2.jar, file:/Users/hpatel/.gradle/caches/modules-2/files-2.1/javax.activation/activation/1.1/e6cb541461c2834bdea3eb920f1884d1eb508b50/activation-1.1.jar, file:/Users/hpatel/.gradle/caches/modules-2/files-2.1/javax.inject/javax.inject/1/6975da39a7040257bd51d21a231b76c915872d38/javax.inject-1.jar, file:/Users/hpatel/.gradle/caches/modules-2/files-2.1/aopalliance/aopalliance/1.0/235ba8b489512805ac13a8f9ea77a1ca5ebe3e8/aopalliance-1.0.jar, file:/Users/hpatel/.gradle/caches/modules-2/files-2.1/org.sonatype.sisu.inject/cglib/2.2.1-v20090111/7ce5e983fd0e6c78346f4c9cbfa39d83049dda2/cglib-2.2.1-v20090111.jar, file:/Users/hpatel/.gradle/caches/modules-2/files-2.1/asm/asm/3.1/c157def142714c544bdea2e6144645702adf7097/asm-3.1.jar, file:/Users/hpatel/.gradle/caches/modules-2/files-2.1/org.apache.hive/hive-service/0.13.1-cdh5.3.3/c7979b4213bfb62823d43ba726e0fea58032dd1e/hive-service-0.13.1-cdh5.3.3.jar, file:/Users/hpatel/.gradle/caches/modules-2/files-2.1/net.sf.jpam/jpam/1.1/cb3d91c2dfda767518a371dbb02edfd6a4aa0600/jpam-1.1.jar, file:/Users/hpatel/.gradle/caches/modules-2/files-2.1/org.eclipse.jetty.aggregate/jetty-all/7.6.0.v20120127/47bb68e3837e5c6422138dd1e0d4d75c60dce87a/jetty-all-7.6.0.v20120127.jar, file:/Users/hpatel/.gradle/caches/modules-2/files-2.1/org.apache.thrift/libfb303/0.9.0/639bd69767fdbd7f658ce8233248fe1cea635164/libfb303-0.9.0.jar, file:/Users/hpatel/.gradle/caches/modules-2/files-2.1/org.apache.geronimo.specs/geronimo-jta_1.1_spec/1.1.1/aabab3165b8ea936b9360abbf448459c0d04a5a4/geronimo-jta_1.1_spec-1.1.1.jar, file:/Users/hpatel/.gradle/caches/modules-2/files-2.1/javax.mail/mail/1.4.1/8b7bc69010655425dabf091b51d1e90b4de36715/mail-1.4.1.jar, file:/Users/hpatel/.gradle/caches/modules-2/files-2.1/org.apache.geronimo.specs/geronimo-jaspic_1.0_spec/1.0/44b95be7dae1147716dce5336419eafade880756/geronimo-jaspic_1.0_spec-1.0.jar, file:/Users/hpatel/.gradle/caches/modules-2/files-2.1/org.apache.geronimo.specs/geronimo-annotation_1.0_spec/1.1.1/47caa799389f69d297b86bf90523d431599c3796/geronimo-annotation_1.0_spec-1.1.1.jar, file:/Users/hpatel/.gradle/caches/modules-2/files-2.1/asm/asm-commons/3.1/1b607fbfe7889c6fdff1b7c16439ade0a60869ac/asm-commons-3.1.jar, file:/Users/hpatel/.gradle/caches/modules-2/files-2.1/asm/asm-tree/3.1/c9a5d4334ddf194ea492f22107d45119a5c5322f/asm-tree-3.1.jar, file:/Users/hpatel/.gradle/caches/modules-2/files-2.1/commons-lang/commons-lang/2.6/ce1edb914c94ebc388f086c6827e8bdeec71ac2/commons-lang-2.6.jar, file:/Users/hpatel/.gradle/caches/modules-2/files-2.1/org.mortbay.jetty/jetty/6.1.26.cloudera.4/d59325a5ff8ff18f7543bc3fbb9d5efa0c0ff521/jetty-6.1.26.cloudera.4.jar, file:/Users/hpatel/.gradle/caches/modules-2/files-2.1/org.mortbay.jetty/jetty-util/6.1.26.cloudera.4/b8507b7c5d3fd9a3d01775272cbf1a63f530c19d/jetty-util-6.1.26.cloudera.4.jar, file:/Users/hpatel/.gradle/caches/modules-2/files-2.1/net.java.dev.jets3t/jets3t/0.9.0/792bc96ee7e57b89f472aa0cb5a31015b9f59c96/jets3t-0.9.0.jar, file:/Users/hpatel/.gradle/caches/modules-2/files-2.1/com.jamesmurty.utils/java-xmlbuilder/0.4/ac5962e48cdee3a0a6e1f8e00fcb594747ac5aaf/java-xmlbuilder-0.4.jar, file:/Users/hpatel/.gradle/caches/modules-2/files-2.1/com.google.protobuf/protobuf-java/2.5.0/a10732c76bfacdbd633a7eb0f7968b1059a65dfa/protobuf-java-2.5.0.jar, file:/Users/hpatel/.gradle/caches/modules-2/files-2.1/org.apache.hive/hive-exec/0.13.1-cdh5.3.3/4d935274127f47dd9c0875efcf317ba49aef1219/hive-exec-0.13.1-cdh5.3.3.jar, file:/Users/hpatel/.gradle/caches/modules-2/files-2.1/org.apache.hive/hive-ant/0.13.1-cdh5.3.3/86954e92a903253177cd6935798c50a6c32b7b81/hive-ant-0.13.1-cdh5.3.3.jar, file:/Users/hpatel/.gradle/caches/modules-2/files-2.1/org.antlr/antlr-runtime/3.4/8f011408269a8e42b8548687e137d8eeb56df4b4/antlr-runtime-3.4.jar, file:/Users/hpatel/.gradle/caches/modules-2/files-2.1/org.antlr/ST4/4.0.4/467a2aa12be6d0f0f68c70eecf6714ab733027ac/ST4-4.0.4.jar, file:/Users/hpatel/.gradle/caches/modules-2/files-2.1/org.apache.ant/ant/1.9.1/35900c96dbebc85dcfbd71f4661059ebcf93c077/ant-1.9.1.jar, file:/Users/hpatel/.gradle/caches/modules-2/files-2.1/org.codehaus.groovy/groovy-all/2.1.6/165b8246372a829c1915611646f6d964010656cf/groovy-all-2.1.6.jar, file:/Users/hpatel/.gradle/caches/modules-2/files-2.1/stax/stax-api/1.0.1/49c100caf72d658aca8e58bd74a4ba90fa2b0d70/stax-api-1.0.1.jar, file:/Users/hpatel/.gradle/caches/modules-2/files-2.1/org.apache.velocity/velocity/1.5/9f306baf7523ffc0e81a6353d08a584d254133b/velocity-1.5.jar, file:/Users/hpatel/.gradle/caches/modules-2/files-2.1/org.antlr/stringtemplate/3.2.1/59ec8083721eae215c6f3caee944c410d2be34de/stringtemplate-3.2.1.jar, file:/Users/hpatel/.gradle/caches/modules-2/files-2.1/antlr/antlr/2.7.7/83cd2cd674a217ade95a4bb83a8a14f351f48bd0/antlr-2.7.7.jar, file:/Users/hpatel/.gradle/caches/modules-2/files-2.1/org.apache.ant/ant-launcher/1.9.1/7c71043ca185eaada9e36391dd022d92859327de/ant-launcher-1.9.1.jar, file:/Users/hpatel/.gradle/caches/modules-2/files-2.1/oro/oro/2.0.8/5592374f834645c4ae250f4c9fbb314c9369d698/oro-2.0.8.jar, file:/Users/hpatel/.gradle/caches/modules-2/files-2.1/org.codehaus.jackson/jackson-core-asl/1.9.13/3c304d70f42f832e0a86d45bd437f692129299a4/jackson-core-asl-1.9.13.jar, file:/Users/hpatel/.gradle/caches/modules-2/files-2.1/org.codehaus.jackson/jackson-mapper-asl/1.9.13/1ee2f2bed0e5dd29d1cb155a166e6f8d50bbddb7/jackson-mapper-asl-1.9.13.jar, file:/Users/hpatel/.gradle/caches/modules-2/files-2.1/org.slf4j/slf4j-api/1.7.6/562424e36df3d2327e8e9301a76027fca17d54ea/slf4j-api-1.7.6.jar, file:/Users/hpatel/.gradle/caches/modules-2/files-2.1/com.sun.jersey/jersey-server/1.14/b1a21724c9b708ed54d42d41bb19ff45ae1d49d9/jersey-server-1.14.jar, file:/Users/hpatel/.gradle/caches/modules-2/files-2.1/org.apache.httpcomponents/httpclient/4.2.5/666e26e76f2e87d84e4f16acb546481ae1b8e9a6/httpclient-4.2.5.jar, file:/Users/hpatel/.gradle/caches/modules-2/files-2.1/org.apache.zookeeper/zookeeper/3.4.6/1b2502e29da1ebaade2357cd1de35a855fa3755/zookeeper-3.4.6.jar, file:/Users/hpatel/.gradle/caches/modules-2/files-2.1/com.google.guava/guava/16.0.1/5fa98cd1a63c99a44dd8d3b77e4762b066a5d0c5/guava-16.0.1.jar, file:/Users/hpatel/.gradle/caches/modules-2/files-2.1/org.codehaus.jackson/jackson-jaxrs/1.8.8/71b16055388e9bd3991c3c3834e8e55098b789f1/jackson-jaxrs-1.8.8.jar, file:/Users/hpatel/.gradle/caches/modules-2/files-2.1/org.codehaus.jackson/jackson-xc/1.8.8/52efa08bc1e4cfea168f552b9e3088297d9d0926/jackson-xc-1.8.8.jar, file:/Users/hpatel/.gradle/caches/modules-2/files-2.1/org.apache.hive/hive-metastore/0.13.1-cdh5.3.3/ca93686a17f064a5ab6587799721cddd7836e53a/hive-metastore-0.13.1-cdh5.3.3.jar, file:/Users/hpatel/.gradle/caches/modules-2/files-2.1/com.jolbox/bonecp/0.8.0.RELEASE/cec24ee9345b3678472bb1b8fdd6aa6b9428beb8/bonecp-0.8.0.RELEASE.jar, file:/Users/hpatel/.gradle/caches/modules-2/files-2.1/org.apache.derby/derby/10.10.1.1/9f6f910f0373adc1b23c10f9b4bb151b7e7449f/derby-10.10.1.1.jar, file:/Users/hpatel/.gradle/caches/modules-2/files-2.1/javax.jdo/jdo-api/3.0.1/58e7a538e020b73871e232eeb064835fd98a492/jdo-api-3.0.1.jar, file:/Users/hpatel/.gradle/caches/modules-2/files-2.1/javax.transaction/jta/1.1/2ca09f0b36ca7d71b762e14ea2ff09d5eac57558/jta-1.1.jar, file:/Users/hpatel/.gradle/caches/modules-2/files-2.1/org.apache.thrift/libthrift/0.9.0/9ba8df332b5db95ce7f3b7a83e44d796c3d014d3/libthrift-0.9.0.jar, file:/Users/hpatel/.gradle/caches/modules-2/files-2.1/org.apache.httpcomponents/httpcore/4.2.4/3b7f38df6de5dd8b500e602ae8c2dd5ee446f883/httpcore-4.2.4.jar, file:/Users/hpatel/.gradle/caches/modules-2/files-2.1/com.sun.jersey/jersey-core/1.14/693061de8b9b352b11e997b1dd4052677778852d/jersey-core-1.14.jar, file:/Users/hpatel/.gradle/caches/modules-2/files-2.1/commons-codec/commons-codec/1.6/b7f0fc8f61ecadeb3695f0b9464755eee44374d4/commons-codec-1.6.jar, file:/Users/hpatel/.gradle/caches/modules-2/files-2.1/io.netty/netty/3.7.0.Final/7a8c35599c68c0bf383df74469aa3e03d9aca87/netty-3.7.0.Final.jar]
15/09/06 13:13:47 INFO mr.ExecMapper: thread classpath = [file:/Users/hpatel/.gradle/caches/2.1/workerMain/gradle-worker.jar, file:/Users/hpatel/Tech/Projects/CAT/ddsw_dev/hive-test/build/classes/test/, file:/Users/hpatel/Tech/Projects/CAT/ddsw_dev/hive-test/build/resources/test/, file:/Users/hpatel/Tech/Projects/CAT/ddsw_dev/hive-test/build/classes/main/, file:/Users/hpatel/Tech/Projects/CAT/ddsw_dev/hive-test/build/resources/main, file:/Users/hpatel/.gradle/caches/modules-2/files-2.1/junit/junit/4.11/4e031bb61df09069aeb2bffb4019e7a5034a4ee0/junit-4.11.jar, file:/Users/hpatel/.gradle/caches/modules-2/files-2.1/com.klarna/hiverunner/1.0.0/e26bb0655fff4d88fab91f331793d9fc1db392cc/HiveRunner-1.0.0.jar, file:/Users/hpatel/Tech/Projects/CAT/ddsw_dev/custom-cat-udfs/build/libs/custom-cat-udfs-0.1.38-SNAPSHOT.jar, file:/Users/hpatel/.gradle/caches/modules-2/files-2.1/org.apache.hadoop/hadoop-client/2.5.0-cdh5.3.3/ec3cd6a8cb043e73a42918934c5d3a3f2747c78b/hadoop-client-2.5.0-cdh5.3.3.jar, file:/Users/hpatel/.gradle/caches/modules-2/files-2.1/org.hsqldb/hsqldb/2.3.1/bd7153caa30958e1c64a3dd38b93e5a7442d9a0e/hsqldb-2.3.1.jar, file:/Users/hpatel/.gradle/caches/modules-2/files-2.1/org.apache.hadoop/hadoop-core/2.5.0-mr1-cdh5.3.3/f6f4a77f818757da51ae0244310855779c04c4be/hadoop-core-2.5.0-mr1-cdh5.3.3.jar, file:/Users/hpatel/.gradle/caches/modules-2/files-2.1/org.reflections/reflections/0.9.8/f723abb59bf512952bfc503838f70f81487a6993/reflections-0.9.8.jar, file:/Users/hpatel/.gradle/caches/modules-2/files-2.1/org.mockito/mockito-core/1.10.19/e8546f5bef4e061d8dd73895b4e8f40e3fe6effe/mockito-core-1.10.19.jar, file:/Users/hpatel/.gradle/caches/modules-2/files-2.1/org.hamcrest/hamcrest-core/1.3/42a25dc3219429f0e5d060061f71acb49bf010a0/hamcrest-core-1.3.jar, file:/Users/hpatel/.gradle/caches/modules-2/files-2.1/org.pentaho/pentaho-aggdesigner-algorithm/5.1.5-jhyde/c52379c645c6c85300e645dff7c72653bf85baa2/pentaho-aggdesigner-algorithm-5.1.5-jhyde.jar, file:/Users/hpatel/.gradle/caches/modules-2/files-2.1/org.apache.hive/hive-serde/0.13.1-cdh5.3.3/9cee47c844d726e9bcef6ab292e1319b7fbddaa3/hive-serde-0.13.1-cdh5.3.3.jar, file:/Users/hpatel/.gradle/caches/modules-2/files-2.1/org.apache.hadoop/hadoop-common/2.5.0-cdh5.3.3/f0862eb1dc33c1807ea29a248af75551e3c6836a/hadoop-common-2.5.0-cdh5.3.3.jar, file:/Users/hpatel/.gradle/caches/modules-2/files-2.1/org.apache.hive/hive-contrib/0.13.1-cdh5.3.3/bf89b429c9b173ac275dc0c1623f5c30e780ee98/hive-contrib-0.13.1-cdh5.3.3.jar, file:/Users/hpatel/.gradle/caches/modules-2/files-2.1/org.datanucleus/datanucleus-core/3.2.12/3212183bb5a2826cd5ff194b9a54619dd0bdf31f/datanucleus-core-3.2.12.jar, file:/Users/hpatel/.gradle/caches/modules-2/files-2.1/org.datanucleus/datanucleus-rdbms/3.2.11/5b053144c89fdff1505b853aa7f1e5ba7657da75/datanucleus-rdbms-3.2.11.jar, file:/Users/hpatel/.gradle/caches/modules-2/files-2.1/org.datanucleus/datanucleus-api-jdo/3.2.8/efc60221fbc91e95cf5758b98c6c5531660696cb/datanucleus-api-jdo-3.2.8.jar, file:/Users/hpatel/.gradle/caches/modules-2/files-2.1/org.apache.hive/hive-shims/0.13.1-cdh5.3.3/47b029532c0b9d45526dcdd858823e6f9634ab81/hive-shims-0.13.1-cdh5.3.3.jar, file:/Users/hpatel/.gradle/caches/modules-2/files-2.1/org.apache.commons/commons-lang3/3.3.1/6738a2da2202ce360f0af90aba005c1e05a2c4cd/commons-lang3-3.3.1.jar, file:/Users/hpatel/.gradle/caches/modules-2/files-2.1/joda-time/joda-time/2.3/56498efd17752898cfcc3868c1b6211a07b12b8f/joda-time-2.3.jar, file:/Users/hpatel/.gradle/caches/modules-2/files-2.1/org.apache.hadoop/hadoop-hdfs/2.5.0-cdh5.3.3/5dd5e2be13d89a9eaab89d3a33bcdf6677671aa9/hadoop-hdfs-2.5.0-cdh5.3.3.jar, file:/Users/hpatel/.gradle/caches/modules-2/files-2.1/org.apache.hadoop/hadoop-mapreduce-client-app/2.5.0-cdh5.3.3/579948f8fa6d9d72bf507bd021fa3dcc0670e95f/hadoop-mapreduce-client-app-2.5.0-cdh5.3.3.jar, file:/Users/hpatel/.gradle/caches/modules-2/files-2.1/org.apache.hadoop/hadoop-yarn-api/2.5.0-cdh5.3.3/a6d9b4b7cbcacd000350a3e33c70269101b5fc79/hadoop-yarn-api-2.5.0-cdh5.3.3.jar, file:/Users/hpatel/.gradle/caches/modules-2/files-2.1/org.apache.hadoop/hadoop-mapreduce-client-core/2.5.0-cdh5.3.3/f2c8eaa2b8a5839a7781f04cf59c4d1abfefec9e/hadoop-mapreduce-client-core-2.5.0-cdh5.3.3.jar, file:/Users/hpatel/.gradle/caches/modules-2/files-2.1/org.apache.hadoop/hadoop-mapreduce-client-jobclient/2.5.0-cdh5.3.3/f8baecab9a91245a97e29e4867a7f5ae128ef8a9/hadoop-mapreduce-client-jobclient-2.5.0-cdh5.3.3.jar, file:/Users/hpatel/.gradle/caches/modules-2/files-2.1/org.apache.hadoop/hadoop-aws/2.5.0-cdh5.3.3/f712d9cf59c859914254bed5c87ee4e5a2204e78/hadoop-aws-2.5.0-cdh5.3.3.jar, file:/Users/hpatel/.gradle/caches/modules-2/files-2.1/org.apache.hadoop/hadoop-annotations/2.5.0-cdh5.3.3/e3b40743127d82ff7a6f263d00419368a46ce608/hadoop-annotations-2.5.0-cdh5.3.3.jar, file:/Users/hpatel/.gradle/caches/modules-2/files-2.1/commons-collections/commons-collections/3.2.1/761ea405b9b37ced573d2df0d1e3a4e0f9edc668/commons-collections-3.2.1.jar, file:/Users/hpatel/.gradle/caches/modules-2/files-2.1/commons-configuration/commons-configuration/1.6/32cadde23955d7681b0d94a2715846d20b425235/commons-configuration-1.6.jar, file:/Users/hpatel/.gradle/caches/modules-2/files-2.1/jline/jline/0.9.94/99a18e9a44834afdebc467294e1138364c207402/jline-0.9.94.jar, file:/Users/hpatel/.gradle/caches/modules-2/files-2.1/commons-cli/commons-cli/1.2/2bf96b7aa8b611c177d329452af1dc933e14501c/commons-cli-1.2.jar, file:/Users/hpatel/.gradle/caches/modules-2/files-2.1/xmlenc/xmlenc/0.52/d82554efbe65906d83b3d97bd7509289e9db561a/xmlenc-0.52.jar, file:/Users/hpatel/.gradle/caches/modules-2/files-2.1/commons-httpclient/commons-httpclient/3.1/964cd74171f427720480efdec40a7c7f6e58426a/commons-httpclient-3.1.jar, file:/Users/hpatel/.gradle/caches/modules-2/files-2.1/commons-net/commons-net/3.1/2298164a7c2484406f2aa5ac85b205d39019896f/commons-net-3.1.jar, file:/Users/hpatel/.gradle/caches/modules-2/files-2.1/tomcat/jasper-runtime/5.5.23/96ca5528a93ab47b001476b74320c644beb89dde/jasper-runtime-5.5.23.jar, file:/Users/hpatel/.gradle/caches/modules-2/files-2.1/tomcat/jasper-compiler/5.5.23/6d35bd7fb8c4fbc1f5401fb3678aa976d2e4c241/jasper-compiler-5.5.23.jar, file:/Users/hpatel/.gradle/caches/modules-2/files-2.1/javax.servlet.jsp/jsp-api/2.1/63f943103f250ef1f3a4d5e94d145a0f961f5316/jsp-api-2.1.jar, file:/Users/hpatel/.gradle/caches/modules-2/files-2.1/commons-el/commons-el/1.0/1df2c042b3f2de0124750241ac6c886dbfa2cc2c/commons-el-1.0.jar, file:/Users/hpatel/.gradle/caches/modules-2/files-2.1/javax.servlet/servlet-api/2.5/5959582d97d8b61f4d154ca9e495aafd16726e34/servlet-api-2.5.jar, file:/Users/hpatel/.gradle/caches/modules-2/files-2.1/hsqldb/hsqldb/1.8.0.10/7e9978fdb754bce5fcd5161133e7734ecb683036/hsqldb-1.8.0.10.jar, file:/Users/hpatel/.gradle/caches/modules-2/files-2.1/org.eclipse.jdt/core/3.1.1/88c83ce444cf46d02494da37c9fa1eebc9ce9cea/core-3.1.1.jar, file:/Users/hpatel/.gradle/caches/modules-2/files-2.1/javassist/javassist/3.12.1.GA/526633327faa61aee448a519e8a4d53ec3057885/javassist-3.12.1.GA.jar, file:/Users/hpatel/.gradle/caches/modules-2/files-2.1/dom4j/dom4j/1.6.1/5d3ccc056b6f056dbf0dddfdf43894b9065a8f94/dom4j-1.6.1.jar, file:/Users/hpatel/.gradle/caches/modules-2/files-2.1/org.objenesis/objenesis/2.1/87c0ea803b69252868d09308b4618f766f135a96/objenesis-2.1.jar, file:/Users/hpatel/.gradle/caches/modules-2/files-2.1/commons-logging/commons-logging/1.1.3/f6f66e966c70a83ffbdb6f17a0919eaf7c8aca7f/commons-logging-1.1.3.jar, file:/Users/hpatel/.gradle/caches/modules-2/files-2.1/org.apache.hive/hive-common/0.13.1-cdh5.3.3/e3fbf24d30a553c50ae4d4eed23f81b0e1211c5a/hive-common-0.13.1-cdh5.3.3.jar, file:/Users/hpatel/.gradle/caches/modules-2/files-2.1/org.apache.avro/avro/1.7.6-cdh5.3.3/6d90271293977d199ed07002bf35e2805405cc64/avro-1.7.6-cdh5.3.3.jar, file:/Users/hpatel/.gradle/caches/modules-2/files-2.1/net.sf.opencsv/opencsv/2.3/c23708cdb9e80a144db433e23344a788a1fd6599/opencsv-2.3.jar, file:/Users/hpatel/.gradle/caches/modules-2/files-2.1/com.sun.jersey/jersey-servlet/1.14/4b87041a59ee152757b62e47a21d5b63fde20ffe/jersey-servlet-1.14.jar, file:/Users/hpatel/.gradle/caches/modules-2/files-2.1/org.slf4j/slf4j-log4j12/1.7.5/6edffc576ce104ec769d954618764f39f0f0f10d/slf4j-log4j12-1.7.5.jar, file:/Users/hpatel/.gradle/caches/modules-2/files-2.1/org.apache.commons/commons-math3/3.1.1/6719d757a98ff24a83d9d727bef9cec83f59b6e1/commons-math3-3.1.1.jar, file:/Users/hpatel/.gradle/caches/modules-2/files-2.1/commons-io/commons-io/2.4/b1b6ea3b7e4aa4f492509a4952029cd8e48019ad/commons-io-2.4.jar, file:/Users/hpatel/.gradle/caches/modules-2/files-2.1/com.sun.jersey/jersey-json/1.9/1aa73e1896bcc7013fed247157d7f676226eb432/jersey-json-1.9.jar, file:/Users/hpatel/.gradle/caches/modules-2/files-2.1/log4j/log4j/1.2.17/5af35056b4d257e4b64b9e8069c0746e8b08629f/log4j-1.2.17.jar, file:/Users/hpatel/.gradle/caches/modules-2/files-2.1/com.google.code.gson/gson/2.2.4/a60a5e993c98c864010053cb901b7eab25306568/gson-2.2.4.jar, file:/Users/hpatel/.gradle/caches/modules-2/files-2.1/org.apache.hadoop/hadoop-auth/2.5.0-cdh5.3.3/847eb288da72acfdd7d202da5149dec6cd20ceba/hadoop-auth-2.5.0-cdh5.3.3.jar, file:/Users/hpatel/.gradle/caches/modules-2/files-2.1/com.jcraft/jsch/0.1.42/a86104b0f2e0c0bab5b0df836065823a99b5e334/jsch-0.1.42.jar, file:/Users/hpatel/.gradle/caches/modules-2/files-2.1/org.apache.curator/curator-client/2.6.0/b9007c357ad1a78066fc6004e8b1feaa2318f6f3/curator-client-2.6.0.jar, file:/Users/hpatel/.gradle/caches/modules-2/files-2.1/org.apache.curator/curator-recipes/2.6.0/8736b0fc42e6bf006d585fe85c90aaa4ade5cbef/curator-recipes-2.6.0.jar, file:/Users/hpatel/.gradle/caches/modules-2/files-2.1/com.google.code.findbugs/jsr305/1.3.9/40719ea6961c0cb6afaeb6a921eaa1f6afd4cfdf/jsr305-1.3.9.jar, file:/Users/hpatel/.gradle/caches/modules-2/files-2.1/org.apache.commons/commons-compress/1.4.1/b02e84a993d88568417536240e970c4b809126fd/commons-compress-1.4.1.jar, file:/Users/hpatel/.gradle/caches/modules-2/files-2.1/org.apache.hive.shims/hive-shims-common/0.13.1-cdh5.3.3/3d9e5245018fbde18f52c4ab25fc35afdec2fc0a/hive-shims-common-0.13.1-cdh5.3.3.jar, file:/Users/hpatel/.gradle/caches/modules-2/files-2.1/org.apache.hive.shims/hive-shims-common-secure/0.13.1-cdh5.3.3/6b29a16b2a41b89bdbbc681c257ad7f766a90bcb/hive-shims-common-secure-0.13.1-cdh5.3.3.jar, file:/Users/hpatel/.gradle/caches/modules-2/files-2.1/org.apache.hive.shims/hive-shims-0.23/0.13.1-cdh5.3.3/7ab834955a767af200d1d9151c204751637d9ca9/hive-shims-0.23-0.13.1-cdh5.3.3.jar, file:/Users/hpatel/.gradle/caches/modules-2/files-2.1/org.apache.hive.shims/hive-shims-scheduler/0.13.1-cdh5.3.3/b6644420b74f936a838f7f3fd2fa19c19add0449/hive-shims-scheduler-0.13.1-cdh5.3.3.jar, file:/Users/hpatel/.gradle/caches/modules-2/files-2.1/org.apache.hadoop/hadoop-mapreduce-client-common/2.5.0-cdh5.3.3/f0d777bb76ca9f540c0c81a45934f0f5cf9975b8/hadoop-mapreduce-client-common-2.5.0-cdh5.3.3.jar, file:/Users/hpatel/.gradle/caches/modules-2/files-2.1/org.apache.hadoop/hadoop-mapreduce-client-shuffle/2.5.0-cdh5.3.3/b6c4316f6fcc406edf7e5bd77c50e46034ad5519/hadoop-mapreduce-client-shuffle-2.5.0-cdh5.3.3.jar, file:/Users/hpatel/.gradle/caches/modules-2/files-2.1/org.apache.hadoop/hadoop-yarn-common/2.5.0-cdh5.3.3/9499713b674eae1aa714fcd0e95e0d09daaf3824/hadoop-yarn-common-2.5.0-cdh5.3.3.jar, file:/Users/hpatel/.gradle/caches/modules-2/files-2.1/com.fasterxml.jackson.core/jackson-databind/2.2.3/3ae380888029daefb91d3ecdca3a37d8cb92bc9/jackson-databind-2.2.3.jar, file:/Users/hpatel/.gradle/caches/modules-2/files-2.1/com.fasterxml.jackson.core/jackson-annotations/2.2.3/527fece4f23a457070a36c371a26d6c0208e1c3/jackson-annotations-2.2.3.jar, file:/Users/hpatel/.gradle/caches/modules-2/files-2.1/com.amazonaws/aws-java-sdk/1.7.4/2c24ccb6f1ab845a7df971951d4b41c709a6517d/aws-java-sdk-1.7.4.jar, file:/Users/hpatel/.gradle/caches/modules-2/files-2.1/commons-digester/commons-digester/1.8/dc6a73fdbd1fa3f0944e8497c6c872fa21dca37e/commons-digester-1.8.jar, file:/Users/hpatel/.gradle/caches/modules-2/files-2.1/commons-beanutils/commons-beanutils-core/1.8.0/175dc721f87e4bc5cc0573f990e28c3cf9117508/commons-beanutils-core-1.8.0.jar, file:/Users/hpatel/.gradle/caches/modules-2/files-2.1/xml-apis/xml-apis/1.0.b2/3136ca936f64c9d68529f048c2618bd356bf85c9/xml-apis-1.0.b2.jar, file:/Users/hpatel/.gradle/caches/modules-2/files-2.1/com.thoughtworks.paranamer/paranamer/2.3/4a85963a752c0a2f715c3924bfc686865e7e1bc6/paranamer-2.3.jar, file:/Users/hpatel/.gradle/caches/modules-2/files-2.1/org.xerial.snappy/snappy-java/1.0.5/10cb4550360a0ec6b80f09a5209d00b6058e82bf/snappy-java-1.0.5.jar, file:/Users/hpatel/.gradle/caches/modules-2/files-2.1/org.codehaus.jettison/jettison/1.1/1a01a2a1218fcf9faa2cc2a6ced025bdea687262/jettison-1.1.jar, file:/Users/hpatel/.gradle/caches/modules-2/files-2.1/com.sun.xml.bind/jaxb-impl/2.2.3-1/56baae106392040a45a06d4a41099173425da1e6/jaxb-impl-2.2.3-1.jar, file:/Users/hpatel/.gradle/caches/modules-2/files-2.1/org.apache.directory.server/apacheds-kerberos-codec/2.0.0-M15/1c16e4e477183641c5f0dd5cdecd27ec331bacb5/apacheds-kerberos-codec-2.0.0-M15.jar, file:/Users/hpatel/.gradle/caches/modules-2/files-2.1/org.apache.curator/curator-framework/2.6.0/81a699c39d127b5b4ff97cc77da7650b53e5b5ed/curator-framework-2.6.0.jar, file:/Users/hpatel/.gradle/caches/modules-2/files-2.1/org.tukaani/xz/1.0/ecff5cb8b1189514c9d1d8d68eb77ac372e000c9/xz-1.0.jar, file:/Users/hpatel/.gradle/caches/modules-2/files-2.1/org.apache.hadoop/hadoop-yarn-client/2.5.0-cdh5.3.3/2d2ce5d0138d02b20aefcfc1ee8dd6f691911f63/hadoop-yarn-client-2.5.0-cdh5.3.3.jar, file:/Users/hpatel/.gradle/caches/modules-2/files-2.1/org.apache.hadoop/hadoop-yarn-server-common/2.5.0-cdh5.3.3/d099fcc19f56d477fa6b5b47ae4e06bb97538778/hadoop-yarn-server-common-2.5.0-cdh5.3.3.jar, file:/Users/hpatel/.gradle/caches/modules-2/files-2.1/org.apache.hadoop/hadoop-yarn-server-nodemanager/2.5.0-cdh5.3.3/278b2d7a6454ce57a94ab02a88c0b188afc8facc/hadoop-yarn-server-nodemanager-2.5.0-cdh5.3.3.jar, file:/Users/hpatel/.gradle/caches/modules-2/files-2.1/org.fusesource.leveldbjni/leveldbjni-all/1.8/707350a2eeb1fa2ed77a32ddb3893ed308e941db/leveldbjni-all-1.8.jar, file:/Users/hpatel/.gradle/caches/modules-2/files-2.1/javax.xml.bind/jaxb-api/2.2.2/aeb3021ca93dde265796d82015beecdcff95bf09/jaxb-api-2.2.2.jar, file:/Users/hpatel/.gradle/caches/modules-2/files-2.1/com.google.inject/guice/3.0/9d84f15fe35e2c716a02979fb62f50a29f38aefa/guice-3.0.jar, file:/Users/hpatel/.gradle/caches/modules-2/files-2.1/com.sun.jersey.contribs/jersey-guice/1.9/5963c28c47df7e5d6ad34cec80c071c368777f7b/jersey-guice-1.9.jar, file:/Users/hpatel/.gradle/caches/modules-2/files-2.1/com.fasterxml.jackson.core/jackson-core/2.2.3/1a0113da2cab5f4c216b4e5e7c1dbfaa67087e14/jackson-core-2.2.3.jar, file:/Users/hpatel/.gradle/caches/modules-2/files-2.1/commons-beanutils/commons-beanutils/1.7.0/5675fd96b29656504b86029551973d60fb41339b/commons-beanutils-1.7.0.jar, file:/Users/hpatel/.gradle/caches/modules-2/files-2.1/org.apache.directory.server/apacheds-i18n/2.0.0-M15/71c61c84683152ec2a6a65f3f96fe534e304fa22/apacheds-i18n-2.0.0-M15.jar, file:/Users/hpatel/.gradle/caches/modules-2/files-2.1/org.apache.directory.api/api-asn1-api/1.0.0-M20/5e6486ffa3125ba44dc410ead166e1d6ba8ac76d/api-asn1-api-1.0.0-M20.jar, file:/Users/hpatel/.gradle/caches/modules-2/files-2.1/org.apache.directory.api/api-util/1.0.0-M20/a871abf060b3cf83fc6dc4d7e3d151fce50ac3cb/api-util-1.0.0-M20.jar, file:/Users/hpatel/.gradle/caches/modules-2/files-2.1/com.sun.jersey/jersey-client/1.9/d3c4b2b5f89db32c96ceddcb863684821910a7bb/jersey-client-1.9.jar, file:/Users/hpatel/.gradle/caches/modules-2/files-2.1/javax.xml.stream/stax-api/1.0-2/d6337b0de8b25e53e81b922352fbea9f9f57ba0b/stax-api-1.0-2.jar, file:/Users/hpatel/.gradle/caches/modules-2/files-2.1/javax.activation/activation/1.1/e6cb541461c2834bdea3eb920f1884d1eb508b50/activation-1.1.jar, file:/Users/hpatel/.gradle/caches/modules-2/files-2.1/javax.inject/javax.inject/1/6975da39a7040257bd51d21a231b76c915872d38/javax.inject-1.jar, file:/Users/hpatel/.gradle/caches/modules-2/files-2.1/aopalliance/aopalliance/1.0/235ba8b489512805ac13a8f9ea77a1ca5ebe3e8/aopalliance-1.0.jar, file:/Users/hpatel/.gradle/caches/modules-2/files-2.1/org.sonatype.sisu.inject/cglib/2.2.1-v20090111/7ce5e983fd0e6c78346f4c9cbfa39d83049dda2/cglib-2.2.1-v20090111.jar, file:/Users/hpatel/.gradle/caches/modules-2/files-2.1/asm/asm/3.1/c157def142714c544bdea2e6144645702adf7097/asm-3.1.jar, file:/Users/hpatel/.gradle/caches/modules-2/files-2.1/org.apache.hive/hive-service/0.13.1-cdh5.3.3/c7979b4213bfb62823d43ba726e0fea58032dd1e/hive-service-0.13.1-cdh5.3.3.jar, file:/Users/hpatel/.gradle/caches/modules-2/files-2.1/net.sf.jpam/jpam/1.1/cb3d91c2dfda767518a371dbb02edfd6a4aa0600/jpam-1.1.jar, file:/Users/hpatel/.gradle/caches/modules-2/files-2.1/org.eclipse.jetty.aggregate/jetty-all/7.6.0.v20120127/47bb68e3837e5c6422138dd1e0d4d75c60dce87a/jetty-all-7.6.0.v20120127.jar, file:/Users/hpatel/.gradle/caches/modules-2/files-2.1/org.apache.thrift/libfb303/0.9.0/639bd69767fdbd7f658ce8233248fe1cea635164/libfb303-0.9.0.jar, file:/Users/hpatel/.gradle/caches/modules-2/files-2.1/org.apache.geronimo.specs/geronimo-jta_1.1_spec/1.1.1/aabab3165b8ea936b9360abbf448459c0d04a5a4/geronimo-jta_1.1_spec-1.1.1.jar, file:/Users/hpatel/.gradle/caches/modules-2/files-2.1/javax.mail/mail/1.4.1/8b7bc69010655425dabf091b51d1e90b4de36715/mail-1.4.1.jar, file:/Users/hpatel/.gradle/caches/modules-2/files-2.1/org.apache.geronimo.specs/geronimo-jaspic_1.0_spec/1.0/44b95be7dae1147716dce5336419eafade880756/geronimo-jaspic_1.0_spec-1.0.jar, file:/Users/hpatel/.gradle/caches/modules-2/files-2.1/org.apache.geronimo.specs/geronimo-annotation_1.0_spec/1.1.1/47caa799389f69d297b86bf90523d431599c3796/geronimo-annotation_1.0_spec-1.1.1.jar, file:/Users/hpatel/.gradle/caches/modules-2/files-2.1/asm/asm-commons/3.1/1b607fbfe7889c6fdff1b7c16439ade0a60869ac/asm-commons-3.1.jar, file:/Users/hpatel/.gradle/caches/modules-2/files-2.1/asm/asm-tree/3.1/c9a5d4334ddf194ea492f22107d45119a5c5322f/asm-tree-3.1.jar, file:/Users/hpatel/.gradle/caches/modules-2/files-2.1/commons-lang/commons-lang/2.6/ce1edb914c94ebc388f086c6827e8bdeec71ac2/commons-lang-2.6.jar, file:/Users/hpatel/.gradle/caches/modules-2/files-2.1/org.mortbay.jetty/jetty/6.1.26.cloudera.4/d59325a5ff8ff18f7543bc3fbb9d5efa0c0ff521/jetty-6.1.26.cloudera.4.jar, file:/Users/hpatel/.gradle/caches/modules-2/files-2.1/org.mortbay.jetty/jetty-util/6.1.26.cloudera.4/b8507b7c5d3fd9a3d01775272cbf1a63f530c19d/jetty-util-6.1.26.cloudera.4.jar, file:/Users/hpatel/.gradle/caches/modules-2/files-2.1/net.java.dev.jets3t/jets3t/0.9.0/792bc96ee7e57b89f472aa0cb5a31015b9f59c96/jets3t-0.9.0.jar, file:/Users/hpatel/.gradle/caches/modules-2/files-2.1/com.jamesmurty.utils/java-xmlbuilder/0.4/ac5962e48cdee3a0a6e1f8e00fcb594747ac5aaf/java-xmlbuilder-0.4.jar, file:/Users/hpatel/.gradle/caches/modules-2/files-2.1/com.google.protobuf/protobuf-java/2.5.0/a10732c76bfacdbd633a7eb0f7968b1059a65dfa/protobuf-java-2.5.0.jar, file:/Users/hpatel/.gradle/caches/modules-2/files-2.1/org.apache.hive/hive-exec/0.13.1-cdh5.3.3/4d935274127f47dd9c0875efcf317ba49aef1219/hive-exec-0.13.1-cdh5.3.3.jar, file:/Users/hpatel/.gradle/caches/modules-2/files-2.1/org.apache.hive/hive-ant/0.13.1-cdh5.3.3/86954e92a903253177cd6935798c50a6c32b7b81/hive-ant-0.13.1-cdh5.3.3.jar, file:/Users/hpatel/.gradle/caches/modules-2/files-2.1/org.antlr/antlr-runtime/3.4/8f011408269a8e42b8548687e137d8eeb56df4b4/antlr-runtime-3.4.jar, file:/Users/hpatel/.gradle/caches/modules-2/files-2.1/org.antlr/ST4/4.0.4/467a2aa12be6d0f0f68c70eecf6714ab733027ac/ST4-4.0.4.jar, file:/Users/hpatel/.gradle/caches/modules-2/files-2.1/org.apache.ant/ant/1.9.1/35900c96dbebc85dcfbd71f4661059ebcf93c077/ant-1.9.1.jar, file:/Users/hpatel/.gradle/caches/modules-2/files-2.1/org.codehaus.groovy/groovy-all/2.1.6/165b8246372a829c1915611646f6d964010656cf/groovy-all-2.1.6.jar, file:/Users/hpatel/.gradle/caches/modules-2/files-2.1/stax/stax-api/1.0.1/49c100caf72d658aca8e58bd74a4ba90fa2b0d70/stax-api-1.0.1.jar, file:/Users/hpatel/.gradle/caches/modules-2/files-2.1/org.apache.velocity/velocity/1.5/9f306baf7523ffc0e81a6353d08a584d254133b/velocity-1.5.jar, file:/Users/hpatel/.gradle/caches/modules-2/files-2.1/org.antlr/stringtemplate/3.2.1/59ec8083721eae215c6f3caee944c410d2be34de/stringtemplate-3.2.1.jar, file:/Users/hpatel/.gradle/caches/modules-2/files-2.1/antlr/antlr/2.7.7/83cd2cd674a217ade95a4bb83a8a14f351f48bd0/antlr-2.7.7.jar, file:/Users/hpatel/.gradle/caches/modules-2/files-2.1/org.apache.ant/ant-launcher/1.9.1/7c71043ca185eaada9e36391dd022d92859327de/ant-launcher-1.9.1.jar, file:/Users/hpatel/.gradle/caches/modules-2/files-2.1/oro/oro/2.0.8/5592374f834645c4ae250f4c9fbb314c9369d698/oro-2.0.8.jar, file:/Users/hpatel/.gradle/caches/modules-2/files-2.1/org.codehaus.jackson/jackson-core-asl/1.9.13/3c304d70f42f832e0a86d45bd437f692129299a4/jackson-core-asl-1.9.13.jar, file:/Users/hpatel/.gradle/caches/modules-2/files-2.1/org.codehaus.jackson/jackson-mapper-asl/1.9.13/1ee2f2bed0e5dd29d1cb155a166e6f8d50bbddb7/jackson-mapper-asl-1.9.13.jar, file:/Users/hpatel/.gradle/caches/modules-2/files-2.1/org.slf4j/slf4j-api/1.7.6/562424e36df3d2327e8e9301a76027fca17d54ea/slf4j-api-1.7.6.jar, file:/Users/hpatel/.gradle/caches/modules-2/files-2.1/com.sun.jersey/jersey-server/1.14/b1a21724c9b708ed54d42d41bb19ff45ae1d49d9/jersey-server-1.14.jar, file:/Users/hpatel/.gradle/caches/modules-2/files-2.1/org.apache.httpcomponents/httpclient/4.2.5/666e26e76f2e87d84e4f16acb546481ae1b8e9a6/httpclient-4.2.5.jar, file:/Users/hpatel/.gradle/caches/modules-2/files-2.1/org.apache.zookeeper/zookeeper/3.4.6/1b2502e29da1ebaade2357cd1de35a855fa3755/zookeeper-3.4.6.jar, file:/Users/hpatel/.gradle/caches/modules-2/files-2.1/com.google.guava/guava/16.0.1/5fa98cd1a63c99a44dd8d3b77e4762b066a5d0c5/guava-16.0.1.jar, file:/Users/hpatel/.gradle/caches/modules-2/files-2.1/org.codehaus.jackson/jackson-jaxrs/1.8.8/71b16055388e9bd3991c3c3834e8e55098b789f1/jackson-jaxrs-1.8.8.jar, file:/Users/hpatel/.gradle/caches/modules-2/files-2.1/org.codehaus.jackson/jackson-xc/1.8.8/52efa08bc1e4cfea168f552b9e3088297d9d0926/jackson-xc-1.8.8.jar, file:/Users/hpatel/.gradle/caches/modules-2/files-2.1/org.apache.hive/hive-metastore/0.13.1-cdh5.3.3/ca93686a17f064a5ab6587799721cddd7836e53a/hive-metastore-0.13.1-cdh5.3.3.jar, file:/Users/hpatel/.gradle/caches/modules-2/files-2.1/com.jolbox/bonecp/0.8.0.RELEASE/cec24ee9345b3678472bb1b8fdd6aa6b9428beb8/bonecp-0.8.0.RELEASE.jar, file:/Users/hpatel/.gradle/caches/modules-2/files-2.1/org.apache.derby/derby/10.10.1.1/9f6f910f0373adc1b23c10f9b4bb151b7e7449f/derby-10.10.1.1.jar, file:/Users/hpatel/.gradle/caches/modules-2/files-2.1/javax.jdo/jdo-api/3.0.1/58e7a538e020b73871e232eeb064835fd98a492/jdo-api-3.0.1.jar, file:/Users/hpatel/.gradle/caches/modules-2/files-2.1/javax.transaction/jta/1.1/2ca09f0b36ca7d71b762e14ea2ff09d5eac57558/jta-1.1.jar, file:/Users/hpatel/.gradle/caches/modules-2/files-2.1/org.apache.thrift/libthrift/0.9.0/9ba8df332b5db95ce7f3b7a83e44d796c3d014d3/libthrift-0.9.0.jar, file:/Users/hpatel/.gradle/caches/modules-2/files-2.1/org.apache.httpcomponents/httpcore/4.2.4/3b7f38df6de5dd8b500e602ae8c2dd5ee446f883/httpcore-4.2.4.jar, file:/Users/hpatel/.gradle/caches/modules-2/files-2.1/com.sun.jersey/jersey-core/1.14/693061de8b9b352b11e997b1dd4052677778852d/jersey-core-1.14.jar, file:/Users/hpatel/.gradle/caches/modules-2/files-2.1/commons-codec/commons-codec/1.6/b7f0fc8f61ecadeb3695f0b9464755eee44374d4/commons-codec-1.6.jar, file:/Users/hpatel/.gradle/caches/modules-2/files-2.1/io.netty/netty/3.7.0.Final/7a8c35599c68c0bf383df74469aa3e03d9aca87/netty-3.7.0.Final.jar]
15/09/06 13:13:47 INFO mr.ObjectCache: Ignoring retrieval request: __MAP_PLAN__
15/09/06 13:13:47 INFO mr.ObjectCache: Ignoring cache key: __MAP_PLAN__
15/09/06 13:13:47 INFO exec.MapOperator: dump TS struct<file_name:string,gen_id:string,dms_system:string,dms_version:string,transmit_ts:string,orig_transmit_ts:string,transmit_by:string,record_status:string,dealer_updt_ind:string,store_number:string,part_type:string,store_name:string,inventory_store_number:string,cat_emrg_dealer_code:string,cat_stock_dealer_code:string,stock_replen_store_number:string,stock_replen_lead_time:string,lst_updt_ts:string,orig_lst_updt_ts:string,lst_updt_by_id:string,file_ins_ts:string,orig_file_ins_ts:string,exp_stock_plan_lead_time:string,dealer_code:string>
15/09/06 13:13:47 INFO mr.ExecMapper: 
<MAP>Id =34
  <Children>
    <TS>Id =24
      <Children>
        <SEL>Id =26
          <Children>
            <GBY>Id =27
              <Children>
                <RS>Id =28
                  <Children>
                  <\Children>
                  <Parent>Id = 27 null<\Parent>
                <\RS>
              <\Children>
              <Parent>Id = 26 null<\Parent>
            <\GBY>
          <\Children>
          <Parent>Id = 24 null<\Parent>
        <\SEL>
      <\Children>
      <Parent>Id = 34 null<\Parent>
    <\TS>
  <\Children>
  <Parent><\Parent>
<\MAP>
15/09/06 13:13:47 INFO exec.MapOperator: Initializing Self 34 MAP
15/09/06 13:13:47 INFO exec.TableScanOperator: Initializing Self 24 TS
15/09/06 13:13:47 INFO exec.TableScanOperator: Operator 24 TS initialized
15/09/06 13:13:47 INFO exec.TableScanOperator: Initializing children of 24 TS
15/09/06 13:13:47 INFO exec.SelectOperator: Initializing child 26 SEL
15/09/06 13:13:47 INFO exec.SelectOperator: Initializing Self 26 SEL
15/09/06 13:13:47 INFO exec.SelectOperator: SELECT struct<file_name:string,gen_id:string,dms_system:string,dms_version:string,transmit_ts:string,orig_transmit_ts:string,transmit_by:string,record_status:string,dealer_updt_ind:string,store_number:string,part_type:string,store_name:string,inventory_store_number:string,cat_emrg_dealer_code:string,cat_stock_dealer_code:string,stock_replen_store_number:string,stock_replen_lead_time:string,lst_updt_ts:string,orig_lst_updt_ts:string,lst_updt_by_id:string,file_ins_ts:string,orig_file_ins_ts:string,exp_stock_plan_lead_time:string,dealer_code:string>
15/09/06 13:13:47 INFO exec.SelectOperator: Operator 26 SEL initialized
15/09/06 13:13:47 INFO exec.SelectOperator: Initializing children of 26 SEL
15/09/06 13:13:47 INFO exec.GroupByOperator: Initializing child 27 GBY
15/09/06 13:13:47 INFO exec.GroupByOperator: Initializing Self 27 GBY
15/09/06 13:13:47 INFO exec.GroupByOperator: Operator 27 GBY initialized
15/09/06 13:13:47 INFO exec.GroupByOperator: Initializing children of 27 GBY
15/09/06 13:13:47 INFO exec.ReduceSinkOperator: Initializing child 28 RS
15/09/06 13:13:47 INFO exec.ReduceSinkOperator: Initializing Self 28 RS
15/09/06 13:13:47 INFO exec.ReduceSinkOperator: Using tag = -1
15/09/06 13:13:47 INFO exec.ReduceSinkOperator: Operator 28 RS initialized
15/09/06 13:13:47 INFO exec.ReduceSinkOperator: Initialization Done 28 RS
15/09/06 13:13:47 INFO exec.GroupByOperator: Initialization Done 27 GBY
15/09/06 13:13:47 INFO exec.SelectOperator: Initialization Done 26 SEL
15/09/06 13:13:47 INFO exec.TableScanOperator: Initialization Done 24 TS
15/09/06 13:13:47 INFO exec.MapOperator: Initialization Done 34 MAP
15/09/06 13:13:47 INFO exec.MapOperator: Processing alias dealer_hierarchy_temp_data for file file:/var/folders/y7/4_pz5fzx54ngcmghz3v6t3m00000gn/T/junit4238406739563525852/hadooptmp/dealer_hierarchy/temp_data/dealer_code=AAAA
15/09/06 13:13:47 INFO mr.ExecMapper: ExecMapper: processing 1 rows: used memory = 159453488
15/09/06 13:13:47 INFO exec.MapOperator: 34 finished. closing... 
15/09/06 13:13:47 INFO exec.MapOperator: DESERIALIZE_ERRORS:0
15/09/06 13:13:47 INFO exec.TableScanOperator: 24 finished. closing... 
15/09/06 13:13:47 INFO exec.SelectOperator: 26 finished. closing... 
15/09/06 13:13:47 INFO exec.GroupByOperator: 27 finished. closing... 
15/09/06 13:13:47 INFO exec.GroupByOperator: Begin Hash Table flush: size = 1
15/09/06 13:13:47 INFO exec.ReduceSinkOperator: 28 finished. closing... 
15/09/06 13:13:47 INFO exec.ReduceSinkOperator: 28 Close done
15/09/06 13:13:47 INFO exec.GroupByOperator: 27 Close done
15/09/06 13:13:47 INFO exec.SelectOperator: 26 Close done
15/09/06 13:13:47 INFO exec.TableScanOperator: 24 Close done
15/09/06 13:13:47 INFO exec.MapOperator: 34 Close done
15/09/06 13:13:47 INFO mr.ExecMapper: ExecMapper: processed 1 rows: used memory = 159453488
15/09/06 13:13:47 INFO mapred.MapTask: Starting flush of map output
15/09/06 13:13:47 INFO mapred.MapTask: Finished spill 0
15/09/06 13:13:47 INFO mapred.Task: Task:attempt_local1153419309_0003_m_000000_0 is done. And is in the process of commiting
15/09/06 13:13:47 INFO mapred.LocalJobRunner: file:/var/folders/y7/4_pz5fzx54ngcmghz3v6t3m00000gn/T/junit4238406739563525852/hadooptmp/dealer_hierarchy/temp_data/dealer_code=AAAA/temp_data_from_string.csv:0+216
15/09/06 13:13:47 INFO mapred.Task: Task 'attempt_local1153419309_0003_m_000000_0' done.
15/09/06 13:13:47 INFO mapred.LocalJobRunner: Finishing task: attempt_local1153419309_0003_m_000000_0
15/09/06 13:13:47 INFO mapred.LocalJobRunner: Map task executor complete.
15/09/06 13:13:47 WARN mapreduce.Counters: Group org.apache.hadoop.mapred.Task$Counter is deprecated. Use org.apache.hadoop.mapreduce.TaskCounter instead
2015-09-06 13:13:47,672 Stage-1 map = 100%,  reduce = 0%
15/09/06 13:13:47 INFO exec.Task: 2015-09-06 13:13:47,672 Stage-1 map = 100%,  reduce = 0%
15/09/06 13:13:47 INFO mapred.Task:  Using ResourceCalculatorPlugin : null
15/09/06 13:13:47 INFO mapred.LocalJobRunner: 
15/09/06 13:13:47 INFO mapred.Merger: Merging 1 sorted segments
15/09/06 13:13:47 INFO mapred.Merger: Down to the last merge-pass, with 1 segments left of total size: 15 bytes
15/09/06 13:13:47 INFO mapred.LocalJobRunner: 
15/09/06 13:13:47 INFO ExecReducer: maximum memory = 3817865216
15/09/06 13:13:47 INFO ExecReducer: conf classpath = [file:/Users/hpatel/.gradle/caches/2.1/workerMain/gradle-worker.jar, file:/Users/hpatel/Tech/Projects/CAT/ddsw_dev/hive-test/build/classes/test/, file:/Users/hpatel/Tech/Projects/CAT/ddsw_dev/hive-test/build/resources/test/, file:/Users/hpatel/Tech/Projects/CAT/ddsw_dev/hive-test/build/classes/main/, file:/Users/hpatel/Tech/Projects/CAT/ddsw_dev/hive-test/build/resources/main, file:/Users/hpatel/.gradle/caches/modules-2/files-2.1/junit/junit/4.11/4e031bb61df09069aeb2bffb4019e7a5034a4ee0/junit-4.11.jar, file:/Users/hpatel/.gradle/caches/modules-2/files-2.1/com.klarna/hiverunner/1.0.0/e26bb0655fff4d88fab91f331793d9fc1db392cc/HiveRunner-1.0.0.jar, file:/Users/hpatel/Tech/Projects/CAT/ddsw_dev/custom-cat-udfs/build/libs/custom-cat-udfs-0.1.38-SNAPSHOT.jar, file:/Users/hpatel/.gradle/caches/modules-2/files-2.1/org.apache.hadoop/hadoop-client/2.5.0-cdh5.3.3/ec3cd6a8cb043e73a42918934c5d3a3f2747c78b/hadoop-client-2.5.0-cdh5.3.3.jar, file:/Users/hpatel/.gradle/caches/modules-2/files-2.1/org.hsqldb/hsqldb/2.3.1/bd7153caa30958e1c64a3dd38b93e5a7442d9a0e/hsqldb-2.3.1.jar, file:/Users/hpatel/.gradle/caches/modules-2/files-2.1/org.apache.hadoop/hadoop-core/2.5.0-mr1-cdh5.3.3/f6f4a77f818757da51ae0244310855779c04c4be/hadoop-core-2.5.0-mr1-cdh5.3.3.jar, file:/Users/hpatel/.gradle/caches/modules-2/files-2.1/org.reflections/reflections/0.9.8/f723abb59bf512952bfc503838f70f81487a6993/reflections-0.9.8.jar, file:/Users/hpatel/.gradle/caches/modules-2/files-2.1/org.mockito/mockito-core/1.10.19/e8546f5bef4e061d8dd73895b4e8f40e3fe6effe/mockito-core-1.10.19.jar, file:/Users/hpatel/.gradle/caches/modules-2/files-2.1/org.hamcrest/hamcrest-core/1.3/42a25dc3219429f0e5d060061f71acb49bf010a0/hamcrest-core-1.3.jar, file:/Users/hpatel/.gradle/caches/modules-2/files-2.1/org.pentaho/pentaho-aggdesigner-algorithm/5.1.5-jhyde/c52379c645c6c85300e645dff7c72653bf85baa2/pentaho-aggdesigner-algorithm-5.1.5-jhyde.jar, file:/Users/hpatel/.gradle/caches/modules-2/files-2.1/org.apache.hive/hive-serde/0.13.1-cdh5.3.3/9cee47c844d726e9bcef6ab292e1319b7fbddaa3/hive-serde-0.13.1-cdh5.3.3.jar, file:/Users/hpatel/.gradle/caches/modules-2/files-2.1/org.apache.hadoop/hadoop-common/2.5.0-cdh5.3.3/f0862eb1dc33c1807ea29a248af75551e3c6836a/hadoop-common-2.5.0-cdh5.3.3.jar, file:/Users/hpatel/.gradle/caches/modules-2/files-2.1/org.apache.hive/hive-contrib/0.13.1-cdh5.3.3/bf89b429c9b173ac275dc0c1623f5c30e780ee98/hive-contrib-0.13.1-cdh5.3.3.jar, file:/Users/hpatel/.gradle/caches/modules-2/files-2.1/org.datanucleus/datanucleus-core/3.2.12/3212183bb5a2826cd5ff194b9a54619dd0bdf31f/datanucleus-core-3.2.12.jar, file:/Users/hpatel/.gradle/caches/modules-2/files-2.1/org.datanucleus/datanucleus-rdbms/3.2.11/5b053144c89fdff1505b853aa7f1e5ba7657da75/datanucleus-rdbms-3.2.11.jar, file:/Users/hpatel/.gradle/caches/modules-2/files-2.1/org.datanucleus/datanucleus-api-jdo/3.2.8/efc60221fbc91e95cf5758b98c6c5531660696cb/datanucleus-api-jdo-3.2.8.jar, file:/Users/hpatel/.gradle/caches/modules-2/files-2.1/org.apache.hive/hive-shims/0.13.1-cdh5.3.3/47b029532c0b9d45526dcdd858823e6f9634ab81/hive-shims-0.13.1-cdh5.3.3.jar, file:/Users/hpatel/.gradle/caches/modules-2/files-2.1/org.apache.commons/commons-lang3/3.3.1/6738a2da2202ce360f0af90aba005c1e05a2c4cd/commons-lang3-3.3.1.jar, file:/Users/hpatel/.gradle/caches/modules-2/files-2.1/joda-time/joda-time/2.3/56498efd17752898cfcc3868c1b6211a07b12b8f/joda-time-2.3.jar, file:/Users/hpatel/.gradle/caches/modules-2/files-2.1/org.apache.hadoop/hadoop-hdfs/2.5.0-cdh5.3.3/5dd5e2be13d89a9eaab89d3a33bcdf6677671aa9/hadoop-hdfs-2.5.0-cdh5.3.3.jar, file:/Users/hpatel/.gradle/caches/modules-2/files-2.1/org.apache.hadoop/hadoop-mapreduce-client-app/2.5.0-cdh5.3.3/579948f8fa6d9d72bf507bd021fa3dcc0670e95f/hadoop-mapreduce-client-app-2.5.0-cdh5.3.3.jar, file:/Users/hpatel/.gradle/caches/modules-2/files-2.1/org.apache.hadoop/hadoop-yarn-api/2.5.0-cdh5.3.3/a6d9b4b7cbcacd000350a3e33c70269101b5fc79/hadoop-yarn-api-2.5.0-cdh5.3.3.jar, file:/Users/hpatel/.gradle/caches/modules-2/files-2.1/org.apache.hadoop/hadoop-mapreduce-client-core/2.5.0-cdh5.3.3/f2c8eaa2b8a5839a7781f04cf59c4d1abfefec9e/hadoop-mapreduce-client-core-2.5.0-cdh5.3.3.jar, file:/Users/hpatel/.gradle/caches/modules-2/files-2.1/org.apache.hadoop/hadoop-mapreduce-client-jobclient/2.5.0-cdh5.3.3/f8baecab9a91245a97e29e4867a7f5ae128ef8a9/hadoop-mapreduce-client-jobclient-2.5.0-cdh5.3.3.jar, file:/Users/hpatel/.gradle/caches/modules-2/files-2.1/org.apache.hadoop/hadoop-aws/2.5.0-cdh5.3.3/f712d9cf59c859914254bed5c87ee4e5a2204e78/hadoop-aws-2.5.0-cdh5.3.3.jar, file:/Users/hpatel/.gradle/caches/modules-2/files-2.1/org.apache.hadoop/hadoop-annotations/2.5.0-cdh5.3.3/e3b40743127d82ff7a6f263d00419368a46ce608/hadoop-annotations-2.5.0-cdh5.3.3.jar, file:/Users/hpatel/.gradle/caches/modules-2/files-2.1/commons-collections/commons-collections/3.2.1/761ea405b9b37ced573d2df0d1e3a4e0f9edc668/commons-collections-3.2.1.jar, file:/Users/hpatel/.gradle/caches/modules-2/files-2.1/commons-configuration/commons-configuration/1.6/32cadde23955d7681b0d94a2715846d20b425235/commons-configuration-1.6.jar, file:/Users/hpatel/.gradle/caches/modules-2/files-2.1/jline/jline/0.9.94/99a18e9a44834afdebc467294e1138364c207402/jline-0.9.94.jar, file:/Users/hpatel/.gradle/caches/modules-2/files-2.1/commons-cli/commons-cli/1.2/2bf96b7aa8b611c177d329452af1dc933e14501c/commons-cli-1.2.jar, file:/Users/hpatel/.gradle/caches/modules-2/files-2.1/xmlenc/xmlenc/0.52/d82554efbe65906d83b3d97bd7509289e9db561a/xmlenc-0.52.jar, file:/Users/hpatel/.gradle/caches/modules-2/files-2.1/commons-httpclient/commons-httpclient/3.1/964cd74171f427720480efdec40a7c7f6e58426a/commons-httpclient-3.1.jar, file:/Users/hpatel/.gradle/caches/modules-2/files-2.1/commons-net/commons-net/3.1/2298164a7c2484406f2aa5ac85b205d39019896f/commons-net-3.1.jar, file:/Users/hpatel/.gradle/caches/modules-2/files-2.1/tomcat/jasper-runtime/5.5.23/96ca5528a93ab47b001476b74320c644beb89dde/jasper-runtime-5.5.23.jar, file:/Users/hpatel/.gradle/caches/modules-2/files-2.1/tomcat/jasper-compiler/5.5.23/6d35bd7fb8c4fbc1f5401fb3678aa976d2e4c241/jasper-compiler-5.5.23.jar, file:/Users/hpatel/.gradle/caches/modules-2/files-2.1/javax.servlet.jsp/jsp-api/2.1/63f943103f250ef1f3a4d5e94d145a0f961f5316/jsp-api-2.1.jar, file:/Users/hpatel/.gradle/caches/modules-2/files-2.1/commons-el/commons-el/1.0/1df2c042b3f2de0124750241ac6c886dbfa2cc2c/commons-el-1.0.jar, file:/Users/hpatel/.gradle/caches/modules-2/files-2.1/javax.servlet/servlet-api/2.5/5959582d97d8b61f4d154ca9e495aafd16726e34/servlet-api-2.5.jar, file:/Users/hpatel/.gradle/caches/modules-2/files-2.1/hsqldb/hsqldb/1.8.0.10/7e9978fdb754bce5fcd5161133e7734ecb683036/hsqldb-1.8.0.10.jar, file:/Users/hpatel/.gradle/caches/modules-2/files-2.1/org.eclipse.jdt/core/3.1.1/88c83ce444cf46d02494da37c9fa1eebc9ce9cea/core-3.1.1.jar, file:/Users/hpatel/.gradle/caches/modules-2/files-2.1/javassist/javassist/3.12.1.GA/526633327faa61aee448a519e8a4d53ec3057885/javassist-3.12.1.GA.jar, file:/Users/hpatel/.gradle/caches/modules-2/files-2.1/dom4j/dom4j/1.6.1/5d3ccc056b6f056dbf0dddfdf43894b9065a8f94/dom4j-1.6.1.jar, file:/Users/hpatel/.gradle/caches/modules-2/files-2.1/org.objenesis/objenesis/2.1/87c0ea803b69252868d09308b4618f766f135a96/objenesis-2.1.jar, file:/Users/hpatel/.gradle/caches/modules-2/files-2.1/commons-logging/commons-logging/1.1.3/f6f66e966c70a83ffbdb6f17a0919eaf7c8aca7f/commons-logging-1.1.3.jar, file:/Users/hpatel/.gradle/caches/modules-2/files-2.1/org.apache.hive/hive-common/0.13.1-cdh5.3.3/e3fbf24d30a553c50ae4d4eed23f81b0e1211c5a/hive-common-0.13.1-cdh5.3.3.jar, file:/Users/hpatel/.gradle/caches/modules-2/files-2.1/org.apache.avro/avro/1.7.6-cdh5.3.3/6d90271293977d199ed07002bf35e2805405cc64/avro-1.7.6-cdh5.3.3.jar, file:/Users/hpatel/.gradle/caches/modules-2/files-2.1/net.sf.opencsv/opencsv/2.3/c23708cdb9e80a144db433e23344a788a1fd6599/opencsv-2.3.jar, file:/Users/hpatel/.gradle/caches/modules-2/files-2.1/com.sun.jersey/jersey-servlet/1.14/4b87041a59ee152757b62e47a21d5b63fde20ffe/jersey-servlet-1.14.jar, file:/Users/hpatel/.gradle/caches/modules-2/files-2.1/org.slf4j/slf4j-log4j12/1.7.5/6edffc576ce104ec769d954618764f39f0f0f10d/slf4j-log4j12-1.7.5.jar, file:/Users/hpatel/.gradle/caches/modules-2/files-2.1/org.apache.commons/commons-math3/3.1.1/6719d757a98ff24a83d9d727bef9cec83f59b6e1/commons-math3-3.1.1.jar, file:/Users/hpatel/.gradle/caches/modules-2/files-2.1/commons-io/commons-io/2.4/b1b6ea3b7e4aa4f492509a4952029cd8e48019ad/commons-io-2.4.jar, file:/Users/hpatel/.gradle/caches/modules-2/files-2.1/com.sun.jersey/jersey-json/1.9/1aa73e1896bcc7013fed247157d7f676226eb432/jersey-json-1.9.jar, file:/Users/hpatel/.gradle/caches/modules-2/files-2.1/log4j/log4j/1.2.17/5af35056b4d257e4b64b9e8069c0746e8b08629f/log4j-1.2.17.jar, file:/Users/hpatel/.gradle/caches/modules-2/files-2.1/com.google.code.gson/gson/2.2.4/a60a5e993c98c864010053cb901b7eab25306568/gson-2.2.4.jar, file:/Users/hpatel/.gradle/caches/modules-2/files-2.1/org.apache.hadoop/hadoop-auth/2.5.0-cdh5.3.3/847eb288da72acfdd7d202da5149dec6cd20ceba/hadoop-auth-2.5.0-cdh5.3.3.jar, file:/Users/hpatel/.gradle/caches/modules-2/files-2.1/com.jcraft/jsch/0.1.42/a86104b0f2e0c0bab5b0df836065823a99b5e334/jsch-0.1.42.jar, file:/Users/hpatel/.gradle/caches/modules-2/files-2.1/org.apache.curator/curator-client/2.6.0/b9007c357ad1a78066fc6004e8b1feaa2318f6f3/curator-client-2.6.0.jar, file:/Users/hpatel/.gradle/caches/modules-2/files-2.1/org.apache.curator/curator-recipes/2.6.0/8736b0fc42e6bf006d585fe85c90aaa4ade5cbef/curator-recipes-2.6.0.jar, file:/Users/hpatel/.gradle/caches/modules-2/files-2.1/com.google.code.findbugs/jsr305/1.3.9/40719ea6961c0cb6afaeb6a921eaa1f6afd4cfdf/jsr305-1.3.9.jar, file:/Users/hpatel/.gradle/caches/modules-2/files-2.1/org.apache.commons/commons-compress/1.4.1/b02e84a993d88568417536240e970c4b809126fd/commons-compress-1.4.1.jar, file:/Users/hpatel/.gradle/caches/modules-2/files-2.1/org.apache.hive.shims/hive-shims-common/0.13.1-cdh5.3.3/3d9e5245018fbde18f52c4ab25fc35afdec2fc0a/hive-shims-common-0.13.1-cdh5.3.3.jar, file:/Users/hpatel/.gradle/caches/modules-2/files-2.1/org.apache.hive.shims/hive-shims-common-secure/0.13.1-cdh5.3.3/6b29a16b2a41b89bdbbc681c257ad7f766a90bcb/hive-shims-common-secure-0.13.1-cdh5.3.3.jar, file:/Users/hpatel/.gradle/caches/modules-2/files-2.1/org.apache.hive.shims/hive-shims-0.23/0.13.1-cdh5.3.3/7ab834955a767af200d1d9151c204751637d9ca9/hive-shims-0.23-0.13.1-cdh5.3.3.jar, file:/Users/hpatel/.gradle/caches/modules-2/files-2.1/org.apache.hive.shims/hive-shims-scheduler/0.13.1-cdh5.3.3/b6644420b74f936a838f7f3fd2fa19c19add0449/hive-shims-scheduler-0.13.1-cdh5.3.3.jar, file:/Users/hpatel/.gradle/caches/modules-2/files-2.1/org.apache.hadoop/hadoop-mapreduce-client-common/2.5.0-cdh5.3.3/f0d777bb76ca9f540c0c81a45934f0f5cf9975b8/hadoop-mapreduce-client-common-2.5.0-cdh5.3.3.jar, file:/Users/hpatel/.gradle/caches/modules-2/files-2.1/org.apache.hadoop/hadoop-mapreduce-client-shuffle/2.5.0-cdh5.3.3/b6c4316f6fcc406edf7e5bd77c50e46034ad5519/hadoop-mapreduce-client-shuffle-2.5.0-cdh5.3.3.jar, file:/Users/hpatel/.gradle/caches/modules-2/files-2.1/org.apache.hadoop/hadoop-yarn-common/2.5.0-cdh5.3.3/9499713b674eae1aa714fcd0e95e0d09daaf3824/hadoop-yarn-common-2.5.0-cdh5.3.3.jar, file:/Users/hpatel/.gradle/caches/modules-2/files-2.1/com.fasterxml.jackson.core/jackson-databind/2.2.3/3ae380888029daefb91d3ecdca3a37d8cb92bc9/jackson-databind-2.2.3.jar, file:/Users/hpatel/.gradle/caches/modules-2/files-2.1/com.fasterxml.jackson.core/jackson-annotations/2.2.3/527fece4f23a457070a36c371a26d6c0208e1c3/jackson-annotations-2.2.3.jar, file:/Users/hpatel/.gradle/caches/modules-2/files-2.1/com.amazonaws/aws-java-sdk/1.7.4/2c24ccb6f1ab845a7df971951d4b41c709a6517d/aws-java-sdk-1.7.4.jar, file:/Users/hpatel/.gradle/caches/modules-2/files-2.1/commons-digester/commons-digester/1.8/dc6a73fdbd1fa3f0944e8497c6c872fa21dca37e/commons-digester-1.8.jar, file:/Users/hpatel/.gradle/caches/modules-2/files-2.1/commons-beanutils/commons-beanutils-core/1.8.0/175dc721f87e4bc5cc0573f990e28c3cf9117508/commons-beanutils-core-1.8.0.jar, file:/Users/hpatel/.gradle/caches/modules-2/files-2.1/xml-apis/xml-apis/1.0.b2/3136ca936f64c9d68529f048c2618bd356bf85c9/xml-apis-1.0.b2.jar, file:/Users/hpatel/.gradle/caches/modules-2/files-2.1/com.thoughtworks.paranamer/paranamer/2.3/4a85963a752c0a2f715c3924bfc686865e7e1bc6/paranamer-2.3.jar, file:/Users/hpatel/.gradle/caches/modules-2/files-2.1/org.xerial.snappy/snappy-java/1.0.5/10cb4550360a0ec6b80f09a5209d00b6058e82bf/snappy-java-1.0.5.jar, file:/Users/hpatel/.gradle/caches/modules-2/files-2.1/org.codehaus.jettison/jettison/1.1/1a01a2a1218fcf9faa2cc2a6ced025bdea687262/jettison-1.1.jar, file:/Users/hpatel/.gradle/caches/modules-2/files-2.1/com.sun.xml.bind/jaxb-impl/2.2.3-1/56baae106392040a45a06d4a41099173425da1e6/jaxb-impl-2.2.3-1.jar, file:/Users/hpatel/.gradle/caches/modules-2/files-2.1/org.apache.directory.server/apacheds-kerberos-codec/2.0.0-M15/1c16e4e477183641c5f0dd5cdecd27ec331bacb5/apacheds-kerberos-codec-2.0.0-M15.jar, file:/Users/hpatel/.gradle/caches/modules-2/files-2.1/org.apache.curator/curator-framework/2.6.0/81a699c39d127b5b4ff97cc77da7650b53e5b5ed/curator-framework-2.6.0.jar, file:/Users/hpatel/.gradle/caches/modules-2/files-2.1/org.tukaani/xz/1.0/ecff5cb8b1189514c9d1d8d68eb77ac372e000c9/xz-1.0.jar, file:/Users/hpatel/.gradle/caches/modules-2/files-2.1/org.apache.hadoop/hadoop-yarn-client/2.5.0-cdh5.3.3/2d2ce5d0138d02b20aefcfc1ee8dd6f691911f63/hadoop-yarn-client-2.5.0-cdh5.3.3.jar, file:/Users/hpatel/.gradle/caches/modules-2/files-2.1/org.apache.hadoop/hadoop-yarn-server-common/2.5.0-cdh5.3.3/d099fcc19f56d477fa6b5b47ae4e06bb97538778/hadoop-yarn-server-common-2.5.0-cdh5.3.3.jar, file:/Users/hpatel/.gradle/caches/modules-2/files-2.1/org.apache.hadoop/hadoop-yarn-server-nodemanager/2.5.0-cdh5.3.3/278b2d7a6454ce57a94ab02a88c0b188afc8facc/hadoop-yarn-server-nodemanager-2.5.0-cdh5.3.3.jar, file:/Users/hpatel/.gradle/caches/modules-2/files-2.1/org.fusesource.leveldbjni/leveldbjni-all/1.8/707350a2eeb1fa2ed77a32ddb3893ed308e941db/leveldbjni-all-1.8.jar, file:/Users/hpatel/.gradle/caches/modules-2/files-2.1/javax.xml.bind/jaxb-api/2.2.2/aeb3021ca93dde265796d82015beecdcff95bf09/jaxb-api-2.2.2.jar, file:/Users/hpatel/.gradle/caches/modules-2/files-2.1/com.google.inject/guice/3.0/9d84f15fe35e2c716a02979fb62f50a29f38aefa/guice-3.0.jar, file:/Users/hpatel/.gradle/caches/modules-2/files-2.1/com.sun.jersey.contribs/jersey-guice/1.9/5963c28c47df7e5d6ad34cec80c071c368777f7b/jersey-guice-1.9.jar, file:/Users/hpatel/.gradle/caches/modules-2/files-2.1/com.fasterxml.jackson.core/jackson-core/2.2.3/1a0113da2cab5f4c216b4e5e7c1dbfaa67087e14/jackson-core-2.2.3.jar, file:/Users/hpatel/.gradle/caches/modules-2/files-2.1/commons-beanutils/commons-beanutils/1.7.0/5675fd96b29656504b86029551973d60fb41339b/commons-beanutils-1.7.0.jar, file:/Users/hpatel/.gradle/caches/modules-2/files-2.1/org.apache.directory.server/apacheds-i18n/2.0.0-M15/71c61c84683152ec2a6a65f3f96fe534e304fa22/apacheds-i18n-2.0.0-M15.jar, file:/Users/hpatel/.gradle/caches/modules-2/files-2.1/org.apache.directory.api/api-asn1-api/1.0.0-M20/5e6486ffa3125ba44dc410ead166e1d6ba8ac76d/api-asn1-api-1.0.0-M20.jar, file:/Users/hpatel/.gradle/caches/modules-2/files-2.1/org.apache.directory.api/api-util/1.0.0-M20/a871abf060b3cf83fc6dc4d7e3d151fce50ac3cb/api-util-1.0.0-M20.jar, file:/Users/hpatel/.gradle/caches/modules-2/files-2.1/com.sun.jersey/jersey-client/1.9/d3c4b2b5f89db32c96ceddcb863684821910a7bb/jersey-client-1.9.jar, file:/Users/hpatel/.gradle/caches/modules-2/files-2.1/javax.xml.stream/stax-api/1.0-2/d6337b0de8b25e53e81b922352fbea9f9f57ba0b/stax-api-1.0-2.jar, file:/Users/hpatel/.gradle/caches/modules-2/files-2.1/javax.activation/activation/1.1/e6cb541461c2834bdea3eb920f1884d1eb508b50/activation-1.1.jar, file:/Users/hpatel/.gradle/caches/modules-2/files-2.1/javax.inject/javax.inject/1/6975da39a7040257bd51d21a231b76c915872d38/javax.inject-1.jar, file:/Users/hpatel/.gradle/caches/modules-2/files-2.1/aopalliance/aopalliance/1.0/235ba8b489512805ac13a8f9ea77a1ca5ebe3e8/aopalliance-1.0.jar, file:/Users/hpatel/.gradle/caches/modules-2/files-2.1/org.sonatype.sisu.inject/cglib/2.2.1-v20090111/7ce5e983fd0e6c78346f4c9cbfa39d83049dda2/cglib-2.2.1-v20090111.jar, file:/Users/hpatel/.gradle/caches/modules-2/files-2.1/asm/asm/3.1/c157def142714c544bdea2e6144645702adf7097/asm-3.1.jar, file:/Users/hpatel/.gradle/caches/modules-2/files-2.1/org.apache.hive/hive-service/0.13.1-cdh5.3.3/c7979b4213bfb62823d43ba726e0fea58032dd1e/hive-service-0.13.1-cdh5.3.3.jar, file:/Users/hpatel/.gradle/caches/modules-2/files-2.1/net.sf.jpam/jpam/1.1/cb3d91c2dfda767518a371dbb02edfd6a4aa0600/jpam-1.1.jar, file:/Users/hpatel/.gradle/caches/modules-2/files-2.1/org.eclipse.jetty.aggregate/jetty-all/7.6.0.v20120127/47bb68e3837e5c6422138dd1e0d4d75c60dce87a/jetty-all-7.6.0.v20120127.jar, file:/Users/hpatel/.gradle/caches/modules-2/files-2.1/org.apache.thrift/libfb303/0.9.0/639bd69767fdbd7f658ce8233248fe1cea635164/libfb303-0.9.0.jar, file:/Users/hpatel/.gradle/caches/modules-2/files-2.1/org.apache.geronimo.specs/geronimo-jta_1.1_spec/1.1.1/aabab3165b8ea936b9360abbf448459c0d04a5a4/geronimo-jta_1.1_spec-1.1.1.jar, file:/Users/hpatel/.gradle/caches/modules-2/files-2.1/javax.mail/mail/1.4.1/8b7bc69010655425dabf091b51d1e90b4de36715/mail-1.4.1.jar, file:/Users/hpatel/.gradle/caches/modules-2/files-2.1/org.apache.geronimo.specs/geronimo-jaspic_1.0_spec/1.0/44b95be7dae1147716dce5336419eafade880756/geronimo-jaspic_1.0_spec-1.0.jar, file:/Users/hpatel/.gradle/caches/modules-2/files-2.1/org.apache.geronimo.specs/geronimo-annotation_1.0_spec/1.1.1/47caa799389f69d297b86bf90523d431599c3796/geronimo-annotation_1.0_spec-1.1.1.jar, file:/Users/hpatel/.gradle/caches/modules-2/files-2.1/asm/asm-commons/3.1/1b607fbfe7889c6fdff1b7c16439ade0a60869ac/asm-commons-3.1.jar, file:/Users/hpatel/.gradle/caches/modules-2/files-2.1/asm/asm-tree/3.1/c9a5d4334ddf194ea492f22107d45119a5c5322f/asm-tree-3.1.jar, file:/Users/hpatel/.gradle/caches/modules-2/files-2.1/commons-lang/commons-lang/2.6/ce1edb914c94ebc388f086c6827e8bdeec71ac2/commons-lang-2.6.jar, file:/Users/hpatel/.gradle/caches/modules-2/files-2.1/org.mortbay.jetty/jetty/6.1.26.cloudera.4/d59325a5ff8ff18f7543bc3fbb9d5efa0c0ff521/jetty-6.1.26.cloudera.4.jar, file:/Users/hpatel/.gradle/caches/modules-2/files-2.1/org.mortbay.jetty/jetty-util/6.1.26.cloudera.4/b8507b7c5d3fd9a3d01775272cbf1a63f530c19d/jetty-util-6.1.26.cloudera.4.jar, file:/Users/hpatel/.gradle/caches/modules-2/files-2.1/net.java.dev.jets3t/jets3t/0.9.0/792bc96ee7e57b89f472aa0cb5a31015b9f59c96/jets3t-0.9.0.jar, file:/Users/hpatel/.gradle/caches/modules-2/files-2.1/com.jamesmurty.utils/java-xmlbuilder/0.4/ac5962e48cdee3a0a6e1f8e00fcb594747ac5aaf/java-xmlbuilder-0.4.jar, file:/Users/hpatel/.gradle/caches/modules-2/files-2.1/com.google.protobuf/protobuf-java/2.5.0/a10732c76bfacdbd633a7eb0f7968b1059a65dfa/protobuf-java-2.5.0.jar, file:/Users/hpatel/.gradle/caches/modules-2/files-2.1/org.apache.hive/hive-exec/0.13.1-cdh5.3.3/4d935274127f47dd9c0875efcf317ba49aef1219/hive-exec-0.13.1-cdh5.3.3.jar, file:/Users/hpatel/.gradle/caches/modules-2/files-2.1/org.apache.hive/hive-ant/0.13.1-cdh5.3.3/86954e92a903253177cd6935798c50a6c32b7b81/hive-ant-0.13.1-cdh5.3.3.jar, file:/Users/hpatel/.gradle/caches/modules-2/files-2.1/org.antlr/antlr-runtime/3.4/8f011408269a8e42b8548687e137d8eeb56df4b4/antlr-runtime-3.4.jar, file:/Users/hpatel/.gradle/caches/modules-2/files-2.1/org.antlr/ST4/4.0.4/467a2aa12be6d0f0f68c70eecf6714ab733027ac/ST4-4.0.4.jar, file:/Users/hpatel/.gradle/caches/modules-2/files-2.1/org.apache.ant/ant/1.9.1/35900c96dbebc85dcfbd71f4661059ebcf93c077/ant-1.9.1.jar, file:/Users/hpatel/.gradle/caches/modules-2/files-2.1/org.codehaus.groovy/groovy-all/2.1.6/165b8246372a829c1915611646f6d964010656cf/groovy-all-2.1.6.jar, file:/Users/hpatel/.gradle/caches/modules-2/files-2.1/stax/stax-api/1.0.1/49c100caf72d658aca8e58bd74a4ba90fa2b0d70/stax-api-1.0.1.jar, file:/Users/hpatel/.gradle/caches/modules-2/files-2.1/org.apache.velocity/velocity/1.5/9f306baf7523ffc0e81a6353d08a584d254133b/velocity-1.5.jar, file:/Users/hpatel/.gradle/caches/modules-2/files-2.1/org.antlr/stringtemplate/3.2.1/59ec8083721eae215c6f3caee944c410d2be34de/stringtemplate-3.2.1.jar, file:/Users/hpatel/.gradle/caches/modules-2/files-2.1/antlr/antlr/2.7.7/83cd2cd674a217ade95a4bb83a8a14f351f48bd0/antlr-2.7.7.jar, file:/Users/hpatel/.gradle/caches/modules-2/files-2.1/org.apache.ant/ant-launcher/1.9.1/7c71043ca185eaada9e36391dd022d92859327de/ant-launcher-1.9.1.jar, file:/Users/hpatel/.gradle/caches/modules-2/files-2.1/oro/oro/2.0.8/5592374f834645c4ae250f4c9fbb314c9369d698/oro-2.0.8.jar, file:/Users/hpatel/.gradle/caches/modules-2/files-2.1/org.codehaus.jackson/jackson-core-asl/1.9.13/3c304d70f42f832e0a86d45bd437f692129299a4/jackson-core-asl-1.9.13.jar, file:/Users/hpatel/.gradle/caches/modules-2/files-2.1/org.codehaus.jackson/jackson-mapper-asl/1.9.13/1ee2f2bed0e5dd29d1cb155a166e6f8d50bbddb7/jackson-mapper-asl-1.9.13.jar, file:/Users/hpatel/.gradle/caches/modules-2/files-2.1/org.slf4j/slf4j-api/1.7.6/562424e36df3d2327e8e9301a76027fca17d54ea/slf4j-api-1.7.6.jar, file:/Users/hpatel/.gradle/caches/modules-2/files-2.1/com.sun.jersey/jersey-server/1.14/b1a21724c9b708ed54d42d41bb19ff45ae1d49d9/jersey-server-1.14.jar, file:/Users/hpatel/.gradle/caches/modules-2/files-2.1/org.apache.httpcomponents/httpclient/4.2.5/666e26e76f2e87d84e4f16acb546481ae1b8e9a6/httpclient-4.2.5.jar, file:/Users/hpatel/.gradle/caches/modules-2/files-2.1/org.apache.zookeeper/zookeeper/3.4.6/1b2502e29da1ebaade2357cd1de35a855fa3755/zookeeper-3.4.6.jar, file:/Users/hpatel/.gradle/caches/modules-2/files-2.1/com.google.guava/guava/16.0.1/5fa98cd1a63c99a44dd8d3b77e4762b066a5d0c5/guava-16.0.1.jar, file:/Users/hpatel/.gradle/caches/modules-2/files-2.1/org.codehaus.jackson/jackson-jaxrs/1.8.8/71b16055388e9bd3991c3c3834e8e55098b789f1/jackson-jaxrs-1.8.8.jar, file:/Users/hpatel/.gradle/caches/modules-2/files-2.1/org.codehaus.jackson/jackson-xc/1.8.8/52efa08bc1e4cfea168f552b9e3088297d9d0926/jackson-xc-1.8.8.jar, file:/Users/hpatel/.gradle/caches/modules-2/files-2.1/org.apache.hive/hive-metastore/0.13.1-cdh5.3.3/ca93686a17f064a5ab6587799721cddd7836e53a/hive-metastore-0.13.1-cdh5.3.3.jar, file:/Users/hpatel/.gradle/caches/modules-2/files-2.1/com.jolbox/bonecp/0.8.0.RELEASE/cec24ee9345b3678472bb1b8fdd6aa6b9428beb8/bonecp-0.8.0.RELEASE.jar, file:/Users/hpatel/.gradle/caches/modules-2/files-2.1/org.apache.derby/derby/10.10.1.1/9f6f910f0373adc1b23c10f9b4bb151b7e7449f/derby-10.10.1.1.jar, file:/Users/hpatel/.gradle/caches/modules-2/files-2.1/javax.jdo/jdo-api/3.0.1/58e7a538e020b73871e232eeb064835fd98a492/jdo-api-3.0.1.jar, file:/Users/hpatel/.gradle/caches/modules-2/files-2.1/javax.transaction/jta/1.1/2ca09f0b36ca7d71b762e14ea2ff09d5eac57558/jta-1.1.jar, file:/Users/hpatel/.gradle/caches/modules-2/files-2.1/org.apache.thrift/libthrift/0.9.0/9ba8df332b5db95ce7f3b7a83e44d796c3d014d3/libthrift-0.9.0.jar, file:/Users/hpatel/.gradle/caches/modules-2/files-2.1/org.apache.httpcomponents/httpcore/4.2.4/3b7f38df6de5dd8b500e602ae8c2dd5ee446f883/httpcore-4.2.4.jar, file:/Users/hpatel/.gradle/caches/modules-2/files-2.1/com.sun.jersey/jersey-core/1.14/693061de8b9b352b11e997b1dd4052677778852d/jersey-core-1.14.jar, file:/Users/hpatel/.gradle/caches/modules-2/files-2.1/commons-codec/commons-codec/1.6/b7f0fc8f61ecadeb3695f0b9464755eee44374d4/commons-codec-1.6.jar, file:/Users/hpatel/.gradle/caches/modules-2/files-2.1/io.netty/netty/3.7.0.Final/7a8c35599c68c0bf383df74469aa3e03d9aca87/netty-3.7.0.Final.jar]
15/09/06 13:13:47 INFO ExecReducer: thread classpath = [file:/Users/hpatel/.gradle/caches/2.1/workerMain/gradle-worker.jar, file:/Users/hpatel/Tech/Projects/CAT/ddsw_dev/hive-test/build/classes/test/, file:/Users/hpatel/Tech/Projects/CAT/ddsw_dev/hive-test/build/resources/test/, file:/Users/hpatel/Tech/Projects/CAT/ddsw_dev/hive-test/build/classes/main/, file:/Users/hpatel/Tech/Projects/CAT/ddsw_dev/hive-test/build/resources/main, file:/Users/hpatel/.gradle/caches/modules-2/files-2.1/junit/junit/4.11/4e031bb61df09069aeb2bffb4019e7a5034a4ee0/junit-4.11.jar, file:/Users/hpatel/.gradle/caches/modules-2/files-2.1/com.klarna/hiverunner/1.0.0/e26bb0655fff4d88fab91f331793d9fc1db392cc/HiveRunner-1.0.0.jar, file:/Users/hpatel/Tech/Projects/CAT/ddsw_dev/custom-cat-udfs/build/libs/custom-cat-udfs-0.1.38-SNAPSHOT.jar, file:/Users/hpatel/.gradle/caches/modules-2/files-2.1/org.apache.hadoop/hadoop-client/2.5.0-cdh5.3.3/ec3cd6a8cb043e73a42918934c5d3a3f2747c78b/hadoop-client-2.5.0-cdh5.3.3.jar, file:/Users/hpatel/.gradle/caches/modules-2/files-2.1/org.hsqldb/hsqldb/2.3.1/bd7153caa30958e1c64a3dd38b93e5a7442d9a0e/hsqldb-2.3.1.jar, file:/Users/hpatel/.gradle/caches/modules-2/files-2.1/org.apache.hadoop/hadoop-core/2.5.0-mr1-cdh5.3.3/f6f4a77f818757da51ae0244310855779c04c4be/hadoop-core-2.5.0-mr1-cdh5.3.3.jar, file:/Users/hpatel/.gradle/caches/modules-2/files-2.1/org.reflections/reflections/0.9.8/f723abb59bf512952bfc503838f70f81487a6993/reflections-0.9.8.jar, file:/Users/hpatel/.gradle/caches/modules-2/files-2.1/org.mockito/mockito-core/1.10.19/e8546f5bef4e061d8dd73895b4e8f40e3fe6effe/mockito-core-1.10.19.jar, file:/Users/hpatel/.gradle/caches/modules-2/files-2.1/org.hamcrest/hamcrest-core/1.3/42a25dc3219429f0e5d060061f71acb49bf010a0/hamcrest-core-1.3.jar, file:/Users/hpatel/.gradle/caches/modules-2/files-2.1/org.pentaho/pentaho-aggdesigner-algorithm/5.1.5-jhyde/c52379c645c6c85300e645dff7c72653bf85baa2/pentaho-aggdesigner-algorithm-5.1.5-jhyde.jar, file:/Users/hpatel/.gradle/caches/modules-2/files-2.1/org.apache.hive/hive-serde/0.13.1-cdh5.3.3/9cee47c844d726e9bcef6ab292e1319b7fbddaa3/hive-serde-0.13.1-cdh5.3.3.jar, file:/Users/hpatel/.gradle/caches/modules-2/files-2.1/org.apache.hadoop/hadoop-common/2.5.0-cdh5.3.3/f0862eb1dc33c1807ea29a248af75551e3c6836a/hadoop-common-2.5.0-cdh5.3.3.jar, file:/Users/hpatel/.gradle/caches/modules-2/files-2.1/org.apache.hive/hive-contrib/0.13.1-cdh5.3.3/bf89b429c9b173ac275dc0c1623f5c30e780ee98/hive-contrib-0.13.1-cdh5.3.3.jar, file:/Users/hpatel/.gradle/caches/modules-2/files-2.1/org.datanucleus/datanucleus-core/3.2.12/3212183bb5a2826cd5ff194b9a54619dd0bdf31f/datanucleus-core-3.2.12.jar, file:/Users/hpatel/.gradle/caches/modules-2/files-2.1/org.datanucleus/datanucleus-rdbms/3.2.11/5b053144c89fdff1505b853aa7f1e5ba7657da75/datanucleus-rdbms-3.2.11.jar, file:/Users/hpatel/.gradle/caches/modules-2/files-2.1/org.datanucleus/datanucleus-api-jdo/3.2.8/efc60221fbc91e95cf5758b98c6c5531660696cb/datanucleus-api-jdo-3.2.8.jar, file:/Users/hpatel/.gradle/caches/modules-2/files-2.1/org.apache.hive/hive-shims/0.13.1-cdh5.3.3/47b029532c0b9d45526dcdd858823e6f9634ab81/hive-shims-0.13.1-cdh5.3.3.jar, file:/Users/hpatel/.gradle/caches/modules-2/files-2.1/org.apache.commons/commons-lang3/3.3.1/6738a2da2202ce360f0af90aba005c1e05a2c4cd/commons-lang3-3.3.1.jar, file:/Users/hpatel/.gradle/caches/modules-2/files-2.1/joda-time/joda-time/2.3/56498efd17752898cfcc3868c1b6211a07b12b8f/joda-time-2.3.jar, file:/Users/hpatel/.gradle/caches/modules-2/files-2.1/org.apache.hadoop/hadoop-hdfs/2.5.0-cdh5.3.3/5dd5e2be13d89a9eaab89d3a33bcdf6677671aa9/hadoop-hdfs-2.5.0-cdh5.3.3.jar, file:/Users/hpatel/.gradle/caches/modules-2/files-2.1/org.apache.hadoop/hadoop-mapreduce-client-app/2.5.0-cdh5.3.3/579948f8fa6d9d72bf507bd021fa3dcc0670e95f/hadoop-mapreduce-client-app-2.5.0-cdh5.3.3.jar, file:/Users/hpatel/.gradle/caches/modules-2/files-2.1/org.apache.hadoop/hadoop-yarn-api/2.5.0-cdh5.3.3/a6d9b4b7cbcacd000350a3e33c70269101b5fc79/hadoop-yarn-api-2.5.0-cdh5.3.3.jar, file:/Users/hpatel/.gradle/caches/modules-2/files-2.1/org.apache.hadoop/hadoop-mapreduce-client-core/2.5.0-cdh5.3.3/f2c8eaa2b8a5839a7781f04cf59c4d1abfefec9e/hadoop-mapreduce-client-core-2.5.0-cdh5.3.3.jar, file:/Users/hpatel/.gradle/caches/modules-2/files-2.1/org.apache.hadoop/hadoop-mapreduce-client-jobclient/2.5.0-cdh5.3.3/f8baecab9a91245a97e29e4867a7f5ae128ef8a9/hadoop-mapreduce-client-jobclient-2.5.0-cdh5.3.3.jar, file:/Users/hpatel/.gradle/caches/modules-2/files-2.1/org.apache.hadoop/hadoop-aws/2.5.0-cdh5.3.3/f712d9cf59c859914254bed5c87ee4e5a2204e78/hadoop-aws-2.5.0-cdh5.3.3.jar, file:/Users/hpatel/.gradle/caches/modules-2/files-2.1/org.apache.hadoop/hadoop-annotations/2.5.0-cdh5.3.3/e3b40743127d82ff7a6f263d00419368a46ce608/hadoop-annotations-2.5.0-cdh5.3.3.jar, file:/Users/hpatel/.gradle/caches/modules-2/files-2.1/commons-collections/commons-collections/3.2.1/761ea405b9b37ced573d2df0d1e3a4e0f9edc668/commons-collections-3.2.1.jar, file:/Users/hpatel/.gradle/caches/modules-2/files-2.1/commons-configuration/commons-configuration/1.6/32cadde23955d7681b0d94a2715846d20b425235/commons-configuration-1.6.jar, file:/Users/hpatel/.gradle/caches/modules-2/files-2.1/jline/jline/0.9.94/99a18e9a44834afdebc467294e1138364c207402/jline-0.9.94.jar, file:/Users/hpatel/.gradle/caches/modules-2/files-2.1/commons-cli/commons-cli/1.2/2bf96b7aa8b611c177d329452af1dc933e14501c/commons-cli-1.2.jar, file:/Users/hpatel/.gradle/caches/modules-2/files-2.1/xmlenc/xmlenc/0.52/d82554efbe65906d83b3d97bd7509289e9db561a/xmlenc-0.52.jar, file:/Users/hpatel/.gradle/caches/modules-2/files-2.1/commons-httpclient/commons-httpclient/3.1/964cd74171f427720480efdec40a7c7f6e58426a/commons-httpclient-3.1.jar, file:/Users/hpatel/.gradle/caches/modules-2/files-2.1/commons-net/commons-net/3.1/2298164a7c2484406f2aa5ac85b205d39019896f/commons-net-3.1.jar, file:/Users/hpatel/.gradle/caches/modules-2/files-2.1/tomcat/jasper-runtime/5.5.23/96ca5528a93ab47b001476b74320c644beb89dde/jasper-runtime-5.5.23.jar, file:/Users/hpatel/.gradle/caches/modules-2/files-2.1/tomcat/jasper-compiler/5.5.23/6d35bd7fb8c4fbc1f5401fb3678aa976d2e4c241/jasper-compiler-5.5.23.jar, file:/Users/hpatel/.gradle/caches/modules-2/files-2.1/javax.servlet.jsp/jsp-api/2.1/63f943103f250ef1f3a4d5e94d145a0f961f5316/jsp-api-2.1.jar, file:/Users/hpatel/.gradle/caches/modules-2/files-2.1/commons-el/commons-el/1.0/1df2c042b3f2de0124750241ac6c886dbfa2cc2c/commons-el-1.0.jar, file:/Users/hpatel/.gradle/caches/modules-2/files-2.1/javax.servlet/servlet-api/2.5/5959582d97d8b61f4d154ca9e495aafd16726e34/servlet-api-2.5.jar, file:/Users/hpatel/.gradle/caches/modules-2/files-2.1/hsqldb/hsqldb/1.8.0.10/7e9978fdb754bce5fcd5161133e7734ecb683036/hsqldb-1.8.0.10.jar, file:/Users/hpatel/.gradle/caches/modules-2/files-2.1/org.eclipse.jdt/core/3.1.1/88c83ce444cf46d02494da37c9fa1eebc9ce9cea/core-3.1.1.jar, file:/Users/hpatel/.gradle/caches/modules-2/files-2.1/javassist/javassist/3.12.1.GA/526633327faa61aee448a519e8a4d53ec3057885/javassist-3.12.1.GA.jar, file:/Users/hpatel/.gradle/caches/modules-2/files-2.1/dom4j/dom4j/1.6.1/5d3ccc056b6f056dbf0dddfdf43894b9065a8f94/dom4j-1.6.1.jar, file:/Users/hpatel/.gradle/caches/modules-2/files-2.1/org.objenesis/objenesis/2.1/87c0ea803b69252868d09308b4618f766f135a96/objenesis-2.1.jar, file:/Users/hpatel/.gradle/caches/modules-2/files-2.1/commons-logging/commons-logging/1.1.3/f6f66e966c70a83ffbdb6f17a0919eaf7c8aca7f/commons-logging-1.1.3.jar, file:/Users/hpatel/.gradle/caches/modules-2/files-2.1/org.apache.hive/hive-common/0.13.1-cdh5.3.3/e3fbf24d30a553c50ae4d4eed23f81b0e1211c5a/hive-common-0.13.1-cdh5.3.3.jar, file:/Users/hpatel/.gradle/caches/modules-2/files-2.1/org.apache.avro/avro/1.7.6-cdh5.3.3/6d90271293977d199ed07002bf35e2805405cc64/avro-1.7.6-cdh5.3.3.jar, file:/Users/hpatel/.gradle/caches/modules-2/files-2.1/net.sf.opencsv/opencsv/2.3/c23708cdb9e80a144db433e23344a788a1fd6599/opencsv-2.3.jar, file:/Users/hpatel/.gradle/caches/modules-2/files-2.1/com.sun.jersey/jersey-servlet/1.14/4b87041a59ee152757b62e47a21d5b63fde20ffe/jersey-servlet-1.14.jar, file:/Users/hpatel/.gradle/caches/modules-2/files-2.1/org.slf4j/slf4j-log4j12/1.7.5/6edffc576ce104ec769d954618764f39f0f0f10d/slf4j-log4j12-1.7.5.jar, file:/Users/hpatel/.gradle/caches/modules-2/files-2.1/org.apache.commons/commons-math3/3.1.1/6719d757a98ff24a83d9d727bef9cec83f59b6e1/commons-math3-3.1.1.jar, file:/Users/hpatel/.gradle/caches/modules-2/files-2.1/commons-io/commons-io/2.4/b1b6ea3b7e4aa4f492509a4952029cd8e48019ad/commons-io-2.4.jar, file:/Users/hpatel/.gradle/caches/modules-2/files-2.1/com.sun.jersey/jersey-json/1.9/1aa73e1896bcc7013fed247157d7f676226eb432/jersey-json-1.9.jar, file:/Users/hpatel/.gradle/caches/modules-2/files-2.1/log4j/log4j/1.2.17/5af35056b4d257e4b64b9e8069c0746e8b08629f/log4j-1.2.17.jar, file:/Users/hpatel/.gradle/caches/modules-2/files-2.1/com.google.code.gson/gson/2.2.4/a60a5e993c98c864010053cb901b7eab25306568/gson-2.2.4.jar, file:/Users/hpatel/.gradle/caches/modules-2/files-2.1/org.apache.hadoop/hadoop-auth/2.5.0-cdh5.3.3/847eb288da72acfdd7d202da5149dec6cd20ceba/hadoop-auth-2.5.0-cdh5.3.3.jar, file:/Users/hpatel/.gradle/caches/modules-2/files-2.1/com.jcraft/jsch/0.1.42/a86104b0f2e0c0bab5b0df836065823a99b5e334/jsch-0.1.42.jar, file:/Users/hpatel/.gradle/caches/modules-2/files-2.1/org.apache.curator/curator-client/2.6.0/b9007c357ad1a78066fc6004e8b1feaa2318f6f3/curator-client-2.6.0.jar, file:/Users/hpatel/.gradle/caches/modules-2/files-2.1/org.apache.curator/curator-recipes/2.6.0/8736b0fc42e6bf006d585fe85c90aaa4ade5cbef/curator-recipes-2.6.0.jar, file:/Users/hpatel/.gradle/caches/modules-2/files-2.1/com.google.code.findbugs/jsr305/1.3.9/40719ea6961c0cb6afaeb6a921eaa1f6afd4cfdf/jsr305-1.3.9.jar, file:/Users/hpatel/.gradle/caches/modules-2/files-2.1/org.apache.commons/commons-compress/1.4.1/b02e84a993d88568417536240e970c4b809126fd/commons-compress-1.4.1.jar, file:/Users/hpatel/.gradle/caches/modules-2/files-2.1/org.apache.hive.shims/hive-shims-common/0.13.1-cdh5.3.3/3d9e5245018fbde18f52c4ab25fc35afdec2fc0a/hive-shims-common-0.13.1-cdh5.3.3.jar, file:/Users/hpatel/.gradle/caches/modules-2/files-2.1/org.apache.hive.shims/hive-shims-common-secure/0.13.1-cdh5.3.3/6b29a16b2a41b89bdbbc681c257ad7f766a90bcb/hive-shims-common-secure-0.13.1-cdh5.3.3.jar, file:/Users/hpatel/.gradle/caches/modules-2/files-2.1/org.apache.hive.shims/hive-shims-0.23/0.13.1-cdh5.3.3/7ab834955a767af200d1d9151c204751637d9ca9/hive-shims-0.23-0.13.1-cdh5.3.3.jar, file:/Users/hpatel/.gradle/caches/modules-2/files-2.1/org.apache.hive.shims/hive-shims-scheduler/0.13.1-cdh5.3.3/b6644420b74f936a838f7f3fd2fa19c19add0449/hive-shims-scheduler-0.13.1-cdh5.3.3.jar, file:/Users/hpatel/.gradle/caches/modules-2/files-2.1/org.apache.hadoop/hadoop-mapreduce-client-common/2.5.0-cdh5.3.3/f0d777bb76ca9f540c0c81a45934f0f5cf9975b8/hadoop-mapreduce-client-common-2.5.0-cdh5.3.3.jar, file:/Users/hpatel/.gradle/caches/modules-2/files-2.1/org.apache.hadoop/hadoop-mapreduce-client-shuffle/2.5.0-cdh5.3.3/b6c4316f6fcc406edf7e5bd77c50e46034ad5519/hadoop-mapreduce-client-shuffle-2.5.0-cdh5.3.3.jar, file:/Users/hpatel/.gradle/caches/modules-2/files-2.1/org.apache.hadoop/hadoop-yarn-common/2.5.0-cdh5.3.3/9499713b674eae1aa714fcd0e95e0d09daaf3824/hadoop-yarn-common-2.5.0-cdh5.3.3.jar, file:/Users/hpatel/.gradle/caches/modules-2/files-2.1/com.fasterxml.jackson.core/jackson-databind/2.2.3/3ae380888029daefb91d3ecdca3a37d8cb92bc9/jackson-databind-2.2.3.jar, file:/Users/hpatel/.gradle/caches/modules-2/files-2.1/com.fasterxml.jackson.core/jackson-annotations/2.2.3/527fece4f23a457070a36c371a26d6c0208e1c3/jackson-annotations-2.2.3.jar, file:/Users/hpatel/.gradle/caches/modules-2/files-2.1/com.amazonaws/aws-java-sdk/1.7.4/2c24ccb6f1ab845a7df971951d4b41c709a6517d/aws-java-sdk-1.7.4.jar, file:/Users/hpatel/.gradle/caches/modules-2/files-2.1/commons-digester/commons-digester/1.8/dc6a73fdbd1fa3f0944e8497c6c872fa21dca37e/commons-digester-1.8.jar, file:/Users/hpatel/.gradle/caches/modules-2/files-2.1/commons-beanutils/commons-beanutils-core/1.8.0/175dc721f87e4bc5cc0573f990e28c3cf9117508/commons-beanutils-core-1.8.0.jar, file:/Users/hpatel/.gradle/caches/modules-2/files-2.1/xml-apis/xml-apis/1.0.b2/3136ca936f64c9d68529f048c2618bd356bf85c9/xml-apis-1.0.b2.jar, file:/Users/hpatel/.gradle/caches/modules-2/files-2.1/com.thoughtworks.paranamer/paranamer/2.3/4a85963a752c0a2f715c3924bfc686865e7e1bc6/paranamer-2.3.jar, file:/Users/hpatel/.gradle/caches/modules-2/files-2.1/org.xerial.snappy/snappy-java/1.0.5/10cb4550360a0ec6b80f09a5209d00b6058e82bf/snappy-java-1.0.5.jar, file:/Users/hpatel/.gradle/caches/modules-2/files-2.1/org.codehaus.jettison/jettison/1.1/1a01a2a1218fcf9faa2cc2a6ced025bdea687262/jettison-1.1.jar, file:/Users/hpatel/.gradle/caches/modules-2/files-2.1/com.sun.xml.bind/jaxb-impl/2.2.3-1/56baae106392040a45a06d4a41099173425da1e6/jaxb-impl-2.2.3-1.jar, file:/Users/hpatel/.gradle/caches/modules-2/files-2.1/org.apache.directory.server/apacheds-kerberos-codec/2.0.0-M15/1c16e4e477183641c5f0dd5cdecd27ec331bacb5/apacheds-kerberos-codec-2.0.0-M15.jar, file:/Users/hpatel/.gradle/caches/modules-2/files-2.1/org.apache.curator/curator-framework/2.6.0/81a699c39d127b5b4ff97cc77da7650b53e5b5ed/curator-framework-2.6.0.jar, file:/Users/hpatel/.gradle/caches/modules-2/files-2.1/org.tukaani/xz/1.0/ecff5cb8b1189514c9d1d8d68eb77ac372e000c9/xz-1.0.jar, file:/Users/hpatel/.gradle/caches/modules-2/files-2.1/org.apache.hadoop/hadoop-yarn-client/2.5.0-cdh5.3.3/2d2ce5d0138d02b20aefcfc1ee8dd6f691911f63/hadoop-yarn-client-2.5.0-cdh5.3.3.jar, file:/Users/hpatel/.gradle/caches/modules-2/files-2.1/org.apache.hadoop/hadoop-yarn-server-common/2.5.0-cdh5.3.3/d099fcc19f56d477fa6b5b47ae4e06bb97538778/hadoop-yarn-server-common-2.5.0-cdh5.3.3.jar, file:/Users/hpatel/.gradle/caches/modules-2/files-2.1/org.apache.hadoop/hadoop-yarn-server-nodemanager/2.5.0-cdh5.3.3/278b2d7a6454ce57a94ab02a88c0b188afc8facc/hadoop-yarn-server-nodemanager-2.5.0-cdh5.3.3.jar, file:/Users/hpatel/.gradle/caches/modules-2/files-2.1/org.fusesource.leveldbjni/leveldbjni-all/1.8/707350a2eeb1fa2ed77a32ddb3893ed308e941db/leveldbjni-all-1.8.jar, file:/Users/hpatel/.gradle/caches/modules-2/files-2.1/javax.xml.bind/jaxb-api/2.2.2/aeb3021ca93dde265796d82015beecdcff95bf09/jaxb-api-2.2.2.jar, file:/Users/hpatel/.gradle/caches/modules-2/files-2.1/com.google.inject/guice/3.0/9d84f15fe35e2c716a02979fb62f50a29f38aefa/guice-3.0.jar, file:/Users/hpatel/.gradle/caches/modules-2/files-2.1/com.sun.jersey.contribs/jersey-guice/1.9/5963c28c47df7e5d6ad34cec80c071c368777f7b/jersey-guice-1.9.jar, file:/Users/hpatel/.gradle/caches/modules-2/files-2.1/com.fasterxml.jackson.core/jackson-core/2.2.3/1a0113da2cab5f4c216b4e5e7c1dbfaa67087e14/jackson-core-2.2.3.jar, file:/Users/hpatel/.gradle/caches/modules-2/files-2.1/commons-beanutils/commons-beanutils/1.7.0/5675fd96b29656504b86029551973d60fb41339b/commons-beanutils-1.7.0.jar, file:/Users/hpatel/.gradle/caches/modules-2/files-2.1/org.apache.directory.server/apacheds-i18n/2.0.0-M15/71c61c84683152ec2a6a65f3f96fe534e304fa22/apacheds-i18n-2.0.0-M15.jar, file:/Users/hpatel/.gradle/caches/modules-2/files-2.1/org.apache.directory.api/api-asn1-api/1.0.0-M20/5e6486ffa3125ba44dc410ead166e1d6ba8ac76d/api-asn1-api-1.0.0-M20.jar, file:/Users/hpatel/.gradle/caches/modules-2/files-2.1/org.apache.directory.api/api-util/1.0.0-M20/a871abf060b3cf83fc6dc4d7e3d151fce50ac3cb/api-util-1.0.0-M20.jar, file:/Users/hpatel/.gradle/caches/modules-2/files-2.1/com.sun.jersey/jersey-client/1.9/d3c4b2b5f89db32c96ceddcb863684821910a7bb/jersey-client-1.9.jar, file:/Users/hpatel/.gradle/caches/modules-2/files-2.1/javax.xml.stream/stax-api/1.0-2/d6337b0de8b25e53e81b922352fbea9f9f57ba0b/stax-api-1.0-2.jar, file:/Users/hpatel/.gradle/caches/modules-2/files-2.1/javax.activation/activation/1.1/e6cb541461c2834bdea3eb920f1884d1eb508b50/activation-1.1.jar, file:/Users/hpatel/.gradle/caches/modules-2/files-2.1/javax.inject/javax.inject/1/6975da39a7040257bd51d21a231b76c915872d38/javax.inject-1.jar, file:/Users/hpatel/.gradle/caches/modules-2/files-2.1/aopalliance/aopalliance/1.0/235ba8b489512805ac13a8f9ea77a1ca5ebe3e8/aopalliance-1.0.jar, file:/Users/hpatel/.gradle/caches/modules-2/files-2.1/org.sonatype.sisu.inject/cglib/2.2.1-v20090111/7ce5e983fd0e6c78346f4c9cbfa39d83049dda2/cglib-2.2.1-v20090111.jar, file:/Users/hpatel/.gradle/caches/modules-2/files-2.1/asm/asm/3.1/c157def142714c544bdea2e6144645702adf7097/asm-3.1.jar, file:/Users/hpatel/.gradle/caches/modules-2/files-2.1/org.apache.hive/hive-service/0.13.1-cdh5.3.3/c7979b4213bfb62823d43ba726e0fea58032dd1e/hive-service-0.13.1-cdh5.3.3.jar, file:/Users/hpatel/.gradle/caches/modules-2/files-2.1/net.sf.jpam/jpam/1.1/cb3d91c2dfda767518a371dbb02edfd6a4aa0600/jpam-1.1.jar, file:/Users/hpatel/.gradle/caches/modules-2/files-2.1/org.eclipse.jetty.aggregate/jetty-all/7.6.0.v20120127/47bb68e3837e5c6422138dd1e0d4d75c60dce87a/jetty-all-7.6.0.v20120127.jar, file:/Users/hpatel/.gradle/caches/modules-2/files-2.1/org.apache.thrift/libfb303/0.9.0/639bd69767fdbd7f658ce8233248fe1cea635164/libfb303-0.9.0.jar, file:/Users/hpatel/.gradle/caches/modules-2/files-2.1/org.apache.geronimo.specs/geronimo-jta_1.1_spec/1.1.1/aabab3165b8ea936b9360abbf448459c0d04a5a4/geronimo-jta_1.1_spec-1.1.1.jar, file:/Users/hpatel/.gradle/caches/modules-2/files-2.1/javax.mail/mail/1.4.1/8b7bc69010655425dabf091b51d1e90b4de36715/mail-1.4.1.jar, file:/Users/hpatel/.gradle/caches/modules-2/files-2.1/org.apache.geronimo.specs/geronimo-jaspic_1.0_spec/1.0/44b95be7dae1147716dce5336419eafade880756/geronimo-jaspic_1.0_spec-1.0.jar, file:/Users/hpatel/.gradle/caches/modules-2/files-2.1/org.apache.geronimo.specs/geronimo-annotation_1.0_spec/1.1.1/47caa799389f69d297b86bf90523d431599c3796/geronimo-annotation_1.0_spec-1.1.1.jar, file:/Users/hpatel/.gradle/caches/modules-2/files-2.1/asm/asm-commons/3.1/1b607fbfe7889c6fdff1b7c16439ade0a60869ac/asm-commons-3.1.jar, file:/Users/hpatel/.gradle/caches/modules-2/files-2.1/asm/asm-tree/3.1/c9a5d4334ddf194ea492f22107d45119a5c5322f/asm-tree-3.1.jar, file:/Users/hpatel/.gradle/caches/modules-2/files-2.1/commons-lang/commons-lang/2.6/ce1edb914c94ebc388f086c6827e8bdeec71ac2/commons-lang-2.6.jar, file:/Users/hpatel/.gradle/caches/modules-2/files-2.1/org.mortbay.jetty/jetty/6.1.26.cloudera.4/d59325a5ff8ff18f7543bc3fbb9d5efa0c0ff521/jetty-6.1.26.cloudera.4.jar, file:/Users/hpatel/.gradle/caches/modules-2/files-2.1/org.mortbay.jetty/jetty-util/6.1.26.cloudera.4/b8507b7c5d3fd9a3d01775272cbf1a63f530c19d/jetty-util-6.1.26.cloudera.4.jar, file:/Users/hpatel/.gradle/caches/modules-2/files-2.1/net.java.dev.jets3t/jets3t/0.9.0/792bc96ee7e57b89f472aa0cb5a31015b9f59c96/jets3t-0.9.0.jar, file:/Users/hpatel/.gradle/caches/modules-2/files-2.1/com.jamesmurty.utils/java-xmlbuilder/0.4/ac5962e48cdee3a0a6e1f8e00fcb594747ac5aaf/java-xmlbuilder-0.4.jar, file:/Users/hpatel/.gradle/caches/modules-2/files-2.1/com.google.protobuf/protobuf-java/2.5.0/a10732c76bfacdbd633a7eb0f7968b1059a65dfa/protobuf-java-2.5.0.jar, file:/Users/hpatel/.gradle/caches/modules-2/files-2.1/org.apache.hive/hive-exec/0.13.1-cdh5.3.3/4d935274127f47dd9c0875efcf317ba49aef1219/hive-exec-0.13.1-cdh5.3.3.jar, file:/Users/hpatel/.gradle/caches/modules-2/files-2.1/org.apache.hive/hive-ant/0.13.1-cdh5.3.3/86954e92a903253177cd6935798c50a6c32b7b81/hive-ant-0.13.1-cdh5.3.3.jar, file:/Users/hpatel/.gradle/caches/modules-2/files-2.1/org.antlr/antlr-runtime/3.4/8f011408269a8e42b8548687e137d8eeb56df4b4/antlr-runtime-3.4.jar, file:/Users/hpatel/.gradle/caches/modules-2/files-2.1/org.antlr/ST4/4.0.4/467a2aa12be6d0f0f68c70eecf6714ab733027ac/ST4-4.0.4.jar, file:/Users/hpatel/.gradle/caches/modules-2/files-2.1/org.apache.ant/ant/1.9.1/35900c96dbebc85dcfbd71f4661059ebcf93c077/ant-1.9.1.jar, file:/Users/hpatel/.gradle/caches/modules-2/files-2.1/org.codehaus.groovy/groovy-all/2.1.6/165b8246372a829c1915611646f6d964010656cf/groovy-all-2.1.6.jar, file:/Users/hpatel/.gradle/caches/modules-2/files-2.1/stax/stax-api/1.0.1/49c100caf72d658aca8e58bd74a4ba90fa2b0d70/stax-api-1.0.1.jar, file:/Users/hpatel/.gradle/caches/modules-2/files-2.1/org.apache.velocity/velocity/1.5/9f306baf7523ffc0e81a6353d08a584d254133b/velocity-1.5.jar, file:/Users/hpatel/.gradle/caches/modules-2/files-2.1/org.antlr/stringtemplate/3.2.1/59ec8083721eae215c6f3caee944c410d2be34de/stringtemplate-3.2.1.jar, file:/Users/hpatel/.gradle/caches/modules-2/files-2.1/antlr/antlr/2.7.7/83cd2cd674a217ade95a4bb83a8a14f351f48bd0/antlr-2.7.7.jar, file:/Users/hpatel/.gradle/caches/modules-2/files-2.1/org.apache.ant/ant-launcher/1.9.1/7c71043ca185eaada9e36391dd022d92859327de/ant-launcher-1.9.1.jar, file:/Users/hpatel/.gradle/caches/modules-2/files-2.1/oro/oro/2.0.8/5592374f834645c4ae250f4c9fbb314c9369d698/oro-2.0.8.jar, file:/Users/hpatel/.gradle/caches/modules-2/files-2.1/org.codehaus.jackson/jackson-core-asl/1.9.13/3c304d70f42f832e0a86d45bd437f692129299a4/jackson-core-asl-1.9.13.jar, file:/Users/hpatel/.gradle/caches/modules-2/files-2.1/org.codehaus.jackson/jackson-mapper-asl/1.9.13/1ee2f2bed0e5dd29d1cb155a166e6f8d50bbddb7/jackson-mapper-asl-1.9.13.jar, file:/Users/hpatel/.gradle/caches/modules-2/files-2.1/org.slf4j/slf4j-api/1.7.6/562424e36df3d2327e8e9301a76027fca17d54ea/slf4j-api-1.7.6.jar, file:/Users/hpatel/.gradle/caches/modules-2/files-2.1/com.sun.jersey/jersey-server/1.14/b1a21724c9b708ed54d42d41bb19ff45ae1d49d9/jersey-server-1.14.jar, file:/Users/hpatel/.gradle/caches/modules-2/files-2.1/org.apache.httpcomponents/httpclient/4.2.5/666e26e76f2e87d84e4f16acb546481ae1b8e9a6/httpclient-4.2.5.jar, file:/Users/hpatel/.gradle/caches/modules-2/files-2.1/org.apache.zookeeper/zookeeper/3.4.6/1b2502e29da1ebaade2357cd1de35a855fa3755/zookeeper-3.4.6.jar, file:/Users/hpatel/.gradle/caches/modules-2/files-2.1/com.google.guava/guava/16.0.1/5fa98cd1a63c99a44dd8d3b77e4762b066a5d0c5/guava-16.0.1.jar, file:/Users/hpatel/.gradle/caches/modules-2/files-2.1/org.codehaus.jackson/jackson-jaxrs/1.8.8/71b16055388e9bd3991c3c3834e8e55098b789f1/jackson-jaxrs-1.8.8.jar, file:/Users/hpatel/.gradle/caches/modules-2/files-2.1/org.codehaus.jackson/jackson-xc/1.8.8/52efa08bc1e4cfea168f552b9e3088297d9d0926/jackson-xc-1.8.8.jar, file:/Users/hpatel/.gradle/caches/modules-2/files-2.1/org.apache.hive/hive-metastore/0.13.1-cdh5.3.3/ca93686a17f064a5ab6587799721cddd7836e53a/hive-metastore-0.13.1-cdh5.3.3.jar, file:/Users/hpatel/.gradle/caches/modules-2/files-2.1/com.jolbox/bonecp/0.8.0.RELEASE/cec24ee9345b3678472bb1b8fdd6aa6b9428beb8/bonecp-0.8.0.RELEASE.jar, file:/Users/hpatel/.gradle/caches/modules-2/files-2.1/org.apache.derby/derby/10.10.1.1/9f6f910f0373adc1b23c10f9b4bb151b7e7449f/derby-10.10.1.1.jar, file:/Users/hpatel/.gradle/caches/modules-2/files-2.1/javax.jdo/jdo-api/3.0.1/58e7a538e020b73871e232eeb064835fd98a492/jdo-api-3.0.1.jar, file:/Users/hpatel/.gradle/caches/modules-2/files-2.1/javax.transaction/jta/1.1/2ca09f0b36ca7d71b762e14ea2ff09d5eac57558/jta-1.1.jar, file:/Users/hpatel/.gradle/caches/modules-2/files-2.1/org.apache.thrift/libthrift/0.9.0/9ba8df332b5db95ce7f3b7a83e44d796c3d014d3/libthrift-0.9.0.jar, file:/Users/hpatel/.gradle/caches/modules-2/files-2.1/org.apache.httpcomponents/httpcore/4.2.4/3b7f38df6de5dd8b500e602ae8c2dd5ee446f883/httpcore-4.2.4.jar, file:/Users/hpatel/.gradle/caches/modules-2/files-2.1/com.sun.jersey/jersey-core/1.14/693061de8b9b352b11e997b1dd4052677778852d/jersey-core-1.14.jar, file:/Users/hpatel/.gradle/caches/modules-2/files-2.1/commons-codec/commons-codec/1.6/b7f0fc8f61ecadeb3695f0b9464755eee44374d4/commons-codec-1.6.jar, file:/Users/hpatel/.gradle/caches/modules-2/files-2.1/io.netty/netty/3.7.0.Final/7a8c35599c68c0bf383df74469aa3e03d9aca87/netty-3.7.0.Final.jar]
15/09/06 13:13:47 INFO mr.ObjectCache: Ignoring retrieval request: __REDUCE_PLAN__
15/09/06 13:13:47 INFO log.PerfLogger: <PERFLOG method=deserializePlan from=org.apache.hadoop.hive.ql.exec.Utilities>
15/09/06 13:13:47 INFO exec.Utilities: Deserializing ReduceWork via kryo
15/09/06 13:13:47 INFO log.PerfLogger: </PERFLOG method=deserializePlan start=1441563227676 end=1441563227695 duration=19 from=org.apache.hadoop.hive.ql.exec.Utilities>
15/09/06 13:13:47 INFO mr.ObjectCache: Ignoring cache key: __REDUCE_PLAN__
15/09/06 13:13:47 INFO ExecReducer: 
<GBY>Id =35
  <Children>
    <SEL>Id =36
      <Children>
        <FS>Id =37
          <Children>
          <\Children>
          <Parent>Id = 36 null<\Parent>
        <\FS>
      <\Children>
      <Parent>Id = 35 null<\Parent>
    <\SEL>
  <\Children>
  <Parent><\Parent>
<\GBY>
15/09/06 13:13:47 INFO exec.GroupByOperator: Initializing Self 35 GBY
15/09/06 13:13:47 INFO exec.GroupByOperator: Operator 35 GBY initialized
15/09/06 13:13:47 INFO exec.GroupByOperator: Initializing children of 35 GBY
15/09/06 13:13:47 INFO exec.SelectOperator: Initializing child 36 SEL
15/09/06 13:13:47 INFO exec.SelectOperator: Initializing Self 36 SEL
15/09/06 13:13:47 INFO exec.SelectOperator: SELECT struct<_col0:bigint>
15/09/06 13:13:47 INFO exec.SelectOperator: Operator 36 SEL initialized
15/09/06 13:13:47 INFO exec.SelectOperator: Initializing children of 36 SEL
15/09/06 13:13:47 INFO exec.FileSinkOperator: Initializing child 37 FS
15/09/06 13:13:47 INFO exec.FileSinkOperator: Initializing Self 37 FS
15/09/06 13:13:47 INFO exec.FileSinkOperator: Operator 37 FS initialized
15/09/06 13:13:47 INFO exec.FileSinkOperator: Initialization Done 37 FS
15/09/06 13:13:47 INFO exec.SelectOperator: Initialization Done 36 SEL
15/09/06 13:13:47 INFO exec.GroupByOperator: Initialization Done 35 GBY
15/09/06 13:13:47 INFO ExecReducer: ExecReducer: processing 1 rows: used memory = 164822488
15/09/06 13:13:47 INFO ExecReducer: ExecReducer: processed 1 rows: used memory = 164822488
15/09/06 13:13:47 INFO exec.GroupByOperator: 35 finished. closing... 
15/09/06 13:13:47 INFO exec.FileSinkOperator: Final Path: FS file:/var/folders/y7/4_pz5fzx54ngcmghz3v6t3m00000gn/T/junit4238406739563525852/scratchdir/hive_2015-09-06_13-13-47_300_6432582745994431143-1/-mr-10000/.hive-staging_hive_2015-09-06_13-13-47_300_6432582745994431143-1/_tmp.-ext-10001/000000_0
15/09/06 13:13:47 INFO exec.FileSinkOperator: Writing to temp file: FS file:/var/folders/y7/4_pz5fzx54ngcmghz3v6t3m00000gn/T/junit4238406739563525852/scratchdir/hive_2015-09-06_13-13-47_300_6432582745994431143-1/-mr-10000/.hive-staging_hive_2015-09-06_13-13-47_300_6432582745994431143-1/_task_tmp.-ext-10001/_tmp.000000_0
15/09/06 13:13:47 INFO exec.FileSinkOperator: New Final Path: FS file:/var/folders/y7/4_pz5fzx54ngcmghz3v6t3m00000gn/T/junit4238406739563525852/scratchdir/hive_2015-09-06_13-13-47_300_6432582745994431143-1/-mr-10000/.hive-staging_hive_2015-09-06_13-13-47_300_6432582745994431143-1/_tmp.-ext-10001/000000_0
15/09/06 13:13:47 INFO exec.SelectOperator: 36 finished. closing... 
15/09/06 13:13:47 INFO exec.FileSinkOperator: 37 finished. closing... 
15/09/06 13:13:47 INFO exec.FileSinkOperator: FS[37]: records written - 1
15/09/06 13:13:47 INFO exec.FileSinkOperator: RECORDS_OUT_0:1
15/09/06 13:13:47 INFO exec.FileSinkOperator: 37 Close done
15/09/06 13:13:47 INFO exec.SelectOperator: 36 Close done
15/09/06 13:13:47 INFO exec.GroupByOperator: 35 Close done
15/09/06 13:13:47 INFO mapred.Task: Task:attempt_local1153419309_0003_r_000000_0 is done. And is in the process of commiting
15/09/06 13:13:47 INFO mapred.LocalJobRunner: reduce > reduce
15/09/06 13:13:47 INFO mapred.Task: Task 'attempt_local1153419309_0003_r_000000_0' done.
2015-09-06 13:13:47,708 Stage-1 map = 100%,  reduce = 100%
15/09/06 13:13:47 INFO exec.Task: 2015-09-06 13:13:47,708 Stage-1 map = 100%,  reduce = 100%
Ended Job = job_local1153419309_0003
15/09/06 13:13:47 INFO exec.Task: Ended Job = job_local1153419309_0003
15/09/06 13:13:47 INFO exec.FileSinkOperator: Moving tmp dir: file:/var/folders/y7/4_pz5fzx54ngcmghz3v6t3m00000gn/T/junit4238406739563525852/scratchdir/hive_2015-09-06_13-13-47_300_6432582745994431143-1/-mr-10000/.hive-staging_hive_2015-09-06_13-13-47_300_6432582745994431143-1/_tmp.-ext-10001 to: file:/var/folders/y7/4_pz5fzx54ngcmghz3v6t3m00000gn/T/junit4238406739563525852/scratchdir/hive_2015-09-06_13-13-47_300_6432582745994431143-1/-mr-10000/.hive-staging_hive_2015-09-06_13-13-47_300_6432582745994431143-1/-ext-10001
15/09/06 13:13:47 INFO log.PerfLogger: </PERFLOG method=runTasks start=1441563227446 end=1441563227713 duration=267 from=org.apache.hadoop.hive.ql.Driver>
15/09/06 13:13:47 INFO log.PerfLogger: </PERFLOG method=Driver.execute start=1441563227445 end=1441563227713 duration=268 from=org.apache.hadoop.hive.ql.Driver>
MapReduce Jobs Launched: 
15/09/06 13:13:47 INFO ql.Driver: MapReduce Jobs Launched: 
Stage-Stage-1:  HDFS Read: 0 HDFS Write: 0 SUCCESS
15/09/06 13:13:47 INFO ql.Driver: Stage-Stage-1:  HDFS Read: 0 HDFS Write: 0 SUCCESS
Total MapReduce CPU Time Spent: 0 msec
15/09/06 13:13:47 INFO ql.Driver: Total MapReduce CPU Time Spent: 0 msec
OK
15/09/06 13:13:47 INFO ql.Driver: OK
15/09/06 13:13:47 INFO log.PerfLogger: <PERFLOG method=releaseLocks from=org.apache.hadoop.hive.ql.Driver>
15/09/06 13:13:47 INFO log.PerfLogger: </PERFLOG method=releaseLocks start=1441563227713 end=1441563227713 duration=0 from=org.apache.hadoop.hive.ql.Driver>
15/09/06 13:13:47 INFO log.PerfLogger: </PERFLOG method=Driver.run start=1441563227300 end=1441563227713 duration=413 from=org.apache.hadoop.hive.ql.Driver>
15/09/06 13:13:47 INFO mapred.FileInputFormat: Total input paths to process : 1
15/09/06 13:13:47 INFO service.HiveServer: Running the query: select COUNT(*) from dealer_hierarchy_temp_data where dealer_code='ZZZZ'
15/09/06 13:13:47 INFO exec.ListSinkOperator: 33 finished. closing... 
15/09/06 13:13:47 INFO exec.ListSinkOperator: 33 Close done
15/09/06 13:13:47 INFO log.PerfLogger: <PERFLOG method=Driver.run from=org.apache.hadoop.hive.ql.Driver>
15/09/06 13:13:47 INFO log.PerfLogger: <PERFLOG method=TimeToSubmit from=org.apache.hadoop.hive.ql.Driver>
15/09/06 13:13:47 INFO ql.Driver: Concurrency mode is disabled, not creating a lock manager
15/09/06 13:13:47 INFO log.PerfLogger: <PERFLOG method=compile from=org.apache.hadoop.hive.ql.Driver>
15/09/06 13:13:47 INFO log.PerfLogger: <PERFLOG method=parse from=org.apache.hadoop.hive.ql.Driver>
15/09/06 13:13:47 INFO parse.ParseDriver: Parsing command: select COUNT(*) from dealer_hierarchy_temp_data where dealer_code='ZZZZ'
15/09/06 13:13:47 INFO parse.ParseDriver: Parse Completed
15/09/06 13:13:47 INFO log.PerfLogger: </PERFLOG method=parse start=1441563227721 end=1441563227722 duration=1 from=org.apache.hadoop.hive.ql.Driver>
15/09/06 13:13:47 INFO log.PerfLogger: <PERFLOG method=semanticAnalyze from=org.apache.hadoop.hive.ql.Driver>
15/09/06 13:13:47 INFO parse.SemanticAnalyzer: Starting Semantic Analysis
15/09/06 13:13:47 INFO parse.SemanticAnalyzer: Completed phase 1 of Semantic Analysis
15/09/06 13:13:47 INFO parse.SemanticAnalyzer: Get metadata for source tables
15/09/06 13:13:47 INFO metastore.HiveMetaStore: 0: get_table : db=ddsw_dev tbl=dealer_hierarchy_temp_data
15/09/06 13:13:47 INFO HiveMetaStore.audit: ugi=hpatel	ip=unknown-ip-addr	cmd=get_table : db=ddsw_dev tbl=dealer_hierarchy_temp_data	
15/09/06 13:13:47 INFO parse.SemanticAnalyzer: Get metadata for subqueries
15/09/06 13:13:47 INFO parse.SemanticAnalyzer: Get metadata for destination tables
15/09/06 13:13:47 INFO ql.Context: New scratch dir is file:/var/folders/y7/4_pz5fzx54ngcmghz3v6t3m00000gn/T/junit4238406739563525852/scratchdir/hive_2015-09-06_13-13-47_721_8710892069415460872-1
15/09/06 13:13:47 INFO parse.SemanticAnalyzer: Completed getting MetaData in Semantic Analysis
15/09/06 13:13:47 INFO common.FileUtils: Creating directory if it doesn't exist: file:/var/folders/y7/4_pz5fzx54ngcmghz3v6t3m00000gn/T/junit4238406739563525852/scratchdir/hive_2015-09-06_13-13-47_721_8710892069415460872-1/-mr-10000/.hive-staging_hive_2015-09-06_13-13-47_721_8710892069415460872-1
15/09/06 13:13:47 INFO parse.SemanticAnalyzer: Set stats collection dir : file:/var/folders/y7/4_pz5fzx54ngcmghz3v6t3m00000gn/T/junit4238406739563525852/scratchdir/hive_2015-09-06_13-13-47_721_8710892069415460872-1/-mr-10000/.hive-staging_hive_2015-09-06_13-13-47_721_8710892069415460872-1/-ext-10002
15/09/06 13:13:47 INFO ppd.OpProcFactory: Processing for FS(49)
15/09/06 13:13:47 INFO ppd.OpProcFactory: Processing for SEL(48)
15/09/06 13:13:47 INFO ppd.OpProcFactory: Processing for GBY(47)
15/09/06 13:13:47 INFO ppd.OpProcFactory: Processing for RS(46)
15/09/06 13:13:47 INFO ppd.OpProcFactory: Processing for GBY(45)
15/09/06 13:13:47 INFO ppd.OpProcFactory: Processing for SEL(44)
15/09/06 13:13:47 INFO ppd.OpProcFactory: Processing for FIL(43)
15/09/06 13:13:47 INFO ppd.OpProcFactory: Pushdown Predicates of FIL For Alias : dealer_hierarchy_temp_data
15/09/06 13:13:47 INFO ppd.OpProcFactory: 	(dealer_code = 'ZZZZ')
15/09/06 13:13:47 INFO ppd.OpProcFactory: Processing for TS(42)
15/09/06 13:13:47 INFO ppd.OpProcFactory: Pushdown Predicates of TS For Alias : dealer_hierarchy_temp_data
15/09/06 13:13:47 INFO ppd.OpProcFactory: 	(dealer_code = 'ZZZZ')
15/09/06 13:13:47 INFO log.PerfLogger: <PERFLOG method=partition-retrieving from=org.apache.hadoop.hive.ql.optimizer.ppr.PartitionPruner>
15/09/06 13:13:47 INFO metastore.HiveMetaStore: 0: get_partitions_by_expr : db=ddsw_dev tbl=dealer_hierarchy_temp_data
15/09/06 13:13:47 INFO HiveMetaStore.audit: ugi=hpatel	ip=unknown-ip-addr	cmd=get_partitions_by_expr : db=ddsw_dev tbl=dealer_hierarchy_temp_data	
15/09/06 13:13:47 INFO log.PerfLogger: </PERFLOG method=partition-retrieving start=1441563227789 end=1441563227809 duration=20 from=org.apache.hadoop.hive.ql.optimizer.ppr.PartitionPruner>
15/09/06 13:13:47 INFO optimizer.ColumnPrunerProcFactory: RS 46 oldColExprMap: {VALUE._col0=Column[_col0]}
15/09/06 13:13:47 INFO optimizer.ColumnPrunerProcFactory: RS 46 newColExprMap: {VALUE._col0=Column[_col0]}
15/09/06 13:13:47 INFO optimizer.SortedDynPartitionOptimizer: Sorted dynamic partitioning optimization kicked in..
15/09/06 13:13:47 INFO parse.SemanticAnalyzer: Completed plan generation
15/09/06 13:13:47 INFO ql.Driver: Semantic Analysis Completed
15/09/06 13:13:47 INFO log.PerfLogger: </PERFLOG method=semanticAnalyze start=1441563227722 end=1441563227813 duration=91 from=org.apache.hadoop.hive.ql.Driver>
15/09/06 13:13:47 INFO exec.ListSinkOperator: Initializing Self 51 OP
15/09/06 13:13:47 INFO exec.ListSinkOperator: Operator 51 OP initialized
15/09/06 13:13:47 INFO exec.ListSinkOperator: Initialization Done 51 OP
15/09/06 13:13:47 INFO ql.Driver: Returning Hive schema: Schema(fieldSchemas:[FieldSchema(name:_c0, type:bigint, comment:null)], properties:null)
15/09/06 13:13:47 INFO log.PerfLogger: </PERFLOG method=compile start=1441563227721 end=1441563227814 duration=93 from=org.apache.hadoop.hive.ql.Driver>
15/09/06 13:13:47 INFO log.PerfLogger: <PERFLOG method=Driver.execute from=org.apache.hadoop.hive.ql.Driver>
15/09/06 13:13:47 INFO ql.Driver: Starting command: select COUNT(*) from dealer_hierarchy_temp_data where dealer_code='ZZZZ'
Total jobs = 1
15/09/06 13:13:47 INFO ql.Driver: Total jobs = 1
15/09/06 13:13:47 INFO log.PerfLogger: </PERFLOG method=TimeToSubmit start=1441563227721 end=1441563227814 duration=93 from=org.apache.hadoop.hive.ql.Driver>
15/09/06 13:13:47 INFO log.PerfLogger: <PERFLOG method=runTasks from=org.apache.hadoop.hive.ql.Driver>
15/09/06 13:13:47 INFO log.PerfLogger: <PERFLOG method=task.MAPRED.Stage-1 from=org.apache.hadoop.hive.ql.Driver>
Launching Job 1 out of 1
15/09/06 13:13:47 INFO ql.Driver: Launching Job 1 out of 1
Number of reduce tasks determined at compile time: 1
15/09/06 13:13:47 INFO exec.Task: Number of reduce tasks determined at compile time: 1
In order to change the average load for a reducer (in bytes):
15/09/06 13:13:47 INFO exec.Task: In order to change the average load for a reducer (in bytes):
  set hive.exec.reducers.bytes.per.reducer=<number>
15/09/06 13:13:47 INFO exec.Task:   set hive.exec.reducers.bytes.per.reducer=<number>
In order to limit the maximum number of reducers:
15/09/06 13:13:47 INFO exec.Task: In order to limit the maximum number of reducers:
  set hive.exec.reducers.max=<number>
15/09/06 13:13:47 INFO exec.Task:   set hive.exec.reducers.max=<number>
In order to set a constant number of reducers:
15/09/06 13:13:47 INFO exec.Task: In order to set a constant number of reducers:
  set mapreduce.job.reduces=<number>
15/09/06 13:13:47 INFO exec.Task:   set mapreduce.job.reduces=<number>
15/09/06 13:13:47 INFO ql.Context: New scratch dir is file:/var/folders/y7/4_pz5fzx54ngcmghz3v6t3m00000gn/T/junit4238406739563525852/scratchdir/hive_2015-09-06_13-13-47_721_8710892069415460872-1
15/09/06 13:13:47 INFO mr.ExecDriver: Using org.apache.hadoop.hive.ql.io.CombineHiveInputFormat
15/09/06 13:13:47 INFO exec.Utilities: Processing alias dealer_hierarchy_temp_data
15/09/06 13:13:47 INFO exec.Utilities: Adding input file file:/var/folders/y7/4_pz5fzx54ngcmghz3v6t3m00000gn/T/junit4238406739563525852/hadooptmp/dealer_hierarchy/temp_data/dealer_code=ZZZZ
15/09/06 13:13:47 INFO exec.Utilities: Content Summary not cached for file:/var/folders/y7/4_pz5fzx54ngcmghz3v6t3m00000gn/T/junit4238406739563525852/hadooptmp/dealer_hierarchy/temp_data/dealer_code=ZZZZ
15/09/06 13:13:47 INFO ql.Context: New scratch dir is file:/var/folders/y7/4_pz5fzx54ngcmghz3v6t3m00000gn/T/junit4238406739563525852/scratchdir/hive_2015-09-06_13-13-47_721_8710892069415460872-1
15/09/06 13:13:47 INFO log.PerfLogger: <PERFLOG method=serializePlan from=org.apache.hadoop.hive.ql.exec.Utilities>
15/09/06 13:13:47 INFO exec.Utilities: Serializing MapWork via kryo
15/09/06 13:13:47 INFO log.PerfLogger: </PERFLOG method=serializePlan start=1441563227818 end=1441563227821 duration=3 from=org.apache.hadoop.hive.ql.exec.Utilities>
15/09/06 13:13:47 INFO exec.Utilities: Setting plan: /var/folders/y7/4_pz5fzx54ngcmghz3v6t3m00000gn/T/junit4238406739563525852/scratchdir/hive_2015-09-06_13-13-47_721_8710892069415460872-1/-mr-10004/c925377e-2428-4872-ba4e-be5c0ebcd30c/map.xml
15/09/06 13:13:47 INFO log.PerfLogger: <PERFLOG method=serializePlan from=org.apache.hadoop.hive.ql.exec.Utilities>
15/09/06 13:13:47 INFO exec.Utilities: Serializing ReduceWork via kryo
15/09/06 13:13:47 INFO log.PerfLogger: </PERFLOG method=serializePlan start=1441563227821 end=1441563227826 duration=5 from=org.apache.hadoop.hive.ql.exec.Utilities>
15/09/06 13:13:47 INFO exec.Utilities: Setting plan: /var/folders/y7/4_pz5fzx54ngcmghz3v6t3m00000gn/T/junit4238406739563525852/scratchdir/hive_2015-09-06_13-13-47_721_8710892069415460872-1/-mr-10004/c925377e-2428-4872-ba4e-be5c0ebcd30c/reduce.xml
15/09/06 13:13:47 INFO jvm.JvmMetrics: Cannot initialize JVM Metrics with processName=JobTracker, sessionId= - already initialized
15/09/06 13:13:47 WARN mapred.JobClient: Use GenericOptionsParser for parsing the arguments. Applications should implement Tool for the same.
15/09/06 13:13:47 INFO log.PerfLogger: <PERFLOG method=getSplits from=org.apache.hadoop.hive.ql.io.CombineHiveInputFormat>
15/09/06 13:13:47 INFO io.CombineHiveInputFormat: CombineHiveInputSplit creating pool for file:/var/folders/y7/4_pz5fzx54ngcmghz3v6t3m00000gn/T/junit4238406739563525852/hadooptmp/dealer_hierarchy/temp_data/dealer_code=ZZZZ; using filter path file:/var/folders/y7/4_pz5fzx54ngcmghz3v6t3m00000gn/T/junit4238406739563525852/hadooptmp/dealer_hierarchy/temp_data/dealer_code=ZZZZ
15/09/06 13:13:47 INFO mapred.FileInputFormat: Total input paths to process : 1
15/09/06 13:13:47 INFO io.CombineHiveInputFormat: number of splits 1
15/09/06 13:13:47 INFO log.PerfLogger: </PERFLOG method=getSplits start=1441563227902 end=1441563227905 duration=3 from=org.apache.hadoop.hive.ql.io.CombineHiveInputFormat>
Starting Job = job_local483405790_0004, Tracking URL = http://localhost:8080/
15/09/06 13:13:47 INFO mapred.LocalJobRunner: OutputCommitter set in config org.apache.hadoop.hive.shims.HadoopShimsSecure$NullOutputCommitter
15/09/06 13:13:47 INFO exec.Task: Starting Job = job_local483405790_0004, Tracking URL = http://localhost:8080/
15/09/06 13:13:47 INFO mapred.LocalJobRunner: OutputCommitter is org.apache.hadoop.hive.shims.HadoopShimsSecure$NullOutputCommitter
Kill Command = NO_BIN! job  -kill job_local483405790_0004
15/09/06 13:13:47 INFO exec.Task: Kill Command = NO_BIN! job  -kill job_local483405790_0004
15/09/06 13:13:47 INFO mapred.LocalJobRunner: Waiting for map tasks
15/09/06 13:13:47 INFO mapred.LocalJobRunner: Starting task: attempt_local483405790_0004_m_000000_0
15/09/06 13:13:47 WARN mapreduce.Counters: Group org.apache.hadoop.mapred.Task$Counter is deprecated. Use org.apache.hadoop.mapreduce.TaskCounter instead
Hadoop job information for Stage-1: number of mappers: 0; number of reducers: 0
15/09/06 13:13:47 INFO exec.Task: Hadoop job information for Stage-1: number of mappers: 0; number of reducers: 0
15/09/06 13:13:47 WARN mapreduce.Counters: Group org.apache.hadoop.mapred.Task$Counter is deprecated. Use org.apache.hadoop.mapreduce.TaskCounter instead
2015-09-06 13:13:47,970 Stage-1 map = 0%,  reduce = 0%
15/09/06 13:13:47 INFO exec.Task: 2015-09-06 13:13:47,970 Stage-1 map = 0%,  reduce = 0%
15/09/06 13:13:47 INFO mapred.Task:  Using ResourceCalculatorPlugin : null
15/09/06 13:13:47 INFO mapred.MapTask: Processing split: Paths:/var/folders/y7/4_pz5fzx54ngcmghz3v6t3m00000gn/T/junit4238406739563525852/hadooptmp/dealer_hierarchy/temp_data/dealer_code=ZZZZ/temp_data_from_file.csv:0+626InputFormatClass: org.apache.hadoop.mapred.TextInputFormat

15/09/06 13:13:47 INFO io.HiveContextAwareRecordReader: Processing file file:/var/folders/y7/4_pz5fzx54ngcmghz3v6t3m00000gn/T/junit4238406739563525852/hadooptmp/dealer_hierarchy/temp_data/dealer_code=ZZZZ/temp_data_from_file.csv
15/09/06 13:13:47 WARN mapreduce.Counters: Counter name MAP_INPUT_BYTES is deprecated. Use FileInputFormatCounters as group name and  BYTES_READ as counter name instead
15/09/06 13:13:47 INFO mapred.MapTask: numReduceTasks: 1
15/09/06 13:13:47 INFO mapred.MapTask: Map output collector class = org.apache.hadoop.mapred.MapTask$MapOutputBuffer
15/09/06 13:13:47 INFO mapred.MapTask: io.sort.mb = 100
15/09/06 13:13:47 INFO mapred.MapTask: data buffer = 79691776/99614720
15/09/06 13:13:47 INFO mapred.MapTask: record buffer = 262144/327680
15/09/06 13:13:47 INFO mr.ExecMapper: maximum memory = 3817865216
15/09/06 13:13:47 INFO mr.ExecMapper: conf classpath = [file:/Users/hpatel/.gradle/caches/2.1/workerMain/gradle-worker.jar, file:/Users/hpatel/Tech/Projects/CAT/ddsw_dev/hive-test/build/classes/test/, file:/Users/hpatel/Tech/Projects/CAT/ddsw_dev/hive-test/build/resources/test/, file:/Users/hpatel/Tech/Projects/CAT/ddsw_dev/hive-test/build/classes/main/, file:/Users/hpatel/Tech/Projects/CAT/ddsw_dev/hive-test/build/resources/main, file:/Users/hpatel/.gradle/caches/modules-2/files-2.1/junit/junit/4.11/4e031bb61df09069aeb2bffb4019e7a5034a4ee0/junit-4.11.jar, file:/Users/hpatel/.gradle/caches/modules-2/files-2.1/com.klarna/hiverunner/1.0.0/e26bb0655fff4d88fab91f331793d9fc1db392cc/HiveRunner-1.0.0.jar, file:/Users/hpatel/Tech/Projects/CAT/ddsw_dev/custom-cat-udfs/build/libs/custom-cat-udfs-0.1.38-SNAPSHOT.jar, file:/Users/hpatel/.gradle/caches/modules-2/files-2.1/org.apache.hadoop/hadoop-client/2.5.0-cdh5.3.3/ec3cd6a8cb043e73a42918934c5d3a3f2747c78b/hadoop-client-2.5.0-cdh5.3.3.jar, file:/Users/hpatel/.gradle/caches/modules-2/files-2.1/org.hsqldb/hsqldb/2.3.1/bd7153caa30958e1c64a3dd38b93e5a7442d9a0e/hsqldb-2.3.1.jar, file:/Users/hpatel/.gradle/caches/modules-2/files-2.1/org.apache.hadoop/hadoop-core/2.5.0-mr1-cdh5.3.3/f6f4a77f818757da51ae0244310855779c04c4be/hadoop-core-2.5.0-mr1-cdh5.3.3.jar, file:/Users/hpatel/.gradle/caches/modules-2/files-2.1/org.reflections/reflections/0.9.8/f723abb59bf512952bfc503838f70f81487a6993/reflections-0.9.8.jar, file:/Users/hpatel/.gradle/caches/modules-2/files-2.1/org.mockito/mockito-core/1.10.19/e8546f5bef4e061d8dd73895b4e8f40e3fe6effe/mockito-core-1.10.19.jar, file:/Users/hpatel/.gradle/caches/modules-2/files-2.1/org.hamcrest/hamcrest-core/1.3/42a25dc3219429f0e5d060061f71acb49bf010a0/hamcrest-core-1.3.jar, file:/Users/hpatel/.gradle/caches/modules-2/files-2.1/org.pentaho/pentaho-aggdesigner-algorithm/5.1.5-jhyde/c52379c645c6c85300e645dff7c72653bf85baa2/pentaho-aggdesigner-algorithm-5.1.5-jhyde.jar, file:/Users/hpatel/.gradle/caches/modules-2/files-2.1/org.apache.hive/hive-serde/0.13.1-cdh5.3.3/9cee47c844d726e9bcef6ab292e1319b7fbddaa3/hive-serde-0.13.1-cdh5.3.3.jar, file:/Users/hpatel/.gradle/caches/modules-2/files-2.1/org.apache.hadoop/hadoop-common/2.5.0-cdh5.3.3/f0862eb1dc33c1807ea29a248af75551e3c6836a/hadoop-common-2.5.0-cdh5.3.3.jar, file:/Users/hpatel/.gradle/caches/modules-2/files-2.1/org.apache.hive/hive-contrib/0.13.1-cdh5.3.3/bf89b429c9b173ac275dc0c1623f5c30e780ee98/hive-contrib-0.13.1-cdh5.3.3.jar, file:/Users/hpatel/.gradle/caches/modules-2/files-2.1/org.datanucleus/datanucleus-core/3.2.12/3212183bb5a2826cd5ff194b9a54619dd0bdf31f/datanucleus-core-3.2.12.jar, file:/Users/hpatel/.gradle/caches/modules-2/files-2.1/org.datanucleus/datanucleus-rdbms/3.2.11/5b053144c89fdff1505b853aa7f1e5ba7657da75/datanucleus-rdbms-3.2.11.jar, file:/Users/hpatel/.gradle/caches/modules-2/files-2.1/org.datanucleus/datanucleus-api-jdo/3.2.8/efc60221fbc91e95cf5758b98c6c5531660696cb/datanucleus-api-jdo-3.2.8.jar, file:/Users/hpatel/.gradle/caches/modules-2/files-2.1/org.apache.hive/hive-shims/0.13.1-cdh5.3.3/47b029532c0b9d45526dcdd858823e6f9634ab81/hive-shims-0.13.1-cdh5.3.3.jar, file:/Users/hpatel/.gradle/caches/modules-2/files-2.1/org.apache.commons/commons-lang3/3.3.1/6738a2da2202ce360f0af90aba005c1e05a2c4cd/commons-lang3-3.3.1.jar, file:/Users/hpatel/.gradle/caches/modules-2/files-2.1/joda-time/joda-time/2.3/56498efd17752898cfcc3868c1b6211a07b12b8f/joda-time-2.3.jar, file:/Users/hpatel/.gradle/caches/modules-2/files-2.1/org.apache.hadoop/hadoop-hdfs/2.5.0-cdh5.3.3/5dd5e2be13d89a9eaab89d3a33bcdf6677671aa9/hadoop-hdfs-2.5.0-cdh5.3.3.jar, file:/Users/hpatel/.gradle/caches/modules-2/files-2.1/org.apache.hadoop/hadoop-mapreduce-client-app/2.5.0-cdh5.3.3/579948f8fa6d9d72bf507bd021fa3dcc0670e95f/hadoop-mapreduce-client-app-2.5.0-cdh5.3.3.jar, file:/Users/hpatel/.gradle/caches/modules-2/files-2.1/org.apache.hadoop/hadoop-yarn-api/2.5.0-cdh5.3.3/a6d9b4b7cbcacd000350a3e33c70269101b5fc79/hadoop-yarn-api-2.5.0-cdh5.3.3.jar, file:/Users/hpatel/.gradle/caches/modules-2/files-2.1/org.apache.hadoop/hadoop-mapreduce-client-core/2.5.0-cdh5.3.3/f2c8eaa2b8a5839a7781f04cf59c4d1abfefec9e/hadoop-mapreduce-client-core-2.5.0-cdh5.3.3.jar, file:/Users/hpatel/.gradle/caches/modules-2/files-2.1/org.apache.hadoop/hadoop-mapreduce-client-jobclient/2.5.0-cdh5.3.3/f8baecab9a91245a97e29e4867a7f5ae128ef8a9/hadoop-mapreduce-client-jobclient-2.5.0-cdh5.3.3.jar, file:/Users/hpatel/.gradle/caches/modules-2/files-2.1/org.apache.hadoop/hadoop-aws/2.5.0-cdh5.3.3/f712d9cf59c859914254bed5c87ee4e5a2204e78/hadoop-aws-2.5.0-cdh5.3.3.jar, file:/Users/hpatel/.gradle/caches/modules-2/files-2.1/org.apache.hadoop/hadoop-annotations/2.5.0-cdh5.3.3/e3b40743127d82ff7a6f263d00419368a46ce608/hadoop-annotations-2.5.0-cdh5.3.3.jar, file:/Users/hpatel/.gradle/caches/modules-2/files-2.1/commons-collections/commons-collections/3.2.1/761ea405b9b37ced573d2df0d1e3a4e0f9edc668/commons-collections-3.2.1.jar, file:/Users/hpatel/.gradle/caches/modules-2/files-2.1/commons-configuration/commons-configuration/1.6/32cadde23955d7681b0d94a2715846d20b425235/commons-configuration-1.6.jar, file:/Users/hpatel/.gradle/caches/modules-2/files-2.1/jline/jline/0.9.94/99a18e9a44834afdebc467294e1138364c207402/jline-0.9.94.jar, file:/Users/hpatel/.gradle/caches/modules-2/files-2.1/commons-cli/commons-cli/1.2/2bf96b7aa8b611c177d329452af1dc933e14501c/commons-cli-1.2.jar, file:/Users/hpatel/.gradle/caches/modules-2/files-2.1/xmlenc/xmlenc/0.52/d82554efbe65906d83b3d97bd7509289e9db561a/xmlenc-0.52.jar, file:/Users/hpatel/.gradle/caches/modules-2/files-2.1/commons-httpclient/commons-httpclient/3.1/964cd74171f427720480efdec40a7c7f6e58426a/commons-httpclient-3.1.jar, file:/Users/hpatel/.gradle/caches/modules-2/files-2.1/commons-net/commons-net/3.1/2298164a7c2484406f2aa5ac85b205d39019896f/commons-net-3.1.jar, file:/Users/hpatel/.gradle/caches/modules-2/files-2.1/tomcat/jasper-runtime/5.5.23/96ca5528a93ab47b001476b74320c644beb89dde/jasper-runtime-5.5.23.jar, file:/Users/hpatel/.gradle/caches/modules-2/files-2.1/tomcat/jasper-compiler/5.5.23/6d35bd7fb8c4fbc1f5401fb3678aa976d2e4c241/jasper-compiler-5.5.23.jar, file:/Users/hpatel/.gradle/caches/modules-2/files-2.1/javax.servlet.jsp/jsp-api/2.1/63f943103f250ef1f3a4d5e94d145a0f961f5316/jsp-api-2.1.jar, file:/Users/hpatel/.gradle/caches/modules-2/files-2.1/commons-el/commons-el/1.0/1df2c042b3f2de0124750241ac6c886dbfa2cc2c/commons-el-1.0.jar, file:/Users/hpatel/.gradle/caches/modules-2/files-2.1/javax.servlet/servlet-api/2.5/5959582d97d8b61f4d154ca9e495aafd16726e34/servlet-api-2.5.jar, file:/Users/hpatel/.gradle/caches/modules-2/files-2.1/hsqldb/hsqldb/1.8.0.10/7e9978fdb754bce5fcd5161133e7734ecb683036/hsqldb-1.8.0.10.jar, file:/Users/hpatel/.gradle/caches/modules-2/files-2.1/org.eclipse.jdt/core/3.1.1/88c83ce444cf46d02494da37c9fa1eebc9ce9cea/core-3.1.1.jar, file:/Users/hpatel/.gradle/caches/modules-2/files-2.1/javassist/javassist/3.12.1.GA/526633327faa61aee448a519e8a4d53ec3057885/javassist-3.12.1.GA.jar, file:/Users/hpatel/.gradle/caches/modules-2/files-2.1/dom4j/dom4j/1.6.1/5d3ccc056b6f056dbf0dddfdf43894b9065a8f94/dom4j-1.6.1.jar, file:/Users/hpatel/.gradle/caches/modules-2/files-2.1/org.objenesis/objenesis/2.1/87c0ea803b69252868d09308b4618f766f135a96/objenesis-2.1.jar, file:/Users/hpatel/.gradle/caches/modules-2/files-2.1/commons-logging/commons-logging/1.1.3/f6f66e966c70a83ffbdb6f17a0919eaf7c8aca7f/commons-logging-1.1.3.jar, file:/Users/hpatel/.gradle/caches/modules-2/files-2.1/org.apache.hive/hive-common/0.13.1-cdh5.3.3/e3fbf24d30a553c50ae4d4eed23f81b0e1211c5a/hive-common-0.13.1-cdh5.3.3.jar, file:/Users/hpatel/.gradle/caches/modules-2/files-2.1/org.apache.avro/avro/1.7.6-cdh5.3.3/6d90271293977d199ed07002bf35e2805405cc64/avro-1.7.6-cdh5.3.3.jar, file:/Users/hpatel/.gradle/caches/modules-2/files-2.1/net.sf.opencsv/opencsv/2.3/c23708cdb9e80a144db433e23344a788a1fd6599/opencsv-2.3.jar, file:/Users/hpatel/.gradle/caches/modules-2/files-2.1/com.sun.jersey/jersey-servlet/1.14/4b87041a59ee152757b62e47a21d5b63fde20ffe/jersey-servlet-1.14.jar, file:/Users/hpatel/.gradle/caches/modules-2/files-2.1/org.slf4j/slf4j-log4j12/1.7.5/6edffc576ce104ec769d954618764f39f0f0f10d/slf4j-log4j12-1.7.5.jar, file:/Users/hpatel/.gradle/caches/modules-2/files-2.1/org.apache.commons/commons-math3/3.1.1/6719d757a98ff24a83d9d727bef9cec83f59b6e1/commons-math3-3.1.1.jar, file:/Users/hpatel/.gradle/caches/modules-2/files-2.1/commons-io/commons-io/2.4/b1b6ea3b7e4aa4f492509a4952029cd8e48019ad/commons-io-2.4.jar, file:/Users/hpatel/.gradle/caches/modules-2/files-2.1/com.sun.jersey/jersey-json/1.9/1aa73e1896bcc7013fed247157d7f676226eb432/jersey-json-1.9.jar, file:/Users/hpatel/.gradle/caches/modules-2/files-2.1/log4j/log4j/1.2.17/5af35056b4d257e4b64b9e8069c0746e8b08629f/log4j-1.2.17.jar, file:/Users/hpatel/.gradle/caches/modules-2/files-2.1/com.google.code.gson/gson/2.2.4/a60a5e993c98c864010053cb901b7eab25306568/gson-2.2.4.jar, file:/Users/hpatel/.gradle/caches/modules-2/files-2.1/org.apache.hadoop/hadoop-auth/2.5.0-cdh5.3.3/847eb288da72acfdd7d202da5149dec6cd20ceba/hadoop-auth-2.5.0-cdh5.3.3.jar, file:/Users/hpatel/.gradle/caches/modules-2/files-2.1/com.jcraft/jsch/0.1.42/a86104b0f2e0c0bab5b0df836065823a99b5e334/jsch-0.1.42.jar, file:/Users/hpatel/.gradle/caches/modules-2/files-2.1/org.apache.curator/curator-client/2.6.0/b9007c357ad1a78066fc6004e8b1feaa2318f6f3/curator-client-2.6.0.jar, file:/Users/hpatel/.gradle/caches/modules-2/files-2.1/org.apache.curator/curator-recipes/2.6.0/8736b0fc42e6bf006d585fe85c90aaa4ade5cbef/curator-recipes-2.6.0.jar, file:/Users/hpatel/.gradle/caches/modules-2/files-2.1/com.google.code.findbugs/jsr305/1.3.9/40719ea6961c0cb6afaeb6a921eaa1f6afd4cfdf/jsr305-1.3.9.jar, file:/Users/hpatel/.gradle/caches/modules-2/files-2.1/org.apache.commons/commons-compress/1.4.1/b02e84a993d88568417536240e970c4b809126fd/commons-compress-1.4.1.jar, file:/Users/hpatel/.gradle/caches/modules-2/files-2.1/org.apache.hive.shims/hive-shims-common/0.13.1-cdh5.3.3/3d9e5245018fbde18f52c4ab25fc35afdec2fc0a/hive-shims-common-0.13.1-cdh5.3.3.jar, file:/Users/hpatel/.gradle/caches/modules-2/files-2.1/org.apache.hive.shims/hive-shims-common-secure/0.13.1-cdh5.3.3/6b29a16b2a41b89bdbbc681c257ad7f766a90bcb/hive-shims-common-secure-0.13.1-cdh5.3.3.jar, file:/Users/hpatel/.gradle/caches/modules-2/files-2.1/org.apache.hive.shims/hive-shims-0.23/0.13.1-cdh5.3.3/7ab834955a767af200d1d9151c204751637d9ca9/hive-shims-0.23-0.13.1-cdh5.3.3.jar, file:/Users/hpatel/.gradle/caches/modules-2/files-2.1/org.apache.hive.shims/hive-shims-scheduler/0.13.1-cdh5.3.3/b6644420b74f936a838f7f3fd2fa19c19add0449/hive-shims-scheduler-0.13.1-cdh5.3.3.jar, file:/Users/hpatel/.gradle/caches/modules-2/files-2.1/org.apache.hadoop/hadoop-mapreduce-client-common/2.5.0-cdh5.3.3/f0d777bb76ca9f540c0c81a45934f0f5cf9975b8/hadoop-mapreduce-client-common-2.5.0-cdh5.3.3.jar, file:/Users/hpatel/.gradle/caches/modules-2/files-2.1/org.apache.hadoop/hadoop-mapreduce-client-shuffle/2.5.0-cdh5.3.3/b6c4316f6fcc406edf7e5bd77c50e46034ad5519/hadoop-mapreduce-client-shuffle-2.5.0-cdh5.3.3.jar, file:/Users/hpatel/.gradle/caches/modules-2/files-2.1/org.apache.hadoop/hadoop-yarn-common/2.5.0-cdh5.3.3/9499713b674eae1aa714fcd0e95e0d09daaf3824/hadoop-yarn-common-2.5.0-cdh5.3.3.jar, file:/Users/hpatel/.gradle/caches/modules-2/files-2.1/com.fasterxml.jackson.core/jackson-databind/2.2.3/3ae380888029daefb91d3ecdca3a37d8cb92bc9/jackson-databind-2.2.3.jar, file:/Users/hpatel/.gradle/caches/modules-2/files-2.1/com.fasterxml.jackson.core/jackson-annotations/2.2.3/527fece4f23a457070a36c371a26d6c0208e1c3/jackson-annotations-2.2.3.jar, file:/Users/hpatel/.gradle/caches/modules-2/files-2.1/com.amazonaws/aws-java-sdk/1.7.4/2c24ccb6f1ab845a7df971951d4b41c709a6517d/aws-java-sdk-1.7.4.jar, file:/Users/hpatel/.gradle/caches/modules-2/files-2.1/commons-digester/commons-digester/1.8/dc6a73fdbd1fa3f0944e8497c6c872fa21dca37e/commons-digester-1.8.jar, file:/Users/hpatel/.gradle/caches/modules-2/files-2.1/commons-beanutils/commons-beanutils-core/1.8.0/175dc721f87e4bc5cc0573f990e28c3cf9117508/commons-beanutils-core-1.8.0.jar, file:/Users/hpatel/.gradle/caches/modules-2/files-2.1/xml-apis/xml-apis/1.0.b2/3136ca936f64c9d68529f048c2618bd356bf85c9/xml-apis-1.0.b2.jar, file:/Users/hpatel/.gradle/caches/modules-2/files-2.1/com.thoughtworks.paranamer/paranamer/2.3/4a85963a752c0a2f715c3924bfc686865e7e1bc6/paranamer-2.3.jar, file:/Users/hpatel/.gradle/caches/modules-2/files-2.1/org.xerial.snappy/snappy-java/1.0.5/10cb4550360a0ec6b80f09a5209d00b6058e82bf/snappy-java-1.0.5.jar, file:/Users/hpatel/.gradle/caches/modules-2/files-2.1/org.codehaus.jettison/jettison/1.1/1a01a2a1218fcf9faa2cc2a6ced025bdea687262/jettison-1.1.jar, file:/Users/hpatel/.gradle/caches/modules-2/files-2.1/com.sun.xml.bind/jaxb-impl/2.2.3-1/56baae106392040a45a06d4a41099173425da1e6/jaxb-impl-2.2.3-1.jar, file:/Users/hpatel/.gradle/caches/modules-2/files-2.1/org.apache.directory.server/apacheds-kerberos-codec/2.0.0-M15/1c16e4e477183641c5f0dd5cdecd27ec331bacb5/apacheds-kerberos-codec-2.0.0-M15.jar, file:/Users/hpatel/.gradle/caches/modules-2/files-2.1/org.apache.curator/curator-framework/2.6.0/81a699c39d127b5b4ff97cc77da7650b53e5b5ed/curator-framework-2.6.0.jar, file:/Users/hpatel/.gradle/caches/modules-2/files-2.1/org.tukaani/xz/1.0/ecff5cb8b1189514c9d1d8d68eb77ac372e000c9/xz-1.0.jar, file:/Users/hpatel/.gradle/caches/modules-2/files-2.1/org.apache.hadoop/hadoop-yarn-client/2.5.0-cdh5.3.3/2d2ce5d0138d02b20aefcfc1ee8dd6f691911f63/hadoop-yarn-client-2.5.0-cdh5.3.3.jar, file:/Users/hpatel/.gradle/caches/modules-2/files-2.1/org.apache.hadoop/hadoop-yarn-server-common/2.5.0-cdh5.3.3/d099fcc19f56d477fa6b5b47ae4e06bb97538778/hadoop-yarn-server-common-2.5.0-cdh5.3.3.jar, file:/Users/hpatel/.gradle/caches/modules-2/files-2.1/org.apache.hadoop/hadoop-yarn-server-nodemanager/2.5.0-cdh5.3.3/278b2d7a6454ce57a94ab02a88c0b188afc8facc/hadoop-yarn-server-nodemanager-2.5.0-cdh5.3.3.jar, file:/Users/hpatel/.gradle/caches/modules-2/files-2.1/org.fusesource.leveldbjni/leveldbjni-all/1.8/707350a2eeb1fa2ed77a32ddb3893ed308e941db/leveldbjni-all-1.8.jar, file:/Users/hpatel/.gradle/caches/modules-2/files-2.1/javax.xml.bind/jaxb-api/2.2.2/aeb3021ca93dde265796d82015beecdcff95bf09/jaxb-api-2.2.2.jar, file:/Users/hpatel/.gradle/caches/modules-2/files-2.1/com.google.inject/guice/3.0/9d84f15fe35e2c716a02979fb62f50a29f38aefa/guice-3.0.jar, file:/Users/hpatel/.gradle/caches/modules-2/files-2.1/com.sun.jersey.contribs/jersey-guice/1.9/5963c28c47df7e5d6ad34cec80c071c368777f7b/jersey-guice-1.9.jar, file:/Users/hpatel/.gradle/caches/modules-2/files-2.1/com.fasterxml.jackson.core/jackson-core/2.2.3/1a0113da2cab5f4c216b4e5e7c1dbfaa67087e14/jackson-core-2.2.3.jar, file:/Users/hpatel/.gradle/caches/modules-2/files-2.1/commons-beanutils/commons-beanutils/1.7.0/5675fd96b29656504b86029551973d60fb41339b/commons-beanutils-1.7.0.jar, file:/Users/hpatel/.gradle/caches/modules-2/files-2.1/org.apache.directory.server/apacheds-i18n/2.0.0-M15/71c61c84683152ec2a6a65f3f96fe534e304fa22/apacheds-i18n-2.0.0-M15.jar, file:/Users/hpatel/.gradle/caches/modules-2/files-2.1/org.apache.directory.api/api-asn1-api/1.0.0-M20/5e6486ffa3125ba44dc410ead166e1d6ba8ac76d/api-asn1-api-1.0.0-M20.jar, file:/Users/hpatel/.gradle/caches/modules-2/files-2.1/org.apache.directory.api/api-util/1.0.0-M20/a871abf060b3cf83fc6dc4d7e3d151fce50ac3cb/api-util-1.0.0-M20.jar, file:/Users/hpatel/.gradle/caches/modules-2/files-2.1/com.sun.jersey/jersey-client/1.9/d3c4b2b5f89db32c96ceddcb863684821910a7bb/jersey-client-1.9.jar, file:/Users/hpatel/.gradle/caches/modules-2/files-2.1/javax.xml.stream/stax-api/1.0-2/d6337b0de8b25e53e81b922352fbea9f9f57ba0b/stax-api-1.0-2.jar, file:/Users/hpatel/.gradle/caches/modules-2/files-2.1/javax.activation/activation/1.1/e6cb541461c2834bdea3eb920f1884d1eb508b50/activation-1.1.jar, file:/Users/hpatel/.gradle/caches/modules-2/files-2.1/javax.inject/javax.inject/1/6975da39a7040257bd51d21a231b76c915872d38/javax.inject-1.jar, file:/Users/hpatel/.gradle/caches/modules-2/files-2.1/aopalliance/aopalliance/1.0/235ba8b489512805ac13a8f9ea77a1ca5ebe3e8/aopalliance-1.0.jar, file:/Users/hpatel/.gradle/caches/modules-2/files-2.1/org.sonatype.sisu.inject/cglib/2.2.1-v20090111/7ce5e983fd0e6c78346f4c9cbfa39d83049dda2/cglib-2.2.1-v20090111.jar, file:/Users/hpatel/.gradle/caches/modules-2/files-2.1/asm/asm/3.1/c157def142714c544bdea2e6144645702adf7097/asm-3.1.jar, file:/Users/hpatel/.gradle/caches/modules-2/files-2.1/org.apache.hive/hive-service/0.13.1-cdh5.3.3/c7979b4213bfb62823d43ba726e0fea58032dd1e/hive-service-0.13.1-cdh5.3.3.jar, file:/Users/hpatel/.gradle/caches/modules-2/files-2.1/net.sf.jpam/jpam/1.1/cb3d91c2dfda767518a371dbb02edfd6a4aa0600/jpam-1.1.jar, file:/Users/hpatel/.gradle/caches/modules-2/files-2.1/org.eclipse.jetty.aggregate/jetty-all/7.6.0.v20120127/47bb68e3837e5c6422138dd1e0d4d75c60dce87a/jetty-all-7.6.0.v20120127.jar, file:/Users/hpatel/.gradle/caches/modules-2/files-2.1/org.apache.thrift/libfb303/0.9.0/639bd69767fdbd7f658ce8233248fe1cea635164/libfb303-0.9.0.jar, file:/Users/hpatel/.gradle/caches/modules-2/files-2.1/org.apache.geronimo.specs/geronimo-jta_1.1_spec/1.1.1/aabab3165b8ea936b9360abbf448459c0d04a5a4/geronimo-jta_1.1_spec-1.1.1.jar, file:/Users/hpatel/.gradle/caches/modules-2/files-2.1/javax.mail/mail/1.4.1/8b7bc69010655425dabf091b51d1e90b4de36715/mail-1.4.1.jar, file:/Users/hpatel/.gradle/caches/modules-2/files-2.1/org.apache.geronimo.specs/geronimo-jaspic_1.0_spec/1.0/44b95be7dae1147716dce5336419eafade880756/geronimo-jaspic_1.0_spec-1.0.jar, file:/Users/hpatel/.gradle/caches/modules-2/files-2.1/org.apache.geronimo.specs/geronimo-annotation_1.0_spec/1.1.1/47caa799389f69d297b86bf90523d431599c3796/geronimo-annotation_1.0_spec-1.1.1.jar, file:/Users/hpatel/.gradle/caches/modules-2/files-2.1/asm/asm-commons/3.1/1b607fbfe7889c6fdff1b7c16439ade0a60869ac/asm-commons-3.1.jar, file:/Users/hpatel/.gradle/caches/modules-2/files-2.1/asm/asm-tree/3.1/c9a5d4334ddf194ea492f22107d45119a5c5322f/asm-tree-3.1.jar, file:/Users/hpatel/.gradle/caches/modules-2/files-2.1/commons-lang/commons-lang/2.6/ce1edb914c94ebc388f086c6827e8bdeec71ac2/commons-lang-2.6.jar, file:/Users/hpatel/.gradle/caches/modules-2/files-2.1/org.mortbay.jetty/jetty/6.1.26.cloudera.4/d59325a5ff8ff18f7543bc3fbb9d5efa0c0ff521/jetty-6.1.26.cloudera.4.jar, file:/Users/hpatel/.gradle/caches/modules-2/files-2.1/org.mortbay.jetty/jetty-util/6.1.26.cloudera.4/b8507b7c5d3fd9a3d01775272cbf1a63f530c19d/jetty-util-6.1.26.cloudera.4.jar, file:/Users/hpatel/.gradle/caches/modules-2/files-2.1/net.java.dev.jets3t/jets3t/0.9.0/792bc96ee7e57b89f472aa0cb5a31015b9f59c96/jets3t-0.9.0.jar, file:/Users/hpatel/.gradle/caches/modules-2/files-2.1/com.jamesmurty.utils/java-xmlbuilder/0.4/ac5962e48cdee3a0a6e1f8e00fcb594747ac5aaf/java-xmlbuilder-0.4.jar, file:/Users/hpatel/.gradle/caches/modules-2/files-2.1/com.google.protobuf/protobuf-java/2.5.0/a10732c76bfacdbd633a7eb0f7968b1059a65dfa/protobuf-java-2.5.0.jar, file:/Users/hpatel/.gradle/caches/modules-2/files-2.1/org.apache.hive/hive-exec/0.13.1-cdh5.3.3/4d935274127f47dd9c0875efcf317ba49aef1219/hive-exec-0.13.1-cdh5.3.3.jar, file:/Users/hpatel/.gradle/caches/modules-2/files-2.1/org.apache.hive/hive-ant/0.13.1-cdh5.3.3/86954e92a903253177cd6935798c50a6c32b7b81/hive-ant-0.13.1-cdh5.3.3.jar, file:/Users/hpatel/.gradle/caches/modules-2/files-2.1/org.antlr/antlr-runtime/3.4/8f011408269a8e42b8548687e137d8eeb56df4b4/antlr-runtime-3.4.jar, file:/Users/hpatel/.gradle/caches/modules-2/files-2.1/org.antlr/ST4/4.0.4/467a2aa12be6d0f0f68c70eecf6714ab733027ac/ST4-4.0.4.jar, file:/Users/hpatel/.gradle/caches/modules-2/files-2.1/org.apache.ant/ant/1.9.1/35900c96dbebc85dcfbd71f4661059ebcf93c077/ant-1.9.1.jar, file:/Users/hpatel/.gradle/caches/modules-2/files-2.1/org.codehaus.groovy/groovy-all/2.1.6/165b8246372a829c1915611646f6d964010656cf/groovy-all-2.1.6.jar, file:/Users/hpatel/.gradle/caches/modules-2/files-2.1/stax/stax-api/1.0.1/49c100caf72d658aca8e58bd74a4ba90fa2b0d70/stax-api-1.0.1.jar, file:/Users/hpatel/.gradle/caches/modules-2/files-2.1/org.apache.velocity/velocity/1.5/9f306baf7523ffc0e81a6353d08a584d254133b/velocity-1.5.jar, file:/Users/hpatel/.gradle/caches/modules-2/files-2.1/org.antlr/stringtemplate/3.2.1/59ec8083721eae215c6f3caee944c410d2be34de/stringtemplate-3.2.1.jar, file:/Users/hpatel/.gradle/caches/modules-2/files-2.1/antlr/antlr/2.7.7/83cd2cd674a217ade95a4bb83a8a14f351f48bd0/antlr-2.7.7.jar, file:/Users/hpatel/.gradle/caches/modules-2/files-2.1/org.apache.ant/ant-launcher/1.9.1/7c71043ca185eaada9e36391dd022d92859327de/ant-launcher-1.9.1.jar, file:/Users/hpatel/.gradle/caches/modules-2/files-2.1/oro/oro/2.0.8/5592374f834645c4ae250f4c9fbb314c9369d698/oro-2.0.8.jar, file:/Users/hpatel/.gradle/caches/modules-2/files-2.1/org.codehaus.jackson/jackson-core-asl/1.9.13/3c304d70f42f832e0a86d45bd437f692129299a4/jackson-core-asl-1.9.13.jar, file:/Users/hpatel/.gradle/caches/modules-2/files-2.1/org.codehaus.jackson/jackson-mapper-asl/1.9.13/1ee2f2bed0e5dd29d1cb155a166e6f8d50bbddb7/jackson-mapper-asl-1.9.13.jar, file:/Users/hpatel/.gradle/caches/modules-2/files-2.1/org.slf4j/slf4j-api/1.7.6/562424e36df3d2327e8e9301a76027fca17d54ea/slf4j-api-1.7.6.jar, file:/Users/hpatel/.gradle/caches/modules-2/files-2.1/com.sun.jersey/jersey-server/1.14/b1a21724c9b708ed54d42d41bb19ff45ae1d49d9/jersey-server-1.14.jar, file:/Users/hpatel/.gradle/caches/modules-2/files-2.1/org.apache.httpcomponents/httpclient/4.2.5/666e26e76f2e87d84e4f16acb546481ae1b8e9a6/httpclient-4.2.5.jar, file:/Users/hpatel/.gradle/caches/modules-2/files-2.1/org.apache.zookeeper/zookeeper/3.4.6/1b2502e29da1ebaade2357cd1de35a855fa3755/zookeeper-3.4.6.jar, file:/Users/hpatel/.gradle/caches/modules-2/files-2.1/com.google.guava/guava/16.0.1/5fa98cd1a63c99a44dd8d3b77e4762b066a5d0c5/guava-16.0.1.jar, file:/Users/hpatel/.gradle/caches/modules-2/files-2.1/org.codehaus.jackson/jackson-jaxrs/1.8.8/71b16055388e9bd3991c3c3834e8e55098b789f1/jackson-jaxrs-1.8.8.jar, file:/Users/hpatel/.gradle/caches/modules-2/files-2.1/org.codehaus.jackson/jackson-xc/1.8.8/52efa08bc1e4cfea168f552b9e3088297d9d0926/jackson-xc-1.8.8.jar, file:/Users/hpatel/.gradle/caches/modules-2/files-2.1/org.apache.hive/hive-metastore/0.13.1-cdh5.3.3/ca93686a17f064a5ab6587799721cddd7836e53a/hive-metastore-0.13.1-cdh5.3.3.jar, file:/Users/hpatel/.gradle/caches/modules-2/files-2.1/com.jolbox/bonecp/0.8.0.RELEASE/cec24ee9345b3678472bb1b8fdd6aa6b9428beb8/bonecp-0.8.0.RELEASE.jar, file:/Users/hpatel/.gradle/caches/modules-2/files-2.1/org.apache.derby/derby/10.10.1.1/9f6f910f0373adc1b23c10f9b4bb151b7e7449f/derby-10.10.1.1.jar, file:/Users/hpatel/.gradle/caches/modules-2/files-2.1/javax.jdo/jdo-api/3.0.1/58e7a538e020b73871e232eeb064835fd98a492/jdo-api-3.0.1.jar, file:/Users/hpatel/.gradle/caches/modules-2/files-2.1/javax.transaction/jta/1.1/2ca09f0b36ca7d71b762e14ea2ff09d5eac57558/jta-1.1.jar, file:/Users/hpatel/.gradle/caches/modules-2/files-2.1/org.apache.thrift/libthrift/0.9.0/9ba8df332b5db95ce7f3b7a83e44d796c3d014d3/libthrift-0.9.0.jar, file:/Users/hpatel/.gradle/caches/modules-2/files-2.1/org.apache.httpcomponents/httpcore/4.2.4/3b7f38df6de5dd8b500e602ae8c2dd5ee446f883/httpcore-4.2.4.jar, file:/Users/hpatel/.gradle/caches/modules-2/files-2.1/com.sun.jersey/jersey-core/1.14/693061de8b9b352b11e997b1dd4052677778852d/jersey-core-1.14.jar, file:/Users/hpatel/.gradle/caches/modules-2/files-2.1/commons-codec/commons-codec/1.6/b7f0fc8f61ecadeb3695f0b9464755eee44374d4/commons-codec-1.6.jar, file:/Users/hpatel/.gradle/caches/modules-2/files-2.1/io.netty/netty/3.7.0.Final/7a8c35599c68c0bf383df74469aa3e03d9aca87/netty-3.7.0.Final.jar]
15/09/06 13:13:47 INFO mr.ExecMapper: thread classpath = [file:/Users/hpatel/.gradle/caches/2.1/workerMain/gradle-worker.jar, file:/Users/hpatel/Tech/Projects/CAT/ddsw_dev/hive-test/build/classes/test/, file:/Users/hpatel/Tech/Projects/CAT/ddsw_dev/hive-test/build/resources/test/, file:/Users/hpatel/Tech/Projects/CAT/ddsw_dev/hive-test/build/classes/main/, file:/Users/hpatel/Tech/Projects/CAT/ddsw_dev/hive-test/build/resources/main, file:/Users/hpatel/.gradle/caches/modules-2/files-2.1/junit/junit/4.11/4e031bb61df09069aeb2bffb4019e7a5034a4ee0/junit-4.11.jar, file:/Users/hpatel/.gradle/caches/modules-2/files-2.1/com.klarna/hiverunner/1.0.0/e26bb0655fff4d88fab91f331793d9fc1db392cc/HiveRunner-1.0.0.jar, file:/Users/hpatel/Tech/Projects/CAT/ddsw_dev/custom-cat-udfs/build/libs/custom-cat-udfs-0.1.38-SNAPSHOT.jar, file:/Users/hpatel/.gradle/caches/modules-2/files-2.1/org.apache.hadoop/hadoop-client/2.5.0-cdh5.3.3/ec3cd6a8cb043e73a42918934c5d3a3f2747c78b/hadoop-client-2.5.0-cdh5.3.3.jar, file:/Users/hpatel/.gradle/caches/modules-2/files-2.1/org.hsqldb/hsqldb/2.3.1/bd7153caa30958e1c64a3dd38b93e5a7442d9a0e/hsqldb-2.3.1.jar, file:/Users/hpatel/.gradle/caches/modules-2/files-2.1/org.apache.hadoop/hadoop-core/2.5.0-mr1-cdh5.3.3/f6f4a77f818757da51ae0244310855779c04c4be/hadoop-core-2.5.0-mr1-cdh5.3.3.jar, file:/Users/hpatel/.gradle/caches/modules-2/files-2.1/org.reflections/reflections/0.9.8/f723abb59bf512952bfc503838f70f81487a6993/reflections-0.9.8.jar, file:/Users/hpatel/.gradle/caches/modules-2/files-2.1/org.mockito/mockito-core/1.10.19/e8546f5bef4e061d8dd73895b4e8f40e3fe6effe/mockito-core-1.10.19.jar, file:/Users/hpatel/.gradle/caches/modules-2/files-2.1/org.hamcrest/hamcrest-core/1.3/42a25dc3219429f0e5d060061f71acb49bf010a0/hamcrest-core-1.3.jar, file:/Users/hpatel/.gradle/caches/modules-2/files-2.1/org.pentaho/pentaho-aggdesigner-algorithm/5.1.5-jhyde/c52379c645c6c85300e645dff7c72653bf85baa2/pentaho-aggdesigner-algorithm-5.1.5-jhyde.jar, file:/Users/hpatel/.gradle/caches/modules-2/files-2.1/org.apache.hive/hive-serde/0.13.1-cdh5.3.3/9cee47c844d726e9bcef6ab292e1319b7fbddaa3/hive-serde-0.13.1-cdh5.3.3.jar, file:/Users/hpatel/.gradle/caches/modules-2/files-2.1/org.apache.hadoop/hadoop-common/2.5.0-cdh5.3.3/f0862eb1dc33c1807ea29a248af75551e3c6836a/hadoop-common-2.5.0-cdh5.3.3.jar, file:/Users/hpatel/.gradle/caches/modules-2/files-2.1/org.apache.hive/hive-contrib/0.13.1-cdh5.3.3/bf89b429c9b173ac275dc0c1623f5c30e780ee98/hive-contrib-0.13.1-cdh5.3.3.jar, file:/Users/hpatel/.gradle/caches/modules-2/files-2.1/org.datanucleus/datanucleus-core/3.2.12/3212183bb5a2826cd5ff194b9a54619dd0bdf31f/datanucleus-core-3.2.12.jar, file:/Users/hpatel/.gradle/caches/modules-2/files-2.1/org.datanucleus/datanucleus-rdbms/3.2.11/5b053144c89fdff1505b853aa7f1e5ba7657da75/datanucleus-rdbms-3.2.11.jar, file:/Users/hpatel/.gradle/caches/modules-2/files-2.1/org.datanucleus/datanucleus-api-jdo/3.2.8/efc60221fbc91e95cf5758b98c6c5531660696cb/datanucleus-api-jdo-3.2.8.jar, file:/Users/hpatel/.gradle/caches/modules-2/files-2.1/org.apache.hive/hive-shims/0.13.1-cdh5.3.3/47b029532c0b9d45526dcdd858823e6f9634ab81/hive-shims-0.13.1-cdh5.3.3.jar, file:/Users/hpatel/.gradle/caches/modules-2/files-2.1/org.apache.commons/commons-lang3/3.3.1/6738a2da2202ce360f0af90aba005c1e05a2c4cd/commons-lang3-3.3.1.jar, file:/Users/hpatel/.gradle/caches/modules-2/files-2.1/joda-time/joda-time/2.3/56498efd17752898cfcc3868c1b6211a07b12b8f/joda-time-2.3.jar, file:/Users/hpatel/.gradle/caches/modules-2/files-2.1/org.apache.hadoop/hadoop-hdfs/2.5.0-cdh5.3.3/5dd5e2be13d89a9eaab89d3a33bcdf6677671aa9/hadoop-hdfs-2.5.0-cdh5.3.3.jar, file:/Users/hpatel/.gradle/caches/modules-2/files-2.1/org.apache.hadoop/hadoop-mapreduce-client-app/2.5.0-cdh5.3.3/579948f8fa6d9d72bf507bd021fa3dcc0670e95f/hadoop-mapreduce-client-app-2.5.0-cdh5.3.3.jar, file:/Users/hpatel/.gradle/caches/modules-2/files-2.1/org.apache.hadoop/hadoop-yarn-api/2.5.0-cdh5.3.3/a6d9b4b7cbcacd000350a3e33c70269101b5fc79/hadoop-yarn-api-2.5.0-cdh5.3.3.jar, file:/Users/hpatel/.gradle/caches/modules-2/files-2.1/org.apache.hadoop/hadoop-mapreduce-client-core/2.5.0-cdh5.3.3/f2c8eaa2b8a5839a7781f04cf59c4d1abfefec9e/hadoop-mapreduce-client-core-2.5.0-cdh5.3.3.jar, file:/Users/hpatel/.gradle/caches/modules-2/files-2.1/org.apache.hadoop/hadoop-mapreduce-client-jobclient/2.5.0-cdh5.3.3/f8baecab9a91245a97e29e4867a7f5ae128ef8a9/hadoop-mapreduce-client-jobclient-2.5.0-cdh5.3.3.jar, file:/Users/hpatel/.gradle/caches/modules-2/files-2.1/org.apache.hadoop/hadoop-aws/2.5.0-cdh5.3.3/f712d9cf59c859914254bed5c87ee4e5a2204e78/hadoop-aws-2.5.0-cdh5.3.3.jar, file:/Users/hpatel/.gradle/caches/modules-2/files-2.1/org.apache.hadoop/hadoop-annotations/2.5.0-cdh5.3.3/e3b40743127d82ff7a6f263d00419368a46ce608/hadoop-annotations-2.5.0-cdh5.3.3.jar, file:/Users/hpatel/.gradle/caches/modules-2/files-2.1/commons-collections/commons-collections/3.2.1/761ea405b9b37ced573d2df0d1e3a4e0f9edc668/commons-collections-3.2.1.jar, file:/Users/hpatel/.gradle/caches/modules-2/files-2.1/commons-configuration/commons-configuration/1.6/32cadde23955d7681b0d94a2715846d20b425235/commons-configuration-1.6.jar, file:/Users/hpatel/.gradle/caches/modules-2/files-2.1/jline/jline/0.9.94/99a18e9a44834afdebc467294e1138364c207402/jline-0.9.94.jar, file:/Users/hpatel/.gradle/caches/modules-2/files-2.1/commons-cli/commons-cli/1.2/2bf96b7aa8b611c177d329452af1dc933e14501c/commons-cli-1.2.jar, file:/Users/hpatel/.gradle/caches/modules-2/files-2.1/xmlenc/xmlenc/0.52/d82554efbe65906d83b3d97bd7509289e9db561a/xmlenc-0.52.jar, file:/Users/hpatel/.gradle/caches/modules-2/files-2.1/commons-httpclient/commons-httpclient/3.1/964cd74171f427720480efdec40a7c7f6e58426a/commons-httpclient-3.1.jar, file:/Users/hpatel/.gradle/caches/modules-2/files-2.1/commons-net/commons-net/3.1/2298164a7c2484406f2aa5ac85b205d39019896f/commons-net-3.1.jar, file:/Users/hpatel/.gradle/caches/modules-2/files-2.1/tomcat/jasper-runtime/5.5.23/96ca5528a93ab47b001476b74320c644beb89dde/jasper-runtime-5.5.23.jar, file:/Users/hpatel/.gradle/caches/modules-2/files-2.1/tomcat/jasper-compiler/5.5.23/6d35bd7fb8c4fbc1f5401fb3678aa976d2e4c241/jasper-compiler-5.5.23.jar, file:/Users/hpatel/.gradle/caches/modules-2/files-2.1/javax.servlet.jsp/jsp-api/2.1/63f943103f250ef1f3a4d5e94d145a0f961f5316/jsp-api-2.1.jar, file:/Users/hpatel/.gradle/caches/modules-2/files-2.1/commons-el/commons-el/1.0/1df2c042b3f2de0124750241ac6c886dbfa2cc2c/commons-el-1.0.jar, file:/Users/hpatel/.gradle/caches/modules-2/files-2.1/javax.servlet/servlet-api/2.5/5959582d97d8b61f4d154ca9e495aafd16726e34/servlet-api-2.5.jar, file:/Users/hpatel/.gradle/caches/modules-2/files-2.1/hsqldb/hsqldb/1.8.0.10/7e9978fdb754bce5fcd5161133e7734ecb683036/hsqldb-1.8.0.10.jar, file:/Users/hpatel/.gradle/caches/modules-2/files-2.1/org.eclipse.jdt/core/3.1.1/88c83ce444cf46d02494da37c9fa1eebc9ce9cea/core-3.1.1.jar, file:/Users/hpatel/.gradle/caches/modules-2/files-2.1/javassist/javassist/3.12.1.GA/526633327faa61aee448a519e8a4d53ec3057885/javassist-3.12.1.GA.jar, file:/Users/hpatel/.gradle/caches/modules-2/files-2.1/dom4j/dom4j/1.6.1/5d3ccc056b6f056dbf0dddfdf43894b9065a8f94/dom4j-1.6.1.jar, file:/Users/hpatel/.gradle/caches/modules-2/files-2.1/org.objenesis/objenesis/2.1/87c0ea803b69252868d09308b4618f766f135a96/objenesis-2.1.jar, file:/Users/hpatel/.gradle/caches/modules-2/files-2.1/commons-logging/commons-logging/1.1.3/f6f66e966c70a83ffbdb6f17a0919eaf7c8aca7f/commons-logging-1.1.3.jar, file:/Users/hpatel/.gradle/caches/modules-2/files-2.1/org.apache.hive/hive-common/0.13.1-cdh5.3.3/e3fbf24d30a553c50ae4d4eed23f81b0e1211c5a/hive-common-0.13.1-cdh5.3.3.jar, file:/Users/hpatel/.gradle/caches/modules-2/files-2.1/org.apache.avro/avro/1.7.6-cdh5.3.3/6d90271293977d199ed07002bf35e2805405cc64/avro-1.7.6-cdh5.3.3.jar, file:/Users/hpatel/.gradle/caches/modules-2/files-2.1/net.sf.opencsv/opencsv/2.3/c23708cdb9e80a144db433e23344a788a1fd6599/opencsv-2.3.jar, file:/Users/hpatel/.gradle/caches/modules-2/files-2.1/com.sun.jersey/jersey-servlet/1.14/4b87041a59ee152757b62e47a21d5b63fde20ffe/jersey-servlet-1.14.jar, file:/Users/hpatel/.gradle/caches/modules-2/files-2.1/org.slf4j/slf4j-log4j12/1.7.5/6edffc576ce104ec769d954618764f39f0f0f10d/slf4j-log4j12-1.7.5.jar, file:/Users/hpatel/.gradle/caches/modules-2/files-2.1/org.apache.commons/commons-math3/3.1.1/6719d757a98ff24a83d9d727bef9cec83f59b6e1/commons-math3-3.1.1.jar, file:/Users/hpatel/.gradle/caches/modules-2/files-2.1/commons-io/commons-io/2.4/b1b6ea3b7e4aa4f492509a4952029cd8e48019ad/commons-io-2.4.jar, file:/Users/hpatel/.gradle/caches/modules-2/files-2.1/com.sun.jersey/jersey-json/1.9/1aa73e1896bcc7013fed247157d7f676226eb432/jersey-json-1.9.jar, file:/Users/hpatel/.gradle/caches/modules-2/files-2.1/log4j/log4j/1.2.17/5af35056b4d257e4b64b9e8069c0746e8b08629f/log4j-1.2.17.jar, file:/Users/hpatel/.gradle/caches/modules-2/files-2.1/com.google.code.gson/gson/2.2.4/a60a5e993c98c864010053cb901b7eab25306568/gson-2.2.4.jar, file:/Users/hpatel/.gradle/caches/modules-2/files-2.1/org.apache.hadoop/hadoop-auth/2.5.0-cdh5.3.3/847eb288da72acfdd7d202da5149dec6cd20ceba/hadoop-auth-2.5.0-cdh5.3.3.jar, file:/Users/hpatel/.gradle/caches/modules-2/files-2.1/com.jcraft/jsch/0.1.42/a86104b0f2e0c0bab5b0df836065823a99b5e334/jsch-0.1.42.jar, file:/Users/hpatel/.gradle/caches/modules-2/files-2.1/org.apache.curator/curator-client/2.6.0/b9007c357ad1a78066fc6004e8b1feaa2318f6f3/curator-client-2.6.0.jar, file:/Users/hpatel/.gradle/caches/modules-2/files-2.1/org.apache.curator/curator-recipes/2.6.0/8736b0fc42e6bf006d585fe85c90aaa4ade5cbef/curator-recipes-2.6.0.jar, file:/Users/hpatel/.gradle/caches/modules-2/files-2.1/com.google.code.findbugs/jsr305/1.3.9/40719ea6961c0cb6afaeb6a921eaa1f6afd4cfdf/jsr305-1.3.9.jar, file:/Users/hpatel/.gradle/caches/modules-2/files-2.1/org.apache.commons/commons-compress/1.4.1/b02e84a993d88568417536240e970c4b809126fd/commons-compress-1.4.1.jar, file:/Users/hpatel/.gradle/caches/modules-2/files-2.1/org.apache.hive.shims/hive-shims-common/0.13.1-cdh5.3.3/3d9e5245018fbde18f52c4ab25fc35afdec2fc0a/hive-shims-common-0.13.1-cdh5.3.3.jar, file:/Users/hpatel/.gradle/caches/modules-2/files-2.1/org.apache.hive.shims/hive-shims-common-secure/0.13.1-cdh5.3.3/6b29a16b2a41b89bdbbc681c257ad7f766a90bcb/hive-shims-common-secure-0.13.1-cdh5.3.3.jar, file:/Users/hpatel/.gradle/caches/modules-2/files-2.1/org.apache.hive.shims/hive-shims-0.23/0.13.1-cdh5.3.3/7ab834955a767af200d1d9151c204751637d9ca9/hive-shims-0.23-0.13.1-cdh5.3.3.jar, file:/Users/hpatel/.gradle/caches/modules-2/files-2.1/org.apache.hive.shims/hive-shims-scheduler/0.13.1-cdh5.3.3/b6644420b74f936a838f7f3fd2fa19c19add0449/hive-shims-scheduler-0.13.1-cdh5.3.3.jar, file:/Users/hpatel/.gradle/caches/modules-2/files-2.1/org.apache.hadoop/hadoop-mapreduce-client-common/2.5.0-cdh5.3.3/f0d777bb76ca9f540c0c81a45934f0f5cf9975b8/hadoop-mapreduce-client-common-2.5.0-cdh5.3.3.jar, file:/Users/hpatel/.gradle/caches/modules-2/files-2.1/org.apache.hadoop/hadoop-mapreduce-client-shuffle/2.5.0-cdh5.3.3/b6c4316f6fcc406edf7e5bd77c50e46034ad5519/hadoop-mapreduce-client-shuffle-2.5.0-cdh5.3.3.jar, file:/Users/hpatel/.gradle/caches/modules-2/files-2.1/org.apache.hadoop/hadoop-yarn-common/2.5.0-cdh5.3.3/9499713b674eae1aa714fcd0e95e0d09daaf3824/hadoop-yarn-common-2.5.0-cdh5.3.3.jar, file:/Users/hpatel/.gradle/caches/modules-2/files-2.1/com.fasterxml.jackson.core/jackson-databind/2.2.3/3ae380888029daefb91d3ecdca3a37d8cb92bc9/jackson-databind-2.2.3.jar, file:/Users/hpatel/.gradle/caches/modules-2/files-2.1/com.fasterxml.jackson.core/jackson-annotations/2.2.3/527fece4f23a457070a36c371a26d6c0208e1c3/jackson-annotations-2.2.3.jar, file:/Users/hpatel/.gradle/caches/modules-2/files-2.1/com.amazonaws/aws-java-sdk/1.7.4/2c24ccb6f1ab845a7df971951d4b41c709a6517d/aws-java-sdk-1.7.4.jar, file:/Users/hpatel/.gradle/caches/modules-2/files-2.1/commons-digester/commons-digester/1.8/dc6a73fdbd1fa3f0944e8497c6c872fa21dca37e/commons-digester-1.8.jar, file:/Users/hpatel/.gradle/caches/modules-2/files-2.1/commons-beanutils/commons-beanutils-core/1.8.0/175dc721f87e4bc5cc0573f990e28c3cf9117508/commons-beanutils-core-1.8.0.jar, file:/Users/hpatel/.gradle/caches/modules-2/files-2.1/xml-apis/xml-apis/1.0.b2/3136ca936f64c9d68529f048c2618bd356bf85c9/xml-apis-1.0.b2.jar, file:/Users/hpatel/.gradle/caches/modules-2/files-2.1/com.thoughtworks.paranamer/paranamer/2.3/4a85963a752c0a2f715c3924bfc686865e7e1bc6/paranamer-2.3.jar, file:/Users/hpatel/.gradle/caches/modules-2/files-2.1/org.xerial.snappy/snappy-java/1.0.5/10cb4550360a0ec6b80f09a5209d00b6058e82bf/snappy-java-1.0.5.jar, file:/Users/hpatel/.gradle/caches/modules-2/files-2.1/org.codehaus.jettison/jettison/1.1/1a01a2a1218fcf9faa2cc2a6ced025bdea687262/jettison-1.1.jar, file:/Users/hpatel/.gradle/caches/modules-2/files-2.1/com.sun.xml.bind/jaxb-impl/2.2.3-1/56baae106392040a45a06d4a41099173425da1e6/jaxb-impl-2.2.3-1.jar, file:/Users/hpatel/.gradle/caches/modules-2/files-2.1/org.apache.directory.server/apacheds-kerberos-codec/2.0.0-M15/1c16e4e477183641c5f0dd5cdecd27ec331bacb5/apacheds-kerberos-codec-2.0.0-M15.jar, file:/Users/hpatel/.gradle/caches/modules-2/files-2.1/org.apache.curator/curator-framework/2.6.0/81a699c39d127b5b4ff97cc77da7650b53e5b5ed/curator-framework-2.6.0.jar, file:/Users/hpatel/.gradle/caches/modules-2/files-2.1/org.tukaani/xz/1.0/ecff5cb8b1189514c9d1d8d68eb77ac372e000c9/xz-1.0.jar, file:/Users/hpatel/.gradle/caches/modules-2/files-2.1/org.apache.hadoop/hadoop-yarn-client/2.5.0-cdh5.3.3/2d2ce5d0138d02b20aefcfc1ee8dd6f691911f63/hadoop-yarn-client-2.5.0-cdh5.3.3.jar, file:/Users/hpatel/.gradle/caches/modules-2/files-2.1/org.apache.hadoop/hadoop-yarn-server-common/2.5.0-cdh5.3.3/d099fcc19f56d477fa6b5b47ae4e06bb97538778/hadoop-yarn-server-common-2.5.0-cdh5.3.3.jar, file:/Users/hpatel/.gradle/caches/modules-2/files-2.1/org.apache.hadoop/hadoop-yarn-server-nodemanager/2.5.0-cdh5.3.3/278b2d7a6454ce57a94ab02a88c0b188afc8facc/hadoop-yarn-server-nodemanager-2.5.0-cdh5.3.3.jar, file:/Users/hpatel/.gradle/caches/modules-2/files-2.1/org.fusesource.leveldbjni/leveldbjni-all/1.8/707350a2eeb1fa2ed77a32ddb3893ed308e941db/leveldbjni-all-1.8.jar, file:/Users/hpatel/.gradle/caches/modules-2/files-2.1/javax.xml.bind/jaxb-api/2.2.2/aeb3021ca93dde265796d82015beecdcff95bf09/jaxb-api-2.2.2.jar, file:/Users/hpatel/.gradle/caches/modules-2/files-2.1/com.google.inject/guice/3.0/9d84f15fe35e2c716a02979fb62f50a29f38aefa/guice-3.0.jar, file:/Users/hpatel/.gradle/caches/modules-2/files-2.1/com.sun.jersey.contribs/jersey-guice/1.9/5963c28c47df7e5d6ad34cec80c071c368777f7b/jersey-guice-1.9.jar, file:/Users/hpatel/.gradle/caches/modules-2/files-2.1/com.fasterxml.jackson.core/jackson-core/2.2.3/1a0113da2cab5f4c216b4e5e7c1dbfaa67087e14/jackson-core-2.2.3.jar, file:/Users/hpatel/.gradle/caches/modules-2/files-2.1/commons-beanutils/commons-beanutils/1.7.0/5675fd96b29656504b86029551973d60fb41339b/commons-beanutils-1.7.0.jar, file:/Users/hpatel/.gradle/caches/modules-2/files-2.1/org.apache.directory.server/apacheds-i18n/2.0.0-M15/71c61c84683152ec2a6a65f3f96fe534e304fa22/apacheds-i18n-2.0.0-M15.jar, file:/Users/hpatel/.gradle/caches/modules-2/files-2.1/org.apache.directory.api/api-asn1-api/1.0.0-M20/5e6486ffa3125ba44dc410ead166e1d6ba8ac76d/api-asn1-api-1.0.0-M20.jar, file:/Users/hpatel/.gradle/caches/modules-2/files-2.1/org.apache.directory.api/api-util/1.0.0-M20/a871abf060b3cf83fc6dc4d7e3d151fce50ac3cb/api-util-1.0.0-M20.jar, file:/Users/hpatel/.gradle/caches/modules-2/files-2.1/com.sun.jersey/jersey-client/1.9/d3c4b2b5f89db32c96ceddcb863684821910a7bb/jersey-client-1.9.jar, file:/Users/hpatel/.gradle/caches/modules-2/files-2.1/javax.xml.stream/stax-api/1.0-2/d6337b0de8b25e53e81b922352fbea9f9f57ba0b/stax-api-1.0-2.jar, file:/Users/hpatel/.gradle/caches/modules-2/files-2.1/javax.activation/activation/1.1/e6cb541461c2834bdea3eb920f1884d1eb508b50/activation-1.1.jar, file:/Users/hpatel/.gradle/caches/modules-2/files-2.1/javax.inject/javax.inject/1/6975da39a7040257bd51d21a231b76c915872d38/javax.inject-1.jar, file:/Users/hpatel/.gradle/caches/modules-2/files-2.1/aopalliance/aopalliance/1.0/235ba8b489512805ac13a8f9ea77a1ca5ebe3e8/aopalliance-1.0.jar, file:/Users/hpatel/.gradle/caches/modules-2/files-2.1/org.sonatype.sisu.inject/cglib/2.2.1-v20090111/7ce5e983fd0e6c78346f4c9cbfa39d83049dda2/cglib-2.2.1-v20090111.jar, file:/Users/hpatel/.gradle/caches/modules-2/files-2.1/asm/asm/3.1/c157def142714c544bdea2e6144645702adf7097/asm-3.1.jar, file:/Users/hpatel/.gradle/caches/modules-2/files-2.1/org.apache.hive/hive-service/0.13.1-cdh5.3.3/c7979b4213bfb62823d43ba726e0fea58032dd1e/hive-service-0.13.1-cdh5.3.3.jar, file:/Users/hpatel/.gradle/caches/modules-2/files-2.1/net.sf.jpam/jpam/1.1/cb3d91c2dfda767518a371dbb02edfd6a4aa0600/jpam-1.1.jar, file:/Users/hpatel/.gradle/caches/modules-2/files-2.1/org.eclipse.jetty.aggregate/jetty-all/7.6.0.v20120127/47bb68e3837e5c6422138dd1e0d4d75c60dce87a/jetty-all-7.6.0.v20120127.jar, file:/Users/hpatel/.gradle/caches/modules-2/files-2.1/org.apache.thrift/libfb303/0.9.0/639bd69767fdbd7f658ce8233248fe1cea635164/libfb303-0.9.0.jar, file:/Users/hpatel/.gradle/caches/modules-2/files-2.1/org.apache.geronimo.specs/geronimo-jta_1.1_spec/1.1.1/aabab3165b8ea936b9360abbf448459c0d04a5a4/geronimo-jta_1.1_spec-1.1.1.jar, file:/Users/hpatel/.gradle/caches/modules-2/files-2.1/javax.mail/mail/1.4.1/8b7bc69010655425dabf091b51d1e90b4de36715/mail-1.4.1.jar, file:/Users/hpatel/.gradle/caches/modules-2/files-2.1/org.apache.geronimo.specs/geronimo-jaspic_1.0_spec/1.0/44b95be7dae1147716dce5336419eafade880756/geronimo-jaspic_1.0_spec-1.0.jar, file:/Users/hpatel/.gradle/caches/modules-2/files-2.1/org.apache.geronimo.specs/geronimo-annotation_1.0_spec/1.1.1/47caa799389f69d297b86bf90523d431599c3796/geronimo-annotation_1.0_spec-1.1.1.jar, file:/Users/hpatel/.gradle/caches/modules-2/files-2.1/asm/asm-commons/3.1/1b607fbfe7889c6fdff1b7c16439ade0a60869ac/asm-commons-3.1.jar, file:/Users/hpatel/.gradle/caches/modules-2/files-2.1/asm/asm-tree/3.1/c9a5d4334ddf194ea492f22107d45119a5c5322f/asm-tree-3.1.jar, file:/Users/hpatel/.gradle/caches/modules-2/files-2.1/commons-lang/commons-lang/2.6/ce1edb914c94ebc388f086c6827e8bdeec71ac2/commons-lang-2.6.jar, file:/Users/hpatel/.gradle/caches/modules-2/files-2.1/org.mortbay.jetty/jetty/6.1.26.cloudera.4/d59325a5ff8ff18f7543bc3fbb9d5efa0c0ff521/jetty-6.1.26.cloudera.4.jar, file:/Users/hpatel/.gradle/caches/modules-2/files-2.1/org.mortbay.jetty/jetty-util/6.1.26.cloudera.4/b8507b7c5d3fd9a3d01775272cbf1a63f530c19d/jetty-util-6.1.26.cloudera.4.jar, file:/Users/hpatel/.gradle/caches/modules-2/files-2.1/net.java.dev.jets3t/jets3t/0.9.0/792bc96ee7e57b89f472aa0cb5a31015b9f59c96/jets3t-0.9.0.jar, file:/Users/hpatel/.gradle/caches/modules-2/files-2.1/com.jamesmurty.utils/java-xmlbuilder/0.4/ac5962e48cdee3a0a6e1f8e00fcb594747ac5aaf/java-xmlbuilder-0.4.jar, file:/Users/hpatel/.gradle/caches/modules-2/files-2.1/com.google.protobuf/protobuf-java/2.5.0/a10732c76bfacdbd633a7eb0f7968b1059a65dfa/protobuf-java-2.5.0.jar, file:/Users/hpatel/.gradle/caches/modules-2/files-2.1/org.apache.hive/hive-exec/0.13.1-cdh5.3.3/4d935274127f47dd9c0875efcf317ba49aef1219/hive-exec-0.13.1-cdh5.3.3.jar, file:/Users/hpatel/.gradle/caches/modules-2/files-2.1/org.apache.hive/hive-ant/0.13.1-cdh5.3.3/86954e92a903253177cd6935798c50a6c32b7b81/hive-ant-0.13.1-cdh5.3.3.jar, file:/Users/hpatel/.gradle/caches/modules-2/files-2.1/org.antlr/antlr-runtime/3.4/8f011408269a8e42b8548687e137d8eeb56df4b4/antlr-runtime-3.4.jar, file:/Users/hpatel/.gradle/caches/modules-2/files-2.1/org.antlr/ST4/4.0.4/467a2aa12be6d0f0f68c70eecf6714ab733027ac/ST4-4.0.4.jar, file:/Users/hpatel/.gradle/caches/modules-2/files-2.1/org.apache.ant/ant/1.9.1/35900c96dbebc85dcfbd71f4661059ebcf93c077/ant-1.9.1.jar, file:/Users/hpatel/.gradle/caches/modules-2/files-2.1/org.codehaus.groovy/groovy-all/2.1.6/165b8246372a829c1915611646f6d964010656cf/groovy-all-2.1.6.jar, file:/Users/hpatel/.gradle/caches/modules-2/files-2.1/stax/stax-api/1.0.1/49c100caf72d658aca8e58bd74a4ba90fa2b0d70/stax-api-1.0.1.jar, file:/Users/hpatel/.gradle/caches/modules-2/files-2.1/org.apache.velocity/velocity/1.5/9f306baf7523ffc0e81a6353d08a584d254133b/velocity-1.5.jar, file:/Users/hpatel/.gradle/caches/modules-2/files-2.1/org.antlr/stringtemplate/3.2.1/59ec8083721eae215c6f3caee944c410d2be34de/stringtemplate-3.2.1.jar, file:/Users/hpatel/.gradle/caches/modules-2/files-2.1/antlr/antlr/2.7.7/83cd2cd674a217ade95a4bb83a8a14f351f48bd0/antlr-2.7.7.jar, file:/Users/hpatel/.gradle/caches/modules-2/files-2.1/org.apache.ant/ant-launcher/1.9.1/7c71043ca185eaada9e36391dd022d92859327de/ant-launcher-1.9.1.jar, file:/Users/hpatel/.gradle/caches/modules-2/files-2.1/oro/oro/2.0.8/5592374f834645c4ae250f4c9fbb314c9369d698/oro-2.0.8.jar, file:/Users/hpatel/.gradle/caches/modules-2/files-2.1/org.codehaus.jackson/jackson-core-asl/1.9.13/3c304d70f42f832e0a86d45bd437f692129299a4/jackson-core-asl-1.9.13.jar, file:/Users/hpatel/.gradle/caches/modules-2/files-2.1/org.codehaus.jackson/jackson-mapper-asl/1.9.13/1ee2f2bed0e5dd29d1cb155a166e6f8d50bbddb7/jackson-mapper-asl-1.9.13.jar, file:/Users/hpatel/.gradle/caches/modules-2/files-2.1/org.slf4j/slf4j-api/1.7.6/562424e36df3d2327e8e9301a76027fca17d54ea/slf4j-api-1.7.6.jar, file:/Users/hpatel/.gradle/caches/modules-2/files-2.1/com.sun.jersey/jersey-server/1.14/b1a21724c9b708ed54d42d41bb19ff45ae1d49d9/jersey-server-1.14.jar, file:/Users/hpatel/.gradle/caches/modules-2/files-2.1/org.apache.httpcomponents/httpclient/4.2.5/666e26e76f2e87d84e4f16acb546481ae1b8e9a6/httpclient-4.2.5.jar, file:/Users/hpatel/.gradle/caches/modules-2/files-2.1/org.apache.zookeeper/zookeeper/3.4.6/1b2502e29da1ebaade2357cd1de35a855fa3755/zookeeper-3.4.6.jar, file:/Users/hpatel/.gradle/caches/modules-2/files-2.1/com.google.guava/guava/16.0.1/5fa98cd1a63c99a44dd8d3b77e4762b066a5d0c5/guava-16.0.1.jar, file:/Users/hpatel/.gradle/caches/modules-2/files-2.1/org.codehaus.jackson/jackson-jaxrs/1.8.8/71b16055388e9bd3991c3c3834e8e55098b789f1/jackson-jaxrs-1.8.8.jar, file:/Users/hpatel/.gradle/caches/modules-2/files-2.1/org.codehaus.jackson/jackson-xc/1.8.8/52efa08bc1e4cfea168f552b9e3088297d9d0926/jackson-xc-1.8.8.jar, file:/Users/hpatel/.gradle/caches/modules-2/files-2.1/org.apache.hive/hive-metastore/0.13.1-cdh5.3.3/ca93686a17f064a5ab6587799721cddd7836e53a/hive-metastore-0.13.1-cdh5.3.3.jar, file:/Users/hpatel/.gradle/caches/modules-2/files-2.1/com.jolbox/bonecp/0.8.0.RELEASE/cec24ee9345b3678472bb1b8fdd6aa6b9428beb8/bonecp-0.8.0.RELEASE.jar, file:/Users/hpatel/.gradle/caches/modules-2/files-2.1/org.apache.derby/derby/10.10.1.1/9f6f910f0373adc1b23c10f9b4bb151b7e7449f/derby-10.10.1.1.jar, file:/Users/hpatel/.gradle/caches/modules-2/files-2.1/javax.jdo/jdo-api/3.0.1/58e7a538e020b73871e232eeb064835fd98a492/jdo-api-3.0.1.jar, file:/Users/hpatel/.gradle/caches/modules-2/files-2.1/javax.transaction/jta/1.1/2ca09f0b36ca7d71b762e14ea2ff09d5eac57558/jta-1.1.jar, file:/Users/hpatel/.gradle/caches/modules-2/files-2.1/org.apache.thrift/libthrift/0.9.0/9ba8df332b5db95ce7f3b7a83e44d796c3d014d3/libthrift-0.9.0.jar, file:/Users/hpatel/.gradle/caches/modules-2/files-2.1/org.apache.httpcomponents/httpcore/4.2.4/3b7f38df6de5dd8b500e602ae8c2dd5ee446f883/httpcore-4.2.4.jar, file:/Users/hpatel/.gradle/caches/modules-2/files-2.1/com.sun.jersey/jersey-core/1.14/693061de8b9b352b11e997b1dd4052677778852d/jersey-core-1.14.jar, file:/Users/hpatel/.gradle/caches/modules-2/files-2.1/commons-codec/commons-codec/1.6/b7f0fc8f61ecadeb3695f0b9464755eee44374d4/commons-codec-1.6.jar, file:/Users/hpatel/.gradle/caches/modules-2/files-2.1/io.netty/netty/3.7.0.Final/7a8c35599c68c0bf383df74469aa3e03d9aca87/netty-3.7.0.Final.jar]
15/09/06 13:13:47 INFO mr.ObjectCache: Ignoring retrieval request: __MAP_PLAN__
15/09/06 13:13:47 INFO mr.ObjectCache: Ignoring cache key: __MAP_PLAN__
15/09/06 13:13:47 INFO exec.MapOperator: dump TS struct<file_name:string,gen_id:string,dms_system:string,dms_version:string,transmit_ts:string,orig_transmit_ts:string,transmit_by:string,record_status:string,dealer_updt_ind:string,store_number:string,part_type:string,store_name:string,inventory_store_number:string,cat_emrg_dealer_code:string,cat_stock_dealer_code:string,stock_replen_store_number:string,stock_replen_lead_time:string,lst_updt_ts:string,orig_lst_updt_ts:string,lst_updt_by_id:string,file_ins_ts:string,orig_file_ins_ts:string,exp_stock_plan_lead_time:string,dealer_code:string>
15/09/06 13:13:47 INFO mr.ExecMapper: 
<MAP>Id =52
  <Children>
    <TS>Id =42
      <Children>
        <SEL>Id =44
          <Children>
            <GBY>Id =45
              <Children>
                <RS>Id =46
                  <Children>
                  <\Children>
                  <Parent>Id = 45 null<\Parent>
                <\RS>
              <\Children>
              <Parent>Id = 44 null<\Parent>
            <\GBY>
          <\Children>
          <Parent>Id = 42 null<\Parent>
        <\SEL>
      <\Children>
      <Parent>Id = 52 null<\Parent>
    <\TS>
  <\Children>
  <Parent><\Parent>
<\MAP>
15/09/06 13:13:47 INFO exec.MapOperator: Initializing Self 52 MAP
15/09/06 13:13:47 INFO exec.TableScanOperator: Initializing Self 42 TS
15/09/06 13:13:47 INFO exec.TableScanOperator: Operator 42 TS initialized
15/09/06 13:13:47 INFO exec.TableScanOperator: Initializing children of 42 TS
15/09/06 13:13:47 INFO exec.SelectOperator: Initializing child 44 SEL
15/09/06 13:13:47 INFO exec.SelectOperator: Initializing Self 44 SEL
15/09/06 13:13:47 INFO exec.SelectOperator: SELECT struct<file_name:string,gen_id:string,dms_system:string,dms_version:string,transmit_ts:string,orig_transmit_ts:string,transmit_by:string,record_status:string,dealer_updt_ind:string,store_number:string,part_type:string,store_name:string,inventory_store_number:string,cat_emrg_dealer_code:string,cat_stock_dealer_code:string,stock_replen_store_number:string,stock_replen_lead_time:string,lst_updt_ts:string,orig_lst_updt_ts:string,lst_updt_by_id:string,file_ins_ts:string,orig_file_ins_ts:string,exp_stock_plan_lead_time:string,dealer_code:string>
15/09/06 13:13:47 INFO exec.SelectOperator: Operator 44 SEL initialized
15/09/06 13:13:47 INFO exec.SelectOperator: Initializing children of 44 SEL
15/09/06 13:13:47 INFO exec.GroupByOperator: Initializing child 45 GBY
15/09/06 13:13:47 INFO exec.GroupByOperator: Initializing Self 45 GBY
15/09/06 13:13:47 INFO exec.GroupByOperator: Operator 45 GBY initialized
15/09/06 13:13:47 INFO exec.GroupByOperator: Initializing children of 45 GBY
15/09/06 13:13:47 INFO exec.ReduceSinkOperator: Initializing child 46 RS
15/09/06 13:13:47 INFO exec.ReduceSinkOperator: Initializing Self 46 RS
15/09/06 13:13:47 INFO exec.ReduceSinkOperator: Using tag = -1
15/09/06 13:13:47 INFO exec.ReduceSinkOperator: Operator 46 RS initialized
15/09/06 13:13:47 INFO exec.ReduceSinkOperator: Initialization Done 46 RS
15/09/06 13:13:47 INFO exec.GroupByOperator: Initialization Done 45 GBY
15/09/06 13:13:47 INFO exec.SelectOperator: Initialization Done 44 SEL
15/09/06 13:13:47 INFO exec.TableScanOperator: Initialization Done 42 TS
15/09/06 13:13:47 INFO exec.MapOperator: Initialization Done 52 MAP
15/09/06 13:13:47 INFO exec.MapOperator: Processing alias dealer_hierarchy_temp_data for file file:/var/folders/y7/4_pz5fzx54ngcmghz3v6t3m00000gn/T/junit4238406739563525852/hadooptmp/dealer_hierarchy/temp_data/dealer_code=ZZZZ
15/09/06 13:13:47 INFO mr.ExecMapper: ExecMapper: processing 1 rows: used memory = 358983304
15/09/06 13:13:47 INFO exec.MapOperator: 52 finished. closing... 
15/09/06 13:13:47 INFO exec.MapOperator: DESERIALIZE_ERRORS:0
15/09/06 13:13:47 INFO exec.TableScanOperator: 42 finished. closing... 
15/09/06 13:13:47 INFO exec.SelectOperator: 44 finished. closing... 
15/09/06 13:13:47 INFO exec.GroupByOperator: 45 finished. closing... 
15/09/06 13:13:47 INFO exec.GroupByOperator: Begin Hash Table flush: size = 1
15/09/06 13:13:47 INFO exec.ReduceSinkOperator: 46 finished. closing... 
15/09/06 13:13:47 INFO exec.ReduceSinkOperator: 46 Close done
15/09/06 13:13:47 INFO exec.GroupByOperator: 45 Close done
15/09/06 13:13:47 INFO exec.SelectOperator: 44 Close done
15/09/06 13:13:47 INFO exec.TableScanOperator: 42 Close done
15/09/06 13:13:47 INFO exec.MapOperator: 52 Close done
15/09/06 13:13:47 INFO mr.ExecMapper: ExecMapper: processed 3 rows: used memory = 358983304
15/09/06 13:13:47 INFO mapred.MapTask: Starting flush of map output
15/09/06 13:13:47 INFO mapred.MapTask: Finished spill 0
15/09/06 13:13:47 INFO mapred.Task: Task:attempt_local483405790_0004_m_000000_0 is done. And is in the process of commiting
15/09/06 13:13:47 INFO mapred.LocalJobRunner: file:/var/folders/y7/4_pz5fzx54ngcmghz3v6t3m00000gn/T/junit4238406739563525852/hadooptmp/dealer_hierarchy/temp_data/dealer_code=ZZZZ/temp_data_from_file.csv:0+626
15/09/06 13:13:47 INFO mapred.Task: Task 'attempt_local483405790_0004_m_000000_0' done.
15/09/06 13:13:47 INFO mapred.LocalJobRunner: Finishing task: attempt_local483405790_0004_m_000000_0
15/09/06 13:13:47 INFO mapred.LocalJobRunner: Map task executor complete.
15/09/06 13:13:47 WARN mapreduce.Counters: Group org.apache.hadoop.mapred.Task$Counter is deprecated. Use org.apache.hadoop.mapreduce.TaskCounter instead
2015-09-06 13:13:47,997 Stage-1 map = 100%,  reduce = 0%
15/09/06 13:13:47 INFO exec.Task: 2015-09-06 13:13:47,997 Stage-1 map = 100%,  reduce = 0%
15/09/06 13:13:47 INFO mapred.Task:  Using ResourceCalculatorPlugin : null
15/09/06 13:13:47 INFO mapred.LocalJobRunner: 
15/09/06 13:13:48 INFO mapred.Merger: Merging 1 sorted segments
15/09/06 13:13:48 INFO mapred.Merger: Down to the last merge-pass, with 1 segments left of total size: 15 bytes
15/09/06 13:13:48 INFO mapred.LocalJobRunner: 
15/09/06 13:13:48 INFO ExecReducer: maximum memory = 3817865216
15/09/06 13:13:48 INFO ExecReducer: conf classpath = [file:/Users/hpatel/.gradle/caches/2.1/workerMain/gradle-worker.jar, file:/Users/hpatel/Tech/Projects/CAT/ddsw_dev/hive-test/build/classes/test/, file:/Users/hpatel/Tech/Projects/CAT/ddsw_dev/hive-test/build/resources/test/, file:/Users/hpatel/Tech/Projects/CAT/ddsw_dev/hive-test/build/classes/main/, file:/Users/hpatel/Tech/Projects/CAT/ddsw_dev/hive-test/build/resources/main, file:/Users/hpatel/.gradle/caches/modules-2/files-2.1/junit/junit/4.11/4e031bb61df09069aeb2bffb4019e7a5034a4ee0/junit-4.11.jar, file:/Users/hpatel/.gradle/caches/modules-2/files-2.1/com.klarna/hiverunner/1.0.0/e26bb0655fff4d88fab91f331793d9fc1db392cc/HiveRunner-1.0.0.jar, file:/Users/hpatel/Tech/Projects/CAT/ddsw_dev/custom-cat-udfs/build/libs/custom-cat-udfs-0.1.38-SNAPSHOT.jar, file:/Users/hpatel/.gradle/caches/modules-2/files-2.1/org.apache.hadoop/hadoop-client/2.5.0-cdh5.3.3/ec3cd6a8cb043e73a42918934c5d3a3f2747c78b/hadoop-client-2.5.0-cdh5.3.3.jar, file:/Users/hpatel/.gradle/caches/modules-2/files-2.1/org.hsqldb/hsqldb/2.3.1/bd7153caa30958e1c64a3dd38b93e5a7442d9a0e/hsqldb-2.3.1.jar, file:/Users/hpatel/.gradle/caches/modules-2/files-2.1/org.apache.hadoop/hadoop-core/2.5.0-mr1-cdh5.3.3/f6f4a77f818757da51ae0244310855779c04c4be/hadoop-core-2.5.0-mr1-cdh5.3.3.jar, file:/Users/hpatel/.gradle/caches/modules-2/files-2.1/org.reflections/reflections/0.9.8/f723abb59bf512952bfc503838f70f81487a6993/reflections-0.9.8.jar, file:/Users/hpatel/.gradle/caches/modules-2/files-2.1/org.mockito/mockito-core/1.10.19/e8546f5bef4e061d8dd73895b4e8f40e3fe6effe/mockito-core-1.10.19.jar, file:/Users/hpatel/.gradle/caches/modules-2/files-2.1/org.hamcrest/hamcrest-core/1.3/42a25dc3219429f0e5d060061f71acb49bf010a0/hamcrest-core-1.3.jar, file:/Users/hpatel/.gradle/caches/modules-2/files-2.1/org.pentaho/pentaho-aggdesigner-algorithm/5.1.5-jhyde/c52379c645c6c85300e645dff7c72653bf85baa2/pentaho-aggdesigner-algorithm-5.1.5-jhyde.jar, file:/Users/hpatel/.gradle/caches/modules-2/files-2.1/org.apache.hive/hive-serde/0.13.1-cdh5.3.3/9cee47c844d726e9bcef6ab292e1319b7fbddaa3/hive-serde-0.13.1-cdh5.3.3.jar, file:/Users/hpatel/.gradle/caches/modules-2/files-2.1/org.apache.hadoop/hadoop-common/2.5.0-cdh5.3.3/f0862eb1dc33c1807ea29a248af75551e3c6836a/hadoop-common-2.5.0-cdh5.3.3.jar, file:/Users/hpatel/.gradle/caches/modules-2/files-2.1/org.apache.hive/hive-contrib/0.13.1-cdh5.3.3/bf89b429c9b173ac275dc0c1623f5c30e780ee98/hive-contrib-0.13.1-cdh5.3.3.jar, file:/Users/hpatel/.gradle/caches/modules-2/files-2.1/org.datanucleus/datanucleus-core/3.2.12/3212183bb5a2826cd5ff194b9a54619dd0bdf31f/datanucleus-core-3.2.12.jar, file:/Users/hpatel/.gradle/caches/modules-2/files-2.1/org.datanucleus/datanucleus-rdbms/3.2.11/5b053144c89fdff1505b853aa7f1e5ba7657da75/datanucleus-rdbms-3.2.11.jar, file:/Users/hpatel/.gradle/caches/modules-2/files-2.1/org.datanucleus/datanucleus-api-jdo/3.2.8/efc60221fbc91e95cf5758b98c6c5531660696cb/datanucleus-api-jdo-3.2.8.jar, file:/Users/hpatel/.gradle/caches/modules-2/files-2.1/org.apache.hive/hive-shims/0.13.1-cdh5.3.3/47b029532c0b9d45526dcdd858823e6f9634ab81/hive-shims-0.13.1-cdh5.3.3.jar, file:/Users/hpatel/.gradle/caches/modules-2/files-2.1/org.apache.commons/commons-lang3/3.3.1/6738a2da2202ce360f0af90aba005c1e05a2c4cd/commons-lang3-3.3.1.jar, file:/Users/hpatel/.gradle/caches/modules-2/files-2.1/joda-time/joda-time/2.3/56498efd17752898cfcc3868c1b6211a07b12b8f/joda-time-2.3.jar, file:/Users/hpatel/.gradle/caches/modules-2/files-2.1/org.apache.hadoop/hadoop-hdfs/2.5.0-cdh5.3.3/5dd5e2be13d89a9eaab89d3a33bcdf6677671aa9/hadoop-hdfs-2.5.0-cdh5.3.3.jar, file:/Users/hpatel/.gradle/caches/modules-2/files-2.1/org.apache.hadoop/hadoop-mapreduce-client-app/2.5.0-cdh5.3.3/579948f8fa6d9d72bf507bd021fa3dcc0670e95f/hadoop-mapreduce-client-app-2.5.0-cdh5.3.3.jar, file:/Users/hpatel/.gradle/caches/modules-2/files-2.1/org.apache.hadoop/hadoop-yarn-api/2.5.0-cdh5.3.3/a6d9b4b7cbcacd000350a3e33c70269101b5fc79/hadoop-yarn-api-2.5.0-cdh5.3.3.jar, file:/Users/hpatel/.gradle/caches/modules-2/files-2.1/org.apache.hadoop/hadoop-mapreduce-client-core/2.5.0-cdh5.3.3/f2c8eaa2b8a5839a7781f04cf59c4d1abfefec9e/hadoop-mapreduce-client-core-2.5.0-cdh5.3.3.jar, file:/Users/hpatel/.gradle/caches/modules-2/files-2.1/org.apache.hadoop/hadoop-mapreduce-client-jobclient/2.5.0-cdh5.3.3/f8baecab9a91245a97e29e4867a7f5ae128ef8a9/hadoop-mapreduce-client-jobclient-2.5.0-cdh5.3.3.jar, file:/Users/hpatel/.gradle/caches/modules-2/files-2.1/org.apache.hadoop/hadoop-aws/2.5.0-cdh5.3.3/f712d9cf59c859914254bed5c87ee4e5a2204e78/hadoop-aws-2.5.0-cdh5.3.3.jar, file:/Users/hpatel/.gradle/caches/modules-2/files-2.1/org.apache.hadoop/hadoop-annotations/2.5.0-cdh5.3.3/e3b40743127d82ff7a6f263d00419368a46ce608/hadoop-annotations-2.5.0-cdh5.3.3.jar, file:/Users/hpatel/.gradle/caches/modules-2/files-2.1/commons-collections/commons-collections/3.2.1/761ea405b9b37ced573d2df0d1e3a4e0f9edc668/commons-collections-3.2.1.jar, file:/Users/hpatel/.gradle/caches/modules-2/files-2.1/commons-configuration/commons-configuration/1.6/32cadde23955d7681b0d94a2715846d20b425235/commons-configuration-1.6.jar, file:/Users/hpatel/.gradle/caches/modules-2/files-2.1/jline/jline/0.9.94/99a18e9a44834afdebc467294e1138364c207402/jline-0.9.94.jar, file:/Users/hpatel/.gradle/caches/modules-2/files-2.1/commons-cli/commons-cli/1.2/2bf96b7aa8b611c177d329452af1dc933e14501c/commons-cli-1.2.jar, file:/Users/hpatel/.gradle/caches/modules-2/files-2.1/xmlenc/xmlenc/0.52/d82554efbe65906d83b3d97bd7509289e9db561a/xmlenc-0.52.jar, file:/Users/hpatel/.gradle/caches/modules-2/files-2.1/commons-httpclient/commons-httpclient/3.1/964cd74171f427720480efdec40a7c7f6e58426a/commons-httpclient-3.1.jar, file:/Users/hpatel/.gradle/caches/modules-2/files-2.1/commons-net/commons-net/3.1/2298164a7c2484406f2aa5ac85b205d39019896f/commons-net-3.1.jar, file:/Users/hpatel/.gradle/caches/modules-2/files-2.1/tomcat/jasper-runtime/5.5.23/96ca5528a93ab47b001476b74320c644beb89dde/jasper-runtime-5.5.23.jar, file:/Users/hpatel/.gradle/caches/modules-2/files-2.1/tomcat/jasper-compiler/5.5.23/6d35bd7fb8c4fbc1f5401fb3678aa976d2e4c241/jasper-compiler-5.5.23.jar, file:/Users/hpatel/.gradle/caches/modules-2/files-2.1/javax.servlet.jsp/jsp-api/2.1/63f943103f250ef1f3a4d5e94d145a0f961f5316/jsp-api-2.1.jar, file:/Users/hpatel/.gradle/caches/modules-2/files-2.1/commons-el/commons-el/1.0/1df2c042b3f2de0124750241ac6c886dbfa2cc2c/commons-el-1.0.jar, file:/Users/hpatel/.gradle/caches/modules-2/files-2.1/javax.servlet/servlet-api/2.5/5959582d97d8b61f4d154ca9e495aafd16726e34/servlet-api-2.5.jar, file:/Users/hpatel/.gradle/caches/modules-2/files-2.1/hsqldb/hsqldb/1.8.0.10/7e9978fdb754bce5fcd5161133e7734ecb683036/hsqldb-1.8.0.10.jar, file:/Users/hpatel/.gradle/caches/modules-2/files-2.1/org.eclipse.jdt/core/3.1.1/88c83ce444cf46d02494da37c9fa1eebc9ce9cea/core-3.1.1.jar, file:/Users/hpatel/.gradle/caches/modules-2/files-2.1/javassist/javassist/3.12.1.GA/526633327faa61aee448a519e8a4d53ec3057885/javassist-3.12.1.GA.jar, file:/Users/hpatel/.gradle/caches/modules-2/files-2.1/dom4j/dom4j/1.6.1/5d3ccc056b6f056dbf0dddfdf43894b9065a8f94/dom4j-1.6.1.jar, file:/Users/hpatel/.gradle/caches/modules-2/files-2.1/org.objenesis/objenesis/2.1/87c0ea803b69252868d09308b4618f766f135a96/objenesis-2.1.jar, file:/Users/hpatel/.gradle/caches/modules-2/files-2.1/commons-logging/commons-logging/1.1.3/f6f66e966c70a83ffbdb6f17a0919eaf7c8aca7f/commons-logging-1.1.3.jar, file:/Users/hpatel/.gradle/caches/modules-2/files-2.1/org.apache.hive/hive-common/0.13.1-cdh5.3.3/e3fbf24d30a553c50ae4d4eed23f81b0e1211c5a/hive-common-0.13.1-cdh5.3.3.jar, file:/Users/hpatel/.gradle/caches/modules-2/files-2.1/org.apache.avro/avro/1.7.6-cdh5.3.3/6d90271293977d199ed07002bf35e2805405cc64/avro-1.7.6-cdh5.3.3.jar, file:/Users/hpatel/.gradle/caches/modules-2/files-2.1/net.sf.opencsv/opencsv/2.3/c23708cdb9e80a144db433e23344a788a1fd6599/opencsv-2.3.jar, file:/Users/hpatel/.gradle/caches/modules-2/files-2.1/com.sun.jersey/jersey-servlet/1.14/4b87041a59ee152757b62e47a21d5b63fde20ffe/jersey-servlet-1.14.jar, file:/Users/hpatel/.gradle/caches/modules-2/files-2.1/org.slf4j/slf4j-log4j12/1.7.5/6edffc576ce104ec769d954618764f39f0f0f10d/slf4j-log4j12-1.7.5.jar, file:/Users/hpatel/.gradle/caches/modules-2/files-2.1/org.apache.commons/commons-math3/3.1.1/6719d757a98ff24a83d9d727bef9cec83f59b6e1/commons-math3-3.1.1.jar, file:/Users/hpatel/.gradle/caches/modules-2/files-2.1/commons-io/commons-io/2.4/b1b6ea3b7e4aa4f492509a4952029cd8e48019ad/commons-io-2.4.jar, file:/Users/hpatel/.gradle/caches/modules-2/files-2.1/com.sun.jersey/jersey-json/1.9/1aa73e1896bcc7013fed247157d7f676226eb432/jersey-json-1.9.jar, file:/Users/hpatel/.gradle/caches/modules-2/files-2.1/log4j/log4j/1.2.17/5af35056b4d257e4b64b9e8069c0746e8b08629f/log4j-1.2.17.jar, file:/Users/hpatel/.gradle/caches/modules-2/files-2.1/com.google.code.gson/gson/2.2.4/a60a5e993c98c864010053cb901b7eab25306568/gson-2.2.4.jar, file:/Users/hpatel/.gradle/caches/modules-2/files-2.1/org.apache.hadoop/hadoop-auth/2.5.0-cdh5.3.3/847eb288da72acfdd7d202da5149dec6cd20ceba/hadoop-auth-2.5.0-cdh5.3.3.jar, file:/Users/hpatel/.gradle/caches/modules-2/files-2.1/com.jcraft/jsch/0.1.42/a86104b0f2e0c0bab5b0df836065823a99b5e334/jsch-0.1.42.jar, file:/Users/hpatel/.gradle/caches/modules-2/files-2.1/org.apache.curator/curator-client/2.6.0/b9007c357ad1a78066fc6004e8b1feaa2318f6f3/curator-client-2.6.0.jar, file:/Users/hpatel/.gradle/caches/modules-2/files-2.1/org.apache.curator/curator-recipes/2.6.0/8736b0fc42e6bf006d585fe85c90aaa4ade5cbef/curator-recipes-2.6.0.jar, file:/Users/hpatel/.gradle/caches/modules-2/files-2.1/com.google.code.findbugs/jsr305/1.3.9/40719ea6961c0cb6afaeb6a921eaa1f6afd4cfdf/jsr305-1.3.9.jar, file:/Users/hpatel/.gradle/caches/modules-2/files-2.1/org.apache.commons/commons-compress/1.4.1/b02e84a993d88568417536240e970c4b809126fd/commons-compress-1.4.1.jar, file:/Users/hpatel/.gradle/caches/modules-2/files-2.1/org.apache.hive.shims/hive-shims-common/0.13.1-cdh5.3.3/3d9e5245018fbde18f52c4ab25fc35afdec2fc0a/hive-shims-common-0.13.1-cdh5.3.3.jar, file:/Users/hpatel/.gradle/caches/modules-2/files-2.1/org.apache.hive.shims/hive-shims-common-secure/0.13.1-cdh5.3.3/6b29a16b2a41b89bdbbc681c257ad7f766a90bcb/hive-shims-common-secure-0.13.1-cdh5.3.3.jar, file:/Users/hpatel/.gradle/caches/modules-2/files-2.1/org.apache.hive.shims/hive-shims-0.23/0.13.1-cdh5.3.3/7ab834955a767af200d1d9151c204751637d9ca9/hive-shims-0.23-0.13.1-cdh5.3.3.jar, file:/Users/hpatel/.gradle/caches/modules-2/files-2.1/org.apache.hive.shims/hive-shims-scheduler/0.13.1-cdh5.3.3/b6644420b74f936a838f7f3fd2fa19c19add0449/hive-shims-scheduler-0.13.1-cdh5.3.3.jar, file:/Users/hpatel/.gradle/caches/modules-2/files-2.1/org.apache.hadoop/hadoop-mapreduce-client-common/2.5.0-cdh5.3.3/f0d777bb76ca9f540c0c81a45934f0f5cf9975b8/hadoop-mapreduce-client-common-2.5.0-cdh5.3.3.jar, file:/Users/hpatel/.gradle/caches/modules-2/files-2.1/org.apache.hadoop/hadoop-mapreduce-client-shuffle/2.5.0-cdh5.3.3/b6c4316f6fcc406edf7e5bd77c50e46034ad5519/hadoop-mapreduce-client-shuffle-2.5.0-cdh5.3.3.jar, file:/Users/hpatel/.gradle/caches/modules-2/files-2.1/org.apache.hadoop/hadoop-yarn-common/2.5.0-cdh5.3.3/9499713b674eae1aa714fcd0e95e0d09daaf3824/hadoop-yarn-common-2.5.0-cdh5.3.3.jar, file:/Users/hpatel/.gradle/caches/modules-2/files-2.1/com.fasterxml.jackson.core/jackson-databind/2.2.3/3ae380888029daefb91d3ecdca3a37d8cb92bc9/jackson-databind-2.2.3.jar, file:/Users/hpatel/.gradle/caches/modules-2/files-2.1/com.fasterxml.jackson.core/jackson-annotations/2.2.3/527fece4f23a457070a36c371a26d6c0208e1c3/jackson-annotations-2.2.3.jar, file:/Users/hpatel/.gradle/caches/modules-2/files-2.1/com.amazonaws/aws-java-sdk/1.7.4/2c24ccb6f1ab845a7df971951d4b41c709a6517d/aws-java-sdk-1.7.4.jar, file:/Users/hpatel/.gradle/caches/modules-2/files-2.1/commons-digester/commons-digester/1.8/dc6a73fdbd1fa3f0944e8497c6c872fa21dca37e/commons-digester-1.8.jar, file:/Users/hpatel/.gradle/caches/modules-2/files-2.1/commons-beanutils/commons-beanutils-core/1.8.0/175dc721f87e4bc5cc0573f990e28c3cf9117508/commons-beanutils-core-1.8.0.jar, file:/Users/hpatel/.gradle/caches/modules-2/files-2.1/xml-apis/xml-apis/1.0.b2/3136ca936f64c9d68529f048c2618bd356bf85c9/xml-apis-1.0.b2.jar, file:/Users/hpatel/.gradle/caches/modules-2/files-2.1/com.thoughtworks.paranamer/paranamer/2.3/4a85963a752c0a2f715c3924bfc686865e7e1bc6/paranamer-2.3.jar, file:/Users/hpatel/.gradle/caches/modules-2/files-2.1/org.xerial.snappy/snappy-java/1.0.5/10cb4550360a0ec6b80f09a5209d00b6058e82bf/snappy-java-1.0.5.jar, file:/Users/hpatel/.gradle/caches/modules-2/files-2.1/org.codehaus.jettison/jettison/1.1/1a01a2a1218fcf9faa2cc2a6ced025bdea687262/jettison-1.1.jar, file:/Users/hpatel/.gradle/caches/modules-2/files-2.1/com.sun.xml.bind/jaxb-impl/2.2.3-1/56baae106392040a45a06d4a41099173425da1e6/jaxb-impl-2.2.3-1.jar, file:/Users/hpatel/.gradle/caches/modules-2/files-2.1/org.apache.directory.server/apacheds-kerberos-codec/2.0.0-M15/1c16e4e477183641c5f0dd5cdecd27ec331bacb5/apacheds-kerberos-codec-2.0.0-M15.jar, file:/Users/hpatel/.gradle/caches/modules-2/files-2.1/org.apache.curator/curator-framework/2.6.0/81a699c39d127b5b4ff97cc77da7650b53e5b5ed/curator-framework-2.6.0.jar, file:/Users/hpatel/.gradle/caches/modules-2/files-2.1/org.tukaani/xz/1.0/ecff5cb8b1189514c9d1d8d68eb77ac372e000c9/xz-1.0.jar, file:/Users/hpatel/.gradle/caches/modules-2/files-2.1/org.apache.hadoop/hadoop-yarn-client/2.5.0-cdh5.3.3/2d2ce5d0138d02b20aefcfc1ee8dd6f691911f63/hadoop-yarn-client-2.5.0-cdh5.3.3.jar, file:/Users/hpatel/.gradle/caches/modules-2/files-2.1/org.apache.hadoop/hadoop-yarn-server-common/2.5.0-cdh5.3.3/d099fcc19f56d477fa6b5b47ae4e06bb97538778/hadoop-yarn-server-common-2.5.0-cdh5.3.3.jar, file:/Users/hpatel/.gradle/caches/modules-2/files-2.1/org.apache.hadoop/hadoop-yarn-server-nodemanager/2.5.0-cdh5.3.3/278b2d7a6454ce57a94ab02a88c0b188afc8facc/hadoop-yarn-server-nodemanager-2.5.0-cdh5.3.3.jar, file:/Users/hpatel/.gradle/caches/modules-2/files-2.1/org.fusesource.leveldbjni/leveldbjni-all/1.8/707350a2eeb1fa2ed77a32ddb3893ed308e941db/leveldbjni-all-1.8.jar, file:/Users/hpatel/.gradle/caches/modules-2/files-2.1/javax.xml.bind/jaxb-api/2.2.2/aeb3021ca93dde265796d82015beecdcff95bf09/jaxb-api-2.2.2.jar, file:/Users/hpatel/.gradle/caches/modules-2/files-2.1/com.google.inject/guice/3.0/9d84f15fe35e2c716a02979fb62f50a29f38aefa/guice-3.0.jar, file:/Users/hpatel/.gradle/caches/modules-2/files-2.1/com.sun.jersey.contribs/jersey-guice/1.9/5963c28c47df7e5d6ad34cec80c071c368777f7b/jersey-guice-1.9.jar, file:/Users/hpatel/.gradle/caches/modules-2/files-2.1/com.fasterxml.jackson.core/jackson-core/2.2.3/1a0113da2cab5f4c216b4e5e7c1dbfaa67087e14/jackson-core-2.2.3.jar, file:/Users/hpatel/.gradle/caches/modules-2/files-2.1/commons-beanutils/commons-beanutils/1.7.0/5675fd96b29656504b86029551973d60fb41339b/commons-beanutils-1.7.0.jar, file:/Users/hpatel/.gradle/caches/modules-2/files-2.1/org.apache.directory.server/apacheds-i18n/2.0.0-M15/71c61c84683152ec2a6a65f3f96fe534e304fa22/apacheds-i18n-2.0.0-M15.jar, file:/Users/hpatel/.gradle/caches/modules-2/files-2.1/org.apache.directory.api/api-asn1-api/1.0.0-M20/5e6486ffa3125ba44dc410ead166e1d6ba8ac76d/api-asn1-api-1.0.0-M20.jar, file:/Users/hpatel/.gradle/caches/modules-2/files-2.1/org.apache.directory.api/api-util/1.0.0-M20/a871abf060b3cf83fc6dc4d7e3d151fce50ac3cb/api-util-1.0.0-M20.jar, file:/Users/hpatel/.gradle/caches/modules-2/files-2.1/com.sun.jersey/jersey-client/1.9/d3c4b2b5f89db32c96ceddcb863684821910a7bb/jersey-client-1.9.jar, file:/Users/hpatel/.gradle/caches/modules-2/files-2.1/javax.xml.stream/stax-api/1.0-2/d6337b0de8b25e53e81b922352fbea9f9f57ba0b/stax-api-1.0-2.jar, file:/Users/hpatel/.gradle/caches/modules-2/files-2.1/javax.activation/activation/1.1/e6cb541461c2834bdea3eb920f1884d1eb508b50/activation-1.1.jar, file:/Users/hpatel/.gradle/caches/modules-2/files-2.1/javax.inject/javax.inject/1/6975da39a7040257bd51d21a231b76c915872d38/javax.inject-1.jar, file:/Users/hpatel/.gradle/caches/modules-2/files-2.1/aopalliance/aopalliance/1.0/235ba8b489512805ac13a8f9ea77a1ca5ebe3e8/aopalliance-1.0.jar, file:/Users/hpatel/.gradle/caches/modules-2/files-2.1/org.sonatype.sisu.inject/cglib/2.2.1-v20090111/7ce5e983fd0e6c78346f4c9cbfa39d83049dda2/cglib-2.2.1-v20090111.jar, file:/Users/hpatel/.gradle/caches/modules-2/files-2.1/asm/asm/3.1/c157def142714c544bdea2e6144645702adf7097/asm-3.1.jar, file:/Users/hpatel/.gradle/caches/modules-2/files-2.1/org.apache.hive/hive-service/0.13.1-cdh5.3.3/c7979b4213bfb62823d43ba726e0fea58032dd1e/hive-service-0.13.1-cdh5.3.3.jar, file:/Users/hpatel/.gradle/caches/modules-2/files-2.1/net.sf.jpam/jpam/1.1/cb3d91c2dfda767518a371dbb02edfd6a4aa0600/jpam-1.1.jar, file:/Users/hpatel/.gradle/caches/modules-2/files-2.1/org.eclipse.jetty.aggregate/jetty-all/7.6.0.v20120127/47bb68e3837e5c6422138dd1e0d4d75c60dce87a/jetty-all-7.6.0.v20120127.jar, file:/Users/hpatel/.gradle/caches/modules-2/files-2.1/org.apache.thrift/libfb303/0.9.0/639bd69767fdbd7f658ce8233248fe1cea635164/libfb303-0.9.0.jar, file:/Users/hpatel/.gradle/caches/modules-2/files-2.1/org.apache.geronimo.specs/geronimo-jta_1.1_spec/1.1.1/aabab3165b8ea936b9360abbf448459c0d04a5a4/geronimo-jta_1.1_spec-1.1.1.jar, file:/Users/hpatel/.gradle/caches/modules-2/files-2.1/javax.mail/mail/1.4.1/8b7bc69010655425dabf091b51d1e90b4de36715/mail-1.4.1.jar, file:/Users/hpatel/.gradle/caches/modules-2/files-2.1/org.apache.geronimo.specs/geronimo-jaspic_1.0_spec/1.0/44b95be7dae1147716dce5336419eafade880756/geronimo-jaspic_1.0_spec-1.0.jar, file:/Users/hpatel/.gradle/caches/modules-2/files-2.1/org.apache.geronimo.specs/geronimo-annotation_1.0_spec/1.1.1/47caa799389f69d297b86bf90523d431599c3796/geronimo-annotation_1.0_spec-1.1.1.jar, file:/Users/hpatel/.gradle/caches/modules-2/files-2.1/asm/asm-commons/3.1/1b607fbfe7889c6fdff1b7c16439ade0a60869ac/asm-commons-3.1.jar, file:/Users/hpatel/.gradle/caches/modules-2/files-2.1/asm/asm-tree/3.1/c9a5d4334ddf194ea492f22107d45119a5c5322f/asm-tree-3.1.jar, file:/Users/hpatel/.gradle/caches/modules-2/files-2.1/commons-lang/commons-lang/2.6/ce1edb914c94ebc388f086c6827e8bdeec71ac2/commons-lang-2.6.jar, file:/Users/hpatel/.gradle/caches/modules-2/files-2.1/org.mortbay.jetty/jetty/6.1.26.cloudera.4/d59325a5ff8ff18f7543bc3fbb9d5efa0c0ff521/jetty-6.1.26.cloudera.4.jar, file:/Users/hpatel/.gradle/caches/modules-2/files-2.1/org.mortbay.jetty/jetty-util/6.1.26.cloudera.4/b8507b7c5d3fd9a3d01775272cbf1a63f530c19d/jetty-util-6.1.26.cloudera.4.jar, file:/Users/hpatel/.gradle/caches/modules-2/files-2.1/net.java.dev.jets3t/jets3t/0.9.0/792bc96ee7e57b89f472aa0cb5a31015b9f59c96/jets3t-0.9.0.jar, file:/Users/hpatel/.gradle/caches/modules-2/files-2.1/com.jamesmurty.utils/java-xmlbuilder/0.4/ac5962e48cdee3a0a6e1f8e00fcb594747ac5aaf/java-xmlbuilder-0.4.jar, file:/Users/hpatel/.gradle/caches/modules-2/files-2.1/com.google.protobuf/protobuf-java/2.5.0/a10732c76bfacdbd633a7eb0f7968b1059a65dfa/protobuf-java-2.5.0.jar, file:/Users/hpatel/.gradle/caches/modules-2/files-2.1/org.apache.hive/hive-exec/0.13.1-cdh5.3.3/4d935274127f47dd9c0875efcf317ba49aef1219/hive-exec-0.13.1-cdh5.3.3.jar, file:/Users/hpatel/.gradle/caches/modules-2/files-2.1/org.apache.hive/hive-ant/0.13.1-cdh5.3.3/86954e92a903253177cd6935798c50a6c32b7b81/hive-ant-0.13.1-cdh5.3.3.jar, file:/Users/hpatel/.gradle/caches/modules-2/files-2.1/org.antlr/antlr-runtime/3.4/8f011408269a8e42b8548687e137d8eeb56df4b4/antlr-runtime-3.4.jar, file:/Users/hpatel/.gradle/caches/modules-2/files-2.1/org.antlr/ST4/4.0.4/467a2aa12be6d0f0f68c70eecf6714ab733027ac/ST4-4.0.4.jar, file:/Users/hpatel/.gradle/caches/modules-2/files-2.1/org.apache.ant/ant/1.9.1/35900c96dbebc85dcfbd71f4661059ebcf93c077/ant-1.9.1.jar, file:/Users/hpatel/.gradle/caches/modules-2/files-2.1/org.codehaus.groovy/groovy-all/2.1.6/165b8246372a829c1915611646f6d964010656cf/groovy-all-2.1.6.jar, file:/Users/hpatel/.gradle/caches/modules-2/files-2.1/stax/stax-api/1.0.1/49c100caf72d658aca8e58bd74a4ba90fa2b0d70/stax-api-1.0.1.jar, file:/Users/hpatel/.gradle/caches/modules-2/files-2.1/org.apache.velocity/velocity/1.5/9f306baf7523ffc0e81a6353d08a584d254133b/velocity-1.5.jar, file:/Users/hpatel/.gradle/caches/modules-2/files-2.1/org.antlr/stringtemplate/3.2.1/59ec8083721eae215c6f3caee944c410d2be34de/stringtemplate-3.2.1.jar, file:/Users/hpatel/.gradle/caches/modules-2/files-2.1/antlr/antlr/2.7.7/83cd2cd674a217ade95a4bb83a8a14f351f48bd0/antlr-2.7.7.jar, file:/Users/hpatel/.gradle/caches/modules-2/files-2.1/org.apache.ant/ant-launcher/1.9.1/7c71043ca185eaada9e36391dd022d92859327de/ant-launcher-1.9.1.jar, file:/Users/hpatel/.gradle/caches/modules-2/files-2.1/oro/oro/2.0.8/5592374f834645c4ae250f4c9fbb314c9369d698/oro-2.0.8.jar, file:/Users/hpatel/.gradle/caches/modules-2/files-2.1/org.codehaus.jackson/jackson-core-asl/1.9.13/3c304d70f42f832e0a86d45bd437f692129299a4/jackson-core-asl-1.9.13.jar, file:/Users/hpatel/.gradle/caches/modules-2/files-2.1/org.codehaus.jackson/jackson-mapper-asl/1.9.13/1ee2f2bed0e5dd29d1cb155a166e6f8d50bbddb7/jackson-mapper-asl-1.9.13.jar, file:/Users/hpatel/.gradle/caches/modules-2/files-2.1/org.slf4j/slf4j-api/1.7.6/562424e36df3d2327e8e9301a76027fca17d54ea/slf4j-api-1.7.6.jar, file:/Users/hpatel/.gradle/caches/modules-2/files-2.1/com.sun.jersey/jersey-server/1.14/b1a21724c9b708ed54d42d41bb19ff45ae1d49d9/jersey-server-1.14.jar, file:/Users/hpatel/.gradle/caches/modules-2/files-2.1/org.apache.httpcomponents/httpclient/4.2.5/666e26e76f2e87d84e4f16acb546481ae1b8e9a6/httpclient-4.2.5.jar, file:/Users/hpatel/.gradle/caches/modules-2/files-2.1/org.apache.zookeeper/zookeeper/3.4.6/1b2502e29da1ebaade2357cd1de35a855fa3755/zookeeper-3.4.6.jar, file:/Users/hpatel/.gradle/caches/modules-2/files-2.1/com.google.guava/guava/16.0.1/5fa98cd1a63c99a44dd8d3b77e4762b066a5d0c5/guava-16.0.1.jar, file:/Users/hpatel/.gradle/caches/modules-2/files-2.1/org.codehaus.jackson/jackson-jaxrs/1.8.8/71b16055388e9bd3991c3c3834e8e55098b789f1/jackson-jaxrs-1.8.8.jar, file:/Users/hpatel/.gradle/caches/modules-2/files-2.1/org.codehaus.jackson/jackson-xc/1.8.8/52efa08bc1e4cfea168f552b9e3088297d9d0926/jackson-xc-1.8.8.jar, file:/Users/hpatel/.gradle/caches/modules-2/files-2.1/org.apache.hive/hive-metastore/0.13.1-cdh5.3.3/ca93686a17f064a5ab6587799721cddd7836e53a/hive-metastore-0.13.1-cdh5.3.3.jar, file:/Users/hpatel/.gradle/caches/modules-2/files-2.1/com.jolbox/bonecp/0.8.0.RELEASE/cec24ee9345b3678472bb1b8fdd6aa6b9428beb8/bonecp-0.8.0.RELEASE.jar, file:/Users/hpatel/.gradle/caches/modules-2/files-2.1/org.apache.derby/derby/10.10.1.1/9f6f910f0373adc1b23c10f9b4bb151b7e7449f/derby-10.10.1.1.jar, file:/Users/hpatel/.gradle/caches/modules-2/files-2.1/javax.jdo/jdo-api/3.0.1/58e7a538e020b73871e232eeb064835fd98a492/jdo-api-3.0.1.jar, file:/Users/hpatel/.gradle/caches/modules-2/files-2.1/javax.transaction/jta/1.1/2ca09f0b36ca7d71b762e14ea2ff09d5eac57558/jta-1.1.jar, file:/Users/hpatel/.gradle/caches/modules-2/files-2.1/org.apache.thrift/libthrift/0.9.0/9ba8df332b5db95ce7f3b7a83e44d796c3d014d3/libthrift-0.9.0.jar, file:/Users/hpatel/.gradle/caches/modules-2/files-2.1/org.apache.httpcomponents/httpcore/4.2.4/3b7f38df6de5dd8b500e602ae8c2dd5ee446f883/httpcore-4.2.4.jar, file:/Users/hpatel/.gradle/caches/modules-2/files-2.1/com.sun.jersey/jersey-core/1.14/693061de8b9b352b11e997b1dd4052677778852d/jersey-core-1.14.jar, file:/Users/hpatel/.gradle/caches/modules-2/files-2.1/commons-codec/commons-codec/1.6/b7f0fc8f61ecadeb3695f0b9464755eee44374d4/commons-codec-1.6.jar, file:/Users/hpatel/.gradle/caches/modules-2/files-2.1/io.netty/netty/3.7.0.Final/7a8c35599c68c0bf383df74469aa3e03d9aca87/netty-3.7.0.Final.jar]
15/09/06 13:13:48 INFO ExecReducer: thread classpath = [file:/Users/hpatel/.gradle/caches/2.1/workerMain/gradle-worker.jar, file:/Users/hpatel/Tech/Projects/CAT/ddsw_dev/hive-test/build/classes/test/, file:/Users/hpatel/Tech/Projects/CAT/ddsw_dev/hive-test/build/resources/test/, file:/Users/hpatel/Tech/Projects/CAT/ddsw_dev/hive-test/build/classes/main/, file:/Users/hpatel/Tech/Projects/CAT/ddsw_dev/hive-test/build/resources/main, file:/Users/hpatel/.gradle/caches/modules-2/files-2.1/junit/junit/4.11/4e031bb61df09069aeb2bffb4019e7a5034a4ee0/junit-4.11.jar, file:/Users/hpatel/.gradle/caches/modules-2/files-2.1/com.klarna/hiverunner/1.0.0/e26bb0655fff4d88fab91f331793d9fc1db392cc/HiveRunner-1.0.0.jar, file:/Users/hpatel/Tech/Projects/CAT/ddsw_dev/custom-cat-udfs/build/libs/custom-cat-udfs-0.1.38-SNAPSHOT.jar, file:/Users/hpatel/.gradle/caches/modules-2/files-2.1/org.apache.hadoop/hadoop-client/2.5.0-cdh5.3.3/ec3cd6a8cb043e73a42918934c5d3a3f2747c78b/hadoop-client-2.5.0-cdh5.3.3.jar, file:/Users/hpatel/.gradle/caches/modules-2/files-2.1/org.hsqldb/hsqldb/2.3.1/bd7153caa30958e1c64a3dd38b93e5a7442d9a0e/hsqldb-2.3.1.jar, file:/Users/hpatel/.gradle/caches/modules-2/files-2.1/org.apache.hadoop/hadoop-core/2.5.0-mr1-cdh5.3.3/f6f4a77f818757da51ae0244310855779c04c4be/hadoop-core-2.5.0-mr1-cdh5.3.3.jar, file:/Users/hpatel/.gradle/caches/modules-2/files-2.1/org.reflections/reflections/0.9.8/f723abb59bf512952bfc503838f70f81487a6993/reflections-0.9.8.jar, file:/Users/hpatel/.gradle/caches/modules-2/files-2.1/org.mockito/mockito-core/1.10.19/e8546f5bef4e061d8dd73895b4e8f40e3fe6effe/mockito-core-1.10.19.jar, file:/Users/hpatel/.gradle/caches/modules-2/files-2.1/org.hamcrest/hamcrest-core/1.3/42a25dc3219429f0e5d060061f71acb49bf010a0/hamcrest-core-1.3.jar, file:/Users/hpatel/.gradle/caches/modules-2/files-2.1/org.pentaho/pentaho-aggdesigner-algorithm/5.1.5-jhyde/c52379c645c6c85300e645dff7c72653bf85baa2/pentaho-aggdesigner-algorithm-5.1.5-jhyde.jar, file:/Users/hpatel/.gradle/caches/modules-2/files-2.1/org.apache.hive/hive-serde/0.13.1-cdh5.3.3/9cee47c844d726e9bcef6ab292e1319b7fbddaa3/hive-serde-0.13.1-cdh5.3.3.jar, file:/Users/hpatel/.gradle/caches/modules-2/files-2.1/org.apache.hadoop/hadoop-common/2.5.0-cdh5.3.3/f0862eb1dc33c1807ea29a248af75551e3c6836a/hadoop-common-2.5.0-cdh5.3.3.jar, file:/Users/hpatel/.gradle/caches/modules-2/files-2.1/org.apache.hive/hive-contrib/0.13.1-cdh5.3.3/bf89b429c9b173ac275dc0c1623f5c30e780ee98/hive-contrib-0.13.1-cdh5.3.3.jar, file:/Users/hpatel/.gradle/caches/modules-2/files-2.1/org.datanucleus/datanucleus-core/3.2.12/3212183bb5a2826cd5ff194b9a54619dd0bdf31f/datanucleus-core-3.2.12.jar, file:/Users/hpatel/.gradle/caches/modules-2/files-2.1/org.datanucleus/datanucleus-rdbms/3.2.11/5b053144c89fdff1505b853aa7f1e5ba7657da75/datanucleus-rdbms-3.2.11.jar, file:/Users/hpatel/.gradle/caches/modules-2/files-2.1/org.datanucleus/datanucleus-api-jdo/3.2.8/efc60221fbc91e95cf5758b98c6c5531660696cb/datanucleus-api-jdo-3.2.8.jar, file:/Users/hpatel/.gradle/caches/modules-2/files-2.1/org.apache.hive/hive-shims/0.13.1-cdh5.3.3/47b029532c0b9d45526dcdd858823e6f9634ab81/hive-shims-0.13.1-cdh5.3.3.jar, file:/Users/hpatel/.gradle/caches/modules-2/files-2.1/org.apache.commons/commons-lang3/3.3.1/6738a2da2202ce360f0af90aba005c1e05a2c4cd/commons-lang3-3.3.1.jar, file:/Users/hpatel/.gradle/caches/modules-2/files-2.1/joda-time/joda-time/2.3/56498efd17752898cfcc3868c1b6211a07b12b8f/joda-time-2.3.jar, file:/Users/hpatel/.gradle/caches/modules-2/files-2.1/org.apache.hadoop/hadoop-hdfs/2.5.0-cdh5.3.3/5dd5e2be13d89a9eaab89d3a33bcdf6677671aa9/hadoop-hdfs-2.5.0-cdh5.3.3.jar, file:/Users/hpatel/.gradle/caches/modules-2/files-2.1/org.apache.hadoop/hadoop-mapreduce-client-app/2.5.0-cdh5.3.3/579948f8fa6d9d72bf507bd021fa3dcc0670e95f/hadoop-mapreduce-client-app-2.5.0-cdh5.3.3.jar, file:/Users/hpatel/.gradle/caches/modules-2/files-2.1/org.apache.hadoop/hadoop-yarn-api/2.5.0-cdh5.3.3/a6d9b4b7cbcacd000350a3e33c70269101b5fc79/hadoop-yarn-api-2.5.0-cdh5.3.3.jar, file:/Users/hpatel/.gradle/caches/modules-2/files-2.1/org.apache.hadoop/hadoop-mapreduce-client-core/2.5.0-cdh5.3.3/f2c8eaa2b8a5839a7781f04cf59c4d1abfefec9e/hadoop-mapreduce-client-core-2.5.0-cdh5.3.3.jar, file:/Users/hpatel/.gradle/caches/modules-2/files-2.1/org.apache.hadoop/hadoop-mapreduce-client-jobclient/2.5.0-cdh5.3.3/f8baecab9a91245a97e29e4867a7f5ae128ef8a9/hadoop-mapreduce-client-jobclient-2.5.0-cdh5.3.3.jar, file:/Users/hpatel/.gradle/caches/modules-2/files-2.1/org.apache.hadoop/hadoop-aws/2.5.0-cdh5.3.3/f712d9cf59c859914254bed5c87ee4e5a2204e78/hadoop-aws-2.5.0-cdh5.3.3.jar, file:/Users/hpatel/.gradle/caches/modules-2/files-2.1/org.apache.hadoop/hadoop-annotations/2.5.0-cdh5.3.3/e3b40743127d82ff7a6f263d00419368a46ce608/hadoop-annotations-2.5.0-cdh5.3.3.jar, file:/Users/hpatel/.gradle/caches/modules-2/files-2.1/commons-collections/commons-collections/3.2.1/761ea405b9b37ced573d2df0d1e3a4e0f9edc668/commons-collections-3.2.1.jar, file:/Users/hpatel/.gradle/caches/modules-2/files-2.1/commons-configuration/commons-configuration/1.6/32cadde23955d7681b0d94a2715846d20b425235/commons-configuration-1.6.jar, file:/Users/hpatel/.gradle/caches/modules-2/files-2.1/jline/jline/0.9.94/99a18e9a44834afdebc467294e1138364c207402/jline-0.9.94.jar, file:/Users/hpatel/.gradle/caches/modules-2/files-2.1/commons-cli/commons-cli/1.2/2bf96b7aa8b611c177d329452af1dc933e14501c/commons-cli-1.2.jar, file:/Users/hpatel/.gradle/caches/modules-2/files-2.1/xmlenc/xmlenc/0.52/d82554efbe65906d83b3d97bd7509289e9db561a/xmlenc-0.52.jar, file:/Users/hpatel/.gradle/caches/modules-2/files-2.1/commons-httpclient/commons-httpclient/3.1/964cd74171f427720480efdec40a7c7f6e58426a/commons-httpclient-3.1.jar, file:/Users/hpatel/.gradle/caches/modules-2/files-2.1/commons-net/commons-net/3.1/2298164a7c2484406f2aa5ac85b205d39019896f/commons-net-3.1.jar, file:/Users/hpatel/.gradle/caches/modules-2/files-2.1/tomcat/jasper-runtime/5.5.23/96ca5528a93ab47b001476b74320c644beb89dde/jasper-runtime-5.5.23.jar, file:/Users/hpatel/.gradle/caches/modules-2/files-2.1/tomcat/jasper-compiler/5.5.23/6d35bd7fb8c4fbc1f5401fb3678aa976d2e4c241/jasper-compiler-5.5.23.jar, file:/Users/hpatel/.gradle/caches/modules-2/files-2.1/javax.servlet.jsp/jsp-api/2.1/63f943103f250ef1f3a4d5e94d145a0f961f5316/jsp-api-2.1.jar, file:/Users/hpatel/.gradle/caches/modules-2/files-2.1/commons-el/commons-el/1.0/1df2c042b3f2de0124750241ac6c886dbfa2cc2c/commons-el-1.0.jar, file:/Users/hpatel/.gradle/caches/modules-2/files-2.1/javax.servlet/servlet-api/2.5/5959582d97d8b61f4d154ca9e495aafd16726e34/servlet-api-2.5.jar, file:/Users/hpatel/.gradle/caches/modules-2/files-2.1/hsqldb/hsqldb/1.8.0.10/7e9978fdb754bce5fcd5161133e7734ecb683036/hsqldb-1.8.0.10.jar, file:/Users/hpatel/.gradle/caches/modules-2/files-2.1/org.eclipse.jdt/core/3.1.1/88c83ce444cf46d02494da37c9fa1eebc9ce9cea/core-3.1.1.jar, file:/Users/hpatel/.gradle/caches/modules-2/files-2.1/javassist/javassist/3.12.1.GA/526633327faa61aee448a519e8a4d53ec3057885/javassist-3.12.1.GA.jar, file:/Users/hpatel/.gradle/caches/modules-2/files-2.1/dom4j/dom4j/1.6.1/5d3ccc056b6f056dbf0dddfdf43894b9065a8f94/dom4j-1.6.1.jar, file:/Users/hpatel/.gradle/caches/modules-2/files-2.1/org.objenesis/objenesis/2.1/87c0ea803b69252868d09308b4618f766f135a96/objenesis-2.1.jar, file:/Users/hpatel/.gradle/caches/modules-2/files-2.1/commons-logging/commons-logging/1.1.3/f6f66e966c70a83ffbdb6f17a0919eaf7c8aca7f/commons-logging-1.1.3.jar, file:/Users/hpatel/.gradle/caches/modules-2/files-2.1/org.apache.hive/hive-common/0.13.1-cdh5.3.3/e3fbf24d30a553c50ae4d4eed23f81b0e1211c5a/hive-common-0.13.1-cdh5.3.3.jar, file:/Users/hpatel/.gradle/caches/modules-2/files-2.1/org.apache.avro/avro/1.7.6-cdh5.3.3/6d90271293977d199ed07002bf35e2805405cc64/avro-1.7.6-cdh5.3.3.jar, file:/Users/hpatel/.gradle/caches/modules-2/files-2.1/net.sf.opencsv/opencsv/2.3/c23708cdb9e80a144db433e23344a788a1fd6599/opencsv-2.3.jar, file:/Users/hpatel/.gradle/caches/modules-2/files-2.1/com.sun.jersey/jersey-servlet/1.14/4b87041a59ee152757b62e47a21d5b63fde20ffe/jersey-servlet-1.14.jar, file:/Users/hpatel/.gradle/caches/modules-2/files-2.1/org.slf4j/slf4j-log4j12/1.7.5/6edffc576ce104ec769d954618764f39f0f0f10d/slf4j-log4j12-1.7.5.jar, file:/Users/hpatel/.gradle/caches/modules-2/files-2.1/org.apache.commons/commons-math3/3.1.1/6719d757a98ff24a83d9d727bef9cec83f59b6e1/commons-math3-3.1.1.jar, file:/Users/hpatel/.gradle/caches/modules-2/files-2.1/commons-io/commons-io/2.4/b1b6ea3b7e4aa4f492509a4952029cd8e48019ad/commons-io-2.4.jar, file:/Users/hpatel/.gradle/caches/modules-2/files-2.1/com.sun.jersey/jersey-json/1.9/1aa73e1896bcc7013fed247157d7f676226eb432/jersey-json-1.9.jar, file:/Users/hpatel/.gradle/caches/modules-2/files-2.1/log4j/log4j/1.2.17/5af35056b4d257e4b64b9e8069c0746e8b08629f/log4j-1.2.17.jar, file:/Users/hpatel/.gradle/caches/modules-2/files-2.1/com.google.code.gson/gson/2.2.4/a60a5e993c98c864010053cb901b7eab25306568/gson-2.2.4.jar, file:/Users/hpatel/.gradle/caches/modules-2/files-2.1/org.apache.hadoop/hadoop-auth/2.5.0-cdh5.3.3/847eb288da72acfdd7d202da5149dec6cd20ceba/hadoop-auth-2.5.0-cdh5.3.3.jar, file:/Users/hpatel/.gradle/caches/modules-2/files-2.1/com.jcraft/jsch/0.1.42/a86104b0f2e0c0bab5b0df836065823a99b5e334/jsch-0.1.42.jar, file:/Users/hpatel/.gradle/caches/modules-2/files-2.1/org.apache.curator/curator-client/2.6.0/b9007c357ad1a78066fc6004e8b1feaa2318f6f3/curator-client-2.6.0.jar, file:/Users/hpatel/.gradle/caches/modules-2/files-2.1/org.apache.curator/curator-recipes/2.6.0/8736b0fc42e6bf006d585fe85c90aaa4ade5cbef/curator-recipes-2.6.0.jar, file:/Users/hpatel/.gradle/caches/modules-2/files-2.1/com.google.code.findbugs/jsr305/1.3.9/40719ea6961c0cb6afaeb6a921eaa1f6afd4cfdf/jsr305-1.3.9.jar, file:/Users/hpatel/.gradle/caches/modules-2/files-2.1/org.apache.commons/commons-compress/1.4.1/b02e84a993d88568417536240e970c4b809126fd/commons-compress-1.4.1.jar, file:/Users/hpatel/.gradle/caches/modules-2/files-2.1/org.apache.hive.shims/hive-shims-common/0.13.1-cdh5.3.3/3d9e5245018fbde18f52c4ab25fc35afdec2fc0a/hive-shims-common-0.13.1-cdh5.3.3.jar, file:/Users/hpatel/.gradle/caches/modules-2/files-2.1/org.apache.hive.shims/hive-shims-common-secure/0.13.1-cdh5.3.3/6b29a16b2a41b89bdbbc681c257ad7f766a90bcb/hive-shims-common-secure-0.13.1-cdh5.3.3.jar, file:/Users/hpatel/.gradle/caches/modules-2/files-2.1/org.apache.hive.shims/hive-shims-0.23/0.13.1-cdh5.3.3/7ab834955a767af200d1d9151c204751637d9ca9/hive-shims-0.23-0.13.1-cdh5.3.3.jar, file:/Users/hpatel/.gradle/caches/modules-2/files-2.1/org.apache.hive.shims/hive-shims-scheduler/0.13.1-cdh5.3.3/b6644420b74f936a838f7f3fd2fa19c19add0449/hive-shims-scheduler-0.13.1-cdh5.3.3.jar, file:/Users/hpatel/.gradle/caches/modules-2/files-2.1/org.apache.hadoop/hadoop-mapreduce-client-common/2.5.0-cdh5.3.3/f0d777bb76ca9f540c0c81a45934f0f5cf9975b8/hadoop-mapreduce-client-common-2.5.0-cdh5.3.3.jar, file:/Users/hpatel/.gradle/caches/modules-2/files-2.1/org.apache.hadoop/hadoop-mapreduce-client-shuffle/2.5.0-cdh5.3.3/b6c4316f6fcc406edf7e5bd77c50e46034ad5519/hadoop-mapreduce-client-shuffle-2.5.0-cdh5.3.3.jar, file:/Users/hpatel/.gradle/caches/modules-2/files-2.1/org.apache.hadoop/hadoop-yarn-common/2.5.0-cdh5.3.3/9499713b674eae1aa714fcd0e95e0d09daaf3824/hadoop-yarn-common-2.5.0-cdh5.3.3.jar, file:/Users/hpatel/.gradle/caches/modules-2/files-2.1/com.fasterxml.jackson.core/jackson-databind/2.2.3/3ae380888029daefb91d3ecdca3a37d8cb92bc9/jackson-databind-2.2.3.jar, file:/Users/hpatel/.gradle/caches/modules-2/files-2.1/com.fasterxml.jackson.core/jackson-annotations/2.2.3/527fece4f23a457070a36c371a26d6c0208e1c3/jackson-annotations-2.2.3.jar, file:/Users/hpatel/.gradle/caches/modules-2/files-2.1/com.amazonaws/aws-java-sdk/1.7.4/2c24ccb6f1ab845a7df971951d4b41c709a6517d/aws-java-sdk-1.7.4.jar, file:/Users/hpatel/.gradle/caches/modules-2/files-2.1/commons-digester/commons-digester/1.8/dc6a73fdbd1fa3f0944e8497c6c872fa21dca37e/commons-digester-1.8.jar, file:/Users/hpatel/.gradle/caches/modules-2/files-2.1/commons-beanutils/commons-beanutils-core/1.8.0/175dc721f87e4bc5cc0573f990e28c3cf9117508/commons-beanutils-core-1.8.0.jar, file:/Users/hpatel/.gradle/caches/modules-2/files-2.1/xml-apis/xml-apis/1.0.b2/3136ca936f64c9d68529f048c2618bd356bf85c9/xml-apis-1.0.b2.jar, file:/Users/hpatel/.gradle/caches/modules-2/files-2.1/com.thoughtworks.paranamer/paranamer/2.3/4a85963a752c0a2f715c3924bfc686865e7e1bc6/paranamer-2.3.jar, file:/Users/hpatel/.gradle/caches/modules-2/files-2.1/org.xerial.snappy/snappy-java/1.0.5/10cb4550360a0ec6b80f09a5209d00b6058e82bf/snappy-java-1.0.5.jar, file:/Users/hpatel/.gradle/caches/modules-2/files-2.1/org.codehaus.jettison/jettison/1.1/1a01a2a1218fcf9faa2cc2a6ced025bdea687262/jettison-1.1.jar, file:/Users/hpatel/.gradle/caches/modules-2/files-2.1/com.sun.xml.bind/jaxb-impl/2.2.3-1/56baae106392040a45a06d4a41099173425da1e6/jaxb-impl-2.2.3-1.jar, file:/Users/hpatel/.gradle/caches/modules-2/files-2.1/org.apache.directory.server/apacheds-kerberos-codec/2.0.0-M15/1c16e4e477183641c5f0dd5cdecd27ec331bacb5/apacheds-kerberos-codec-2.0.0-M15.jar, file:/Users/hpatel/.gradle/caches/modules-2/files-2.1/org.apache.curator/curator-framework/2.6.0/81a699c39d127b5b4ff97cc77da7650b53e5b5ed/curator-framework-2.6.0.jar, file:/Users/hpatel/.gradle/caches/modules-2/files-2.1/org.tukaani/xz/1.0/ecff5cb8b1189514c9d1d8d68eb77ac372e000c9/xz-1.0.jar, file:/Users/hpatel/.gradle/caches/modules-2/files-2.1/org.apache.hadoop/hadoop-yarn-client/2.5.0-cdh5.3.3/2d2ce5d0138d02b20aefcfc1ee8dd6f691911f63/hadoop-yarn-client-2.5.0-cdh5.3.3.jar, file:/Users/hpatel/.gradle/caches/modules-2/files-2.1/org.apache.hadoop/hadoop-yarn-server-common/2.5.0-cdh5.3.3/d099fcc19f56d477fa6b5b47ae4e06bb97538778/hadoop-yarn-server-common-2.5.0-cdh5.3.3.jar, file:/Users/hpatel/.gradle/caches/modules-2/files-2.1/org.apache.hadoop/hadoop-yarn-server-nodemanager/2.5.0-cdh5.3.3/278b2d7a6454ce57a94ab02a88c0b188afc8facc/hadoop-yarn-server-nodemanager-2.5.0-cdh5.3.3.jar, file:/Users/hpatel/.gradle/caches/modules-2/files-2.1/org.fusesource.leveldbjni/leveldbjni-all/1.8/707350a2eeb1fa2ed77a32ddb3893ed308e941db/leveldbjni-all-1.8.jar, file:/Users/hpatel/.gradle/caches/modules-2/files-2.1/javax.xml.bind/jaxb-api/2.2.2/aeb3021ca93dde265796d82015beecdcff95bf09/jaxb-api-2.2.2.jar, file:/Users/hpatel/.gradle/caches/modules-2/files-2.1/com.google.inject/guice/3.0/9d84f15fe35e2c716a02979fb62f50a29f38aefa/guice-3.0.jar, file:/Users/hpatel/.gradle/caches/modules-2/files-2.1/com.sun.jersey.contribs/jersey-guice/1.9/5963c28c47df7e5d6ad34cec80c071c368777f7b/jersey-guice-1.9.jar, file:/Users/hpatel/.gradle/caches/modules-2/files-2.1/com.fasterxml.jackson.core/jackson-core/2.2.3/1a0113da2cab5f4c216b4e5e7c1dbfaa67087e14/jackson-core-2.2.3.jar, file:/Users/hpatel/.gradle/caches/modules-2/files-2.1/commons-beanutils/commons-beanutils/1.7.0/5675fd96b29656504b86029551973d60fb41339b/commons-beanutils-1.7.0.jar, file:/Users/hpatel/.gradle/caches/modules-2/files-2.1/org.apache.directory.server/apacheds-i18n/2.0.0-M15/71c61c84683152ec2a6a65f3f96fe534e304fa22/apacheds-i18n-2.0.0-M15.jar, file:/Users/hpatel/.gradle/caches/modules-2/files-2.1/org.apache.directory.api/api-asn1-api/1.0.0-M20/5e6486ffa3125ba44dc410ead166e1d6ba8ac76d/api-asn1-api-1.0.0-M20.jar, file:/Users/hpatel/.gradle/caches/modules-2/files-2.1/org.apache.directory.api/api-util/1.0.0-M20/a871abf060b3cf83fc6dc4d7e3d151fce50ac3cb/api-util-1.0.0-M20.jar, file:/Users/hpatel/.gradle/caches/modules-2/files-2.1/com.sun.jersey/jersey-client/1.9/d3c4b2b5f89db32c96ceddcb863684821910a7bb/jersey-client-1.9.jar, file:/Users/hpatel/.gradle/caches/modules-2/files-2.1/javax.xml.stream/stax-api/1.0-2/d6337b0de8b25e53e81b922352fbea9f9f57ba0b/stax-api-1.0-2.jar, file:/Users/hpatel/.gradle/caches/modules-2/files-2.1/javax.activation/activation/1.1/e6cb541461c2834bdea3eb920f1884d1eb508b50/activation-1.1.jar, file:/Users/hpatel/.gradle/caches/modules-2/files-2.1/javax.inject/javax.inject/1/6975da39a7040257bd51d21a231b76c915872d38/javax.inject-1.jar, file:/Users/hpatel/.gradle/caches/modules-2/files-2.1/aopalliance/aopalliance/1.0/235ba8b489512805ac13a8f9ea77a1ca5ebe3e8/aopalliance-1.0.jar, file:/Users/hpatel/.gradle/caches/modules-2/files-2.1/org.sonatype.sisu.inject/cglib/2.2.1-v20090111/7ce5e983fd0e6c78346f4c9cbfa39d83049dda2/cglib-2.2.1-v20090111.jar, file:/Users/hpatel/.gradle/caches/modules-2/files-2.1/asm/asm/3.1/c157def142714c544bdea2e6144645702adf7097/asm-3.1.jar, file:/Users/hpatel/.gradle/caches/modules-2/files-2.1/org.apache.hive/hive-service/0.13.1-cdh5.3.3/c7979b4213bfb62823d43ba726e0fea58032dd1e/hive-service-0.13.1-cdh5.3.3.jar, file:/Users/hpatel/.gradle/caches/modules-2/files-2.1/net.sf.jpam/jpam/1.1/cb3d91c2dfda767518a371dbb02edfd6a4aa0600/jpam-1.1.jar, file:/Users/hpatel/.gradle/caches/modules-2/files-2.1/org.eclipse.jetty.aggregate/jetty-all/7.6.0.v20120127/47bb68e3837e5c6422138dd1e0d4d75c60dce87a/jetty-all-7.6.0.v20120127.jar, file:/Users/hpatel/.gradle/caches/modules-2/files-2.1/org.apache.thrift/libfb303/0.9.0/639bd69767fdbd7f658ce8233248fe1cea635164/libfb303-0.9.0.jar, file:/Users/hpatel/.gradle/caches/modules-2/files-2.1/org.apache.geronimo.specs/geronimo-jta_1.1_spec/1.1.1/aabab3165b8ea936b9360abbf448459c0d04a5a4/geronimo-jta_1.1_spec-1.1.1.jar, file:/Users/hpatel/.gradle/caches/modules-2/files-2.1/javax.mail/mail/1.4.1/8b7bc69010655425dabf091b51d1e90b4de36715/mail-1.4.1.jar, file:/Users/hpatel/.gradle/caches/modules-2/files-2.1/org.apache.geronimo.specs/geronimo-jaspic_1.0_spec/1.0/44b95be7dae1147716dce5336419eafade880756/geronimo-jaspic_1.0_spec-1.0.jar, file:/Users/hpatel/.gradle/caches/modules-2/files-2.1/org.apache.geronimo.specs/geronimo-annotation_1.0_spec/1.1.1/47caa799389f69d297b86bf90523d431599c3796/geronimo-annotation_1.0_spec-1.1.1.jar, file:/Users/hpatel/.gradle/caches/modules-2/files-2.1/asm/asm-commons/3.1/1b607fbfe7889c6fdff1b7c16439ade0a60869ac/asm-commons-3.1.jar, file:/Users/hpatel/.gradle/caches/modules-2/files-2.1/asm/asm-tree/3.1/c9a5d4334ddf194ea492f22107d45119a5c5322f/asm-tree-3.1.jar, file:/Users/hpatel/.gradle/caches/modules-2/files-2.1/commons-lang/commons-lang/2.6/ce1edb914c94ebc388f086c6827e8bdeec71ac2/commons-lang-2.6.jar, file:/Users/hpatel/.gradle/caches/modules-2/files-2.1/org.mortbay.jetty/jetty/6.1.26.cloudera.4/d59325a5ff8ff18f7543bc3fbb9d5efa0c0ff521/jetty-6.1.26.cloudera.4.jar, file:/Users/hpatel/.gradle/caches/modules-2/files-2.1/org.mortbay.jetty/jetty-util/6.1.26.cloudera.4/b8507b7c5d3fd9a3d01775272cbf1a63f530c19d/jetty-util-6.1.26.cloudera.4.jar, file:/Users/hpatel/.gradle/caches/modules-2/files-2.1/net.java.dev.jets3t/jets3t/0.9.0/792bc96ee7e57b89f472aa0cb5a31015b9f59c96/jets3t-0.9.0.jar, file:/Users/hpatel/.gradle/caches/modules-2/files-2.1/com.jamesmurty.utils/java-xmlbuilder/0.4/ac5962e48cdee3a0a6e1f8e00fcb594747ac5aaf/java-xmlbuilder-0.4.jar, file:/Users/hpatel/.gradle/caches/modules-2/files-2.1/com.google.protobuf/protobuf-java/2.5.0/a10732c76bfacdbd633a7eb0f7968b1059a65dfa/protobuf-java-2.5.0.jar, file:/Users/hpatel/.gradle/caches/modules-2/files-2.1/org.apache.hive/hive-exec/0.13.1-cdh5.3.3/4d935274127f47dd9c0875efcf317ba49aef1219/hive-exec-0.13.1-cdh5.3.3.jar, file:/Users/hpatel/.gradle/caches/modules-2/files-2.1/org.apache.hive/hive-ant/0.13.1-cdh5.3.3/86954e92a903253177cd6935798c50a6c32b7b81/hive-ant-0.13.1-cdh5.3.3.jar, file:/Users/hpatel/.gradle/caches/modules-2/files-2.1/org.antlr/antlr-runtime/3.4/8f011408269a8e42b8548687e137d8eeb56df4b4/antlr-runtime-3.4.jar, file:/Users/hpatel/.gradle/caches/modules-2/files-2.1/org.antlr/ST4/4.0.4/467a2aa12be6d0f0f68c70eecf6714ab733027ac/ST4-4.0.4.jar, file:/Users/hpatel/.gradle/caches/modules-2/files-2.1/org.apache.ant/ant/1.9.1/35900c96dbebc85dcfbd71f4661059ebcf93c077/ant-1.9.1.jar, file:/Users/hpatel/.gradle/caches/modules-2/files-2.1/org.codehaus.groovy/groovy-all/2.1.6/165b8246372a829c1915611646f6d964010656cf/groovy-all-2.1.6.jar, file:/Users/hpatel/.gradle/caches/modules-2/files-2.1/stax/stax-api/1.0.1/49c100caf72d658aca8e58bd74a4ba90fa2b0d70/stax-api-1.0.1.jar, file:/Users/hpatel/.gradle/caches/modules-2/files-2.1/org.apache.velocity/velocity/1.5/9f306baf7523ffc0e81a6353d08a584d254133b/velocity-1.5.jar, file:/Users/hpatel/.gradle/caches/modules-2/files-2.1/org.antlr/stringtemplate/3.2.1/59ec8083721eae215c6f3caee944c410d2be34de/stringtemplate-3.2.1.jar, file:/Users/hpatel/.gradle/caches/modules-2/files-2.1/antlr/antlr/2.7.7/83cd2cd674a217ade95a4bb83a8a14f351f48bd0/antlr-2.7.7.jar, file:/Users/hpatel/.gradle/caches/modules-2/files-2.1/org.apache.ant/ant-launcher/1.9.1/7c71043ca185eaada9e36391dd022d92859327de/ant-launcher-1.9.1.jar, file:/Users/hpatel/.gradle/caches/modules-2/files-2.1/oro/oro/2.0.8/5592374f834645c4ae250f4c9fbb314c9369d698/oro-2.0.8.jar, file:/Users/hpatel/.gradle/caches/modules-2/files-2.1/org.codehaus.jackson/jackson-core-asl/1.9.13/3c304d70f42f832e0a86d45bd437f692129299a4/jackson-core-asl-1.9.13.jar, file:/Users/hpatel/.gradle/caches/modules-2/files-2.1/org.codehaus.jackson/jackson-mapper-asl/1.9.13/1ee2f2bed0e5dd29d1cb155a166e6f8d50bbddb7/jackson-mapper-asl-1.9.13.jar, file:/Users/hpatel/.gradle/caches/modules-2/files-2.1/org.slf4j/slf4j-api/1.7.6/562424e36df3d2327e8e9301a76027fca17d54ea/slf4j-api-1.7.6.jar, file:/Users/hpatel/.gradle/caches/modules-2/files-2.1/com.sun.jersey/jersey-server/1.14/b1a21724c9b708ed54d42d41bb19ff45ae1d49d9/jersey-server-1.14.jar, file:/Users/hpatel/.gradle/caches/modules-2/files-2.1/org.apache.httpcomponents/httpclient/4.2.5/666e26e76f2e87d84e4f16acb546481ae1b8e9a6/httpclient-4.2.5.jar, file:/Users/hpatel/.gradle/caches/modules-2/files-2.1/org.apache.zookeeper/zookeeper/3.4.6/1b2502e29da1ebaade2357cd1de35a855fa3755/zookeeper-3.4.6.jar, file:/Users/hpatel/.gradle/caches/modules-2/files-2.1/com.google.guava/guava/16.0.1/5fa98cd1a63c99a44dd8d3b77e4762b066a5d0c5/guava-16.0.1.jar, file:/Users/hpatel/.gradle/caches/modules-2/files-2.1/org.codehaus.jackson/jackson-jaxrs/1.8.8/71b16055388e9bd3991c3c3834e8e55098b789f1/jackson-jaxrs-1.8.8.jar, file:/Users/hpatel/.gradle/caches/modules-2/files-2.1/org.codehaus.jackson/jackson-xc/1.8.8/52efa08bc1e4cfea168f552b9e3088297d9d0926/jackson-xc-1.8.8.jar, file:/Users/hpatel/.gradle/caches/modules-2/files-2.1/org.apache.hive/hive-metastore/0.13.1-cdh5.3.3/ca93686a17f064a5ab6587799721cddd7836e53a/hive-metastore-0.13.1-cdh5.3.3.jar, file:/Users/hpatel/.gradle/caches/modules-2/files-2.1/com.jolbox/bonecp/0.8.0.RELEASE/cec24ee9345b3678472bb1b8fdd6aa6b9428beb8/bonecp-0.8.0.RELEASE.jar, file:/Users/hpatel/.gradle/caches/modules-2/files-2.1/org.apache.derby/derby/10.10.1.1/9f6f910f0373adc1b23c10f9b4bb151b7e7449f/derby-10.10.1.1.jar, file:/Users/hpatel/.gradle/caches/modules-2/files-2.1/javax.jdo/jdo-api/3.0.1/58e7a538e020b73871e232eeb064835fd98a492/jdo-api-3.0.1.jar, file:/Users/hpatel/.gradle/caches/modules-2/files-2.1/javax.transaction/jta/1.1/2ca09f0b36ca7d71b762e14ea2ff09d5eac57558/jta-1.1.jar, file:/Users/hpatel/.gradle/caches/modules-2/files-2.1/org.apache.thrift/libthrift/0.9.0/9ba8df332b5db95ce7f3b7a83e44d796c3d014d3/libthrift-0.9.0.jar, file:/Users/hpatel/.gradle/caches/modules-2/files-2.1/org.apache.httpcomponents/httpcore/4.2.4/3b7f38df6de5dd8b500e602ae8c2dd5ee446f883/httpcore-4.2.4.jar, file:/Users/hpatel/.gradle/caches/modules-2/files-2.1/com.sun.jersey/jersey-core/1.14/693061de8b9b352b11e997b1dd4052677778852d/jersey-core-1.14.jar, file:/Users/hpatel/.gradle/caches/modules-2/files-2.1/commons-codec/commons-codec/1.6/b7f0fc8f61ecadeb3695f0b9464755eee44374d4/commons-codec-1.6.jar, file:/Users/hpatel/.gradle/caches/modules-2/files-2.1/io.netty/netty/3.7.0.Final/7a8c35599c68c0bf383df74469aa3e03d9aca87/netty-3.7.0.Final.jar]
15/09/06 13:13:48 INFO mr.ObjectCache: Ignoring retrieval request: __REDUCE_PLAN__
15/09/06 13:13:48 INFO log.PerfLogger: <PERFLOG method=deserializePlan from=org.apache.hadoop.hive.ql.exec.Utilities>
15/09/06 13:13:48 INFO exec.Utilities: Deserializing ReduceWork via kryo
15/09/06 13:13:48 INFO log.PerfLogger: </PERFLOG method=deserializePlan start=1441563228002 end=1441563228018 duration=16 from=org.apache.hadoop.hive.ql.exec.Utilities>
15/09/06 13:13:48 INFO mr.ObjectCache: Ignoring cache key: __REDUCE_PLAN__
15/09/06 13:13:48 INFO ExecReducer: 
<GBY>Id =53
  <Children>
    <SEL>Id =54
      <Children>
        <FS>Id =55
          <Children>
          <\Children>
          <Parent>Id = 54 null<\Parent>
        <\FS>
      <\Children>
      <Parent>Id = 53 null<\Parent>
    <\SEL>
  <\Children>
  <Parent><\Parent>
<\GBY>
15/09/06 13:13:48 INFO exec.GroupByOperator: Initializing Self 53 GBY
15/09/06 13:13:48 INFO exec.GroupByOperator: Operator 53 GBY initialized
15/09/06 13:13:48 INFO exec.GroupByOperator: Initializing children of 53 GBY
15/09/06 13:13:48 INFO exec.SelectOperator: Initializing child 54 SEL
15/09/06 13:13:48 INFO exec.SelectOperator: Initializing Self 54 SEL
15/09/06 13:13:48 INFO exec.SelectOperator: SELECT struct<_col0:bigint>
15/09/06 13:13:48 INFO exec.SelectOperator: Operator 54 SEL initialized
15/09/06 13:13:48 INFO exec.SelectOperator: Initializing children of 54 SEL
15/09/06 13:13:48 INFO exec.FileSinkOperator: Initializing child 55 FS
15/09/06 13:13:48 INFO exec.FileSinkOperator: Initializing Self 55 FS
15/09/06 13:13:48 INFO exec.FileSinkOperator: Operator 55 FS initialized
15/09/06 13:13:48 INFO exec.FileSinkOperator: Initialization Done 55 FS
15/09/06 13:13:48 INFO exec.SelectOperator: Initialization Done 54 SEL
15/09/06 13:13:48 INFO exec.GroupByOperator: Initialization Done 53 GBY
15/09/06 13:13:48 INFO ExecReducer: ExecReducer: processing 1 rows: used memory = 364352128
15/09/06 13:13:48 INFO ExecReducer: ExecReducer: processed 1 rows: used memory = 364352128
15/09/06 13:13:48 INFO exec.GroupByOperator: 53 finished. closing... 
15/09/06 13:13:48 INFO exec.FileSinkOperator: Final Path: FS file:/var/folders/y7/4_pz5fzx54ngcmghz3v6t3m00000gn/T/junit4238406739563525852/scratchdir/hive_2015-09-06_13-13-47_721_8710892069415460872-1/-mr-10000/.hive-staging_hive_2015-09-06_13-13-47_721_8710892069415460872-1/_tmp.-ext-10001/000000_0
15/09/06 13:13:48 INFO exec.FileSinkOperator: Writing to temp file: FS file:/var/folders/y7/4_pz5fzx54ngcmghz3v6t3m00000gn/T/junit4238406739563525852/scratchdir/hive_2015-09-06_13-13-47_721_8710892069415460872-1/-mr-10000/.hive-staging_hive_2015-09-06_13-13-47_721_8710892069415460872-1/_task_tmp.-ext-10001/_tmp.000000_0
15/09/06 13:13:48 INFO exec.FileSinkOperator: New Final Path: FS file:/var/folders/y7/4_pz5fzx54ngcmghz3v6t3m00000gn/T/junit4238406739563525852/scratchdir/hive_2015-09-06_13-13-47_721_8710892069415460872-1/-mr-10000/.hive-staging_hive_2015-09-06_13-13-47_721_8710892069415460872-1/_tmp.-ext-10001/000000_0
15/09/06 13:13:48 INFO exec.SelectOperator: 54 finished. closing... 
15/09/06 13:13:48 INFO exec.FileSinkOperator: 55 finished. closing... 
15/09/06 13:13:48 INFO exec.FileSinkOperator: FS[55]: records written - 1
15/09/06 13:13:48 INFO exec.FileSinkOperator: RECORDS_OUT_0:1
15/09/06 13:13:48 INFO exec.FileSinkOperator: 55 Close done
15/09/06 13:13:48 INFO exec.SelectOperator: 54 Close done
15/09/06 13:13:48 INFO exec.GroupByOperator: 53 Close done
15/09/06 13:13:48 INFO mapred.Task: Task:attempt_local483405790_0004_r_000000_0 is done. And is in the process of commiting
15/09/06 13:13:48 INFO mapred.LocalJobRunner: reduce > reduce
15/09/06 13:13:48 INFO mapred.Task: Task 'attempt_local483405790_0004_r_000000_0' done.
2015-09-06 13:13:48,032 Stage-1 map = 100%,  reduce = 100%
15/09/06 13:13:48 INFO exec.Task: 2015-09-06 13:13:48,032 Stage-1 map = 100%,  reduce = 100%
Ended Job = job_local483405790_0004
15/09/06 13:13:48 INFO exec.Task: Ended Job = job_local483405790_0004
15/09/06 13:13:48 INFO exec.FileSinkOperator: Moving tmp dir: file:/var/folders/y7/4_pz5fzx54ngcmghz3v6t3m00000gn/T/junit4238406739563525852/scratchdir/hive_2015-09-06_13-13-47_721_8710892069415460872-1/-mr-10000/.hive-staging_hive_2015-09-06_13-13-47_721_8710892069415460872-1/_tmp.-ext-10001 to: file:/var/folders/y7/4_pz5fzx54ngcmghz3v6t3m00000gn/T/junit4238406739563525852/scratchdir/hive_2015-09-06_13-13-47_721_8710892069415460872-1/-mr-10000/.hive-staging_hive_2015-09-06_13-13-47_721_8710892069415460872-1/-ext-10001
15/09/06 13:13:48 INFO log.PerfLogger: </PERFLOG method=runTasks start=1441563227814 end=1441563228035 duration=221 from=org.apache.hadoop.hive.ql.Driver>
15/09/06 13:13:48 INFO log.PerfLogger: </PERFLOG method=Driver.execute start=1441563227814 end=1441563228035 duration=221 from=org.apache.hadoop.hive.ql.Driver>
MapReduce Jobs Launched: 
15/09/06 13:13:48 INFO ql.Driver: MapReduce Jobs Launched: 
Stage-Stage-1:  HDFS Read: 0 HDFS Write: 0 SUCCESS
15/09/06 13:13:48 INFO ql.Driver: Stage-Stage-1:  HDFS Read: 0 HDFS Write: 0 SUCCESS
Total MapReduce CPU Time Spent: 0 msec
15/09/06 13:13:48 INFO ql.Driver: Total MapReduce CPU Time Spent: 0 msec
OK
15/09/06 13:13:48 INFO ql.Driver: OK
15/09/06 13:13:48 INFO log.PerfLogger: <PERFLOG method=releaseLocks from=org.apache.hadoop.hive.ql.Driver>
15/09/06 13:13:48 INFO log.PerfLogger: </PERFLOG method=releaseLocks start=1441563228035 end=1441563228035 duration=0 from=org.apache.hadoop.hive.ql.Driver>
15/09/06 13:13:48 INFO log.PerfLogger: </PERFLOG method=Driver.run start=1441563227721 end=1441563228035 duration=314 from=org.apache.hadoop.hive.ql.Driver>
15/09/06 13:13:48 INFO mapred.FileInputFormat: Total input paths to process : 1
15/09/06 13:13:48 INFO service.HiveServer: Running the query: select COUNT(*) from dealer_hierarchy_core where dealer_code='AAAA'
15/09/06 13:13:48 INFO exec.ListSinkOperator: 51 finished. closing... 
15/09/06 13:13:48 INFO exec.ListSinkOperator: 51 Close done
15/09/06 13:13:48 INFO log.PerfLogger: <PERFLOG method=Driver.run from=org.apache.hadoop.hive.ql.Driver>
15/09/06 13:13:48 INFO log.PerfLogger: <PERFLOG method=TimeToSubmit from=org.apache.hadoop.hive.ql.Driver>
15/09/06 13:13:48 INFO ql.Driver: Concurrency mode is disabled, not creating a lock manager
15/09/06 13:13:48 INFO log.PerfLogger: <PERFLOG method=compile from=org.apache.hadoop.hive.ql.Driver>
15/09/06 13:13:48 INFO log.PerfLogger: <PERFLOG method=parse from=org.apache.hadoop.hive.ql.Driver>
15/09/06 13:13:48 INFO parse.ParseDriver: Parsing command: select COUNT(*) from dealer_hierarchy_core where dealer_code='AAAA'
15/09/06 13:13:48 INFO parse.ParseDriver: Parse Completed
15/09/06 13:13:48 INFO log.PerfLogger: </PERFLOG method=parse start=1441563228040 end=1441563228041 duration=1 from=org.apache.hadoop.hive.ql.Driver>
15/09/06 13:13:48 INFO log.PerfLogger: <PERFLOG method=semanticAnalyze from=org.apache.hadoop.hive.ql.Driver>
15/09/06 13:13:48 INFO parse.SemanticAnalyzer: Starting Semantic Analysis
15/09/06 13:13:48 INFO parse.SemanticAnalyzer: Completed phase 1 of Semantic Analysis
15/09/06 13:13:48 INFO parse.SemanticAnalyzer: Get metadata for source tables
15/09/06 13:13:48 INFO metastore.HiveMetaStore: 0: get_table : db=ddsw_dev tbl=dealer_hierarchy_core
15/09/06 13:13:48 INFO HiveMetaStore.audit: ugi=hpatel	ip=unknown-ip-addr	cmd=get_table : db=ddsw_dev tbl=dealer_hierarchy_core	
15/09/06 13:13:48 INFO avro.AvroSerDe: Avro schema is {"type":"record","name":"DEALER_HIERARCHY_CORE","doc":"Sqoop import of DEALER_HIERARCHY","fields":[{"name":"File_Name","type":["string","null"],"columnName":"File_Name"},{"name":"GEN_ID","type":["string","null"],"columnName":"GEN_ID"},{"name":"DMS_SYSTEM","type":["string","null"],"columnName":"DMS_SYSTEM"},{"name":"DMS_VERSION","type":["string","null"],"columnName":"DMS_VERSION"},{"name":"TRANSMIT_TS","type":["string","null"],"columnName":"TRANSMIT_TS"},{"name":"ORIG_TRANSMIT_TS","type":["string","null"],"columnName":"TRANSMIT_TS"},{"name":"TRANSMIT_BY","type":["string","null"],"columnName":"TRANSMIT_BY"},{"name":"RECORD_STATUS","type":["string","null"],"columnName":"RECORD_STATUS"},{"name":"DEALER_UPDT_IND","type":["string","null"],"columnName":"DEALER_UPDT_IND","sqlType":"1"},{"name":"STORE_NUMBER","type":["string","null"],"columnName":"STORE_NUMBER"},{"name":"PART_TYPE","type":["string","null"],"columnName":"PART_TYPE"},{"name":"STORE_NAME","type":["string","null"],"columnName":"STORE_NAME"},{"name":"INVENTORY_STORE_NUMBER","type":["string","null"],"columnName":"INVENTORY_STORE_NUMBER"},{"name":"CAT_EMRG_DEALER_CODE","type":["string","null"],"columnName":"CAT_EMRG_DEALER_CODE"},{"name":"CAT_STOCK_DEALER_CODE","type":["string","null"],"columnName":"CAT_STOCK_DEALER_CODE"},{"name":"STOCK_REPLEN_STORE_NUMBER","type":["string","null"],"columnName":"STOCK_REPLEN_STORE_NUMBER"},{"name":"STOCK_REPLEN_LEAD_TIME","type":["string","null"],"columnName":"STOCK_REPLEN_LEAD_TIME"},{"name":"LST_UPDT_TS","type":["string","null"],"columnName":"LST_UPDT_TS"},{"name":"ORIG_LST_UPDT_TS","type":["string","null"],"columnName":"ORIG_LST_UPDT_TS"},{"name":"LST_UPDT_BY_ID","type":["string","null"],"columnName":"LST_UPDT_BY_ID"},{"name":"FILE_INS_TS","type":["string","null"],"columnName":"FILE_INS_TS"},{"name":"ORIG_FILE_INS_TS","type":["string","null"],"columnName":"ORIG_FILE_INS_TS"},{"name":"EXP_STOCK_PLAN_LEAD_TIME","type":["string","null"],"columnName":"EXP_STOCK_PLAN_LEAD_TIME"}],"tableName":"DEALER_HIERARCHY_CORE"}
15/09/06 13:13:48 INFO avro.AvroSerDe: Avro schema is {"type":"record","name":"DEALER_HIERARCHY_CORE","doc":"Sqoop import of DEALER_HIERARCHY","fields":[{"name":"File_Name","type":["string","null"],"columnName":"File_Name"},{"name":"GEN_ID","type":["string","null"],"columnName":"GEN_ID"},{"name":"DMS_SYSTEM","type":["string","null"],"columnName":"DMS_SYSTEM"},{"name":"DMS_VERSION","type":["string","null"],"columnName":"DMS_VERSION"},{"name":"TRANSMIT_TS","type":["string","null"],"columnName":"TRANSMIT_TS"},{"name":"ORIG_TRANSMIT_TS","type":["string","null"],"columnName":"TRANSMIT_TS"},{"name":"TRANSMIT_BY","type":["string","null"],"columnName":"TRANSMIT_BY"},{"name":"RECORD_STATUS","type":["string","null"],"columnName":"RECORD_STATUS"},{"name":"DEALER_UPDT_IND","type":["string","null"],"columnName":"DEALER_UPDT_IND","sqlType":"1"},{"name":"STORE_NUMBER","type":["string","null"],"columnName":"STORE_NUMBER"},{"name":"PART_TYPE","type":["string","null"],"columnName":"PART_TYPE"},{"name":"STORE_NAME","type":["string","null"],"columnName":"STORE_NAME"},{"name":"INVENTORY_STORE_NUMBER","type":["string","null"],"columnName":"INVENTORY_STORE_NUMBER"},{"name":"CAT_EMRG_DEALER_CODE","type":["string","null"],"columnName":"CAT_EMRG_DEALER_CODE"},{"name":"CAT_STOCK_DEALER_CODE","type":["string","null"],"columnName":"CAT_STOCK_DEALER_CODE"},{"name":"STOCK_REPLEN_STORE_NUMBER","type":["string","null"],"columnName":"STOCK_REPLEN_STORE_NUMBER"},{"name":"STOCK_REPLEN_LEAD_TIME","type":["string","null"],"columnName":"STOCK_REPLEN_LEAD_TIME"},{"name":"LST_UPDT_TS","type":["string","null"],"columnName":"LST_UPDT_TS"},{"name":"ORIG_LST_UPDT_TS","type":["string","null"],"columnName":"ORIG_LST_UPDT_TS"},{"name":"LST_UPDT_BY_ID","type":["string","null"],"columnName":"LST_UPDT_BY_ID"},{"name":"FILE_INS_TS","type":["string","null"],"columnName":"FILE_INS_TS"},{"name":"ORIG_FILE_INS_TS","type":["string","null"],"columnName":"ORIG_FILE_INS_TS"},{"name":"EXP_STOCK_PLAN_LEAD_TIME","type":["string","null"],"columnName":"EXP_STOCK_PLAN_LEAD_TIME"}],"tableName":"DEALER_HIERARCHY_CORE"}
15/09/06 13:13:48 INFO parse.SemanticAnalyzer: Get metadata for subqueries
15/09/06 13:13:48 INFO parse.SemanticAnalyzer: Get metadata for destination tables
15/09/06 13:13:48 INFO ql.Context: New scratch dir is file:/var/folders/y7/4_pz5fzx54ngcmghz3v6t3m00000gn/T/junit4238406739563525852/scratchdir/hive_2015-09-06_13-13-48_040_6281748438672959462-1
15/09/06 13:13:48 INFO parse.SemanticAnalyzer: Completed getting MetaData in Semantic Analysis
15/09/06 13:13:48 INFO common.FileUtils: Creating directory if it doesn't exist: file:/var/folders/y7/4_pz5fzx54ngcmghz3v6t3m00000gn/T/junit4238406739563525852/scratchdir/hive_2015-09-06_13-13-48_040_6281748438672959462-1/-mr-10000/.hive-staging_hive_2015-09-06_13-13-48_040_6281748438672959462-1
15/09/06 13:13:48 INFO parse.SemanticAnalyzer: Set stats collection dir : file:/var/folders/y7/4_pz5fzx54ngcmghz3v6t3m00000gn/T/junit4238406739563525852/scratchdir/hive_2015-09-06_13-13-48_040_6281748438672959462-1/-mr-10000/.hive-staging_hive_2015-09-06_13-13-48_040_6281748438672959462-1/-ext-10002
15/09/06 13:13:48 INFO ppd.OpProcFactory: Processing for FS(67)
15/09/06 13:13:48 INFO ppd.OpProcFactory: Processing for SEL(66)
15/09/06 13:13:48 INFO ppd.OpProcFactory: Processing for GBY(65)
15/09/06 13:13:48 INFO ppd.OpProcFactory: Processing for RS(64)
15/09/06 13:13:48 INFO ppd.OpProcFactory: Processing for GBY(63)
15/09/06 13:13:48 INFO ppd.OpProcFactory: Processing for SEL(62)
15/09/06 13:13:48 INFO ppd.OpProcFactory: Processing for FIL(61)
15/09/06 13:13:48 INFO ppd.OpProcFactory: Pushdown Predicates of FIL For Alias : dealer_hierarchy_core
15/09/06 13:13:48 INFO ppd.OpProcFactory: 	(dealer_code = 'AAAA')
15/09/06 13:13:48 INFO ppd.OpProcFactory: Processing for TS(60)
15/09/06 13:13:48 INFO ppd.OpProcFactory: Pushdown Predicates of TS For Alias : dealer_hierarchy_core
15/09/06 13:13:48 INFO ppd.OpProcFactory: 	(dealer_code = 'AAAA')
15/09/06 13:13:48 INFO log.PerfLogger: <PERFLOG method=partition-retrieving from=org.apache.hadoop.hive.ql.optimizer.ppr.PartitionPruner>
15/09/06 13:13:48 INFO metastore.HiveMetaStore: 0: get_partitions_by_expr : db=ddsw_dev tbl=dealer_hierarchy_core
15/09/06 13:13:48 INFO HiveMetaStore.audit: ugi=hpatel	ip=unknown-ip-addr	cmd=get_partitions_by_expr : db=ddsw_dev tbl=dealer_hierarchy_core	
15/09/06 13:13:48 INFO log.PerfLogger: </PERFLOG method=partition-retrieving start=1441563228130 end=1441563228156 duration=26 from=org.apache.hadoop.hive.ql.optimizer.ppr.PartitionPruner>
15/09/06 13:13:48 INFO optimizer.ColumnPrunerProcFactory: RS 64 oldColExprMap: {VALUE._col0=Column[_col0]}
15/09/06 13:13:48 INFO optimizer.ColumnPrunerProcFactory: RS 64 newColExprMap: {VALUE._col0=Column[_col0]}
15/09/06 13:13:48 INFO optimizer.SortedDynPartitionOptimizer: Sorted dynamic partitioning optimization kicked in..
15/09/06 13:13:48 INFO parse.SemanticAnalyzer: Completed plan generation
15/09/06 13:13:48 INFO ql.Driver: Semantic Analysis Completed
15/09/06 13:13:48 INFO log.PerfLogger: </PERFLOG method=semanticAnalyze start=1441563228041 end=1441563228159 duration=118 from=org.apache.hadoop.hive.ql.Driver>
15/09/06 13:13:48 INFO exec.ListSinkOperator: Initializing Self 69 OP
15/09/06 13:13:48 INFO exec.ListSinkOperator: Operator 69 OP initialized
15/09/06 13:13:48 INFO exec.ListSinkOperator: Initialization Done 69 OP
15/09/06 13:13:48 INFO ql.Driver: Returning Hive schema: Schema(fieldSchemas:[FieldSchema(name:_c0, type:bigint, comment:null)], properties:null)
15/09/06 13:13:48 INFO log.PerfLogger: </PERFLOG method=compile start=1441563228040 end=1441563228160 duration=120 from=org.apache.hadoop.hive.ql.Driver>
15/09/06 13:13:48 INFO log.PerfLogger: <PERFLOG method=Driver.execute from=org.apache.hadoop.hive.ql.Driver>
15/09/06 13:13:48 INFO ql.Driver: Starting command: select COUNT(*) from dealer_hierarchy_core where dealer_code='AAAA'
Total jobs = 1
15/09/06 13:13:48 INFO ql.Driver: Total jobs = 1
15/09/06 13:13:48 INFO log.PerfLogger: </PERFLOG method=TimeToSubmit start=1441563228040 end=1441563228160 duration=120 from=org.apache.hadoop.hive.ql.Driver>
15/09/06 13:13:48 INFO log.PerfLogger: <PERFLOG method=runTasks from=org.apache.hadoop.hive.ql.Driver>
15/09/06 13:13:48 INFO log.PerfLogger: <PERFLOG method=task.MAPRED.Stage-1 from=org.apache.hadoop.hive.ql.Driver>
Launching Job 1 out of 1
15/09/06 13:13:48 INFO ql.Driver: Launching Job 1 out of 1
Number of reduce tasks determined at compile time: 1
15/09/06 13:13:48 INFO exec.Task: Number of reduce tasks determined at compile time: 1
In order to change the average load for a reducer (in bytes):
15/09/06 13:13:48 INFO exec.Task: In order to change the average load for a reducer (in bytes):
  set hive.exec.reducers.bytes.per.reducer=<number>
15/09/06 13:13:48 INFO exec.Task:   set hive.exec.reducers.bytes.per.reducer=<number>
In order to limit the maximum number of reducers:
15/09/06 13:13:48 INFO exec.Task: In order to limit the maximum number of reducers:
  set hive.exec.reducers.max=<number>
15/09/06 13:13:48 INFO exec.Task:   set hive.exec.reducers.max=<number>
In order to set a constant number of reducers:
15/09/06 13:13:48 INFO exec.Task: In order to set a constant number of reducers:
  set mapreduce.job.reduces=<number>
15/09/06 13:13:48 INFO exec.Task:   set mapreduce.job.reduces=<number>
15/09/06 13:13:48 INFO ql.Context: New scratch dir is file:/var/folders/y7/4_pz5fzx54ngcmghz3v6t3m00000gn/T/junit4238406739563525852/scratchdir/hive_2015-09-06_13-13-48_040_6281748438672959462-1
15/09/06 13:13:48 INFO mr.ExecDriver: Using org.apache.hadoop.hive.ql.io.CombineHiveInputFormat
15/09/06 13:13:48 INFO exec.Utilities: Processing alias dealer_hierarchy_core
15/09/06 13:13:48 INFO exec.Utilities: Adding input file file:/var/folders/y7/4_pz5fzx54ngcmghz3v6t3m00000gn/T/junit4238406739563525852/hadooptmp/dealer_hierarchy/core_data/dealer_code=AAAA
15/09/06 13:13:48 INFO exec.Utilities: Content Summary not cached for file:/var/folders/y7/4_pz5fzx54ngcmghz3v6t3m00000gn/T/junit4238406739563525852/hadooptmp/dealer_hierarchy/core_data/dealer_code=AAAA
15/09/06 13:13:48 INFO ql.Context: New scratch dir is file:/var/folders/y7/4_pz5fzx54ngcmghz3v6t3m00000gn/T/junit4238406739563525852/scratchdir/hive_2015-09-06_13-13-48_040_6281748438672959462-1
15/09/06 13:13:48 INFO log.PerfLogger: <PERFLOG method=serializePlan from=org.apache.hadoop.hive.ql.exec.Utilities>
15/09/06 13:13:48 INFO exec.Utilities: Serializing MapWork via kryo
15/09/06 13:13:48 INFO log.PerfLogger: </PERFLOG method=serializePlan start=1441563228164 end=1441563228167 duration=3 from=org.apache.hadoop.hive.ql.exec.Utilities>
15/09/06 13:13:48 INFO exec.Utilities: Setting plan: /var/folders/y7/4_pz5fzx54ngcmghz3v6t3m00000gn/T/junit4238406739563525852/scratchdir/hive_2015-09-06_13-13-48_040_6281748438672959462-1/-mr-10004/b24c9b8e-390a-405f-89d1-a5fd23541eab/map.xml
15/09/06 13:13:48 INFO log.PerfLogger: <PERFLOG method=serializePlan from=org.apache.hadoop.hive.ql.exec.Utilities>
15/09/06 13:13:48 INFO exec.Utilities: Serializing ReduceWork via kryo
15/09/06 13:13:48 INFO log.PerfLogger: </PERFLOG method=serializePlan start=1441563228167 end=1441563228171 duration=4 from=org.apache.hadoop.hive.ql.exec.Utilities>
15/09/06 13:13:48 INFO exec.Utilities: Setting plan: /var/folders/y7/4_pz5fzx54ngcmghz3v6t3m00000gn/T/junit4238406739563525852/scratchdir/hive_2015-09-06_13-13-48_040_6281748438672959462-1/-mr-10004/b24c9b8e-390a-405f-89d1-a5fd23541eab/reduce.xml
15/09/06 13:13:48 INFO jvm.JvmMetrics: Cannot initialize JVM Metrics with processName=JobTracker, sessionId= - already initialized
15/09/06 13:13:48 WARN mapred.JobClient: Use GenericOptionsParser for parsing the arguments. Applications should implement Tool for the same.
15/09/06 13:13:48 INFO log.PerfLogger: <PERFLOG method=getSplits from=org.apache.hadoop.hive.ql.io.CombineHiveInputFormat>
15/09/06 13:13:48 INFO avro.AvroSerDe: Avro schema is {"type":"record","name":"DEALER_HIERARCHY_CORE","doc":"Sqoop import of DEALER_HIERARCHY","fields":[{"name":"File_Name","type":["string","null"],"columnName":"File_Name"},{"name":"GEN_ID","type":["string","null"],"columnName":"GEN_ID"},{"name":"DMS_SYSTEM","type":["string","null"],"columnName":"DMS_SYSTEM"},{"name":"DMS_VERSION","type":["string","null"],"columnName":"DMS_VERSION"},{"name":"TRANSMIT_TS","type":["string","null"],"columnName":"TRANSMIT_TS"},{"name":"ORIG_TRANSMIT_TS","type":["string","null"],"columnName":"TRANSMIT_TS"},{"name":"TRANSMIT_BY","type":["string","null"],"columnName":"TRANSMIT_BY"},{"name":"RECORD_STATUS","type":["string","null"],"columnName":"RECORD_STATUS"},{"name":"DEALER_UPDT_IND","type":["string","null"],"columnName":"DEALER_UPDT_IND","sqlType":"1"},{"name":"STORE_NUMBER","type":["string","null"],"columnName":"STORE_NUMBER"},{"name":"PART_TYPE","type":["string","null"],"columnName":"PART_TYPE"},{"name":"STORE_NAME","type":["string","null"],"columnName":"STORE_NAME"},{"name":"INVENTORY_STORE_NUMBER","type":["string","null"],"columnName":"INVENTORY_STORE_NUMBER"},{"name":"CAT_EMRG_DEALER_CODE","type":["string","null"],"columnName":"CAT_EMRG_DEALER_CODE"},{"name":"CAT_STOCK_DEALER_CODE","type":["string","null"],"columnName":"CAT_STOCK_DEALER_CODE"},{"name":"STOCK_REPLEN_STORE_NUMBER","type":["string","null"],"columnName":"STOCK_REPLEN_STORE_NUMBER"},{"name":"STOCK_REPLEN_LEAD_TIME","type":["string","null"],"columnName":"STOCK_REPLEN_LEAD_TIME"},{"name":"LST_UPDT_TS","type":["string","null"],"columnName":"LST_UPDT_TS"},{"name":"ORIG_LST_UPDT_TS","type":["string","null"],"columnName":"ORIG_LST_UPDT_TS"},{"name":"LST_UPDT_BY_ID","type":["string","null"],"columnName":"LST_UPDT_BY_ID"},{"name":"FILE_INS_TS","type":["string","null"],"columnName":"FILE_INS_TS"},{"name":"ORIG_FILE_INS_TS","type":["string","null"],"columnName":"ORIG_FILE_INS_TS"},{"name":"EXP_STOCK_PLAN_LEAD_TIME","type":["string","null"],"columnName":"EXP_STOCK_PLAN_LEAD_TIME"}],"tableName":"DEALER_HIERARCHY_CORE"}
15/09/06 13:13:48 INFO io.CombineHiveInputFormat: CombineHiveInputSplit creating pool for file:/var/folders/y7/4_pz5fzx54ngcmghz3v6t3m00000gn/T/junit4238406739563525852/hadooptmp/dealer_hierarchy/core_data/dealer_code=AAAA; using filter path file:/var/folders/y7/4_pz5fzx54ngcmghz3v6t3m00000gn/T/junit4238406739563525852/hadooptmp/dealer_hierarchy/core_data/dealer_code=AAAA
15/09/06 13:13:48 INFO mapred.FileInputFormat: Total input paths to process : 1
15/09/06 13:13:48 INFO io.CombineHiveInputFormat: number of splits 1
15/09/06 13:13:48 INFO log.PerfLogger: </PERFLOG method=getSplits start=1441563228242 end=1441563228253 duration=11 from=org.apache.hadoop.hive.ql.io.CombineHiveInputFormat>
Starting Job = job_local1026170993_0005, Tracking URL = http://localhost:8080/15/09/06 13:13:48 INFO mapred.LocalJobRunner: OutputCommitter set in config org.apache.hadoop.hive.shims.HadoopShimsSecure$NullOutputCommitter

15/09/06 13:13:48 INFO exec.Task: Starting Job = job_local1026170993_0005, Tracking URL = http://localhost:8080/
15/09/06 13:13:48 INFO mapred.LocalJobRunner: OutputCommitter is org.apache.hadoop.hive.shims.HadoopShimsSecure$NullOutputCommitter
Kill Command = NO_BIN! job  -kill job_local1026170993_0005
15/09/06 13:13:48 INFO exec.Task: Kill Command = NO_BIN! job  -kill job_local1026170993_0005
15/09/06 13:13:48 INFO mapred.LocalJobRunner: Waiting for map tasks
15/09/06 13:13:48 INFO mapred.LocalJobRunner: Starting task: attempt_local1026170993_0005_m_000000_0
15/09/06 13:13:48 WARN mapreduce.Counters: Group org.apache.hadoop.mapred.Task$Counter is deprecated. Use org.apache.hadoop.mapreduce.TaskCounter instead
Hadoop job information for Stage-1: number of mappers: 0; number of reducers: 0
15/09/06 13:13:48 INFO exec.Task: Hadoop job information for Stage-1: number of mappers: 0; number of reducers: 0
15/09/06 13:13:48 INFO mapred.Task:  Using ResourceCalculatorPlugin : null
15/09/06 13:13:48 WARN mapreduce.Counters: Group org.apache.hadoop.mapred.Task$Counter is deprecated. Use org.apache.hadoop.mapreduce.TaskCounter instead
2015-09-06 13:13:48,313 Stage-1 map = 0%,  reduce = 0%
15/09/06 13:13:48 INFO exec.Task: 2015-09-06 13:13:48,313 Stage-1 map = 0%,  reduce = 0%
15/09/06 13:13:48 INFO mapred.MapTask: Processing split: Paths:/var/folders/y7/4_pz5fzx54ngcmghz3v6t3m00000gn/T/junit4238406739563525852/hadooptmp/dealer_hierarchy/core_data/dealer_code=AAAA/000000_0:0+2335InputFormatClass: org.apache.hadoop.hive.ql.io.avro.AvroContainerInputFormat

15/09/06 13:13:48 INFO avro.AvroGenericRecordReader: Matching partition file:/var/folders/y7/4_pz5fzx54ngcmghz3v6t3m00000gn/T/junit4238406739563525852/hadooptmp/dealer_hierarchy/core_data/dealer_code=AAAA with input split file:/var/folders/y7/4_pz5fzx54ngcmghz3v6t3m00000gn/T/junit4238406739563525852/hadooptmp/dealer_hierarchy/core_data/dealer_code=AAAA/000000_0:0+2335
15/09/06 13:13:48 INFO io.HiveContextAwareRecordReader: Processing file file:/var/folders/y7/4_pz5fzx54ngcmghz3v6t3m00000gn/T/junit4238406739563525852/hadooptmp/dealer_hierarchy/core_data/dealer_code=AAAA/000000_0
15/09/06 13:13:48 WARN mapreduce.Counters: Counter name MAP_INPUT_BYTES is deprecated. Use FileInputFormatCounters as group name and  BYTES_READ as counter name instead
15/09/06 13:13:48 INFO mapred.MapTask: numReduceTasks: 1
15/09/06 13:13:48 INFO mapred.MapTask: Map output collector class = org.apache.hadoop.mapred.MapTask$MapOutputBuffer
15/09/06 13:13:48 INFO mapred.MapTask: io.sort.mb = 100
15/09/06 13:13:48 INFO mapred.MapTask: data buffer = 79691776/99614720
15/09/06 13:13:48 INFO mapred.MapTask: record buffer = 262144/327680
15/09/06 13:13:48 INFO mr.ExecMapper: maximum memory = 3817865216
15/09/06 13:13:48 INFO mr.ExecMapper: conf classpath = [file:/Users/hpatel/.gradle/caches/2.1/workerMain/gradle-worker.jar, file:/Users/hpatel/Tech/Projects/CAT/ddsw_dev/hive-test/build/classes/test/, file:/Users/hpatel/Tech/Projects/CAT/ddsw_dev/hive-test/build/resources/test/, file:/Users/hpatel/Tech/Projects/CAT/ddsw_dev/hive-test/build/classes/main/, file:/Users/hpatel/Tech/Projects/CAT/ddsw_dev/hive-test/build/resources/main, file:/Users/hpatel/.gradle/caches/modules-2/files-2.1/junit/junit/4.11/4e031bb61df09069aeb2bffb4019e7a5034a4ee0/junit-4.11.jar, file:/Users/hpatel/.gradle/caches/modules-2/files-2.1/com.klarna/hiverunner/1.0.0/e26bb0655fff4d88fab91f331793d9fc1db392cc/HiveRunner-1.0.0.jar, file:/Users/hpatel/Tech/Projects/CAT/ddsw_dev/custom-cat-udfs/build/libs/custom-cat-udfs-0.1.38-SNAPSHOT.jar, file:/Users/hpatel/.gradle/caches/modules-2/files-2.1/org.apache.hadoop/hadoop-client/2.5.0-cdh5.3.3/ec3cd6a8cb043e73a42918934c5d3a3f2747c78b/hadoop-client-2.5.0-cdh5.3.3.jar, file:/Users/hpatel/.gradle/caches/modules-2/files-2.1/org.hsqldb/hsqldb/2.3.1/bd7153caa30958e1c64a3dd38b93e5a7442d9a0e/hsqldb-2.3.1.jar, file:/Users/hpatel/.gradle/caches/modules-2/files-2.1/org.apache.hadoop/hadoop-core/2.5.0-mr1-cdh5.3.3/f6f4a77f818757da51ae0244310855779c04c4be/hadoop-core-2.5.0-mr1-cdh5.3.3.jar, file:/Users/hpatel/.gradle/caches/modules-2/files-2.1/org.reflections/reflections/0.9.8/f723abb59bf512952bfc503838f70f81487a6993/reflections-0.9.8.jar, file:/Users/hpatel/.gradle/caches/modules-2/files-2.1/org.mockito/mockito-core/1.10.19/e8546f5bef4e061d8dd73895b4e8f40e3fe6effe/mockito-core-1.10.19.jar, file:/Users/hpatel/.gradle/caches/modules-2/files-2.1/org.hamcrest/hamcrest-core/1.3/42a25dc3219429f0e5d060061f71acb49bf010a0/hamcrest-core-1.3.jar, file:/Users/hpatel/.gradle/caches/modules-2/files-2.1/org.pentaho/pentaho-aggdesigner-algorithm/5.1.5-jhyde/c52379c645c6c85300e645dff7c72653bf85baa2/pentaho-aggdesigner-algorithm-5.1.5-jhyde.jar, file:/Users/hpatel/.gradle/caches/modules-2/files-2.1/org.apache.hive/hive-serde/0.13.1-cdh5.3.3/9cee47c844d726e9bcef6ab292e1319b7fbddaa3/hive-serde-0.13.1-cdh5.3.3.jar, file:/Users/hpatel/.gradle/caches/modules-2/files-2.1/org.apache.hadoop/hadoop-common/2.5.0-cdh5.3.3/f0862eb1dc33c1807ea29a248af75551e3c6836a/hadoop-common-2.5.0-cdh5.3.3.jar, file:/Users/hpatel/.gradle/caches/modules-2/files-2.1/org.apache.hive/hive-contrib/0.13.1-cdh5.3.3/bf89b429c9b173ac275dc0c1623f5c30e780ee98/hive-contrib-0.13.1-cdh5.3.3.jar, file:/Users/hpatel/.gradle/caches/modules-2/files-2.1/org.datanucleus/datanucleus-core/3.2.12/3212183bb5a2826cd5ff194b9a54619dd0bdf31f/datanucleus-core-3.2.12.jar, file:/Users/hpatel/.gradle/caches/modules-2/files-2.1/org.datanucleus/datanucleus-rdbms/3.2.11/5b053144c89fdff1505b853aa7f1e5ba7657da75/datanucleus-rdbms-3.2.11.jar, file:/Users/hpatel/.gradle/caches/modules-2/files-2.1/org.datanucleus/datanucleus-api-jdo/3.2.8/efc60221fbc91e95cf5758b98c6c5531660696cb/datanucleus-api-jdo-3.2.8.jar, file:/Users/hpatel/.gradle/caches/modules-2/files-2.1/org.apache.hive/hive-shims/0.13.1-cdh5.3.3/47b029532c0b9d45526dcdd858823e6f9634ab81/hive-shims-0.13.1-cdh5.3.3.jar, file:/Users/hpatel/.gradle/caches/modules-2/files-2.1/org.apache.commons/commons-lang3/3.3.1/6738a2da2202ce360f0af90aba005c1e05a2c4cd/commons-lang3-3.3.1.jar, file:/Users/hpatel/.gradle/caches/modules-2/files-2.1/joda-time/joda-time/2.3/56498efd17752898cfcc3868c1b6211a07b12b8f/joda-time-2.3.jar, file:/Users/hpatel/.gradle/caches/modules-2/files-2.1/org.apache.hadoop/hadoop-hdfs/2.5.0-cdh5.3.3/5dd5e2be13d89a9eaab89d3a33bcdf6677671aa9/hadoop-hdfs-2.5.0-cdh5.3.3.jar, file:/Users/hpatel/.gradle/caches/modules-2/files-2.1/org.apache.hadoop/hadoop-mapreduce-client-app/2.5.0-cdh5.3.3/579948f8fa6d9d72bf507bd021fa3dcc0670e95f/hadoop-mapreduce-client-app-2.5.0-cdh5.3.3.jar, file:/Users/hpatel/.gradle/caches/modules-2/files-2.1/org.apache.hadoop/hadoop-yarn-api/2.5.0-cdh5.3.3/a6d9b4b7cbcacd000350a3e33c70269101b5fc79/hadoop-yarn-api-2.5.0-cdh5.3.3.jar, file:/Users/hpatel/.gradle/caches/modules-2/files-2.1/org.apache.hadoop/hadoop-mapreduce-client-core/2.5.0-cdh5.3.3/f2c8eaa2b8a5839a7781f04cf59c4d1abfefec9e/hadoop-mapreduce-client-core-2.5.0-cdh5.3.3.jar, file:/Users/hpatel/.gradle/caches/modules-2/files-2.1/org.apache.hadoop/hadoop-mapreduce-client-jobclient/2.5.0-cdh5.3.3/f8baecab9a91245a97e29e4867a7f5ae128ef8a9/hadoop-mapreduce-client-jobclient-2.5.0-cdh5.3.3.jar, file:/Users/hpatel/.gradle/caches/modules-2/files-2.1/org.apache.hadoop/hadoop-aws/2.5.0-cdh5.3.3/f712d9cf59c859914254bed5c87ee4e5a2204e78/hadoop-aws-2.5.0-cdh5.3.3.jar, file:/Users/hpatel/.gradle/caches/modules-2/files-2.1/org.apache.hadoop/hadoop-annotations/2.5.0-cdh5.3.3/e3b40743127d82ff7a6f263d00419368a46ce608/hadoop-annotations-2.5.0-cdh5.3.3.jar, file:/Users/hpatel/.gradle/caches/modules-2/files-2.1/commons-collections/commons-collections/3.2.1/761ea405b9b37ced573d2df0d1e3a4e0f9edc668/commons-collections-3.2.1.jar, file:/Users/hpatel/.gradle/caches/modules-2/files-2.1/commons-configuration/commons-configuration/1.6/32cadde23955d7681b0d94a2715846d20b425235/commons-configuration-1.6.jar, file:/Users/hpatel/.gradle/caches/modules-2/files-2.1/jline/jline/0.9.94/99a18e9a44834afdebc467294e1138364c207402/jline-0.9.94.jar, file:/Users/hpatel/.gradle/caches/modules-2/files-2.1/commons-cli/commons-cli/1.2/2bf96b7aa8b611c177d329452af1dc933e14501c/commons-cli-1.2.jar, file:/Users/hpatel/.gradle/caches/modules-2/files-2.1/xmlenc/xmlenc/0.52/d82554efbe65906d83b3d97bd7509289e9db561a/xmlenc-0.52.jar, file:/Users/hpatel/.gradle/caches/modules-2/files-2.1/commons-httpclient/commons-httpclient/3.1/964cd74171f427720480efdec40a7c7f6e58426a/commons-httpclient-3.1.jar, file:/Users/hpatel/.gradle/caches/modules-2/files-2.1/commons-net/commons-net/3.1/2298164a7c2484406f2aa5ac85b205d39019896f/commons-net-3.1.jar, file:/Users/hpatel/.gradle/caches/modules-2/files-2.1/tomcat/jasper-runtime/5.5.23/96ca5528a93ab47b001476b74320c644beb89dde/jasper-runtime-5.5.23.jar, file:/Users/hpatel/.gradle/caches/modules-2/files-2.1/tomcat/jasper-compiler/5.5.23/6d35bd7fb8c4fbc1f5401fb3678aa976d2e4c241/jasper-compiler-5.5.23.jar, file:/Users/hpatel/.gradle/caches/modules-2/files-2.1/javax.servlet.jsp/jsp-api/2.1/63f943103f250ef1f3a4d5e94d145a0f961f5316/jsp-api-2.1.jar, file:/Users/hpatel/.gradle/caches/modules-2/files-2.1/commons-el/commons-el/1.0/1df2c042b3f2de0124750241ac6c886dbfa2cc2c/commons-el-1.0.jar, file:/Users/hpatel/.gradle/caches/modules-2/files-2.1/javax.servlet/servlet-api/2.5/5959582d97d8b61f4d154ca9e495aafd16726e34/servlet-api-2.5.jar, file:/Users/hpatel/.gradle/caches/modules-2/files-2.1/hsqldb/hsqldb/1.8.0.10/7e9978fdb754bce5fcd5161133e7734ecb683036/hsqldb-1.8.0.10.jar, file:/Users/hpatel/.gradle/caches/modules-2/files-2.1/org.eclipse.jdt/core/3.1.1/88c83ce444cf46d02494da37c9fa1eebc9ce9cea/core-3.1.1.jar, file:/Users/hpatel/.gradle/caches/modules-2/files-2.1/javassist/javassist/3.12.1.GA/526633327faa61aee448a519e8a4d53ec3057885/javassist-3.12.1.GA.jar, file:/Users/hpatel/.gradle/caches/modules-2/files-2.1/dom4j/dom4j/1.6.1/5d3ccc056b6f056dbf0dddfdf43894b9065a8f94/dom4j-1.6.1.jar, file:/Users/hpatel/.gradle/caches/modules-2/files-2.1/org.objenesis/objenesis/2.1/87c0ea803b69252868d09308b4618f766f135a96/objenesis-2.1.jar, file:/Users/hpatel/.gradle/caches/modules-2/files-2.1/commons-logging/commons-logging/1.1.3/f6f66e966c70a83ffbdb6f17a0919eaf7c8aca7f/commons-logging-1.1.3.jar, file:/Users/hpatel/.gradle/caches/modules-2/files-2.1/org.apache.hive/hive-common/0.13.1-cdh5.3.3/e3fbf24d30a553c50ae4d4eed23f81b0e1211c5a/hive-common-0.13.1-cdh5.3.3.jar, file:/Users/hpatel/.gradle/caches/modules-2/files-2.1/org.apache.avro/avro/1.7.6-cdh5.3.3/6d90271293977d199ed07002bf35e2805405cc64/avro-1.7.6-cdh5.3.3.jar, file:/Users/hpatel/.gradle/caches/modules-2/files-2.1/net.sf.opencsv/opencsv/2.3/c23708cdb9e80a144db433e23344a788a1fd6599/opencsv-2.3.jar, file:/Users/hpatel/.gradle/caches/modules-2/files-2.1/com.sun.jersey/jersey-servlet/1.14/4b87041a59ee152757b62e47a21d5b63fde20ffe/jersey-servlet-1.14.jar, file:/Users/hpatel/.gradle/caches/modules-2/files-2.1/org.slf4j/slf4j-log4j12/1.7.5/6edffc576ce104ec769d954618764f39f0f0f10d/slf4j-log4j12-1.7.5.jar, file:/Users/hpatel/.gradle/caches/modules-2/files-2.1/org.apache.commons/commons-math3/3.1.1/6719d757a98ff24a83d9d727bef9cec83f59b6e1/commons-math3-3.1.1.jar, file:/Users/hpatel/.gradle/caches/modules-2/files-2.1/commons-io/commons-io/2.4/b1b6ea3b7e4aa4f492509a4952029cd8e48019ad/commons-io-2.4.jar, file:/Users/hpatel/.gradle/caches/modules-2/files-2.1/com.sun.jersey/jersey-json/1.9/1aa73e1896bcc7013fed247157d7f676226eb432/jersey-json-1.9.jar, file:/Users/hpatel/.gradle/caches/modules-2/files-2.1/log4j/log4j/1.2.17/5af35056b4d257e4b64b9e8069c0746e8b08629f/log4j-1.2.17.jar, file:/Users/hpatel/.gradle/caches/modules-2/files-2.1/com.google.code.gson/gson/2.2.4/a60a5e993c98c864010053cb901b7eab25306568/gson-2.2.4.jar, file:/Users/hpatel/.gradle/caches/modules-2/files-2.1/org.apache.hadoop/hadoop-auth/2.5.0-cdh5.3.3/847eb288da72acfdd7d202da5149dec6cd20ceba/hadoop-auth-2.5.0-cdh5.3.3.jar, file:/Users/hpatel/.gradle/caches/modules-2/files-2.1/com.jcraft/jsch/0.1.42/a86104b0f2e0c0bab5b0df836065823a99b5e334/jsch-0.1.42.jar, file:/Users/hpatel/.gradle/caches/modules-2/files-2.1/org.apache.curator/curator-client/2.6.0/b9007c357ad1a78066fc6004e8b1feaa2318f6f3/curator-client-2.6.0.jar, file:/Users/hpatel/.gradle/caches/modules-2/files-2.1/org.apache.curator/curator-recipes/2.6.0/8736b0fc42e6bf006d585fe85c90aaa4ade5cbef/curator-recipes-2.6.0.jar, file:/Users/hpatel/.gradle/caches/modules-2/files-2.1/com.google.code.findbugs/jsr305/1.3.9/40719ea6961c0cb6afaeb6a921eaa1f6afd4cfdf/jsr305-1.3.9.jar, file:/Users/hpatel/.gradle/caches/modules-2/files-2.1/org.apache.commons/commons-compress/1.4.1/b02e84a993d88568417536240e970c4b809126fd/commons-compress-1.4.1.jar, file:/Users/hpatel/.gradle/caches/modules-2/files-2.1/org.apache.hive.shims/hive-shims-common/0.13.1-cdh5.3.3/3d9e5245018fbde18f52c4ab25fc35afdec2fc0a/hive-shims-common-0.13.1-cdh5.3.3.jar, file:/Users/hpatel/.gradle/caches/modules-2/files-2.1/org.apache.hive.shims/hive-shims-common-secure/0.13.1-cdh5.3.3/6b29a16b2a41b89bdbbc681c257ad7f766a90bcb/hive-shims-common-secure-0.13.1-cdh5.3.3.jar, file:/Users/hpatel/.gradle/caches/modules-2/files-2.1/org.apache.hive.shims/hive-shims-0.23/0.13.1-cdh5.3.3/7ab834955a767af200d1d9151c204751637d9ca9/hive-shims-0.23-0.13.1-cdh5.3.3.jar, file:/Users/hpatel/.gradle/caches/modules-2/files-2.1/org.apache.hive.shims/hive-shims-scheduler/0.13.1-cdh5.3.3/b6644420b74f936a838f7f3fd2fa19c19add0449/hive-shims-scheduler-0.13.1-cdh5.3.3.jar, file:/Users/hpatel/.gradle/caches/modules-2/files-2.1/org.apache.hadoop/hadoop-mapreduce-client-common/2.5.0-cdh5.3.3/f0d777bb76ca9f540c0c81a45934f0f5cf9975b8/hadoop-mapreduce-client-common-2.5.0-cdh5.3.3.jar, file:/Users/hpatel/.gradle/caches/modules-2/files-2.1/org.apache.hadoop/hadoop-mapreduce-client-shuffle/2.5.0-cdh5.3.3/b6c4316f6fcc406edf7e5bd77c50e46034ad5519/hadoop-mapreduce-client-shuffle-2.5.0-cdh5.3.3.jar, file:/Users/hpatel/.gradle/caches/modules-2/files-2.1/org.apache.hadoop/hadoop-yarn-common/2.5.0-cdh5.3.3/9499713b674eae1aa714fcd0e95e0d09daaf3824/hadoop-yarn-common-2.5.0-cdh5.3.3.jar, file:/Users/hpatel/.gradle/caches/modules-2/files-2.1/com.fasterxml.jackson.core/jackson-databind/2.2.3/3ae380888029daefb91d3ecdca3a37d8cb92bc9/jackson-databind-2.2.3.jar, file:/Users/hpatel/.gradle/caches/modules-2/files-2.1/com.fasterxml.jackson.core/jackson-annotations/2.2.3/527fece4f23a457070a36c371a26d6c0208e1c3/jackson-annotations-2.2.3.jar, file:/Users/hpatel/.gradle/caches/modules-2/files-2.1/com.amazonaws/aws-java-sdk/1.7.4/2c24ccb6f1ab845a7df971951d4b41c709a6517d/aws-java-sdk-1.7.4.jar, file:/Users/hpatel/.gradle/caches/modules-2/files-2.1/commons-digester/commons-digester/1.8/dc6a73fdbd1fa3f0944e8497c6c872fa21dca37e/commons-digester-1.8.jar, file:/Users/hpatel/.gradle/caches/modules-2/files-2.1/commons-beanutils/commons-beanutils-core/1.8.0/175dc721f87e4bc5cc0573f990e28c3cf9117508/commons-beanutils-core-1.8.0.jar, file:/Users/hpatel/.gradle/caches/modules-2/files-2.1/xml-apis/xml-apis/1.0.b2/3136ca936f64c9d68529f048c2618bd356bf85c9/xml-apis-1.0.b2.jar, file:/Users/hpatel/.gradle/caches/modules-2/files-2.1/com.thoughtworks.paranamer/paranamer/2.3/4a85963a752c0a2f715c3924bfc686865e7e1bc6/paranamer-2.3.jar, file:/Users/hpatel/.gradle/caches/modules-2/files-2.1/org.xerial.snappy/snappy-java/1.0.5/10cb4550360a0ec6b80f09a5209d00b6058e82bf/snappy-java-1.0.5.jar, file:/Users/hpatel/.gradle/caches/modules-2/files-2.1/org.codehaus.jettison/jettison/1.1/1a01a2a1218fcf9faa2cc2a6ced025bdea687262/jettison-1.1.jar, file:/Users/hpatel/.gradle/caches/modules-2/files-2.1/com.sun.xml.bind/jaxb-impl/2.2.3-1/56baae106392040a45a06d4a41099173425da1e6/jaxb-impl-2.2.3-1.jar, file:/Users/hpatel/.gradle/caches/modules-2/files-2.1/org.apache.directory.server/apacheds-kerberos-codec/2.0.0-M15/1c16e4e477183641c5f0dd5cdecd27ec331bacb5/apacheds-kerberos-codec-2.0.0-M15.jar, file:/Users/hpatel/.gradle/caches/modules-2/files-2.1/org.apache.curator/curator-framework/2.6.0/81a699c39d127b5b4ff97cc77da7650b53e5b5ed/curator-framework-2.6.0.jar, file:/Users/hpatel/.gradle/caches/modules-2/files-2.1/org.tukaani/xz/1.0/ecff5cb8b1189514c9d1d8d68eb77ac372e000c9/xz-1.0.jar, file:/Users/hpatel/.gradle/caches/modules-2/files-2.1/org.apache.hadoop/hadoop-yarn-client/2.5.0-cdh5.3.3/2d2ce5d0138d02b20aefcfc1ee8dd6f691911f63/hadoop-yarn-client-2.5.0-cdh5.3.3.jar, file:/Users/hpatel/.gradle/caches/modules-2/files-2.1/org.apache.hadoop/hadoop-yarn-server-common/2.5.0-cdh5.3.3/d099fcc19f56d477fa6b5b47ae4e06bb97538778/hadoop-yarn-server-common-2.5.0-cdh5.3.3.jar, file:/Users/hpatel/.gradle/caches/modules-2/files-2.1/org.apache.hadoop/hadoop-yarn-server-nodemanager/2.5.0-cdh5.3.3/278b2d7a6454ce57a94ab02a88c0b188afc8facc/hadoop-yarn-server-nodemanager-2.5.0-cdh5.3.3.jar, file:/Users/hpatel/.gradle/caches/modules-2/files-2.1/org.fusesource.leveldbjni/leveldbjni-all/1.8/707350a2eeb1fa2ed77a32ddb3893ed308e941db/leveldbjni-all-1.8.jar, file:/Users/hpatel/.gradle/caches/modules-2/files-2.1/javax.xml.bind/jaxb-api/2.2.2/aeb3021ca93dde265796d82015beecdcff95bf09/jaxb-api-2.2.2.jar, file:/Users/hpatel/.gradle/caches/modules-2/files-2.1/com.google.inject/guice/3.0/9d84f15fe35e2c716a02979fb62f50a29f38aefa/guice-3.0.jar, file:/Users/hpatel/.gradle/caches/modules-2/files-2.1/com.sun.jersey.contribs/jersey-guice/1.9/5963c28c47df7e5d6ad34cec80c071c368777f7b/jersey-guice-1.9.jar, file:/Users/hpatel/.gradle/caches/modules-2/files-2.1/com.fasterxml.jackson.core/jackson-core/2.2.3/1a0113da2cab5f4c216b4e5e7c1dbfaa67087e14/jackson-core-2.2.3.jar, file:/Users/hpatel/.gradle/caches/modules-2/files-2.1/commons-beanutils/commons-beanutils/1.7.0/5675fd96b29656504b86029551973d60fb41339b/commons-beanutils-1.7.0.jar, file:/Users/hpatel/.gradle/caches/modules-2/files-2.1/org.apache.directory.server/apacheds-i18n/2.0.0-M15/71c61c84683152ec2a6a65f3f96fe534e304fa22/apacheds-i18n-2.0.0-M15.jar, file:/Users/hpatel/.gradle/caches/modules-2/files-2.1/org.apache.directory.api/api-asn1-api/1.0.0-M20/5e6486ffa3125ba44dc410ead166e1d6ba8ac76d/api-asn1-api-1.0.0-M20.jar, file:/Users/hpatel/.gradle/caches/modules-2/files-2.1/org.apache.directory.api/api-util/1.0.0-M20/a871abf060b3cf83fc6dc4d7e3d151fce50ac3cb/api-util-1.0.0-M20.jar, file:/Users/hpatel/.gradle/caches/modules-2/files-2.1/com.sun.jersey/jersey-client/1.9/d3c4b2b5f89db32c96ceddcb863684821910a7bb/jersey-client-1.9.jar, file:/Users/hpatel/.gradle/caches/modules-2/files-2.1/javax.xml.stream/stax-api/1.0-2/d6337b0de8b25e53e81b922352fbea9f9f57ba0b/stax-api-1.0-2.jar, file:/Users/hpatel/.gradle/caches/modules-2/files-2.1/javax.activation/activation/1.1/e6cb541461c2834bdea3eb920f1884d1eb508b50/activation-1.1.jar, file:/Users/hpatel/.gradle/caches/modules-2/files-2.1/javax.inject/javax.inject/1/6975da39a7040257bd51d21a231b76c915872d38/javax.inject-1.jar, file:/Users/hpatel/.gradle/caches/modules-2/files-2.1/aopalliance/aopalliance/1.0/235ba8b489512805ac13a8f9ea77a1ca5ebe3e8/aopalliance-1.0.jar, file:/Users/hpatel/.gradle/caches/modules-2/files-2.1/org.sonatype.sisu.inject/cglib/2.2.1-v20090111/7ce5e983fd0e6c78346f4c9cbfa39d83049dda2/cglib-2.2.1-v20090111.jar, file:/Users/hpatel/.gradle/caches/modules-2/files-2.1/asm/asm/3.1/c157def142714c544bdea2e6144645702adf7097/asm-3.1.jar, file:/Users/hpatel/.gradle/caches/modules-2/files-2.1/org.apache.hive/hive-service/0.13.1-cdh5.3.3/c7979b4213bfb62823d43ba726e0fea58032dd1e/hive-service-0.13.1-cdh5.3.3.jar, file:/Users/hpatel/.gradle/caches/modules-2/files-2.1/net.sf.jpam/jpam/1.1/cb3d91c2dfda767518a371dbb02edfd6a4aa0600/jpam-1.1.jar, file:/Users/hpatel/.gradle/caches/modules-2/files-2.1/org.eclipse.jetty.aggregate/jetty-all/7.6.0.v20120127/47bb68e3837e5c6422138dd1e0d4d75c60dce87a/jetty-all-7.6.0.v20120127.jar, file:/Users/hpatel/.gradle/caches/modules-2/files-2.1/org.apache.thrift/libfb303/0.9.0/639bd69767fdbd7f658ce8233248fe1cea635164/libfb303-0.9.0.jar, file:/Users/hpatel/.gradle/caches/modules-2/files-2.1/org.apache.geronimo.specs/geronimo-jta_1.1_spec/1.1.1/aabab3165b8ea936b9360abbf448459c0d04a5a4/geronimo-jta_1.1_spec-1.1.1.jar, file:/Users/hpatel/.gradle/caches/modules-2/files-2.1/javax.mail/mail/1.4.1/8b7bc69010655425dabf091b51d1e90b4de36715/mail-1.4.1.jar, file:/Users/hpatel/.gradle/caches/modules-2/files-2.1/org.apache.geronimo.specs/geronimo-jaspic_1.0_spec/1.0/44b95be7dae1147716dce5336419eafade880756/geronimo-jaspic_1.0_spec-1.0.jar, file:/Users/hpatel/.gradle/caches/modules-2/files-2.1/org.apache.geronimo.specs/geronimo-annotation_1.0_spec/1.1.1/47caa799389f69d297b86bf90523d431599c3796/geronimo-annotation_1.0_spec-1.1.1.jar, file:/Users/hpatel/.gradle/caches/modules-2/files-2.1/asm/asm-commons/3.1/1b607fbfe7889c6fdff1b7c16439ade0a60869ac/asm-commons-3.1.jar, file:/Users/hpatel/.gradle/caches/modules-2/files-2.1/asm/asm-tree/3.1/c9a5d4334ddf194ea492f22107d45119a5c5322f/asm-tree-3.1.jar, file:/Users/hpatel/.gradle/caches/modules-2/files-2.1/commons-lang/commons-lang/2.6/ce1edb914c94ebc388f086c6827e8bdeec71ac2/commons-lang-2.6.jar, file:/Users/hpatel/.gradle/caches/modules-2/files-2.1/org.mortbay.jetty/jetty/6.1.26.cloudera.4/d59325a5ff8ff18f7543bc3fbb9d5efa0c0ff521/jetty-6.1.26.cloudera.4.jar, file:/Users/hpatel/.gradle/caches/modules-2/files-2.1/org.mortbay.jetty/jetty-util/6.1.26.cloudera.4/b8507b7c5d3fd9a3d01775272cbf1a63f530c19d/jetty-util-6.1.26.cloudera.4.jar, file:/Users/hpatel/.gradle/caches/modules-2/files-2.1/net.java.dev.jets3t/jets3t/0.9.0/792bc96ee7e57b89f472aa0cb5a31015b9f59c96/jets3t-0.9.0.jar, file:/Users/hpatel/.gradle/caches/modules-2/files-2.1/com.jamesmurty.utils/java-xmlbuilder/0.4/ac5962e48cdee3a0a6e1f8e00fcb594747ac5aaf/java-xmlbuilder-0.4.jar, file:/Users/hpatel/.gradle/caches/modules-2/files-2.1/com.google.protobuf/protobuf-java/2.5.0/a10732c76bfacdbd633a7eb0f7968b1059a65dfa/protobuf-java-2.5.0.jar, file:/Users/hpatel/.gradle/caches/modules-2/files-2.1/org.apache.hive/hive-exec/0.13.1-cdh5.3.3/4d935274127f47dd9c0875efcf317ba49aef1219/hive-exec-0.13.1-cdh5.3.3.jar, file:/Users/hpatel/.gradle/caches/modules-2/files-2.1/org.apache.hive/hive-ant/0.13.1-cdh5.3.3/86954e92a903253177cd6935798c50a6c32b7b81/hive-ant-0.13.1-cdh5.3.3.jar, file:/Users/hpatel/.gradle/caches/modules-2/files-2.1/org.antlr/antlr-runtime/3.4/8f011408269a8e42b8548687e137d8eeb56df4b4/antlr-runtime-3.4.jar, file:/Users/hpatel/.gradle/caches/modules-2/files-2.1/org.antlr/ST4/4.0.4/467a2aa12be6d0f0f68c70eecf6714ab733027ac/ST4-4.0.4.jar, file:/Users/hpatel/.gradle/caches/modules-2/files-2.1/org.apache.ant/ant/1.9.1/35900c96dbebc85dcfbd71f4661059ebcf93c077/ant-1.9.1.jar, file:/Users/hpatel/.gradle/caches/modules-2/files-2.1/org.codehaus.groovy/groovy-all/2.1.6/165b8246372a829c1915611646f6d964010656cf/groovy-all-2.1.6.jar, file:/Users/hpatel/.gradle/caches/modules-2/files-2.1/stax/stax-api/1.0.1/49c100caf72d658aca8e58bd74a4ba90fa2b0d70/stax-api-1.0.1.jar, file:/Users/hpatel/.gradle/caches/modules-2/files-2.1/org.apache.velocity/velocity/1.5/9f306baf7523ffc0e81a6353d08a584d254133b/velocity-1.5.jar, file:/Users/hpatel/.gradle/caches/modules-2/files-2.1/org.antlr/stringtemplate/3.2.1/59ec8083721eae215c6f3caee944c410d2be34de/stringtemplate-3.2.1.jar, file:/Users/hpatel/.gradle/caches/modules-2/files-2.1/antlr/antlr/2.7.7/83cd2cd674a217ade95a4bb83a8a14f351f48bd0/antlr-2.7.7.jar, file:/Users/hpatel/.gradle/caches/modules-2/files-2.1/org.apache.ant/ant-launcher/1.9.1/7c71043ca185eaada9e36391dd022d92859327de/ant-launcher-1.9.1.jar, file:/Users/hpatel/.gradle/caches/modules-2/files-2.1/oro/oro/2.0.8/5592374f834645c4ae250f4c9fbb314c9369d698/oro-2.0.8.jar, file:/Users/hpatel/.gradle/caches/modules-2/files-2.1/org.codehaus.jackson/jackson-core-asl/1.9.13/3c304d70f42f832e0a86d45bd437f692129299a4/jackson-core-asl-1.9.13.jar, file:/Users/hpatel/.gradle/caches/modules-2/files-2.1/org.codehaus.jackson/jackson-mapper-asl/1.9.13/1ee2f2bed0e5dd29d1cb155a166e6f8d50bbddb7/jackson-mapper-asl-1.9.13.jar, file:/Users/hpatel/.gradle/caches/modules-2/files-2.1/org.slf4j/slf4j-api/1.7.6/562424e36df3d2327e8e9301a76027fca17d54ea/slf4j-api-1.7.6.jar, file:/Users/hpatel/.gradle/caches/modules-2/files-2.1/com.sun.jersey/jersey-server/1.14/b1a21724c9b708ed54d42d41bb19ff45ae1d49d9/jersey-server-1.14.jar, file:/Users/hpatel/.gradle/caches/modules-2/files-2.1/org.apache.httpcomponents/httpclient/4.2.5/666e26e76f2e87d84e4f16acb546481ae1b8e9a6/httpclient-4.2.5.jar, file:/Users/hpatel/.gradle/caches/modules-2/files-2.1/org.apache.zookeeper/zookeeper/3.4.6/1b2502e29da1ebaade2357cd1de35a855fa3755/zookeeper-3.4.6.jar, file:/Users/hpatel/.gradle/caches/modules-2/files-2.1/com.google.guava/guava/16.0.1/5fa98cd1a63c99a44dd8d3b77e4762b066a5d0c5/guava-16.0.1.jar, file:/Users/hpatel/.gradle/caches/modules-2/files-2.1/org.codehaus.jackson/jackson-jaxrs/1.8.8/71b16055388e9bd3991c3c3834e8e55098b789f1/jackson-jaxrs-1.8.8.jar, file:/Users/hpatel/.gradle/caches/modules-2/files-2.1/org.codehaus.jackson/jackson-xc/1.8.8/52efa08bc1e4cfea168f552b9e3088297d9d0926/jackson-xc-1.8.8.jar, file:/Users/hpatel/.gradle/caches/modules-2/files-2.1/org.apache.hive/hive-metastore/0.13.1-cdh5.3.3/ca93686a17f064a5ab6587799721cddd7836e53a/hive-metastore-0.13.1-cdh5.3.3.jar, file:/Users/hpatel/.gradle/caches/modules-2/files-2.1/com.jolbox/bonecp/0.8.0.RELEASE/cec24ee9345b3678472bb1b8fdd6aa6b9428beb8/bonecp-0.8.0.RELEASE.jar, file:/Users/hpatel/.gradle/caches/modules-2/files-2.1/org.apache.derby/derby/10.10.1.1/9f6f910f0373adc1b23c10f9b4bb151b7e7449f/derby-10.10.1.1.jar, file:/Users/hpatel/.gradle/caches/modules-2/files-2.1/javax.jdo/jdo-api/3.0.1/58e7a538e020b73871e232eeb064835fd98a492/jdo-api-3.0.1.jar, file:/Users/hpatel/.gradle/caches/modules-2/files-2.1/javax.transaction/jta/1.1/2ca09f0b36ca7d71b762e14ea2ff09d5eac57558/jta-1.1.jar, file:/Users/hpatel/.gradle/caches/modules-2/files-2.1/org.apache.thrift/libthrift/0.9.0/9ba8df332b5db95ce7f3b7a83e44d796c3d014d3/libthrift-0.9.0.jar, file:/Users/hpatel/.gradle/caches/modules-2/files-2.1/org.apache.httpcomponents/httpcore/4.2.4/3b7f38df6de5dd8b500e602ae8c2dd5ee446f883/httpcore-4.2.4.jar, file:/Users/hpatel/.gradle/caches/modules-2/files-2.1/com.sun.jersey/jersey-core/1.14/693061de8b9b352b11e997b1dd4052677778852d/jersey-core-1.14.jar, file:/Users/hpatel/.gradle/caches/modules-2/files-2.1/commons-codec/commons-codec/1.6/b7f0fc8f61ecadeb3695f0b9464755eee44374d4/commons-codec-1.6.jar, file:/Users/hpatel/.gradle/caches/modules-2/files-2.1/io.netty/netty/3.7.0.Final/7a8c35599c68c0bf383df74469aa3e03d9aca87/netty-3.7.0.Final.jar]
15/09/06 13:13:48 INFO mr.ExecMapper: thread classpath = [file:/Users/hpatel/.gradle/caches/2.1/workerMain/gradle-worker.jar, file:/Users/hpatel/Tech/Projects/CAT/ddsw_dev/hive-test/build/classes/test/, file:/Users/hpatel/Tech/Projects/CAT/ddsw_dev/hive-test/build/resources/test/, file:/Users/hpatel/Tech/Projects/CAT/ddsw_dev/hive-test/build/classes/main/, file:/Users/hpatel/Tech/Projects/CAT/ddsw_dev/hive-test/build/resources/main, file:/Users/hpatel/.gradle/caches/modules-2/files-2.1/junit/junit/4.11/4e031bb61df09069aeb2bffb4019e7a5034a4ee0/junit-4.11.jar, file:/Users/hpatel/.gradle/caches/modules-2/files-2.1/com.klarna/hiverunner/1.0.0/e26bb0655fff4d88fab91f331793d9fc1db392cc/HiveRunner-1.0.0.jar, file:/Users/hpatel/Tech/Projects/CAT/ddsw_dev/custom-cat-udfs/build/libs/custom-cat-udfs-0.1.38-SNAPSHOT.jar, file:/Users/hpatel/.gradle/caches/modules-2/files-2.1/org.apache.hadoop/hadoop-client/2.5.0-cdh5.3.3/ec3cd6a8cb043e73a42918934c5d3a3f2747c78b/hadoop-client-2.5.0-cdh5.3.3.jar, file:/Users/hpatel/.gradle/caches/modules-2/files-2.1/org.hsqldb/hsqldb/2.3.1/bd7153caa30958e1c64a3dd38b93e5a7442d9a0e/hsqldb-2.3.1.jar, file:/Users/hpatel/.gradle/caches/modules-2/files-2.1/org.apache.hadoop/hadoop-core/2.5.0-mr1-cdh5.3.3/f6f4a77f818757da51ae0244310855779c04c4be/hadoop-core-2.5.0-mr1-cdh5.3.3.jar, file:/Users/hpatel/.gradle/caches/modules-2/files-2.1/org.reflections/reflections/0.9.8/f723abb59bf512952bfc503838f70f81487a6993/reflections-0.9.8.jar, file:/Users/hpatel/.gradle/caches/modules-2/files-2.1/org.mockito/mockito-core/1.10.19/e8546f5bef4e061d8dd73895b4e8f40e3fe6effe/mockito-core-1.10.19.jar, file:/Users/hpatel/.gradle/caches/modules-2/files-2.1/org.hamcrest/hamcrest-core/1.3/42a25dc3219429f0e5d060061f71acb49bf010a0/hamcrest-core-1.3.jar, file:/Users/hpatel/.gradle/caches/modules-2/files-2.1/org.pentaho/pentaho-aggdesigner-algorithm/5.1.5-jhyde/c52379c645c6c85300e645dff7c72653bf85baa2/pentaho-aggdesigner-algorithm-5.1.5-jhyde.jar, file:/Users/hpatel/.gradle/caches/modules-2/files-2.1/org.apache.hive/hive-serde/0.13.1-cdh5.3.3/9cee47c844d726e9bcef6ab292e1319b7fbddaa3/hive-serde-0.13.1-cdh5.3.3.jar, file:/Users/hpatel/.gradle/caches/modules-2/files-2.1/org.apache.hadoop/hadoop-common/2.5.0-cdh5.3.3/f0862eb1dc33c1807ea29a248af75551e3c6836a/hadoop-common-2.5.0-cdh5.3.3.jar, file:/Users/hpatel/.gradle/caches/modules-2/files-2.1/org.apache.hive/hive-contrib/0.13.1-cdh5.3.3/bf89b429c9b173ac275dc0c1623f5c30e780ee98/hive-contrib-0.13.1-cdh5.3.3.jar, file:/Users/hpatel/.gradle/caches/modules-2/files-2.1/org.datanucleus/datanucleus-core/3.2.12/3212183bb5a2826cd5ff194b9a54619dd0bdf31f/datanucleus-core-3.2.12.jar, file:/Users/hpatel/.gradle/caches/modules-2/files-2.1/org.datanucleus/datanucleus-rdbms/3.2.11/5b053144c89fdff1505b853aa7f1e5ba7657da75/datanucleus-rdbms-3.2.11.jar, file:/Users/hpatel/.gradle/caches/modules-2/files-2.1/org.datanucleus/datanucleus-api-jdo/3.2.8/efc60221fbc91e95cf5758b98c6c5531660696cb/datanucleus-api-jdo-3.2.8.jar, file:/Users/hpatel/.gradle/caches/modules-2/files-2.1/org.apache.hive/hive-shims/0.13.1-cdh5.3.3/47b029532c0b9d45526dcdd858823e6f9634ab81/hive-shims-0.13.1-cdh5.3.3.jar, file:/Users/hpatel/.gradle/caches/modules-2/files-2.1/org.apache.commons/commons-lang3/3.3.1/6738a2da2202ce360f0af90aba005c1e05a2c4cd/commons-lang3-3.3.1.jar, file:/Users/hpatel/.gradle/caches/modules-2/files-2.1/joda-time/joda-time/2.3/56498efd17752898cfcc3868c1b6211a07b12b8f/joda-time-2.3.jar, file:/Users/hpatel/.gradle/caches/modules-2/files-2.1/org.apache.hadoop/hadoop-hdfs/2.5.0-cdh5.3.3/5dd5e2be13d89a9eaab89d3a33bcdf6677671aa9/hadoop-hdfs-2.5.0-cdh5.3.3.jar, file:/Users/hpatel/.gradle/caches/modules-2/files-2.1/org.apache.hadoop/hadoop-mapreduce-client-app/2.5.0-cdh5.3.3/579948f8fa6d9d72bf507bd021fa3dcc0670e95f/hadoop-mapreduce-client-app-2.5.0-cdh5.3.3.jar, file:/Users/hpatel/.gradle/caches/modules-2/files-2.1/org.apache.hadoop/hadoop-yarn-api/2.5.0-cdh5.3.3/a6d9b4b7cbcacd000350a3e33c70269101b5fc79/hadoop-yarn-api-2.5.0-cdh5.3.3.jar, file:/Users/hpatel/.gradle/caches/modules-2/files-2.1/org.apache.hadoop/hadoop-mapreduce-client-core/2.5.0-cdh5.3.3/f2c8eaa2b8a5839a7781f04cf59c4d1abfefec9e/hadoop-mapreduce-client-core-2.5.0-cdh5.3.3.jar, file:/Users/hpatel/.gradle/caches/modules-2/files-2.1/org.apache.hadoop/hadoop-mapreduce-client-jobclient/2.5.0-cdh5.3.3/f8baecab9a91245a97e29e4867a7f5ae128ef8a9/hadoop-mapreduce-client-jobclient-2.5.0-cdh5.3.3.jar, file:/Users/hpatel/.gradle/caches/modules-2/files-2.1/org.apache.hadoop/hadoop-aws/2.5.0-cdh5.3.3/f712d9cf59c859914254bed5c87ee4e5a2204e78/hadoop-aws-2.5.0-cdh5.3.3.jar, file:/Users/hpatel/.gradle/caches/modules-2/files-2.1/org.apache.hadoop/hadoop-annotations/2.5.0-cdh5.3.3/e3b40743127d82ff7a6f263d00419368a46ce608/hadoop-annotations-2.5.0-cdh5.3.3.jar, file:/Users/hpatel/.gradle/caches/modules-2/files-2.1/commons-collections/commons-collections/3.2.1/761ea405b9b37ced573d2df0d1e3a4e0f9edc668/commons-collections-3.2.1.jar, file:/Users/hpatel/.gradle/caches/modules-2/files-2.1/commons-configuration/commons-configuration/1.6/32cadde23955d7681b0d94a2715846d20b425235/commons-configuration-1.6.jar, file:/Users/hpatel/.gradle/caches/modules-2/files-2.1/jline/jline/0.9.94/99a18e9a44834afdebc467294e1138364c207402/jline-0.9.94.jar, file:/Users/hpatel/.gradle/caches/modules-2/files-2.1/commons-cli/commons-cli/1.2/2bf96b7aa8b611c177d329452af1dc933e14501c/commons-cli-1.2.jar, file:/Users/hpatel/.gradle/caches/modules-2/files-2.1/xmlenc/xmlenc/0.52/d82554efbe65906d83b3d97bd7509289e9db561a/xmlenc-0.52.jar, file:/Users/hpatel/.gradle/caches/modules-2/files-2.1/commons-httpclient/commons-httpclient/3.1/964cd74171f427720480efdec40a7c7f6e58426a/commons-httpclient-3.1.jar, file:/Users/hpatel/.gradle/caches/modules-2/files-2.1/commons-net/commons-net/3.1/2298164a7c2484406f2aa5ac85b205d39019896f/commons-net-3.1.jar, file:/Users/hpatel/.gradle/caches/modules-2/files-2.1/tomcat/jasper-runtime/5.5.23/96ca5528a93ab47b001476b74320c644beb89dde/jasper-runtime-5.5.23.jar, file:/Users/hpatel/.gradle/caches/modules-2/files-2.1/tomcat/jasper-compiler/5.5.23/6d35bd7fb8c4fbc1f5401fb3678aa976d2e4c241/jasper-compiler-5.5.23.jar, file:/Users/hpatel/.gradle/caches/modules-2/files-2.1/javax.servlet.jsp/jsp-api/2.1/63f943103f250ef1f3a4d5e94d145a0f961f5316/jsp-api-2.1.jar, file:/Users/hpatel/.gradle/caches/modules-2/files-2.1/commons-el/commons-el/1.0/1df2c042b3f2de0124750241ac6c886dbfa2cc2c/commons-el-1.0.jar, file:/Users/hpatel/.gradle/caches/modules-2/files-2.1/javax.servlet/servlet-api/2.5/5959582d97d8b61f4d154ca9e495aafd16726e34/servlet-api-2.5.jar, file:/Users/hpatel/.gradle/caches/modules-2/files-2.1/hsqldb/hsqldb/1.8.0.10/7e9978fdb754bce5fcd5161133e7734ecb683036/hsqldb-1.8.0.10.jar, file:/Users/hpatel/.gradle/caches/modules-2/files-2.1/org.eclipse.jdt/core/3.1.1/88c83ce444cf46d02494da37c9fa1eebc9ce9cea/core-3.1.1.jar, file:/Users/hpatel/.gradle/caches/modules-2/files-2.1/javassist/javassist/3.12.1.GA/526633327faa61aee448a519e8a4d53ec3057885/javassist-3.12.1.GA.jar, file:/Users/hpatel/.gradle/caches/modules-2/files-2.1/dom4j/dom4j/1.6.1/5d3ccc056b6f056dbf0dddfdf43894b9065a8f94/dom4j-1.6.1.jar, file:/Users/hpatel/.gradle/caches/modules-2/files-2.1/org.objenesis/objenesis/2.1/87c0ea803b69252868d09308b4618f766f135a96/objenesis-2.1.jar, file:/Users/hpatel/.gradle/caches/modules-2/files-2.1/commons-logging/commons-logging/1.1.3/f6f66e966c70a83ffbdb6f17a0919eaf7c8aca7f/commons-logging-1.1.3.jar, file:/Users/hpatel/.gradle/caches/modules-2/files-2.1/org.apache.hive/hive-common/0.13.1-cdh5.3.3/e3fbf24d30a553c50ae4d4eed23f81b0e1211c5a/hive-common-0.13.1-cdh5.3.3.jar, file:/Users/hpatel/.gradle/caches/modules-2/files-2.1/org.apache.avro/avro/1.7.6-cdh5.3.3/6d90271293977d199ed07002bf35e2805405cc64/avro-1.7.6-cdh5.3.3.jar, file:/Users/hpatel/.gradle/caches/modules-2/files-2.1/net.sf.opencsv/opencsv/2.3/c23708cdb9e80a144db433e23344a788a1fd6599/opencsv-2.3.jar, file:/Users/hpatel/.gradle/caches/modules-2/files-2.1/com.sun.jersey/jersey-servlet/1.14/4b87041a59ee152757b62e47a21d5b63fde20ffe/jersey-servlet-1.14.jar, file:/Users/hpatel/.gradle/caches/modules-2/files-2.1/org.slf4j/slf4j-log4j12/1.7.5/6edffc576ce104ec769d954618764f39f0f0f10d/slf4j-log4j12-1.7.5.jar, file:/Users/hpatel/.gradle/caches/modules-2/files-2.1/org.apache.commons/commons-math3/3.1.1/6719d757a98ff24a83d9d727bef9cec83f59b6e1/commons-math3-3.1.1.jar, file:/Users/hpatel/.gradle/caches/modules-2/files-2.1/commons-io/commons-io/2.4/b1b6ea3b7e4aa4f492509a4952029cd8e48019ad/commons-io-2.4.jar, file:/Users/hpatel/.gradle/caches/modules-2/files-2.1/com.sun.jersey/jersey-json/1.9/1aa73e1896bcc7013fed247157d7f676226eb432/jersey-json-1.9.jar, file:/Users/hpatel/.gradle/caches/modules-2/files-2.1/log4j/log4j/1.2.17/5af35056b4d257e4b64b9e8069c0746e8b08629f/log4j-1.2.17.jar, file:/Users/hpatel/.gradle/caches/modules-2/files-2.1/com.google.code.gson/gson/2.2.4/a60a5e993c98c864010053cb901b7eab25306568/gson-2.2.4.jar, file:/Users/hpatel/.gradle/caches/modules-2/files-2.1/org.apache.hadoop/hadoop-auth/2.5.0-cdh5.3.3/847eb288da72acfdd7d202da5149dec6cd20ceba/hadoop-auth-2.5.0-cdh5.3.3.jar, file:/Users/hpatel/.gradle/caches/modules-2/files-2.1/com.jcraft/jsch/0.1.42/a86104b0f2e0c0bab5b0df836065823a99b5e334/jsch-0.1.42.jar, file:/Users/hpatel/.gradle/caches/modules-2/files-2.1/org.apache.curator/curator-client/2.6.0/b9007c357ad1a78066fc6004e8b1feaa2318f6f3/curator-client-2.6.0.jar, file:/Users/hpatel/.gradle/caches/modules-2/files-2.1/org.apache.curator/curator-recipes/2.6.0/8736b0fc42e6bf006d585fe85c90aaa4ade5cbef/curator-recipes-2.6.0.jar, file:/Users/hpatel/.gradle/caches/modules-2/files-2.1/com.google.code.findbugs/jsr305/1.3.9/40719ea6961c0cb6afaeb6a921eaa1f6afd4cfdf/jsr305-1.3.9.jar, file:/Users/hpatel/.gradle/caches/modules-2/files-2.1/org.apache.commons/commons-compress/1.4.1/b02e84a993d88568417536240e970c4b809126fd/commons-compress-1.4.1.jar, file:/Users/hpatel/.gradle/caches/modules-2/files-2.1/org.apache.hive.shims/hive-shims-common/0.13.1-cdh5.3.3/3d9e5245018fbde18f52c4ab25fc35afdec2fc0a/hive-shims-common-0.13.1-cdh5.3.3.jar, file:/Users/hpatel/.gradle/caches/modules-2/files-2.1/org.apache.hive.shims/hive-shims-common-secure/0.13.1-cdh5.3.3/6b29a16b2a41b89bdbbc681c257ad7f766a90bcb/hive-shims-common-secure-0.13.1-cdh5.3.3.jar, file:/Users/hpatel/.gradle/caches/modules-2/files-2.1/org.apache.hive.shims/hive-shims-0.23/0.13.1-cdh5.3.3/7ab834955a767af200d1d9151c204751637d9ca9/hive-shims-0.23-0.13.1-cdh5.3.3.jar, file:/Users/hpatel/.gradle/caches/modules-2/files-2.1/org.apache.hive.shims/hive-shims-scheduler/0.13.1-cdh5.3.3/b6644420b74f936a838f7f3fd2fa19c19add0449/hive-shims-scheduler-0.13.1-cdh5.3.3.jar, file:/Users/hpatel/.gradle/caches/modules-2/files-2.1/org.apache.hadoop/hadoop-mapreduce-client-common/2.5.0-cdh5.3.3/f0d777bb76ca9f540c0c81a45934f0f5cf9975b8/hadoop-mapreduce-client-common-2.5.0-cdh5.3.3.jar, file:/Users/hpatel/.gradle/caches/modules-2/files-2.1/org.apache.hadoop/hadoop-mapreduce-client-shuffle/2.5.0-cdh5.3.3/b6c4316f6fcc406edf7e5bd77c50e46034ad5519/hadoop-mapreduce-client-shuffle-2.5.0-cdh5.3.3.jar, file:/Users/hpatel/.gradle/caches/modules-2/files-2.1/org.apache.hadoop/hadoop-yarn-common/2.5.0-cdh5.3.3/9499713b674eae1aa714fcd0e95e0d09daaf3824/hadoop-yarn-common-2.5.0-cdh5.3.3.jar, file:/Users/hpatel/.gradle/caches/modules-2/files-2.1/com.fasterxml.jackson.core/jackson-databind/2.2.3/3ae380888029daefb91d3ecdca3a37d8cb92bc9/jackson-databind-2.2.3.jar, file:/Users/hpatel/.gradle/caches/modules-2/files-2.1/com.fasterxml.jackson.core/jackson-annotations/2.2.3/527fece4f23a457070a36c371a26d6c0208e1c3/jackson-annotations-2.2.3.jar, file:/Users/hpatel/.gradle/caches/modules-2/files-2.1/com.amazonaws/aws-java-sdk/1.7.4/2c24ccb6f1ab845a7df971951d4b41c709a6517d/aws-java-sdk-1.7.4.jar, file:/Users/hpatel/.gradle/caches/modules-2/files-2.1/commons-digester/commons-digester/1.8/dc6a73fdbd1fa3f0944e8497c6c872fa21dca37e/commons-digester-1.8.jar, file:/Users/hpatel/.gradle/caches/modules-2/files-2.1/commons-beanutils/commons-beanutils-core/1.8.0/175dc721f87e4bc5cc0573f990e28c3cf9117508/commons-beanutils-core-1.8.0.jar, file:/Users/hpatel/.gradle/caches/modules-2/files-2.1/xml-apis/xml-apis/1.0.b2/3136ca936f64c9d68529f048c2618bd356bf85c9/xml-apis-1.0.b2.jar, file:/Users/hpatel/.gradle/caches/modules-2/files-2.1/com.thoughtworks.paranamer/paranamer/2.3/4a85963a752c0a2f715c3924bfc686865e7e1bc6/paranamer-2.3.jar, file:/Users/hpatel/.gradle/caches/modules-2/files-2.1/org.xerial.snappy/snappy-java/1.0.5/10cb4550360a0ec6b80f09a5209d00b6058e82bf/snappy-java-1.0.5.jar, file:/Users/hpatel/.gradle/caches/modules-2/files-2.1/org.codehaus.jettison/jettison/1.1/1a01a2a1218fcf9faa2cc2a6ced025bdea687262/jettison-1.1.jar, file:/Users/hpatel/.gradle/caches/modules-2/files-2.1/com.sun.xml.bind/jaxb-impl/2.2.3-1/56baae106392040a45a06d4a41099173425da1e6/jaxb-impl-2.2.3-1.jar, file:/Users/hpatel/.gradle/caches/modules-2/files-2.1/org.apache.directory.server/apacheds-kerberos-codec/2.0.0-M15/1c16e4e477183641c5f0dd5cdecd27ec331bacb5/apacheds-kerberos-codec-2.0.0-M15.jar, file:/Users/hpatel/.gradle/caches/modules-2/files-2.1/org.apache.curator/curator-framework/2.6.0/81a699c39d127b5b4ff97cc77da7650b53e5b5ed/curator-framework-2.6.0.jar, file:/Users/hpatel/.gradle/caches/modules-2/files-2.1/org.tukaani/xz/1.0/ecff5cb8b1189514c9d1d8d68eb77ac372e000c9/xz-1.0.jar, file:/Users/hpatel/.gradle/caches/modules-2/files-2.1/org.apache.hadoop/hadoop-yarn-client/2.5.0-cdh5.3.3/2d2ce5d0138d02b20aefcfc1ee8dd6f691911f63/hadoop-yarn-client-2.5.0-cdh5.3.3.jar, file:/Users/hpatel/.gradle/caches/modules-2/files-2.1/org.apache.hadoop/hadoop-yarn-server-common/2.5.0-cdh5.3.3/d099fcc19f56d477fa6b5b47ae4e06bb97538778/hadoop-yarn-server-common-2.5.0-cdh5.3.3.jar, file:/Users/hpatel/.gradle/caches/modules-2/files-2.1/org.apache.hadoop/hadoop-yarn-server-nodemanager/2.5.0-cdh5.3.3/278b2d7a6454ce57a94ab02a88c0b188afc8facc/hadoop-yarn-server-nodemanager-2.5.0-cdh5.3.3.jar, file:/Users/hpatel/.gradle/caches/modules-2/files-2.1/org.fusesource.leveldbjni/leveldbjni-all/1.8/707350a2eeb1fa2ed77a32ddb3893ed308e941db/leveldbjni-all-1.8.jar, file:/Users/hpatel/.gradle/caches/modules-2/files-2.1/javax.xml.bind/jaxb-api/2.2.2/aeb3021ca93dde265796d82015beecdcff95bf09/jaxb-api-2.2.2.jar, file:/Users/hpatel/.gradle/caches/modules-2/files-2.1/com.google.inject/guice/3.0/9d84f15fe35e2c716a02979fb62f50a29f38aefa/guice-3.0.jar, file:/Users/hpatel/.gradle/caches/modules-2/files-2.1/com.sun.jersey.contribs/jersey-guice/1.9/5963c28c47df7e5d6ad34cec80c071c368777f7b/jersey-guice-1.9.jar, file:/Users/hpatel/.gradle/caches/modules-2/files-2.1/com.fasterxml.jackson.core/jackson-core/2.2.3/1a0113da2cab5f4c216b4e5e7c1dbfaa67087e14/jackson-core-2.2.3.jar, file:/Users/hpatel/.gradle/caches/modules-2/files-2.1/commons-beanutils/commons-beanutils/1.7.0/5675fd96b29656504b86029551973d60fb41339b/commons-beanutils-1.7.0.jar, file:/Users/hpatel/.gradle/caches/modules-2/files-2.1/org.apache.directory.server/apacheds-i18n/2.0.0-M15/71c61c84683152ec2a6a65f3f96fe534e304fa22/apacheds-i18n-2.0.0-M15.jar, file:/Users/hpatel/.gradle/caches/modules-2/files-2.1/org.apache.directory.api/api-asn1-api/1.0.0-M20/5e6486ffa3125ba44dc410ead166e1d6ba8ac76d/api-asn1-api-1.0.0-M20.jar, file:/Users/hpatel/.gradle/caches/modules-2/files-2.1/org.apache.directory.api/api-util/1.0.0-M20/a871abf060b3cf83fc6dc4d7e3d151fce50ac3cb/api-util-1.0.0-M20.jar, file:/Users/hpatel/.gradle/caches/modules-2/files-2.1/com.sun.jersey/jersey-client/1.9/d3c4b2b5f89db32c96ceddcb863684821910a7bb/jersey-client-1.9.jar, file:/Users/hpatel/.gradle/caches/modules-2/files-2.1/javax.xml.stream/stax-api/1.0-2/d6337b0de8b25e53e81b922352fbea9f9f57ba0b/stax-api-1.0-2.jar, file:/Users/hpatel/.gradle/caches/modules-2/files-2.1/javax.activation/activation/1.1/e6cb541461c2834bdea3eb920f1884d1eb508b50/activation-1.1.jar, file:/Users/hpatel/.gradle/caches/modules-2/files-2.1/javax.inject/javax.inject/1/6975da39a7040257bd51d21a231b76c915872d38/javax.inject-1.jar, file:/Users/hpatel/.gradle/caches/modules-2/files-2.1/aopalliance/aopalliance/1.0/235ba8b489512805ac13a8f9ea77a1ca5ebe3e8/aopalliance-1.0.jar, file:/Users/hpatel/.gradle/caches/modules-2/files-2.1/org.sonatype.sisu.inject/cglib/2.2.1-v20090111/7ce5e983fd0e6c78346f4c9cbfa39d83049dda2/cglib-2.2.1-v20090111.jar, file:/Users/hpatel/.gradle/caches/modules-2/files-2.1/asm/asm/3.1/c157def142714c544bdea2e6144645702adf7097/asm-3.1.jar, file:/Users/hpatel/.gradle/caches/modules-2/files-2.1/org.apache.hive/hive-service/0.13.1-cdh5.3.3/c7979b4213bfb62823d43ba726e0fea58032dd1e/hive-service-0.13.1-cdh5.3.3.jar, file:/Users/hpatel/.gradle/caches/modules-2/files-2.1/net.sf.jpam/jpam/1.1/cb3d91c2dfda767518a371dbb02edfd6a4aa0600/jpam-1.1.jar, file:/Users/hpatel/.gradle/caches/modules-2/files-2.1/org.eclipse.jetty.aggregate/jetty-all/7.6.0.v20120127/47bb68e3837e5c6422138dd1e0d4d75c60dce87a/jetty-all-7.6.0.v20120127.jar, file:/Users/hpatel/.gradle/caches/modules-2/files-2.1/org.apache.thrift/libfb303/0.9.0/639bd69767fdbd7f658ce8233248fe1cea635164/libfb303-0.9.0.jar, file:/Users/hpatel/.gradle/caches/modules-2/files-2.1/org.apache.geronimo.specs/geronimo-jta_1.1_spec/1.1.1/aabab3165b8ea936b9360abbf448459c0d04a5a4/geronimo-jta_1.1_spec-1.1.1.jar, file:/Users/hpatel/.gradle/caches/modules-2/files-2.1/javax.mail/mail/1.4.1/8b7bc69010655425dabf091b51d1e90b4de36715/mail-1.4.1.jar, file:/Users/hpatel/.gradle/caches/modules-2/files-2.1/org.apache.geronimo.specs/geronimo-jaspic_1.0_spec/1.0/44b95be7dae1147716dce5336419eafade880756/geronimo-jaspic_1.0_spec-1.0.jar, file:/Users/hpatel/.gradle/caches/modules-2/files-2.1/org.apache.geronimo.specs/geronimo-annotation_1.0_spec/1.1.1/47caa799389f69d297b86bf90523d431599c3796/geronimo-annotation_1.0_spec-1.1.1.jar, file:/Users/hpatel/.gradle/caches/modules-2/files-2.1/asm/asm-commons/3.1/1b607fbfe7889c6fdff1b7c16439ade0a60869ac/asm-commons-3.1.jar, file:/Users/hpatel/.gradle/caches/modules-2/files-2.1/asm/asm-tree/3.1/c9a5d4334ddf194ea492f22107d45119a5c5322f/asm-tree-3.1.jar, file:/Users/hpatel/.gradle/caches/modules-2/files-2.1/commons-lang/commons-lang/2.6/ce1edb914c94ebc388f086c6827e8bdeec71ac2/commons-lang-2.6.jar, file:/Users/hpatel/.gradle/caches/modules-2/files-2.1/org.mortbay.jetty/jetty/6.1.26.cloudera.4/d59325a5ff8ff18f7543bc3fbb9d5efa0c0ff521/jetty-6.1.26.cloudera.4.jar, file:/Users/hpatel/.gradle/caches/modules-2/files-2.1/org.mortbay.jetty/jetty-util/6.1.26.cloudera.4/b8507b7c5d3fd9a3d01775272cbf1a63f530c19d/jetty-util-6.1.26.cloudera.4.jar, file:/Users/hpatel/.gradle/caches/modules-2/files-2.1/net.java.dev.jets3t/jets3t/0.9.0/792bc96ee7e57b89f472aa0cb5a31015b9f59c96/jets3t-0.9.0.jar, file:/Users/hpatel/.gradle/caches/modules-2/files-2.1/com.jamesmurty.utils/java-xmlbuilder/0.4/ac5962e48cdee3a0a6e1f8e00fcb594747ac5aaf/java-xmlbuilder-0.4.jar, file:/Users/hpatel/.gradle/caches/modules-2/files-2.1/com.google.protobuf/protobuf-java/2.5.0/a10732c76bfacdbd633a7eb0f7968b1059a65dfa/protobuf-java-2.5.0.jar, file:/Users/hpatel/.gradle/caches/modules-2/files-2.1/org.apache.hive/hive-exec/0.13.1-cdh5.3.3/4d935274127f47dd9c0875efcf317ba49aef1219/hive-exec-0.13.1-cdh5.3.3.jar, file:/Users/hpatel/.gradle/caches/modules-2/files-2.1/org.apache.hive/hive-ant/0.13.1-cdh5.3.3/86954e92a903253177cd6935798c50a6c32b7b81/hive-ant-0.13.1-cdh5.3.3.jar, file:/Users/hpatel/.gradle/caches/modules-2/files-2.1/org.antlr/antlr-runtime/3.4/8f011408269a8e42b8548687e137d8eeb56df4b4/antlr-runtime-3.4.jar, file:/Users/hpatel/.gradle/caches/modules-2/files-2.1/org.antlr/ST4/4.0.4/467a2aa12be6d0f0f68c70eecf6714ab733027ac/ST4-4.0.4.jar, file:/Users/hpatel/.gradle/caches/modules-2/files-2.1/org.apache.ant/ant/1.9.1/35900c96dbebc85dcfbd71f4661059ebcf93c077/ant-1.9.1.jar, file:/Users/hpatel/.gradle/caches/modules-2/files-2.1/org.codehaus.groovy/groovy-all/2.1.6/165b8246372a829c1915611646f6d964010656cf/groovy-all-2.1.6.jar, file:/Users/hpatel/.gradle/caches/modules-2/files-2.1/stax/stax-api/1.0.1/49c100caf72d658aca8e58bd74a4ba90fa2b0d70/stax-api-1.0.1.jar, file:/Users/hpatel/.gradle/caches/modules-2/files-2.1/org.apache.velocity/velocity/1.5/9f306baf7523ffc0e81a6353d08a584d254133b/velocity-1.5.jar, file:/Users/hpatel/.gradle/caches/modules-2/files-2.1/org.antlr/stringtemplate/3.2.1/59ec8083721eae215c6f3caee944c410d2be34de/stringtemplate-3.2.1.jar, file:/Users/hpatel/.gradle/caches/modules-2/files-2.1/antlr/antlr/2.7.7/83cd2cd674a217ade95a4bb83a8a14f351f48bd0/antlr-2.7.7.jar, file:/Users/hpatel/.gradle/caches/modules-2/files-2.1/org.apache.ant/ant-launcher/1.9.1/7c71043ca185eaada9e36391dd022d92859327de/ant-launcher-1.9.1.jar, file:/Users/hpatel/.gradle/caches/modules-2/files-2.1/oro/oro/2.0.8/5592374f834645c4ae250f4c9fbb314c9369d698/oro-2.0.8.jar, file:/Users/hpatel/.gradle/caches/modules-2/files-2.1/org.codehaus.jackson/jackson-core-asl/1.9.13/3c304d70f42f832e0a86d45bd437f692129299a4/jackson-core-asl-1.9.13.jar, file:/Users/hpatel/.gradle/caches/modules-2/files-2.1/org.codehaus.jackson/jackson-mapper-asl/1.9.13/1ee2f2bed0e5dd29d1cb155a166e6f8d50bbddb7/jackson-mapper-asl-1.9.13.jar, file:/Users/hpatel/.gradle/caches/modules-2/files-2.1/org.slf4j/slf4j-api/1.7.6/562424e36df3d2327e8e9301a76027fca17d54ea/slf4j-api-1.7.6.jar, file:/Users/hpatel/.gradle/caches/modules-2/files-2.1/com.sun.jersey/jersey-server/1.14/b1a21724c9b708ed54d42d41bb19ff45ae1d49d9/jersey-server-1.14.jar, file:/Users/hpatel/.gradle/caches/modules-2/files-2.1/org.apache.httpcomponents/httpclient/4.2.5/666e26e76f2e87d84e4f16acb546481ae1b8e9a6/httpclient-4.2.5.jar, file:/Users/hpatel/.gradle/caches/modules-2/files-2.1/org.apache.zookeeper/zookeeper/3.4.6/1b2502e29da1ebaade2357cd1de35a855fa3755/zookeeper-3.4.6.jar, file:/Users/hpatel/.gradle/caches/modules-2/files-2.1/com.google.guava/guava/16.0.1/5fa98cd1a63c99a44dd8d3b77e4762b066a5d0c5/guava-16.0.1.jar, file:/Users/hpatel/.gradle/caches/modules-2/files-2.1/org.codehaus.jackson/jackson-jaxrs/1.8.8/71b16055388e9bd3991c3c3834e8e55098b789f1/jackson-jaxrs-1.8.8.jar, file:/Users/hpatel/.gradle/caches/modules-2/files-2.1/org.codehaus.jackson/jackson-xc/1.8.8/52efa08bc1e4cfea168f552b9e3088297d9d0926/jackson-xc-1.8.8.jar, file:/Users/hpatel/.gradle/caches/modules-2/files-2.1/org.apache.hive/hive-metastore/0.13.1-cdh5.3.3/ca93686a17f064a5ab6587799721cddd7836e53a/hive-metastore-0.13.1-cdh5.3.3.jar, file:/Users/hpatel/.gradle/caches/modules-2/files-2.1/com.jolbox/bonecp/0.8.0.RELEASE/cec24ee9345b3678472bb1b8fdd6aa6b9428beb8/bonecp-0.8.0.RELEASE.jar, file:/Users/hpatel/.gradle/caches/modules-2/files-2.1/org.apache.derby/derby/10.10.1.1/9f6f910f0373adc1b23c10f9b4bb151b7e7449f/derby-10.10.1.1.jar, file:/Users/hpatel/.gradle/caches/modules-2/files-2.1/javax.jdo/jdo-api/3.0.1/58e7a538e020b73871e232eeb064835fd98a492/jdo-api-3.0.1.jar, file:/Users/hpatel/.gradle/caches/modules-2/files-2.1/javax.transaction/jta/1.1/2ca09f0b36ca7d71b762e14ea2ff09d5eac57558/jta-1.1.jar, file:/Users/hpatel/.gradle/caches/modules-2/files-2.1/org.apache.thrift/libthrift/0.9.0/9ba8df332b5db95ce7f3b7a83e44d796c3d014d3/libthrift-0.9.0.jar, file:/Users/hpatel/.gradle/caches/modules-2/files-2.1/org.apache.httpcomponents/httpcore/4.2.4/3b7f38df6de5dd8b500e602ae8c2dd5ee446f883/httpcore-4.2.4.jar, file:/Users/hpatel/.gradle/caches/modules-2/files-2.1/com.sun.jersey/jersey-core/1.14/693061de8b9b352b11e997b1dd4052677778852d/jersey-core-1.14.jar, file:/Users/hpatel/.gradle/caches/modules-2/files-2.1/commons-codec/commons-codec/1.6/b7f0fc8f61ecadeb3695f0b9464755eee44374d4/commons-codec-1.6.jar, file:/Users/hpatel/.gradle/caches/modules-2/files-2.1/io.netty/netty/3.7.0.Final/7a8c35599c68c0bf383df74469aa3e03d9aca87/netty-3.7.0.Final.jar]
15/09/06 13:13:48 INFO mr.ObjectCache: Ignoring retrieval request: __MAP_PLAN__
15/09/06 13:13:48 INFO mr.ObjectCache: Ignoring cache key: __MAP_PLAN__
15/09/06 13:13:48 INFO avro.AvroSerDe: Avro schema is {"type":"record","name":"DEALER_HIERARCHY_CORE","doc":"Sqoop import of DEALER_HIERARCHY","fields":[{"name":"File_Name","type":["string","null"],"columnName":"File_Name"},{"name":"GEN_ID","type":["string","null"],"columnName":"GEN_ID"},{"name":"DMS_SYSTEM","type":["string","null"],"columnName":"DMS_SYSTEM"},{"name":"DMS_VERSION","type":["string","null"],"columnName":"DMS_VERSION"},{"name":"TRANSMIT_TS","type":["string","null"],"columnName":"TRANSMIT_TS"},{"name":"ORIG_TRANSMIT_TS","type":["string","null"],"columnName":"TRANSMIT_TS"},{"name":"TRANSMIT_BY","type":["string","null"],"columnName":"TRANSMIT_BY"},{"name":"RECORD_STATUS","type":["string","null"],"columnName":"RECORD_STATUS"},{"name":"DEALER_UPDT_IND","type":["string","null"],"columnName":"DEALER_UPDT_IND","sqlType":"1"},{"name":"STORE_NUMBER","type":["string","null"],"columnName":"STORE_NUMBER"},{"name":"PART_TYPE","type":["string","null"],"columnName":"PART_TYPE"},{"name":"STORE_NAME","type":["string","null"],"columnName":"STORE_NAME"},{"name":"INVENTORY_STORE_NUMBER","type":["string","null"],"columnName":"INVENTORY_STORE_NUMBER"},{"name":"CAT_EMRG_DEALER_CODE","type":["string","null"],"columnName":"CAT_EMRG_DEALER_CODE"},{"name":"CAT_STOCK_DEALER_CODE","type":["string","null"],"columnName":"CAT_STOCK_DEALER_CODE"},{"name":"STOCK_REPLEN_STORE_NUMBER","type":["string","null"],"columnName":"STOCK_REPLEN_STORE_NUMBER"},{"name":"STOCK_REPLEN_LEAD_TIME","type":["string","null"],"columnName":"STOCK_REPLEN_LEAD_TIME"},{"name":"LST_UPDT_TS","type":["string","null"],"columnName":"LST_UPDT_TS"},{"name":"ORIG_LST_UPDT_TS","type":["string","null"],"columnName":"ORIG_LST_UPDT_TS"},{"name":"LST_UPDT_BY_ID","type":["string","null"],"columnName":"LST_UPDT_BY_ID"},{"name":"FILE_INS_TS","type":["string","null"],"columnName":"FILE_INS_TS"},{"name":"ORIG_FILE_INS_TS","type":["string","null"],"columnName":"ORIG_FILE_INS_TS"},{"name":"EXP_STOCK_PLAN_LEAD_TIME","type":["string","null"],"columnName":"EXP_STOCK_PLAN_LEAD_TIME"}],"tableName":"DEALER_HIERARCHY_CORE"}
15/09/06 13:13:48 INFO avro.AvroSerDe: Avro schema is {"type":"record","name":"DEALER_HIERARCHY_CORE","doc":"Sqoop import of DEALER_HIERARCHY","fields":[{"name":"File_Name","type":["string","null"],"columnName":"File_Name"},{"name":"GEN_ID","type":["string","null"],"columnName":"GEN_ID"},{"name":"DMS_SYSTEM","type":["string","null"],"columnName":"DMS_SYSTEM"},{"name":"DMS_VERSION","type":["string","null"],"columnName":"DMS_VERSION"},{"name":"TRANSMIT_TS","type":["string","null"],"columnName":"TRANSMIT_TS"},{"name":"ORIG_TRANSMIT_TS","type":["string","null"],"columnName":"TRANSMIT_TS"},{"name":"TRANSMIT_BY","type":["string","null"],"columnName":"TRANSMIT_BY"},{"name":"RECORD_STATUS","type":["string","null"],"columnName":"RECORD_STATUS"},{"name":"DEALER_UPDT_IND","type":["string","null"],"columnName":"DEALER_UPDT_IND","sqlType":"1"},{"name":"STORE_NUMBER","type":["string","null"],"columnName":"STORE_NUMBER"},{"name":"PART_TYPE","type":["string","null"],"columnName":"PART_TYPE"},{"name":"STORE_NAME","type":["string","null"],"columnName":"STORE_NAME"},{"name":"INVENTORY_STORE_NUMBER","type":["string","null"],"columnName":"INVENTORY_STORE_NUMBER"},{"name":"CAT_EMRG_DEALER_CODE","type":["string","null"],"columnName":"CAT_EMRG_DEALER_CODE"},{"name":"CAT_STOCK_DEALER_CODE","type":["string","null"],"columnName":"CAT_STOCK_DEALER_CODE"},{"name":"STOCK_REPLEN_STORE_NUMBER","type":["string","null"],"columnName":"STOCK_REPLEN_STORE_NUMBER"},{"name":"STOCK_REPLEN_LEAD_TIME","type":["string","null"],"columnName":"STOCK_REPLEN_LEAD_TIME"},{"name":"LST_UPDT_TS","type":["string","null"],"columnName":"LST_UPDT_TS"},{"name":"ORIG_LST_UPDT_TS","type":["string","null"],"columnName":"ORIG_LST_UPDT_TS"},{"name":"LST_UPDT_BY_ID","type":["string","null"],"columnName":"LST_UPDT_BY_ID"},{"name":"FILE_INS_TS","type":["string","null"],"columnName":"FILE_INS_TS"},{"name":"ORIG_FILE_INS_TS","type":["string","null"],"columnName":"ORIG_FILE_INS_TS"},{"name":"EXP_STOCK_PLAN_LEAD_TIME","type":["string","null"],"columnName":"EXP_STOCK_PLAN_LEAD_TIME"}],"tableName":"DEALER_HIERARCHY_CORE"}
15/09/06 13:13:48 INFO avro.AvroSerDe: Avro schema is {"type":"record","name":"DEALER_HIERARCHY_CORE","doc":"Sqoop import of DEALER_HIERARCHY","fields":[{"name":"File_Name","type":["string","null"],"columnName":"File_Name"},{"name":"GEN_ID","type":["string","null"],"columnName":"GEN_ID"},{"name":"DMS_SYSTEM","type":["string","null"],"columnName":"DMS_SYSTEM"},{"name":"DMS_VERSION","type":["string","null"],"columnName":"DMS_VERSION"},{"name":"TRANSMIT_TS","type":["string","null"],"columnName":"TRANSMIT_TS"},{"name":"ORIG_TRANSMIT_TS","type":["string","null"],"columnName":"TRANSMIT_TS"},{"name":"TRANSMIT_BY","type":["string","null"],"columnName":"TRANSMIT_BY"},{"name":"RECORD_STATUS","type":["string","null"],"columnName":"RECORD_STATUS"},{"name":"DEALER_UPDT_IND","type":["string","null"],"columnName":"DEALER_UPDT_IND","sqlType":"1"},{"name":"STORE_NUMBER","type":["string","null"],"columnName":"STORE_NUMBER"},{"name":"PART_TYPE","type":["string","null"],"columnName":"PART_TYPE"},{"name":"STORE_NAME","type":["string","null"],"columnName":"STORE_NAME"},{"name":"INVENTORY_STORE_NUMBER","type":["string","null"],"columnName":"INVENTORY_STORE_NUMBER"},{"name":"CAT_EMRG_DEALER_CODE","type":["string","null"],"columnName":"CAT_EMRG_DEALER_CODE"},{"name":"CAT_STOCK_DEALER_CODE","type":["string","null"],"columnName":"CAT_STOCK_DEALER_CODE"},{"name":"STOCK_REPLEN_STORE_NUMBER","type":["string","null"],"columnName":"STOCK_REPLEN_STORE_NUMBER"},{"name":"STOCK_REPLEN_LEAD_TIME","type":["string","null"],"columnName":"STOCK_REPLEN_LEAD_TIME"},{"name":"LST_UPDT_TS","type":["string","null"],"columnName":"LST_UPDT_TS"},{"name":"ORIG_LST_UPDT_TS","type":["string","null"],"columnName":"ORIG_LST_UPDT_TS"},{"name":"LST_UPDT_BY_ID","type":["string","null"],"columnName":"LST_UPDT_BY_ID"},{"name":"FILE_INS_TS","type":["string","null"],"columnName":"FILE_INS_TS"},{"name":"ORIG_FILE_INS_TS","type":["string","null"],"columnName":"ORIG_FILE_INS_TS"},{"name":"EXP_STOCK_PLAN_LEAD_TIME","type":["string","null"],"columnName":"EXP_STOCK_PLAN_LEAD_TIME"}],"tableName":"DEALER_HIERARCHY_CORE"}
15/09/06 13:13:48 INFO exec.MapOperator: dump TS struct<file_name:string,gen_id:string,dms_system:string,dms_version:string,transmit_ts:string,orig_transmit_ts:string,transmit_by:string,record_status:string,dealer_updt_ind:string,store_number:string,part_type:string,store_name:string,inventory_store_number:string,cat_emrg_dealer_code:string,cat_stock_dealer_code:string,stock_replen_store_number:string,stock_replen_lead_time:string,lst_updt_ts:string,orig_lst_updt_ts:string,lst_updt_by_id:string,file_ins_ts:string,orig_file_ins_ts:string,exp_stock_plan_lead_time:string,dealer_code:string>
15/09/06 13:13:48 INFO mr.ExecMapper: 
<MAP>Id =70
  <Children>
    <TS>Id =60
      <Children>
        <SEL>Id =62
          <Children>
            <GBY>Id =63
              <Children>
                <RS>Id =64
                  <Children>
                  <\Children>
                  <Parent>Id = 63 null<\Parent>
                <\RS>
              <\Children>
              <Parent>Id = 62 null<\Parent>
            <\GBY>
          <\Children>
          <Parent>Id = 60 null<\Parent>
        <\SEL>
      <\Children>
      <Parent>Id = 70 null<\Parent>
    <\TS>
  <\Children>
  <Parent><\Parent>
<\MAP>
15/09/06 13:13:48 INFO exec.MapOperator: Initializing Self 70 MAP
15/09/06 13:13:48 INFO exec.TableScanOperator: Initializing Self 60 TS
15/09/06 13:13:48 INFO exec.TableScanOperator: Operator 60 TS initialized
15/09/06 13:13:48 INFO exec.TableScanOperator: Initializing children of 60 TS
15/09/06 13:13:48 INFO exec.SelectOperator: Initializing child 62 SEL
15/09/06 13:13:48 INFO exec.SelectOperator: Initializing Self 62 SEL
15/09/06 13:13:48 INFO exec.SelectOperator: SELECT struct<file_name:string,gen_id:string,dms_system:string,dms_version:string,transmit_ts:string,orig_transmit_ts:string,transmit_by:string,record_status:string,dealer_updt_ind:string,store_number:string,part_type:string,store_name:string,inventory_store_number:string,cat_emrg_dealer_code:string,cat_stock_dealer_code:string,stock_replen_store_number:string,stock_replen_lead_time:string,lst_updt_ts:string,orig_lst_updt_ts:string,lst_updt_by_id:string,file_ins_ts:string,orig_file_ins_ts:string,exp_stock_plan_lead_time:string,dealer_code:string>
15/09/06 13:13:48 INFO exec.SelectOperator: Operator 62 SEL initialized
15/09/06 13:13:48 INFO exec.SelectOperator: Initializing children of 62 SEL
15/09/06 13:13:48 INFO exec.GroupByOperator: Initializing child 63 GBY
15/09/06 13:13:48 INFO exec.GroupByOperator: Initializing Self 63 GBY
15/09/06 13:13:48 INFO exec.GroupByOperator: Operator 63 GBY initialized
15/09/06 13:13:48 INFO exec.GroupByOperator: Initializing children of 63 GBY
15/09/06 13:13:48 INFO exec.ReduceSinkOperator: Initializing child 64 RS
15/09/06 13:13:48 INFO exec.ReduceSinkOperator: Initializing Self 64 RS
15/09/06 13:13:48 INFO exec.ReduceSinkOperator: Using tag = -1
15/09/06 13:13:48 INFO exec.ReduceSinkOperator: Operator 64 RS initialized
15/09/06 13:13:48 INFO exec.ReduceSinkOperator: Initialization Done 64 RS
15/09/06 13:13:48 INFO exec.GroupByOperator: Initialization Done 63 GBY
15/09/06 13:13:48 INFO exec.SelectOperator: Initialization Done 62 SEL
15/09/06 13:13:48 INFO exec.TableScanOperator: Initialization Done 60 TS
15/09/06 13:13:48 INFO exec.MapOperator: Initialization Done 70 MAP
15/09/06 13:13:48 INFO exec.MapOperator: Processing alias dealer_hierarchy_core for file file:/var/folders/y7/4_pz5fzx54ngcmghz3v6t3m00000gn/T/junit4238406739563525852/hadooptmp/dealer_hierarchy/core_data/dealer_code=AAAA
15/09/06 13:13:48 INFO avro.AvroDeserializer: Adding new valid RRID :-d3e18ac:14fa3dd38b8:-8000
15/09/06 13:13:48 INFO mr.ExecMapper: ExecMapper: processing 1 rows: used memory = 150012352
15/09/06 13:13:48 INFO exec.MapOperator: 70 finished. closing... 
15/09/06 13:13:48 INFO exec.MapOperator: DESERIALIZE_ERRORS:0
15/09/06 13:13:48 INFO exec.TableScanOperator: 60 finished. closing... 
15/09/06 13:13:48 INFO exec.SelectOperator: 62 finished. closing... 
15/09/06 13:13:48 INFO exec.GroupByOperator: 63 finished. closing... 
15/09/06 13:13:48 INFO exec.GroupByOperator: Begin Hash Table flush: size = 1
15/09/06 13:13:48 INFO exec.ReduceSinkOperator: 64 finished. closing... 
15/09/06 13:13:48 INFO exec.ReduceSinkOperator: 64 Close done
15/09/06 13:13:48 INFO exec.GroupByOperator: 63 Close done
15/09/06 13:13:48 INFO exec.SelectOperator: 62 Close done
15/09/06 13:13:48 INFO exec.TableScanOperator: 60 Close done
15/09/06 13:13:48 INFO exec.MapOperator: 70 Close done
15/09/06 13:13:48 INFO mr.ExecMapper: ExecMapper: processed 1 rows: used memory = 150012352
15/09/06 13:13:48 INFO mapred.MapTask: Starting flush of map output
15/09/06 13:13:48 INFO mapred.MapTask: Finished spill 0
15/09/06 13:13:48 INFO mapred.Task: Task:attempt_local1026170993_0005_m_000000_0 is done. And is in the process of commiting
15/09/06 13:13:48 INFO mapred.LocalJobRunner: 
15/09/06 13:13:48 INFO mapred.Task: Task 'attempt_local1026170993_0005_m_000000_0' done.
15/09/06 13:13:48 INFO mapred.LocalJobRunner: Finishing task: attempt_local1026170993_0005_m_000000_0
15/09/06 13:13:48 INFO mapred.LocalJobRunner: Map task executor complete.
15/09/06 13:13:48 WARN mapreduce.Counters: Group org.apache.hadoop.mapred.Task$Counter is deprecated. Use org.apache.hadoop.mapreduce.TaskCounter instead
2015-09-06 13:13:48,505 Stage-1 map = 100%,  reduce = 0%
15/09/06 13:13:48 INFO exec.Task: 2015-09-06 13:13:48,505 Stage-1 map = 100%,  reduce = 0%
15/09/06 13:13:48 INFO mapred.Task:  Using ResourceCalculatorPlugin : null
15/09/06 13:13:48 INFO mapred.LocalJobRunner: 
15/09/06 13:13:48 INFO mapred.Merger: Merging 1 sorted segments
15/09/06 13:13:48 INFO mapred.Merger: Down to the last merge-pass, with 1 segments left of total size: 15 bytes
15/09/06 13:13:48 INFO mapred.LocalJobRunner: 
15/09/06 13:13:48 INFO ExecReducer: maximum memory = 3817865216
15/09/06 13:13:48 INFO ExecReducer: conf classpath = [file:/Users/hpatel/.gradle/caches/2.1/workerMain/gradle-worker.jar, file:/Users/hpatel/Tech/Projects/CAT/ddsw_dev/hive-test/build/classes/test/, file:/Users/hpatel/Tech/Projects/CAT/ddsw_dev/hive-test/build/resources/test/, file:/Users/hpatel/Tech/Projects/CAT/ddsw_dev/hive-test/build/classes/main/, file:/Users/hpatel/Tech/Projects/CAT/ddsw_dev/hive-test/build/resources/main, file:/Users/hpatel/.gradle/caches/modules-2/files-2.1/junit/junit/4.11/4e031bb61df09069aeb2bffb4019e7a5034a4ee0/junit-4.11.jar, file:/Users/hpatel/.gradle/caches/modules-2/files-2.1/com.klarna/hiverunner/1.0.0/e26bb0655fff4d88fab91f331793d9fc1db392cc/HiveRunner-1.0.0.jar, file:/Users/hpatel/Tech/Projects/CAT/ddsw_dev/custom-cat-udfs/build/libs/custom-cat-udfs-0.1.38-SNAPSHOT.jar, file:/Users/hpatel/.gradle/caches/modules-2/files-2.1/org.apache.hadoop/hadoop-client/2.5.0-cdh5.3.3/ec3cd6a8cb043e73a42918934c5d3a3f2747c78b/hadoop-client-2.5.0-cdh5.3.3.jar, file:/Users/hpatel/.gradle/caches/modules-2/files-2.1/org.hsqldb/hsqldb/2.3.1/bd7153caa30958e1c64a3dd38b93e5a7442d9a0e/hsqldb-2.3.1.jar, file:/Users/hpatel/.gradle/caches/modules-2/files-2.1/org.apache.hadoop/hadoop-core/2.5.0-mr1-cdh5.3.3/f6f4a77f818757da51ae0244310855779c04c4be/hadoop-core-2.5.0-mr1-cdh5.3.3.jar, file:/Users/hpatel/.gradle/caches/modules-2/files-2.1/org.reflections/reflections/0.9.8/f723abb59bf512952bfc503838f70f81487a6993/reflections-0.9.8.jar, file:/Users/hpatel/.gradle/caches/modules-2/files-2.1/org.mockito/mockito-core/1.10.19/e8546f5bef4e061d8dd73895b4e8f40e3fe6effe/mockito-core-1.10.19.jar, file:/Users/hpatel/.gradle/caches/modules-2/files-2.1/org.hamcrest/hamcrest-core/1.3/42a25dc3219429f0e5d060061f71acb49bf010a0/hamcrest-core-1.3.jar, file:/Users/hpatel/.gradle/caches/modules-2/files-2.1/org.pentaho/pentaho-aggdesigner-algorithm/5.1.5-jhyde/c52379c645c6c85300e645dff7c72653bf85baa2/pentaho-aggdesigner-algorithm-5.1.5-jhyde.jar, file:/Users/hpatel/.gradle/caches/modules-2/files-2.1/org.apache.hive/hive-serde/0.13.1-cdh5.3.3/9cee47c844d726e9bcef6ab292e1319b7fbddaa3/hive-serde-0.13.1-cdh5.3.3.jar, file:/Users/hpatel/.gradle/caches/modules-2/files-2.1/org.apache.hadoop/hadoop-common/2.5.0-cdh5.3.3/f0862eb1dc33c1807ea29a248af75551e3c6836a/hadoop-common-2.5.0-cdh5.3.3.jar, file:/Users/hpatel/.gradle/caches/modules-2/files-2.1/org.apache.hive/hive-contrib/0.13.1-cdh5.3.3/bf89b429c9b173ac275dc0c1623f5c30e780ee98/hive-contrib-0.13.1-cdh5.3.3.jar, file:/Users/hpatel/.gradle/caches/modules-2/files-2.1/org.datanucleus/datanucleus-core/3.2.12/3212183bb5a2826cd5ff194b9a54619dd0bdf31f/datanucleus-core-3.2.12.jar, file:/Users/hpatel/.gradle/caches/modules-2/files-2.1/org.datanucleus/datanucleus-rdbms/3.2.11/5b053144c89fdff1505b853aa7f1e5ba7657da75/datanucleus-rdbms-3.2.11.jar, file:/Users/hpatel/.gradle/caches/modules-2/files-2.1/org.datanucleus/datanucleus-api-jdo/3.2.8/efc60221fbc91e95cf5758b98c6c5531660696cb/datanucleus-api-jdo-3.2.8.jar, file:/Users/hpatel/.gradle/caches/modules-2/files-2.1/org.apache.hive/hive-shims/0.13.1-cdh5.3.3/47b029532c0b9d45526dcdd858823e6f9634ab81/hive-shims-0.13.1-cdh5.3.3.jar, file:/Users/hpatel/.gradle/caches/modules-2/files-2.1/org.apache.commons/commons-lang3/3.3.1/6738a2da2202ce360f0af90aba005c1e05a2c4cd/commons-lang3-3.3.1.jar, file:/Users/hpatel/.gradle/caches/modules-2/files-2.1/joda-time/joda-time/2.3/56498efd17752898cfcc3868c1b6211a07b12b8f/joda-time-2.3.jar, file:/Users/hpatel/.gradle/caches/modules-2/files-2.1/org.apache.hadoop/hadoop-hdfs/2.5.0-cdh5.3.3/5dd5e2be13d89a9eaab89d3a33bcdf6677671aa9/hadoop-hdfs-2.5.0-cdh5.3.3.jar, file:/Users/hpatel/.gradle/caches/modules-2/files-2.1/org.apache.hadoop/hadoop-mapreduce-client-app/2.5.0-cdh5.3.3/579948f8fa6d9d72bf507bd021fa3dcc0670e95f/hadoop-mapreduce-client-app-2.5.0-cdh5.3.3.jar, file:/Users/hpatel/.gradle/caches/modules-2/files-2.1/org.apache.hadoop/hadoop-yarn-api/2.5.0-cdh5.3.3/a6d9b4b7cbcacd000350a3e33c70269101b5fc79/hadoop-yarn-api-2.5.0-cdh5.3.3.jar, file:/Users/hpatel/.gradle/caches/modules-2/files-2.1/org.apache.hadoop/hadoop-mapreduce-client-core/2.5.0-cdh5.3.3/f2c8eaa2b8a5839a7781f04cf59c4d1abfefec9e/hadoop-mapreduce-client-core-2.5.0-cdh5.3.3.jar, file:/Users/hpatel/.gradle/caches/modules-2/files-2.1/org.apache.hadoop/hadoop-mapreduce-client-jobclient/2.5.0-cdh5.3.3/f8baecab9a91245a97e29e4867a7f5ae128ef8a9/hadoop-mapreduce-client-jobclient-2.5.0-cdh5.3.3.jar, file:/Users/hpatel/.gradle/caches/modules-2/files-2.1/org.apache.hadoop/hadoop-aws/2.5.0-cdh5.3.3/f712d9cf59c859914254bed5c87ee4e5a2204e78/hadoop-aws-2.5.0-cdh5.3.3.jar, file:/Users/hpatel/.gradle/caches/modules-2/files-2.1/org.apache.hadoop/hadoop-annotations/2.5.0-cdh5.3.3/e3b40743127d82ff7a6f263d00419368a46ce608/hadoop-annotations-2.5.0-cdh5.3.3.jar, file:/Users/hpatel/.gradle/caches/modules-2/files-2.1/commons-collections/commons-collections/3.2.1/761ea405b9b37ced573d2df0d1e3a4e0f9edc668/commons-collections-3.2.1.jar, file:/Users/hpatel/.gradle/caches/modules-2/files-2.1/commons-configuration/commons-configuration/1.6/32cadde23955d7681b0d94a2715846d20b425235/commons-configuration-1.6.jar, file:/Users/hpatel/.gradle/caches/modules-2/files-2.1/jline/jline/0.9.94/99a18e9a44834afdebc467294e1138364c207402/jline-0.9.94.jar, file:/Users/hpatel/.gradle/caches/modules-2/files-2.1/commons-cli/commons-cli/1.2/2bf96b7aa8b611c177d329452af1dc933e14501c/commons-cli-1.2.jar, file:/Users/hpatel/.gradle/caches/modules-2/files-2.1/xmlenc/xmlenc/0.52/d82554efbe65906d83b3d97bd7509289e9db561a/xmlenc-0.52.jar, file:/Users/hpatel/.gradle/caches/modules-2/files-2.1/commons-httpclient/commons-httpclient/3.1/964cd74171f427720480efdec40a7c7f6e58426a/commons-httpclient-3.1.jar, file:/Users/hpatel/.gradle/caches/modules-2/files-2.1/commons-net/commons-net/3.1/2298164a7c2484406f2aa5ac85b205d39019896f/commons-net-3.1.jar, file:/Users/hpatel/.gradle/caches/modules-2/files-2.1/tomcat/jasper-runtime/5.5.23/96ca5528a93ab47b001476b74320c644beb89dde/jasper-runtime-5.5.23.jar, file:/Users/hpatel/.gradle/caches/modules-2/files-2.1/tomcat/jasper-compiler/5.5.23/6d35bd7fb8c4fbc1f5401fb3678aa976d2e4c241/jasper-compiler-5.5.23.jar, file:/Users/hpatel/.gradle/caches/modules-2/files-2.1/javax.servlet.jsp/jsp-api/2.1/63f943103f250ef1f3a4d5e94d145a0f961f5316/jsp-api-2.1.jar, file:/Users/hpatel/.gradle/caches/modules-2/files-2.1/commons-el/commons-el/1.0/1df2c042b3f2de0124750241ac6c886dbfa2cc2c/commons-el-1.0.jar, file:/Users/hpatel/.gradle/caches/modules-2/files-2.1/javax.servlet/servlet-api/2.5/5959582d97d8b61f4d154ca9e495aafd16726e34/servlet-api-2.5.jar, file:/Users/hpatel/.gradle/caches/modules-2/files-2.1/hsqldb/hsqldb/1.8.0.10/7e9978fdb754bce5fcd5161133e7734ecb683036/hsqldb-1.8.0.10.jar, file:/Users/hpatel/.gradle/caches/modules-2/files-2.1/org.eclipse.jdt/core/3.1.1/88c83ce444cf46d02494da37c9fa1eebc9ce9cea/core-3.1.1.jar, file:/Users/hpatel/.gradle/caches/modules-2/files-2.1/javassist/javassist/3.12.1.GA/526633327faa61aee448a519e8a4d53ec3057885/javassist-3.12.1.GA.jar, file:/Users/hpatel/.gradle/caches/modules-2/files-2.1/dom4j/dom4j/1.6.1/5d3ccc056b6f056dbf0dddfdf43894b9065a8f94/dom4j-1.6.1.jar, file:/Users/hpatel/.gradle/caches/modules-2/files-2.1/org.objenesis/objenesis/2.1/87c0ea803b69252868d09308b4618f766f135a96/objenesis-2.1.jar, file:/Users/hpatel/.gradle/caches/modules-2/files-2.1/commons-logging/commons-logging/1.1.3/f6f66e966c70a83ffbdb6f17a0919eaf7c8aca7f/commons-logging-1.1.3.jar, file:/Users/hpatel/.gradle/caches/modules-2/files-2.1/org.apache.hive/hive-common/0.13.1-cdh5.3.3/e3fbf24d30a553c50ae4d4eed23f81b0e1211c5a/hive-common-0.13.1-cdh5.3.3.jar, file:/Users/hpatel/.gradle/caches/modules-2/files-2.1/org.apache.avro/avro/1.7.6-cdh5.3.3/6d90271293977d199ed07002bf35e2805405cc64/avro-1.7.6-cdh5.3.3.jar, file:/Users/hpatel/.gradle/caches/modules-2/files-2.1/net.sf.opencsv/opencsv/2.3/c23708cdb9e80a144db433e23344a788a1fd6599/opencsv-2.3.jar, file:/Users/hpatel/.gradle/caches/modules-2/files-2.1/com.sun.jersey/jersey-servlet/1.14/4b87041a59ee152757b62e47a21d5b63fde20ffe/jersey-servlet-1.14.jar, file:/Users/hpatel/.gradle/caches/modules-2/files-2.1/org.slf4j/slf4j-log4j12/1.7.5/6edffc576ce104ec769d954618764f39f0f0f10d/slf4j-log4j12-1.7.5.jar, file:/Users/hpatel/.gradle/caches/modules-2/files-2.1/org.apache.commons/commons-math3/3.1.1/6719d757a98ff24a83d9d727bef9cec83f59b6e1/commons-math3-3.1.1.jar, file:/Users/hpatel/.gradle/caches/modules-2/files-2.1/commons-io/commons-io/2.4/b1b6ea3b7e4aa4f492509a4952029cd8e48019ad/commons-io-2.4.jar, file:/Users/hpatel/.gradle/caches/modules-2/files-2.1/com.sun.jersey/jersey-json/1.9/1aa73e1896bcc7013fed247157d7f676226eb432/jersey-json-1.9.jar, file:/Users/hpatel/.gradle/caches/modules-2/files-2.1/log4j/log4j/1.2.17/5af35056b4d257e4b64b9e8069c0746e8b08629f/log4j-1.2.17.jar, file:/Users/hpatel/.gradle/caches/modules-2/files-2.1/com.google.code.gson/gson/2.2.4/a60a5e993c98c864010053cb901b7eab25306568/gson-2.2.4.jar, file:/Users/hpatel/.gradle/caches/modules-2/files-2.1/org.apache.hadoop/hadoop-auth/2.5.0-cdh5.3.3/847eb288da72acfdd7d202da5149dec6cd20ceba/hadoop-auth-2.5.0-cdh5.3.3.jar, file:/Users/hpatel/.gradle/caches/modules-2/files-2.1/com.jcraft/jsch/0.1.42/a86104b0f2e0c0bab5b0df836065823a99b5e334/jsch-0.1.42.jar, file:/Users/hpatel/.gradle/caches/modules-2/files-2.1/org.apache.curator/curator-client/2.6.0/b9007c357ad1a78066fc6004e8b1feaa2318f6f3/curator-client-2.6.0.jar, file:/Users/hpatel/.gradle/caches/modules-2/files-2.1/org.apache.curator/curator-recipes/2.6.0/8736b0fc42e6bf006d585fe85c90aaa4ade5cbef/curator-recipes-2.6.0.jar, file:/Users/hpatel/.gradle/caches/modules-2/files-2.1/com.google.code.findbugs/jsr305/1.3.9/40719ea6961c0cb6afaeb6a921eaa1f6afd4cfdf/jsr305-1.3.9.jar, file:/Users/hpatel/.gradle/caches/modules-2/files-2.1/org.apache.commons/commons-compress/1.4.1/b02e84a993d88568417536240e970c4b809126fd/commons-compress-1.4.1.jar, file:/Users/hpatel/.gradle/caches/modules-2/files-2.1/org.apache.hive.shims/hive-shims-common/0.13.1-cdh5.3.3/3d9e5245018fbde18f52c4ab25fc35afdec2fc0a/hive-shims-common-0.13.1-cdh5.3.3.jar, file:/Users/hpatel/.gradle/caches/modules-2/files-2.1/org.apache.hive.shims/hive-shims-common-secure/0.13.1-cdh5.3.3/6b29a16b2a41b89bdbbc681c257ad7f766a90bcb/hive-shims-common-secure-0.13.1-cdh5.3.3.jar, file:/Users/hpatel/.gradle/caches/modules-2/files-2.1/org.apache.hive.shims/hive-shims-0.23/0.13.1-cdh5.3.3/7ab834955a767af200d1d9151c204751637d9ca9/hive-shims-0.23-0.13.1-cdh5.3.3.jar, file:/Users/hpatel/.gradle/caches/modules-2/files-2.1/org.apache.hive.shims/hive-shims-scheduler/0.13.1-cdh5.3.3/b6644420b74f936a838f7f3fd2fa19c19add0449/hive-shims-scheduler-0.13.1-cdh5.3.3.jar, file:/Users/hpatel/.gradle/caches/modules-2/files-2.1/org.apache.hadoop/hadoop-mapreduce-client-common/2.5.0-cdh5.3.3/f0d777bb76ca9f540c0c81a45934f0f5cf9975b8/hadoop-mapreduce-client-common-2.5.0-cdh5.3.3.jar, file:/Users/hpatel/.gradle/caches/modules-2/files-2.1/org.apache.hadoop/hadoop-mapreduce-client-shuffle/2.5.0-cdh5.3.3/b6c4316f6fcc406edf7e5bd77c50e46034ad5519/hadoop-mapreduce-client-shuffle-2.5.0-cdh5.3.3.jar, file:/Users/hpatel/.gradle/caches/modules-2/files-2.1/org.apache.hadoop/hadoop-yarn-common/2.5.0-cdh5.3.3/9499713b674eae1aa714fcd0e95e0d09daaf3824/hadoop-yarn-common-2.5.0-cdh5.3.3.jar, file:/Users/hpatel/.gradle/caches/modules-2/files-2.1/com.fasterxml.jackson.core/jackson-databind/2.2.3/3ae380888029daefb91d3ecdca3a37d8cb92bc9/jackson-databind-2.2.3.jar, file:/Users/hpatel/.gradle/caches/modules-2/files-2.1/com.fasterxml.jackson.core/jackson-annotations/2.2.3/527fece4f23a457070a36c371a26d6c0208e1c3/jackson-annotations-2.2.3.jar, file:/Users/hpatel/.gradle/caches/modules-2/files-2.1/com.amazonaws/aws-java-sdk/1.7.4/2c24ccb6f1ab845a7df971951d4b41c709a6517d/aws-java-sdk-1.7.4.jar, file:/Users/hpatel/.gradle/caches/modules-2/files-2.1/commons-digester/commons-digester/1.8/dc6a73fdbd1fa3f0944e8497c6c872fa21dca37e/commons-digester-1.8.jar, file:/Users/hpatel/.gradle/caches/modules-2/files-2.1/commons-beanutils/commons-beanutils-core/1.8.0/175dc721f87e4bc5cc0573f990e28c3cf9117508/commons-beanutils-core-1.8.0.jar, file:/Users/hpatel/.gradle/caches/modules-2/files-2.1/xml-apis/xml-apis/1.0.b2/3136ca936f64c9d68529f048c2618bd356bf85c9/xml-apis-1.0.b2.jar, file:/Users/hpatel/.gradle/caches/modules-2/files-2.1/com.thoughtworks.paranamer/paranamer/2.3/4a85963a752c0a2f715c3924bfc686865e7e1bc6/paranamer-2.3.jar, file:/Users/hpatel/.gradle/caches/modules-2/files-2.1/org.xerial.snappy/snappy-java/1.0.5/10cb4550360a0ec6b80f09a5209d00b6058e82bf/snappy-java-1.0.5.jar, file:/Users/hpatel/.gradle/caches/modules-2/files-2.1/org.codehaus.jettison/jettison/1.1/1a01a2a1218fcf9faa2cc2a6ced025bdea687262/jettison-1.1.jar, file:/Users/hpatel/.gradle/caches/modules-2/files-2.1/com.sun.xml.bind/jaxb-impl/2.2.3-1/56baae106392040a45a06d4a41099173425da1e6/jaxb-impl-2.2.3-1.jar, file:/Users/hpatel/.gradle/caches/modules-2/files-2.1/org.apache.directory.server/apacheds-kerberos-codec/2.0.0-M15/1c16e4e477183641c5f0dd5cdecd27ec331bacb5/apacheds-kerberos-codec-2.0.0-M15.jar, file:/Users/hpatel/.gradle/caches/modules-2/files-2.1/org.apache.curator/curator-framework/2.6.0/81a699c39d127b5b4ff97cc77da7650b53e5b5ed/curator-framework-2.6.0.jar, file:/Users/hpatel/.gradle/caches/modules-2/files-2.1/org.tukaani/xz/1.0/ecff5cb8b1189514c9d1d8d68eb77ac372e000c9/xz-1.0.jar, file:/Users/hpatel/.gradle/caches/modules-2/files-2.1/org.apache.hadoop/hadoop-yarn-client/2.5.0-cdh5.3.3/2d2ce5d0138d02b20aefcfc1ee8dd6f691911f63/hadoop-yarn-client-2.5.0-cdh5.3.3.jar, file:/Users/hpatel/.gradle/caches/modules-2/files-2.1/org.apache.hadoop/hadoop-yarn-server-common/2.5.0-cdh5.3.3/d099fcc19f56d477fa6b5b47ae4e06bb97538778/hadoop-yarn-server-common-2.5.0-cdh5.3.3.jar, file:/Users/hpatel/.gradle/caches/modules-2/files-2.1/org.apache.hadoop/hadoop-yarn-server-nodemanager/2.5.0-cdh5.3.3/278b2d7a6454ce57a94ab02a88c0b188afc8facc/hadoop-yarn-server-nodemanager-2.5.0-cdh5.3.3.jar, file:/Users/hpatel/.gradle/caches/modules-2/files-2.1/org.fusesource.leveldbjni/leveldbjni-all/1.8/707350a2eeb1fa2ed77a32ddb3893ed308e941db/leveldbjni-all-1.8.jar, file:/Users/hpatel/.gradle/caches/modules-2/files-2.1/javax.xml.bind/jaxb-api/2.2.2/aeb3021ca93dde265796d82015beecdcff95bf09/jaxb-api-2.2.2.jar, file:/Users/hpatel/.gradle/caches/modules-2/files-2.1/com.google.inject/guice/3.0/9d84f15fe35e2c716a02979fb62f50a29f38aefa/guice-3.0.jar, file:/Users/hpatel/.gradle/caches/modules-2/files-2.1/com.sun.jersey.contribs/jersey-guice/1.9/5963c28c47df7e5d6ad34cec80c071c368777f7b/jersey-guice-1.9.jar, file:/Users/hpatel/.gradle/caches/modules-2/files-2.1/com.fasterxml.jackson.core/jackson-core/2.2.3/1a0113da2cab5f4c216b4e5e7c1dbfaa67087e14/jackson-core-2.2.3.jar, file:/Users/hpatel/.gradle/caches/modules-2/files-2.1/commons-beanutils/commons-beanutils/1.7.0/5675fd96b29656504b86029551973d60fb41339b/commons-beanutils-1.7.0.jar, file:/Users/hpatel/.gradle/caches/modules-2/files-2.1/org.apache.directory.server/apacheds-i18n/2.0.0-M15/71c61c84683152ec2a6a65f3f96fe534e304fa22/apacheds-i18n-2.0.0-M15.jar, file:/Users/hpatel/.gradle/caches/modules-2/files-2.1/org.apache.directory.api/api-asn1-api/1.0.0-M20/5e6486ffa3125ba44dc410ead166e1d6ba8ac76d/api-asn1-api-1.0.0-M20.jar, file:/Users/hpatel/.gradle/caches/modules-2/files-2.1/org.apache.directory.api/api-util/1.0.0-M20/a871abf060b3cf83fc6dc4d7e3d151fce50ac3cb/api-util-1.0.0-M20.jar, file:/Users/hpatel/.gradle/caches/modules-2/files-2.1/com.sun.jersey/jersey-client/1.9/d3c4b2b5f89db32c96ceddcb863684821910a7bb/jersey-client-1.9.jar, file:/Users/hpatel/.gradle/caches/modules-2/files-2.1/javax.xml.stream/stax-api/1.0-2/d6337b0de8b25e53e81b922352fbea9f9f57ba0b/stax-api-1.0-2.jar, file:/Users/hpatel/.gradle/caches/modules-2/files-2.1/javax.activation/activation/1.1/e6cb541461c2834bdea3eb920f1884d1eb508b50/activation-1.1.jar, file:/Users/hpatel/.gradle/caches/modules-2/files-2.1/javax.inject/javax.inject/1/6975da39a7040257bd51d21a231b76c915872d38/javax.inject-1.jar, file:/Users/hpatel/.gradle/caches/modules-2/files-2.1/aopalliance/aopalliance/1.0/235ba8b489512805ac13a8f9ea77a1ca5ebe3e8/aopalliance-1.0.jar, file:/Users/hpatel/.gradle/caches/modules-2/files-2.1/org.sonatype.sisu.inject/cglib/2.2.1-v20090111/7ce5e983fd0e6c78346f4c9cbfa39d83049dda2/cglib-2.2.1-v20090111.jar, file:/Users/hpatel/.gradle/caches/modules-2/files-2.1/asm/asm/3.1/c157def142714c544bdea2e6144645702adf7097/asm-3.1.jar, file:/Users/hpatel/.gradle/caches/modules-2/files-2.1/org.apache.hive/hive-service/0.13.1-cdh5.3.3/c7979b4213bfb62823d43ba726e0fea58032dd1e/hive-service-0.13.1-cdh5.3.3.jar, file:/Users/hpatel/.gradle/caches/modules-2/files-2.1/net.sf.jpam/jpam/1.1/cb3d91c2dfda767518a371dbb02edfd6a4aa0600/jpam-1.1.jar, file:/Users/hpatel/.gradle/caches/modules-2/files-2.1/org.eclipse.jetty.aggregate/jetty-all/7.6.0.v20120127/47bb68e3837e5c6422138dd1e0d4d75c60dce87a/jetty-all-7.6.0.v20120127.jar, file:/Users/hpatel/.gradle/caches/modules-2/files-2.1/org.apache.thrift/libfb303/0.9.0/639bd69767fdbd7f658ce8233248fe1cea635164/libfb303-0.9.0.jar, file:/Users/hpatel/.gradle/caches/modules-2/files-2.1/org.apache.geronimo.specs/geronimo-jta_1.1_spec/1.1.1/aabab3165b8ea936b9360abbf448459c0d04a5a4/geronimo-jta_1.1_spec-1.1.1.jar, file:/Users/hpatel/.gradle/caches/modules-2/files-2.1/javax.mail/mail/1.4.1/8b7bc69010655425dabf091b51d1e90b4de36715/mail-1.4.1.jar, file:/Users/hpatel/.gradle/caches/modules-2/files-2.1/org.apache.geronimo.specs/geronimo-jaspic_1.0_spec/1.0/44b95be7dae1147716dce5336419eafade880756/geronimo-jaspic_1.0_spec-1.0.jar, file:/Users/hpatel/.gradle/caches/modules-2/files-2.1/org.apache.geronimo.specs/geronimo-annotation_1.0_spec/1.1.1/47caa799389f69d297b86bf90523d431599c3796/geronimo-annotation_1.0_spec-1.1.1.jar, file:/Users/hpatel/.gradle/caches/modules-2/files-2.1/asm/asm-commons/3.1/1b607fbfe7889c6fdff1b7c16439ade0a60869ac/asm-commons-3.1.jar, file:/Users/hpatel/.gradle/caches/modules-2/files-2.1/asm/asm-tree/3.1/c9a5d4334ddf194ea492f22107d45119a5c5322f/asm-tree-3.1.jar, file:/Users/hpatel/.gradle/caches/modules-2/files-2.1/commons-lang/commons-lang/2.6/ce1edb914c94ebc388f086c6827e8bdeec71ac2/commons-lang-2.6.jar, file:/Users/hpatel/.gradle/caches/modules-2/files-2.1/org.mortbay.jetty/jetty/6.1.26.cloudera.4/d59325a5ff8ff18f7543bc3fbb9d5efa0c0ff521/jetty-6.1.26.cloudera.4.jar, file:/Users/hpatel/.gradle/caches/modules-2/files-2.1/org.mortbay.jetty/jetty-util/6.1.26.cloudera.4/b8507b7c5d3fd9a3d01775272cbf1a63f530c19d/jetty-util-6.1.26.cloudera.4.jar, file:/Users/hpatel/.gradle/caches/modules-2/files-2.1/net.java.dev.jets3t/jets3t/0.9.0/792bc96ee7e57b89f472aa0cb5a31015b9f59c96/jets3t-0.9.0.jar, file:/Users/hpatel/.gradle/caches/modules-2/files-2.1/com.jamesmurty.utils/java-xmlbuilder/0.4/ac5962e48cdee3a0a6e1f8e00fcb594747ac5aaf/java-xmlbuilder-0.4.jar, file:/Users/hpatel/.gradle/caches/modules-2/files-2.1/com.google.protobuf/protobuf-java/2.5.0/a10732c76bfacdbd633a7eb0f7968b1059a65dfa/protobuf-java-2.5.0.jar, file:/Users/hpatel/.gradle/caches/modules-2/files-2.1/org.apache.hive/hive-exec/0.13.1-cdh5.3.3/4d935274127f47dd9c0875efcf317ba49aef1219/hive-exec-0.13.1-cdh5.3.3.jar, file:/Users/hpatel/.gradle/caches/modules-2/files-2.1/org.apache.hive/hive-ant/0.13.1-cdh5.3.3/86954e92a903253177cd6935798c50a6c32b7b81/hive-ant-0.13.1-cdh5.3.3.jar, file:/Users/hpatel/.gradle/caches/modules-2/files-2.1/org.antlr/antlr-runtime/3.4/8f011408269a8e42b8548687e137d8eeb56df4b4/antlr-runtime-3.4.jar, file:/Users/hpatel/.gradle/caches/modules-2/files-2.1/org.antlr/ST4/4.0.4/467a2aa12be6d0f0f68c70eecf6714ab733027ac/ST4-4.0.4.jar, file:/Users/hpatel/.gradle/caches/modules-2/files-2.1/org.apache.ant/ant/1.9.1/35900c96dbebc85dcfbd71f4661059ebcf93c077/ant-1.9.1.jar, file:/Users/hpatel/.gradle/caches/modules-2/files-2.1/org.codehaus.groovy/groovy-all/2.1.6/165b8246372a829c1915611646f6d964010656cf/groovy-all-2.1.6.jar, file:/Users/hpatel/.gradle/caches/modules-2/files-2.1/stax/stax-api/1.0.1/49c100caf72d658aca8e58bd74a4ba90fa2b0d70/stax-api-1.0.1.jar, file:/Users/hpatel/.gradle/caches/modules-2/files-2.1/org.apache.velocity/velocity/1.5/9f306baf7523ffc0e81a6353d08a584d254133b/velocity-1.5.jar, file:/Users/hpatel/.gradle/caches/modules-2/files-2.1/org.antlr/stringtemplate/3.2.1/59ec8083721eae215c6f3caee944c410d2be34de/stringtemplate-3.2.1.jar, file:/Users/hpatel/.gradle/caches/modules-2/files-2.1/antlr/antlr/2.7.7/83cd2cd674a217ade95a4bb83a8a14f351f48bd0/antlr-2.7.7.jar, file:/Users/hpatel/.gradle/caches/modules-2/files-2.1/org.apache.ant/ant-launcher/1.9.1/7c71043ca185eaada9e36391dd022d92859327de/ant-launcher-1.9.1.jar, file:/Users/hpatel/.gradle/caches/modules-2/files-2.1/oro/oro/2.0.8/5592374f834645c4ae250f4c9fbb314c9369d698/oro-2.0.8.jar, file:/Users/hpatel/.gradle/caches/modules-2/files-2.1/org.codehaus.jackson/jackson-core-asl/1.9.13/3c304d70f42f832e0a86d45bd437f692129299a4/jackson-core-asl-1.9.13.jar, file:/Users/hpatel/.gradle/caches/modules-2/files-2.1/org.codehaus.jackson/jackson-mapper-asl/1.9.13/1ee2f2bed0e5dd29d1cb155a166e6f8d50bbddb7/jackson-mapper-asl-1.9.13.jar, file:/Users/hpatel/.gradle/caches/modules-2/files-2.1/org.slf4j/slf4j-api/1.7.6/562424e36df3d2327e8e9301a76027fca17d54ea/slf4j-api-1.7.6.jar, file:/Users/hpatel/.gradle/caches/modules-2/files-2.1/com.sun.jersey/jersey-server/1.14/b1a21724c9b708ed54d42d41bb19ff45ae1d49d9/jersey-server-1.14.jar, file:/Users/hpatel/.gradle/caches/modules-2/files-2.1/org.apache.httpcomponents/httpclient/4.2.5/666e26e76f2e87d84e4f16acb546481ae1b8e9a6/httpclient-4.2.5.jar, file:/Users/hpatel/.gradle/caches/modules-2/files-2.1/org.apache.zookeeper/zookeeper/3.4.6/1b2502e29da1ebaade2357cd1de35a855fa3755/zookeeper-3.4.6.jar, file:/Users/hpatel/.gradle/caches/modules-2/files-2.1/com.google.guava/guava/16.0.1/5fa98cd1a63c99a44dd8d3b77e4762b066a5d0c5/guava-16.0.1.jar, file:/Users/hpatel/.gradle/caches/modules-2/files-2.1/org.codehaus.jackson/jackson-jaxrs/1.8.8/71b16055388e9bd3991c3c3834e8e55098b789f1/jackson-jaxrs-1.8.8.jar, file:/Users/hpatel/.gradle/caches/modules-2/files-2.1/org.codehaus.jackson/jackson-xc/1.8.8/52efa08bc1e4cfea168f552b9e3088297d9d0926/jackson-xc-1.8.8.jar, file:/Users/hpatel/.gradle/caches/modules-2/files-2.1/org.apache.hive/hive-metastore/0.13.1-cdh5.3.3/ca93686a17f064a5ab6587799721cddd7836e53a/hive-metastore-0.13.1-cdh5.3.3.jar, file:/Users/hpatel/.gradle/caches/modules-2/files-2.1/com.jolbox/bonecp/0.8.0.RELEASE/cec24ee9345b3678472bb1b8fdd6aa6b9428beb8/bonecp-0.8.0.RELEASE.jar, file:/Users/hpatel/.gradle/caches/modules-2/files-2.1/org.apache.derby/derby/10.10.1.1/9f6f910f0373adc1b23c10f9b4bb151b7e7449f/derby-10.10.1.1.jar, file:/Users/hpatel/.gradle/caches/modules-2/files-2.1/javax.jdo/jdo-api/3.0.1/58e7a538e020b73871e232eeb064835fd98a492/jdo-api-3.0.1.jar, file:/Users/hpatel/.gradle/caches/modules-2/files-2.1/javax.transaction/jta/1.1/2ca09f0b36ca7d71b762e14ea2ff09d5eac57558/jta-1.1.jar, file:/Users/hpatel/.gradle/caches/modules-2/files-2.1/org.apache.thrift/libthrift/0.9.0/9ba8df332b5db95ce7f3b7a83e44d796c3d014d3/libthrift-0.9.0.jar, file:/Users/hpatel/.gradle/caches/modules-2/files-2.1/org.apache.httpcomponents/httpcore/4.2.4/3b7f38df6de5dd8b500e602ae8c2dd5ee446f883/httpcore-4.2.4.jar, file:/Users/hpatel/.gradle/caches/modules-2/files-2.1/com.sun.jersey/jersey-core/1.14/693061de8b9b352b11e997b1dd4052677778852d/jersey-core-1.14.jar, file:/Users/hpatel/.gradle/caches/modules-2/files-2.1/commons-codec/commons-codec/1.6/b7f0fc8f61ecadeb3695f0b9464755eee44374d4/commons-codec-1.6.jar, file:/Users/hpatel/.gradle/caches/modules-2/files-2.1/io.netty/netty/3.7.0.Final/7a8c35599c68c0bf383df74469aa3e03d9aca87/netty-3.7.0.Final.jar]
15/09/06 13:13:48 INFO ExecReducer: thread classpath = [file:/Users/hpatel/.gradle/caches/2.1/workerMain/gradle-worker.jar, file:/Users/hpatel/Tech/Projects/CAT/ddsw_dev/hive-test/build/classes/test/, file:/Users/hpatel/Tech/Projects/CAT/ddsw_dev/hive-test/build/resources/test/, file:/Users/hpatel/Tech/Projects/CAT/ddsw_dev/hive-test/build/classes/main/, file:/Users/hpatel/Tech/Projects/CAT/ddsw_dev/hive-test/build/resources/main, file:/Users/hpatel/.gradle/caches/modules-2/files-2.1/junit/junit/4.11/4e031bb61df09069aeb2bffb4019e7a5034a4ee0/junit-4.11.jar, file:/Users/hpatel/.gradle/caches/modules-2/files-2.1/com.klarna/hiverunner/1.0.0/e26bb0655fff4d88fab91f331793d9fc1db392cc/HiveRunner-1.0.0.jar, file:/Users/hpatel/Tech/Projects/CAT/ddsw_dev/custom-cat-udfs/build/libs/custom-cat-udfs-0.1.38-SNAPSHOT.jar, file:/Users/hpatel/.gradle/caches/modules-2/files-2.1/org.apache.hadoop/hadoop-client/2.5.0-cdh5.3.3/ec3cd6a8cb043e73a42918934c5d3a3f2747c78b/hadoop-client-2.5.0-cdh5.3.3.jar, file:/Users/hpatel/.gradle/caches/modules-2/files-2.1/org.hsqldb/hsqldb/2.3.1/bd7153caa30958e1c64a3dd38b93e5a7442d9a0e/hsqldb-2.3.1.jar, file:/Users/hpatel/.gradle/caches/modules-2/files-2.1/org.apache.hadoop/hadoop-core/2.5.0-mr1-cdh5.3.3/f6f4a77f818757da51ae0244310855779c04c4be/hadoop-core-2.5.0-mr1-cdh5.3.3.jar, file:/Users/hpatel/.gradle/caches/modules-2/files-2.1/org.reflections/reflections/0.9.8/f723abb59bf512952bfc503838f70f81487a6993/reflections-0.9.8.jar, file:/Users/hpatel/.gradle/caches/modules-2/files-2.1/org.mockito/mockito-core/1.10.19/e8546f5bef4e061d8dd73895b4e8f40e3fe6effe/mockito-core-1.10.19.jar, file:/Users/hpatel/.gradle/caches/modules-2/files-2.1/org.hamcrest/hamcrest-core/1.3/42a25dc3219429f0e5d060061f71acb49bf010a0/hamcrest-core-1.3.jar, file:/Users/hpatel/.gradle/caches/modules-2/files-2.1/org.pentaho/pentaho-aggdesigner-algorithm/5.1.5-jhyde/c52379c645c6c85300e645dff7c72653bf85baa2/pentaho-aggdesigner-algorithm-5.1.5-jhyde.jar, file:/Users/hpatel/.gradle/caches/modules-2/files-2.1/org.apache.hive/hive-serde/0.13.1-cdh5.3.3/9cee47c844d726e9bcef6ab292e1319b7fbddaa3/hive-serde-0.13.1-cdh5.3.3.jar, file:/Users/hpatel/.gradle/caches/modules-2/files-2.1/org.apache.hadoop/hadoop-common/2.5.0-cdh5.3.3/f0862eb1dc33c1807ea29a248af75551e3c6836a/hadoop-common-2.5.0-cdh5.3.3.jar, file:/Users/hpatel/.gradle/caches/modules-2/files-2.1/org.apache.hive/hive-contrib/0.13.1-cdh5.3.3/bf89b429c9b173ac275dc0c1623f5c30e780ee98/hive-contrib-0.13.1-cdh5.3.3.jar, file:/Users/hpatel/.gradle/caches/modules-2/files-2.1/org.datanucleus/datanucleus-core/3.2.12/3212183bb5a2826cd5ff194b9a54619dd0bdf31f/datanucleus-core-3.2.12.jar, file:/Users/hpatel/.gradle/caches/modules-2/files-2.1/org.datanucleus/datanucleus-rdbms/3.2.11/5b053144c89fdff1505b853aa7f1e5ba7657da75/datanucleus-rdbms-3.2.11.jar, file:/Users/hpatel/.gradle/caches/modules-2/files-2.1/org.datanucleus/datanucleus-api-jdo/3.2.8/efc60221fbc91e95cf5758b98c6c5531660696cb/datanucleus-api-jdo-3.2.8.jar, file:/Users/hpatel/.gradle/caches/modules-2/files-2.1/org.apache.hive/hive-shims/0.13.1-cdh5.3.3/47b029532c0b9d45526dcdd858823e6f9634ab81/hive-shims-0.13.1-cdh5.3.3.jar, file:/Users/hpatel/.gradle/caches/modules-2/files-2.1/org.apache.commons/commons-lang3/3.3.1/6738a2da2202ce360f0af90aba005c1e05a2c4cd/commons-lang3-3.3.1.jar, file:/Users/hpatel/.gradle/caches/modules-2/files-2.1/joda-time/joda-time/2.3/56498efd17752898cfcc3868c1b6211a07b12b8f/joda-time-2.3.jar, file:/Users/hpatel/.gradle/caches/modules-2/files-2.1/org.apache.hadoop/hadoop-hdfs/2.5.0-cdh5.3.3/5dd5e2be13d89a9eaab89d3a33bcdf6677671aa9/hadoop-hdfs-2.5.0-cdh5.3.3.jar, file:/Users/hpatel/.gradle/caches/modules-2/files-2.1/org.apache.hadoop/hadoop-mapreduce-client-app/2.5.0-cdh5.3.3/579948f8fa6d9d72bf507bd021fa3dcc0670e95f/hadoop-mapreduce-client-app-2.5.0-cdh5.3.3.jar, file:/Users/hpatel/.gradle/caches/modules-2/files-2.1/org.apache.hadoop/hadoop-yarn-api/2.5.0-cdh5.3.3/a6d9b4b7cbcacd000350a3e33c70269101b5fc79/hadoop-yarn-api-2.5.0-cdh5.3.3.jar, file:/Users/hpatel/.gradle/caches/modules-2/files-2.1/org.apache.hadoop/hadoop-mapreduce-client-core/2.5.0-cdh5.3.3/f2c8eaa2b8a5839a7781f04cf59c4d1abfefec9e/hadoop-mapreduce-client-core-2.5.0-cdh5.3.3.jar, file:/Users/hpatel/.gradle/caches/modules-2/files-2.1/org.apache.hadoop/hadoop-mapreduce-client-jobclient/2.5.0-cdh5.3.3/f8baecab9a91245a97e29e4867a7f5ae128ef8a9/hadoop-mapreduce-client-jobclient-2.5.0-cdh5.3.3.jar, file:/Users/hpatel/.gradle/caches/modules-2/files-2.1/org.apache.hadoop/hadoop-aws/2.5.0-cdh5.3.3/f712d9cf59c859914254bed5c87ee4e5a2204e78/hadoop-aws-2.5.0-cdh5.3.3.jar, file:/Users/hpatel/.gradle/caches/modules-2/files-2.1/org.apache.hadoop/hadoop-annotations/2.5.0-cdh5.3.3/e3b40743127d82ff7a6f263d00419368a46ce608/hadoop-annotations-2.5.0-cdh5.3.3.jar, file:/Users/hpatel/.gradle/caches/modules-2/files-2.1/commons-collections/commons-collections/3.2.1/761ea405b9b37ced573d2df0d1e3a4e0f9edc668/commons-collections-3.2.1.jar, file:/Users/hpatel/.gradle/caches/modules-2/files-2.1/commons-configuration/commons-configuration/1.6/32cadde23955d7681b0d94a2715846d20b425235/commons-configuration-1.6.jar, file:/Users/hpatel/.gradle/caches/modules-2/files-2.1/jline/jline/0.9.94/99a18e9a44834afdebc467294e1138364c207402/jline-0.9.94.jar, file:/Users/hpatel/.gradle/caches/modules-2/files-2.1/commons-cli/commons-cli/1.2/2bf96b7aa8b611c177d329452af1dc933e14501c/commons-cli-1.2.jar, file:/Users/hpatel/.gradle/caches/modules-2/files-2.1/xmlenc/xmlenc/0.52/d82554efbe65906d83b3d97bd7509289e9db561a/xmlenc-0.52.jar, file:/Users/hpatel/.gradle/caches/modules-2/files-2.1/commons-httpclient/commons-httpclient/3.1/964cd74171f427720480efdec40a7c7f6e58426a/commons-httpclient-3.1.jar, file:/Users/hpatel/.gradle/caches/modules-2/files-2.1/commons-net/commons-net/3.1/2298164a7c2484406f2aa5ac85b205d39019896f/commons-net-3.1.jar, file:/Users/hpatel/.gradle/caches/modules-2/files-2.1/tomcat/jasper-runtime/5.5.23/96ca5528a93ab47b001476b74320c644beb89dde/jasper-runtime-5.5.23.jar, file:/Users/hpatel/.gradle/caches/modules-2/files-2.1/tomcat/jasper-compiler/5.5.23/6d35bd7fb8c4fbc1f5401fb3678aa976d2e4c241/jasper-compiler-5.5.23.jar, file:/Users/hpatel/.gradle/caches/modules-2/files-2.1/javax.servlet.jsp/jsp-api/2.1/63f943103f250ef1f3a4d5e94d145a0f961f5316/jsp-api-2.1.jar, file:/Users/hpatel/.gradle/caches/modules-2/files-2.1/commons-el/commons-el/1.0/1df2c042b3f2de0124750241ac6c886dbfa2cc2c/commons-el-1.0.jar, file:/Users/hpatel/.gradle/caches/modules-2/files-2.1/javax.servlet/servlet-api/2.5/5959582d97d8b61f4d154ca9e495aafd16726e34/servlet-api-2.5.jar, file:/Users/hpatel/.gradle/caches/modules-2/files-2.1/hsqldb/hsqldb/1.8.0.10/7e9978fdb754bce5fcd5161133e7734ecb683036/hsqldb-1.8.0.10.jar, file:/Users/hpatel/.gradle/caches/modules-2/files-2.1/org.eclipse.jdt/core/3.1.1/88c83ce444cf46d02494da37c9fa1eebc9ce9cea/core-3.1.1.jar, file:/Users/hpatel/.gradle/caches/modules-2/files-2.1/javassist/javassist/3.12.1.GA/526633327faa61aee448a519e8a4d53ec3057885/javassist-3.12.1.GA.jar, file:/Users/hpatel/.gradle/caches/modules-2/files-2.1/dom4j/dom4j/1.6.1/5d3ccc056b6f056dbf0dddfdf43894b9065a8f94/dom4j-1.6.1.jar, file:/Users/hpatel/.gradle/caches/modules-2/files-2.1/org.objenesis/objenesis/2.1/87c0ea803b69252868d09308b4618f766f135a96/objenesis-2.1.jar, file:/Users/hpatel/.gradle/caches/modules-2/files-2.1/commons-logging/commons-logging/1.1.3/f6f66e966c70a83ffbdb6f17a0919eaf7c8aca7f/commons-logging-1.1.3.jar, file:/Users/hpatel/.gradle/caches/modules-2/files-2.1/org.apache.hive/hive-common/0.13.1-cdh5.3.3/e3fbf24d30a553c50ae4d4eed23f81b0e1211c5a/hive-common-0.13.1-cdh5.3.3.jar, file:/Users/hpatel/.gradle/caches/modules-2/files-2.1/org.apache.avro/avro/1.7.6-cdh5.3.3/6d90271293977d199ed07002bf35e2805405cc64/avro-1.7.6-cdh5.3.3.jar, file:/Users/hpatel/.gradle/caches/modules-2/files-2.1/net.sf.opencsv/opencsv/2.3/c23708cdb9e80a144db433e23344a788a1fd6599/opencsv-2.3.jar, file:/Users/hpatel/.gradle/caches/modules-2/files-2.1/com.sun.jersey/jersey-servlet/1.14/4b87041a59ee152757b62e47a21d5b63fde20ffe/jersey-servlet-1.14.jar, file:/Users/hpatel/.gradle/caches/modules-2/files-2.1/org.slf4j/slf4j-log4j12/1.7.5/6edffc576ce104ec769d954618764f39f0f0f10d/slf4j-log4j12-1.7.5.jar, file:/Users/hpatel/.gradle/caches/modules-2/files-2.1/org.apache.commons/commons-math3/3.1.1/6719d757a98ff24a83d9d727bef9cec83f59b6e1/commons-math3-3.1.1.jar, file:/Users/hpatel/.gradle/caches/modules-2/files-2.1/commons-io/commons-io/2.4/b1b6ea3b7e4aa4f492509a4952029cd8e48019ad/commons-io-2.4.jar, file:/Users/hpatel/.gradle/caches/modules-2/files-2.1/com.sun.jersey/jersey-json/1.9/1aa73e1896bcc7013fed247157d7f676226eb432/jersey-json-1.9.jar, file:/Users/hpatel/.gradle/caches/modules-2/files-2.1/log4j/log4j/1.2.17/5af35056b4d257e4b64b9e8069c0746e8b08629f/log4j-1.2.17.jar, file:/Users/hpatel/.gradle/caches/modules-2/files-2.1/com.google.code.gson/gson/2.2.4/a60a5e993c98c864010053cb901b7eab25306568/gson-2.2.4.jar, file:/Users/hpatel/.gradle/caches/modules-2/files-2.1/org.apache.hadoop/hadoop-auth/2.5.0-cdh5.3.3/847eb288da72acfdd7d202da5149dec6cd20ceba/hadoop-auth-2.5.0-cdh5.3.3.jar, file:/Users/hpatel/.gradle/caches/modules-2/files-2.1/com.jcraft/jsch/0.1.42/a86104b0f2e0c0bab5b0df836065823a99b5e334/jsch-0.1.42.jar, file:/Users/hpatel/.gradle/caches/modules-2/files-2.1/org.apache.curator/curator-client/2.6.0/b9007c357ad1a78066fc6004e8b1feaa2318f6f3/curator-client-2.6.0.jar, file:/Users/hpatel/.gradle/caches/modules-2/files-2.1/org.apache.curator/curator-recipes/2.6.0/8736b0fc42e6bf006d585fe85c90aaa4ade5cbef/curator-recipes-2.6.0.jar, file:/Users/hpatel/.gradle/caches/modules-2/files-2.1/com.google.code.findbugs/jsr305/1.3.9/40719ea6961c0cb6afaeb6a921eaa1f6afd4cfdf/jsr305-1.3.9.jar, file:/Users/hpatel/.gradle/caches/modules-2/files-2.1/org.apache.commons/commons-compress/1.4.1/b02e84a993d88568417536240e970c4b809126fd/commons-compress-1.4.1.jar, file:/Users/hpatel/.gradle/caches/modules-2/files-2.1/org.apache.hive.shims/hive-shims-common/0.13.1-cdh5.3.3/3d9e5245018fbde18f52c4ab25fc35afdec2fc0a/hive-shims-common-0.13.1-cdh5.3.3.jar, file:/Users/hpatel/.gradle/caches/modules-2/files-2.1/org.apache.hive.shims/hive-shims-common-secure/0.13.1-cdh5.3.3/6b29a16b2a41b89bdbbc681c257ad7f766a90bcb/hive-shims-common-secure-0.13.1-cdh5.3.3.jar, file:/Users/hpatel/.gradle/caches/modules-2/files-2.1/org.apache.hive.shims/hive-shims-0.23/0.13.1-cdh5.3.3/7ab834955a767af200d1d9151c204751637d9ca9/hive-shims-0.23-0.13.1-cdh5.3.3.jar, file:/Users/hpatel/.gradle/caches/modules-2/files-2.1/org.apache.hive.shims/hive-shims-scheduler/0.13.1-cdh5.3.3/b6644420b74f936a838f7f3fd2fa19c19add0449/hive-shims-scheduler-0.13.1-cdh5.3.3.jar, file:/Users/hpatel/.gradle/caches/modules-2/files-2.1/org.apache.hadoop/hadoop-mapreduce-client-common/2.5.0-cdh5.3.3/f0d777bb76ca9f540c0c81a45934f0f5cf9975b8/hadoop-mapreduce-client-common-2.5.0-cdh5.3.3.jar, file:/Users/hpatel/.gradle/caches/modules-2/files-2.1/org.apache.hadoop/hadoop-mapreduce-client-shuffle/2.5.0-cdh5.3.3/b6c4316f6fcc406edf7e5bd77c50e46034ad5519/hadoop-mapreduce-client-shuffle-2.5.0-cdh5.3.3.jar, file:/Users/hpatel/.gradle/caches/modules-2/files-2.1/org.apache.hadoop/hadoop-yarn-common/2.5.0-cdh5.3.3/9499713b674eae1aa714fcd0e95e0d09daaf3824/hadoop-yarn-common-2.5.0-cdh5.3.3.jar, file:/Users/hpatel/.gradle/caches/modules-2/files-2.1/com.fasterxml.jackson.core/jackson-databind/2.2.3/3ae380888029daefb91d3ecdca3a37d8cb92bc9/jackson-databind-2.2.3.jar, file:/Users/hpatel/.gradle/caches/modules-2/files-2.1/com.fasterxml.jackson.core/jackson-annotations/2.2.3/527fece4f23a457070a36c371a26d6c0208e1c3/jackson-annotations-2.2.3.jar, file:/Users/hpatel/.gradle/caches/modules-2/files-2.1/com.amazonaws/aws-java-sdk/1.7.4/2c24ccb6f1ab845a7df971951d4b41c709a6517d/aws-java-sdk-1.7.4.jar, file:/Users/hpatel/.gradle/caches/modules-2/files-2.1/commons-digester/commons-digester/1.8/dc6a73fdbd1fa3f0944e8497c6c872fa21dca37e/commons-digester-1.8.jar, file:/Users/hpatel/.gradle/caches/modules-2/files-2.1/commons-beanutils/commons-beanutils-core/1.8.0/175dc721f87e4bc5cc0573f990e28c3cf9117508/commons-beanutils-core-1.8.0.jar, file:/Users/hpatel/.gradle/caches/modules-2/files-2.1/xml-apis/xml-apis/1.0.b2/3136ca936f64c9d68529f048c2618bd356bf85c9/xml-apis-1.0.b2.jar, file:/Users/hpatel/.gradle/caches/modules-2/files-2.1/com.thoughtworks.paranamer/paranamer/2.3/4a85963a752c0a2f715c3924bfc686865e7e1bc6/paranamer-2.3.jar, file:/Users/hpatel/.gradle/caches/modules-2/files-2.1/org.xerial.snappy/snappy-java/1.0.5/10cb4550360a0ec6b80f09a5209d00b6058e82bf/snappy-java-1.0.5.jar, file:/Users/hpatel/.gradle/caches/modules-2/files-2.1/org.codehaus.jettison/jettison/1.1/1a01a2a1218fcf9faa2cc2a6ced025bdea687262/jettison-1.1.jar, file:/Users/hpatel/.gradle/caches/modules-2/files-2.1/com.sun.xml.bind/jaxb-impl/2.2.3-1/56baae106392040a45a06d4a41099173425da1e6/jaxb-impl-2.2.3-1.jar, file:/Users/hpatel/.gradle/caches/modules-2/files-2.1/org.apache.directory.server/apacheds-kerberos-codec/2.0.0-M15/1c16e4e477183641c5f0dd5cdecd27ec331bacb5/apacheds-kerberos-codec-2.0.0-M15.jar, file:/Users/hpatel/.gradle/caches/modules-2/files-2.1/org.apache.curator/curator-framework/2.6.0/81a699c39d127b5b4ff97cc77da7650b53e5b5ed/curator-framework-2.6.0.jar, file:/Users/hpatel/.gradle/caches/modules-2/files-2.1/org.tukaani/xz/1.0/ecff5cb8b1189514c9d1d8d68eb77ac372e000c9/xz-1.0.jar, file:/Users/hpatel/.gradle/caches/modules-2/files-2.1/org.apache.hadoop/hadoop-yarn-client/2.5.0-cdh5.3.3/2d2ce5d0138d02b20aefcfc1ee8dd6f691911f63/hadoop-yarn-client-2.5.0-cdh5.3.3.jar, file:/Users/hpatel/.gradle/caches/modules-2/files-2.1/org.apache.hadoop/hadoop-yarn-server-common/2.5.0-cdh5.3.3/d099fcc19f56d477fa6b5b47ae4e06bb97538778/hadoop-yarn-server-common-2.5.0-cdh5.3.3.jar, file:/Users/hpatel/.gradle/caches/modules-2/files-2.1/org.apache.hadoop/hadoop-yarn-server-nodemanager/2.5.0-cdh5.3.3/278b2d7a6454ce57a94ab02a88c0b188afc8facc/hadoop-yarn-server-nodemanager-2.5.0-cdh5.3.3.jar, file:/Users/hpatel/.gradle/caches/modules-2/files-2.1/org.fusesource.leveldbjni/leveldbjni-all/1.8/707350a2eeb1fa2ed77a32ddb3893ed308e941db/leveldbjni-all-1.8.jar, file:/Users/hpatel/.gradle/caches/modules-2/files-2.1/javax.xml.bind/jaxb-api/2.2.2/aeb3021ca93dde265796d82015beecdcff95bf09/jaxb-api-2.2.2.jar, file:/Users/hpatel/.gradle/caches/modules-2/files-2.1/com.google.inject/guice/3.0/9d84f15fe35e2c716a02979fb62f50a29f38aefa/guice-3.0.jar, file:/Users/hpatel/.gradle/caches/modules-2/files-2.1/com.sun.jersey.contribs/jersey-guice/1.9/5963c28c47df7e5d6ad34cec80c071c368777f7b/jersey-guice-1.9.jar, file:/Users/hpatel/.gradle/caches/modules-2/files-2.1/com.fasterxml.jackson.core/jackson-core/2.2.3/1a0113da2cab5f4c216b4e5e7c1dbfaa67087e14/jackson-core-2.2.3.jar, file:/Users/hpatel/.gradle/caches/modules-2/files-2.1/commons-beanutils/commons-beanutils/1.7.0/5675fd96b29656504b86029551973d60fb41339b/commons-beanutils-1.7.0.jar, file:/Users/hpatel/.gradle/caches/modules-2/files-2.1/org.apache.directory.server/apacheds-i18n/2.0.0-M15/71c61c84683152ec2a6a65f3f96fe534e304fa22/apacheds-i18n-2.0.0-M15.jar, file:/Users/hpatel/.gradle/caches/modules-2/files-2.1/org.apache.directory.api/api-asn1-api/1.0.0-M20/5e6486ffa3125ba44dc410ead166e1d6ba8ac76d/api-asn1-api-1.0.0-M20.jar, file:/Users/hpatel/.gradle/caches/modules-2/files-2.1/org.apache.directory.api/api-util/1.0.0-M20/a871abf060b3cf83fc6dc4d7e3d151fce50ac3cb/api-util-1.0.0-M20.jar, file:/Users/hpatel/.gradle/caches/modules-2/files-2.1/com.sun.jersey/jersey-client/1.9/d3c4b2b5f89db32c96ceddcb863684821910a7bb/jersey-client-1.9.jar, file:/Users/hpatel/.gradle/caches/modules-2/files-2.1/javax.xml.stream/stax-api/1.0-2/d6337b0de8b25e53e81b922352fbea9f9f57ba0b/stax-api-1.0-2.jar, file:/Users/hpatel/.gradle/caches/modules-2/files-2.1/javax.activation/activation/1.1/e6cb541461c2834bdea3eb920f1884d1eb508b50/activation-1.1.jar, file:/Users/hpatel/.gradle/caches/modules-2/files-2.1/javax.inject/javax.inject/1/6975da39a7040257bd51d21a231b76c915872d38/javax.inject-1.jar, file:/Users/hpatel/.gradle/caches/modules-2/files-2.1/aopalliance/aopalliance/1.0/235ba8b489512805ac13a8f9ea77a1ca5ebe3e8/aopalliance-1.0.jar, file:/Users/hpatel/.gradle/caches/modules-2/files-2.1/org.sonatype.sisu.inject/cglib/2.2.1-v20090111/7ce5e983fd0e6c78346f4c9cbfa39d83049dda2/cglib-2.2.1-v20090111.jar, file:/Users/hpatel/.gradle/caches/modules-2/files-2.1/asm/asm/3.1/c157def142714c544bdea2e6144645702adf7097/asm-3.1.jar, file:/Users/hpatel/.gradle/caches/modules-2/files-2.1/org.apache.hive/hive-service/0.13.1-cdh5.3.3/c7979b4213bfb62823d43ba726e0fea58032dd1e/hive-service-0.13.1-cdh5.3.3.jar, file:/Users/hpatel/.gradle/caches/modules-2/files-2.1/net.sf.jpam/jpam/1.1/cb3d91c2dfda767518a371dbb02edfd6a4aa0600/jpam-1.1.jar, file:/Users/hpatel/.gradle/caches/modules-2/files-2.1/org.eclipse.jetty.aggregate/jetty-all/7.6.0.v20120127/47bb68e3837e5c6422138dd1e0d4d75c60dce87a/jetty-all-7.6.0.v20120127.jar, file:/Users/hpatel/.gradle/caches/modules-2/files-2.1/org.apache.thrift/libfb303/0.9.0/639bd69767fdbd7f658ce8233248fe1cea635164/libfb303-0.9.0.jar, file:/Users/hpatel/.gradle/caches/modules-2/files-2.1/org.apache.geronimo.specs/geronimo-jta_1.1_spec/1.1.1/aabab3165b8ea936b9360abbf448459c0d04a5a4/geronimo-jta_1.1_spec-1.1.1.jar, file:/Users/hpatel/.gradle/caches/modules-2/files-2.1/javax.mail/mail/1.4.1/8b7bc69010655425dabf091b51d1e90b4de36715/mail-1.4.1.jar, file:/Users/hpatel/.gradle/caches/modules-2/files-2.1/org.apache.geronimo.specs/geronimo-jaspic_1.0_spec/1.0/44b95be7dae1147716dce5336419eafade880756/geronimo-jaspic_1.0_spec-1.0.jar, file:/Users/hpatel/.gradle/caches/modules-2/files-2.1/org.apache.geronimo.specs/geronimo-annotation_1.0_spec/1.1.1/47caa799389f69d297b86bf90523d431599c3796/geronimo-annotation_1.0_spec-1.1.1.jar, file:/Users/hpatel/.gradle/caches/modules-2/files-2.1/asm/asm-commons/3.1/1b607fbfe7889c6fdff1b7c16439ade0a60869ac/asm-commons-3.1.jar, file:/Users/hpatel/.gradle/caches/modules-2/files-2.1/asm/asm-tree/3.1/c9a5d4334ddf194ea492f22107d45119a5c5322f/asm-tree-3.1.jar, file:/Users/hpatel/.gradle/caches/modules-2/files-2.1/commons-lang/commons-lang/2.6/ce1edb914c94ebc388f086c6827e8bdeec71ac2/commons-lang-2.6.jar, file:/Users/hpatel/.gradle/caches/modules-2/files-2.1/org.mortbay.jetty/jetty/6.1.26.cloudera.4/d59325a5ff8ff18f7543bc3fbb9d5efa0c0ff521/jetty-6.1.26.cloudera.4.jar, file:/Users/hpatel/.gradle/caches/modules-2/files-2.1/org.mortbay.jetty/jetty-util/6.1.26.cloudera.4/b8507b7c5d3fd9a3d01775272cbf1a63f530c19d/jetty-util-6.1.26.cloudera.4.jar, file:/Users/hpatel/.gradle/caches/modules-2/files-2.1/net.java.dev.jets3t/jets3t/0.9.0/792bc96ee7e57b89f472aa0cb5a31015b9f59c96/jets3t-0.9.0.jar, file:/Users/hpatel/.gradle/caches/modules-2/files-2.1/com.jamesmurty.utils/java-xmlbuilder/0.4/ac5962e48cdee3a0a6e1f8e00fcb594747ac5aaf/java-xmlbuilder-0.4.jar, file:/Users/hpatel/.gradle/caches/modules-2/files-2.1/com.google.protobuf/protobuf-java/2.5.0/a10732c76bfacdbd633a7eb0f7968b1059a65dfa/protobuf-java-2.5.0.jar, file:/Users/hpatel/.gradle/caches/modules-2/files-2.1/org.apache.hive/hive-exec/0.13.1-cdh5.3.3/4d935274127f47dd9c0875efcf317ba49aef1219/hive-exec-0.13.1-cdh5.3.3.jar, file:/Users/hpatel/.gradle/caches/modules-2/files-2.1/org.apache.hive/hive-ant/0.13.1-cdh5.3.3/86954e92a903253177cd6935798c50a6c32b7b81/hive-ant-0.13.1-cdh5.3.3.jar, file:/Users/hpatel/.gradle/caches/modules-2/files-2.1/org.antlr/antlr-runtime/3.4/8f011408269a8e42b8548687e137d8eeb56df4b4/antlr-runtime-3.4.jar, file:/Users/hpatel/.gradle/caches/modules-2/files-2.1/org.antlr/ST4/4.0.4/467a2aa12be6d0f0f68c70eecf6714ab733027ac/ST4-4.0.4.jar, file:/Users/hpatel/.gradle/caches/modules-2/files-2.1/org.apache.ant/ant/1.9.1/35900c96dbebc85dcfbd71f4661059ebcf93c077/ant-1.9.1.jar, file:/Users/hpatel/.gradle/caches/modules-2/files-2.1/org.codehaus.groovy/groovy-all/2.1.6/165b8246372a829c1915611646f6d964010656cf/groovy-all-2.1.6.jar, file:/Users/hpatel/.gradle/caches/modules-2/files-2.1/stax/stax-api/1.0.1/49c100caf72d658aca8e58bd74a4ba90fa2b0d70/stax-api-1.0.1.jar, file:/Users/hpatel/.gradle/caches/modules-2/files-2.1/org.apache.velocity/velocity/1.5/9f306baf7523ffc0e81a6353d08a584d254133b/velocity-1.5.jar, file:/Users/hpatel/.gradle/caches/modules-2/files-2.1/org.antlr/stringtemplate/3.2.1/59ec8083721eae215c6f3caee944c410d2be34de/stringtemplate-3.2.1.jar, file:/Users/hpatel/.gradle/caches/modules-2/files-2.1/antlr/antlr/2.7.7/83cd2cd674a217ade95a4bb83a8a14f351f48bd0/antlr-2.7.7.jar, file:/Users/hpatel/.gradle/caches/modules-2/files-2.1/org.apache.ant/ant-launcher/1.9.1/7c71043ca185eaada9e36391dd022d92859327de/ant-launcher-1.9.1.jar, file:/Users/hpatel/.gradle/caches/modules-2/files-2.1/oro/oro/2.0.8/5592374f834645c4ae250f4c9fbb314c9369d698/oro-2.0.8.jar, file:/Users/hpatel/.gradle/caches/modules-2/files-2.1/org.codehaus.jackson/jackson-core-asl/1.9.13/3c304d70f42f832e0a86d45bd437f692129299a4/jackson-core-asl-1.9.13.jar, file:/Users/hpatel/.gradle/caches/modules-2/files-2.1/org.codehaus.jackson/jackson-mapper-asl/1.9.13/1ee2f2bed0e5dd29d1cb155a166e6f8d50bbddb7/jackson-mapper-asl-1.9.13.jar, file:/Users/hpatel/.gradle/caches/modules-2/files-2.1/org.slf4j/slf4j-api/1.7.6/562424e36df3d2327e8e9301a76027fca17d54ea/slf4j-api-1.7.6.jar, file:/Users/hpatel/.gradle/caches/modules-2/files-2.1/com.sun.jersey/jersey-server/1.14/b1a21724c9b708ed54d42d41bb19ff45ae1d49d9/jersey-server-1.14.jar, file:/Users/hpatel/.gradle/caches/modules-2/files-2.1/org.apache.httpcomponents/httpclient/4.2.5/666e26e76f2e87d84e4f16acb546481ae1b8e9a6/httpclient-4.2.5.jar, file:/Users/hpatel/.gradle/caches/modules-2/files-2.1/org.apache.zookeeper/zookeeper/3.4.6/1b2502e29da1ebaade2357cd1de35a855fa3755/zookeeper-3.4.6.jar, file:/Users/hpatel/.gradle/caches/modules-2/files-2.1/com.google.guava/guava/16.0.1/5fa98cd1a63c99a44dd8d3b77e4762b066a5d0c5/guava-16.0.1.jar, file:/Users/hpatel/.gradle/caches/modules-2/files-2.1/org.codehaus.jackson/jackson-jaxrs/1.8.8/71b16055388e9bd3991c3c3834e8e55098b789f1/jackson-jaxrs-1.8.8.jar, file:/Users/hpatel/.gradle/caches/modules-2/files-2.1/org.codehaus.jackson/jackson-xc/1.8.8/52efa08bc1e4cfea168f552b9e3088297d9d0926/jackson-xc-1.8.8.jar, file:/Users/hpatel/.gradle/caches/modules-2/files-2.1/org.apache.hive/hive-metastore/0.13.1-cdh5.3.3/ca93686a17f064a5ab6587799721cddd7836e53a/hive-metastore-0.13.1-cdh5.3.3.jar, file:/Users/hpatel/.gradle/caches/modules-2/files-2.1/com.jolbox/bonecp/0.8.0.RELEASE/cec24ee9345b3678472bb1b8fdd6aa6b9428beb8/bonecp-0.8.0.RELEASE.jar, file:/Users/hpatel/.gradle/caches/modules-2/files-2.1/org.apache.derby/derby/10.10.1.1/9f6f910f0373adc1b23c10f9b4bb151b7e7449f/derby-10.10.1.1.jar, file:/Users/hpatel/.gradle/caches/modules-2/files-2.1/javax.jdo/jdo-api/3.0.1/58e7a538e020b73871e232eeb064835fd98a492/jdo-api-3.0.1.jar, file:/Users/hpatel/.gradle/caches/modules-2/files-2.1/javax.transaction/jta/1.1/2ca09f0b36ca7d71b762e14ea2ff09d5eac57558/jta-1.1.jar, file:/Users/hpatel/.gradle/caches/modules-2/files-2.1/org.apache.thrift/libthrift/0.9.0/9ba8df332b5db95ce7f3b7a83e44d796c3d014d3/libthrift-0.9.0.jar, file:/Users/hpatel/.gradle/caches/modules-2/files-2.1/org.apache.httpcomponents/httpcore/4.2.4/3b7f38df6de5dd8b500e602ae8c2dd5ee446f883/httpcore-4.2.4.jar, file:/Users/hpatel/.gradle/caches/modules-2/files-2.1/com.sun.jersey/jersey-core/1.14/693061de8b9b352b11e997b1dd4052677778852d/jersey-core-1.14.jar, file:/Users/hpatel/.gradle/caches/modules-2/files-2.1/commons-codec/commons-codec/1.6/b7f0fc8f61ecadeb3695f0b9464755eee44374d4/commons-codec-1.6.jar, file:/Users/hpatel/.gradle/caches/modules-2/files-2.1/io.netty/netty/3.7.0.Final/7a8c35599c68c0bf383df74469aa3e03d9aca87/netty-3.7.0.Final.jar]
15/09/06 13:13:48 INFO mr.ObjectCache: Ignoring retrieval request: __REDUCE_PLAN__
15/09/06 13:13:48 INFO log.PerfLogger: <PERFLOG method=deserializePlan from=org.apache.hadoop.hive.ql.exec.Utilities>
15/09/06 13:13:48 INFO exec.Utilities: Deserializing ReduceWork via kryo
15/09/06 13:13:48 INFO log.PerfLogger: </PERFLOG method=deserializePlan start=1441563228509 end=1441563228521 duration=12 from=org.apache.hadoop.hive.ql.exec.Utilities>
15/09/06 13:13:48 INFO mr.ObjectCache: Ignoring cache key: __REDUCE_PLAN__
15/09/06 13:13:48 INFO ExecReducer: 
<GBY>Id =71
  <Children>
    <SEL>Id =72
      <Children>
        <FS>Id =73
          <Children>
          <\Children>
          <Parent>Id = 72 null<\Parent>
        <\FS>
      <\Children>
      <Parent>Id = 71 null<\Parent>
    <\SEL>
  <\Children>
  <Parent><\Parent>
<\GBY>
15/09/06 13:13:48 INFO exec.GroupByOperator: Initializing Self 71 GBY
15/09/06 13:13:48 INFO exec.GroupByOperator: Operator 71 GBY initialized
15/09/06 13:13:48 INFO exec.GroupByOperator: Initializing children of 71 GBY
15/09/06 13:13:48 INFO exec.SelectOperator: Initializing child 72 SEL
15/09/06 13:13:48 INFO exec.SelectOperator: Initializing Self 72 SEL
15/09/06 13:13:48 INFO exec.SelectOperator: SELECT struct<_col0:bigint>
15/09/06 13:13:48 INFO exec.SelectOperator: Operator 72 SEL initialized
15/09/06 13:13:48 INFO exec.SelectOperator: Initializing children of 72 SEL
15/09/06 13:13:48 INFO exec.FileSinkOperator: Initializing child 73 FS
15/09/06 13:13:48 INFO exec.FileSinkOperator: Initializing Self 73 FS
15/09/06 13:13:48 INFO exec.FileSinkOperator: Operator 73 FS initialized
15/09/06 13:13:48 INFO exec.FileSinkOperator: Initialization Done 73 FS
15/09/06 13:13:48 INFO exec.SelectOperator: Initialization Done 72 SEL
15/09/06 13:13:48 INFO exec.GroupByOperator: Initialization Done 71 GBY
15/09/06 13:13:48 INFO ExecReducer: ExecReducer: processing 1 rows: used memory = 159399632
15/09/06 13:13:48 INFO ExecReducer: ExecReducer: processed 1 rows: used memory = 159399632
15/09/06 13:13:48 INFO exec.GroupByOperator: 71 finished. closing... 
15/09/06 13:13:48 INFO exec.FileSinkOperator: Final Path: FS file:/var/folders/y7/4_pz5fzx54ngcmghz3v6t3m00000gn/T/junit4238406739563525852/scratchdir/hive_2015-09-06_13-13-48_040_6281748438672959462-1/-mr-10000/.hive-staging_hive_2015-09-06_13-13-48_040_6281748438672959462-1/_tmp.-ext-10001/000000_0
15/09/06 13:13:48 INFO exec.FileSinkOperator: Writing to temp file: FS file:/var/folders/y7/4_pz5fzx54ngcmghz3v6t3m00000gn/T/junit4238406739563525852/scratchdir/hive_2015-09-06_13-13-48_040_6281748438672959462-1/-mr-10000/.hive-staging_hive_2015-09-06_13-13-48_040_6281748438672959462-1/_task_tmp.-ext-10001/_tmp.000000_0
15/09/06 13:13:48 INFO exec.FileSinkOperator: New Final Path: FS file:/var/folders/y7/4_pz5fzx54ngcmghz3v6t3m00000gn/T/junit4238406739563525852/scratchdir/hive_2015-09-06_13-13-48_040_6281748438672959462-1/-mr-10000/.hive-staging_hive_2015-09-06_13-13-48_040_6281748438672959462-1/_tmp.-ext-10001/000000_0
15/09/06 13:13:48 INFO exec.SelectOperator: 72 finished. closing... 
15/09/06 13:13:48 INFO exec.FileSinkOperator: 73 finished. closing... 
15/09/06 13:13:48 INFO exec.FileSinkOperator: FS[73]: records written - 1
15/09/06 13:13:48 INFO exec.FileSinkOperator: RECORDS_OUT_0:1
15/09/06 13:13:48 INFO exec.FileSinkOperator: 73 Close done
15/09/06 13:13:48 INFO exec.SelectOperator: 72 Close done
15/09/06 13:13:48 INFO exec.GroupByOperator: 71 Close done
15/09/06 13:13:48 INFO mapred.Task: Task:attempt_local1026170993_0005_r_000000_0 is done. And is in the process of commiting
15/09/06 13:13:48 INFO mapred.LocalJobRunner: reduce > reduce
15/09/06 13:13:48 INFO mapred.Task: Task 'attempt_local1026170993_0005_r_000000_0' done.
2015-09-06 13:13:48,534 Stage-1 map = 100%,  reduce = 100%
15/09/06 13:13:48 INFO exec.Task: 2015-09-06 13:13:48,534 Stage-1 map = 100%,  reduce = 100%
Ended Job = job_local1026170993_0005
15/09/06 13:13:48 INFO exec.Task: Ended Job = job_local1026170993_0005
15/09/06 13:13:48 INFO exec.FileSinkOperator: Moving tmp dir: file:/var/folders/y7/4_pz5fzx54ngcmghz3v6t3m00000gn/T/junit4238406739563525852/scratchdir/hive_2015-09-06_13-13-48_040_6281748438672959462-1/-mr-10000/.hive-staging_hive_2015-09-06_13-13-48_040_6281748438672959462-1/_tmp.-ext-10001 to: file:/var/folders/y7/4_pz5fzx54ngcmghz3v6t3m00000gn/T/junit4238406739563525852/scratchdir/hive_2015-09-06_13-13-48_040_6281748438672959462-1/-mr-10000/.hive-staging_hive_2015-09-06_13-13-48_040_6281748438672959462-1/-ext-10001
15/09/06 13:13:48 INFO log.PerfLogger: </PERFLOG method=runTasks start=1441563228160 end=1441563228536 duration=376 from=org.apache.hadoop.hive.ql.Driver>
15/09/06 13:13:48 INFO log.PerfLogger: </PERFLOG method=Driver.execute start=1441563228160 end=1441563228536 duration=376 from=org.apache.hadoop.hive.ql.Driver>
MapReduce Jobs Launched: 
15/09/06 13:13:48 INFO ql.Driver: MapReduce Jobs Launched: 
Stage-Stage-1:  HDFS Read: 0 HDFS Write: 0 SUCCESS
15/09/06 13:13:48 INFO ql.Driver: Stage-Stage-1:  HDFS Read: 0 HDFS Write: 0 SUCCESS
Total MapReduce CPU Time Spent: 0 msec
15/09/06 13:13:48 INFO ql.Driver: Total MapReduce CPU Time Spent: 0 msec
OK
15/09/06 13:13:48 INFO ql.Driver: OK
15/09/06 13:13:48 INFO log.PerfLogger: <PERFLOG method=releaseLocks from=org.apache.hadoop.hive.ql.Driver>
15/09/06 13:13:48 INFO log.PerfLogger: </PERFLOG method=releaseLocks start=1441563228537 end=1441563228537 duration=0 from=org.apache.hadoop.hive.ql.Driver>
15/09/06 13:13:48 INFO log.PerfLogger: </PERFLOG method=Driver.run start=1441563228040 end=1441563228537 duration=497 from=org.apache.hadoop.hive.ql.Driver>
15/09/06 13:13:48 INFO mapred.FileInputFormat: Total input paths to process : 1
15/09/06 13:13:48 INFO service.HiveServer: Running the query: select COUNT(*) from dealer_hierarchy_core where dealer_code='ZZZZ'
15/09/06 13:13:48 INFO exec.ListSinkOperator: 69 finished. closing... 
15/09/06 13:13:48 INFO exec.ListSinkOperator: 69 Close done
15/09/06 13:13:48 INFO log.PerfLogger: <PERFLOG method=Driver.run from=org.apache.hadoop.hive.ql.Driver>
15/09/06 13:13:48 INFO log.PerfLogger: <PERFLOG method=TimeToSubmit from=org.apache.hadoop.hive.ql.Driver>
15/09/06 13:13:48 INFO ql.Driver: Concurrency mode is disabled, not creating a lock manager
15/09/06 13:13:48 INFO log.PerfLogger: <PERFLOG method=compile from=org.apache.hadoop.hive.ql.Driver>
15/09/06 13:13:48 INFO log.PerfLogger: <PERFLOG method=parse from=org.apache.hadoop.hive.ql.Driver>
15/09/06 13:13:48 INFO parse.ParseDriver: Parsing command: select COUNT(*) from dealer_hierarchy_core where dealer_code='ZZZZ'
15/09/06 13:13:48 INFO parse.ParseDriver: Parse Completed
15/09/06 13:13:48 INFO log.PerfLogger: </PERFLOG method=parse start=1441563228541 end=1441563228542 duration=1 from=org.apache.hadoop.hive.ql.Driver>
15/09/06 13:13:48 INFO log.PerfLogger: <PERFLOG method=semanticAnalyze from=org.apache.hadoop.hive.ql.Driver>
15/09/06 13:13:48 INFO parse.SemanticAnalyzer: Starting Semantic Analysis
15/09/06 13:13:48 INFO parse.SemanticAnalyzer: Completed phase 1 of Semantic Analysis
15/09/06 13:13:48 INFO parse.SemanticAnalyzer: Get metadata for source tables
15/09/06 13:13:48 INFO metastore.HiveMetaStore: 0: get_table : db=ddsw_dev tbl=dealer_hierarchy_core
15/09/06 13:13:48 INFO HiveMetaStore.audit: ugi=hpatel	ip=unknown-ip-addr	cmd=get_table : db=ddsw_dev tbl=dealer_hierarchy_core	
15/09/06 13:13:48 INFO avro.AvroSerDe: Avro schema is {"type":"record","name":"DEALER_HIERARCHY_CORE","doc":"Sqoop import of DEALER_HIERARCHY","fields":[{"name":"File_Name","type":["string","null"],"columnName":"File_Name"},{"name":"GEN_ID","type":["string","null"],"columnName":"GEN_ID"},{"name":"DMS_SYSTEM","type":["string","null"],"columnName":"DMS_SYSTEM"},{"name":"DMS_VERSION","type":["string","null"],"columnName":"DMS_VERSION"},{"name":"TRANSMIT_TS","type":["string","null"],"columnName":"TRANSMIT_TS"},{"name":"ORIG_TRANSMIT_TS","type":["string","null"],"columnName":"TRANSMIT_TS"},{"name":"TRANSMIT_BY","type":["string","null"],"columnName":"TRANSMIT_BY"},{"name":"RECORD_STATUS","type":["string","null"],"columnName":"RECORD_STATUS"},{"name":"DEALER_UPDT_IND","type":["string","null"],"columnName":"DEALER_UPDT_IND","sqlType":"1"},{"name":"STORE_NUMBER","type":["string","null"],"columnName":"STORE_NUMBER"},{"name":"PART_TYPE","type":["string","null"],"columnName":"PART_TYPE"},{"name":"STORE_NAME","type":["string","null"],"columnName":"STORE_NAME"},{"name":"INVENTORY_STORE_NUMBER","type":["string","null"],"columnName":"INVENTORY_STORE_NUMBER"},{"name":"CAT_EMRG_DEALER_CODE","type":["string","null"],"columnName":"CAT_EMRG_DEALER_CODE"},{"name":"CAT_STOCK_DEALER_CODE","type":["string","null"],"columnName":"CAT_STOCK_DEALER_CODE"},{"name":"STOCK_REPLEN_STORE_NUMBER","type":["string","null"],"columnName":"STOCK_REPLEN_STORE_NUMBER"},{"name":"STOCK_REPLEN_LEAD_TIME","type":["string","null"],"columnName":"STOCK_REPLEN_LEAD_TIME"},{"name":"LST_UPDT_TS","type":["string","null"],"columnName":"LST_UPDT_TS"},{"name":"ORIG_LST_UPDT_TS","type":["string","null"],"columnName":"ORIG_LST_UPDT_TS"},{"name":"LST_UPDT_BY_ID","type":["string","null"],"columnName":"LST_UPDT_BY_ID"},{"name":"FILE_INS_TS","type":["string","null"],"columnName":"FILE_INS_TS"},{"name":"ORIG_FILE_INS_TS","type":["string","null"],"columnName":"ORIG_FILE_INS_TS"},{"name":"EXP_STOCK_PLAN_LEAD_TIME","type":["string","null"],"columnName":"EXP_STOCK_PLAN_LEAD_TIME"}],"tableName":"DEALER_HIERARCHY_CORE"}
15/09/06 13:13:48 INFO avro.AvroSerDe: Avro schema is {"type":"record","name":"DEALER_HIERARCHY_CORE","doc":"Sqoop import of DEALER_HIERARCHY","fields":[{"name":"File_Name","type":["string","null"],"columnName":"File_Name"},{"name":"GEN_ID","type":["string","null"],"columnName":"GEN_ID"},{"name":"DMS_SYSTEM","type":["string","null"],"columnName":"DMS_SYSTEM"},{"name":"DMS_VERSION","type":["string","null"],"columnName":"DMS_VERSION"},{"name":"TRANSMIT_TS","type":["string","null"],"columnName":"TRANSMIT_TS"},{"name":"ORIG_TRANSMIT_TS","type":["string","null"],"columnName":"TRANSMIT_TS"},{"name":"TRANSMIT_BY","type":["string","null"],"columnName":"TRANSMIT_BY"},{"name":"RECORD_STATUS","type":["string","null"],"columnName":"RECORD_STATUS"},{"name":"DEALER_UPDT_IND","type":["string","null"],"columnName":"DEALER_UPDT_IND","sqlType":"1"},{"name":"STORE_NUMBER","type":["string","null"],"columnName":"STORE_NUMBER"},{"name":"PART_TYPE","type":["string","null"],"columnName":"PART_TYPE"},{"name":"STORE_NAME","type":["string","null"],"columnName":"STORE_NAME"},{"name":"INVENTORY_STORE_NUMBER","type":["string","null"],"columnName":"INVENTORY_STORE_NUMBER"},{"name":"CAT_EMRG_DEALER_CODE","type":["string","null"],"columnName":"CAT_EMRG_DEALER_CODE"},{"name":"CAT_STOCK_DEALER_CODE","type":["string","null"],"columnName":"CAT_STOCK_DEALER_CODE"},{"name":"STOCK_REPLEN_STORE_NUMBER","type":["string","null"],"columnName":"STOCK_REPLEN_STORE_NUMBER"},{"name":"STOCK_REPLEN_LEAD_TIME","type":["string","null"],"columnName":"STOCK_REPLEN_LEAD_TIME"},{"name":"LST_UPDT_TS","type":["string","null"],"columnName":"LST_UPDT_TS"},{"name":"ORIG_LST_UPDT_TS","type":["string","null"],"columnName":"ORIG_LST_UPDT_TS"},{"name":"LST_UPDT_BY_ID","type":["string","null"],"columnName":"LST_UPDT_BY_ID"},{"name":"FILE_INS_TS","type":["string","null"],"columnName":"FILE_INS_TS"},{"name":"ORIG_FILE_INS_TS","type":["string","null"],"columnName":"ORIG_FILE_INS_TS"},{"name":"EXP_STOCK_PLAN_LEAD_TIME","type":["string","null"],"columnName":"EXP_STOCK_PLAN_LEAD_TIME"}],"tableName":"DEALER_HIERARCHY_CORE"}
15/09/06 13:13:48 INFO parse.SemanticAnalyzer: Get metadata for subqueries
15/09/06 13:13:48 INFO parse.SemanticAnalyzer: Get metadata for destination tables
15/09/06 13:13:48 INFO ql.Context: New scratch dir is file:/var/folders/y7/4_pz5fzx54ngcmghz3v6t3m00000gn/T/junit4238406739563525852/scratchdir/hive_2015-09-06_13-13-48_541_4027994171063117677-1
15/09/06 13:13:48 INFO parse.SemanticAnalyzer: Completed getting MetaData in Semantic Analysis
15/09/06 13:13:48 INFO common.FileUtils: Creating directory if it doesn't exist: file:/var/folders/y7/4_pz5fzx54ngcmghz3v6t3m00000gn/T/junit4238406739563525852/scratchdir/hive_2015-09-06_13-13-48_541_4027994171063117677-1/-mr-10000/.hive-staging_hive_2015-09-06_13-13-48_541_4027994171063117677-1
15/09/06 13:13:48 INFO parse.SemanticAnalyzer: Set stats collection dir : file:/var/folders/y7/4_pz5fzx54ngcmghz3v6t3m00000gn/T/junit4238406739563525852/scratchdir/hive_2015-09-06_13-13-48_541_4027994171063117677-1/-mr-10000/.hive-staging_hive_2015-09-06_13-13-48_541_4027994171063117677-1/-ext-10002
15/09/06 13:13:48 INFO ppd.OpProcFactory: Processing for FS(85)
15/09/06 13:13:48 INFO ppd.OpProcFactory: Processing for SEL(84)
15/09/06 13:13:48 INFO ppd.OpProcFactory: Processing for GBY(83)
15/09/06 13:13:48 INFO ppd.OpProcFactory: Processing for RS(82)
15/09/06 13:13:48 INFO ppd.OpProcFactory: Processing for GBY(81)
15/09/06 13:13:48 INFO ppd.OpProcFactory: Processing for SEL(80)
15/09/06 13:13:48 INFO ppd.OpProcFactory: Processing for FIL(79)
15/09/06 13:13:48 INFO ppd.OpProcFactory: Pushdown Predicates of FIL For Alias : dealer_hierarchy_core
15/09/06 13:13:48 INFO ppd.OpProcFactory: 	(dealer_code = 'ZZZZ')
15/09/06 13:13:48 INFO ppd.OpProcFactory: Processing for TS(78)
15/09/06 13:13:48 INFO ppd.OpProcFactory: Pushdown Predicates of TS For Alias : dealer_hierarchy_core
15/09/06 13:13:48 INFO ppd.OpProcFactory: 	(dealer_code = 'ZZZZ')
15/09/06 13:13:48 INFO log.PerfLogger: <PERFLOG method=partition-retrieving from=org.apache.hadoop.hive.ql.optimizer.ppr.PartitionPruner>
15/09/06 13:13:48 INFO metastore.HiveMetaStore: 0: get_partitions_by_expr : db=ddsw_dev tbl=dealer_hierarchy_core
15/09/06 13:13:48 INFO HiveMetaStore.audit: ugi=hpatel	ip=unknown-ip-addr	cmd=get_partitions_by_expr : db=ddsw_dev tbl=dealer_hierarchy_core	
15/09/06 13:13:48 INFO log.PerfLogger: </PERFLOG method=partition-retrieving start=1441563228622 end=1441563228641 duration=19 from=org.apache.hadoop.hive.ql.optimizer.ppr.PartitionPruner>
15/09/06 13:13:48 INFO optimizer.ColumnPrunerProcFactory: RS 82 oldColExprMap: {VALUE._col0=Column[_col0]}
15/09/06 13:13:48 INFO optimizer.ColumnPrunerProcFactory: RS 82 newColExprMap: {VALUE._col0=Column[_col0]}
15/09/06 13:13:48 INFO optimizer.SortedDynPartitionOptimizer: Sorted dynamic partitioning optimization kicked in..
15/09/06 13:13:48 INFO parse.SemanticAnalyzer: Completed plan generation
15/09/06 13:13:48 INFO ql.Driver: Semantic Analysis Completed
15/09/06 13:13:48 INFO log.PerfLogger: </PERFLOG method=semanticAnalyze start=1441563228542 end=1441563228645 duration=103 from=org.apache.hadoop.hive.ql.Driver>
15/09/06 13:13:48 INFO exec.ListSinkOperator: Initializing Self 87 OP
15/09/06 13:13:48 INFO exec.ListSinkOperator: Operator 87 OP initialized
15/09/06 13:13:48 INFO exec.ListSinkOperator: Initialization Done 87 OP
15/09/06 13:13:48 INFO ql.Driver: Returning Hive schema: Schema(fieldSchemas:[FieldSchema(name:_c0, type:bigint, comment:null)], properties:null)
15/09/06 13:13:48 INFO log.PerfLogger: </PERFLOG method=compile start=1441563228541 end=1441563228646 duration=105 from=org.apache.hadoop.hive.ql.Driver>
15/09/06 13:13:48 INFO log.PerfLogger: <PERFLOG method=Driver.execute from=org.apache.hadoop.hive.ql.Driver>
15/09/06 13:13:48 INFO ql.Driver: Starting command: select COUNT(*) from dealer_hierarchy_core where dealer_code='ZZZZ'
Total jobs = 1
15/09/06 13:13:48 INFO ql.Driver: Total jobs = 1
15/09/06 13:13:48 INFO log.PerfLogger: </PERFLOG method=TimeToSubmit start=1441563228541 end=1441563228646 duration=105 from=org.apache.hadoop.hive.ql.Driver>
15/09/06 13:13:48 INFO log.PerfLogger: <PERFLOG method=runTasks from=org.apache.hadoop.hive.ql.Driver>
15/09/06 13:13:48 INFO log.PerfLogger: <PERFLOG method=task.MAPRED.Stage-1 from=org.apache.hadoop.hive.ql.Driver>
Launching Job 1 out of 1
15/09/06 13:13:48 INFO ql.Driver: Launching Job 1 out of 1
Number of reduce tasks determined at compile time: 1
15/09/06 13:13:48 INFO exec.Task: Number of reduce tasks determined at compile time: 1
In order to change the average load for a reducer (in bytes):
15/09/06 13:13:48 INFO exec.Task: In order to change the average load for a reducer (in bytes):
  set hive.exec.reducers.bytes.per.reducer=<number>
15/09/06 13:13:48 INFO exec.Task:   set hive.exec.reducers.bytes.per.reducer=<number>
In order to limit the maximum number of reducers:
15/09/06 13:13:48 INFO exec.Task: In order to limit the maximum number of reducers:
  set hive.exec.reducers.max=<number>
15/09/06 13:13:48 INFO exec.Task:   set hive.exec.reducers.max=<number>
In order to set a constant number of reducers:
15/09/06 13:13:48 INFO exec.Task: In order to set a constant number of reducers:
  set mapreduce.job.reduces=<number>
15/09/06 13:13:48 INFO exec.Task:   set mapreduce.job.reduces=<number>
15/09/06 13:13:48 INFO ql.Context: New scratch dir is file:/var/folders/y7/4_pz5fzx54ngcmghz3v6t3m00000gn/T/junit4238406739563525852/scratchdir/hive_2015-09-06_13-13-48_541_4027994171063117677-1
15/09/06 13:13:48 INFO mr.ExecDriver: Using org.apache.hadoop.hive.ql.io.CombineHiveInputFormat
15/09/06 13:13:48 INFO exec.Utilities: Processing alias dealer_hierarchy_core
15/09/06 13:13:48 INFO exec.Utilities: Adding input file file:/var/folders/y7/4_pz5fzx54ngcmghz3v6t3m00000gn/T/junit4238406739563525852/hadooptmp/dealer_hierarchy/core_data/dealer_code=ZZZZ
15/09/06 13:13:48 INFO exec.Utilities: Content Summary not cached for file:/var/folders/y7/4_pz5fzx54ngcmghz3v6t3m00000gn/T/junit4238406739563525852/hadooptmp/dealer_hierarchy/core_data/dealer_code=ZZZZ
15/09/06 13:13:48 INFO ql.Context: New scratch dir is file:/var/folders/y7/4_pz5fzx54ngcmghz3v6t3m00000gn/T/junit4238406739563525852/scratchdir/hive_2015-09-06_13-13-48_541_4027994171063117677-1
15/09/06 13:13:48 INFO log.PerfLogger: <PERFLOG method=serializePlan from=org.apache.hadoop.hive.ql.exec.Utilities>
15/09/06 13:13:48 INFO exec.Utilities: Serializing MapWork via kryo
15/09/06 13:13:48 INFO log.PerfLogger: </PERFLOG method=serializePlan start=1441563228651 end=1441563228653 duration=2 from=org.apache.hadoop.hive.ql.exec.Utilities>
15/09/06 13:13:48 INFO exec.Utilities: Setting plan: /var/folders/y7/4_pz5fzx54ngcmghz3v6t3m00000gn/T/junit4238406739563525852/scratchdir/hive_2015-09-06_13-13-48_541_4027994171063117677-1/-mr-10004/687fa5e8-1092-4f02-8b38-dda631105d68/map.xml
15/09/06 13:13:48 INFO log.PerfLogger: <PERFLOG method=serializePlan from=org.apache.hadoop.hive.ql.exec.Utilities>
15/09/06 13:13:48 INFO exec.Utilities: Serializing ReduceWork via kryo
15/09/06 13:13:48 INFO log.PerfLogger: </PERFLOG method=serializePlan start=1441563228653 end=1441563228656 duration=3 from=org.apache.hadoop.hive.ql.exec.Utilities>
15/09/06 13:13:48 INFO exec.Utilities: Setting plan: /var/folders/y7/4_pz5fzx54ngcmghz3v6t3m00000gn/T/junit4238406739563525852/scratchdir/hive_2015-09-06_13-13-48_541_4027994171063117677-1/-mr-10004/687fa5e8-1092-4f02-8b38-dda631105d68/reduce.xml
15/09/06 13:13:48 INFO jvm.JvmMetrics: Cannot initialize JVM Metrics with processName=JobTracker, sessionId= - already initialized
15/09/06 13:13:48 WARN mapred.JobClient: Use GenericOptionsParser for parsing the arguments. Applications should implement Tool for the same.
15/09/06 13:13:48 INFO log.PerfLogger: <PERFLOG method=getSplits from=org.apache.hadoop.hive.ql.io.CombineHiveInputFormat>
15/09/06 13:13:48 INFO avro.AvroSerDe: Avro schema is {"type":"record","name":"DEALER_HIERARCHY_CORE","doc":"Sqoop import of DEALER_HIERARCHY","fields":[{"name":"File_Name","type":["string","null"],"columnName":"File_Name"},{"name":"GEN_ID","type":["string","null"],"columnName":"GEN_ID"},{"name":"DMS_SYSTEM","type":["string","null"],"columnName":"DMS_SYSTEM"},{"name":"DMS_VERSION","type":["string","null"],"columnName":"DMS_VERSION"},{"name":"TRANSMIT_TS","type":["string","null"],"columnName":"TRANSMIT_TS"},{"name":"ORIG_TRANSMIT_TS","type":["string","null"],"columnName":"TRANSMIT_TS"},{"name":"TRANSMIT_BY","type":["string","null"],"columnName":"TRANSMIT_BY"},{"name":"RECORD_STATUS","type":["string","null"],"columnName":"RECORD_STATUS"},{"name":"DEALER_UPDT_IND","type":["string","null"],"columnName":"DEALER_UPDT_IND","sqlType":"1"},{"name":"STORE_NUMBER","type":["string","null"],"columnName":"STORE_NUMBER"},{"name":"PART_TYPE","type":["string","null"],"columnName":"PART_TYPE"},{"name":"STORE_NAME","type":["string","null"],"columnName":"STORE_NAME"},{"name":"INVENTORY_STORE_NUMBER","type":["string","null"],"columnName":"INVENTORY_STORE_NUMBER"},{"name":"CAT_EMRG_DEALER_CODE","type":["string","null"],"columnName":"CAT_EMRG_DEALER_CODE"},{"name":"CAT_STOCK_DEALER_CODE","type":["string","null"],"columnName":"CAT_STOCK_DEALER_CODE"},{"name":"STOCK_REPLEN_STORE_NUMBER","type":["string","null"],"columnName":"STOCK_REPLEN_STORE_NUMBER"},{"name":"STOCK_REPLEN_LEAD_TIME","type":["string","null"],"columnName":"STOCK_REPLEN_LEAD_TIME"},{"name":"LST_UPDT_TS","type":["string","null"],"columnName":"LST_UPDT_TS"},{"name":"ORIG_LST_UPDT_TS","type":["string","null"],"columnName":"ORIG_LST_UPDT_TS"},{"name":"LST_UPDT_BY_ID","type":["string","null"],"columnName":"LST_UPDT_BY_ID"},{"name":"FILE_INS_TS","type":["string","null"],"columnName":"FILE_INS_TS"},{"name":"ORIG_FILE_INS_TS","type":["string","null"],"columnName":"ORIG_FILE_INS_TS"},{"name":"EXP_STOCK_PLAN_LEAD_TIME","type":["string","null"],"columnName":"EXP_STOCK_PLAN_LEAD_TIME"}],"tableName":"DEALER_HIERARCHY_CORE"}
15/09/06 13:13:48 INFO io.CombineHiveInputFormat: CombineHiveInputSplit creating pool for file:/var/folders/y7/4_pz5fzx54ngcmghz3v6t3m00000gn/T/junit4238406739563525852/hadooptmp/dealer_hierarchy/core_data/dealer_code=ZZZZ; using filter path file:/var/folders/y7/4_pz5fzx54ngcmghz3v6t3m00000gn/T/junit4238406739563525852/hadooptmp/dealer_hierarchy/core_data/dealer_code=ZZZZ
15/09/06 13:13:48 INFO mapred.FileInputFormat: Total input paths to process : 1
15/09/06 13:13:48 INFO io.CombineHiveInputFormat: number of splits 1
15/09/06 13:13:48 INFO log.PerfLogger: </PERFLOG method=getSplits start=1441563228723 end=1441563228737 duration=14 from=org.apache.hadoop.hive.ql.io.CombineHiveInputFormat>
15/09/06 13:13:48 INFO mapred.LocalJobRunner: OutputCommitter set in config org.apache.hadoop.hive.shims.HadoopShimsSecure$NullOutputCommitter
Starting Job = job_local1133002080_0006, Tracking URL = http://localhost:8080/
15/09/06 13:13:48 INFO exec.Task: Starting Job = job_local1133002080_0006, Tracking URL = http://localhost:8080/
Kill Command = NO_BIN! job  -kill job_local1133002080_0006
15/09/06 13:13:48 INFO exec.Task: Kill Command = NO_BIN! job  -kill job_local1133002080_0006
15/09/06 13:13:48 INFO mapred.LocalJobRunner: OutputCommitter is org.apache.hadoop.hive.shims.HadoopShimsSecure$NullOutputCommitter
15/09/06 13:13:48 INFO mapred.LocalJobRunner: Waiting for map tasks
15/09/06 13:13:48 INFO mapred.LocalJobRunner: Starting task: attempt_local1133002080_0006_m_000000_0
15/09/06 13:13:48 WARN mapreduce.Counters: Group org.apache.hadoop.mapred.Task$Counter is deprecated. Use org.apache.hadoop.mapreduce.TaskCounter instead
Hadoop job information for Stage-1: number of mappers: 0; number of reducers: 0
15/09/06 13:13:48 INFO exec.Task: Hadoop job information for Stage-1: number of mappers: 0; number of reducers: 0
15/09/06 13:13:48 WARN mapreduce.Counters: Group org.apache.hadoop.mapred.Task$Counter is deprecated. Use org.apache.hadoop.mapreduce.TaskCounter instead
2015-09-06 13:13:48,797 Stage-1 map = 0%,  reduce = 0%
15/09/06 13:13:48 INFO exec.Task: 2015-09-06 13:13:48,797 Stage-1 map = 0%,  reduce = 0%
15/09/06 13:13:48 INFO mapred.Task:  Using ResourceCalculatorPlugin : null
15/09/06 13:13:48 INFO mapred.MapTask: Processing split: Paths:/var/folders/y7/4_pz5fzx54ngcmghz3v6t3m00000gn/T/junit4238406739563525852/hadooptmp/dealer_hierarchy/core_data/dealer_code=ZZZZ/000000_0:0+2803InputFormatClass: org.apache.hadoop.hive.ql.io.avro.AvroContainerInputFormat

15/09/06 13:13:48 INFO avro.AvroGenericRecordReader: Matching partition file:/var/folders/y7/4_pz5fzx54ngcmghz3v6t3m00000gn/T/junit4238406739563525852/hadooptmp/dealer_hierarchy/core_data/dealer_code=ZZZZ with input split file:/var/folders/y7/4_pz5fzx54ngcmghz3v6t3m00000gn/T/junit4238406739563525852/hadooptmp/dealer_hierarchy/core_data/dealer_code=ZZZZ/000000_0:0+2803
15/09/06 13:13:48 INFO io.HiveContextAwareRecordReader: Processing file file:/var/folders/y7/4_pz5fzx54ngcmghz3v6t3m00000gn/T/junit4238406739563525852/hadooptmp/dealer_hierarchy/core_data/dealer_code=ZZZZ/000000_0
15/09/06 13:13:48 WARN mapreduce.Counters: Counter name MAP_INPUT_BYTES is deprecated. Use FileInputFormatCounters as group name and  BYTES_READ as counter name instead
15/09/06 13:13:48 INFO mapred.MapTask: numReduceTasks: 1
15/09/06 13:13:48 INFO mapred.MapTask: Map output collector class = org.apache.hadoop.mapred.MapTask$MapOutputBuffer
15/09/06 13:13:48 INFO mapred.MapTask: io.sort.mb = 100
15/09/06 13:13:48 INFO mapred.MapTask: data buffer = 79691776/99614720
15/09/06 13:13:48 INFO mapred.MapTask: record buffer = 262144/327680
15/09/06 13:13:48 INFO mr.ExecMapper: maximum memory = 3817865216
15/09/06 13:13:48 INFO mr.ExecMapper: conf classpath = [file:/Users/hpatel/.gradle/caches/2.1/workerMain/gradle-worker.jar, file:/Users/hpatel/Tech/Projects/CAT/ddsw_dev/hive-test/build/classes/test/, file:/Users/hpatel/Tech/Projects/CAT/ddsw_dev/hive-test/build/resources/test/, file:/Users/hpatel/Tech/Projects/CAT/ddsw_dev/hive-test/build/classes/main/, file:/Users/hpatel/Tech/Projects/CAT/ddsw_dev/hive-test/build/resources/main, file:/Users/hpatel/.gradle/caches/modules-2/files-2.1/junit/junit/4.11/4e031bb61df09069aeb2bffb4019e7a5034a4ee0/junit-4.11.jar, file:/Users/hpatel/.gradle/caches/modules-2/files-2.1/com.klarna/hiverunner/1.0.0/e26bb0655fff4d88fab91f331793d9fc1db392cc/HiveRunner-1.0.0.jar, file:/Users/hpatel/Tech/Projects/CAT/ddsw_dev/custom-cat-udfs/build/libs/custom-cat-udfs-0.1.38-SNAPSHOT.jar, file:/Users/hpatel/.gradle/caches/modules-2/files-2.1/org.apache.hadoop/hadoop-client/2.5.0-cdh5.3.3/ec3cd6a8cb043e73a42918934c5d3a3f2747c78b/hadoop-client-2.5.0-cdh5.3.3.jar, file:/Users/hpatel/.gradle/caches/modules-2/files-2.1/org.hsqldb/hsqldb/2.3.1/bd7153caa30958e1c64a3dd38b93e5a7442d9a0e/hsqldb-2.3.1.jar, file:/Users/hpatel/.gradle/caches/modules-2/files-2.1/org.apache.hadoop/hadoop-core/2.5.0-mr1-cdh5.3.3/f6f4a77f818757da51ae0244310855779c04c4be/hadoop-core-2.5.0-mr1-cdh5.3.3.jar, file:/Users/hpatel/.gradle/caches/modules-2/files-2.1/org.reflections/reflections/0.9.8/f723abb59bf512952bfc503838f70f81487a6993/reflections-0.9.8.jar, file:/Users/hpatel/.gradle/caches/modules-2/files-2.1/org.mockito/mockito-core/1.10.19/e8546f5bef4e061d8dd73895b4e8f40e3fe6effe/mockito-core-1.10.19.jar, file:/Users/hpatel/.gradle/caches/modules-2/files-2.1/org.hamcrest/hamcrest-core/1.3/42a25dc3219429f0e5d060061f71acb49bf010a0/hamcrest-core-1.3.jar, file:/Users/hpatel/.gradle/caches/modules-2/files-2.1/org.pentaho/pentaho-aggdesigner-algorithm/5.1.5-jhyde/c52379c645c6c85300e645dff7c72653bf85baa2/pentaho-aggdesigner-algorithm-5.1.5-jhyde.jar, file:/Users/hpatel/.gradle/caches/modules-2/files-2.1/org.apache.hive/hive-serde/0.13.1-cdh5.3.3/9cee47c844d726e9bcef6ab292e1319b7fbddaa3/hive-serde-0.13.1-cdh5.3.3.jar, file:/Users/hpatel/.gradle/caches/modules-2/files-2.1/org.apache.hadoop/hadoop-common/2.5.0-cdh5.3.3/f0862eb1dc33c1807ea29a248af75551e3c6836a/hadoop-common-2.5.0-cdh5.3.3.jar, file:/Users/hpatel/.gradle/caches/modules-2/files-2.1/org.apache.hive/hive-contrib/0.13.1-cdh5.3.3/bf89b429c9b173ac275dc0c1623f5c30e780ee98/hive-contrib-0.13.1-cdh5.3.3.jar, file:/Users/hpatel/.gradle/caches/modules-2/files-2.1/org.datanucleus/datanucleus-core/3.2.12/3212183bb5a2826cd5ff194b9a54619dd0bdf31f/datanucleus-core-3.2.12.jar, file:/Users/hpatel/.gradle/caches/modules-2/files-2.1/org.datanucleus/datanucleus-rdbms/3.2.11/5b053144c89fdff1505b853aa7f1e5ba7657da75/datanucleus-rdbms-3.2.11.jar, file:/Users/hpatel/.gradle/caches/modules-2/files-2.1/org.datanucleus/datanucleus-api-jdo/3.2.8/efc60221fbc91e95cf5758b98c6c5531660696cb/datanucleus-api-jdo-3.2.8.jar, file:/Users/hpatel/.gradle/caches/modules-2/files-2.1/org.apache.hive/hive-shims/0.13.1-cdh5.3.3/47b029532c0b9d45526dcdd858823e6f9634ab81/hive-shims-0.13.1-cdh5.3.3.jar, file:/Users/hpatel/.gradle/caches/modules-2/files-2.1/org.apache.commons/commons-lang3/3.3.1/6738a2da2202ce360f0af90aba005c1e05a2c4cd/commons-lang3-3.3.1.jar, file:/Users/hpatel/.gradle/caches/modules-2/files-2.1/joda-time/joda-time/2.3/56498efd17752898cfcc3868c1b6211a07b12b8f/joda-time-2.3.jar, file:/Users/hpatel/.gradle/caches/modules-2/files-2.1/org.apache.hadoop/hadoop-hdfs/2.5.0-cdh5.3.3/5dd5e2be13d89a9eaab89d3a33bcdf6677671aa9/hadoop-hdfs-2.5.0-cdh5.3.3.jar, file:/Users/hpatel/.gradle/caches/modules-2/files-2.1/org.apache.hadoop/hadoop-mapreduce-client-app/2.5.0-cdh5.3.3/579948f8fa6d9d72bf507bd021fa3dcc0670e95f/hadoop-mapreduce-client-app-2.5.0-cdh5.3.3.jar, file:/Users/hpatel/.gradle/caches/modules-2/files-2.1/org.apache.hadoop/hadoop-yarn-api/2.5.0-cdh5.3.3/a6d9b4b7cbcacd000350a3e33c70269101b5fc79/hadoop-yarn-api-2.5.0-cdh5.3.3.jar, file:/Users/hpatel/.gradle/caches/modules-2/files-2.1/org.apache.hadoop/hadoop-mapreduce-client-core/2.5.0-cdh5.3.3/f2c8eaa2b8a5839a7781f04cf59c4d1abfefec9e/hadoop-mapreduce-client-core-2.5.0-cdh5.3.3.jar, file:/Users/hpatel/.gradle/caches/modules-2/files-2.1/org.apache.hadoop/hadoop-mapreduce-client-jobclient/2.5.0-cdh5.3.3/f8baecab9a91245a97e29e4867a7f5ae128ef8a9/hadoop-mapreduce-client-jobclient-2.5.0-cdh5.3.3.jar, file:/Users/hpatel/.gradle/caches/modules-2/files-2.1/org.apache.hadoop/hadoop-aws/2.5.0-cdh5.3.3/f712d9cf59c859914254bed5c87ee4e5a2204e78/hadoop-aws-2.5.0-cdh5.3.3.jar, file:/Users/hpatel/.gradle/caches/modules-2/files-2.1/org.apache.hadoop/hadoop-annotations/2.5.0-cdh5.3.3/e3b40743127d82ff7a6f263d00419368a46ce608/hadoop-annotations-2.5.0-cdh5.3.3.jar, file:/Users/hpatel/.gradle/caches/modules-2/files-2.1/commons-collections/commons-collections/3.2.1/761ea405b9b37ced573d2df0d1e3a4e0f9edc668/commons-collections-3.2.1.jar, file:/Users/hpatel/.gradle/caches/modules-2/files-2.1/commons-configuration/commons-configuration/1.6/32cadde23955d7681b0d94a2715846d20b425235/commons-configuration-1.6.jar, file:/Users/hpatel/.gradle/caches/modules-2/files-2.1/jline/jline/0.9.94/99a18e9a44834afdebc467294e1138364c207402/jline-0.9.94.jar, file:/Users/hpatel/.gradle/caches/modules-2/files-2.1/commons-cli/commons-cli/1.2/2bf96b7aa8b611c177d329452af1dc933e14501c/commons-cli-1.2.jar, file:/Users/hpatel/.gradle/caches/modules-2/files-2.1/xmlenc/xmlenc/0.52/d82554efbe65906d83b3d97bd7509289e9db561a/xmlenc-0.52.jar, file:/Users/hpatel/.gradle/caches/modules-2/files-2.1/commons-httpclient/commons-httpclient/3.1/964cd74171f427720480efdec40a7c7f6e58426a/commons-httpclient-3.1.jar, file:/Users/hpatel/.gradle/caches/modules-2/files-2.1/commons-net/commons-net/3.1/2298164a7c2484406f2aa5ac85b205d39019896f/commons-net-3.1.jar, file:/Users/hpatel/.gradle/caches/modules-2/files-2.1/tomcat/jasper-runtime/5.5.23/96ca5528a93ab47b001476b74320c644beb89dde/jasper-runtime-5.5.23.jar, file:/Users/hpatel/.gradle/caches/modules-2/files-2.1/tomcat/jasper-compiler/5.5.23/6d35bd7fb8c4fbc1f5401fb3678aa976d2e4c241/jasper-compiler-5.5.23.jar, file:/Users/hpatel/.gradle/caches/modules-2/files-2.1/javax.servlet.jsp/jsp-api/2.1/63f943103f250ef1f3a4d5e94d145a0f961f5316/jsp-api-2.1.jar, file:/Users/hpatel/.gradle/caches/modules-2/files-2.1/commons-el/commons-el/1.0/1df2c042b3f2de0124750241ac6c886dbfa2cc2c/commons-el-1.0.jar, file:/Users/hpatel/.gradle/caches/modules-2/files-2.1/javax.servlet/servlet-api/2.5/5959582d97d8b61f4d154ca9e495aafd16726e34/servlet-api-2.5.jar, file:/Users/hpatel/.gradle/caches/modules-2/files-2.1/hsqldb/hsqldb/1.8.0.10/7e9978fdb754bce5fcd5161133e7734ecb683036/hsqldb-1.8.0.10.jar, file:/Users/hpatel/.gradle/caches/modules-2/files-2.1/org.eclipse.jdt/core/3.1.1/88c83ce444cf46d02494da37c9fa1eebc9ce9cea/core-3.1.1.jar, file:/Users/hpatel/.gradle/caches/modules-2/files-2.1/javassist/javassist/3.12.1.GA/526633327faa61aee448a519e8a4d53ec3057885/javassist-3.12.1.GA.jar, file:/Users/hpatel/.gradle/caches/modules-2/files-2.1/dom4j/dom4j/1.6.1/5d3ccc056b6f056dbf0dddfdf43894b9065a8f94/dom4j-1.6.1.jar, file:/Users/hpatel/.gradle/caches/modules-2/files-2.1/org.objenesis/objenesis/2.1/87c0ea803b69252868d09308b4618f766f135a96/objenesis-2.1.jar, file:/Users/hpatel/.gradle/caches/modules-2/files-2.1/commons-logging/commons-logging/1.1.3/f6f66e966c70a83ffbdb6f17a0919eaf7c8aca7f/commons-logging-1.1.3.jar, file:/Users/hpatel/.gradle/caches/modules-2/files-2.1/org.apache.hive/hive-common/0.13.1-cdh5.3.3/e3fbf24d30a553c50ae4d4eed23f81b0e1211c5a/hive-common-0.13.1-cdh5.3.3.jar, file:/Users/hpatel/.gradle/caches/modules-2/files-2.1/org.apache.avro/avro/1.7.6-cdh5.3.3/6d90271293977d199ed07002bf35e2805405cc64/avro-1.7.6-cdh5.3.3.jar, file:/Users/hpatel/.gradle/caches/modules-2/files-2.1/net.sf.opencsv/opencsv/2.3/c23708cdb9e80a144db433e23344a788a1fd6599/opencsv-2.3.jar, file:/Users/hpatel/.gradle/caches/modules-2/files-2.1/com.sun.jersey/jersey-servlet/1.14/4b87041a59ee152757b62e47a21d5b63fde20ffe/jersey-servlet-1.14.jar, file:/Users/hpatel/.gradle/caches/modules-2/files-2.1/org.slf4j/slf4j-log4j12/1.7.5/6edffc576ce104ec769d954618764f39f0f0f10d/slf4j-log4j12-1.7.5.jar, file:/Users/hpatel/.gradle/caches/modules-2/files-2.1/org.apache.commons/commons-math3/3.1.1/6719d757a98ff24a83d9d727bef9cec83f59b6e1/commons-math3-3.1.1.jar, file:/Users/hpatel/.gradle/caches/modules-2/files-2.1/commons-io/commons-io/2.4/b1b6ea3b7e4aa4f492509a4952029cd8e48019ad/commons-io-2.4.jar, file:/Users/hpatel/.gradle/caches/modules-2/files-2.1/com.sun.jersey/jersey-json/1.9/1aa73e1896bcc7013fed247157d7f676226eb432/jersey-json-1.9.jar, file:/Users/hpatel/.gradle/caches/modules-2/files-2.1/log4j/log4j/1.2.17/5af35056b4d257e4b64b9e8069c0746e8b08629f/log4j-1.2.17.jar, file:/Users/hpatel/.gradle/caches/modules-2/files-2.1/com.google.code.gson/gson/2.2.4/a60a5e993c98c864010053cb901b7eab25306568/gson-2.2.4.jar, file:/Users/hpatel/.gradle/caches/modules-2/files-2.1/org.apache.hadoop/hadoop-auth/2.5.0-cdh5.3.3/847eb288da72acfdd7d202da5149dec6cd20ceba/hadoop-auth-2.5.0-cdh5.3.3.jar, file:/Users/hpatel/.gradle/caches/modules-2/files-2.1/com.jcraft/jsch/0.1.42/a86104b0f2e0c0bab5b0df836065823a99b5e334/jsch-0.1.42.jar, file:/Users/hpatel/.gradle/caches/modules-2/files-2.1/org.apache.curator/curator-client/2.6.0/b9007c357ad1a78066fc6004e8b1feaa2318f6f3/curator-client-2.6.0.jar, file:/Users/hpatel/.gradle/caches/modules-2/files-2.1/org.apache.curator/curator-recipes/2.6.0/8736b0fc42e6bf006d585fe85c90aaa4ade5cbef/curator-recipes-2.6.0.jar, file:/Users/hpatel/.gradle/caches/modules-2/files-2.1/com.google.code.findbugs/jsr305/1.3.9/40719ea6961c0cb6afaeb6a921eaa1f6afd4cfdf/jsr305-1.3.9.jar, file:/Users/hpatel/.gradle/caches/modules-2/files-2.1/org.apache.commons/commons-compress/1.4.1/b02e84a993d88568417536240e970c4b809126fd/commons-compress-1.4.1.jar, file:/Users/hpatel/.gradle/caches/modules-2/files-2.1/org.apache.hive.shims/hive-shims-common/0.13.1-cdh5.3.3/3d9e5245018fbde18f52c4ab25fc35afdec2fc0a/hive-shims-common-0.13.1-cdh5.3.3.jar, file:/Users/hpatel/.gradle/caches/modules-2/files-2.1/org.apache.hive.shims/hive-shims-common-secure/0.13.1-cdh5.3.3/6b29a16b2a41b89bdbbc681c257ad7f766a90bcb/hive-shims-common-secure-0.13.1-cdh5.3.3.jar, file:/Users/hpatel/.gradle/caches/modules-2/files-2.1/org.apache.hive.shims/hive-shims-0.23/0.13.1-cdh5.3.3/7ab834955a767af200d1d9151c204751637d9ca9/hive-shims-0.23-0.13.1-cdh5.3.3.jar, file:/Users/hpatel/.gradle/caches/modules-2/files-2.1/org.apache.hive.shims/hive-shims-scheduler/0.13.1-cdh5.3.3/b6644420b74f936a838f7f3fd2fa19c19add0449/hive-shims-scheduler-0.13.1-cdh5.3.3.jar, file:/Users/hpatel/.gradle/caches/modules-2/files-2.1/org.apache.hadoop/hadoop-mapreduce-client-common/2.5.0-cdh5.3.3/f0d777bb76ca9f540c0c81a45934f0f5cf9975b8/hadoop-mapreduce-client-common-2.5.0-cdh5.3.3.jar, file:/Users/hpatel/.gradle/caches/modules-2/files-2.1/org.apache.hadoop/hadoop-mapreduce-client-shuffle/2.5.0-cdh5.3.3/b6c4316f6fcc406edf7e5bd77c50e46034ad5519/hadoop-mapreduce-client-shuffle-2.5.0-cdh5.3.3.jar, file:/Users/hpatel/.gradle/caches/modules-2/files-2.1/org.apache.hadoop/hadoop-yarn-common/2.5.0-cdh5.3.3/9499713b674eae1aa714fcd0e95e0d09daaf3824/hadoop-yarn-common-2.5.0-cdh5.3.3.jar, file:/Users/hpatel/.gradle/caches/modules-2/files-2.1/com.fasterxml.jackson.core/jackson-databind/2.2.3/3ae380888029daefb91d3ecdca3a37d8cb92bc9/jackson-databind-2.2.3.jar, file:/Users/hpatel/.gradle/caches/modules-2/files-2.1/com.fasterxml.jackson.core/jackson-annotations/2.2.3/527fece4f23a457070a36c371a26d6c0208e1c3/jackson-annotations-2.2.3.jar, file:/Users/hpatel/.gradle/caches/modules-2/files-2.1/com.amazonaws/aws-java-sdk/1.7.4/2c24ccb6f1ab845a7df971951d4b41c709a6517d/aws-java-sdk-1.7.4.jar, file:/Users/hpatel/.gradle/caches/modules-2/files-2.1/commons-digester/commons-digester/1.8/dc6a73fdbd1fa3f0944e8497c6c872fa21dca37e/commons-digester-1.8.jar, file:/Users/hpatel/.gradle/caches/modules-2/files-2.1/commons-beanutils/commons-beanutils-core/1.8.0/175dc721f87e4bc5cc0573f990e28c3cf9117508/commons-beanutils-core-1.8.0.jar, file:/Users/hpatel/.gradle/caches/modules-2/files-2.1/xml-apis/xml-apis/1.0.b2/3136ca936f64c9d68529f048c2618bd356bf85c9/xml-apis-1.0.b2.jar, file:/Users/hpatel/.gradle/caches/modules-2/files-2.1/com.thoughtworks.paranamer/paranamer/2.3/4a85963a752c0a2f715c3924bfc686865e7e1bc6/paranamer-2.3.jar, file:/Users/hpatel/.gradle/caches/modules-2/files-2.1/org.xerial.snappy/snappy-java/1.0.5/10cb4550360a0ec6b80f09a5209d00b6058e82bf/snappy-java-1.0.5.jar, file:/Users/hpatel/.gradle/caches/modules-2/files-2.1/org.codehaus.jettison/jettison/1.1/1a01a2a1218fcf9faa2cc2a6ced025bdea687262/jettison-1.1.jar, file:/Users/hpatel/.gradle/caches/modules-2/files-2.1/com.sun.xml.bind/jaxb-impl/2.2.3-1/56baae106392040a45a06d4a41099173425da1e6/jaxb-impl-2.2.3-1.jar, file:/Users/hpatel/.gradle/caches/modules-2/files-2.1/org.apache.directory.server/apacheds-kerberos-codec/2.0.0-M15/1c16e4e477183641c5f0dd5cdecd27ec331bacb5/apacheds-kerberos-codec-2.0.0-M15.jar, file:/Users/hpatel/.gradle/caches/modules-2/files-2.1/org.apache.curator/curator-framework/2.6.0/81a699c39d127b5b4ff97cc77da7650b53e5b5ed/curator-framework-2.6.0.jar, file:/Users/hpatel/.gradle/caches/modules-2/files-2.1/org.tukaani/xz/1.0/ecff5cb8b1189514c9d1d8d68eb77ac372e000c9/xz-1.0.jar, file:/Users/hpatel/.gradle/caches/modules-2/files-2.1/org.apache.hadoop/hadoop-yarn-client/2.5.0-cdh5.3.3/2d2ce5d0138d02b20aefcfc1ee8dd6f691911f63/hadoop-yarn-client-2.5.0-cdh5.3.3.jar, file:/Users/hpatel/.gradle/caches/modules-2/files-2.1/org.apache.hadoop/hadoop-yarn-server-common/2.5.0-cdh5.3.3/d099fcc19f56d477fa6b5b47ae4e06bb97538778/hadoop-yarn-server-common-2.5.0-cdh5.3.3.jar, file:/Users/hpatel/.gradle/caches/modules-2/files-2.1/org.apache.hadoop/hadoop-yarn-server-nodemanager/2.5.0-cdh5.3.3/278b2d7a6454ce57a94ab02a88c0b188afc8facc/hadoop-yarn-server-nodemanager-2.5.0-cdh5.3.3.jar, file:/Users/hpatel/.gradle/caches/modules-2/files-2.1/org.fusesource.leveldbjni/leveldbjni-all/1.8/707350a2eeb1fa2ed77a32ddb3893ed308e941db/leveldbjni-all-1.8.jar, file:/Users/hpatel/.gradle/caches/modules-2/files-2.1/javax.xml.bind/jaxb-api/2.2.2/aeb3021ca93dde265796d82015beecdcff95bf09/jaxb-api-2.2.2.jar, file:/Users/hpatel/.gradle/caches/modules-2/files-2.1/com.google.inject/guice/3.0/9d84f15fe35e2c716a02979fb62f50a29f38aefa/guice-3.0.jar, file:/Users/hpatel/.gradle/caches/modules-2/files-2.1/com.sun.jersey.contribs/jersey-guice/1.9/5963c28c47df7e5d6ad34cec80c071c368777f7b/jersey-guice-1.9.jar, file:/Users/hpatel/.gradle/caches/modules-2/files-2.1/com.fasterxml.jackson.core/jackson-core/2.2.3/1a0113da2cab5f4c216b4e5e7c1dbfaa67087e14/jackson-core-2.2.3.jar, file:/Users/hpatel/.gradle/caches/modules-2/files-2.1/commons-beanutils/commons-beanutils/1.7.0/5675fd96b29656504b86029551973d60fb41339b/commons-beanutils-1.7.0.jar, file:/Users/hpatel/.gradle/caches/modules-2/files-2.1/org.apache.directory.server/apacheds-i18n/2.0.0-M15/71c61c84683152ec2a6a65f3f96fe534e304fa22/apacheds-i18n-2.0.0-M15.jar, file:/Users/hpatel/.gradle/caches/modules-2/files-2.1/org.apache.directory.api/api-asn1-api/1.0.0-M20/5e6486ffa3125ba44dc410ead166e1d6ba8ac76d/api-asn1-api-1.0.0-M20.jar, file:/Users/hpatel/.gradle/caches/modules-2/files-2.1/org.apache.directory.api/api-util/1.0.0-M20/a871abf060b3cf83fc6dc4d7e3d151fce50ac3cb/api-util-1.0.0-M20.jar, file:/Users/hpatel/.gradle/caches/modules-2/files-2.1/com.sun.jersey/jersey-client/1.9/d3c4b2b5f89db32c96ceddcb863684821910a7bb/jersey-client-1.9.jar, file:/Users/hpatel/.gradle/caches/modules-2/files-2.1/javax.xml.stream/stax-api/1.0-2/d6337b0de8b25e53e81b922352fbea9f9f57ba0b/stax-api-1.0-2.jar, file:/Users/hpatel/.gradle/caches/modules-2/files-2.1/javax.activation/activation/1.1/e6cb541461c2834bdea3eb920f1884d1eb508b50/activation-1.1.jar, file:/Users/hpatel/.gradle/caches/modules-2/files-2.1/javax.inject/javax.inject/1/6975da39a7040257bd51d21a231b76c915872d38/javax.inject-1.jar, file:/Users/hpatel/.gradle/caches/modules-2/files-2.1/aopalliance/aopalliance/1.0/235ba8b489512805ac13a8f9ea77a1ca5ebe3e8/aopalliance-1.0.jar, file:/Users/hpatel/.gradle/caches/modules-2/files-2.1/org.sonatype.sisu.inject/cglib/2.2.1-v20090111/7ce5e983fd0e6c78346f4c9cbfa39d83049dda2/cglib-2.2.1-v20090111.jar, file:/Users/hpatel/.gradle/caches/modules-2/files-2.1/asm/asm/3.1/c157def142714c544bdea2e6144645702adf7097/asm-3.1.jar, file:/Users/hpatel/.gradle/caches/modules-2/files-2.1/org.apache.hive/hive-service/0.13.1-cdh5.3.3/c7979b4213bfb62823d43ba726e0fea58032dd1e/hive-service-0.13.1-cdh5.3.3.jar, file:/Users/hpatel/.gradle/caches/modules-2/files-2.1/net.sf.jpam/jpam/1.1/cb3d91c2dfda767518a371dbb02edfd6a4aa0600/jpam-1.1.jar, file:/Users/hpatel/.gradle/caches/modules-2/files-2.1/org.eclipse.jetty.aggregate/jetty-all/7.6.0.v20120127/47bb68e3837e5c6422138dd1e0d4d75c60dce87a/jetty-all-7.6.0.v20120127.jar, file:/Users/hpatel/.gradle/caches/modules-2/files-2.1/org.apache.thrift/libfb303/0.9.0/639bd69767fdbd7f658ce8233248fe1cea635164/libfb303-0.9.0.jar, file:/Users/hpatel/.gradle/caches/modules-2/files-2.1/org.apache.geronimo.specs/geronimo-jta_1.1_spec/1.1.1/aabab3165b8ea936b9360abbf448459c0d04a5a4/geronimo-jta_1.1_spec-1.1.1.jar, file:/Users/hpatel/.gradle/caches/modules-2/files-2.1/javax.mail/mail/1.4.1/8b7bc69010655425dabf091b51d1e90b4de36715/mail-1.4.1.jar, file:/Users/hpatel/.gradle/caches/modules-2/files-2.1/org.apache.geronimo.specs/geronimo-jaspic_1.0_spec/1.0/44b95be7dae1147716dce5336419eafade880756/geronimo-jaspic_1.0_spec-1.0.jar, file:/Users/hpatel/.gradle/caches/modules-2/files-2.1/org.apache.geronimo.specs/geronimo-annotation_1.0_spec/1.1.1/47caa799389f69d297b86bf90523d431599c3796/geronimo-annotation_1.0_spec-1.1.1.jar, file:/Users/hpatel/.gradle/caches/modules-2/files-2.1/asm/asm-commons/3.1/1b607fbfe7889c6fdff1b7c16439ade0a60869ac/asm-commons-3.1.jar, file:/Users/hpatel/.gradle/caches/modules-2/files-2.1/asm/asm-tree/3.1/c9a5d4334ddf194ea492f22107d45119a5c5322f/asm-tree-3.1.jar, file:/Users/hpatel/.gradle/caches/modules-2/files-2.1/commons-lang/commons-lang/2.6/ce1edb914c94ebc388f086c6827e8bdeec71ac2/commons-lang-2.6.jar, file:/Users/hpatel/.gradle/caches/modules-2/files-2.1/org.mortbay.jetty/jetty/6.1.26.cloudera.4/d59325a5ff8ff18f7543bc3fbb9d5efa0c0ff521/jetty-6.1.26.cloudera.4.jar, file:/Users/hpatel/.gradle/caches/modules-2/files-2.1/org.mortbay.jetty/jetty-util/6.1.26.cloudera.4/b8507b7c5d3fd9a3d01775272cbf1a63f530c19d/jetty-util-6.1.26.cloudera.4.jar, file:/Users/hpatel/.gradle/caches/modules-2/files-2.1/net.java.dev.jets3t/jets3t/0.9.0/792bc96ee7e57b89f472aa0cb5a31015b9f59c96/jets3t-0.9.0.jar, file:/Users/hpatel/.gradle/caches/modules-2/files-2.1/com.jamesmurty.utils/java-xmlbuilder/0.4/ac5962e48cdee3a0a6e1f8e00fcb594747ac5aaf/java-xmlbuilder-0.4.jar, file:/Users/hpatel/.gradle/caches/modules-2/files-2.1/com.google.protobuf/protobuf-java/2.5.0/a10732c76bfacdbd633a7eb0f7968b1059a65dfa/protobuf-java-2.5.0.jar, file:/Users/hpatel/.gradle/caches/modules-2/files-2.1/org.apache.hive/hive-exec/0.13.1-cdh5.3.3/4d935274127f47dd9c0875efcf317ba49aef1219/hive-exec-0.13.1-cdh5.3.3.jar, file:/Users/hpatel/.gradle/caches/modules-2/files-2.1/org.apache.hive/hive-ant/0.13.1-cdh5.3.3/86954e92a903253177cd6935798c50a6c32b7b81/hive-ant-0.13.1-cdh5.3.3.jar, file:/Users/hpatel/.gradle/caches/modules-2/files-2.1/org.antlr/antlr-runtime/3.4/8f011408269a8e42b8548687e137d8eeb56df4b4/antlr-runtime-3.4.jar, file:/Users/hpatel/.gradle/caches/modules-2/files-2.1/org.antlr/ST4/4.0.4/467a2aa12be6d0f0f68c70eecf6714ab733027ac/ST4-4.0.4.jar, file:/Users/hpatel/.gradle/caches/modules-2/files-2.1/org.apache.ant/ant/1.9.1/35900c96dbebc85dcfbd71f4661059ebcf93c077/ant-1.9.1.jar, file:/Users/hpatel/.gradle/caches/modules-2/files-2.1/org.codehaus.groovy/groovy-all/2.1.6/165b8246372a829c1915611646f6d964010656cf/groovy-all-2.1.6.jar, file:/Users/hpatel/.gradle/caches/modules-2/files-2.1/stax/stax-api/1.0.1/49c100caf72d658aca8e58bd74a4ba90fa2b0d70/stax-api-1.0.1.jar, file:/Users/hpatel/.gradle/caches/modules-2/files-2.1/org.apache.velocity/velocity/1.5/9f306baf7523ffc0e81a6353d08a584d254133b/velocity-1.5.jar, file:/Users/hpatel/.gradle/caches/modules-2/files-2.1/org.antlr/stringtemplate/3.2.1/59ec8083721eae215c6f3caee944c410d2be34de/stringtemplate-3.2.1.jar, file:/Users/hpatel/.gradle/caches/modules-2/files-2.1/antlr/antlr/2.7.7/83cd2cd674a217ade95a4bb83a8a14f351f48bd0/antlr-2.7.7.jar, file:/Users/hpatel/.gradle/caches/modules-2/files-2.1/org.apache.ant/ant-launcher/1.9.1/7c71043ca185eaada9e36391dd022d92859327de/ant-launcher-1.9.1.jar, file:/Users/hpatel/.gradle/caches/modules-2/files-2.1/oro/oro/2.0.8/5592374f834645c4ae250f4c9fbb314c9369d698/oro-2.0.8.jar, file:/Users/hpatel/.gradle/caches/modules-2/files-2.1/org.codehaus.jackson/jackson-core-asl/1.9.13/3c304d70f42f832e0a86d45bd437f692129299a4/jackson-core-asl-1.9.13.jar, file:/Users/hpatel/.gradle/caches/modules-2/files-2.1/org.codehaus.jackson/jackson-mapper-asl/1.9.13/1ee2f2bed0e5dd29d1cb155a166e6f8d50bbddb7/jackson-mapper-asl-1.9.13.jar, file:/Users/hpatel/.gradle/caches/modules-2/files-2.1/org.slf4j/slf4j-api/1.7.6/562424e36df3d2327e8e9301a76027fca17d54ea/slf4j-api-1.7.6.jar, file:/Users/hpatel/.gradle/caches/modules-2/files-2.1/com.sun.jersey/jersey-server/1.14/b1a21724c9b708ed54d42d41bb19ff45ae1d49d9/jersey-server-1.14.jar, file:/Users/hpatel/.gradle/caches/modules-2/files-2.1/org.apache.httpcomponents/httpclient/4.2.5/666e26e76f2e87d84e4f16acb546481ae1b8e9a6/httpclient-4.2.5.jar, file:/Users/hpatel/.gradle/caches/modules-2/files-2.1/org.apache.zookeeper/zookeeper/3.4.6/1b2502e29da1ebaade2357cd1de35a855fa3755/zookeeper-3.4.6.jar, file:/Users/hpatel/.gradle/caches/modules-2/files-2.1/com.google.guava/guava/16.0.1/5fa98cd1a63c99a44dd8d3b77e4762b066a5d0c5/guava-16.0.1.jar, file:/Users/hpatel/.gradle/caches/modules-2/files-2.1/org.codehaus.jackson/jackson-jaxrs/1.8.8/71b16055388e9bd3991c3c3834e8e55098b789f1/jackson-jaxrs-1.8.8.jar, file:/Users/hpatel/.gradle/caches/modules-2/files-2.1/org.codehaus.jackson/jackson-xc/1.8.8/52efa08bc1e4cfea168f552b9e3088297d9d0926/jackson-xc-1.8.8.jar, file:/Users/hpatel/.gradle/caches/modules-2/files-2.1/org.apache.hive/hive-metastore/0.13.1-cdh5.3.3/ca93686a17f064a5ab6587799721cddd7836e53a/hive-metastore-0.13.1-cdh5.3.3.jar, file:/Users/hpatel/.gradle/caches/modules-2/files-2.1/com.jolbox/bonecp/0.8.0.RELEASE/cec24ee9345b3678472bb1b8fdd6aa6b9428beb8/bonecp-0.8.0.RELEASE.jar, file:/Users/hpatel/.gradle/caches/modules-2/files-2.1/org.apache.derby/derby/10.10.1.1/9f6f910f0373adc1b23c10f9b4bb151b7e7449f/derby-10.10.1.1.jar, file:/Users/hpatel/.gradle/caches/modules-2/files-2.1/javax.jdo/jdo-api/3.0.1/58e7a538e020b73871e232eeb064835fd98a492/jdo-api-3.0.1.jar, file:/Users/hpatel/.gradle/caches/modules-2/files-2.1/javax.transaction/jta/1.1/2ca09f0b36ca7d71b762e14ea2ff09d5eac57558/jta-1.1.jar, file:/Users/hpatel/.gradle/caches/modules-2/files-2.1/org.apache.thrift/libthrift/0.9.0/9ba8df332b5db95ce7f3b7a83e44d796c3d014d3/libthrift-0.9.0.jar, file:/Users/hpatel/.gradle/caches/modules-2/files-2.1/org.apache.httpcomponents/httpcore/4.2.4/3b7f38df6de5dd8b500e602ae8c2dd5ee446f883/httpcore-4.2.4.jar, file:/Users/hpatel/.gradle/caches/modules-2/files-2.1/com.sun.jersey/jersey-core/1.14/693061de8b9b352b11e997b1dd4052677778852d/jersey-core-1.14.jar, file:/Users/hpatel/.gradle/caches/modules-2/files-2.1/commons-codec/commons-codec/1.6/b7f0fc8f61ecadeb3695f0b9464755eee44374d4/commons-codec-1.6.jar, file:/Users/hpatel/.gradle/caches/modules-2/files-2.1/io.netty/netty/3.7.0.Final/7a8c35599c68c0bf383df74469aa3e03d9aca87/netty-3.7.0.Final.jar]
15/09/06 13:13:48 INFO mr.ExecMapper: thread classpath = [file:/Users/hpatel/.gradle/caches/2.1/workerMain/gradle-worker.jar, file:/Users/hpatel/Tech/Projects/CAT/ddsw_dev/hive-test/build/classes/test/, file:/Users/hpatel/Tech/Projects/CAT/ddsw_dev/hive-test/build/resources/test/, file:/Users/hpatel/Tech/Projects/CAT/ddsw_dev/hive-test/build/classes/main/, file:/Users/hpatel/Tech/Projects/CAT/ddsw_dev/hive-test/build/resources/main, file:/Users/hpatel/.gradle/caches/modules-2/files-2.1/junit/junit/4.11/4e031bb61df09069aeb2bffb4019e7a5034a4ee0/junit-4.11.jar, file:/Users/hpatel/.gradle/caches/modules-2/files-2.1/com.klarna/hiverunner/1.0.0/e26bb0655fff4d88fab91f331793d9fc1db392cc/HiveRunner-1.0.0.jar, file:/Users/hpatel/Tech/Projects/CAT/ddsw_dev/custom-cat-udfs/build/libs/custom-cat-udfs-0.1.38-SNAPSHOT.jar, file:/Users/hpatel/.gradle/caches/modules-2/files-2.1/org.apache.hadoop/hadoop-client/2.5.0-cdh5.3.3/ec3cd6a8cb043e73a42918934c5d3a3f2747c78b/hadoop-client-2.5.0-cdh5.3.3.jar, file:/Users/hpatel/.gradle/caches/modules-2/files-2.1/org.hsqldb/hsqldb/2.3.1/bd7153caa30958e1c64a3dd38b93e5a7442d9a0e/hsqldb-2.3.1.jar, file:/Users/hpatel/.gradle/caches/modules-2/files-2.1/org.apache.hadoop/hadoop-core/2.5.0-mr1-cdh5.3.3/f6f4a77f818757da51ae0244310855779c04c4be/hadoop-core-2.5.0-mr1-cdh5.3.3.jar, file:/Users/hpatel/.gradle/caches/modules-2/files-2.1/org.reflections/reflections/0.9.8/f723abb59bf512952bfc503838f70f81487a6993/reflections-0.9.8.jar, file:/Users/hpatel/.gradle/caches/modules-2/files-2.1/org.mockito/mockito-core/1.10.19/e8546f5bef4e061d8dd73895b4e8f40e3fe6effe/mockito-core-1.10.19.jar, file:/Users/hpatel/.gradle/caches/modules-2/files-2.1/org.hamcrest/hamcrest-core/1.3/42a25dc3219429f0e5d060061f71acb49bf010a0/hamcrest-core-1.3.jar, file:/Users/hpatel/.gradle/caches/modules-2/files-2.1/org.pentaho/pentaho-aggdesigner-algorithm/5.1.5-jhyde/c52379c645c6c85300e645dff7c72653bf85baa2/pentaho-aggdesigner-algorithm-5.1.5-jhyde.jar, file:/Users/hpatel/.gradle/caches/modules-2/files-2.1/org.apache.hive/hive-serde/0.13.1-cdh5.3.3/9cee47c844d726e9bcef6ab292e1319b7fbddaa3/hive-serde-0.13.1-cdh5.3.3.jar, file:/Users/hpatel/.gradle/caches/modules-2/files-2.1/org.apache.hadoop/hadoop-common/2.5.0-cdh5.3.3/f0862eb1dc33c1807ea29a248af75551e3c6836a/hadoop-common-2.5.0-cdh5.3.3.jar, file:/Users/hpatel/.gradle/caches/modules-2/files-2.1/org.apache.hive/hive-contrib/0.13.1-cdh5.3.3/bf89b429c9b173ac275dc0c1623f5c30e780ee98/hive-contrib-0.13.1-cdh5.3.3.jar, file:/Users/hpatel/.gradle/caches/modules-2/files-2.1/org.datanucleus/datanucleus-core/3.2.12/3212183bb5a2826cd5ff194b9a54619dd0bdf31f/datanucleus-core-3.2.12.jar, file:/Users/hpatel/.gradle/caches/modules-2/files-2.1/org.datanucleus/datanucleus-rdbms/3.2.11/5b053144c89fdff1505b853aa7f1e5ba7657da75/datanucleus-rdbms-3.2.11.jar, file:/Users/hpatel/.gradle/caches/modules-2/files-2.1/org.datanucleus/datanucleus-api-jdo/3.2.8/efc60221fbc91e95cf5758b98c6c5531660696cb/datanucleus-api-jdo-3.2.8.jar, file:/Users/hpatel/.gradle/caches/modules-2/files-2.1/org.apache.hive/hive-shims/0.13.1-cdh5.3.3/47b029532c0b9d45526dcdd858823e6f9634ab81/hive-shims-0.13.1-cdh5.3.3.jar, file:/Users/hpatel/.gradle/caches/modules-2/files-2.1/org.apache.commons/commons-lang3/3.3.1/6738a2da2202ce360f0af90aba005c1e05a2c4cd/commons-lang3-3.3.1.jar, file:/Users/hpatel/.gradle/caches/modules-2/files-2.1/joda-time/joda-time/2.3/56498efd17752898cfcc3868c1b6211a07b12b8f/joda-time-2.3.jar, file:/Users/hpatel/.gradle/caches/modules-2/files-2.1/org.apache.hadoop/hadoop-hdfs/2.5.0-cdh5.3.3/5dd5e2be13d89a9eaab89d3a33bcdf6677671aa9/hadoop-hdfs-2.5.0-cdh5.3.3.jar, file:/Users/hpatel/.gradle/caches/modules-2/files-2.1/org.apache.hadoop/hadoop-mapreduce-client-app/2.5.0-cdh5.3.3/579948f8fa6d9d72bf507bd021fa3dcc0670e95f/hadoop-mapreduce-client-app-2.5.0-cdh5.3.3.jar, file:/Users/hpatel/.gradle/caches/modules-2/files-2.1/org.apache.hadoop/hadoop-yarn-api/2.5.0-cdh5.3.3/a6d9b4b7cbcacd000350a3e33c70269101b5fc79/hadoop-yarn-api-2.5.0-cdh5.3.3.jar, file:/Users/hpatel/.gradle/caches/modules-2/files-2.1/org.apache.hadoop/hadoop-mapreduce-client-core/2.5.0-cdh5.3.3/f2c8eaa2b8a5839a7781f04cf59c4d1abfefec9e/hadoop-mapreduce-client-core-2.5.0-cdh5.3.3.jar, file:/Users/hpatel/.gradle/caches/modules-2/files-2.1/org.apache.hadoop/hadoop-mapreduce-client-jobclient/2.5.0-cdh5.3.3/f8baecab9a91245a97e29e4867a7f5ae128ef8a9/hadoop-mapreduce-client-jobclient-2.5.0-cdh5.3.3.jar, file:/Users/hpatel/.gradle/caches/modules-2/files-2.1/org.apache.hadoop/hadoop-aws/2.5.0-cdh5.3.3/f712d9cf59c859914254bed5c87ee4e5a2204e78/hadoop-aws-2.5.0-cdh5.3.3.jar, file:/Users/hpatel/.gradle/caches/modules-2/files-2.1/org.apache.hadoop/hadoop-annotations/2.5.0-cdh5.3.3/e3b40743127d82ff7a6f263d00419368a46ce608/hadoop-annotations-2.5.0-cdh5.3.3.jar, file:/Users/hpatel/.gradle/caches/modules-2/files-2.1/commons-collections/commons-collections/3.2.1/761ea405b9b37ced573d2df0d1e3a4e0f9edc668/commons-collections-3.2.1.jar, file:/Users/hpatel/.gradle/caches/modules-2/files-2.1/commons-configuration/commons-configuration/1.6/32cadde23955d7681b0d94a2715846d20b425235/commons-configuration-1.6.jar, file:/Users/hpatel/.gradle/caches/modules-2/files-2.1/jline/jline/0.9.94/99a18e9a44834afdebc467294e1138364c207402/jline-0.9.94.jar, file:/Users/hpatel/.gradle/caches/modules-2/files-2.1/commons-cli/commons-cli/1.2/2bf96b7aa8b611c177d329452af1dc933e14501c/commons-cli-1.2.jar, file:/Users/hpatel/.gradle/caches/modules-2/files-2.1/xmlenc/xmlenc/0.52/d82554efbe65906d83b3d97bd7509289e9db561a/xmlenc-0.52.jar, file:/Users/hpatel/.gradle/caches/modules-2/files-2.1/commons-httpclient/commons-httpclient/3.1/964cd74171f427720480efdec40a7c7f6e58426a/commons-httpclient-3.1.jar, file:/Users/hpatel/.gradle/caches/modules-2/files-2.1/commons-net/commons-net/3.1/2298164a7c2484406f2aa5ac85b205d39019896f/commons-net-3.1.jar, file:/Users/hpatel/.gradle/caches/modules-2/files-2.1/tomcat/jasper-runtime/5.5.23/96ca5528a93ab47b001476b74320c644beb89dde/jasper-runtime-5.5.23.jar, file:/Users/hpatel/.gradle/caches/modules-2/files-2.1/tomcat/jasper-compiler/5.5.23/6d35bd7fb8c4fbc1f5401fb3678aa976d2e4c241/jasper-compiler-5.5.23.jar, file:/Users/hpatel/.gradle/caches/modules-2/files-2.1/javax.servlet.jsp/jsp-api/2.1/63f943103f250ef1f3a4d5e94d145a0f961f5316/jsp-api-2.1.jar, file:/Users/hpatel/.gradle/caches/modules-2/files-2.1/commons-el/commons-el/1.0/1df2c042b3f2de0124750241ac6c886dbfa2cc2c/commons-el-1.0.jar, file:/Users/hpatel/.gradle/caches/modules-2/files-2.1/javax.servlet/servlet-api/2.5/5959582d97d8b61f4d154ca9e495aafd16726e34/servlet-api-2.5.jar, file:/Users/hpatel/.gradle/caches/modules-2/files-2.1/hsqldb/hsqldb/1.8.0.10/7e9978fdb754bce5fcd5161133e7734ecb683036/hsqldb-1.8.0.10.jar, file:/Users/hpatel/.gradle/caches/modules-2/files-2.1/org.eclipse.jdt/core/3.1.1/88c83ce444cf46d02494da37c9fa1eebc9ce9cea/core-3.1.1.jar, file:/Users/hpatel/.gradle/caches/modules-2/files-2.1/javassist/javassist/3.12.1.GA/526633327faa61aee448a519e8a4d53ec3057885/javassist-3.12.1.GA.jar, file:/Users/hpatel/.gradle/caches/modules-2/files-2.1/dom4j/dom4j/1.6.1/5d3ccc056b6f056dbf0dddfdf43894b9065a8f94/dom4j-1.6.1.jar, file:/Users/hpatel/.gradle/caches/modules-2/files-2.1/org.objenesis/objenesis/2.1/87c0ea803b69252868d09308b4618f766f135a96/objenesis-2.1.jar, file:/Users/hpatel/.gradle/caches/modules-2/files-2.1/commons-logging/commons-logging/1.1.3/f6f66e966c70a83ffbdb6f17a0919eaf7c8aca7f/commons-logging-1.1.3.jar, file:/Users/hpatel/.gradle/caches/modules-2/files-2.1/org.apache.hive/hive-common/0.13.1-cdh5.3.3/e3fbf24d30a553c50ae4d4eed23f81b0e1211c5a/hive-common-0.13.1-cdh5.3.3.jar, file:/Users/hpatel/.gradle/caches/modules-2/files-2.1/org.apache.avro/avro/1.7.6-cdh5.3.3/6d90271293977d199ed07002bf35e2805405cc64/avro-1.7.6-cdh5.3.3.jar, file:/Users/hpatel/.gradle/caches/modules-2/files-2.1/net.sf.opencsv/opencsv/2.3/c23708cdb9e80a144db433e23344a788a1fd6599/opencsv-2.3.jar, file:/Users/hpatel/.gradle/caches/modules-2/files-2.1/com.sun.jersey/jersey-servlet/1.14/4b87041a59ee152757b62e47a21d5b63fde20ffe/jersey-servlet-1.14.jar, file:/Users/hpatel/.gradle/caches/modules-2/files-2.1/org.slf4j/slf4j-log4j12/1.7.5/6edffc576ce104ec769d954618764f39f0f0f10d/slf4j-log4j12-1.7.5.jar, file:/Users/hpatel/.gradle/caches/modules-2/files-2.1/org.apache.commons/commons-math3/3.1.1/6719d757a98ff24a83d9d727bef9cec83f59b6e1/commons-math3-3.1.1.jar, file:/Users/hpatel/.gradle/caches/modules-2/files-2.1/commons-io/commons-io/2.4/b1b6ea3b7e4aa4f492509a4952029cd8e48019ad/commons-io-2.4.jar, file:/Users/hpatel/.gradle/caches/modules-2/files-2.1/com.sun.jersey/jersey-json/1.9/1aa73e1896bcc7013fed247157d7f676226eb432/jersey-json-1.9.jar, file:/Users/hpatel/.gradle/caches/modules-2/files-2.1/log4j/log4j/1.2.17/5af35056b4d257e4b64b9e8069c0746e8b08629f/log4j-1.2.17.jar, file:/Users/hpatel/.gradle/caches/modules-2/files-2.1/com.google.code.gson/gson/2.2.4/a60a5e993c98c864010053cb901b7eab25306568/gson-2.2.4.jar, file:/Users/hpatel/.gradle/caches/modules-2/files-2.1/org.apache.hadoop/hadoop-auth/2.5.0-cdh5.3.3/847eb288da72acfdd7d202da5149dec6cd20ceba/hadoop-auth-2.5.0-cdh5.3.3.jar, file:/Users/hpatel/.gradle/caches/modules-2/files-2.1/com.jcraft/jsch/0.1.42/a86104b0f2e0c0bab5b0df836065823a99b5e334/jsch-0.1.42.jar, file:/Users/hpatel/.gradle/caches/modules-2/files-2.1/org.apache.curator/curator-client/2.6.0/b9007c357ad1a78066fc6004e8b1feaa2318f6f3/curator-client-2.6.0.jar, file:/Users/hpatel/.gradle/caches/modules-2/files-2.1/org.apache.curator/curator-recipes/2.6.0/8736b0fc42e6bf006d585fe85c90aaa4ade5cbef/curator-recipes-2.6.0.jar, file:/Users/hpatel/.gradle/caches/modules-2/files-2.1/com.google.code.findbugs/jsr305/1.3.9/40719ea6961c0cb6afaeb6a921eaa1f6afd4cfdf/jsr305-1.3.9.jar, file:/Users/hpatel/.gradle/caches/modules-2/files-2.1/org.apache.commons/commons-compress/1.4.1/b02e84a993d88568417536240e970c4b809126fd/commons-compress-1.4.1.jar, file:/Users/hpatel/.gradle/caches/modules-2/files-2.1/org.apache.hive.shims/hive-shims-common/0.13.1-cdh5.3.3/3d9e5245018fbde18f52c4ab25fc35afdec2fc0a/hive-shims-common-0.13.1-cdh5.3.3.jar, file:/Users/hpatel/.gradle/caches/modules-2/files-2.1/org.apache.hive.shims/hive-shims-common-secure/0.13.1-cdh5.3.3/6b29a16b2a41b89bdbbc681c257ad7f766a90bcb/hive-shims-common-secure-0.13.1-cdh5.3.3.jar, file:/Users/hpatel/.gradle/caches/modules-2/files-2.1/org.apache.hive.shims/hive-shims-0.23/0.13.1-cdh5.3.3/7ab834955a767af200d1d9151c204751637d9ca9/hive-shims-0.23-0.13.1-cdh5.3.3.jar, file:/Users/hpatel/.gradle/caches/modules-2/files-2.1/org.apache.hive.shims/hive-shims-scheduler/0.13.1-cdh5.3.3/b6644420b74f936a838f7f3fd2fa19c19add0449/hive-shims-scheduler-0.13.1-cdh5.3.3.jar, file:/Users/hpatel/.gradle/caches/modules-2/files-2.1/org.apache.hadoop/hadoop-mapreduce-client-common/2.5.0-cdh5.3.3/f0d777bb76ca9f540c0c81a45934f0f5cf9975b8/hadoop-mapreduce-client-common-2.5.0-cdh5.3.3.jar, file:/Users/hpatel/.gradle/caches/modules-2/files-2.1/org.apache.hadoop/hadoop-mapreduce-client-shuffle/2.5.0-cdh5.3.3/b6c4316f6fcc406edf7e5bd77c50e46034ad5519/hadoop-mapreduce-client-shuffle-2.5.0-cdh5.3.3.jar, file:/Users/hpatel/.gradle/caches/modules-2/files-2.1/org.apache.hadoop/hadoop-yarn-common/2.5.0-cdh5.3.3/9499713b674eae1aa714fcd0e95e0d09daaf3824/hadoop-yarn-common-2.5.0-cdh5.3.3.jar, file:/Users/hpatel/.gradle/caches/modules-2/files-2.1/com.fasterxml.jackson.core/jackson-databind/2.2.3/3ae380888029daefb91d3ecdca3a37d8cb92bc9/jackson-databind-2.2.3.jar, file:/Users/hpatel/.gradle/caches/modules-2/files-2.1/com.fasterxml.jackson.core/jackson-annotations/2.2.3/527fece4f23a457070a36c371a26d6c0208e1c3/jackson-annotations-2.2.3.jar, file:/Users/hpatel/.gradle/caches/modules-2/files-2.1/com.amazonaws/aws-java-sdk/1.7.4/2c24ccb6f1ab845a7df971951d4b41c709a6517d/aws-java-sdk-1.7.4.jar, file:/Users/hpatel/.gradle/caches/modules-2/files-2.1/commons-digester/commons-digester/1.8/dc6a73fdbd1fa3f0944e8497c6c872fa21dca37e/commons-digester-1.8.jar, file:/Users/hpatel/.gradle/caches/modules-2/files-2.1/commons-beanutils/commons-beanutils-core/1.8.0/175dc721f87e4bc5cc0573f990e28c3cf9117508/commons-beanutils-core-1.8.0.jar, file:/Users/hpatel/.gradle/caches/modules-2/files-2.1/xml-apis/xml-apis/1.0.b2/3136ca936f64c9d68529f048c2618bd356bf85c9/xml-apis-1.0.b2.jar, file:/Users/hpatel/.gradle/caches/modules-2/files-2.1/com.thoughtworks.paranamer/paranamer/2.3/4a85963a752c0a2f715c3924bfc686865e7e1bc6/paranamer-2.3.jar, file:/Users/hpatel/.gradle/caches/modules-2/files-2.1/org.xerial.snappy/snappy-java/1.0.5/10cb4550360a0ec6b80f09a5209d00b6058e82bf/snappy-java-1.0.5.jar, file:/Users/hpatel/.gradle/caches/modules-2/files-2.1/org.codehaus.jettison/jettison/1.1/1a01a2a1218fcf9faa2cc2a6ced025bdea687262/jettison-1.1.jar, file:/Users/hpatel/.gradle/caches/modules-2/files-2.1/com.sun.xml.bind/jaxb-impl/2.2.3-1/56baae106392040a45a06d4a41099173425da1e6/jaxb-impl-2.2.3-1.jar, file:/Users/hpatel/.gradle/caches/modules-2/files-2.1/org.apache.directory.server/apacheds-kerberos-codec/2.0.0-M15/1c16e4e477183641c5f0dd5cdecd27ec331bacb5/apacheds-kerberos-codec-2.0.0-M15.jar, file:/Users/hpatel/.gradle/caches/modules-2/files-2.1/org.apache.curator/curator-framework/2.6.0/81a699c39d127b5b4ff97cc77da7650b53e5b5ed/curator-framework-2.6.0.jar, file:/Users/hpatel/.gradle/caches/modules-2/files-2.1/org.tukaani/xz/1.0/ecff5cb8b1189514c9d1d8d68eb77ac372e000c9/xz-1.0.jar, file:/Users/hpatel/.gradle/caches/modules-2/files-2.1/org.apache.hadoop/hadoop-yarn-client/2.5.0-cdh5.3.3/2d2ce5d0138d02b20aefcfc1ee8dd6f691911f63/hadoop-yarn-client-2.5.0-cdh5.3.3.jar, file:/Users/hpatel/.gradle/caches/modules-2/files-2.1/org.apache.hadoop/hadoop-yarn-server-common/2.5.0-cdh5.3.3/d099fcc19f56d477fa6b5b47ae4e06bb97538778/hadoop-yarn-server-common-2.5.0-cdh5.3.3.jar, file:/Users/hpatel/.gradle/caches/modules-2/files-2.1/org.apache.hadoop/hadoop-yarn-server-nodemanager/2.5.0-cdh5.3.3/278b2d7a6454ce57a94ab02a88c0b188afc8facc/hadoop-yarn-server-nodemanager-2.5.0-cdh5.3.3.jar, file:/Users/hpatel/.gradle/caches/modules-2/files-2.1/org.fusesource.leveldbjni/leveldbjni-all/1.8/707350a2eeb1fa2ed77a32ddb3893ed308e941db/leveldbjni-all-1.8.jar, file:/Users/hpatel/.gradle/caches/modules-2/files-2.1/javax.xml.bind/jaxb-api/2.2.2/aeb3021ca93dde265796d82015beecdcff95bf09/jaxb-api-2.2.2.jar, file:/Users/hpatel/.gradle/caches/modules-2/files-2.1/com.google.inject/guice/3.0/9d84f15fe35e2c716a02979fb62f50a29f38aefa/guice-3.0.jar, file:/Users/hpatel/.gradle/caches/modules-2/files-2.1/com.sun.jersey.contribs/jersey-guice/1.9/5963c28c47df7e5d6ad34cec80c071c368777f7b/jersey-guice-1.9.jar, file:/Users/hpatel/.gradle/caches/modules-2/files-2.1/com.fasterxml.jackson.core/jackson-core/2.2.3/1a0113da2cab5f4c216b4e5e7c1dbfaa67087e14/jackson-core-2.2.3.jar, file:/Users/hpatel/.gradle/caches/modules-2/files-2.1/commons-beanutils/commons-beanutils/1.7.0/5675fd96b29656504b86029551973d60fb41339b/commons-beanutils-1.7.0.jar, file:/Users/hpatel/.gradle/caches/modules-2/files-2.1/org.apache.directory.server/apacheds-i18n/2.0.0-M15/71c61c84683152ec2a6a65f3f96fe534e304fa22/apacheds-i18n-2.0.0-M15.jar, file:/Users/hpatel/.gradle/caches/modules-2/files-2.1/org.apache.directory.api/api-asn1-api/1.0.0-M20/5e6486ffa3125ba44dc410ead166e1d6ba8ac76d/api-asn1-api-1.0.0-M20.jar, file:/Users/hpatel/.gradle/caches/modules-2/files-2.1/org.apache.directory.api/api-util/1.0.0-M20/a871abf060b3cf83fc6dc4d7e3d151fce50ac3cb/api-util-1.0.0-M20.jar, file:/Users/hpatel/.gradle/caches/modules-2/files-2.1/com.sun.jersey/jersey-client/1.9/d3c4b2b5f89db32c96ceddcb863684821910a7bb/jersey-client-1.9.jar, file:/Users/hpatel/.gradle/caches/modules-2/files-2.1/javax.xml.stream/stax-api/1.0-2/d6337b0de8b25e53e81b922352fbea9f9f57ba0b/stax-api-1.0-2.jar, file:/Users/hpatel/.gradle/caches/modules-2/files-2.1/javax.activation/activation/1.1/e6cb541461c2834bdea3eb920f1884d1eb508b50/activation-1.1.jar, file:/Users/hpatel/.gradle/caches/modules-2/files-2.1/javax.inject/javax.inject/1/6975da39a7040257bd51d21a231b76c915872d38/javax.inject-1.jar, file:/Users/hpatel/.gradle/caches/modules-2/files-2.1/aopalliance/aopalliance/1.0/235ba8b489512805ac13a8f9ea77a1ca5ebe3e8/aopalliance-1.0.jar, file:/Users/hpatel/.gradle/caches/modules-2/files-2.1/org.sonatype.sisu.inject/cglib/2.2.1-v20090111/7ce5e983fd0e6c78346f4c9cbfa39d83049dda2/cglib-2.2.1-v20090111.jar, file:/Users/hpatel/.gradle/caches/modules-2/files-2.1/asm/asm/3.1/c157def142714c544bdea2e6144645702adf7097/asm-3.1.jar, file:/Users/hpatel/.gradle/caches/modules-2/files-2.1/org.apache.hive/hive-service/0.13.1-cdh5.3.3/c7979b4213bfb62823d43ba726e0fea58032dd1e/hive-service-0.13.1-cdh5.3.3.jar, file:/Users/hpatel/.gradle/caches/modules-2/files-2.1/net.sf.jpam/jpam/1.1/cb3d91c2dfda767518a371dbb02edfd6a4aa0600/jpam-1.1.jar, file:/Users/hpatel/.gradle/caches/modules-2/files-2.1/org.eclipse.jetty.aggregate/jetty-all/7.6.0.v20120127/47bb68e3837e5c6422138dd1e0d4d75c60dce87a/jetty-all-7.6.0.v20120127.jar, file:/Users/hpatel/.gradle/caches/modules-2/files-2.1/org.apache.thrift/libfb303/0.9.0/639bd69767fdbd7f658ce8233248fe1cea635164/libfb303-0.9.0.jar, file:/Users/hpatel/.gradle/caches/modules-2/files-2.1/org.apache.geronimo.specs/geronimo-jta_1.1_spec/1.1.1/aabab3165b8ea936b9360abbf448459c0d04a5a4/geronimo-jta_1.1_spec-1.1.1.jar, file:/Users/hpatel/.gradle/caches/modules-2/files-2.1/javax.mail/mail/1.4.1/8b7bc69010655425dabf091b51d1e90b4de36715/mail-1.4.1.jar, file:/Users/hpatel/.gradle/caches/modules-2/files-2.1/org.apache.geronimo.specs/geronimo-jaspic_1.0_spec/1.0/44b95be7dae1147716dce5336419eafade880756/geronimo-jaspic_1.0_spec-1.0.jar, file:/Users/hpatel/.gradle/caches/modules-2/files-2.1/org.apache.geronimo.specs/geronimo-annotation_1.0_spec/1.1.1/47caa799389f69d297b86bf90523d431599c3796/geronimo-annotation_1.0_spec-1.1.1.jar, file:/Users/hpatel/.gradle/caches/modules-2/files-2.1/asm/asm-commons/3.1/1b607fbfe7889c6fdff1b7c16439ade0a60869ac/asm-commons-3.1.jar, file:/Users/hpatel/.gradle/caches/modules-2/files-2.1/asm/asm-tree/3.1/c9a5d4334ddf194ea492f22107d45119a5c5322f/asm-tree-3.1.jar, file:/Users/hpatel/.gradle/caches/modules-2/files-2.1/commons-lang/commons-lang/2.6/ce1edb914c94ebc388f086c6827e8bdeec71ac2/commons-lang-2.6.jar, file:/Users/hpatel/.gradle/caches/modules-2/files-2.1/org.mortbay.jetty/jetty/6.1.26.cloudera.4/d59325a5ff8ff18f7543bc3fbb9d5efa0c0ff521/jetty-6.1.26.cloudera.4.jar, file:/Users/hpatel/.gradle/caches/modules-2/files-2.1/org.mortbay.jetty/jetty-util/6.1.26.cloudera.4/b8507b7c5d3fd9a3d01775272cbf1a63f530c19d/jetty-util-6.1.26.cloudera.4.jar, file:/Users/hpatel/.gradle/caches/modules-2/files-2.1/net.java.dev.jets3t/jets3t/0.9.0/792bc96ee7e57b89f472aa0cb5a31015b9f59c96/jets3t-0.9.0.jar, file:/Users/hpatel/.gradle/caches/modules-2/files-2.1/com.jamesmurty.utils/java-xmlbuilder/0.4/ac5962e48cdee3a0a6e1f8e00fcb594747ac5aaf/java-xmlbuilder-0.4.jar, file:/Users/hpatel/.gradle/caches/modules-2/files-2.1/com.google.protobuf/protobuf-java/2.5.0/a10732c76bfacdbd633a7eb0f7968b1059a65dfa/protobuf-java-2.5.0.jar, file:/Users/hpatel/.gradle/caches/modules-2/files-2.1/org.apache.hive/hive-exec/0.13.1-cdh5.3.3/4d935274127f47dd9c0875efcf317ba49aef1219/hive-exec-0.13.1-cdh5.3.3.jar, file:/Users/hpatel/.gradle/caches/modules-2/files-2.1/org.apache.hive/hive-ant/0.13.1-cdh5.3.3/86954e92a903253177cd6935798c50a6c32b7b81/hive-ant-0.13.1-cdh5.3.3.jar, file:/Users/hpatel/.gradle/caches/modules-2/files-2.1/org.antlr/antlr-runtime/3.4/8f011408269a8e42b8548687e137d8eeb56df4b4/antlr-runtime-3.4.jar, file:/Users/hpatel/.gradle/caches/modules-2/files-2.1/org.antlr/ST4/4.0.4/467a2aa12be6d0f0f68c70eecf6714ab733027ac/ST4-4.0.4.jar, file:/Users/hpatel/.gradle/caches/modules-2/files-2.1/org.apache.ant/ant/1.9.1/35900c96dbebc85dcfbd71f4661059ebcf93c077/ant-1.9.1.jar, file:/Users/hpatel/.gradle/caches/modules-2/files-2.1/org.codehaus.groovy/groovy-all/2.1.6/165b8246372a829c1915611646f6d964010656cf/groovy-all-2.1.6.jar, file:/Users/hpatel/.gradle/caches/modules-2/files-2.1/stax/stax-api/1.0.1/49c100caf72d658aca8e58bd74a4ba90fa2b0d70/stax-api-1.0.1.jar, file:/Users/hpatel/.gradle/caches/modules-2/files-2.1/org.apache.velocity/velocity/1.5/9f306baf7523ffc0e81a6353d08a584d254133b/velocity-1.5.jar, file:/Users/hpatel/.gradle/caches/modules-2/files-2.1/org.antlr/stringtemplate/3.2.1/59ec8083721eae215c6f3caee944c410d2be34de/stringtemplate-3.2.1.jar, file:/Users/hpatel/.gradle/caches/modules-2/files-2.1/antlr/antlr/2.7.7/83cd2cd674a217ade95a4bb83a8a14f351f48bd0/antlr-2.7.7.jar, file:/Users/hpatel/.gradle/caches/modules-2/files-2.1/org.apache.ant/ant-launcher/1.9.1/7c71043ca185eaada9e36391dd022d92859327de/ant-launcher-1.9.1.jar, file:/Users/hpatel/.gradle/caches/modules-2/files-2.1/oro/oro/2.0.8/5592374f834645c4ae250f4c9fbb314c9369d698/oro-2.0.8.jar, file:/Users/hpatel/.gradle/caches/modules-2/files-2.1/org.codehaus.jackson/jackson-core-asl/1.9.13/3c304d70f42f832e0a86d45bd437f692129299a4/jackson-core-asl-1.9.13.jar, file:/Users/hpatel/.gradle/caches/modules-2/files-2.1/org.codehaus.jackson/jackson-mapper-asl/1.9.13/1ee2f2bed0e5dd29d1cb155a166e6f8d50bbddb7/jackson-mapper-asl-1.9.13.jar, file:/Users/hpatel/.gradle/caches/modules-2/files-2.1/org.slf4j/slf4j-api/1.7.6/562424e36df3d2327e8e9301a76027fca17d54ea/slf4j-api-1.7.6.jar, file:/Users/hpatel/.gradle/caches/modules-2/files-2.1/com.sun.jersey/jersey-server/1.14/b1a21724c9b708ed54d42d41bb19ff45ae1d49d9/jersey-server-1.14.jar, file:/Users/hpatel/.gradle/caches/modules-2/files-2.1/org.apache.httpcomponents/httpclient/4.2.5/666e26e76f2e87d84e4f16acb546481ae1b8e9a6/httpclient-4.2.5.jar, file:/Users/hpatel/.gradle/caches/modules-2/files-2.1/org.apache.zookeeper/zookeeper/3.4.6/1b2502e29da1ebaade2357cd1de35a855fa3755/zookeeper-3.4.6.jar, file:/Users/hpatel/.gradle/caches/modules-2/files-2.1/com.google.guava/guava/16.0.1/5fa98cd1a63c99a44dd8d3b77e4762b066a5d0c5/guava-16.0.1.jar, file:/Users/hpatel/.gradle/caches/modules-2/files-2.1/org.codehaus.jackson/jackson-jaxrs/1.8.8/71b16055388e9bd3991c3c3834e8e55098b789f1/jackson-jaxrs-1.8.8.jar, file:/Users/hpatel/.gradle/caches/modules-2/files-2.1/org.codehaus.jackson/jackson-xc/1.8.8/52efa08bc1e4cfea168f552b9e3088297d9d0926/jackson-xc-1.8.8.jar, file:/Users/hpatel/.gradle/caches/modules-2/files-2.1/org.apache.hive/hive-metastore/0.13.1-cdh5.3.3/ca93686a17f064a5ab6587799721cddd7836e53a/hive-metastore-0.13.1-cdh5.3.3.jar, file:/Users/hpatel/.gradle/caches/modules-2/files-2.1/com.jolbox/bonecp/0.8.0.RELEASE/cec24ee9345b3678472bb1b8fdd6aa6b9428beb8/bonecp-0.8.0.RELEASE.jar, file:/Users/hpatel/.gradle/caches/modules-2/files-2.1/org.apache.derby/derby/10.10.1.1/9f6f910f0373adc1b23c10f9b4bb151b7e7449f/derby-10.10.1.1.jar, file:/Users/hpatel/.gradle/caches/modules-2/files-2.1/javax.jdo/jdo-api/3.0.1/58e7a538e020b73871e232eeb064835fd98a492/jdo-api-3.0.1.jar, file:/Users/hpatel/.gradle/caches/modules-2/files-2.1/javax.transaction/jta/1.1/2ca09f0b36ca7d71b762e14ea2ff09d5eac57558/jta-1.1.jar, file:/Users/hpatel/.gradle/caches/modules-2/files-2.1/org.apache.thrift/libthrift/0.9.0/9ba8df332b5db95ce7f3b7a83e44d796c3d014d3/libthrift-0.9.0.jar, file:/Users/hpatel/.gradle/caches/modules-2/files-2.1/org.apache.httpcomponents/httpcore/4.2.4/3b7f38df6de5dd8b500e602ae8c2dd5ee446f883/httpcore-4.2.4.jar, file:/Users/hpatel/.gradle/caches/modules-2/files-2.1/com.sun.jersey/jersey-core/1.14/693061de8b9b352b11e997b1dd4052677778852d/jersey-core-1.14.jar, file:/Users/hpatel/.gradle/caches/modules-2/files-2.1/commons-codec/commons-codec/1.6/b7f0fc8f61ecadeb3695f0b9464755eee44374d4/commons-codec-1.6.jar, file:/Users/hpatel/.gradle/caches/modules-2/files-2.1/io.netty/netty/3.7.0.Final/7a8c35599c68c0bf383df74469aa3e03d9aca87/netty-3.7.0.Final.jar]
15/09/06 13:13:48 INFO mr.ObjectCache: Ignoring retrieval request: __MAP_PLAN__
15/09/06 13:13:48 INFO mr.ObjectCache: Ignoring cache key: __MAP_PLAN__
15/09/06 13:13:48 INFO avro.AvroSerDe: Avro schema is {"type":"record","name":"DEALER_HIERARCHY_CORE","doc":"Sqoop import of DEALER_HIERARCHY","fields":[{"name":"File_Name","type":["string","null"],"columnName":"File_Name"},{"name":"GEN_ID","type":["string","null"],"columnName":"GEN_ID"},{"name":"DMS_SYSTEM","type":["string","null"],"columnName":"DMS_SYSTEM"},{"name":"DMS_VERSION","type":["string","null"],"columnName":"DMS_VERSION"},{"name":"TRANSMIT_TS","type":["string","null"],"columnName":"TRANSMIT_TS"},{"name":"ORIG_TRANSMIT_TS","type":["string","null"],"columnName":"TRANSMIT_TS"},{"name":"TRANSMIT_BY","type":["string","null"],"columnName":"TRANSMIT_BY"},{"name":"RECORD_STATUS","type":["string","null"],"columnName":"RECORD_STATUS"},{"name":"DEALER_UPDT_IND","type":["string","null"],"columnName":"DEALER_UPDT_IND","sqlType":"1"},{"name":"STORE_NUMBER","type":["string","null"],"columnName":"STORE_NUMBER"},{"name":"PART_TYPE","type":["string","null"],"columnName":"PART_TYPE"},{"name":"STORE_NAME","type":["string","null"],"columnName":"STORE_NAME"},{"name":"INVENTORY_STORE_NUMBER","type":["string","null"],"columnName":"INVENTORY_STORE_NUMBER"},{"name":"CAT_EMRG_DEALER_CODE","type":["string","null"],"columnName":"CAT_EMRG_DEALER_CODE"},{"name":"CAT_STOCK_DEALER_CODE","type":["string","null"],"columnName":"CAT_STOCK_DEALER_CODE"},{"name":"STOCK_REPLEN_STORE_NUMBER","type":["string","null"],"columnName":"STOCK_REPLEN_STORE_NUMBER"},{"name":"STOCK_REPLEN_LEAD_TIME","type":["string","null"],"columnName":"STOCK_REPLEN_LEAD_TIME"},{"name":"LST_UPDT_TS","type":["string","null"],"columnName":"LST_UPDT_TS"},{"name":"ORIG_LST_UPDT_TS","type":["string","null"],"columnName":"ORIG_LST_UPDT_TS"},{"name":"LST_UPDT_BY_ID","type":["string","null"],"columnName":"LST_UPDT_BY_ID"},{"name":"FILE_INS_TS","type":["string","null"],"columnName":"FILE_INS_TS"},{"name":"ORIG_FILE_INS_TS","type":["string","null"],"columnName":"ORIG_FILE_INS_TS"},{"name":"EXP_STOCK_PLAN_LEAD_TIME","type":["string","null"],"columnName":"EXP_STOCK_PLAN_LEAD_TIME"}],"tableName":"DEALER_HIERARCHY_CORE"}
15/09/06 13:13:48 INFO avro.AvroSerDe: Avro schema is {"type":"record","name":"DEALER_HIERARCHY_CORE","doc":"Sqoop import of DEALER_HIERARCHY","fields":[{"name":"File_Name","type":["string","null"],"columnName":"File_Name"},{"name":"GEN_ID","type":["string","null"],"columnName":"GEN_ID"},{"name":"DMS_SYSTEM","type":["string","null"],"columnName":"DMS_SYSTEM"},{"name":"DMS_VERSION","type":["string","null"],"columnName":"DMS_VERSION"},{"name":"TRANSMIT_TS","type":["string","null"],"columnName":"TRANSMIT_TS"},{"name":"ORIG_TRANSMIT_TS","type":["string","null"],"columnName":"TRANSMIT_TS"},{"name":"TRANSMIT_BY","type":["string","null"],"columnName":"TRANSMIT_BY"},{"name":"RECORD_STATUS","type":["string","null"],"columnName":"RECORD_STATUS"},{"name":"DEALER_UPDT_IND","type":["string","null"],"columnName":"DEALER_UPDT_IND","sqlType":"1"},{"name":"STORE_NUMBER","type":["string","null"],"columnName":"STORE_NUMBER"},{"name":"PART_TYPE","type":["string","null"],"columnName":"PART_TYPE"},{"name":"STORE_NAME","type":["string","null"],"columnName":"STORE_NAME"},{"name":"INVENTORY_STORE_NUMBER","type":["string","null"],"columnName":"INVENTORY_STORE_NUMBER"},{"name":"CAT_EMRG_DEALER_CODE","type":["string","null"],"columnName":"CAT_EMRG_DEALER_CODE"},{"name":"CAT_STOCK_DEALER_CODE","type":["string","null"],"columnName":"CAT_STOCK_DEALER_CODE"},{"name":"STOCK_REPLEN_STORE_NUMBER","type":["string","null"],"columnName":"STOCK_REPLEN_STORE_NUMBER"},{"name":"STOCK_REPLEN_LEAD_TIME","type":["string","null"],"columnName":"STOCK_REPLEN_LEAD_TIME"},{"name":"LST_UPDT_TS","type":["string","null"],"columnName":"LST_UPDT_TS"},{"name":"ORIG_LST_UPDT_TS","type":["string","null"],"columnName":"ORIG_LST_UPDT_TS"},{"name":"LST_UPDT_BY_ID","type":["string","null"],"columnName":"LST_UPDT_BY_ID"},{"name":"FILE_INS_TS","type":["string","null"],"columnName":"FILE_INS_TS"},{"name":"ORIG_FILE_INS_TS","type":["string","null"],"columnName":"ORIG_FILE_INS_TS"},{"name":"EXP_STOCK_PLAN_LEAD_TIME","type":["string","null"],"columnName":"EXP_STOCK_PLAN_LEAD_TIME"}],"tableName":"DEALER_HIERARCHY_CORE"}
15/09/06 13:13:48 INFO avro.AvroSerDe: Avro schema is {"type":"record","name":"DEALER_HIERARCHY_CORE","doc":"Sqoop import of DEALER_HIERARCHY","fields":[{"name":"File_Name","type":["string","null"],"columnName":"File_Name"},{"name":"GEN_ID","type":["string","null"],"columnName":"GEN_ID"},{"name":"DMS_SYSTEM","type":["string","null"],"columnName":"DMS_SYSTEM"},{"name":"DMS_VERSION","type":["string","null"],"columnName":"DMS_VERSION"},{"name":"TRANSMIT_TS","type":["string","null"],"columnName":"TRANSMIT_TS"},{"name":"ORIG_TRANSMIT_TS","type":["string","null"],"columnName":"TRANSMIT_TS"},{"name":"TRANSMIT_BY","type":["string","null"],"columnName":"TRANSMIT_BY"},{"name":"RECORD_STATUS","type":["string","null"],"columnName":"RECORD_STATUS"},{"name":"DEALER_UPDT_IND","type":["string","null"],"columnName":"DEALER_UPDT_IND","sqlType":"1"},{"name":"STORE_NUMBER","type":["string","null"],"columnName":"STORE_NUMBER"},{"name":"PART_TYPE","type":["string","null"],"columnName":"PART_TYPE"},{"name":"STORE_NAME","type":["string","null"],"columnName":"STORE_NAME"},{"name":"INVENTORY_STORE_NUMBER","type":["string","null"],"columnName":"INVENTORY_STORE_NUMBER"},{"name":"CAT_EMRG_DEALER_CODE","type":["string","null"],"columnName":"CAT_EMRG_DEALER_CODE"},{"name":"CAT_STOCK_DEALER_CODE","type":["string","null"],"columnName":"CAT_STOCK_DEALER_CODE"},{"name":"STOCK_REPLEN_STORE_NUMBER","type":["string","null"],"columnName":"STOCK_REPLEN_STORE_NUMBER"},{"name":"STOCK_REPLEN_LEAD_TIME","type":["string","null"],"columnName":"STOCK_REPLEN_LEAD_TIME"},{"name":"LST_UPDT_TS","type":["string","null"],"columnName":"LST_UPDT_TS"},{"name":"ORIG_LST_UPDT_TS","type":["string","null"],"columnName":"ORIG_LST_UPDT_TS"},{"name":"LST_UPDT_BY_ID","type":["string","null"],"columnName":"LST_UPDT_BY_ID"},{"name":"FILE_INS_TS","type":["string","null"],"columnName":"FILE_INS_TS"},{"name":"ORIG_FILE_INS_TS","type":["string","null"],"columnName":"ORIG_FILE_INS_TS"},{"name":"EXP_STOCK_PLAN_LEAD_TIME","type":["string","null"],"columnName":"EXP_STOCK_PLAN_LEAD_TIME"}],"tableName":"DEALER_HIERARCHY_CORE"}
15/09/06 13:13:48 INFO exec.MapOperator: dump TS struct<file_name:string,gen_id:string,dms_system:string,dms_version:string,transmit_ts:string,orig_transmit_ts:string,transmit_by:string,record_status:string,dealer_updt_ind:string,store_number:string,part_type:string,store_name:string,inventory_store_number:string,cat_emrg_dealer_code:string,cat_stock_dealer_code:string,stock_replen_store_number:string,stock_replen_lead_time:string,lst_updt_ts:string,orig_lst_updt_ts:string,lst_updt_by_id:string,file_ins_ts:string,orig_file_ins_ts:string,exp_stock_plan_lead_time:string,dealer_code:string>
15/09/06 13:13:48 INFO mr.ExecMapper: 
<MAP>Id =88
  <Children>
    <TS>Id =78
      <Children>
        <SEL>Id =80
          <Children>
            <GBY>Id =81
              <Children>
                <RS>Id =82
                  <Children>
                  <\Children>
                  <Parent>Id = 81 null<\Parent>
                <\RS>
              <\Children>
              <Parent>Id = 80 null<\Parent>
            <\GBY>
          <\Children>
          <Parent>Id = 78 null<\Parent>
        <\SEL>
      <\Children>
      <Parent>Id = 88 null<\Parent>
    <\TS>
  <\Children>
  <Parent><\Parent>
<\MAP>
15/09/06 13:13:48 INFO exec.MapOperator: Initializing Self 88 MAP
15/09/06 13:13:48 INFO exec.TableScanOperator: Initializing Self 78 TS
15/09/06 13:13:48 INFO exec.TableScanOperator: Operator 78 TS initialized
15/09/06 13:13:48 INFO exec.TableScanOperator: Initializing children of 78 TS
15/09/06 13:13:48 INFO exec.SelectOperator: Initializing child 80 SEL
15/09/06 13:13:48 INFO exec.SelectOperator: Initializing Self 80 SEL
15/09/06 13:13:48 INFO exec.SelectOperator: SELECT struct<file_name:string,gen_id:string,dms_system:string,dms_version:string,transmit_ts:string,orig_transmit_ts:string,transmit_by:string,record_status:string,dealer_updt_ind:string,store_number:string,part_type:string,store_name:string,inventory_store_number:string,cat_emrg_dealer_code:string,cat_stock_dealer_code:string,stock_replen_store_number:string,stock_replen_lead_time:string,lst_updt_ts:string,orig_lst_updt_ts:string,lst_updt_by_id:string,file_ins_ts:string,orig_file_ins_ts:string,exp_stock_plan_lead_time:string,dealer_code:string>
15/09/06 13:13:48 INFO exec.SelectOperator: Operator 80 SEL initialized
15/09/06 13:13:48 INFO exec.SelectOperator: Initializing children of 80 SEL
15/09/06 13:13:48 INFO exec.GroupByOperator: Initializing child 81 GBY
15/09/06 13:13:48 INFO exec.GroupByOperator: Initializing Self 81 GBY
15/09/06 13:13:48 INFO exec.GroupByOperator: Operator 81 GBY initialized
15/09/06 13:13:48 INFO exec.GroupByOperator: Initializing children of 81 GBY
15/09/06 13:13:48 INFO exec.ReduceSinkOperator: Initializing child 82 RS
15/09/06 13:13:48 INFO exec.ReduceSinkOperator: Initializing Self 82 RS
15/09/06 13:13:48 INFO exec.ReduceSinkOperator: Using tag = -1
15/09/06 13:13:48 INFO exec.ReduceSinkOperator: Operator 82 RS initialized
15/09/06 13:13:48 INFO exec.ReduceSinkOperator: Initialization Done 82 RS
15/09/06 13:13:48 INFO exec.GroupByOperator: Initialization Done 81 GBY
15/09/06 13:13:48 INFO exec.SelectOperator: Initialization Done 80 SEL
15/09/06 13:13:48 INFO exec.TableScanOperator: Initialization Done 78 TS
15/09/06 13:13:48 INFO exec.MapOperator: Initialization Done 88 MAP
15/09/06 13:13:48 INFO exec.MapOperator: Processing alias dealer_hierarchy_core for file file:/var/folders/y7/4_pz5fzx54ngcmghz3v6t3m00000gn/T/junit4238406739563525852/hadooptmp/dealer_hierarchy/core_data/dealer_code=ZZZZ
15/09/06 13:13:48 INFO avro.AvroDeserializer: Adding new valid RRID :-d3e18ac:14fa3dd38b8:-7fff
15/09/06 13:13:48 INFO mr.ExecMapper: ExecMapper: processing 1 rows: used memory = 406425072
15/09/06 13:13:48 INFO exec.MapOperator: 88 finished. closing... 
15/09/06 13:13:48 INFO exec.MapOperator: DESERIALIZE_ERRORS:0
15/09/06 13:13:48 INFO exec.TableScanOperator: 78 finished. closing... 
15/09/06 13:13:48 INFO exec.SelectOperator: 80 finished. closing... 
15/09/06 13:13:48 INFO exec.GroupByOperator: 81 finished. closing... 
15/09/06 13:13:48 INFO exec.GroupByOperator: Begin Hash Table flush: size = 1
15/09/06 13:13:48 INFO exec.ReduceSinkOperator: 82 finished. closing... 
15/09/06 13:13:48 INFO exec.ReduceSinkOperator: 82 Close done
15/09/06 13:13:48 INFO exec.GroupByOperator: 81 Close done
15/09/06 13:13:48 INFO exec.SelectOperator: 80 Close done
15/09/06 13:13:48 INFO exec.TableScanOperator: 78 Close done
15/09/06 13:13:48 INFO exec.MapOperator: 88 Close done
15/09/06 13:13:48 INFO mr.ExecMapper: ExecMapper: processed 3 rows: used memory = 406425072
15/09/06 13:13:48 INFO mapred.MapTask: Starting flush of map output
15/09/06 13:13:48 INFO mapred.MapTask: Finished spill 0
15/09/06 13:13:48 INFO mapred.Task: Task:attempt_local1133002080_0006_m_000000_0 is done. And is in the process of commiting
15/09/06 13:13:48 INFO mapred.LocalJobRunner: 
15/09/06 13:13:48 INFO mapred.Task: Task 'attempt_local1133002080_0006_m_000000_0' done.
15/09/06 13:13:48 INFO mapred.LocalJobRunner: Finishing task: attempt_local1133002080_0006_m_000000_0
15/09/06 13:13:48 INFO mapred.LocalJobRunner: Map task executor complete.
15/09/06 13:13:48 WARN mapreduce.Counters: Group org.apache.hadoop.mapred.Task$Counter is deprecated. Use org.apache.hadoop.mapreduce.TaskCounter instead
2015-09-06 13:13:48,861 Stage-1 map = 100%,  reduce = 0%
15/09/06 13:13:48 INFO exec.Task: 2015-09-06 13:13:48,861 Stage-1 map = 100%,  reduce = 0%
15/09/06 13:13:48 INFO mapred.Task:  Using ResourceCalculatorPlugin : null
15/09/06 13:13:48 INFO mapred.LocalJobRunner: 
15/09/06 13:13:48 INFO mapred.Merger: Merging 1 sorted segments
15/09/06 13:13:48 INFO mapred.Merger: Down to the last merge-pass, with 1 segments left of total size: 15 bytes
15/09/06 13:13:48 INFO mapred.LocalJobRunner: 
15/09/06 13:13:48 INFO ExecReducer: maximum memory = 3817865216
15/09/06 13:13:48 INFO ExecReducer: conf classpath = [file:/Users/hpatel/.gradle/caches/2.1/workerMain/gradle-worker.jar, file:/Users/hpatel/Tech/Projects/CAT/ddsw_dev/hive-test/build/classes/test/, file:/Users/hpatel/Tech/Projects/CAT/ddsw_dev/hive-test/build/resources/test/, file:/Users/hpatel/Tech/Projects/CAT/ddsw_dev/hive-test/build/classes/main/, file:/Users/hpatel/Tech/Projects/CAT/ddsw_dev/hive-test/build/resources/main, file:/Users/hpatel/.gradle/caches/modules-2/files-2.1/junit/junit/4.11/4e031bb61df09069aeb2bffb4019e7a5034a4ee0/junit-4.11.jar, file:/Users/hpatel/.gradle/caches/modules-2/files-2.1/com.klarna/hiverunner/1.0.0/e26bb0655fff4d88fab91f331793d9fc1db392cc/HiveRunner-1.0.0.jar, file:/Users/hpatel/Tech/Projects/CAT/ddsw_dev/custom-cat-udfs/build/libs/custom-cat-udfs-0.1.38-SNAPSHOT.jar, file:/Users/hpatel/.gradle/caches/modules-2/files-2.1/org.apache.hadoop/hadoop-client/2.5.0-cdh5.3.3/ec3cd6a8cb043e73a42918934c5d3a3f2747c78b/hadoop-client-2.5.0-cdh5.3.3.jar, file:/Users/hpatel/.gradle/caches/modules-2/files-2.1/org.hsqldb/hsqldb/2.3.1/bd7153caa30958e1c64a3dd38b93e5a7442d9a0e/hsqldb-2.3.1.jar, file:/Users/hpatel/.gradle/caches/modules-2/files-2.1/org.apache.hadoop/hadoop-core/2.5.0-mr1-cdh5.3.3/f6f4a77f818757da51ae0244310855779c04c4be/hadoop-core-2.5.0-mr1-cdh5.3.3.jar, file:/Users/hpatel/.gradle/caches/modules-2/files-2.1/org.reflections/reflections/0.9.8/f723abb59bf512952bfc503838f70f81487a6993/reflections-0.9.8.jar, file:/Users/hpatel/.gradle/caches/modules-2/files-2.1/org.mockito/mockito-core/1.10.19/e8546f5bef4e061d8dd73895b4e8f40e3fe6effe/mockito-core-1.10.19.jar, file:/Users/hpatel/.gradle/caches/modules-2/files-2.1/org.hamcrest/hamcrest-core/1.3/42a25dc3219429f0e5d060061f71acb49bf010a0/hamcrest-core-1.3.jar, file:/Users/hpatel/.gradle/caches/modules-2/files-2.1/org.pentaho/pentaho-aggdesigner-algorithm/5.1.5-jhyde/c52379c645c6c85300e645dff7c72653bf85baa2/pentaho-aggdesigner-algorithm-5.1.5-jhyde.jar, file:/Users/hpatel/.gradle/caches/modules-2/files-2.1/org.apache.hive/hive-serde/0.13.1-cdh5.3.3/9cee47c844d726e9bcef6ab292e1319b7fbddaa3/hive-serde-0.13.1-cdh5.3.3.jar, file:/Users/hpatel/.gradle/caches/modules-2/files-2.1/org.apache.hadoop/hadoop-common/2.5.0-cdh5.3.3/f0862eb1dc33c1807ea29a248af75551e3c6836a/hadoop-common-2.5.0-cdh5.3.3.jar, file:/Users/hpatel/.gradle/caches/modules-2/files-2.1/org.apache.hive/hive-contrib/0.13.1-cdh5.3.3/bf89b429c9b173ac275dc0c1623f5c30e780ee98/hive-contrib-0.13.1-cdh5.3.3.jar, file:/Users/hpatel/.gradle/caches/modules-2/files-2.1/org.datanucleus/datanucleus-core/3.2.12/3212183bb5a2826cd5ff194b9a54619dd0bdf31f/datanucleus-core-3.2.12.jar, file:/Users/hpatel/.gradle/caches/modules-2/files-2.1/org.datanucleus/datanucleus-rdbms/3.2.11/5b053144c89fdff1505b853aa7f1e5ba7657da75/datanucleus-rdbms-3.2.11.jar, file:/Users/hpatel/.gradle/caches/modules-2/files-2.1/org.datanucleus/datanucleus-api-jdo/3.2.8/efc60221fbc91e95cf5758b98c6c5531660696cb/datanucleus-api-jdo-3.2.8.jar, file:/Users/hpatel/.gradle/caches/modules-2/files-2.1/org.apache.hive/hive-shims/0.13.1-cdh5.3.3/47b029532c0b9d45526dcdd858823e6f9634ab81/hive-shims-0.13.1-cdh5.3.3.jar, file:/Users/hpatel/.gradle/caches/modules-2/files-2.1/org.apache.commons/commons-lang3/3.3.1/6738a2da2202ce360f0af90aba005c1e05a2c4cd/commons-lang3-3.3.1.jar, file:/Users/hpatel/.gradle/caches/modules-2/files-2.1/joda-time/joda-time/2.3/56498efd17752898cfcc3868c1b6211a07b12b8f/joda-time-2.3.jar, file:/Users/hpatel/.gradle/caches/modules-2/files-2.1/org.apache.hadoop/hadoop-hdfs/2.5.0-cdh5.3.3/5dd5e2be13d89a9eaab89d3a33bcdf6677671aa9/hadoop-hdfs-2.5.0-cdh5.3.3.jar, file:/Users/hpatel/.gradle/caches/modules-2/files-2.1/org.apache.hadoop/hadoop-mapreduce-client-app/2.5.0-cdh5.3.3/579948f8fa6d9d72bf507bd021fa3dcc0670e95f/hadoop-mapreduce-client-app-2.5.0-cdh5.3.3.jar, file:/Users/hpatel/.gradle/caches/modules-2/files-2.1/org.apache.hadoop/hadoop-yarn-api/2.5.0-cdh5.3.3/a6d9b4b7cbcacd000350a3e33c70269101b5fc79/hadoop-yarn-api-2.5.0-cdh5.3.3.jar, file:/Users/hpatel/.gradle/caches/modules-2/files-2.1/org.apache.hadoop/hadoop-mapreduce-client-core/2.5.0-cdh5.3.3/f2c8eaa2b8a5839a7781f04cf59c4d1abfefec9e/hadoop-mapreduce-client-core-2.5.0-cdh5.3.3.jar, file:/Users/hpatel/.gradle/caches/modules-2/files-2.1/org.apache.hadoop/hadoop-mapreduce-client-jobclient/2.5.0-cdh5.3.3/f8baecab9a91245a97e29e4867a7f5ae128ef8a9/hadoop-mapreduce-client-jobclient-2.5.0-cdh5.3.3.jar, file:/Users/hpatel/.gradle/caches/modules-2/files-2.1/org.apache.hadoop/hadoop-aws/2.5.0-cdh5.3.3/f712d9cf59c859914254bed5c87ee4e5a2204e78/hadoop-aws-2.5.0-cdh5.3.3.jar, file:/Users/hpatel/.gradle/caches/modules-2/files-2.1/org.apache.hadoop/hadoop-annotations/2.5.0-cdh5.3.3/e3b40743127d82ff7a6f263d00419368a46ce608/hadoop-annotations-2.5.0-cdh5.3.3.jar, file:/Users/hpatel/.gradle/caches/modules-2/files-2.1/commons-collections/commons-collections/3.2.1/761ea405b9b37ced573d2df0d1e3a4e0f9edc668/commons-collections-3.2.1.jar, file:/Users/hpatel/.gradle/caches/modules-2/files-2.1/commons-configuration/commons-configuration/1.6/32cadde23955d7681b0d94a2715846d20b425235/commons-configuration-1.6.jar, file:/Users/hpatel/.gradle/caches/modules-2/files-2.1/jline/jline/0.9.94/99a18e9a44834afdebc467294e1138364c207402/jline-0.9.94.jar, file:/Users/hpatel/.gradle/caches/modules-2/files-2.1/commons-cli/commons-cli/1.2/2bf96b7aa8b611c177d329452af1dc933e14501c/commons-cli-1.2.jar, file:/Users/hpatel/.gradle/caches/modules-2/files-2.1/xmlenc/xmlenc/0.52/d82554efbe65906d83b3d97bd7509289e9db561a/xmlenc-0.52.jar, file:/Users/hpatel/.gradle/caches/modules-2/files-2.1/commons-httpclient/commons-httpclient/3.1/964cd74171f427720480efdec40a7c7f6e58426a/commons-httpclient-3.1.jar, file:/Users/hpatel/.gradle/caches/modules-2/files-2.1/commons-net/commons-net/3.1/2298164a7c2484406f2aa5ac85b205d39019896f/commons-net-3.1.jar, file:/Users/hpatel/.gradle/caches/modules-2/files-2.1/tomcat/jasper-runtime/5.5.23/96ca5528a93ab47b001476b74320c644beb89dde/jasper-runtime-5.5.23.jar, file:/Users/hpatel/.gradle/caches/modules-2/files-2.1/tomcat/jasper-compiler/5.5.23/6d35bd7fb8c4fbc1f5401fb3678aa976d2e4c241/jasper-compiler-5.5.23.jar, file:/Users/hpatel/.gradle/caches/modules-2/files-2.1/javax.servlet.jsp/jsp-api/2.1/63f943103f250ef1f3a4d5e94d145a0f961f5316/jsp-api-2.1.jar, file:/Users/hpatel/.gradle/caches/modules-2/files-2.1/commons-el/commons-el/1.0/1df2c042b3f2de0124750241ac6c886dbfa2cc2c/commons-el-1.0.jar, file:/Users/hpatel/.gradle/caches/modules-2/files-2.1/javax.servlet/servlet-api/2.5/5959582d97d8b61f4d154ca9e495aafd16726e34/servlet-api-2.5.jar, file:/Users/hpatel/.gradle/caches/modules-2/files-2.1/hsqldb/hsqldb/1.8.0.10/7e9978fdb754bce5fcd5161133e7734ecb683036/hsqldb-1.8.0.10.jar, file:/Users/hpatel/.gradle/caches/modules-2/files-2.1/org.eclipse.jdt/core/3.1.1/88c83ce444cf46d02494da37c9fa1eebc9ce9cea/core-3.1.1.jar, file:/Users/hpatel/.gradle/caches/modules-2/files-2.1/javassist/javassist/3.12.1.GA/526633327faa61aee448a519e8a4d53ec3057885/javassist-3.12.1.GA.jar, file:/Users/hpatel/.gradle/caches/modules-2/files-2.1/dom4j/dom4j/1.6.1/5d3ccc056b6f056dbf0dddfdf43894b9065a8f94/dom4j-1.6.1.jar, file:/Users/hpatel/.gradle/caches/modules-2/files-2.1/org.objenesis/objenesis/2.1/87c0ea803b69252868d09308b4618f766f135a96/objenesis-2.1.jar, file:/Users/hpatel/.gradle/caches/modules-2/files-2.1/commons-logging/commons-logging/1.1.3/f6f66e966c70a83ffbdb6f17a0919eaf7c8aca7f/commons-logging-1.1.3.jar, file:/Users/hpatel/.gradle/caches/modules-2/files-2.1/org.apache.hive/hive-common/0.13.1-cdh5.3.3/e3fbf24d30a553c50ae4d4eed23f81b0e1211c5a/hive-common-0.13.1-cdh5.3.3.jar, file:/Users/hpatel/.gradle/caches/modules-2/files-2.1/org.apache.avro/avro/1.7.6-cdh5.3.3/6d90271293977d199ed07002bf35e2805405cc64/avro-1.7.6-cdh5.3.3.jar, file:/Users/hpatel/.gradle/caches/modules-2/files-2.1/net.sf.opencsv/opencsv/2.3/c23708cdb9e80a144db433e23344a788a1fd6599/opencsv-2.3.jar, file:/Users/hpatel/.gradle/caches/modules-2/files-2.1/com.sun.jersey/jersey-servlet/1.14/4b87041a59ee152757b62e47a21d5b63fde20ffe/jersey-servlet-1.14.jar, file:/Users/hpatel/.gradle/caches/modules-2/files-2.1/org.slf4j/slf4j-log4j12/1.7.5/6edffc576ce104ec769d954618764f39f0f0f10d/slf4j-log4j12-1.7.5.jar, file:/Users/hpatel/.gradle/caches/modules-2/files-2.1/org.apache.commons/commons-math3/3.1.1/6719d757a98ff24a83d9d727bef9cec83f59b6e1/commons-math3-3.1.1.jar, file:/Users/hpatel/.gradle/caches/modules-2/files-2.1/commons-io/commons-io/2.4/b1b6ea3b7e4aa4f492509a4952029cd8e48019ad/commons-io-2.4.jar, file:/Users/hpatel/.gradle/caches/modules-2/files-2.1/com.sun.jersey/jersey-json/1.9/1aa73e1896bcc7013fed247157d7f676226eb432/jersey-json-1.9.jar, file:/Users/hpatel/.gradle/caches/modules-2/files-2.1/log4j/log4j/1.2.17/5af35056b4d257e4b64b9e8069c0746e8b08629f/log4j-1.2.17.jar, file:/Users/hpatel/.gradle/caches/modules-2/files-2.1/com.google.code.gson/gson/2.2.4/a60a5e993c98c864010053cb901b7eab25306568/gson-2.2.4.jar, file:/Users/hpatel/.gradle/caches/modules-2/files-2.1/org.apache.hadoop/hadoop-auth/2.5.0-cdh5.3.3/847eb288da72acfdd7d202da5149dec6cd20ceba/hadoop-auth-2.5.0-cdh5.3.3.jar, file:/Users/hpatel/.gradle/caches/modules-2/files-2.1/com.jcraft/jsch/0.1.42/a86104b0f2e0c0bab5b0df836065823a99b5e334/jsch-0.1.42.jar, file:/Users/hpatel/.gradle/caches/modules-2/files-2.1/org.apache.curator/curator-client/2.6.0/b9007c357ad1a78066fc6004e8b1feaa2318f6f3/curator-client-2.6.0.jar, file:/Users/hpatel/.gradle/caches/modules-2/files-2.1/org.apache.curator/curator-recipes/2.6.0/8736b0fc42e6bf006d585fe85c90aaa4ade5cbef/curator-recipes-2.6.0.jar, file:/Users/hpatel/.gradle/caches/modules-2/files-2.1/com.google.code.findbugs/jsr305/1.3.9/40719ea6961c0cb6afaeb6a921eaa1f6afd4cfdf/jsr305-1.3.9.jar, file:/Users/hpatel/.gradle/caches/modules-2/files-2.1/org.apache.commons/commons-compress/1.4.1/b02e84a993d88568417536240e970c4b809126fd/commons-compress-1.4.1.jar, file:/Users/hpatel/.gradle/caches/modules-2/files-2.1/org.apache.hive.shims/hive-shims-common/0.13.1-cdh5.3.3/3d9e5245018fbde18f52c4ab25fc35afdec2fc0a/hive-shims-common-0.13.1-cdh5.3.3.jar, file:/Users/hpatel/.gradle/caches/modules-2/files-2.1/org.apache.hive.shims/hive-shims-common-secure/0.13.1-cdh5.3.3/6b29a16b2a41b89bdbbc681c257ad7f766a90bcb/hive-shims-common-secure-0.13.1-cdh5.3.3.jar, file:/Users/hpatel/.gradle/caches/modules-2/files-2.1/org.apache.hive.shims/hive-shims-0.23/0.13.1-cdh5.3.3/7ab834955a767af200d1d9151c204751637d9ca9/hive-shims-0.23-0.13.1-cdh5.3.3.jar, file:/Users/hpatel/.gradle/caches/modules-2/files-2.1/org.apache.hive.shims/hive-shims-scheduler/0.13.1-cdh5.3.3/b6644420b74f936a838f7f3fd2fa19c19add0449/hive-shims-scheduler-0.13.1-cdh5.3.3.jar, file:/Users/hpatel/.gradle/caches/modules-2/files-2.1/org.apache.hadoop/hadoop-mapreduce-client-common/2.5.0-cdh5.3.3/f0d777bb76ca9f540c0c81a45934f0f5cf9975b8/hadoop-mapreduce-client-common-2.5.0-cdh5.3.3.jar, file:/Users/hpatel/.gradle/caches/modules-2/files-2.1/org.apache.hadoop/hadoop-mapreduce-client-shuffle/2.5.0-cdh5.3.3/b6c4316f6fcc406edf7e5bd77c50e46034ad5519/hadoop-mapreduce-client-shuffle-2.5.0-cdh5.3.3.jar, file:/Users/hpatel/.gradle/caches/modules-2/files-2.1/org.apache.hadoop/hadoop-yarn-common/2.5.0-cdh5.3.3/9499713b674eae1aa714fcd0e95e0d09daaf3824/hadoop-yarn-common-2.5.0-cdh5.3.3.jar, file:/Users/hpatel/.gradle/caches/modules-2/files-2.1/com.fasterxml.jackson.core/jackson-databind/2.2.3/3ae380888029daefb91d3ecdca3a37d8cb92bc9/jackson-databind-2.2.3.jar, file:/Users/hpatel/.gradle/caches/modules-2/files-2.1/com.fasterxml.jackson.core/jackson-annotations/2.2.3/527fece4f23a457070a36c371a26d6c0208e1c3/jackson-annotations-2.2.3.jar, file:/Users/hpatel/.gradle/caches/modules-2/files-2.1/com.amazonaws/aws-java-sdk/1.7.4/2c24ccb6f1ab845a7df971951d4b41c709a6517d/aws-java-sdk-1.7.4.jar, file:/Users/hpatel/.gradle/caches/modules-2/files-2.1/commons-digester/commons-digester/1.8/dc6a73fdbd1fa3f0944e8497c6c872fa21dca37e/commons-digester-1.8.jar, file:/Users/hpatel/.gradle/caches/modules-2/files-2.1/commons-beanutils/commons-beanutils-core/1.8.0/175dc721f87e4bc5cc0573f990e28c3cf9117508/commons-beanutils-core-1.8.0.jar, file:/Users/hpatel/.gradle/caches/modules-2/files-2.1/xml-apis/xml-apis/1.0.b2/3136ca936f64c9d68529f048c2618bd356bf85c9/xml-apis-1.0.b2.jar, file:/Users/hpatel/.gradle/caches/modules-2/files-2.1/com.thoughtworks.paranamer/paranamer/2.3/4a85963a752c0a2f715c3924bfc686865e7e1bc6/paranamer-2.3.jar, file:/Users/hpatel/.gradle/caches/modules-2/files-2.1/org.xerial.snappy/snappy-java/1.0.5/10cb4550360a0ec6b80f09a5209d00b6058e82bf/snappy-java-1.0.5.jar, file:/Users/hpatel/.gradle/caches/modules-2/files-2.1/org.codehaus.jettison/jettison/1.1/1a01a2a1218fcf9faa2cc2a6ced025bdea687262/jettison-1.1.jar, file:/Users/hpatel/.gradle/caches/modules-2/files-2.1/com.sun.xml.bind/jaxb-impl/2.2.3-1/56baae106392040a45a06d4a41099173425da1e6/jaxb-impl-2.2.3-1.jar, file:/Users/hpatel/.gradle/caches/modules-2/files-2.1/org.apache.directory.server/apacheds-kerberos-codec/2.0.0-M15/1c16e4e477183641c5f0dd5cdecd27ec331bacb5/apacheds-kerberos-codec-2.0.0-M15.jar, file:/Users/hpatel/.gradle/caches/modules-2/files-2.1/org.apache.curator/curator-framework/2.6.0/81a699c39d127b5b4ff97cc77da7650b53e5b5ed/curator-framework-2.6.0.jar, file:/Users/hpatel/.gradle/caches/modules-2/files-2.1/org.tukaani/xz/1.0/ecff5cb8b1189514c9d1d8d68eb77ac372e000c9/xz-1.0.jar, file:/Users/hpatel/.gradle/caches/modules-2/files-2.1/org.apache.hadoop/hadoop-yarn-client/2.5.0-cdh5.3.3/2d2ce5d0138d02b20aefcfc1ee8dd6f691911f63/hadoop-yarn-client-2.5.0-cdh5.3.3.jar, file:/Users/hpatel/.gradle/caches/modules-2/files-2.1/org.apache.hadoop/hadoop-yarn-server-common/2.5.0-cdh5.3.3/d099fcc19f56d477fa6b5b47ae4e06bb97538778/hadoop-yarn-server-common-2.5.0-cdh5.3.3.jar, file:/Users/hpatel/.gradle/caches/modules-2/files-2.1/org.apache.hadoop/hadoop-yarn-server-nodemanager/2.5.0-cdh5.3.3/278b2d7a6454ce57a94ab02a88c0b188afc8facc/hadoop-yarn-server-nodemanager-2.5.0-cdh5.3.3.jar, file:/Users/hpatel/.gradle/caches/modules-2/files-2.1/org.fusesource.leveldbjni/leveldbjni-all/1.8/707350a2eeb1fa2ed77a32ddb3893ed308e941db/leveldbjni-all-1.8.jar, file:/Users/hpatel/.gradle/caches/modules-2/files-2.1/javax.xml.bind/jaxb-api/2.2.2/aeb3021ca93dde265796d82015beecdcff95bf09/jaxb-api-2.2.2.jar, file:/Users/hpatel/.gradle/caches/modules-2/files-2.1/com.google.inject/guice/3.0/9d84f15fe35e2c716a02979fb62f50a29f38aefa/guice-3.0.jar, file:/Users/hpatel/.gradle/caches/modules-2/files-2.1/com.sun.jersey.contribs/jersey-guice/1.9/5963c28c47df7e5d6ad34cec80c071c368777f7b/jersey-guice-1.9.jar, file:/Users/hpatel/.gradle/caches/modules-2/files-2.1/com.fasterxml.jackson.core/jackson-core/2.2.3/1a0113da2cab5f4c216b4e5e7c1dbfaa67087e14/jackson-core-2.2.3.jar, file:/Users/hpatel/.gradle/caches/modules-2/files-2.1/commons-beanutils/commons-beanutils/1.7.0/5675fd96b29656504b86029551973d60fb41339b/commons-beanutils-1.7.0.jar, file:/Users/hpatel/.gradle/caches/modules-2/files-2.1/org.apache.directory.server/apacheds-i18n/2.0.0-M15/71c61c84683152ec2a6a65f3f96fe534e304fa22/apacheds-i18n-2.0.0-M15.jar, file:/Users/hpatel/.gradle/caches/modules-2/files-2.1/org.apache.directory.api/api-asn1-api/1.0.0-M20/5e6486ffa3125ba44dc410ead166e1d6ba8ac76d/api-asn1-api-1.0.0-M20.jar, file:/Users/hpatel/.gradle/caches/modules-2/files-2.1/org.apache.directory.api/api-util/1.0.0-M20/a871abf060b3cf83fc6dc4d7e3d151fce50ac3cb/api-util-1.0.0-M20.jar, file:/Users/hpatel/.gradle/caches/modules-2/files-2.1/com.sun.jersey/jersey-client/1.9/d3c4b2b5f89db32c96ceddcb863684821910a7bb/jersey-client-1.9.jar, file:/Users/hpatel/.gradle/caches/modules-2/files-2.1/javax.xml.stream/stax-api/1.0-2/d6337b0de8b25e53e81b922352fbea9f9f57ba0b/stax-api-1.0-2.jar, file:/Users/hpatel/.gradle/caches/modules-2/files-2.1/javax.activation/activation/1.1/e6cb541461c2834bdea3eb920f1884d1eb508b50/activation-1.1.jar, file:/Users/hpatel/.gradle/caches/modules-2/files-2.1/javax.inject/javax.inject/1/6975da39a7040257bd51d21a231b76c915872d38/javax.inject-1.jar, file:/Users/hpatel/.gradle/caches/modules-2/files-2.1/aopalliance/aopalliance/1.0/235ba8b489512805ac13a8f9ea77a1ca5ebe3e8/aopalliance-1.0.jar, file:/Users/hpatel/.gradle/caches/modules-2/files-2.1/org.sonatype.sisu.inject/cglib/2.2.1-v20090111/7ce5e983fd0e6c78346f4c9cbfa39d83049dda2/cglib-2.2.1-v20090111.jar, file:/Users/hpatel/.gradle/caches/modules-2/files-2.1/asm/asm/3.1/c157def142714c544bdea2e6144645702adf7097/asm-3.1.jar, file:/Users/hpatel/.gradle/caches/modules-2/files-2.1/org.apache.hive/hive-service/0.13.1-cdh5.3.3/c7979b4213bfb62823d43ba726e0fea58032dd1e/hive-service-0.13.1-cdh5.3.3.jar, file:/Users/hpatel/.gradle/caches/modules-2/files-2.1/net.sf.jpam/jpam/1.1/cb3d91c2dfda767518a371dbb02edfd6a4aa0600/jpam-1.1.jar, file:/Users/hpatel/.gradle/caches/modules-2/files-2.1/org.eclipse.jetty.aggregate/jetty-all/7.6.0.v20120127/47bb68e3837e5c6422138dd1e0d4d75c60dce87a/jetty-all-7.6.0.v20120127.jar, file:/Users/hpatel/.gradle/caches/modules-2/files-2.1/org.apache.thrift/libfb303/0.9.0/639bd69767fdbd7f658ce8233248fe1cea635164/libfb303-0.9.0.jar, file:/Users/hpatel/.gradle/caches/modules-2/files-2.1/org.apache.geronimo.specs/geronimo-jta_1.1_spec/1.1.1/aabab3165b8ea936b9360abbf448459c0d04a5a4/geronimo-jta_1.1_spec-1.1.1.jar, file:/Users/hpatel/.gradle/caches/modules-2/files-2.1/javax.mail/mail/1.4.1/8b7bc69010655425dabf091b51d1e90b4de36715/mail-1.4.1.jar, file:/Users/hpatel/.gradle/caches/modules-2/files-2.1/org.apache.geronimo.specs/geronimo-jaspic_1.0_spec/1.0/44b95be7dae1147716dce5336419eafade880756/geronimo-jaspic_1.0_spec-1.0.jar, file:/Users/hpatel/.gradle/caches/modules-2/files-2.1/org.apache.geronimo.specs/geronimo-annotation_1.0_spec/1.1.1/47caa799389f69d297b86bf90523d431599c3796/geronimo-annotation_1.0_spec-1.1.1.jar, file:/Users/hpatel/.gradle/caches/modules-2/files-2.1/asm/asm-commons/3.1/1b607fbfe7889c6fdff1b7c16439ade0a60869ac/asm-commons-3.1.jar, file:/Users/hpatel/.gradle/caches/modules-2/files-2.1/asm/asm-tree/3.1/c9a5d4334ddf194ea492f22107d45119a5c5322f/asm-tree-3.1.jar, file:/Users/hpatel/.gradle/caches/modules-2/files-2.1/commons-lang/commons-lang/2.6/ce1edb914c94ebc388f086c6827e8bdeec71ac2/commons-lang-2.6.jar, file:/Users/hpatel/.gradle/caches/modules-2/files-2.1/org.mortbay.jetty/jetty/6.1.26.cloudera.4/d59325a5ff8ff18f7543bc3fbb9d5efa0c0ff521/jetty-6.1.26.cloudera.4.jar, file:/Users/hpatel/.gradle/caches/modules-2/files-2.1/org.mortbay.jetty/jetty-util/6.1.26.cloudera.4/b8507b7c5d3fd9a3d01775272cbf1a63f530c19d/jetty-util-6.1.26.cloudera.4.jar, file:/Users/hpatel/.gradle/caches/modules-2/files-2.1/net.java.dev.jets3t/jets3t/0.9.0/792bc96ee7e57b89f472aa0cb5a31015b9f59c96/jets3t-0.9.0.jar, file:/Users/hpatel/.gradle/caches/modules-2/files-2.1/com.jamesmurty.utils/java-xmlbuilder/0.4/ac5962e48cdee3a0a6e1f8e00fcb594747ac5aaf/java-xmlbuilder-0.4.jar, file:/Users/hpatel/.gradle/caches/modules-2/files-2.1/com.google.protobuf/protobuf-java/2.5.0/a10732c76bfacdbd633a7eb0f7968b1059a65dfa/protobuf-java-2.5.0.jar, file:/Users/hpatel/.gradle/caches/modules-2/files-2.1/org.apache.hive/hive-exec/0.13.1-cdh5.3.3/4d935274127f47dd9c0875efcf317ba49aef1219/hive-exec-0.13.1-cdh5.3.3.jar, file:/Users/hpatel/.gradle/caches/modules-2/files-2.1/org.apache.hive/hive-ant/0.13.1-cdh5.3.3/86954e92a903253177cd6935798c50a6c32b7b81/hive-ant-0.13.1-cdh5.3.3.jar, file:/Users/hpatel/.gradle/caches/modules-2/files-2.1/org.antlr/antlr-runtime/3.4/8f011408269a8e42b8548687e137d8eeb56df4b4/antlr-runtime-3.4.jar, file:/Users/hpatel/.gradle/caches/modules-2/files-2.1/org.antlr/ST4/4.0.4/467a2aa12be6d0f0f68c70eecf6714ab733027ac/ST4-4.0.4.jar, file:/Users/hpatel/.gradle/caches/modules-2/files-2.1/org.apache.ant/ant/1.9.1/35900c96dbebc85dcfbd71f4661059ebcf93c077/ant-1.9.1.jar, file:/Users/hpatel/.gradle/caches/modules-2/files-2.1/org.codehaus.groovy/groovy-all/2.1.6/165b8246372a829c1915611646f6d964010656cf/groovy-all-2.1.6.jar, file:/Users/hpatel/.gradle/caches/modules-2/files-2.1/stax/stax-api/1.0.1/49c100caf72d658aca8e58bd74a4ba90fa2b0d70/stax-api-1.0.1.jar, file:/Users/hpatel/.gradle/caches/modules-2/files-2.1/org.apache.velocity/velocity/1.5/9f306baf7523ffc0e81a6353d08a584d254133b/velocity-1.5.jar, file:/Users/hpatel/.gradle/caches/modules-2/files-2.1/org.antlr/stringtemplate/3.2.1/59ec8083721eae215c6f3caee944c410d2be34de/stringtemplate-3.2.1.jar, file:/Users/hpatel/.gradle/caches/modules-2/files-2.1/antlr/antlr/2.7.7/83cd2cd674a217ade95a4bb83a8a14f351f48bd0/antlr-2.7.7.jar, file:/Users/hpatel/.gradle/caches/modules-2/files-2.1/org.apache.ant/ant-launcher/1.9.1/7c71043ca185eaada9e36391dd022d92859327de/ant-launcher-1.9.1.jar, file:/Users/hpatel/.gradle/caches/modules-2/files-2.1/oro/oro/2.0.8/5592374f834645c4ae250f4c9fbb314c9369d698/oro-2.0.8.jar, file:/Users/hpatel/.gradle/caches/modules-2/files-2.1/org.codehaus.jackson/jackson-core-asl/1.9.13/3c304d70f42f832e0a86d45bd437f692129299a4/jackson-core-asl-1.9.13.jar, file:/Users/hpatel/.gradle/caches/modules-2/files-2.1/org.codehaus.jackson/jackson-mapper-asl/1.9.13/1ee2f2bed0e5dd29d1cb155a166e6f8d50bbddb7/jackson-mapper-asl-1.9.13.jar, file:/Users/hpatel/.gradle/caches/modules-2/files-2.1/org.slf4j/slf4j-api/1.7.6/562424e36df3d2327e8e9301a76027fca17d54ea/slf4j-api-1.7.6.jar, file:/Users/hpatel/.gradle/caches/modules-2/files-2.1/com.sun.jersey/jersey-server/1.14/b1a21724c9b708ed54d42d41bb19ff45ae1d49d9/jersey-server-1.14.jar, file:/Users/hpatel/.gradle/caches/modules-2/files-2.1/org.apache.httpcomponents/httpclient/4.2.5/666e26e76f2e87d84e4f16acb546481ae1b8e9a6/httpclient-4.2.5.jar, file:/Users/hpatel/.gradle/caches/modules-2/files-2.1/org.apache.zookeeper/zookeeper/3.4.6/1b2502e29da1ebaade2357cd1de35a855fa3755/zookeeper-3.4.6.jar, file:/Users/hpatel/.gradle/caches/modules-2/files-2.1/com.google.guava/guava/16.0.1/5fa98cd1a63c99a44dd8d3b77e4762b066a5d0c5/guava-16.0.1.jar, file:/Users/hpatel/.gradle/caches/modules-2/files-2.1/org.codehaus.jackson/jackson-jaxrs/1.8.8/71b16055388e9bd3991c3c3834e8e55098b789f1/jackson-jaxrs-1.8.8.jar, file:/Users/hpatel/.gradle/caches/modules-2/files-2.1/org.codehaus.jackson/jackson-xc/1.8.8/52efa08bc1e4cfea168f552b9e3088297d9d0926/jackson-xc-1.8.8.jar, file:/Users/hpatel/.gradle/caches/modules-2/files-2.1/org.apache.hive/hive-metastore/0.13.1-cdh5.3.3/ca93686a17f064a5ab6587799721cddd7836e53a/hive-metastore-0.13.1-cdh5.3.3.jar, file:/Users/hpatel/.gradle/caches/modules-2/files-2.1/com.jolbox/bonecp/0.8.0.RELEASE/cec24ee9345b3678472bb1b8fdd6aa6b9428beb8/bonecp-0.8.0.RELEASE.jar, file:/Users/hpatel/.gradle/caches/modules-2/files-2.1/org.apache.derby/derby/10.10.1.1/9f6f910f0373adc1b23c10f9b4bb151b7e7449f/derby-10.10.1.1.jar, file:/Users/hpatel/.gradle/caches/modules-2/files-2.1/javax.jdo/jdo-api/3.0.1/58e7a538e020b73871e232eeb064835fd98a492/jdo-api-3.0.1.jar, file:/Users/hpatel/.gradle/caches/modules-2/files-2.1/javax.transaction/jta/1.1/2ca09f0b36ca7d71b762e14ea2ff09d5eac57558/jta-1.1.jar, file:/Users/hpatel/.gradle/caches/modules-2/files-2.1/org.apache.thrift/libthrift/0.9.0/9ba8df332b5db95ce7f3b7a83e44d796c3d014d3/libthrift-0.9.0.jar, file:/Users/hpatel/.gradle/caches/modules-2/files-2.1/org.apache.httpcomponents/httpcore/4.2.4/3b7f38df6de5dd8b500e602ae8c2dd5ee446f883/httpcore-4.2.4.jar, file:/Users/hpatel/.gradle/caches/modules-2/files-2.1/com.sun.jersey/jersey-core/1.14/693061de8b9b352b11e997b1dd4052677778852d/jersey-core-1.14.jar, file:/Users/hpatel/.gradle/caches/modules-2/files-2.1/commons-codec/commons-codec/1.6/b7f0fc8f61ecadeb3695f0b9464755eee44374d4/commons-codec-1.6.jar, file:/Users/hpatel/.gradle/caches/modules-2/files-2.1/io.netty/netty/3.7.0.Final/7a8c35599c68c0bf383df74469aa3e03d9aca87/netty-3.7.0.Final.jar]
15/09/06 13:13:48 INFO ExecReducer: thread classpath = [file:/Users/hpatel/.gradle/caches/2.1/workerMain/gradle-worker.jar, file:/Users/hpatel/Tech/Projects/CAT/ddsw_dev/hive-test/build/classes/test/, file:/Users/hpatel/Tech/Projects/CAT/ddsw_dev/hive-test/build/resources/test/, file:/Users/hpatel/Tech/Projects/CAT/ddsw_dev/hive-test/build/classes/main/, file:/Users/hpatel/Tech/Projects/CAT/ddsw_dev/hive-test/build/resources/main, file:/Users/hpatel/.gradle/caches/modules-2/files-2.1/junit/junit/4.11/4e031bb61df09069aeb2bffb4019e7a5034a4ee0/junit-4.11.jar, file:/Users/hpatel/.gradle/caches/modules-2/files-2.1/com.klarna/hiverunner/1.0.0/e26bb0655fff4d88fab91f331793d9fc1db392cc/HiveRunner-1.0.0.jar, file:/Users/hpatel/Tech/Projects/CAT/ddsw_dev/custom-cat-udfs/build/libs/custom-cat-udfs-0.1.38-SNAPSHOT.jar, file:/Users/hpatel/.gradle/caches/modules-2/files-2.1/org.apache.hadoop/hadoop-client/2.5.0-cdh5.3.3/ec3cd6a8cb043e73a42918934c5d3a3f2747c78b/hadoop-client-2.5.0-cdh5.3.3.jar, file:/Users/hpatel/.gradle/caches/modules-2/files-2.1/org.hsqldb/hsqldb/2.3.1/bd7153caa30958e1c64a3dd38b93e5a7442d9a0e/hsqldb-2.3.1.jar, file:/Users/hpatel/.gradle/caches/modules-2/files-2.1/org.apache.hadoop/hadoop-core/2.5.0-mr1-cdh5.3.3/f6f4a77f818757da51ae0244310855779c04c4be/hadoop-core-2.5.0-mr1-cdh5.3.3.jar, file:/Users/hpatel/.gradle/caches/modules-2/files-2.1/org.reflections/reflections/0.9.8/f723abb59bf512952bfc503838f70f81487a6993/reflections-0.9.8.jar, file:/Users/hpatel/.gradle/caches/modules-2/files-2.1/org.mockito/mockito-core/1.10.19/e8546f5bef4e061d8dd73895b4e8f40e3fe6effe/mockito-core-1.10.19.jar, file:/Users/hpatel/.gradle/caches/modules-2/files-2.1/org.hamcrest/hamcrest-core/1.3/42a25dc3219429f0e5d060061f71acb49bf010a0/hamcrest-core-1.3.jar, file:/Users/hpatel/.gradle/caches/modules-2/files-2.1/org.pentaho/pentaho-aggdesigner-algorithm/5.1.5-jhyde/c52379c645c6c85300e645dff7c72653bf85baa2/pentaho-aggdesigner-algorithm-5.1.5-jhyde.jar, file:/Users/hpatel/.gradle/caches/modules-2/files-2.1/org.apache.hive/hive-serde/0.13.1-cdh5.3.3/9cee47c844d726e9bcef6ab292e1319b7fbddaa3/hive-serde-0.13.1-cdh5.3.3.jar, file:/Users/hpatel/.gradle/caches/modules-2/files-2.1/org.apache.hadoop/hadoop-common/2.5.0-cdh5.3.3/f0862eb1dc33c1807ea29a248af75551e3c6836a/hadoop-common-2.5.0-cdh5.3.3.jar, file:/Users/hpatel/.gradle/caches/modules-2/files-2.1/org.apache.hive/hive-contrib/0.13.1-cdh5.3.3/bf89b429c9b173ac275dc0c1623f5c30e780ee98/hive-contrib-0.13.1-cdh5.3.3.jar, file:/Users/hpatel/.gradle/caches/modules-2/files-2.1/org.datanucleus/datanucleus-core/3.2.12/3212183bb5a2826cd5ff194b9a54619dd0bdf31f/datanucleus-core-3.2.12.jar, file:/Users/hpatel/.gradle/caches/modules-2/files-2.1/org.datanucleus/datanucleus-rdbms/3.2.11/5b053144c89fdff1505b853aa7f1e5ba7657da75/datanucleus-rdbms-3.2.11.jar, file:/Users/hpatel/.gradle/caches/modules-2/files-2.1/org.datanucleus/datanucleus-api-jdo/3.2.8/efc60221fbc91e95cf5758b98c6c5531660696cb/datanucleus-api-jdo-3.2.8.jar, file:/Users/hpatel/.gradle/caches/modules-2/files-2.1/org.apache.hive/hive-shims/0.13.1-cdh5.3.3/47b029532c0b9d45526dcdd858823e6f9634ab81/hive-shims-0.13.1-cdh5.3.3.jar, file:/Users/hpatel/.gradle/caches/modules-2/files-2.1/org.apache.commons/commons-lang3/3.3.1/6738a2da2202ce360f0af90aba005c1e05a2c4cd/commons-lang3-3.3.1.jar, file:/Users/hpatel/.gradle/caches/modules-2/files-2.1/joda-time/joda-time/2.3/56498efd17752898cfcc3868c1b6211a07b12b8f/joda-time-2.3.jar, file:/Users/hpatel/.gradle/caches/modules-2/files-2.1/org.apache.hadoop/hadoop-hdfs/2.5.0-cdh5.3.3/5dd5e2be13d89a9eaab89d3a33bcdf6677671aa9/hadoop-hdfs-2.5.0-cdh5.3.3.jar, file:/Users/hpatel/.gradle/caches/modules-2/files-2.1/org.apache.hadoop/hadoop-mapreduce-client-app/2.5.0-cdh5.3.3/579948f8fa6d9d72bf507bd021fa3dcc0670e95f/hadoop-mapreduce-client-app-2.5.0-cdh5.3.3.jar, file:/Users/hpatel/.gradle/caches/modules-2/files-2.1/org.apache.hadoop/hadoop-yarn-api/2.5.0-cdh5.3.3/a6d9b4b7cbcacd000350a3e33c70269101b5fc79/hadoop-yarn-api-2.5.0-cdh5.3.3.jar, file:/Users/hpatel/.gradle/caches/modules-2/files-2.1/org.apache.hadoop/hadoop-mapreduce-client-core/2.5.0-cdh5.3.3/f2c8eaa2b8a5839a7781f04cf59c4d1abfefec9e/hadoop-mapreduce-client-core-2.5.0-cdh5.3.3.jar, file:/Users/hpatel/.gradle/caches/modules-2/files-2.1/org.apache.hadoop/hadoop-mapreduce-client-jobclient/2.5.0-cdh5.3.3/f8baecab9a91245a97e29e4867a7f5ae128ef8a9/hadoop-mapreduce-client-jobclient-2.5.0-cdh5.3.3.jar, file:/Users/hpatel/.gradle/caches/modules-2/files-2.1/org.apache.hadoop/hadoop-aws/2.5.0-cdh5.3.3/f712d9cf59c859914254bed5c87ee4e5a2204e78/hadoop-aws-2.5.0-cdh5.3.3.jar, file:/Users/hpatel/.gradle/caches/modules-2/files-2.1/org.apache.hadoop/hadoop-annotations/2.5.0-cdh5.3.3/e3b40743127d82ff7a6f263d00419368a46ce608/hadoop-annotations-2.5.0-cdh5.3.3.jar, file:/Users/hpatel/.gradle/caches/modules-2/files-2.1/commons-collections/commons-collections/3.2.1/761ea405b9b37ced573d2df0d1e3a4e0f9edc668/commons-collections-3.2.1.jar, file:/Users/hpatel/.gradle/caches/modules-2/files-2.1/commons-configuration/commons-configuration/1.6/32cadde23955d7681b0d94a2715846d20b425235/commons-configuration-1.6.jar, file:/Users/hpatel/.gradle/caches/modules-2/files-2.1/jline/jline/0.9.94/99a18e9a44834afdebc467294e1138364c207402/jline-0.9.94.jar, file:/Users/hpatel/.gradle/caches/modules-2/files-2.1/commons-cli/commons-cli/1.2/2bf96b7aa8b611c177d329452af1dc933e14501c/commons-cli-1.2.jar, file:/Users/hpatel/.gradle/caches/modules-2/files-2.1/xmlenc/xmlenc/0.52/d82554efbe65906d83b3d97bd7509289e9db561a/xmlenc-0.52.jar, file:/Users/hpatel/.gradle/caches/modules-2/files-2.1/commons-httpclient/commons-httpclient/3.1/964cd74171f427720480efdec40a7c7f6e58426a/commons-httpclient-3.1.jar, file:/Users/hpatel/.gradle/caches/modules-2/files-2.1/commons-net/commons-net/3.1/2298164a7c2484406f2aa5ac85b205d39019896f/commons-net-3.1.jar, file:/Users/hpatel/.gradle/caches/modules-2/files-2.1/tomcat/jasper-runtime/5.5.23/96ca5528a93ab47b001476b74320c644beb89dde/jasper-runtime-5.5.23.jar, file:/Users/hpatel/.gradle/caches/modules-2/files-2.1/tomcat/jasper-compiler/5.5.23/6d35bd7fb8c4fbc1f5401fb3678aa976d2e4c241/jasper-compiler-5.5.23.jar, file:/Users/hpatel/.gradle/caches/modules-2/files-2.1/javax.servlet.jsp/jsp-api/2.1/63f943103f250ef1f3a4d5e94d145a0f961f5316/jsp-api-2.1.jar, file:/Users/hpatel/.gradle/caches/modules-2/files-2.1/commons-el/commons-el/1.0/1df2c042b3f2de0124750241ac6c886dbfa2cc2c/commons-el-1.0.jar, file:/Users/hpatel/.gradle/caches/modules-2/files-2.1/javax.servlet/servlet-api/2.5/5959582d97d8b61f4d154ca9e495aafd16726e34/servlet-api-2.5.jar, file:/Users/hpatel/.gradle/caches/modules-2/files-2.1/hsqldb/hsqldb/1.8.0.10/7e9978fdb754bce5fcd5161133e7734ecb683036/hsqldb-1.8.0.10.jar, file:/Users/hpatel/.gradle/caches/modules-2/files-2.1/org.eclipse.jdt/core/3.1.1/88c83ce444cf46d02494da37c9fa1eebc9ce9cea/core-3.1.1.jar, file:/Users/hpatel/.gradle/caches/modules-2/files-2.1/javassist/javassist/3.12.1.GA/526633327faa61aee448a519e8a4d53ec3057885/javassist-3.12.1.GA.jar, file:/Users/hpatel/.gradle/caches/modules-2/files-2.1/dom4j/dom4j/1.6.1/5d3ccc056b6f056dbf0dddfdf43894b9065a8f94/dom4j-1.6.1.jar, file:/Users/hpatel/.gradle/caches/modules-2/files-2.1/org.objenesis/objenesis/2.1/87c0ea803b69252868d09308b4618f766f135a96/objenesis-2.1.jar, file:/Users/hpatel/.gradle/caches/modules-2/files-2.1/commons-logging/commons-logging/1.1.3/f6f66e966c70a83ffbdb6f17a0919eaf7c8aca7f/commons-logging-1.1.3.jar, file:/Users/hpatel/.gradle/caches/modules-2/files-2.1/org.apache.hive/hive-common/0.13.1-cdh5.3.3/e3fbf24d30a553c50ae4d4eed23f81b0e1211c5a/hive-common-0.13.1-cdh5.3.3.jar, file:/Users/hpatel/.gradle/caches/modules-2/files-2.1/org.apache.avro/avro/1.7.6-cdh5.3.3/6d90271293977d199ed07002bf35e2805405cc64/avro-1.7.6-cdh5.3.3.jar, file:/Users/hpatel/.gradle/caches/modules-2/files-2.1/net.sf.opencsv/opencsv/2.3/c23708cdb9e80a144db433e23344a788a1fd6599/opencsv-2.3.jar, file:/Users/hpatel/.gradle/caches/modules-2/files-2.1/com.sun.jersey/jersey-servlet/1.14/4b87041a59ee152757b62e47a21d5b63fde20ffe/jersey-servlet-1.14.jar, file:/Users/hpatel/.gradle/caches/modules-2/files-2.1/org.slf4j/slf4j-log4j12/1.7.5/6edffc576ce104ec769d954618764f39f0f0f10d/slf4j-log4j12-1.7.5.jar, file:/Users/hpatel/.gradle/caches/modules-2/files-2.1/org.apache.commons/commons-math3/3.1.1/6719d757a98ff24a83d9d727bef9cec83f59b6e1/commons-math3-3.1.1.jar, file:/Users/hpatel/.gradle/caches/modules-2/files-2.1/commons-io/commons-io/2.4/b1b6ea3b7e4aa4f492509a4952029cd8e48019ad/commons-io-2.4.jar, file:/Users/hpatel/.gradle/caches/modules-2/files-2.1/com.sun.jersey/jersey-json/1.9/1aa73e1896bcc7013fed247157d7f676226eb432/jersey-json-1.9.jar, file:/Users/hpatel/.gradle/caches/modules-2/files-2.1/log4j/log4j/1.2.17/5af35056b4d257e4b64b9e8069c0746e8b08629f/log4j-1.2.17.jar, file:/Users/hpatel/.gradle/caches/modules-2/files-2.1/com.google.code.gson/gson/2.2.4/a60a5e993c98c864010053cb901b7eab25306568/gson-2.2.4.jar, file:/Users/hpatel/.gradle/caches/modules-2/files-2.1/org.apache.hadoop/hadoop-auth/2.5.0-cdh5.3.3/847eb288da72acfdd7d202da5149dec6cd20ceba/hadoop-auth-2.5.0-cdh5.3.3.jar, file:/Users/hpatel/.gradle/caches/modules-2/files-2.1/com.jcraft/jsch/0.1.42/a86104b0f2e0c0bab5b0df836065823a99b5e334/jsch-0.1.42.jar, file:/Users/hpatel/.gradle/caches/modules-2/files-2.1/org.apache.curator/curator-client/2.6.0/b9007c357ad1a78066fc6004e8b1feaa2318f6f3/curator-client-2.6.0.jar, file:/Users/hpatel/.gradle/caches/modules-2/files-2.1/org.apache.curator/curator-recipes/2.6.0/8736b0fc42e6bf006d585fe85c90aaa4ade5cbef/curator-recipes-2.6.0.jar, file:/Users/hpatel/.gradle/caches/modules-2/files-2.1/com.google.code.findbugs/jsr305/1.3.9/40719ea6961c0cb6afaeb6a921eaa1f6afd4cfdf/jsr305-1.3.9.jar, file:/Users/hpatel/.gradle/caches/modules-2/files-2.1/org.apache.commons/commons-compress/1.4.1/b02e84a993d88568417536240e970c4b809126fd/commons-compress-1.4.1.jar, file:/Users/hpatel/.gradle/caches/modules-2/files-2.1/org.apache.hive.shims/hive-shims-common/0.13.1-cdh5.3.3/3d9e5245018fbde18f52c4ab25fc35afdec2fc0a/hive-shims-common-0.13.1-cdh5.3.3.jar, file:/Users/hpatel/.gradle/caches/modules-2/files-2.1/org.apache.hive.shims/hive-shims-common-secure/0.13.1-cdh5.3.3/6b29a16b2a41b89bdbbc681c257ad7f766a90bcb/hive-shims-common-secure-0.13.1-cdh5.3.3.jar, file:/Users/hpatel/.gradle/caches/modules-2/files-2.1/org.apache.hive.shims/hive-shims-0.23/0.13.1-cdh5.3.3/7ab834955a767af200d1d9151c204751637d9ca9/hive-shims-0.23-0.13.1-cdh5.3.3.jar, file:/Users/hpatel/.gradle/caches/modules-2/files-2.1/org.apache.hive.shims/hive-shims-scheduler/0.13.1-cdh5.3.3/b6644420b74f936a838f7f3fd2fa19c19add0449/hive-shims-scheduler-0.13.1-cdh5.3.3.jar, file:/Users/hpatel/.gradle/caches/modules-2/files-2.1/org.apache.hadoop/hadoop-mapreduce-client-common/2.5.0-cdh5.3.3/f0d777bb76ca9f540c0c81a45934f0f5cf9975b8/hadoop-mapreduce-client-common-2.5.0-cdh5.3.3.jar, file:/Users/hpatel/.gradle/caches/modules-2/files-2.1/org.apache.hadoop/hadoop-mapreduce-client-shuffle/2.5.0-cdh5.3.3/b6c4316f6fcc406edf7e5bd77c50e46034ad5519/hadoop-mapreduce-client-shuffle-2.5.0-cdh5.3.3.jar, file:/Users/hpatel/.gradle/caches/modules-2/files-2.1/org.apache.hadoop/hadoop-yarn-common/2.5.0-cdh5.3.3/9499713b674eae1aa714fcd0e95e0d09daaf3824/hadoop-yarn-common-2.5.0-cdh5.3.3.jar, file:/Users/hpatel/.gradle/caches/modules-2/files-2.1/com.fasterxml.jackson.core/jackson-databind/2.2.3/3ae380888029daefb91d3ecdca3a37d8cb92bc9/jackson-databind-2.2.3.jar, file:/Users/hpatel/.gradle/caches/modules-2/files-2.1/com.fasterxml.jackson.core/jackson-annotations/2.2.3/527fece4f23a457070a36c371a26d6c0208e1c3/jackson-annotations-2.2.3.jar, file:/Users/hpatel/.gradle/caches/modules-2/files-2.1/com.amazonaws/aws-java-sdk/1.7.4/2c24ccb6f1ab845a7df971951d4b41c709a6517d/aws-java-sdk-1.7.4.jar, file:/Users/hpatel/.gradle/caches/modules-2/files-2.1/commons-digester/commons-digester/1.8/dc6a73fdbd1fa3f0944e8497c6c872fa21dca37e/commons-digester-1.8.jar, file:/Users/hpatel/.gradle/caches/modules-2/files-2.1/commons-beanutils/commons-beanutils-core/1.8.0/175dc721f87e4bc5cc0573f990e28c3cf9117508/commons-beanutils-core-1.8.0.jar, file:/Users/hpatel/.gradle/caches/modules-2/files-2.1/xml-apis/xml-apis/1.0.b2/3136ca936f64c9d68529f048c2618bd356bf85c9/xml-apis-1.0.b2.jar, file:/Users/hpatel/.gradle/caches/modules-2/files-2.1/com.thoughtworks.paranamer/paranamer/2.3/4a85963a752c0a2f715c3924bfc686865e7e1bc6/paranamer-2.3.jar, file:/Users/hpatel/.gradle/caches/modules-2/files-2.1/org.xerial.snappy/snappy-java/1.0.5/10cb4550360a0ec6b80f09a5209d00b6058e82bf/snappy-java-1.0.5.jar, file:/Users/hpatel/.gradle/caches/modules-2/files-2.1/org.codehaus.jettison/jettison/1.1/1a01a2a1218fcf9faa2cc2a6ced025bdea687262/jettison-1.1.jar, file:/Users/hpatel/.gradle/caches/modules-2/files-2.1/com.sun.xml.bind/jaxb-impl/2.2.3-1/56baae106392040a45a06d4a41099173425da1e6/jaxb-impl-2.2.3-1.jar, file:/Users/hpatel/.gradle/caches/modules-2/files-2.1/org.apache.directory.server/apacheds-kerberos-codec/2.0.0-M15/1c16e4e477183641c5f0dd5cdecd27ec331bacb5/apacheds-kerberos-codec-2.0.0-M15.jar, file:/Users/hpatel/.gradle/caches/modules-2/files-2.1/org.apache.curator/curator-framework/2.6.0/81a699c39d127b5b4ff97cc77da7650b53e5b5ed/curator-framework-2.6.0.jar, file:/Users/hpatel/.gradle/caches/modules-2/files-2.1/org.tukaani/xz/1.0/ecff5cb8b1189514c9d1d8d68eb77ac372e000c9/xz-1.0.jar, file:/Users/hpatel/.gradle/caches/modules-2/files-2.1/org.apache.hadoop/hadoop-yarn-client/2.5.0-cdh5.3.3/2d2ce5d0138d02b20aefcfc1ee8dd6f691911f63/hadoop-yarn-client-2.5.0-cdh5.3.3.jar, file:/Users/hpatel/.gradle/caches/modules-2/files-2.1/org.apache.hadoop/hadoop-yarn-server-common/2.5.0-cdh5.3.3/d099fcc19f56d477fa6b5b47ae4e06bb97538778/hadoop-yarn-server-common-2.5.0-cdh5.3.3.jar, file:/Users/hpatel/.gradle/caches/modules-2/files-2.1/org.apache.hadoop/hadoop-yarn-server-nodemanager/2.5.0-cdh5.3.3/278b2d7a6454ce57a94ab02a88c0b188afc8facc/hadoop-yarn-server-nodemanager-2.5.0-cdh5.3.3.jar, file:/Users/hpatel/.gradle/caches/modules-2/files-2.1/org.fusesource.leveldbjni/leveldbjni-all/1.8/707350a2eeb1fa2ed77a32ddb3893ed308e941db/leveldbjni-all-1.8.jar, file:/Users/hpatel/.gradle/caches/modules-2/files-2.1/javax.xml.bind/jaxb-api/2.2.2/aeb3021ca93dde265796d82015beecdcff95bf09/jaxb-api-2.2.2.jar, file:/Users/hpatel/.gradle/caches/modules-2/files-2.1/com.google.inject/guice/3.0/9d84f15fe35e2c716a02979fb62f50a29f38aefa/guice-3.0.jar, file:/Users/hpatel/.gradle/caches/modules-2/files-2.1/com.sun.jersey.contribs/jersey-guice/1.9/5963c28c47df7e5d6ad34cec80c071c368777f7b/jersey-guice-1.9.jar, file:/Users/hpatel/.gradle/caches/modules-2/files-2.1/com.fasterxml.jackson.core/jackson-core/2.2.3/1a0113da2cab5f4c216b4e5e7c1dbfaa67087e14/jackson-core-2.2.3.jar, file:/Users/hpatel/.gradle/caches/modules-2/files-2.1/commons-beanutils/commons-beanutils/1.7.0/5675fd96b29656504b86029551973d60fb41339b/commons-beanutils-1.7.0.jar, file:/Users/hpatel/.gradle/caches/modules-2/files-2.1/org.apache.directory.server/apacheds-i18n/2.0.0-M15/71c61c84683152ec2a6a65f3f96fe534e304fa22/apacheds-i18n-2.0.0-M15.jar, file:/Users/hpatel/.gradle/caches/modules-2/files-2.1/org.apache.directory.api/api-asn1-api/1.0.0-M20/5e6486ffa3125ba44dc410ead166e1d6ba8ac76d/api-asn1-api-1.0.0-M20.jar, file:/Users/hpatel/.gradle/caches/modules-2/files-2.1/org.apache.directory.api/api-util/1.0.0-M20/a871abf060b3cf83fc6dc4d7e3d151fce50ac3cb/api-util-1.0.0-M20.jar, file:/Users/hpatel/.gradle/caches/modules-2/files-2.1/com.sun.jersey/jersey-client/1.9/d3c4b2b5f89db32c96ceddcb863684821910a7bb/jersey-client-1.9.jar, file:/Users/hpatel/.gradle/caches/modules-2/files-2.1/javax.xml.stream/stax-api/1.0-2/d6337b0de8b25e53e81b922352fbea9f9f57ba0b/stax-api-1.0-2.jar, file:/Users/hpatel/.gradle/caches/modules-2/files-2.1/javax.activation/activation/1.1/e6cb541461c2834bdea3eb920f1884d1eb508b50/activation-1.1.jar, file:/Users/hpatel/.gradle/caches/modules-2/files-2.1/javax.inject/javax.inject/1/6975da39a7040257bd51d21a231b76c915872d38/javax.inject-1.jar, file:/Users/hpatel/.gradle/caches/modules-2/files-2.1/aopalliance/aopalliance/1.0/235ba8b489512805ac13a8f9ea77a1ca5ebe3e8/aopalliance-1.0.jar, file:/Users/hpatel/.gradle/caches/modules-2/files-2.1/org.sonatype.sisu.inject/cglib/2.2.1-v20090111/7ce5e983fd0e6c78346f4c9cbfa39d83049dda2/cglib-2.2.1-v20090111.jar, file:/Users/hpatel/.gradle/caches/modules-2/files-2.1/asm/asm/3.1/c157def142714c544bdea2e6144645702adf7097/asm-3.1.jar, file:/Users/hpatel/.gradle/caches/modules-2/files-2.1/org.apache.hive/hive-service/0.13.1-cdh5.3.3/c7979b4213bfb62823d43ba726e0fea58032dd1e/hive-service-0.13.1-cdh5.3.3.jar, file:/Users/hpatel/.gradle/caches/modules-2/files-2.1/net.sf.jpam/jpam/1.1/cb3d91c2dfda767518a371dbb02edfd6a4aa0600/jpam-1.1.jar, file:/Users/hpatel/.gradle/caches/modules-2/files-2.1/org.eclipse.jetty.aggregate/jetty-all/7.6.0.v20120127/47bb68e3837e5c6422138dd1e0d4d75c60dce87a/jetty-all-7.6.0.v20120127.jar, file:/Users/hpatel/.gradle/caches/modules-2/files-2.1/org.apache.thrift/libfb303/0.9.0/639bd69767fdbd7f658ce8233248fe1cea635164/libfb303-0.9.0.jar, file:/Users/hpatel/.gradle/caches/modules-2/files-2.1/org.apache.geronimo.specs/geronimo-jta_1.1_spec/1.1.1/aabab3165b8ea936b9360abbf448459c0d04a5a4/geronimo-jta_1.1_spec-1.1.1.jar, file:/Users/hpatel/.gradle/caches/modules-2/files-2.1/javax.mail/mail/1.4.1/8b7bc69010655425dabf091b51d1e90b4de36715/mail-1.4.1.jar, file:/Users/hpatel/.gradle/caches/modules-2/files-2.1/org.apache.geronimo.specs/geronimo-jaspic_1.0_spec/1.0/44b95be7dae1147716dce5336419eafade880756/geronimo-jaspic_1.0_spec-1.0.jar, file:/Users/hpatel/.gradle/caches/modules-2/files-2.1/org.apache.geronimo.specs/geronimo-annotation_1.0_spec/1.1.1/47caa799389f69d297b86bf90523d431599c3796/geronimo-annotation_1.0_spec-1.1.1.jar, file:/Users/hpatel/.gradle/caches/modules-2/files-2.1/asm/asm-commons/3.1/1b607fbfe7889c6fdff1b7c16439ade0a60869ac/asm-commons-3.1.jar, file:/Users/hpatel/.gradle/caches/modules-2/files-2.1/asm/asm-tree/3.1/c9a5d4334ddf194ea492f22107d45119a5c5322f/asm-tree-3.1.jar, file:/Users/hpatel/.gradle/caches/modules-2/files-2.1/commons-lang/commons-lang/2.6/ce1edb914c94ebc388f086c6827e8bdeec71ac2/commons-lang-2.6.jar, file:/Users/hpatel/.gradle/caches/modules-2/files-2.1/org.mortbay.jetty/jetty/6.1.26.cloudera.4/d59325a5ff8ff18f7543bc3fbb9d5efa0c0ff521/jetty-6.1.26.cloudera.4.jar, file:/Users/hpatel/.gradle/caches/modules-2/files-2.1/org.mortbay.jetty/jetty-util/6.1.26.cloudera.4/b8507b7c5d3fd9a3d01775272cbf1a63f530c19d/jetty-util-6.1.26.cloudera.4.jar, file:/Users/hpatel/.gradle/caches/modules-2/files-2.1/net.java.dev.jets3t/jets3t/0.9.0/792bc96ee7e57b89f472aa0cb5a31015b9f59c96/jets3t-0.9.0.jar, file:/Users/hpatel/.gradle/caches/modules-2/files-2.1/com.jamesmurty.utils/java-xmlbuilder/0.4/ac5962e48cdee3a0a6e1f8e00fcb594747ac5aaf/java-xmlbuilder-0.4.jar, file:/Users/hpatel/.gradle/caches/modules-2/files-2.1/com.google.protobuf/protobuf-java/2.5.0/a10732c76bfacdbd633a7eb0f7968b1059a65dfa/protobuf-java-2.5.0.jar, file:/Users/hpatel/.gradle/caches/modules-2/files-2.1/org.apache.hive/hive-exec/0.13.1-cdh5.3.3/4d935274127f47dd9c0875efcf317ba49aef1219/hive-exec-0.13.1-cdh5.3.3.jar, file:/Users/hpatel/.gradle/caches/modules-2/files-2.1/org.apache.hive/hive-ant/0.13.1-cdh5.3.3/86954e92a903253177cd6935798c50a6c32b7b81/hive-ant-0.13.1-cdh5.3.3.jar, file:/Users/hpatel/.gradle/caches/modules-2/files-2.1/org.antlr/antlr-runtime/3.4/8f011408269a8e42b8548687e137d8eeb56df4b4/antlr-runtime-3.4.jar, file:/Users/hpatel/.gradle/caches/modules-2/files-2.1/org.antlr/ST4/4.0.4/467a2aa12be6d0f0f68c70eecf6714ab733027ac/ST4-4.0.4.jar, file:/Users/hpatel/.gradle/caches/modules-2/files-2.1/org.apache.ant/ant/1.9.1/35900c96dbebc85dcfbd71f4661059ebcf93c077/ant-1.9.1.jar, file:/Users/hpatel/.gradle/caches/modules-2/files-2.1/org.codehaus.groovy/groovy-all/2.1.6/165b8246372a829c1915611646f6d964010656cf/groovy-all-2.1.6.jar, file:/Users/hpatel/.gradle/caches/modules-2/files-2.1/stax/stax-api/1.0.1/49c100caf72d658aca8e58bd74a4ba90fa2b0d70/stax-api-1.0.1.jar, file:/Users/hpatel/.gradle/caches/modules-2/files-2.1/org.apache.velocity/velocity/1.5/9f306baf7523ffc0e81a6353d08a584d254133b/velocity-1.5.jar, file:/Users/hpatel/.gradle/caches/modules-2/files-2.1/org.antlr/stringtemplate/3.2.1/59ec8083721eae215c6f3caee944c410d2be34de/stringtemplate-3.2.1.jar, file:/Users/hpatel/.gradle/caches/modules-2/files-2.1/antlr/antlr/2.7.7/83cd2cd674a217ade95a4bb83a8a14f351f48bd0/antlr-2.7.7.jar, file:/Users/hpatel/.gradle/caches/modules-2/files-2.1/org.apache.ant/ant-launcher/1.9.1/7c71043ca185eaada9e36391dd022d92859327de/ant-launcher-1.9.1.jar, file:/Users/hpatel/.gradle/caches/modules-2/files-2.1/oro/oro/2.0.8/5592374f834645c4ae250f4c9fbb314c9369d698/oro-2.0.8.jar, file:/Users/hpatel/.gradle/caches/modules-2/files-2.1/org.codehaus.jackson/jackson-core-asl/1.9.13/3c304d70f42f832e0a86d45bd437f692129299a4/jackson-core-asl-1.9.13.jar, file:/Users/hpatel/.gradle/caches/modules-2/files-2.1/org.codehaus.jackson/jackson-mapper-asl/1.9.13/1ee2f2bed0e5dd29d1cb155a166e6f8d50bbddb7/jackson-mapper-asl-1.9.13.jar, file:/Users/hpatel/.gradle/caches/modules-2/files-2.1/org.slf4j/slf4j-api/1.7.6/562424e36df3d2327e8e9301a76027fca17d54ea/slf4j-api-1.7.6.jar, file:/Users/hpatel/.gradle/caches/modules-2/files-2.1/com.sun.jersey/jersey-server/1.14/b1a21724c9b708ed54d42d41bb19ff45ae1d49d9/jersey-server-1.14.jar, file:/Users/hpatel/.gradle/caches/modules-2/files-2.1/org.apache.httpcomponents/httpclient/4.2.5/666e26e76f2e87d84e4f16acb546481ae1b8e9a6/httpclient-4.2.5.jar, file:/Users/hpatel/.gradle/caches/modules-2/files-2.1/org.apache.zookeeper/zookeeper/3.4.6/1b2502e29da1ebaade2357cd1de35a855fa3755/zookeeper-3.4.6.jar, file:/Users/hpatel/.gradle/caches/modules-2/files-2.1/com.google.guava/guava/16.0.1/5fa98cd1a63c99a44dd8d3b77e4762b066a5d0c5/guava-16.0.1.jar, file:/Users/hpatel/.gradle/caches/modules-2/files-2.1/org.codehaus.jackson/jackson-jaxrs/1.8.8/71b16055388e9bd3991c3c3834e8e55098b789f1/jackson-jaxrs-1.8.8.jar, file:/Users/hpatel/.gradle/caches/modules-2/files-2.1/org.codehaus.jackson/jackson-xc/1.8.8/52efa08bc1e4cfea168f552b9e3088297d9d0926/jackson-xc-1.8.8.jar, file:/Users/hpatel/.gradle/caches/modules-2/files-2.1/org.apache.hive/hive-metastore/0.13.1-cdh5.3.3/ca93686a17f064a5ab6587799721cddd7836e53a/hive-metastore-0.13.1-cdh5.3.3.jar, file:/Users/hpatel/.gradle/caches/modules-2/files-2.1/com.jolbox/bonecp/0.8.0.RELEASE/cec24ee9345b3678472bb1b8fdd6aa6b9428beb8/bonecp-0.8.0.RELEASE.jar, file:/Users/hpatel/.gradle/caches/modules-2/files-2.1/org.apache.derby/derby/10.10.1.1/9f6f910f0373adc1b23c10f9b4bb151b7e7449f/derby-10.10.1.1.jar, file:/Users/hpatel/.gradle/caches/modules-2/files-2.1/javax.jdo/jdo-api/3.0.1/58e7a538e020b73871e232eeb064835fd98a492/jdo-api-3.0.1.jar, file:/Users/hpatel/.gradle/caches/modules-2/files-2.1/javax.transaction/jta/1.1/2ca09f0b36ca7d71b762e14ea2ff09d5eac57558/jta-1.1.jar, file:/Users/hpatel/.gradle/caches/modules-2/files-2.1/org.apache.thrift/libthrift/0.9.0/9ba8df332b5db95ce7f3b7a83e44d796c3d014d3/libthrift-0.9.0.jar, file:/Users/hpatel/.gradle/caches/modules-2/files-2.1/org.apache.httpcomponents/httpcore/4.2.4/3b7f38df6de5dd8b500e602ae8c2dd5ee446f883/httpcore-4.2.4.jar, file:/Users/hpatel/.gradle/caches/modules-2/files-2.1/com.sun.jersey/jersey-core/1.14/693061de8b9b352b11e997b1dd4052677778852d/jersey-core-1.14.jar, file:/Users/hpatel/.gradle/caches/modules-2/files-2.1/commons-codec/commons-codec/1.6/b7f0fc8f61ecadeb3695f0b9464755eee44374d4/commons-codec-1.6.jar, file:/Users/hpatel/.gradle/caches/modules-2/files-2.1/io.netty/netty/3.7.0.Final/7a8c35599c68c0bf383df74469aa3e03d9aca87/netty-3.7.0.Final.jar]
15/09/06 13:13:48 INFO mr.ObjectCache: Ignoring retrieval request: __REDUCE_PLAN__
15/09/06 13:13:48 INFO log.PerfLogger: <PERFLOG method=deserializePlan from=org.apache.hadoop.hive.ql.exec.Utilities>
15/09/06 13:13:48 INFO exec.Utilities: Deserializing ReduceWork via kryo
15/09/06 13:13:48 INFO log.PerfLogger: </PERFLOG method=deserializePlan start=1441563228864 end=1441563228878 duration=14 from=org.apache.hadoop.hive.ql.exec.Utilities>
15/09/06 13:13:48 INFO mr.ObjectCache: Ignoring cache key: __REDUCE_PLAN__
15/09/06 13:13:48 INFO ExecReducer: 
<GBY>Id =89
  <Children>
    <SEL>Id =90
      <Children>
        <FS>Id =91
          <Children>
          <\Children>
          <Parent>Id = 90 null<\Parent>
        <\FS>
      <\Children>
      <Parent>Id = 89 null<\Parent>
    <\SEL>
  <\Children>
  <Parent><\Parent>
<\GBY>
15/09/06 13:13:48 INFO exec.GroupByOperator: Initializing Self 89 GBY
15/09/06 13:13:48 INFO exec.GroupByOperator: Operator 89 GBY initialized
15/09/06 13:13:48 INFO exec.GroupByOperator: Initializing children of 89 GBY
15/09/06 13:13:48 INFO exec.SelectOperator: Initializing child 90 SEL
15/09/06 13:13:48 INFO exec.SelectOperator: Initializing Self 90 SEL
15/09/06 13:13:48 INFO exec.SelectOperator: SELECT struct<_col0:bigint>
15/09/06 13:13:48 INFO exec.SelectOperator: Operator 90 SEL initialized
15/09/06 13:13:48 INFO exec.SelectOperator: Initializing children of 90 SEL
15/09/06 13:13:48 INFO exec.FileSinkOperator: Initializing child 91 FS
15/09/06 13:13:48 INFO exec.FileSinkOperator: Initializing Self 91 FS
15/09/06 13:13:48 INFO exec.FileSinkOperator: Operator 91 FS initialized
15/09/06 13:13:48 INFO exec.FileSinkOperator: Initialization Done 91 FS
15/09/06 13:13:48 INFO exec.SelectOperator: Initialization Done 90 SEL
15/09/06 13:13:48 INFO exec.GroupByOperator: Initialization Done 89 GBY
15/09/06 13:13:48 INFO ExecReducer: ExecReducer: processing 1 rows: used memory = 410721672
15/09/06 13:13:48 INFO ExecReducer: ExecReducer: processed 1 rows: used memory = 410721672
15/09/06 13:13:48 INFO exec.GroupByOperator: 89 finished. closing... 
15/09/06 13:13:48 INFO exec.FileSinkOperator: Final Path: FS file:/var/folders/y7/4_pz5fzx54ngcmghz3v6t3m00000gn/T/junit4238406739563525852/scratchdir/hive_2015-09-06_13-13-48_541_4027994171063117677-1/-mr-10000/.hive-staging_hive_2015-09-06_13-13-48_541_4027994171063117677-1/_tmp.-ext-10001/000000_0
15/09/06 13:13:48 INFO exec.FileSinkOperator: Writing to temp file: FS file:/var/folders/y7/4_pz5fzx54ngcmghz3v6t3m00000gn/T/junit4238406739563525852/scratchdir/hive_2015-09-06_13-13-48_541_4027994171063117677-1/-mr-10000/.hive-staging_hive_2015-09-06_13-13-48_541_4027994171063117677-1/_task_tmp.-ext-10001/_tmp.000000_0
15/09/06 13:13:48 INFO exec.FileSinkOperator: New Final Path: FS file:/var/folders/y7/4_pz5fzx54ngcmghz3v6t3m00000gn/T/junit4238406739563525852/scratchdir/hive_2015-09-06_13-13-48_541_4027994171063117677-1/-mr-10000/.hive-staging_hive_2015-09-06_13-13-48_541_4027994171063117677-1/_tmp.-ext-10001/000000_0
15/09/06 13:13:48 INFO exec.SelectOperator: 90 finished. closing... 
15/09/06 13:13:48 INFO exec.FileSinkOperator: 91 finished. closing... 
15/09/06 13:13:48 INFO exec.FileSinkOperator: FS[91]: records written - 1
15/09/06 13:13:48 INFO exec.FileSinkOperator: RECORDS_OUT_0:1
15/09/06 13:13:48 INFO exec.FileSinkOperator: 91 Close done
15/09/06 13:13:48 INFO exec.SelectOperator: 90 Close done
15/09/06 13:13:48 INFO exec.GroupByOperator: 89 Close done
15/09/06 13:13:48 INFO mapred.Task: Task:attempt_local1133002080_0006_r_000000_0 is done. And is in the process of commiting
15/09/06 13:13:48 INFO mapred.LocalJobRunner: reduce > reduce
15/09/06 13:13:48 INFO mapred.Task: Task 'attempt_local1133002080_0006_r_000000_0' done.
2015-09-06 13:13:48,889 Stage-1 map = 100%,  reduce = 100%
15/09/06 13:13:48 INFO exec.Task: 2015-09-06 13:13:48,889 Stage-1 map = 100%,  reduce = 100%
Ended Job = job_local1133002080_0006
15/09/06 13:13:48 INFO exec.Task: Ended Job = job_local1133002080_0006
15/09/06 13:13:48 INFO exec.FileSinkOperator: Moving tmp dir: file:/var/folders/y7/4_pz5fzx54ngcmghz3v6t3m00000gn/T/junit4238406739563525852/scratchdir/hive_2015-09-06_13-13-48_541_4027994171063117677-1/-mr-10000/.hive-staging_hive_2015-09-06_13-13-48_541_4027994171063117677-1/_tmp.-ext-10001 to: file:/var/folders/y7/4_pz5fzx54ngcmghz3v6t3m00000gn/T/junit4238406739563525852/scratchdir/hive_2015-09-06_13-13-48_541_4027994171063117677-1/-mr-10000/.hive-staging_hive_2015-09-06_13-13-48_541_4027994171063117677-1/-ext-10001
15/09/06 13:13:48 INFO log.PerfLogger: </PERFLOG method=runTasks start=1441563228646 end=1441563228891 duration=245 from=org.apache.hadoop.hive.ql.Driver>
15/09/06 13:13:48 INFO log.PerfLogger: </PERFLOG method=Driver.execute start=1441563228646 end=1441563228891 duration=245 from=org.apache.hadoop.hive.ql.Driver>
MapReduce Jobs Launched: 
15/09/06 13:13:48 INFO ql.Driver: MapReduce Jobs Launched: 
Stage-Stage-1:  HDFS Read: 0 HDFS Write: 0 SUCCESS
15/09/06 13:13:48 INFO ql.Driver: Stage-Stage-1:  HDFS Read: 0 HDFS Write: 0 SUCCESS
Total MapReduce CPU Time Spent: 0 msec
15/09/06 13:13:48 INFO ql.Driver: Total MapReduce CPU Time Spent: 0 msec
OK
15/09/06 13:13:48 INFO ql.Driver: OK
15/09/06 13:13:48 INFO log.PerfLogger: <PERFLOG method=releaseLocks from=org.apache.hadoop.hive.ql.Driver>
15/09/06 13:13:48 INFO log.PerfLogger: </PERFLOG method=releaseLocks start=1441563228891 end=1441563228891 duration=0 from=org.apache.hadoop.hive.ql.Driver>
15/09/06 13:13:48 INFO log.PerfLogger: </PERFLOG method=Driver.run start=1441563228541 end=1441563228891 duration=350 from=org.apache.hadoop.hive.ql.Driver>
15/09/06 13:13:48 INFO mapred.FileInputFormat: Total input paths to process : 1
15/09/06 13:13:48 INFO service.HiveServer: Running the query: USE default
15/09/06 13:13:48 INFO exec.ListSinkOperator: 87 finished. closing... 
15/09/06 13:13:48 INFO exec.ListSinkOperator: 87 Close done
15/09/06 13:13:48 INFO log.PerfLogger: <PERFLOG method=Driver.run from=org.apache.hadoop.hive.ql.Driver>
15/09/06 13:13:48 INFO log.PerfLogger: <PERFLOG method=TimeToSubmit from=org.apache.hadoop.hive.ql.Driver>
15/09/06 13:13:48 INFO ql.Driver: Concurrency mode is disabled, not creating a lock manager
15/09/06 13:13:48 INFO log.PerfLogger: <PERFLOG method=compile from=org.apache.hadoop.hive.ql.Driver>
15/09/06 13:13:48 INFO log.PerfLogger: <PERFLOG method=parse from=org.apache.hadoop.hive.ql.Driver>
15/09/06 13:13:48 INFO parse.ParseDriver: Parsing command: USE default
15/09/06 13:13:48 INFO parse.ParseDriver: Parse Completed
15/09/06 13:13:48 INFO log.PerfLogger: </PERFLOG method=parse start=1441563228895 end=1441563228895 duration=0 from=org.apache.hadoop.hive.ql.Driver>
15/09/06 13:13:48 INFO log.PerfLogger: <PERFLOG method=semanticAnalyze from=org.apache.hadoop.hive.ql.Driver>
15/09/06 13:13:48 INFO ql.Driver: Semantic Analysis Completed
15/09/06 13:13:48 INFO log.PerfLogger: </PERFLOG method=semanticAnalyze start=1441563228895 end=1441563228896 duration=1 from=org.apache.hadoop.hive.ql.Driver>
15/09/06 13:13:48 INFO ql.Driver: Returning Hive schema: Schema(fieldSchemas:null, properties:null)
15/09/06 13:13:48 INFO log.PerfLogger: </PERFLOG method=compile start=1441563228895 end=1441563228896 duration=1 from=org.apache.hadoop.hive.ql.Driver>
15/09/06 13:13:48 INFO log.PerfLogger: <PERFLOG method=Driver.execute from=org.apache.hadoop.hive.ql.Driver>
15/09/06 13:13:48 INFO ql.Driver: Starting command: USE default
15/09/06 13:13:48 INFO log.PerfLogger: </PERFLOG method=TimeToSubmit start=1441563228895 end=1441563228896 duration=1 from=org.apache.hadoop.hive.ql.Driver>
15/09/06 13:13:48 INFO log.PerfLogger: <PERFLOG method=runTasks from=org.apache.hadoop.hive.ql.Driver>
15/09/06 13:13:48 INFO log.PerfLogger: <PERFLOG method=task.DDL.Stage-0 from=org.apache.hadoop.hive.ql.Driver>
15/09/06 13:13:48 INFO metastore.HiveMetaStore: 0: get_database: default
15/09/06 13:13:48 INFO HiveMetaStore.audit: ugi=hpatel	ip=unknown-ip-addr	cmd=get_database: default	
15/09/06 13:13:48 INFO metastore.HiveMetaStore: 0: get_database: default
15/09/06 13:13:48 INFO HiveMetaStore.audit: ugi=hpatel	ip=unknown-ip-addr	cmd=get_database: default	
15/09/06 13:13:48 INFO log.PerfLogger: </PERFLOG method=runTasks start=1441563228896 end=1441563228901 duration=5 from=org.apache.hadoop.hive.ql.Driver>
15/09/06 13:13:48 INFO log.PerfLogger: </PERFLOG method=Driver.execute start=1441563228896 end=1441563228901 duration=5 from=org.apache.hadoop.hive.ql.Driver>
OK
15/09/06 13:13:48 INFO ql.Driver: OK
15/09/06 13:13:48 INFO log.PerfLogger: <PERFLOG method=releaseLocks from=org.apache.hadoop.hive.ql.Driver>
15/09/06 13:13:48 INFO log.PerfLogger: </PERFLOG method=releaseLocks start=1441563228901 end=1441563228901 duration=0 from=org.apache.hadoop.hive.ql.Driver>
15/09/06 13:13:48 INFO log.PerfLogger: </PERFLOG method=Driver.run start=1441563228895 end=1441563228901 duration=6 from=org.apache.hadoop.hive.ql.Driver>
15/09/06 13:13:48 INFO metastore.HiveMetaStore: 0: Shutting down the object store...
15/09/06 13:13:48 INFO HiveMetaStore.audit: ugi=hpatel	ip=unknown-ip-addr	cmd=Shutting down the object store...	
15/09/06 13:13:48 INFO metastore.HiveMetaStore: 0: Metastore shutdown complete.
15/09/06 13:13:48 INFO HiveMetaStore.audit: ugi=hpatel	ip=unknown-ip-addr	cmd=Metastore shutdown complete.	
15/09/06 13:13:48 INFO hiverunner.HiveServerContainer: Tore down HiveServer instance
15/09/06 13:13:48 INFO metastore.HiveMetaStore: 0: Opening raw store with implemenation class:org.apache.hadoop.hive.metastore.ObjectStore
15/09/06 13:13:48 INFO metastore.ObjectStore: ObjectStore, initialize called
15/09/06 13:13:48 INFO DataNucleus.Persistence: Property datanucleus.cache.level2 unknown - will be ignored
15/09/06 13:13:48 INFO DataNucleus.Persistence: Property hive.metastore.integral.jdo.pushdown unknown - will be ignored
15/09/06 13:13:49 INFO metastore.ObjectStore: Setting MetaStore object pin classes with hive.metastore.cache.pinobjtypes="Table,StorageDescriptor,SerDeInfo,Partition,Database,Type,FieldSchema,Order"
15/09/06 13:13:49 INFO metastore.MetaStoreDirectSql: MySQL check failed, assuming we are not on mysql: unknown token: 
15/09/06 13:13:49 INFO DataNucleus.Datastore: The class "org.apache.hadoop.hive.metastore.model.MFieldSchema" is tagged as "embedded-only" so does not have its own datastore table.
15/09/06 13:13:49 INFO DataNucleus.Datastore: The class "org.apache.hadoop.hive.metastore.model.MOrder" is tagged as "embedded-only" so does not have its own datastore table.
15/09/06 13:13:49 INFO DataNucleus.Datastore: The class "org.apache.hadoop.hive.metastore.model.MFieldSchema" is tagged as "embedded-only" so does not have its own datastore table.
15/09/06 13:13:49 INFO DataNucleus.Datastore: The class "org.apache.hadoop.hive.metastore.model.MOrder" is tagged as "embedded-only" so does not have its own datastore table.
15/09/06 13:13:49 INFO metastore.ObjectStore: Initialized ObjectStore
15/09/06 13:13:49 INFO metastore.HiveMetaStore: No user is added in admin role, since config is empty
15/09/06 13:13:49 INFO metastore.HiveMetaStore: 0: Shutting down the object store...
15/09/06 13:13:49 INFO HiveMetaStore.audit: ugi=hpatel	ip=unknown-ip-addr	cmd=Shutting down the object store...	
15/09/06 13:13:49 INFO metastore.HiveMetaStore: 0: Metastore shutdown complete.
15/09/06 13:13:49 INFO HiveMetaStore.audit: ugi=hpatel	ip=unknown-ip-addr	cmd=Metastore shutdown complete.	
15/09/06 13:13:49 INFO metastore.HiveMetaStore: No user is added in admin role, since config is empty
15/09/06 13:13:49 INFO session.SessionState: No Tez session required at this point. hive.execution.engine=mr.
15/09/06 13:13:49 INFO service.HiveServer: Putting temp output to file /var/folders/y7/4_pz5fzx54ngcmghz3v6t3m00000gn/T/junit8690338365344900462/localscratchdir/1c120822-508b-42cf-bff2-980dda2b44249190837742919346609.pipeout
15/09/06 13:13:49 INFO service.HiveServer: Running the query: SHOW TABLES
15/09/06 13:13:49 INFO log.PerfLogger: <PERFLOG method=Driver.run from=org.apache.hadoop.hive.ql.Driver>
15/09/06 13:13:49 INFO log.PerfLogger: <PERFLOG method=TimeToSubmit from=org.apache.hadoop.hive.ql.Driver>
15/09/06 13:13:49 INFO ql.Driver: Concurrency mode is disabled, not creating a lock manager
15/09/06 13:13:49 INFO log.PerfLogger: <PERFLOG method=compile from=org.apache.hadoop.hive.ql.Driver>
15/09/06 13:13:49 INFO log.PerfLogger: <PERFLOG method=parse from=org.apache.hadoop.hive.ql.Driver>
15/09/06 13:13:49 INFO parse.ParseDriver: Parsing command: SHOW TABLES
15/09/06 13:13:49 INFO parse.ParseDriver: Parse Completed
15/09/06 13:13:49 INFO log.PerfLogger: </PERFLOG method=parse start=1441563229246 end=1441563229246 duration=0 from=org.apache.hadoop.hive.ql.Driver>
15/09/06 13:13:49 INFO log.PerfLogger: <PERFLOG method=semanticAnalyze from=org.apache.hadoop.hive.ql.Driver>
15/09/06 13:13:49 INFO ql.Driver: Semantic Analysis Completed
15/09/06 13:13:49 INFO log.PerfLogger: </PERFLOG method=semanticAnalyze start=1441563229246 end=1441563229250 duration=4 from=org.apache.hadoop.hive.ql.Driver>
15/09/06 13:13:49 INFO exec.ListSinkOperator: Initializing Self 96 OP
15/09/06 13:13:49 INFO exec.ListSinkOperator: Operator 96 OP initialized
15/09/06 13:13:49 INFO exec.ListSinkOperator: Initialization Done 96 OP
15/09/06 13:13:49 INFO ql.Driver: Returning Hive schema: Schema(fieldSchemas:[FieldSchema(name:tab_name, type:string, comment:from deserializer)], properties:null)
15/09/06 13:13:49 INFO log.PerfLogger: </PERFLOG method=compile start=1441563229245 end=1441563229251 duration=6 from=org.apache.hadoop.hive.ql.Driver>
15/09/06 13:13:49 INFO log.PerfLogger: <PERFLOG method=Driver.execute from=org.apache.hadoop.hive.ql.Driver>
15/09/06 13:13:49 INFO ql.Driver: Starting command: SHOW TABLES
15/09/06 13:13:49 INFO log.PerfLogger: </PERFLOG method=TimeToSubmit start=1441563229245 end=1441563229251 duration=6 from=org.apache.hadoop.hive.ql.Driver>
15/09/06 13:13:49 INFO log.PerfLogger: <PERFLOG method=runTasks from=org.apache.hadoop.hive.ql.Driver>
15/09/06 13:13:49 INFO log.PerfLogger: <PERFLOG method=task.DDL.Stage-0 from=org.apache.hadoop.hive.ql.Driver>
15/09/06 13:13:49 INFO metastore.HiveMetaStore: 0: get_database: default
15/09/06 13:13:49 INFO HiveMetaStore.audit: ugi=hpatel	ip=unknown-ip-addr	cmd=get_database: default	
15/09/06 13:13:49 INFO metastore.HiveMetaStore: 0: Opening raw store with implemenation class:org.apache.hadoop.hive.metastore.ObjectStore
15/09/06 13:13:49 INFO metastore.ObjectStore: ObjectStore, initialize called
15/09/06 13:13:49 INFO metastore.MetaStoreDirectSql: MySQL check failed, assuming we are not on mysql: unknown token: 
15/09/06 13:13:49 INFO DataNucleus.Query: Reading in results for query "org.datanucleus.store.rdbms.query.SQLQuery@0" since the connection used is closing
15/09/06 13:13:49 INFO metastore.ObjectStore: Initialized ObjectStore
15/09/06 13:13:49 INFO metastore.HiveMetaStore: 0: get_tables: db=default pat=.*
15/09/06 13:13:49 INFO HiveMetaStore.audit: ugi=hpatel	ip=unknown-ip-addr	cmd=get_tables: db=default pat=.*	
15/09/06 13:13:49 INFO log.PerfLogger: </PERFLOG method=runTasks start=1441563229251 end=1441563229264 duration=13 from=org.apache.hadoop.hive.ql.Driver>
15/09/06 13:13:49 INFO log.PerfLogger: </PERFLOG method=Driver.execute start=1441563229251 end=1441563229264 duration=13 from=org.apache.hadoop.hive.ql.Driver>
OK
15/09/06 13:13:49 INFO ql.Driver: OK
15/09/06 13:13:49 INFO log.PerfLogger: <PERFLOG method=releaseLocks from=org.apache.hadoop.hive.ql.Driver>
15/09/06 13:13:49 INFO log.PerfLogger: </PERFLOG method=releaseLocks start=1441563229265 end=1441563229265 duration=0 from=org.apache.hadoop.hive.ql.Driver>
15/09/06 13:13:49 INFO log.PerfLogger: </PERFLOG method=Driver.run start=1441563229245 end=1441563229265 duration=20 from=org.apache.hadoop.hive.ql.Driver>
15/09/06 13:13:49 INFO builder.HiveShellTearable: Executing script: CREATE TEMPORARY FUNCTION custom_utc_timestamp AS 'com.cloudera.sa.cat.udfs.CustomUTCTimestamp';
CREATE TEMPORARY FUNCTION format_mr_timestamp AS 'com.cloudera.sa.cat.udfs.FormatMRTimeStamp';

15/09/06 13:13:49 INFO service.HiveServer: Running the query: CREATE TEMPORARY FUNCTION custom_utc_timestamp AS 'com.cloudera.sa.cat.udfs.CustomUTCTimestamp'
15/09/06 13:13:49 INFO exec.ListSinkOperator: 96 finished. closing... 
15/09/06 13:13:49 INFO exec.ListSinkOperator: 96 Close done
15/09/06 13:13:49 INFO log.PerfLogger: <PERFLOG method=Driver.run from=org.apache.hadoop.hive.ql.Driver>
15/09/06 13:13:49 INFO log.PerfLogger: <PERFLOG method=TimeToSubmit from=org.apache.hadoop.hive.ql.Driver>
15/09/06 13:13:49 INFO ql.Driver: Concurrency mode is disabled, not creating a lock manager
15/09/06 13:13:49 INFO log.PerfLogger: <PERFLOG method=compile from=org.apache.hadoop.hive.ql.Driver>
15/09/06 13:13:49 INFO log.PerfLogger: <PERFLOG method=parse from=org.apache.hadoop.hive.ql.Driver>
15/09/06 13:13:49 INFO parse.ParseDriver: Parsing command: CREATE TEMPORARY FUNCTION custom_utc_timestamp AS 'com.cloudera.sa.cat.udfs.CustomUTCTimestamp'
15/09/06 13:13:49 INFO parse.ParseDriver: Parse Completed
15/09/06 13:13:49 INFO log.PerfLogger: </PERFLOG method=parse start=1441563229266 end=1441563229266 duration=0 from=org.apache.hadoop.hive.ql.Driver>
15/09/06 13:13:49 INFO log.PerfLogger: <PERFLOG method=semanticAnalyze from=org.apache.hadoop.hive.ql.Driver>
15/09/06 13:13:49 INFO metastore.HiveMetaStore: 0: get_database: default
15/09/06 13:13:49 INFO HiveMetaStore.audit: ugi=hpatel	ip=unknown-ip-addr	cmd=get_database: default	
15/09/06 13:13:49 INFO parse.FunctionSemanticAnalyzer: analyze done
15/09/06 13:13:49 INFO ql.Driver: Semantic Analysis Completed
15/09/06 13:13:49 INFO log.PerfLogger: </PERFLOG method=semanticAnalyze start=1441563229266 end=1441563229269 duration=3 from=org.apache.hadoop.hive.ql.Driver>
15/09/06 13:13:49 INFO ql.Driver: Returning Hive schema: Schema(fieldSchemas:null, properties:null)
15/09/06 13:13:49 INFO log.PerfLogger: </PERFLOG method=compile start=1441563229266 end=1441563229269 duration=3 from=org.apache.hadoop.hive.ql.Driver>
15/09/06 13:13:49 INFO log.PerfLogger: <PERFLOG method=Driver.execute from=org.apache.hadoop.hive.ql.Driver>
15/09/06 13:13:49 INFO ql.Driver: Starting command: CREATE TEMPORARY FUNCTION custom_utc_timestamp AS 'com.cloudera.sa.cat.udfs.CustomUTCTimestamp'
15/09/06 13:13:49 INFO log.PerfLogger: </PERFLOG method=TimeToSubmit start=1441563229266 end=1441563229269 duration=3 from=org.apache.hadoop.hive.ql.Driver>
15/09/06 13:13:49 INFO log.PerfLogger: <PERFLOG method=runTasks from=org.apache.hadoop.hive.ql.Driver>
15/09/06 13:13:49 INFO log.PerfLogger: <PERFLOG method=task.FUNCTION.Stage-0 from=org.apache.hadoop.hive.ql.Driver>
15/09/06 13:13:49 INFO log.PerfLogger: </PERFLOG method=runTasks start=1441563229269 end=1441563229269 duration=0 from=org.apache.hadoop.hive.ql.Driver>
15/09/06 13:13:49 INFO log.PerfLogger: </PERFLOG method=Driver.execute start=1441563229269 end=1441563229269 duration=0 from=org.apache.hadoop.hive.ql.Driver>
OK
15/09/06 13:13:49 INFO ql.Driver: OK
15/09/06 13:13:49 INFO log.PerfLogger: <PERFLOG method=releaseLocks from=org.apache.hadoop.hive.ql.Driver>
15/09/06 13:13:49 INFO log.PerfLogger: </PERFLOG method=releaseLocks start=1441563229270 end=1441563229270 duration=0 from=org.apache.hadoop.hive.ql.Driver>
15/09/06 13:13:49 INFO log.PerfLogger: </PERFLOG method=Driver.run start=1441563229266 end=1441563229270 duration=4 from=org.apache.hadoop.hive.ql.Driver>
15/09/06 13:13:49 INFO service.HiveServer: Running the query: 
CREATE TEMPORARY FUNCTION format_mr_timestamp AS 'com.cloudera.sa.cat.udfs.FormatMRTimeStamp'
15/09/06 13:13:49 INFO log.PerfLogger: <PERFLOG method=Driver.run from=org.apache.hadoop.hive.ql.Driver>
15/09/06 13:13:49 INFO log.PerfLogger: <PERFLOG method=TimeToSubmit from=org.apache.hadoop.hive.ql.Driver>
15/09/06 13:13:49 INFO ql.Driver: Concurrency mode is disabled, not creating a lock manager
15/09/06 13:13:49 INFO log.PerfLogger: <PERFLOG method=compile from=org.apache.hadoop.hive.ql.Driver>
15/09/06 13:13:49 INFO log.PerfLogger: <PERFLOG method=parse from=org.apache.hadoop.hive.ql.Driver>
15/09/06 13:13:49 INFO parse.ParseDriver: Parsing command: 
CREATE TEMPORARY FUNCTION format_mr_timestamp AS 'com.cloudera.sa.cat.udfs.FormatMRTimeStamp'
15/09/06 13:13:49 INFO parse.ParseDriver: Parse Completed
15/09/06 13:13:49 INFO log.PerfLogger: </PERFLOG method=parse start=1441563229270 end=1441563229271 duration=1 from=org.apache.hadoop.hive.ql.Driver>
15/09/06 13:13:49 INFO log.PerfLogger: <PERFLOG method=semanticAnalyze from=org.apache.hadoop.hive.ql.Driver>
15/09/06 13:13:49 INFO metastore.HiveMetaStore: 0: get_database: default
15/09/06 13:13:49 INFO HiveMetaStore.audit: ugi=hpatel	ip=unknown-ip-addr	cmd=get_database: default	
15/09/06 13:13:49 INFO parse.FunctionSemanticAnalyzer: analyze done
15/09/06 13:13:49 INFO ql.Driver: Semantic Analysis Completed
15/09/06 13:13:49 INFO log.PerfLogger: </PERFLOG method=semanticAnalyze start=1441563229271 end=1441563229273 duration=2 from=org.apache.hadoop.hive.ql.Driver>
15/09/06 13:13:49 INFO ql.Driver: Returning Hive schema: Schema(fieldSchemas:null, properties:null)
15/09/06 13:13:49 INFO log.PerfLogger: </PERFLOG method=compile start=1441563229270 end=1441563229273 duration=3 from=org.apache.hadoop.hive.ql.Driver>
15/09/06 13:13:49 INFO log.PerfLogger: <PERFLOG method=Driver.execute from=org.apache.hadoop.hive.ql.Driver>
15/09/06 13:13:49 INFO ql.Driver: Starting command: 
CREATE TEMPORARY FUNCTION format_mr_timestamp AS 'com.cloudera.sa.cat.udfs.FormatMRTimeStamp'
15/09/06 13:13:49 INFO log.PerfLogger: </PERFLOG method=TimeToSubmit start=1441563229270 end=1441563229273 duration=3 from=org.apache.hadoop.hive.ql.Driver>
15/09/06 13:13:49 INFO log.PerfLogger: <PERFLOG method=runTasks from=org.apache.hadoop.hive.ql.Driver>
15/09/06 13:13:49 INFO log.PerfLogger: <PERFLOG method=task.FUNCTION.Stage-0 from=org.apache.hadoop.hive.ql.Driver>
15/09/06 13:13:49 INFO log.PerfLogger: </PERFLOG method=runTasks start=1441563229274 end=1441563229274 duration=0 from=org.apache.hadoop.hive.ql.Driver>
15/09/06 13:13:49 INFO log.PerfLogger: </PERFLOG method=Driver.execute start=1441563229273 end=1441563229274 duration=1 from=org.apache.hadoop.hive.ql.Driver>
OK
15/09/06 13:13:49 INFO ql.Driver: OK
15/09/06 13:13:49 INFO log.PerfLogger: <PERFLOG method=releaseLocks from=org.apache.hadoop.hive.ql.Driver>
15/09/06 13:13:49 INFO log.PerfLogger: </PERFLOG method=releaseLocks start=1441563229274 end=1441563229274 duration=0 from=org.apache.hadoop.hive.ql.Driver>
15/09/06 13:13:49 INFO log.PerfLogger: </PERFLOG method=Driver.run start=1441563229270 end=1441563229274 duration=4 from=org.apache.hadoop.hive.ql.Driver>
15/09/06 13:13:49 INFO service.HiveServer: Running the query: 

15/09/06 13:13:49 INFO builder.HiveShellTearable: Executing script: SET mapreduce.job.queuename=ddsw;
SET hive.exec.drop.ignorenonexistent=true;
SET hive.exec.dynamic.partition=true;
SET hive.exec.dynamic.partition.mode=nonstrict;

CREATE DATABASE IF NOT EXISTS ddsw_dev;

USE ddsw_dev;

CREATE EXTERNAL TABLE IF NOT EXISTS dealer_hierarchy_temp_data
(
  file_name string,
  gen_id string,
  dms_system string,
  dms_version string,
  transmit_ts string,
  orig_transmit_ts string,
  transmit_by string,
  record_status string,
  dealer_updt_ind string,
  store_number string,
  part_type string,
  store_name string,
  inventory_store_number string,
  cat_emrg_dealer_code string,
  cat_stock_dealer_code string,
  stock_replen_store_number string,
  stock_replen_lead_time string,
  lst_updt_ts string,
  orig_lst_updt_ts string,
  lst_updt_by_id string,
  file_ins_ts string,
  orig_file_ins_ts string,
  exp_stock_plan_lead_time string
)
PARTITIONED BY (dealer_code string)
ROW FORMAT DELIMITED FIELDS TERMINATED BY '|'
STORED AS
  INPUTFORMAT 'org.apache.hadoop.mapred.TextInputFormat'
  OUTPUTFORMAT 'org.apache.hadoop.hive.ql.io.HiveIgnoreKeyTextOutputFormat'
LOCATION '${hiveconf:hadoop.tmp.dir.uri}/dealer_hierarchy/temp_data'
TBLPROPERTIES ('serialization.null.format'='')
;

15/09/06 13:13:49 INFO service.HiveServer: Running the query: SET mapreduce.job.queuename=ddsw
15/09/06 13:13:49 INFO service.HiveServer: Putting temp output to file /var/folders/y7/4_pz5fzx54ngcmghz3v6t3m00000gn/T/junit8690338365344900462/localscratchdir/1c120822-508b-42cf-bff2-980dda2b44249190837742919346609.pipeout
15/09/06 13:13:49 INFO service.HiveServer: Running the query: 
SET hive.exec.drop.ignorenonexistent=true
15/09/06 13:13:49 INFO service.HiveServer: Putting temp output to file /var/folders/y7/4_pz5fzx54ngcmghz3v6t3m00000gn/T/junit8690338365344900462/localscratchdir/1c120822-508b-42cf-bff2-980dda2b44249190837742919346609.pipeout
15/09/06 13:13:49 INFO service.HiveServer: Running the query: 
SET hive.exec.dynamic.partition=true
15/09/06 13:13:49 INFO service.HiveServer: Putting temp output to file /var/folders/y7/4_pz5fzx54ngcmghz3v6t3m00000gn/T/junit8690338365344900462/localscratchdir/1c120822-508b-42cf-bff2-980dda2b44249190837742919346609.pipeout
15/09/06 13:13:49 INFO service.HiveServer: Running the query: 
SET hive.exec.dynamic.partition.mode=nonstrict
15/09/06 13:13:49 INFO service.HiveServer: Putting temp output to file /var/folders/y7/4_pz5fzx54ngcmghz3v6t3m00000gn/T/junit8690338365344900462/localscratchdir/1c120822-508b-42cf-bff2-980dda2b44249190837742919346609.pipeout
15/09/06 13:13:49 INFO service.HiveServer: Running the query: 

CREATE DATABASE IF NOT EXISTS ddsw_dev
15/09/06 13:13:49 INFO log.PerfLogger: <PERFLOG method=Driver.run from=org.apache.hadoop.hive.ql.Driver>
15/09/06 13:13:49 INFO log.PerfLogger: <PERFLOG method=TimeToSubmit from=org.apache.hadoop.hive.ql.Driver>
15/09/06 13:13:49 INFO ql.Driver: Concurrency mode is disabled, not creating a lock manager
15/09/06 13:13:49 INFO log.PerfLogger: <PERFLOG method=compile from=org.apache.hadoop.hive.ql.Driver>
15/09/06 13:13:49 INFO log.PerfLogger: <PERFLOG method=parse from=org.apache.hadoop.hive.ql.Driver>
15/09/06 13:13:49 INFO parse.ParseDriver: Parsing command: 

CREATE DATABASE IF NOT EXISTS ddsw_dev
15/09/06 13:13:49 INFO parse.ParseDriver: Parse Completed
15/09/06 13:13:49 INFO log.PerfLogger: </PERFLOG method=parse start=1441563229376 end=1441563229376 duration=0 from=org.apache.hadoop.hive.ql.Driver>
15/09/06 13:13:49 INFO log.PerfLogger: <PERFLOG method=semanticAnalyze from=org.apache.hadoop.hive.ql.Driver>
15/09/06 13:13:49 INFO ql.Driver: Semantic Analysis Completed
15/09/06 13:13:49 INFO log.PerfLogger: </PERFLOG method=semanticAnalyze start=1441563229376 end=1441563229377 duration=1 from=org.apache.hadoop.hive.ql.Driver>
15/09/06 13:13:49 INFO ql.Driver: Returning Hive schema: Schema(fieldSchemas:null, properties:null)
15/09/06 13:13:49 INFO log.PerfLogger: </PERFLOG method=compile start=1441563229376 end=1441563229377 duration=1 from=org.apache.hadoop.hive.ql.Driver>
15/09/06 13:13:49 INFO log.PerfLogger: <PERFLOG method=Driver.execute from=org.apache.hadoop.hive.ql.Driver>
15/09/06 13:13:49 INFO ql.Driver: Starting command: 

CREATE DATABASE IF NOT EXISTS ddsw_dev
15/09/06 13:13:49 INFO log.PerfLogger: </PERFLOG method=TimeToSubmit start=1441563229376 end=1441563229378 duration=2 from=org.apache.hadoop.hive.ql.Driver>
15/09/06 13:13:49 INFO log.PerfLogger: <PERFLOG method=runTasks from=org.apache.hadoop.hive.ql.Driver>
15/09/06 13:13:49 INFO log.PerfLogger: <PERFLOG method=task.DDL.Stage-0 from=org.apache.hadoop.hive.ql.Driver>
15/09/06 13:13:49 INFO metastore.HiveMetaStore: 0: create_database: Database(name:ddsw_dev, description:null, locationUri:null, parameters:null, ownerName:hpatel, ownerType:USER)
15/09/06 13:13:49 INFO HiveMetaStore.audit: ugi=hpatel	ip=unknown-ip-addr	cmd=create_database: Database(name:ddsw_dev, description:null, locationUri:null, parameters:null, ownerName:hpatel, ownerType:USER)	
15/09/06 13:13:49 INFO metastore.HiveMetaStore: 0: get_database: ddsw_dev
15/09/06 13:13:49 INFO HiveMetaStore.audit: ugi=hpatel	ip=unknown-ip-addr	cmd=get_database: ddsw_dev	
15/09/06 13:13:49 INFO common.FileUtils: Creating directory if it doesn't exist: file:/var/folders/y7/4_pz5fzx54ngcmghz3v6t3m00000gn/T/junit8690338365344900462/warehouse/ddsw_dev.db
15/09/06 13:13:49 INFO log.PerfLogger: </PERFLOG method=runTasks start=1441563229378 end=1441563229415 duration=37 from=org.apache.hadoop.hive.ql.Driver>
15/09/06 13:13:49 INFO log.PerfLogger: </PERFLOG method=Driver.execute start=1441563229377 end=1441563229415 duration=38 from=org.apache.hadoop.hive.ql.Driver>
OK
15/09/06 13:13:49 INFO ql.Driver: OK
15/09/06 13:13:49 INFO log.PerfLogger: <PERFLOG method=releaseLocks from=org.apache.hadoop.hive.ql.Driver>
15/09/06 13:13:49 INFO log.PerfLogger: </PERFLOG method=releaseLocks start=1441563229415 end=1441563229416 duration=1 from=org.apache.hadoop.hive.ql.Driver>
15/09/06 13:13:49 INFO log.PerfLogger: </PERFLOG method=Driver.run start=1441563229376 end=1441563229416 duration=40 from=org.apache.hadoop.hive.ql.Driver>
15/09/06 13:13:49 INFO service.HiveServer: Running the query: 

USE ddsw_dev
15/09/06 13:13:49 INFO log.PerfLogger: <PERFLOG method=Driver.run from=org.apache.hadoop.hive.ql.Driver>
15/09/06 13:13:49 INFO log.PerfLogger: <PERFLOG method=TimeToSubmit from=org.apache.hadoop.hive.ql.Driver>
15/09/06 13:13:49 INFO ql.Driver: Concurrency mode is disabled, not creating a lock manager
15/09/06 13:13:49 INFO log.PerfLogger: <PERFLOG method=compile from=org.apache.hadoop.hive.ql.Driver>
15/09/06 13:13:49 INFO log.PerfLogger: <PERFLOG method=parse from=org.apache.hadoop.hive.ql.Driver>
15/09/06 13:13:49 INFO parse.ParseDriver: Parsing command: 

USE ddsw_dev
15/09/06 13:13:49 INFO parse.ParseDriver: Parse Completed
15/09/06 13:13:49 INFO log.PerfLogger: </PERFLOG method=parse start=1441563229416 end=1441563229416 duration=0 from=org.apache.hadoop.hive.ql.Driver>
15/09/06 13:13:49 INFO log.PerfLogger: <PERFLOG method=semanticAnalyze from=org.apache.hadoop.hive.ql.Driver>
15/09/06 13:13:49 INFO ql.Driver: Semantic Analysis Completed
15/09/06 13:13:49 INFO log.PerfLogger: </PERFLOG method=semanticAnalyze start=1441563229416 end=1441563229417 duration=1 from=org.apache.hadoop.hive.ql.Driver>
15/09/06 13:13:49 INFO ql.Driver: Returning Hive schema: Schema(fieldSchemas:null, properties:null)
15/09/06 13:13:49 INFO log.PerfLogger: </PERFLOG method=compile start=1441563229416 end=1441563229417 duration=1 from=org.apache.hadoop.hive.ql.Driver>
15/09/06 13:13:49 INFO log.PerfLogger: <PERFLOG method=Driver.execute from=org.apache.hadoop.hive.ql.Driver>
15/09/06 13:13:49 INFO ql.Driver: Starting command: 

USE ddsw_dev
15/09/06 13:13:49 INFO log.PerfLogger: </PERFLOG method=TimeToSubmit start=1441563229416 end=1441563229417 duration=1 from=org.apache.hadoop.hive.ql.Driver>
15/09/06 13:13:49 INFO log.PerfLogger: <PERFLOG method=runTasks from=org.apache.hadoop.hive.ql.Driver>
15/09/06 13:13:49 INFO log.PerfLogger: <PERFLOG method=task.DDL.Stage-0 from=org.apache.hadoop.hive.ql.Driver>
15/09/06 13:13:49 INFO metastore.HiveMetaStore: 0: get_database: ddsw_dev
15/09/06 13:13:49 INFO HiveMetaStore.audit: ugi=hpatel	ip=unknown-ip-addr	cmd=get_database: ddsw_dev	
15/09/06 13:13:49 INFO metastore.HiveMetaStore: 0: get_database: ddsw_dev
15/09/06 13:13:49 INFO HiveMetaStore.audit: ugi=hpatel	ip=unknown-ip-addr	cmd=get_database: ddsw_dev	
15/09/06 13:13:49 INFO log.PerfLogger: </PERFLOG method=runTasks start=1441563229417 end=1441563229422 duration=5 from=org.apache.hadoop.hive.ql.Driver>
15/09/06 13:13:49 INFO log.PerfLogger: </PERFLOG method=Driver.execute start=1441563229417 end=1441563229422 duration=5 from=org.apache.hadoop.hive.ql.Driver>
OK
15/09/06 13:13:49 INFO ql.Driver: OK
15/09/06 13:13:49 INFO log.PerfLogger: <PERFLOG method=releaseLocks from=org.apache.hadoop.hive.ql.Driver>
15/09/06 13:13:49 INFO log.PerfLogger: </PERFLOG method=releaseLocks start=1441563229422 end=1441563229422 duration=0 from=org.apache.hadoop.hive.ql.Driver>
15/09/06 13:13:49 INFO log.PerfLogger: </PERFLOG method=Driver.run start=1441563229416 end=1441563229422 duration=6 from=org.apache.hadoop.hive.ql.Driver>
15/09/06 13:13:49 INFO service.HiveServer: Running the query: 

CREATE EXTERNAL TABLE IF NOT EXISTS dealer_hierarchy_temp_data
(
  file_name string,
  gen_id string,
  dms_system string,
  dms_version string,
  transmit_ts string,
  orig_transmit_ts string,
  transmit_by string,
  record_status string,
  dealer_updt_ind string,
  store_number string,
  part_type string,
  store_name string,
  inventory_store_number string,
  cat_emrg_dealer_code string,
  cat_stock_dealer_code string,
  stock_replen_store_number string,
  stock_replen_lead_time string,
  lst_updt_ts string,
  orig_lst_updt_ts string,
  lst_updt_by_id string,
  file_ins_ts string,
  orig_file_ins_ts string,
  exp_stock_plan_lead_time string
)
PARTITIONED BY (dealer_code string)
ROW FORMAT DELIMITED FIELDS TERMINATED BY '|'
STORED AS
  INPUTFORMAT 'org.apache.hadoop.mapred.TextInputFormat'
  OUTPUTFORMAT 'org.apache.hadoop.hive.ql.io.HiveIgnoreKeyTextOutputFormat'
LOCATION '${hiveconf:hadoop.tmp.dir.uri}/dealer_hierarchy/temp_data'
TBLPROPERTIES ('serialization.null.format'='')

15/09/06 13:13:49 INFO log.PerfLogger: <PERFLOG method=Driver.run from=org.apache.hadoop.hive.ql.Driver>
15/09/06 13:13:49 INFO log.PerfLogger: <PERFLOG method=TimeToSubmit from=org.apache.hadoop.hive.ql.Driver>
15/09/06 13:13:49 INFO ql.Driver: Concurrency mode is disabled, not creating a lock manager
15/09/06 13:13:49 INFO log.PerfLogger: <PERFLOG method=compile from=org.apache.hadoop.hive.ql.Driver>
15/09/06 13:13:49 INFO log.PerfLogger: <PERFLOG method=parse from=org.apache.hadoop.hive.ql.Driver>
15/09/06 13:13:49 INFO parse.ParseDriver: Parsing command: 

CREATE EXTERNAL TABLE IF NOT EXISTS dealer_hierarchy_temp_data
(
  file_name string,
  gen_id string,
  dms_system string,
  dms_version string,
  transmit_ts string,
  orig_transmit_ts string,
  transmit_by string,
  record_status string,
  dealer_updt_ind string,
  store_number string,
  part_type string,
  store_name string,
  inventory_store_number string,
  cat_emrg_dealer_code string,
  cat_stock_dealer_code string,
  stock_replen_store_number string,
  stock_replen_lead_time string,
  lst_updt_ts string,
  orig_lst_updt_ts string,
  lst_updt_by_id string,
  file_ins_ts string,
  orig_file_ins_ts string,
  exp_stock_plan_lead_time string
)
PARTITIONED BY (dealer_code string)
ROW FORMAT DELIMITED FIELDS TERMINATED BY '|'
STORED AS
  INPUTFORMAT 'org.apache.hadoop.mapred.TextInputFormat'
  OUTPUTFORMAT 'org.apache.hadoop.hive.ql.io.HiveIgnoreKeyTextOutputFormat'
LOCATION 'file:///var/folders/y7/4_pz5fzx54ngcmghz3v6t3m00000gn/T/junit8690338365344900462/hadooptmp//dealer_hierarchy/temp_data'
TBLPROPERTIES ('serialization.null.format'='')

15/09/06 13:13:49 INFO parse.ParseDriver: Parse Completed
15/09/06 13:13:49 INFO log.PerfLogger: </PERFLOG method=parse start=1441563229423 end=1441563229426 duration=3 from=org.apache.hadoop.hive.ql.Driver>
15/09/06 13:13:49 INFO log.PerfLogger: <PERFLOG method=semanticAnalyze from=org.apache.hadoop.hive.ql.Driver>
15/09/06 13:13:49 INFO parse.SemanticAnalyzer: Starting Semantic Analysis
15/09/06 13:13:49 INFO parse.SemanticAnalyzer: Creating table dealer_hierarchy_temp_data position=36
15/09/06 13:13:49 INFO metastore.HiveMetaStore: 0: get_table : db=ddsw_dev tbl=dealer_hierarchy_temp_data
15/09/06 13:13:49 INFO HiveMetaStore.audit: ugi=hpatel	ip=unknown-ip-addr	cmd=get_table : db=ddsw_dev tbl=dealer_hierarchy_temp_data	
15/09/06 13:13:49 INFO metastore.HiveMetaStore: 0: get_database: ddsw_dev
15/09/06 13:13:49 INFO HiveMetaStore.audit: ugi=hpatel	ip=unknown-ip-addr	cmd=get_database: ddsw_dev	
15/09/06 13:13:49 INFO ql.Driver: Semantic Analysis Completed
15/09/06 13:13:49 INFO log.PerfLogger: </PERFLOG method=semanticAnalyze start=1441563229426 end=1441563229432 duration=6 from=org.apache.hadoop.hive.ql.Driver>
15/09/06 13:13:49 INFO ql.Driver: Returning Hive schema: Schema(fieldSchemas:null, properties:null)
15/09/06 13:13:49 INFO log.PerfLogger: </PERFLOG method=compile start=1441563229423 end=1441563229432 duration=9 from=org.apache.hadoop.hive.ql.Driver>
15/09/06 13:13:49 INFO log.PerfLogger: <PERFLOG method=Driver.execute from=org.apache.hadoop.hive.ql.Driver>
15/09/06 13:13:49 INFO ql.Driver: Starting command: 

CREATE EXTERNAL TABLE IF NOT EXISTS dealer_hierarchy_temp_data
(
  file_name string,
  gen_id string,
  dms_system string,
  dms_version string,
  transmit_ts string,
  orig_transmit_ts string,
  transmit_by string,
  record_status string,
  dealer_updt_ind string,
  store_number string,
  part_type string,
  store_name string,
  inventory_store_number string,
  cat_emrg_dealer_code string,
  cat_stock_dealer_code string,
  stock_replen_store_number string,
  stock_replen_lead_time string,
  lst_updt_ts string,
  orig_lst_updt_ts string,
  lst_updt_by_id string,
  file_ins_ts string,
  orig_file_ins_ts string,
  exp_stock_plan_lead_time string
)
PARTITIONED BY (dealer_code string)
ROW FORMAT DELIMITED FIELDS TERMINATED BY '|'
STORED AS
  INPUTFORMAT 'org.apache.hadoop.mapred.TextInputFormat'
  OUTPUTFORMAT 'org.apache.hadoop.hive.ql.io.HiveIgnoreKeyTextOutputFormat'
LOCATION 'file:///var/folders/y7/4_pz5fzx54ngcmghz3v6t3m00000gn/T/junit8690338365344900462/hadooptmp//dealer_hierarchy/temp_data'
TBLPROPERTIES ('serialization.null.format'='')

15/09/06 13:13:49 INFO log.PerfLogger: </PERFLOG method=TimeToSubmit start=1441563229423 end=1441563229433 duration=10 from=org.apache.hadoop.hive.ql.Driver>
15/09/06 13:13:49 INFO log.PerfLogger: <PERFLOG method=runTasks from=org.apache.hadoop.hive.ql.Driver>
15/09/06 13:13:49 INFO log.PerfLogger: <PERFLOG method=task.DDL.Stage-0 from=org.apache.hadoop.hive.ql.Driver>
15/09/06 13:13:49 INFO exec.DDLTask: Default to LazySimpleSerDe for table dealer_hierarchy_temp_data
15/09/06 13:13:49 INFO metastore.HiveMetaStore: 0: create_table: Table(tableName:dealer_hierarchy_temp_data, dbName:ddsw_dev, owner:hpatel, createTime:1441563229, lastAccessTime:0, retention:0, sd:StorageDescriptor(cols:[FieldSchema(name:file_name, type:string, comment:null), FieldSchema(name:gen_id, type:string, comment:null), FieldSchema(name:dms_system, type:string, comment:null), FieldSchema(name:dms_version, type:string, comment:null), FieldSchema(name:transmit_ts, type:string, comment:null), FieldSchema(name:orig_transmit_ts, type:string, comment:null), FieldSchema(name:transmit_by, type:string, comment:null), FieldSchema(name:record_status, type:string, comment:null), FieldSchema(name:dealer_updt_ind, type:string, comment:null), FieldSchema(name:store_number, type:string, comment:null), FieldSchema(name:part_type, type:string, comment:null), FieldSchema(name:store_name, type:string, comment:null), FieldSchema(name:inventory_store_number, type:string, comment:null), FieldSchema(name:cat_emrg_dealer_code, type:string, comment:null), FieldSchema(name:cat_stock_dealer_code, type:string, comment:null), FieldSchema(name:stock_replen_store_number, type:string, comment:null), FieldSchema(name:stock_replen_lead_time, type:string, comment:null), FieldSchema(name:lst_updt_ts, type:string, comment:null), FieldSchema(name:orig_lst_updt_ts, type:string, comment:null), FieldSchema(name:lst_updt_by_id, type:string, comment:null), FieldSchema(name:file_ins_ts, type:string, comment:null), FieldSchema(name:orig_file_ins_ts, type:string, comment:null), FieldSchema(name:exp_stock_plan_lead_time, type:string, comment:null)], location:file:/var/folders/y7/4_pz5fzx54ngcmghz3v6t3m00000gn/T/junit8690338365344900462/hadooptmp/dealer_hierarchy/temp_data, inputFormat:org.apache.hadoop.mapred.TextInputFormat, outputFormat:org.apache.hadoop.hive.ql.io.HiveIgnoreKeyTextOutputFormat, compressed:false, numBuckets:-1, serdeInfo:SerDeInfo(name:null, serializationLib:org.apache.hadoop.hive.serde2.lazy.LazySimpleSerDe, parameters:{serialization.format=|, field.delim=|}), bucketCols:[], sortCols:[], parameters:{}, skewedInfo:SkewedInfo(skewedColNames:[], skewedColValues:[], skewedColValueLocationMaps:{}), storedAsSubDirectories:false), partitionKeys:[FieldSchema(name:dealer_code, type:string, comment:null)], parameters:{EXTERNAL=TRUE, serialization.null.format=}, viewOriginalText:null, viewExpandedText:null, tableType:EXTERNAL_TABLE)
15/09/06 13:13:49 INFO HiveMetaStore.audit: ugi=hpatel	ip=unknown-ip-addr	cmd=create_table: Table(tableName:dealer_hierarchy_temp_data, dbName:ddsw_dev, owner:hpatel, createTime:1441563229, lastAccessTime:0, retention:0, sd:StorageDescriptor(cols:[FieldSchema(name:file_name, type:string, comment:null), FieldSchema(name:gen_id, type:string, comment:null), FieldSchema(name:dms_system, type:string, comment:null), FieldSchema(name:dms_version, type:string, comment:null), FieldSchema(name:transmit_ts, type:string, comment:null), FieldSchema(name:orig_transmit_ts, type:string, comment:null), FieldSchema(name:transmit_by, type:string, comment:null), FieldSchema(name:record_status, type:string, comment:null), FieldSchema(name:dealer_updt_ind, type:string, comment:null), FieldSchema(name:store_number, type:string, comment:null), FieldSchema(name:part_type, type:string, comment:null), FieldSchema(name:store_name, type:string, comment:null), FieldSchema(name:inventory_store_number, type:string, comment:null), FieldSchema(name:cat_emrg_dealer_code, type:string, comment:null), FieldSchema(name:cat_stock_dealer_code, type:string, comment:null), FieldSchema(name:stock_replen_store_number, type:string, comment:null), FieldSchema(name:stock_replen_lead_time, type:string, comment:null), FieldSchema(name:lst_updt_ts, type:string, comment:null), FieldSchema(name:orig_lst_updt_ts, type:string, comment:null), FieldSchema(name:lst_updt_by_id, type:string, comment:null), FieldSchema(name:file_ins_ts, type:string, comment:null), FieldSchema(name:orig_file_ins_ts, type:string, comment:null), FieldSchema(name:exp_stock_plan_lead_time, type:string, comment:null)], location:file:/var/folders/y7/4_pz5fzx54ngcmghz3v6t3m00000gn/T/junit8690338365344900462/hadooptmp/dealer_hierarchy/temp_data, inputFormat:org.apache.hadoop.mapred.TextInputFormat, outputFormat:org.apache.hadoop.hive.ql.io.HiveIgnoreKeyTextOutputFormat, compressed:false, numBuckets:-1, serdeInfo:SerDeInfo(name:null, serializationLib:org.apache.hadoop.hive.serde2.lazy.LazySimpleSerDe, parameters:{serialization.format=|, field.delim=|}), bucketCols:[], sortCols:[], parameters:{}, skewedInfo:SkewedInfo(skewedColNames:[], skewedColValues:[], skewedColValueLocationMaps:{}), storedAsSubDirectories:false), partitionKeys:[FieldSchema(name:dealer_code, type:string, comment:null)], parameters:{EXTERNAL=TRUE, serialization.null.format=}, viewOriginalText:null, viewExpandedText:null, tableType:EXTERNAL_TABLE)	
15/09/06 13:13:49 INFO common.FileUtils: Creating directory if it doesn't exist: file:/var/folders/y7/4_pz5fzx54ngcmghz3v6t3m00000gn/T/junit8690338365344900462/hadooptmp/dealer_hierarchy/temp_data
15/09/06 13:13:49 INFO log.PerfLogger: </PERFLOG method=runTasks start=1441563229433 end=1441563229481 duration=48 from=org.apache.hadoop.hive.ql.Driver>
15/09/06 13:13:49 INFO log.PerfLogger: </PERFLOG method=Driver.execute start=1441563229432 end=1441563229482 duration=50 from=org.apache.hadoop.hive.ql.Driver>
OK
15/09/06 13:13:49 INFO ql.Driver: OK
15/09/06 13:13:49 INFO log.PerfLogger: <PERFLOG method=releaseLocks from=org.apache.hadoop.hive.ql.Driver>
15/09/06 13:13:49 INFO log.PerfLogger: </PERFLOG method=releaseLocks start=1441563229482 end=1441563229482 duration=0 from=org.apache.hadoop.hive.ql.Driver>
15/09/06 13:13:49 INFO log.PerfLogger: </PERFLOG method=Driver.run start=1441563229423 end=1441563229482 duration=59 from=org.apache.hadoop.hive.ql.Driver>
15/09/06 13:13:49 INFO service.HiveServer: Running the query: 

15/09/06 13:13:49 INFO builder.HiveShellTearable: Executing script: SET mapreduce.job.queuename=ddsw;
SET hive.exec.drop.ignorenonexistent=true;
SET hive.exec.dynamic.partition=true;
SET hive.exec.dynamic.partition.mode=nonstrict;

USE ddsw_dev;

CREATE EXTERNAL TABLE DEALER_HIERARCHY_CORE
    PARTITIONED BY (dealer_code string)
    ROW FORMAT SERDE 'org.apache.hadoop.hive.serde2.avro.AvroSerDe'
    WITH SERDEPROPERTIES
    (
        'avro.schema.url'='./src/test/resources/dealer_hierarchy/schema/DEALER_HIERARCHY_CORE.avsc'
    )
    STORED AS
        INPUTFORMAT 'org.apache.hadoop.hive.ql.io.avro.AvroContainerInputFormat'
        OUTPUTFORMAT 'org.apache.hadoop.hive.ql.io.avro.AvroContainerOutputFormat'
    LOCATION '${hiveconf:hadoop.tmp.dir.uri}/dealer_hierarchy/core_data';

15/09/06 13:13:49 INFO service.HiveServer: Running the query: SET mapreduce.job.queuename=ddsw
15/09/06 13:13:49 INFO service.HiveServer: Putting temp output to file /var/folders/y7/4_pz5fzx54ngcmghz3v6t3m00000gn/T/junit8690338365344900462/localscratchdir/1c120822-508b-42cf-bff2-980dda2b44249190837742919346609.pipeout
15/09/06 13:13:49 INFO service.HiveServer: Running the query: 
SET hive.exec.drop.ignorenonexistent=true
15/09/06 13:13:49 INFO service.HiveServer: Putting temp output to file /var/folders/y7/4_pz5fzx54ngcmghz3v6t3m00000gn/T/junit8690338365344900462/localscratchdir/1c120822-508b-42cf-bff2-980dda2b44249190837742919346609.pipeout
15/09/06 13:13:49 INFO service.HiveServer: Running the query: 
SET hive.exec.dynamic.partition=true
15/09/06 13:13:49 INFO service.HiveServer: Putting temp output to file /var/folders/y7/4_pz5fzx54ngcmghz3v6t3m00000gn/T/junit8690338365344900462/localscratchdir/1c120822-508b-42cf-bff2-980dda2b44249190837742919346609.pipeout
15/09/06 13:13:49 INFO service.HiveServer: Running the query: 
SET hive.exec.dynamic.partition.mode=nonstrict
15/09/06 13:13:49 INFO service.HiveServer: Putting temp output to file /var/folders/y7/4_pz5fzx54ngcmghz3v6t3m00000gn/T/junit8690338365344900462/localscratchdir/1c120822-508b-42cf-bff2-980dda2b44249190837742919346609.pipeout
15/09/06 13:13:49 INFO service.HiveServer: Running the query: 

USE ddsw_dev
15/09/06 13:13:49 INFO log.PerfLogger: <PERFLOG method=Driver.run from=org.apache.hadoop.hive.ql.Driver>
15/09/06 13:13:49 INFO log.PerfLogger: <PERFLOG method=TimeToSubmit from=org.apache.hadoop.hive.ql.Driver>
15/09/06 13:13:49 INFO ql.Driver: Concurrency mode is disabled, not creating a lock manager
15/09/06 13:13:49 INFO log.PerfLogger: <PERFLOG method=compile from=org.apache.hadoop.hive.ql.Driver>
15/09/06 13:13:49 INFO log.PerfLogger: <PERFLOG method=parse from=org.apache.hadoop.hive.ql.Driver>
15/09/06 13:13:49 INFO parse.ParseDriver: Parsing command: 

USE ddsw_dev
15/09/06 13:13:49 INFO parse.ParseDriver: Parse Completed
15/09/06 13:13:49 INFO log.PerfLogger: </PERFLOG method=parse start=1441563229565 end=1441563229566 duration=1 from=org.apache.hadoop.hive.ql.Driver>
15/09/06 13:13:49 INFO log.PerfLogger: <PERFLOG method=semanticAnalyze from=org.apache.hadoop.hive.ql.Driver>
15/09/06 13:13:49 INFO ql.Driver: Semantic Analysis Completed
15/09/06 13:13:49 INFO log.PerfLogger: </PERFLOG method=semanticAnalyze start=1441563229566 end=1441563229566 duration=0 from=org.apache.hadoop.hive.ql.Driver>
15/09/06 13:13:49 INFO ql.Driver: Returning Hive schema: Schema(fieldSchemas:null, properties:null)
15/09/06 13:13:49 INFO log.PerfLogger: </PERFLOG method=compile start=1441563229565 end=1441563229566 duration=1 from=org.apache.hadoop.hive.ql.Driver>
15/09/06 13:13:49 INFO log.PerfLogger: <PERFLOG method=Driver.execute from=org.apache.hadoop.hive.ql.Driver>
15/09/06 13:13:49 INFO ql.Driver: Starting command: 

USE ddsw_dev
15/09/06 13:13:49 INFO log.PerfLogger: </PERFLOG method=TimeToSubmit start=1441563229565 end=1441563229567 duration=2 from=org.apache.hadoop.hive.ql.Driver>
15/09/06 13:13:49 INFO log.PerfLogger: <PERFLOG method=runTasks from=org.apache.hadoop.hive.ql.Driver>
15/09/06 13:13:49 INFO log.PerfLogger: <PERFLOG method=task.DDL.Stage-0 from=org.apache.hadoop.hive.ql.Driver>
15/09/06 13:13:49 INFO metastore.HiveMetaStore: 0: get_database: ddsw_dev
15/09/06 13:13:49 INFO HiveMetaStore.audit: ugi=hpatel	ip=unknown-ip-addr	cmd=get_database: ddsw_dev	
15/09/06 13:13:49 INFO metastore.HiveMetaStore: 0: get_database: ddsw_dev
15/09/06 13:13:49 INFO HiveMetaStore.audit: ugi=hpatel	ip=unknown-ip-addr	cmd=get_database: ddsw_dev	
15/09/06 13:13:49 INFO log.PerfLogger: </PERFLOG method=runTasks start=1441563229567 end=1441563229571 duration=4 from=org.apache.hadoop.hive.ql.Driver>
15/09/06 13:13:49 INFO log.PerfLogger: </PERFLOG method=Driver.execute start=1441563229566 end=1441563229572 duration=6 from=org.apache.hadoop.hive.ql.Driver>
OK
15/09/06 13:13:49 INFO ql.Driver: OK
15/09/06 13:13:49 INFO log.PerfLogger: <PERFLOG method=releaseLocks from=org.apache.hadoop.hive.ql.Driver>
15/09/06 13:13:49 INFO log.PerfLogger: </PERFLOG method=releaseLocks start=1441563229572 end=1441563229572 duration=0 from=org.apache.hadoop.hive.ql.Driver>
15/09/06 13:13:49 INFO log.PerfLogger: </PERFLOG method=Driver.run start=1441563229565 end=1441563229572 duration=7 from=org.apache.hadoop.hive.ql.Driver>
15/09/06 13:13:49 INFO service.HiveServer: Running the query: 

CREATE EXTERNAL TABLE DEALER_HIERARCHY_CORE
    PARTITIONED BY (dealer_code string)
    ROW FORMAT SERDE 'org.apache.hadoop.hive.serde2.avro.AvroSerDe'
    WITH SERDEPROPERTIES
    (
        'avro.schema.url'='./src/test/resources/dealer_hierarchy/schema/DEALER_HIERARCHY_CORE.avsc'
    )
    STORED AS
        INPUTFORMAT 'org.apache.hadoop.hive.ql.io.avro.AvroContainerInputFormat'
        OUTPUTFORMAT 'org.apache.hadoop.hive.ql.io.avro.AvroContainerOutputFormat'
    LOCATION '${hiveconf:hadoop.tmp.dir.uri}/dealer_hierarchy/core_data'
15/09/06 13:13:49 INFO log.PerfLogger: <PERFLOG method=Driver.run from=org.apache.hadoop.hive.ql.Driver>
15/09/06 13:13:49 INFO log.PerfLogger: <PERFLOG method=TimeToSubmit from=org.apache.hadoop.hive.ql.Driver>
15/09/06 13:13:49 INFO ql.Driver: Concurrency mode is disabled, not creating a lock manager
15/09/06 13:13:49 INFO log.PerfLogger: <PERFLOG method=compile from=org.apache.hadoop.hive.ql.Driver>
15/09/06 13:13:49 INFO log.PerfLogger: <PERFLOG method=parse from=org.apache.hadoop.hive.ql.Driver>
15/09/06 13:13:49 INFO parse.ParseDriver: Parsing command: 

CREATE EXTERNAL TABLE DEALER_HIERARCHY_CORE
    PARTITIONED BY (dealer_code string)
    ROW FORMAT SERDE 'org.apache.hadoop.hive.serde2.avro.AvroSerDe'
    WITH SERDEPROPERTIES
    (
        'avro.schema.url'='./src/test/resources/dealer_hierarchy/schema/DEALER_HIERARCHY_CORE.avsc'
    )
    STORED AS
        INPUTFORMAT 'org.apache.hadoop.hive.ql.io.avro.AvroContainerInputFormat'
        OUTPUTFORMAT 'org.apache.hadoop.hive.ql.io.avro.AvroContainerOutputFormat'
    LOCATION 'file:///var/folders/y7/4_pz5fzx54ngcmghz3v6t3m00000gn/T/junit8690338365344900462/hadooptmp//dealer_hierarchy/core_data'
15/09/06 13:13:49 INFO parse.ParseDriver: Parse Completed
15/09/06 13:13:49 INFO log.PerfLogger: </PERFLOG method=parse start=1441563229573 end=1441563229573 duration=0 from=org.apache.hadoop.hive.ql.Driver>
15/09/06 13:13:49 INFO log.PerfLogger: <PERFLOG method=semanticAnalyze from=org.apache.hadoop.hive.ql.Driver>
15/09/06 13:13:49 INFO parse.SemanticAnalyzer: Starting Semantic Analysis
15/09/06 13:13:49 INFO parse.SemanticAnalyzer: Creating table DEALER_HIERARCHY_CORE position=22
15/09/06 13:13:49 INFO metastore.HiveMetaStore: 0: get_database: ddsw_dev
15/09/06 13:13:49 INFO HiveMetaStore.audit: ugi=hpatel	ip=unknown-ip-addr	cmd=get_database: ddsw_dev	
15/09/06 13:13:49 INFO ql.Driver: Semantic Analysis Completed
15/09/06 13:13:49 INFO log.PerfLogger: </PERFLOG method=semanticAnalyze start=1441563229574 end=1441563229576 duration=2 from=org.apache.hadoop.hive.ql.Driver>
15/09/06 13:13:49 INFO ql.Driver: Returning Hive schema: Schema(fieldSchemas:null, properties:null)
15/09/06 13:13:49 INFO log.PerfLogger: </PERFLOG method=compile start=1441563229572 end=1441563229576 duration=4 from=org.apache.hadoop.hive.ql.Driver>
15/09/06 13:13:49 INFO log.PerfLogger: <PERFLOG method=Driver.execute from=org.apache.hadoop.hive.ql.Driver>
15/09/06 13:13:49 INFO ql.Driver: Starting command: 

CREATE EXTERNAL TABLE DEALER_HIERARCHY_CORE
    PARTITIONED BY (dealer_code string)
    ROW FORMAT SERDE 'org.apache.hadoop.hive.serde2.avro.AvroSerDe'
    WITH SERDEPROPERTIES
    (
        'avro.schema.url'='./src/test/resources/dealer_hierarchy/schema/DEALER_HIERARCHY_CORE.avsc'
    )
    STORED AS
        INPUTFORMAT 'org.apache.hadoop.hive.ql.io.avro.AvroContainerInputFormat'
        OUTPUTFORMAT 'org.apache.hadoop.hive.ql.io.avro.AvroContainerOutputFormat'
    LOCATION 'file:///var/folders/y7/4_pz5fzx54ngcmghz3v6t3m00000gn/T/junit8690338365344900462/hadooptmp//dealer_hierarchy/core_data'
15/09/06 13:13:49 INFO log.PerfLogger: </PERFLOG method=TimeToSubmit start=1441563229572 end=1441563229576 duration=4 from=org.apache.hadoop.hive.ql.Driver>
15/09/06 13:13:49 INFO log.PerfLogger: <PERFLOG method=runTasks from=org.apache.hadoop.hive.ql.Driver>
15/09/06 13:13:49 INFO log.PerfLogger: <PERFLOG method=task.DDL.Stage-0 from=org.apache.hadoop.hive.ql.Driver>
15/09/06 13:13:49 INFO avro.AvroSerDe: Avro schema is {"type":"record","name":"DEALER_HIERARCHY_CORE","doc":"Sqoop import of DEALER_HIERARCHY","fields":[{"name":"File_Name","type":["string","null"],"columnName":"File_Name"},{"name":"GEN_ID","type":["string","null"],"columnName":"GEN_ID"},{"name":"DMS_SYSTEM","type":["string","null"],"columnName":"DMS_SYSTEM"},{"name":"DMS_VERSION","type":["string","null"],"columnName":"DMS_VERSION"},{"name":"TRANSMIT_TS","type":["string","null"],"columnName":"TRANSMIT_TS"},{"name":"ORIG_TRANSMIT_TS","type":["string","null"],"columnName":"TRANSMIT_TS"},{"name":"TRANSMIT_BY","type":["string","null"],"columnName":"TRANSMIT_BY"},{"name":"RECORD_STATUS","type":["string","null"],"columnName":"RECORD_STATUS"},{"name":"DEALER_UPDT_IND","type":["string","null"],"columnName":"DEALER_UPDT_IND","sqlType":"1"},{"name":"STORE_NUMBER","type":["string","null"],"columnName":"STORE_NUMBER"},{"name":"PART_TYPE","type":["string","null"],"columnName":"PART_TYPE"},{"name":"STORE_NAME","type":["string","null"],"columnName":"STORE_NAME"},{"name":"INVENTORY_STORE_NUMBER","type":["string","null"],"columnName":"INVENTORY_STORE_NUMBER"},{"name":"CAT_EMRG_DEALER_CODE","type":["string","null"],"columnName":"CAT_EMRG_DEALER_CODE"},{"name":"CAT_STOCK_DEALER_CODE","type":["string","null"],"columnName":"CAT_STOCK_DEALER_CODE"},{"name":"STOCK_REPLEN_STORE_NUMBER","type":["string","null"],"columnName":"STOCK_REPLEN_STORE_NUMBER"},{"name":"STOCK_REPLEN_LEAD_TIME","type":["string","null"],"columnName":"STOCK_REPLEN_LEAD_TIME"},{"name":"LST_UPDT_TS","type":["string","null"],"columnName":"LST_UPDT_TS"},{"name":"ORIG_LST_UPDT_TS","type":["string","null"],"columnName":"ORIG_LST_UPDT_TS"},{"name":"LST_UPDT_BY_ID","type":["string","null"],"columnName":"LST_UPDT_BY_ID"},{"name":"FILE_INS_TS","type":["string","null"],"columnName":"FILE_INS_TS"},{"name":"ORIG_FILE_INS_TS","type":["string","null"],"columnName":"ORIG_FILE_INS_TS"},{"name":"EXP_STOCK_PLAN_LEAD_TIME","type":["string","null"],"columnName":"EXP_STOCK_PLAN_LEAD_TIME"}],"tableName":"DEALER_HIERARCHY_CORE"}
15/09/06 13:13:49 INFO avro.AvroSerDe: Avro schema is {"type":"record","name":"DEALER_HIERARCHY_CORE","doc":"Sqoop import of DEALER_HIERARCHY","fields":[{"name":"File_Name","type":["string","null"],"columnName":"File_Name"},{"name":"GEN_ID","type":["string","null"],"columnName":"GEN_ID"},{"name":"DMS_SYSTEM","type":["string","null"],"columnName":"DMS_SYSTEM"},{"name":"DMS_VERSION","type":["string","null"],"columnName":"DMS_VERSION"},{"name":"TRANSMIT_TS","type":["string","null"],"columnName":"TRANSMIT_TS"},{"name":"ORIG_TRANSMIT_TS","type":["string","null"],"columnName":"TRANSMIT_TS"},{"name":"TRANSMIT_BY","type":["string","null"],"columnName":"TRANSMIT_BY"},{"name":"RECORD_STATUS","type":["string","null"],"columnName":"RECORD_STATUS"},{"name":"DEALER_UPDT_IND","type":["string","null"],"columnName":"DEALER_UPDT_IND","sqlType":"1"},{"name":"STORE_NUMBER","type":["string","null"],"columnName":"STORE_NUMBER"},{"name":"PART_TYPE","type":["string","null"],"columnName":"PART_TYPE"},{"name":"STORE_NAME","type":["string","null"],"columnName":"STORE_NAME"},{"name":"INVENTORY_STORE_NUMBER","type":["string","null"],"columnName":"INVENTORY_STORE_NUMBER"},{"name":"CAT_EMRG_DEALER_CODE","type":["string","null"],"columnName":"CAT_EMRG_DEALER_CODE"},{"name":"CAT_STOCK_DEALER_CODE","type":["string","null"],"columnName":"CAT_STOCK_DEALER_CODE"},{"name":"STOCK_REPLEN_STORE_NUMBER","type":["string","null"],"columnName":"STOCK_REPLEN_STORE_NUMBER"},{"name":"STOCK_REPLEN_LEAD_TIME","type":["string","null"],"columnName":"STOCK_REPLEN_LEAD_TIME"},{"name":"LST_UPDT_TS","type":["string","null"],"columnName":"LST_UPDT_TS"},{"name":"ORIG_LST_UPDT_TS","type":["string","null"],"columnName":"ORIG_LST_UPDT_TS"},{"name":"LST_UPDT_BY_ID","type":["string","null"],"columnName":"LST_UPDT_BY_ID"},{"name":"FILE_INS_TS","type":["string","null"],"columnName":"FILE_INS_TS"},{"name":"ORIG_FILE_INS_TS","type":["string","null"],"columnName":"ORIG_FILE_INS_TS"},{"name":"EXP_STOCK_PLAN_LEAD_TIME","type":["string","null"],"columnName":"EXP_STOCK_PLAN_LEAD_TIME"}],"tableName":"DEALER_HIERARCHY_CORE"}
15/09/06 13:13:49 INFO metastore.HiveMetaStore: 0: create_table: Table(tableName:DEALER_HIERARCHY_CORE, dbName:ddsw_dev, owner:hpatel, createTime:1441563229, lastAccessTime:0, retention:0, sd:StorageDescriptor(cols:[FieldSchema(name:file_name, type:string, comment:from deserializer), FieldSchema(name:gen_id, type:string, comment:from deserializer), FieldSchema(name:dms_system, type:string, comment:from deserializer), FieldSchema(name:dms_version, type:string, comment:from deserializer), FieldSchema(name:transmit_ts, type:string, comment:from deserializer), FieldSchema(name:orig_transmit_ts, type:string, comment:from deserializer), FieldSchema(name:transmit_by, type:string, comment:from deserializer), FieldSchema(name:record_status, type:string, comment:from deserializer), FieldSchema(name:dealer_updt_ind, type:string, comment:from deserializer), FieldSchema(name:store_number, type:string, comment:from deserializer), FieldSchema(name:part_type, type:string, comment:from deserializer), FieldSchema(name:store_name, type:string, comment:from deserializer), FieldSchema(name:inventory_store_number, type:string, comment:from deserializer), FieldSchema(name:cat_emrg_dealer_code, type:string, comment:from deserializer), FieldSchema(name:cat_stock_dealer_code, type:string, comment:from deserializer), FieldSchema(name:stock_replen_store_number, type:string, comment:from deserializer), FieldSchema(name:stock_replen_lead_time, type:string, comment:from deserializer), FieldSchema(name:lst_updt_ts, type:string, comment:from deserializer), FieldSchema(name:orig_lst_updt_ts, type:string, comment:from deserializer), FieldSchema(name:lst_updt_by_id, type:string, comment:from deserializer), FieldSchema(name:file_ins_ts, type:string, comment:from deserializer), FieldSchema(name:orig_file_ins_ts, type:string, comment:from deserializer), FieldSchema(name:exp_stock_plan_lead_time, type:string, comment:from deserializer)], location:file:/var/folders/y7/4_pz5fzx54ngcmghz3v6t3m00000gn/T/junit8690338365344900462/hadooptmp/dealer_hierarchy/core_data, inputFormat:org.apache.hadoop.hive.ql.io.avro.AvroContainerInputFormat, outputFormat:org.apache.hadoop.hive.ql.io.avro.AvroContainerOutputFormat, compressed:false, numBuckets:-1, serdeInfo:SerDeInfo(name:null, serializationLib:org.apache.hadoop.hive.serde2.avro.AvroSerDe, parameters:{avro.schema.url=./src/test/resources/dealer_hierarchy/schema/DEALER_HIERARCHY_CORE.avsc, serialization.format=1}), bucketCols:[], sortCols:[], parameters:{}, skewedInfo:SkewedInfo(skewedColNames:[], skewedColValues:[], skewedColValueLocationMaps:{}), storedAsSubDirectories:false), partitionKeys:[FieldSchema(name:dealer_code, type:string, comment:null)], parameters:{EXTERNAL=TRUE}, viewOriginalText:null, viewExpandedText:null, tableType:EXTERNAL_TABLE)
15/09/06 13:13:49 INFO HiveMetaStore.audit: ugi=hpatel	ip=unknown-ip-addr	cmd=create_table: Table(tableName:DEALER_HIERARCHY_CORE, dbName:ddsw_dev, owner:hpatel, createTime:1441563229, lastAccessTime:0, retention:0, sd:StorageDescriptor(cols:[FieldSchema(name:file_name, type:string, comment:from deserializer), FieldSchema(name:gen_id, type:string, comment:from deserializer), FieldSchema(name:dms_system, type:string, comment:from deserializer), FieldSchema(name:dms_version, type:string, comment:from deserializer), FieldSchema(name:transmit_ts, type:string, comment:from deserializer), FieldSchema(name:orig_transmit_ts, type:string, comment:from deserializer), FieldSchema(name:transmit_by, type:string, comment:from deserializer), FieldSchema(name:record_status, type:string, comment:from deserializer), FieldSchema(name:dealer_updt_ind, type:string, comment:from deserializer), FieldSchema(name:store_number, type:string, comment:from deserializer), FieldSchema(name:part_type, type:string, comment:from deserializer), FieldSchema(name:store_name, type:string, comment:from deserializer), FieldSchema(name:inventory_store_number, type:string, comment:from deserializer), FieldSchema(name:cat_emrg_dealer_code, type:string, comment:from deserializer), FieldSchema(name:cat_stock_dealer_code, type:string, comment:from deserializer), FieldSchema(name:stock_replen_store_number, type:string, comment:from deserializer), FieldSchema(name:stock_replen_lead_time, type:string, comment:from deserializer), FieldSchema(name:lst_updt_ts, type:string, comment:from deserializer), FieldSchema(name:orig_lst_updt_ts, type:string, comment:from deserializer), FieldSchema(name:lst_updt_by_id, type:string, comment:from deserializer), FieldSchema(name:file_ins_ts, type:string, comment:from deserializer), FieldSchema(name:orig_file_ins_ts, type:string, comment:from deserializer), FieldSchema(name:exp_stock_plan_lead_time, type:string, comment:from deserializer)], location:file:/var/folders/y7/4_pz5fzx54ngcmghz3v6t3m00000gn/T/junit8690338365344900462/hadooptmp/dealer_hierarchy/core_data, inputFormat:org.apache.hadoop.hive.ql.io.avro.AvroContainerInputFormat, outputFormat:org.apache.hadoop.hive.ql.io.avro.AvroContainerOutputFormat, compressed:false, numBuckets:-1, serdeInfo:SerDeInfo(name:null, serializationLib:org.apache.hadoop.hive.serde2.avro.AvroSerDe, parameters:{avro.schema.url=./src/test/resources/dealer_hierarchy/schema/DEALER_HIERARCHY_CORE.avsc, serialization.format=1}), bucketCols:[], sortCols:[], parameters:{}, skewedInfo:SkewedInfo(skewedColNames:[], skewedColValues:[], skewedColValueLocationMaps:{}), storedAsSubDirectories:false), partitionKeys:[FieldSchema(name:dealer_code, type:string, comment:null)], parameters:{EXTERNAL=TRUE}, viewOriginalText:null, viewExpandedText:null, tableType:EXTERNAL_TABLE)	
15/09/06 13:13:49 INFO common.FileUtils: Creating directory if it doesn't exist: file:/var/folders/y7/4_pz5fzx54ngcmghz3v6t3m00000gn/T/junit8690338365344900462/hadooptmp/dealer_hierarchy/core_data
15/09/06 13:13:49 INFO log.PerfLogger: </PERFLOG method=runTasks start=1441563229576 end=1441563229625 duration=49 from=org.apache.hadoop.hive.ql.Driver>
15/09/06 13:13:49 INFO log.PerfLogger: </PERFLOG method=Driver.execute start=1441563229576 end=1441563229626 duration=50 from=org.apache.hadoop.hive.ql.Driver>
OK
15/09/06 13:13:49 INFO ql.Driver: OK
15/09/06 13:13:49 INFO log.PerfLogger: <PERFLOG method=releaseLocks from=org.apache.hadoop.hive.ql.Driver>
15/09/06 13:13:49 INFO log.PerfLogger: </PERFLOG method=releaseLocks start=1441563229627 end=1441563229627 duration=0 from=org.apache.hadoop.hive.ql.Driver>
15/09/06 13:13:49 INFO log.PerfLogger: </PERFLOG method=Driver.run start=1441563229572 end=1441563229627 duration=55 from=org.apache.hadoop.hive.ql.Driver>
15/09/06 13:13:49 INFO service.HiveServer: Running the query: 

15/09/06 13:13:49 INFO builder.HiveShellTearable: Created hive resource /var/folders/y7/4_pz5fzx54ngcmghz3v6t3m00000gn/T/junit8690338365344900462/hadooptmp/dealer_hierarchy/temp_data/dealer_code=AAAA/temp_data_from_string.csv
15/09/06 13:13:49 INFO builder.HiveShellTearable: Created hive resource /var/folders/y7/4_pz5fzx54ngcmghz3v6t3m00000gn/T/junit8690338365344900462/hadooptmp/dealer_hierarchy/temp_data/dealer_code=ZZZZ/temp_data_from_file.csv
15/09/06 13:13:49 INFO service.HiveServer: Running the query: MSCK REPAIR TABLE dealer_hierarchy_core
15/09/06 13:13:49 INFO log.PerfLogger: <PERFLOG method=Driver.run from=org.apache.hadoop.hive.ql.Driver>
15/09/06 13:13:49 INFO log.PerfLogger: <PERFLOG method=TimeToSubmit from=org.apache.hadoop.hive.ql.Driver>
15/09/06 13:13:49 INFO ql.Driver: Concurrency mode is disabled, not creating a lock manager
15/09/06 13:13:49 INFO log.PerfLogger: <PERFLOG method=compile from=org.apache.hadoop.hive.ql.Driver>
15/09/06 13:13:49 INFO log.PerfLogger: <PERFLOG method=parse from=org.apache.hadoop.hive.ql.Driver>
15/09/06 13:13:49 INFO parse.ParseDriver: Parsing command: MSCK REPAIR TABLE dealer_hierarchy_core
15/09/06 13:13:49 INFO parse.ParseDriver: Parse Completed
15/09/06 13:13:49 INFO log.PerfLogger: </PERFLOG method=parse start=1441563229629 end=1441563229629 duration=0 from=org.apache.hadoop.hive.ql.Driver>
15/09/06 13:13:49 INFO log.PerfLogger: <PERFLOG method=semanticAnalyze from=org.apache.hadoop.hive.ql.Driver>
15/09/06 13:13:49 INFO ql.Driver: Semantic Analysis Completed
15/09/06 13:13:49 INFO log.PerfLogger: </PERFLOG method=semanticAnalyze start=1441563229629 end=1441563229634 duration=5 from=org.apache.hadoop.hive.ql.Driver>
15/09/06 13:13:49 INFO ql.Driver: Returning Hive schema: Schema(fieldSchemas:null, properties:null)
15/09/06 13:13:49 INFO log.PerfLogger: </PERFLOG method=compile start=1441563229629 end=1441563229634 duration=5 from=org.apache.hadoop.hive.ql.Driver>
15/09/06 13:13:49 INFO log.PerfLogger: <PERFLOG method=Driver.execute from=org.apache.hadoop.hive.ql.Driver>
15/09/06 13:13:49 INFO ql.Driver: Starting command: MSCK REPAIR TABLE dealer_hierarchy_core
15/09/06 13:13:49 INFO log.PerfLogger: </PERFLOG method=TimeToSubmit start=1441563229629 end=1441563229634 duration=5 from=org.apache.hadoop.hive.ql.Driver>
15/09/06 13:13:49 INFO log.PerfLogger: <PERFLOG method=runTasks from=org.apache.hadoop.hive.ql.Driver>
15/09/06 13:13:49 INFO log.PerfLogger: <PERFLOG method=task.DDL.Stage-0 from=org.apache.hadoop.hive.ql.Driver>
15/09/06 13:13:49 INFO metastore.HiveMetaStore: 0: get_table : db=ddsw_dev tbl=dealer_hierarchy_core
15/09/06 13:13:49 INFO HiveMetaStore.audit: ugi=hpatel	ip=unknown-ip-addr	cmd=get_table : db=ddsw_dev tbl=dealer_hierarchy_core	
15/09/06 13:13:49 INFO avro.AvroSerDe: Avro schema is {"type":"record","name":"DEALER_HIERARCHY_CORE","doc":"Sqoop import of DEALER_HIERARCHY","fields":[{"name":"File_Name","type":["string","null"],"columnName":"File_Name"},{"name":"GEN_ID","type":["string","null"],"columnName":"GEN_ID"},{"name":"DMS_SYSTEM","type":["string","null"],"columnName":"DMS_SYSTEM"},{"name":"DMS_VERSION","type":["string","null"],"columnName":"DMS_VERSION"},{"name":"TRANSMIT_TS","type":["string","null"],"columnName":"TRANSMIT_TS"},{"name":"ORIG_TRANSMIT_TS","type":["string","null"],"columnName":"TRANSMIT_TS"},{"name":"TRANSMIT_BY","type":["string","null"],"columnName":"TRANSMIT_BY"},{"name":"RECORD_STATUS","type":["string","null"],"columnName":"RECORD_STATUS"},{"name":"DEALER_UPDT_IND","type":["string","null"],"columnName":"DEALER_UPDT_IND","sqlType":"1"},{"name":"STORE_NUMBER","type":["string","null"],"columnName":"STORE_NUMBER"},{"name":"PART_TYPE","type":["string","null"],"columnName":"PART_TYPE"},{"name":"STORE_NAME","type":["string","null"],"columnName":"STORE_NAME"},{"name":"INVENTORY_STORE_NUMBER","type":["string","null"],"columnName":"INVENTORY_STORE_NUMBER"},{"name":"CAT_EMRG_DEALER_CODE","type":["string","null"],"columnName":"CAT_EMRG_DEALER_CODE"},{"name":"CAT_STOCK_DEALER_CODE","type":["string","null"],"columnName":"CAT_STOCK_DEALER_CODE"},{"name":"STOCK_REPLEN_STORE_NUMBER","type":["string","null"],"columnName":"STOCK_REPLEN_STORE_NUMBER"},{"name":"STOCK_REPLEN_LEAD_TIME","type":["string","null"],"columnName":"STOCK_REPLEN_LEAD_TIME"},{"name":"LST_UPDT_TS","type":["string","null"],"columnName":"LST_UPDT_TS"},{"name":"ORIG_LST_UPDT_TS","type":["string","null"],"columnName":"ORIG_LST_UPDT_TS"},{"name":"LST_UPDT_BY_ID","type":["string","null"],"columnName":"LST_UPDT_BY_ID"},{"name":"FILE_INS_TS","type":["string","null"],"columnName":"FILE_INS_TS"},{"name":"ORIG_FILE_INS_TS","type":["string","null"],"columnName":"ORIG_FILE_INS_TS"},{"name":"EXP_STOCK_PLAN_LEAD_TIME","type":["string","null"],"columnName":"EXP_STOCK_PLAN_LEAD_TIME"}],"tableName":"DEALER_HIERARCHY_CORE"}
15/09/06 13:13:49 INFO avro.AvroSerDe: Avro schema is {"type":"record","name":"DEALER_HIERARCHY_CORE","doc":"Sqoop import of DEALER_HIERARCHY","fields":[{"name":"File_Name","type":["string","null"],"columnName":"File_Name"},{"name":"GEN_ID","type":["string","null"],"columnName":"GEN_ID"},{"name":"DMS_SYSTEM","type":["string","null"],"columnName":"DMS_SYSTEM"},{"name":"DMS_VERSION","type":["string","null"],"columnName":"DMS_VERSION"},{"name":"TRANSMIT_TS","type":["string","null"],"columnName":"TRANSMIT_TS"},{"name":"ORIG_TRANSMIT_TS","type":["string","null"],"columnName":"TRANSMIT_TS"},{"name":"TRANSMIT_BY","type":["string","null"],"columnName":"TRANSMIT_BY"},{"name":"RECORD_STATUS","type":["string","null"],"columnName":"RECORD_STATUS"},{"name":"DEALER_UPDT_IND","type":["string","null"],"columnName":"DEALER_UPDT_IND","sqlType":"1"},{"name":"STORE_NUMBER","type":["string","null"],"columnName":"STORE_NUMBER"},{"name":"PART_TYPE","type":["string","null"],"columnName":"PART_TYPE"},{"name":"STORE_NAME","type":["string","null"],"columnName":"STORE_NAME"},{"name":"INVENTORY_STORE_NUMBER","type":["string","null"],"columnName":"INVENTORY_STORE_NUMBER"},{"name":"CAT_EMRG_DEALER_CODE","type":["string","null"],"columnName":"CAT_EMRG_DEALER_CODE"},{"name":"CAT_STOCK_DEALER_CODE","type":["string","null"],"columnName":"CAT_STOCK_DEALER_CODE"},{"name":"STOCK_REPLEN_STORE_NUMBER","type":["string","null"],"columnName":"STOCK_REPLEN_STORE_NUMBER"},{"name":"STOCK_REPLEN_LEAD_TIME","type":["string","null"],"columnName":"STOCK_REPLEN_LEAD_TIME"},{"name":"LST_UPDT_TS","type":["string","null"],"columnName":"LST_UPDT_TS"},{"name":"ORIG_LST_UPDT_TS","type":["string","null"],"columnName":"ORIG_LST_UPDT_TS"},{"name":"LST_UPDT_BY_ID","type":["string","null"],"columnName":"LST_UPDT_BY_ID"},{"name":"FILE_INS_TS","type":["string","null"],"columnName":"FILE_INS_TS"},{"name":"ORIG_FILE_INS_TS","type":["string","null"],"columnName":"ORIG_FILE_INS_TS"},{"name":"EXP_STOCK_PLAN_LEAD_TIME","type":["string","null"],"columnName":"EXP_STOCK_PLAN_LEAD_TIME"}],"tableName":"DEALER_HIERARCHY_CORE"}
15/09/06 13:13:49 INFO metastore.HiveMetaStore: 0: get_partitions_with_auth : db=ddsw_dev tbl=dealer_hierarchy_core
15/09/06 13:13:49 INFO HiveMetaStore.audit: ugi=hpatel	ip=unknown-ip-addr	cmd=get_partitions_with_auth : db=ddsw_dev tbl=dealer_hierarchy_core	
15/09/06 13:13:49 INFO log.PerfLogger: </PERFLOG method=runTasks start=1441563229634 end=1441563229672 duration=38 from=org.apache.hadoop.hive.ql.Driver>
15/09/06 13:13:49 INFO log.PerfLogger: </PERFLOG method=Driver.execute start=1441563229634 end=1441563229672 duration=38 from=org.apache.hadoop.hive.ql.Driver>
OK
15/09/06 13:13:49 INFO ql.Driver: OK
15/09/06 13:13:49 INFO log.PerfLogger: <PERFLOG method=releaseLocks from=org.apache.hadoop.hive.ql.Driver>
15/09/06 13:13:49 INFO log.PerfLogger: </PERFLOG method=releaseLocks start=1441563229672 end=1441563229672 duration=0 from=org.apache.hadoop.hive.ql.Driver>
15/09/06 13:13:49 INFO log.PerfLogger: </PERFLOG method=Driver.run start=1441563229629 end=1441563229672 duration=43 from=org.apache.hadoop.hive.ql.Driver>
15/09/06 13:13:49 INFO service.HiveServer: Running the query: MSCK REPAIR TABLE dealer_hierarchy_temp_data
15/09/06 13:13:49 INFO log.PerfLogger: <PERFLOG method=Driver.run from=org.apache.hadoop.hive.ql.Driver>
15/09/06 13:13:49 INFO log.PerfLogger: <PERFLOG method=TimeToSubmit from=org.apache.hadoop.hive.ql.Driver>
15/09/06 13:13:49 INFO ql.Driver: Concurrency mode is disabled, not creating a lock manager
15/09/06 13:13:49 INFO log.PerfLogger: <PERFLOG method=compile from=org.apache.hadoop.hive.ql.Driver>
15/09/06 13:13:49 INFO log.PerfLogger: <PERFLOG method=parse from=org.apache.hadoop.hive.ql.Driver>
15/09/06 13:13:49 INFO parse.ParseDriver: Parsing command: MSCK REPAIR TABLE dealer_hierarchy_temp_data
15/09/06 13:13:49 INFO parse.ParseDriver: Parse Completed
15/09/06 13:13:49 INFO log.PerfLogger: </PERFLOG method=parse start=1441563229673 end=1441563229673 duration=0 from=org.apache.hadoop.hive.ql.Driver>
15/09/06 13:13:49 INFO log.PerfLogger: <PERFLOG method=semanticAnalyze from=org.apache.hadoop.hive.ql.Driver>
15/09/06 13:13:49 INFO ql.Driver: Semantic Analysis Completed
15/09/06 13:13:49 INFO log.PerfLogger: </PERFLOG method=semanticAnalyze start=1441563229673 end=1441563229677 duration=4 from=org.apache.hadoop.hive.ql.Driver>
15/09/06 13:13:49 INFO ql.Driver: Returning Hive schema: Schema(fieldSchemas:null, properties:null)
15/09/06 13:13:49 INFO log.PerfLogger: </PERFLOG method=compile start=1441563229673 end=1441563229677 duration=4 from=org.apache.hadoop.hive.ql.Driver>
15/09/06 13:13:49 INFO log.PerfLogger: <PERFLOG method=Driver.execute from=org.apache.hadoop.hive.ql.Driver>
15/09/06 13:13:49 INFO ql.Driver: Starting command: MSCK REPAIR TABLE dealer_hierarchy_temp_data
15/09/06 13:13:49 INFO log.PerfLogger: </PERFLOG method=TimeToSubmit start=1441563229673 end=1441563229678 duration=5 from=org.apache.hadoop.hive.ql.Driver>
15/09/06 13:13:49 INFO log.PerfLogger: <PERFLOG method=runTasks from=org.apache.hadoop.hive.ql.Driver>
15/09/06 13:13:49 INFO log.PerfLogger: <PERFLOG method=task.DDL.Stage-0 from=org.apache.hadoop.hive.ql.Driver>
15/09/06 13:13:49 INFO metastore.HiveMetaStore: 0: get_table : db=ddsw_dev tbl=dealer_hierarchy_temp_data
15/09/06 13:13:49 INFO HiveMetaStore.audit: ugi=hpatel	ip=unknown-ip-addr	cmd=get_table : db=ddsw_dev tbl=dealer_hierarchy_temp_data	
15/09/06 13:13:49 INFO metastore.HiveMetaStore: 0: get_partitions_with_auth : db=ddsw_dev tbl=dealer_hierarchy_temp_data
15/09/06 13:13:49 INFO HiveMetaStore.audit: ugi=hpatel	ip=unknown-ip-addr	cmd=get_partitions_with_auth : db=ddsw_dev tbl=dealer_hierarchy_temp_data	
15/09/06 13:13:49 INFO metastore.HiveMetaStore: 0: get_table : db=ddsw_dev tbl=dealer_hierarchy_temp_data
15/09/06 13:13:49 INFO HiveMetaStore.audit: ugi=hpatel	ip=unknown-ip-addr	cmd=get_table : db=ddsw_dev tbl=dealer_hierarchy_temp_data	
15/09/06 13:13:49 INFO metastore.HiveMetaStore: 0: get_table : db=ddsw_dev tbl=dealer_hierarchy_temp_data
15/09/06 13:13:49 INFO HiveMetaStore.audit: ugi=hpatel	ip=unknown-ip-addr	cmd=get_table : db=ddsw_dev tbl=dealer_hierarchy_temp_data	
15/09/06 13:13:49 INFO metastore.HiveMetaStore: 0: add_partitions
15/09/06 13:13:49 INFO HiveMetaStore.audit: ugi=hpatel	ip=unknown-ip-addr	cmd=add_partitions	
15/09/06 13:13:49 INFO log.PerfLogger: </PERFLOG method=runTasks start=1441563229678 end=1441563229744 duration=66 from=org.apache.hadoop.hive.ql.Driver>
15/09/06 13:13:49 INFO log.PerfLogger: </PERFLOG method=Driver.execute start=1441563229677 end=1441563229745 duration=68 from=org.apache.hadoop.hive.ql.Driver>
OK
15/09/06 13:13:49 INFO ql.Driver: OK
15/09/06 13:13:49 INFO log.PerfLogger: <PERFLOG method=releaseLocks from=org.apache.hadoop.hive.ql.Driver>
15/09/06 13:13:49 INFO log.PerfLogger: </PERFLOG method=releaseLocks start=1441563229745 end=1441563229745 duration=0 from=org.apache.hadoop.hive.ql.Driver>
15/09/06 13:13:49 INFO log.PerfLogger: </PERFLOG method=Driver.run start=1441563229673 end=1441563229745 duration=72 from=org.apache.hadoop.hive.ql.Driver>
15/09/06 13:13:49 INFO service.HiveServer: Running the query: 
INSERT INTO TABLE DEALER_HIERARCHY_CORE
  PARTITION (DEALER_CODE)
  SELECT
    dh.FILE_NAME,
    dh.GEN_ID,
    dh.DMS_SYSTEM,
    dh.DMS_VERSION,
    custom_utc_timestamp(format_mr_timestamp(dh.TRANSMIT_TS)) AS TRANSMIT_TS,
    format_mr_timestamp(dh.ORIG_TRANSMIT_TS) AS ORIG_TRANSMIT_TS,
    dh.TRANSMIT_BY,
    dh.RECORD_STATUS,
    dh.DEALER_UPDT_IND,
    trim(dh.STORE_NUMBER) as STORE_NUMBER,
    trim(dh.PART_TYPE) as PART_TYPE,
    dh.STORE_NAME,
    dh.INVENTORY_STORE_NUMBER,
    trim(dh.CAT_EMRG_DEALER_CODE) as CAT_EMRG_DEALER_CODE,
    trim(dh.CAT_STOCK_DEALER_CODE) as CAT_STOCK_DEALER_CODE,
    trim(dh.STOCK_REPLEN_STORE_NUMBER) as STOCK_REPLEN_STORE_NUMBER,
    dh.STOCK_REPLEN_LEAD_TIME,
    dh.LST_UPDT_TS,
    dh.ORIG_LST_UPDT_TS,
    dh.LST_UPDT_BY_ID,
    dh.file_ins_ts,
    dh.ORIG_file_ins_TS,
    dh.EXP_STOCK_PLAN_LEAD_TIME,
    trim(dh.DEALER_CODE) as DEALER_CODE
  FROM
    dealer_hierarchy_temp_data dh

15/09/06 13:13:49 INFO log.PerfLogger: <PERFLOG method=Driver.run from=org.apache.hadoop.hive.ql.Driver>
15/09/06 13:13:49 INFO log.PerfLogger: <PERFLOG method=TimeToSubmit from=org.apache.hadoop.hive.ql.Driver>
15/09/06 13:13:49 INFO ql.Driver: Concurrency mode is disabled, not creating a lock manager
15/09/06 13:13:49 INFO log.PerfLogger: <PERFLOG method=compile from=org.apache.hadoop.hive.ql.Driver>
15/09/06 13:13:49 INFO log.PerfLogger: <PERFLOG method=parse from=org.apache.hadoop.hive.ql.Driver>
15/09/06 13:13:49 INFO parse.ParseDriver: Parsing command: 
INSERT INTO TABLE DEALER_HIERARCHY_CORE
  PARTITION (DEALER_CODE)
  SELECT
    dh.FILE_NAME,
    dh.GEN_ID,
    dh.DMS_SYSTEM,
    dh.DMS_VERSION,
    custom_utc_timestamp(format_mr_timestamp(dh.TRANSMIT_TS)) AS TRANSMIT_TS,
    format_mr_timestamp(dh.ORIG_TRANSMIT_TS) AS ORIG_TRANSMIT_TS,
    dh.TRANSMIT_BY,
    dh.RECORD_STATUS,
    dh.DEALER_UPDT_IND,
    trim(dh.STORE_NUMBER) as STORE_NUMBER,
    trim(dh.PART_TYPE) as PART_TYPE,
    dh.STORE_NAME,
    dh.INVENTORY_STORE_NUMBER,
    trim(dh.CAT_EMRG_DEALER_CODE) as CAT_EMRG_DEALER_CODE,
    trim(dh.CAT_STOCK_DEALER_CODE) as CAT_STOCK_DEALER_CODE,
    trim(dh.STOCK_REPLEN_STORE_NUMBER) as STOCK_REPLEN_STORE_NUMBER,
    dh.STOCK_REPLEN_LEAD_TIME,
    dh.LST_UPDT_TS,
    dh.ORIG_LST_UPDT_TS,
    dh.LST_UPDT_BY_ID,
    dh.file_ins_ts,
    dh.ORIG_file_ins_TS,
    dh.EXP_STOCK_PLAN_LEAD_TIME,
    trim(dh.DEALER_CODE) as DEALER_CODE
  FROM
    dealer_hierarchy_temp_data dh

15/09/06 13:13:49 INFO parse.ParseDriver: Parse Completed
15/09/06 13:13:49 INFO log.PerfLogger: </PERFLOG method=parse start=1441563229748 end=1441563229753 duration=5 from=org.apache.hadoop.hive.ql.Driver>
15/09/06 13:13:49 INFO log.PerfLogger: <PERFLOG method=semanticAnalyze from=org.apache.hadoop.hive.ql.Driver>
15/09/06 13:13:49 INFO parse.SemanticAnalyzer: Starting Semantic Analysis
15/09/06 13:13:49 INFO parse.SemanticAnalyzer: Completed phase 1 of Semantic Analysis
15/09/06 13:13:49 INFO parse.SemanticAnalyzer: Get metadata for source tables
15/09/06 13:13:49 INFO metastore.HiveMetaStore: 0: get_table : db=ddsw_dev tbl=dealer_hierarchy_temp_data
15/09/06 13:13:49 INFO HiveMetaStore.audit: ugi=hpatel	ip=unknown-ip-addr	cmd=get_table : db=ddsw_dev tbl=dealer_hierarchy_temp_data	
15/09/06 13:13:49 INFO parse.SemanticAnalyzer: Get metadata for subqueries
15/09/06 13:13:49 INFO parse.SemanticAnalyzer: Get metadata for destination tables
15/09/06 13:13:49 INFO metastore.HiveMetaStore: 0: get_table : db=ddsw_dev tbl=DEALER_HIERARCHY_CORE
15/09/06 13:13:49 INFO HiveMetaStore.audit: ugi=hpatel	ip=unknown-ip-addr	cmd=get_table : db=ddsw_dev tbl=DEALER_HIERARCHY_CORE	
15/09/06 13:13:49 INFO avro.AvroSerDe: Avro schema is {"type":"record","name":"DEALER_HIERARCHY_CORE","doc":"Sqoop import of DEALER_HIERARCHY","fields":[{"name":"File_Name","type":["string","null"],"columnName":"File_Name"},{"name":"GEN_ID","type":["string","null"],"columnName":"GEN_ID"},{"name":"DMS_SYSTEM","type":["string","null"],"columnName":"DMS_SYSTEM"},{"name":"DMS_VERSION","type":["string","null"],"columnName":"DMS_VERSION"},{"name":"TRANSMIT_TS","type":["string","null"],"columnName":"TRANSMIT_TS"},{"name":"ORIG_TRANSMIT_TS","type":["string","null"],"columnName":"TRANSMIT_TS"},{"name":"TRANSMIT_BY","type":["string","null"],"columnName":"TRANSMIT_BY"},{"name":"RECORD_STATUS","type":["string","null"],"columnName":"RECORD_STATUS"},{"name":"DEALER_UPDT_IND","type":["string","null"],"columnName":"DEALER_UPDT_IND","sqlType":"1"},{"name":"STORE_NUMBER","type":["string","null"],"columnName":"STORE_NUMBER"},{"name":"PART_TYPE","type":["string","null"],"columnName":"PART_TYPE"},{"name":"STORE_NAME","type":["string","null"],"columnName":"STORE_NAME"},{"name":"INVENTORY_STORE_NUMBER","type":["string","null"],"columnName":"INVENTORY_STORE_NUMBER"},{"name":"CAT_EMRG_DEALER_CODE","type":["string","null"],"columnName":"CAT_EMRG_DEALER_CODE"},{"name":"CAT_STOCK_DEALER_CODE","type":["string","null"],"columnName":"CAT_STOCK_DEALER_CODE"},{"name":"STOCK_REPLEN_STORE_NUMBER","type":["string","null"],"columnName":"STOCK_REPLEN_STORE_NUMBER"},{"name":"STOCK_REPLEN_LEAD_TIME","type":["string","null"],"columnName":"STOCK_REPLEN_LEAD_TIME"},{"name":"LST_UPDT_TS","type":["string","null"],"columnName":"LST_UPDT_TS"},{"name":"ORIG_LST_UPDT_TS","type":["string","null"],"columnName":"ORIG_LST_UPDT_TS"},{"name":"LST_UPDT_BY_ID","type":["string","null"],"columnName":"LST_UPDT_BY_ID"},{"name":"FILE_INS_TS","type":["string","null"],"columnName":"FILE_INS_TS"},{"name":"ORIG_FILE_INS_TS","type":["string","null"],"columnName":"ORIG_FILE_INS_TS"},{"name":"EXP_STOCK_PLAN_LEAD_TIME","type":["string","null"],"columnName":"EXP_STOCK_PLAN_LEAD_TIME"}],"tableName":"DEALER_HIERARCHY_CORE"}
15/09/06 13:13:49 INFO avro.AvroSerDe: Avro schema is {"type":"record","name":"DEALER_HIERARCHY_CORE","doc":"Sqoop import of DEALER_HIERARCHY","fields":[{"name":"File_Name","type":["string","null"],"columnName":"File_Name"},{"name":"GEN_ID","type":["string","null"],"columnName":"GEN_ID"},{"name":"DMS_SYSTEM","type":["string","null"],"columnName":"DMS_SYSTEM"},{"name":"DMS_VERSION","type":["string","null"],"columnName":"DMS_VERSION"},{"name":"TRANSMIT_TS","type":["string","null"],"columnName":"TRANSMIT_TS"},{"name":"ORIG_TRANSMIT_TS","type":["string","null"],"columnName":"TRANSMIT_TS"},{"name":"TRANSMIT_BY","type":["string","null"],"columnName":"TRANSMIT_BY"},{"name":"RECORD_STATUS","type":["string","null"],"columnName":"RECORD_STATUS"},{"name":"DEALER_UPDT_IND","type":["string","null"],"columnName":"DEALER_UPDT_IND","sqlType":"1"},{"name":"STORE_NUMBER","type":["string","null"],"columnName":"STORE_NUMBER"},{"name":"PART_TYPE","type":["string","null"],"columnName":"PART_TYPE"},{"name":"STORE_NAME","type":["string","null"],"columnName":"STORE_NAME"},{"name":"INVENTORY_STORE_NUMBER","type":["string","null"],"columnName":"INVENTORY_STORE_NUMBER"},{"name":"CAT_EMRG_DEALER_CODE","type":["string","null"],"columnName":"CAT_EMRG_DEALER_CODE"},{"name":"CAT_STOCK_DEALER_CODE","type":["string","null"],"columnName":"CAT_STOCK_DEALER_CODE"},{"name":"STOCK_REPLEN_STORE_NUMBER","type":["string","null"],"columnName":"STOCK_REPLEN_STORE_NUMBER"},{"name":"STOCK_REPLEN_LEAD_TIME","type":["string","null"],"columnName":"STOCK_REPLEN_LEAD_TIME"},{"name":"LST_UPDT_TS","type":["string","null"],"columnName":"LST_UPDT_TS"},{"name":"ORIG_LST_UPDT_TS","type":["string","null"],"columnName":"ORIG_LST_UPDT_TS"},{"name":"LST_UPDT_BY_ID","type":["string","null"],"columnName":"LST_UPDT_BY_ID"},{"name":"FILE_INS_TS","type":["string","null"],"columnName":"FILE_INS_TS"},{"name":"ORIG_FILE_INS_TS","type":["string","null"],"columnName":"ORIG_FILE_INS_TS"},{"name":"EXP_STOCK_PLAN_LEAD_TIME","type":["string","null"],"columnName":"EXP_STOCK_PLAN_LEAD_TIME"}],"tableName":"DEALER_HIERARCHY_CORE"}
15/09/06 13:13:49 WARN parse.BaseSemanticAnalyzer: Dynamic partitioning is used; only validating 0 columns
15/09/06 13:13:49 INFO parse.SemanticAnalyzer: Completed getting MetaData in Semantic Analysis
15/09/06 13:13:49 INFO common.FileUtils: Creating directory if it doesn't exist: file:/var/folders/y7/4_pz5fzx54ngcmghz3v6t3m00000gn/T/junit8690338365344900462/hadooptmp/dealer_hierarchy/core_data/.hive-staging_hive_2015-09-06_13-13-49_748_6207994547219418728-1
15/09/06 13:13:49 INFO avro.AvroSerDe: Avro schema is {"type":"record","name":"DEALER_HIERARCHY_CORE","doc":"Sqoop import of DEALER_HIERARCHY","fields":[{"name":"File_Name","type":["string","null"],"columnName":"File_Name"},{"name":"GEN_ID","type":["string","null"],"columnName":"GEN_ID"},{"name":"DMS_SYSTEM","type":["string","null"],"columnName":"DMS_SYSTEM"},{"name":"DMS_VERSION","type":["string","null"],"columnName":"DMS_VERSION"},{"name":"TRANSMIT_TS","type":["string","null"],"columnName":"TRANSMIT_TS"},{"name":"ORIG_TRANSMIT_TS","type":["string","null"],"columnName":"TRANSMIT_TS"},{"name":"TRANSMIT_BY","type":["string","null"],"columnName":"TRANSMIT_BY"},{"name":"RECORD_STATUS","type":["string","null"],"columnName":"RECORD_STATUS"},{"name":"DEALER_UPDT_IND","type":["string","null"],"columnName":"DEALER_UPDT_IND","sqlType":"1"},{"name":"STORE_NUMBER","type":["string","null"],"columnName":"STORE_NUMBER"},{"name":"PART_TYPE","type":["string","null"],"columnName":"PART_TYPE"},{"name":"STORE_NAME","type":["string","null"],"columnName":"STORE_NAME"},{"name":"INVENTORY_STORE_NUMBER","type":["string","null"],"columnName":"INVENTORY_STORE_NUMBER"},{"name":"CAT_EMRG_DEALER_CODE","type":["string","null"],"columnName":"CAT_EMRG_DEALER_CODE"},{"name":"CAT_STOCK_DEALER_CODE","type":["string","null"],"columnName":"CAT_STOCK_DEALER_CODE"},{"name":"STOCK_REPLEN_STORE_NUMBER","type":["string","null"],"columnName":"STOCK_REPLEN_STORE_NUMBER"},{"name":"STOCK_REPLEN_LEAD_TIME","type":["string","null"],"columnName":"STOCK_REPLEN_LEAD_TIME"},{"name":"LST_UPDT_TS","type":["string","null"],"columnName":"LST_UPDT_TS"},{"name":"ORIG_LST_UPDT_TS","type":["string","null"],"columnName":"ORIG_LST_UPDT_TS"},{"name":"LST_UPDT_BY_ID","type":["string","null"],"columnName":"LST_UPDT_BY_ID"},{"name":"FILE_INS_TS","type":["string","null"],"columnName":"FILE_INS_TS"},{"name":"ORIG_FILE_INS_TS","type":["string","null"],"columnName":"ORIG_FILE_INS_TS"},{"name":"EXP_STOCK_PLAN_LEAD_TIME","type":["string","null"],"columnName":"EXP_STOCK_PLAN_LEAD_TIME"}],"tableName":"DEALER_HIERARCHY_CORE"}
15/09/06 13:13:49 INFO avro.AvroSerDe: Avro schema is {"type":"record","name":"DEALER_HIERARCHY_CORE","doc":"Sqoop import of DEALER_HIERARCHY","fields":[{"name":"File_Name","type":["string","null"],"columnName":"File_Name"},{"name":"GEN_ID","type":["string","null"],"columnName":"GEN_ID"},{"name":"DMS_SYSTEM","type":["string","null"],"columnName":"DMS_SYSTEM"},{"name":"DMS_VERSION","type":["string","null"],"columnName":"DMS_VERSION"},{"name":"TRANSMIT_TS","type":["string","null"],"columnName":"TRANSMIT_TS"},{"name":"ORIG_TRANSMIT_TS","type":["string","null"],"columnName":"TRANSMIT_TS"},{"name":"TRANSMIT_BY","type":["string","null"],"columnName":"TRANSMIT_BY"},{"name":"RECORD_STATUS","type":["string","null"],"columnName":"RECORD_STATUS"},{"name":"DEALER_UPDT_IND","type":["string","null"],"columnName":"DEALER_UPDT_IND","sqlType":"1"},{"name":"STORE_NUMBER","type":["string","null"],"columnName":"STORE_NUMBER"},{"name":"PART_TYPE","type":["string","null"],"columnName":"PART_TYPE"},{"name":"STORE_NAME","type":["string","null"],"columnName":"STORE_NAME"},{"name":"INVENTORY_STORE_NUMBER","type":["string","null"],"columnName":"INVENTORY_STORE_NUMBER"},{"name":"CAT_EMRG_DEALER_CODE","type":["string","null"],"columnName":"CAT_EMRG_DEALER_CODE"},{"name":"CAT_STOCK_DEALER_CODE","type":["string","null"],"columnName":"CAT_STOCK_DEALER_CODE"},{"name":"STOCK_REPLEN_STORE_NUMBER","type":["string","null"],"columnName":"STOCK_REPLEN_STORE_NUMBER"},{"name":"STOCK_REPLEN_LEAD_TIME","type":["string","null"],"columnName":"STOCK_REPLEN_LEAD_TIME"},{"name":"LST_UPDT_TS","type":["string","null"],"columnName":"LST_UPDT_TS"},{"name":"ORIG_LST_UPDT_TS","type":["string","null"],"columnName":"ORIG_LST_UPDT_TS"},{"name":"LST_UPDT_BY_ID","type":["string","null"],"columnName":"LST_UPDT_BY_ID"},{"name":"FILE_INS_TS","type":["string","null"],"columnName":"FILE_INS_TS"},{"name":"ORIG_FILE_INS_TS","type":["string","null"],"columnName":"ORIG_FILE_INS_TS"},{"name":"EXP_STOCK_PLAN_LEAD_TIME","type":["string","null"],"columnName":"EXP_STOCK_PLAN_LEAD_TIME"}],"tableName":"DEALER_HIERARCHY_CORE"}
15/09/06 13:13:49 INFO avro.AvroSerDe: Configuration null, not inserting schema
15/09/06 13:13:49 INFO parse.SemanticAnalyzer: Set stats collection dir : file:/var/folders/y7/4_pz5fzx54ngcmghz3v6t3m00000gn/T/junit8690338365344900462/hadooptmp/dealer_hierarchy/core_data/.hive-staging_hive_2015-09-06_13-13-49_748_6207994547219418728-1/-ext-10001
15/09/06 13:13:49 INFO ppd.OpProcFactory: Processing for FS(99)
15/09/06 13:13:49 INFO ppd.OpProcFactory: Processing for SEL(98)
15/09/06 13:13:49 INFO ppd.OpProcFactory: Processing for TS(97)
15/09/06 13:13:49 INFO optimizer.SortedDynPartitionOptimizer: Sorted dynamic partitioning optimization kicked in..
15/09/06 13:13:49 INFO optimizer.SortedDynPartitionOptimizer: Inserted RS_100 and EX_101 as parent of FS_99 and child of SEL_98
15/09/06 13:13:49 INFO log.PerfLogger: <PERFLOG method=partition-retrieving from=org.apache.hadoop.hive.ql.optimizer.ppr.PartitionPruner>
15/09/06 13:13:49 INFO metastore.HiveMetaStore: 0: get_partitions : db=ddsw_dev tbl=dealer_hierarchy_temp_data
15/09/06 13:13:49 INFO HiveMetaStore.audit: ugi=hpatel	ip=unknown-ip-addr	cmd=get_partitions : db=ddsw_dev tbl=dealer_hierarchy_temp_data	
15/09/06 13:13:49 INFO log.PerfLogger: </PERFLOG method=partition-retrieving start=1441563229836 end=1441563229842 duration=6 from=org.apache.hadoop.hive.ql.optimizer.ppr.PartitionPruner>
15/09/06 13:13:49 INFO parse.SemanticAnalyzer: Completed plan generation
15/09/06 13:13:49 INFO ql.Driver: Semantic Analysis Completed
15/09/06 13:13:49 INFO log.PerfLogger: </PERFLOG method=semanticAnalyze start=1441563229753 end=1441563229844 duration=91 from=org.apache.hadoop.hive.ql.Driver>
15/09/06 13:13:49 INFO ql.Driver: Returning Hive schema: Schema(fieldSchemas:[FieldSchema(name:dh.file_name, type:string, comment:null), FieldSchema(name:dh.gen_id, type:string, comment:null), FieldSchema(name:dh.dms_system, type:string, comment:null), FieldSchema(name:dh.dms_version, type:string, comment:null), FieldSchema(name:transmit_ts, type:string, comment:null), FieldSchema(name:orig_transmit_ts, type:string, comment:null), FieldSchema(name:dh.transmit_by, type:string, comment:null), FieldSchema(name:dh.record_status, type:string, comment:null), FieldSchema(name:dh.dealer_updt_ind, type:string, comment:null), FieldSchema(name:store_number, type:string, comment:null), FieldSchema(name:part_type, type:string, comment:null), FieldSchema(name:dh.store_name, type:string, comment:null), FieldSchema(name:dh.inventory_store_number, type:string, comment:null), FieldSchema(name:cat_emrg_dealer_code, type:string, comment:null), FieldSchema(name:cat_stock_dealer_code, type:string, comment:null), FieldSchema(name:stock_replen_store_number, type:string, comment:null), FieldSchema(name:dh.stock_replen_lead_time, type:string, comment:null), FieldSchema(name:dh.lst_updt_ts, type:string, comment:null), FieldSchema(name:dh.orig_lst_updt_ts, type:string, comment:null), FieldSchema(name:dh.lst_updt_by_id, type:string, comment:null), FieldSchema(name:dh.file_ins_ts, type:string, comment:null), FieldSchema(name:dh.orig_file_ins_ts, type:string, comment:null), FieldSchema(name:dh.exp_stock_plan_lead_time, type:string, comment:null), FieldSchema(name:dealer_code, type:string, comment:null)], properties:null)
15/09/06 13:13:49 INFO log.PerfLogger: </PERFLOG method=compile start=1441563229747 end=1441563229844 duration=97 from=org.apache.hadoop.hive.ql.Driver>
15/09/06 13:13:49 INFO log.PerfLogger: <PERFLOG method=Driver.execute from=org.apache.hadoop.hive.ql.Driver>
15/09/06 13:13:49 INFO ql.Driver: Starting command: 
INSERT INTO TABLE DEALER_HIERARCHY_CORE
  PARTITION (DEALER_CODE)
  SELECT
    dh.FILE_NAME,
    dh.GEN_ID,
    dh.DMS_SYSTEM,
    dh.DMS_VERSION,
    custom_utc_timestamp(format_mr_timestamp(dh.TRANSMIT_TS)) AS TRANSMIT_TS,
    format_mr_timestamp(dh.ORIG_TRANSMIT_TS) AS ORIG_TRANSMIT_TS,
    dh.TRANSMIT_BY,
    dh.RECORD_STATUS,
    dh.DEALER_UPDT_IND,
    trim(dh.STORE_NUMBER) as STORE_NUMBER,
    trim(dh.PART_TYPE) as PART_TYPE,
    dh.STORE_NAME,
    dh.INVENTORY_STORE_NUMBER,
    trim(dh.CAT_EMRG_DEALER_CODE) as CAT_EMRG_DEALER_CODE,
    trim(dh.CAT_STOCK_DEALER_CODE) as CAT_STOCK_DEALER_CODE,
    trim(dh.STOCK_REPLEN_STORE_NUMBER) as STOCK_REPLEN_STORE_NUMBER,
    dh.STOCK_REPLEN_LEAD_TIME,
    dh.LST_UPDT_TS,
    dh.ORIG_LST_UPDT_TS,
    dh.LST_UPDT_BY_ID,
    dh.file_ins_ts,
    dh.ORIG_file_ins_TS,
    dh.EXP_STOCK_PLAN_LEAD_TIME,
    trim(dh.DEALER_CODE) as DEALER_CODE
  FROM
    dealer_hierarchy_temp_data dh

Total jobs = 1
15/09/06 13:13:49 INFO ql.Driver: Total jobs = 1
15/09/06 13:13:49 INFO log.PerfLogger: </PERFLOG method=TimeToSubmit start=1441563229747 end=1441563229845 duration=98 from=org.apache.hadoop.hive.ql.Driver>
15/09/06 13:13:49 INFO log.PerfLogger: <PERFLOG method=runTasks from=org.apache.hadoop.hive.ql.Driver>
15/09/06 13:13:49 INFO log.PerfLogger: <PERFLOG method=task.MAPRED.Stage-1 from=org.apache.hadoop.hive.ql.Driver>
Launching Job 1 out of 1
15/09/06 13:13:49 INFO ql.Driver: Launching Job 1 out of 1
Number of reduce tasks not specified. Defaulting to jobconf value of: 1
15/09/06 13:13:49 INFO exec.Task: Number of reduce tasks not specified. Defaulting to jobconf value of: 1
In order to change the average load for a reducer (in bytes):
15/09/06 13:13:49 INFO exec.Task: In order to change the average load for a reducer (in bytes):
  set hive.exec.reducers.bytes.per.reducer=<number>
15/09/06 13:13:49 INFO exec.Task:   set hive.exec.reducers.bytes.per.reducer=<number>
In order to limit the maximum number of reducers:
15/09/06 13:13:49 INFO exec.Task: In order to limit the maximum number of reducers:
  set hive.exec.reducers.max=<number>
15/09/06 13:13:49 INFO exec.Task:   set hive.exec.reducers.max=<number>
In order to set a constant number of reducers:
15/09/06 13:13:49 INFO exec.Task: In order to set a constant number of reducers:
  set mapreduce.job.reduces=<number>
15/09/06 13:13:49 INFO exec.Task:   set mapreduce.job.reduces=<number>
15/09/06 13:13:49 INFO ql.Context: New scratch dir is file:/var/folders/y7/4_pz5fzx54ngcmghz3v6t3m00000gn/T/junit8690338365344900462/scratchdir/hive_2015-09-06_13-13-49_748_6207994547219418728-1
15/09/06 13:13:49 INFO mr.ExecDriver: Using org.apache.hadoop.hive.ql.io.CombineHiveInputFormat
15/09/06 13:13:49 INFO exec.Utilities: Processing alias dh
15/09/06 13:13:49 INFO exec.Utilities: Adding input file file:/var/folders/y7/4_pz5fzx54ngcmghz3v6t3m00000gn/T/junit8690338365344900462/hadooptmp/dealer_hierarchy/temp_data/dealer_code=AAAA
15/09/06 13:13:49 INFO exec.Utilities: Content Summary not cached for file:/var/folders/y7/4_pz5fzx54ngcmghz3v6t3m00000gn/T/junit8690338365344900462/hadooptmp/dealer_hierarchy/temp_data/dealer_code=AAAA
15/09/06 13:13:49 INFO exec.Utilities: Adding input file file:/var/folders/y7/4_pz5fzx54ngcmghz3v6t3m00000gn/T/junit8690338365344900462/hadooptmp/dealer_hierarchy/temp_data/dealer_code=ZZZZ
15/09/06 13:13:49 INFO exec.Utilities: Content Summary not cached for file:/var/folders/y7/4_pz5fzx54ngcmghz3v6t3m00000gn/T/junit8690338365344900462/hadooptmp/dealer_hierarchy/temp_data/dealer_code=ZZZZ
15/09/06 13:13:49 INFO ql.Context: New scratch dir is file:/var/folders/y7/4_pz5fzx54ngcmghz3v6t3m00000gn/T/junit8690338365344900462/scratchdir/hive_2015-09-06_13-13-49_748_6207994547219418728-1
15/09/06 13:13:49 INFO log.PerfLogger: <PERFLOG method=serializePlan from=org.apache.hadoop.hive.ql.exec.Utilities>
15/09/06 13:13:49 INFO exec.Utilities: Serializing MapWork via kryo
15/09/06 13:13:49 INFO log.PerfLogger: </PERFLOG method=serializePlan start=1441563229854 end=1441563229857 duration=3 from=org.apache.hadoop.hive.ql.exec.Utilities>
15/09/06 13:13:49 INFO exec.Utilities: Setting plan: /var/folders/y7/4_pz5fzx54ngcmghz3v6t3m00000gn/T/junit8690338365344900462/scratchdir/hive_2015-09-06_13-13-49_748_6207994547219418728-1/-mr-10003/20c7e104-2ff2-49a9-95d1-b41e9c83beeb/map.xml
15/09/06 13:13:49 INFO log.PerfLogger: <PERFLOG method=serializePlan from=org.apache.hadoop.hive.ql.exec.Utilities>
15/09/06 13:13:49 INFO exec.Utilities: Serializing ReduceWork via kryo
15/09/06 13:13:49 INFO log.PerfLogger: </PERFLOG method=serializePlan start=1441563229857 end=1441563229860 duration=3 from=org.apache.hadoop.hive.ql.exec.Utilities>
15/09/06 13:13:49 INFO exec.Utilities: Setting plan: /var/folders/y7/4_pz5fzx54ngcmghz3v6t3m00000gn/T/junit8690338365344900462/scratchdir/hive_2015-09-06_13-13-49_748_6207994547219418728-1/-mr-10003/20c7e104-2ff2-49a9-95d1-b41e9c83beeb/reduce.xml
15/09/06 13:13:49 INFO jvm.JvmMetrics: Cannot initialize JVM Metrics with processName=JobTracker, sessionId= - already initialized
15/09/06 13:13:49 WARN mapred.JobClient: Use GenericOptionsParser for parsing the arguments. Applications should implement Tool for the same.
15/09/06 13:13:49 INFO log.PerfLogger: <PERFLOG method=getSplits from=org.apache.hadoop.hive.ql.io.CombineHiveInputFormat>
15/09/06 13:13:49 INFO io.CombineHiveInputFormat: CombineHiveInputSplit creating pool for file:/var/folders/y7/4_pz5fzx54ngcmghz3v6t3m00000gn/T/junit8690338365344900462/hadooptmp/dealer_hierarchy/temp_data/dealer_code=AAAA; using filter path file:/var/folders/y7/4_pz5fzx54ngcmghz3v6t3m00000gn/T/junit8690338365344900462/hadooptmp/dealer_hierarchy/temp_data/dealer_code=AAAA
15/09/06 13:13:49 INFO io.CombineHiveInputFormat: CombineHiveInputSplit: pool is already created for file:/var/folders/y7/4_pz5fzx54ngcmghz3v6t3m00000gn/T/junit8690338365344900462/hadooptmp/dealer_hierarchy/temp_data/dealer_code=ZZZZ; using filter path file:/var/folders/y7/4_pz5fzx54ngcmghz3v6t3m00000gn/T/junit8690338365344900462/hadooptmp/dealer_hierarchy/temp_data/dealer_code=ZZZZ
15/09/06 13:13:49 INFO mapred.FileInputFormat: Total input paths to process : 2
15/09/06 13:13:49 INFO io.CombineHiveInputFormat: number of splits 1
15/09/06 13:13:49 INFO log.PerfLogger: </PERFLOG method=getSplits start=1441563229927 end=1441563229932 duration=5 from=org.apache.hadoop.hive.ql.io.CombineHiveInputFormat>
Starting Job = job_local944647764_0007, Tracking URL = http://localhost:8080/
15/09/06 13:13:49 INFO exec.Task: Starting Job = job_local944647764_0007, Tracking URL = http://localhost:8080/
Kill Command = NO_BIN! job  -kill job_local944647764_0007
15/09/06 13:13:49 INFO mapred.LocalJobRunner: OutputCommitter set in config org.apache.hadoop.hive.shims.HadoopShimsSecure$NullOutputCommitter
15/09/06 13:13:49 INFO exec.Task: Kill Command = NO_BIN! job  -kill job_local944647764_0007
15/09/06 13:13:49 INFO mapred.LocalJobRunner: OutputCommitter is org.apache.hadoop.hive.shims.HadoopShimsSecure$NullOutputCommitter
15/09/06 13:13:49 INFO mapred.LocalJobRunner: Waiting for map tasks
15/09/06 13:13:49 INFO mapred.LocalJobRunner: Starting task: attempt_local944647764_0007_m_000000_0
Hadoop job information for Stage-1: number of mappers: 0; number of reducers: 0
15/09/06 13:13:49 INFO exec.Task: Hadoop job information for Stage-1: number of mappers: 0; number of reducers: 0
15/09/06 13:13:49 WARN mapreduce.Counters: Group org.apache.hadoop.mapred.Task$Counter is deprecated. Use org.apache.hadoop.mapreduce.TaskCounter instead
15/09/06 13:13:49 WARN mapreduce.Counters: Group org.apache.hadoop.mapred.Task$Counter is deprecated. Use org.apache.hadoop.mapreduce.TaskCounter instead
2015-09-06 13:13:49,994 Stage-1 map = 0%,  reduce = 0%
15/09/06 13:13:49 INFO exec.Task: 2015-09-06 13:13:49,994 Stage-1 map = 0%,  reduce = 0%
15/09/06 13:13:49 INFO mapred.Task:  Using ResourceCalculatorPlugin : null
15/09/06 13:13:49 INFO mapred.MapTask: Processing split: Paths:/var/folders/y7/4_pz5fzx54ngcmghz3v6t3m00000gn/T/junit8690338365344900462/hadooptmp/dealer_hierarchy/temp_data/dealer_code=AAAA/temp_data_from_string.csv:0+216,/var/folders/y7/4_pz5fzx54ngcmghz3v6t3m00000gn/T/junit8690338365344900462/hadooptmp/dealer_hierarchy/temp_data/dealer_code=ZZZZ/temp_data_from_file.csv:0+626InputFormatClass: org.apache.hadoop.mapred.TextInputFormat

15/09/06 13:13:49 INFO io.HiveContextAwareRecordReader: Processing file file:/var/folders/y7/4_pz5fzx54ngcmghz3v6t3m00000gn/T/junit8690338365344900462/hadooptmp/dealer_hierarchy/temp_data/dealer_code=AAAA/temp_data_from_string.csv
15/09/06 13:13:49 WARN mapreduce.Counters: Counter name MAP_INPUT_BYTES is deprecated. Use FileInputFormatCounters as group name and  BYTES_READ as counter name instead
15/09/06 13:13:49 INFO mapred.MapTask: numReduceTasks: 1
15/09/06 13:13:49 INFO mapred.MapTask: Map output collector class = org.apache.hadoop.mapred.MapTask$MapOutputBuffer
15/09/06 13:13:49 INFO mapred.MapTask: io.sort.mb = 100
15/09/06 13:13:50 INFO mapred.MapTask: data buffer = 79691776/99614720
15/09/06 13:13:50 INFO mapred.MapTask: record buffer = 262144/327680
15/09/06 13:13:50 INFO mr.ExecMapper: maximum memory = 3817865216
15/09/06 13:13:50 INFO mr.ExecMapper: conf classpath = [file:/Users/hpatel/.gradle/caches/2.1/workerMain/gradle-worker.jar, file:/Users/hpatel/Tech/Projects/CAT/ddsw_dev/hive-test/build/classes/test/, file:/Users/hpatel/Tech/Projects/CAT/ddsw_dev/hive-test/build/resources/test/, file:/Users/hpatel/Tech/Projects/CAT/ddsw_dev/hive-test/build/classes/main/, file:/Users/hpatel/Tech/Projects/CAT/ddsw_dev/hive-test/build/resources/main, file:/Users/hpatel/.gradle/caches/modules-2/files-2.1/junit/junit/4.11/4e031bb61df09069aeb2bffb4019e7a5034a4ee0/junit-4.11.jar, file:/Users/hpatel/.gradle/caches/modules-2/files-2.1/com.klarna/hiverunner/1.0.0/e26bb0655fff4d88fab91f331793d9fc1db392cc/HiveRunner-1.0.0.jar, file:/Users/hpatel/Tech/Projects/CAT/ddsw_dev/custom-cat-udfs/build/libs/custom-cat-udfs-0.1.38-SNAPSHOT.jar, file:/Users/hpatel/.gradle/caches/modules-2/files-2.1/org.apache.hadoop/hadoop-client/2.5.0-cdh5.3.3/ec3cd6a8cb043e73a42918934c5d3a3f2747c78b/hadoop-client-2.5.0-cdh5.3.3.jar, file:/Users/hpatel/.gradle/caches/modules-2/files-2.1/org.hsqldb/hsqldb/2.3.1/bd7153caa30958e1c64a3dd38b93e5a7442d9a0e/hsqldb-2.3.1.jar, file:/Users/hpatel/.gradle/caches/modules-2/files-2.1/org.apache.hadoop/hadoop-core/2.5.0-mr1-cdh5.3.3/f6f4a77f818757da51ae0244310855779c04c4be/hadoop-core-2.5.0-mr1-cdh5.3.3.jar, file:/Users/hpatel/.gradle/caches/modules-2/files-2.1/org.reflections/reflections/0.9.8/f723abb59bf512952bfc503838f70f81487a6993/reflections-0.9.8.jar, file:/Users/hpatel/.gradle/caches/modules-2/files-2.1/org.mockito/mockito-core/1.10.19/e8546f5bef4e061d8dd73895b4e8f40e3fe6effe/mockito-core-1.10.19.jar, file:/Users/hpatel/.gradle/caches/modules-2/files-2.1/org.hamcrest/hamcrest-core/1.3/42a25dc3219429f0e5d060061f71acb49bf010a0/hamcrest-core-1.3.jar, file:/Users/hpatel/.gradle/caches/modules-2/files-2.1/org.pentaho/pentaho-aggdesigner-algorithm/5.1.5-jhyde/c52379c645c6c85300e645dff7c72653bf85baa2/pentaho-aggdesigner-algorithm-5.1.5-jhyde.jar, file:/Users/hpatel/.gradle/caches/modules-2/files-2.1/org.apache.hive/hive-serde/0.13.1-cdh5.3.3/9cee47c844d726e9bcef6ab292e1319b7fbddaa3/hive-serde-0.13.1-cdh5.3.3.jar, file:/Users/hpatel/.gradle/caches/modules-2/files-2.1/org.apache.hadoop/hadoop-common/2.5.0-cdh5.3.3/f0862eb1dc33c1807ea29a248af75551e3c6836a/hadoop-common-2.5.0-cdh5.3.3.jar, file:/Users/hpatel/.gradle/caches/modules-2/files-2.1/org.apache.hive/hive-contrib/0.13.1-cdh5.3.3/bf89b429c9b173ac275dc0c1623f5c30e780ee98/hive-contrib-0.13.1-cdh5.3.3.jar, file:/Users/hpatel/.gradle/caches/modules-2/files-2.1/org.datanucleus/datanucleus-core/3.2.12/3212183bb5a2826cd5ff194b9a54619dd0bdf31f/datanucleus-core-3.2.12.jar, file:/Users/hpatel/.gradle/caches/modules-2/files-2.1/org.datanucleus/datanucleus-rdbms/3.2.11/5b053144c89fdff1505b853aa7f1e5ba7657da75/datanucleus-rdbms-3.2.11.jar, file:/Users/hpatel/.gradle/caches/modules-2/files-2.1/org.datanucleus/datanucleus-api-jdo/3.2.8/efc60221fbc91e95cf5758b98c6c5531660696cb/datanucleus-api-jdo-3.2.8.jar, file:/Users/hpatel/.gradle/caches/modules-2/files-2.1/org.apache.hive/hive-shims/0.13.1-cdh5.3.3/47b029532c0b9d45526dcdd858823e6f9634ab81/hive-shims-0.13.1-cdh5.3.3.jar, file:/Users/hpatel/.gradle/caches/modules-2/files-2.1/org.apache.commons/commons-lang3/3.3.1/6738a2da2202ce360f0af90aba005c1e05a2c4cd/commons-lang3-3.3.1.jar, file:/Users/hpatel/.gradle/caches/modules-2/files-2.1/joda-time/joda-time/2.3/56498efd17752898cfcc3868c1b6211a07b12b8f/joda-time-2.3.jar, file:/Users/hpatel/.gradle/caches/modules-2/files-2.1/org.apache.hadoop/hadoop-hdfs/2.5.0-cdh5.3.3/5dd5e2be13d89a9eaab89d3a33bcdf6677671aa9/hadoop-hdfs-2.5.0-cdh5.3.3.jar, file:/Users/hpatel/.gradle/caches/modules-2/files-2.1/org.apache.hadoop/hadoop-mapreduce-client-app/2.5.0-cdh5.3.3/579948f8fa6d9d72bf507bd021fa3dcc0670e95f/hadoop-mapreduce-client-app-2.5.0-cdh5.3.3.jar, file:/Users/hpatel/.gradle/caches/modules-2/files-2.1/org.apache.hadoop/hadoop-yarn-api/2.5.0-cdh5.3.3/a6d9b4b7cbcacd000350a3e33c70269101b5fc79/hadoop-yarn-api-2.5.0-cdh5.3.3.jar, file:/Users/hpatel/.gradle/caches/modules-2/files-2.1/org.apache.hadoop/hadoop-mapreduce-client-core/2.5.0-cdh5.3.3/f2c8eaa2b8a5839a7781f04cf59c4d1abfefec9e/hadoop-mapreduce-client-core-2.5.0-cdh5.3.3.jar, file:/Users/hpatel/.gradle/caches/modules-2/files-2.1/org.apache.hadoop/hadoop-mapreduce-client-jobclient/2.5.0-cdh5.3.3/f8baecab9a91245a97e29e4867a7f5ae128ef8a9/hadoop-mapreduce-client-jobclient-2.5.0-cdh5.3.3.jar, file:/Users/hpatel/.gradle/caches/modules-2/files-2.1/org.apache.hadoop/hadoop-aws/2.5.0-cdh5.3.3/f712d9cf59c859914254bed5c87ee4e5a2204e78/hadoop-aws-2.5.0-cdh5.3.3.jar, file:/Users/hpatel/.gradle/caches/modules-2/files-2.1/org.apache.hadoop/hadoop-annotations/2.5.0-cdh5.3.3/e3b40743127d82ff7a6f263d00419368a46ce608/hadoop-annotations-2.5.0-cdh5.3.3.jar, file:/Users/hpatel/.gradle/caches/modules-2/files-2.1/commons-collections/commons-collections/3.2.1/761ea405b9b37ced573d2df0d1e3a4e0f9edc668/commons-collections-3.2.1.jar, file:/Users/hpatel/.gradle/caches/modules-2/files-2.1/commons-configuration/commons-configuration/1.6/32cadde23955d7681b0d94a2715846d20b425235/commons-configuration-1.6.jar, file:/Users/hpatel/.gradle/caches/modules-2/files-2.1/jline/jline/0.9.94/99a18e9a44834afdebc467294e1138364c207402/jline-0.9.94.jar, file:/Users/hpatel/.gradle/caches/modules-2/files-2.1/commons-cli/commons-cli/1.2/2bf96b7aa8b611c177d329452af1dc933e14501c/commons-cli-1.2.jar, file:/Users/hpatel/.gradle/caches/modules-2/files-2.1/xmlenc/xmlenc/0.52/d82554efbe65906d83b3d97bd7509289e9db561a/xmlenc-0.52.jar, file:/Users/hpatel/.gradle/caches/modules-2/files-2.1/commons-httpclient/commons-httpclient/3.1/964cd74171f427720480efdec40a7c7f6e58426a/commons-httpclient-3.1.jar, file:/Users/hpatel/.gradle/caches/modules-2/files-2.1/commons-net/commons-net/3.1/2298164a7c2484406f2aa5ac85b205d39019896f/commons-net-3.1.jar, file:/Users/hpatel/.gradle/caches/modules-2/files-2.1/tomcat/jasper-runtime/5.5.23/96ca5528a93ab47b001476b74320c644beb89dde/jasper-runtime-5.5.23.jar, file:/Users/hpatel/.gradle/caches/modules-2/files-2.1/tomcat/jasper-compiler/5.5.23/6d35bd7fb8c4fbc1f5401fb3678aa976d2e4c241/jasper-compiler-5.5.23.jar, file:/Users/hpatel/.gradle/caches/modules-2/files-2.1/javax.servlet.jsp/jsp-api/2.1/63f943103f250ef1f3a4d5e94d145a0f961f5316/jsp-api-2.1.jar, file:/Users/hpatel/.gradle/caches/modules-2/files-2.1/commons-el/commons-el/1.0/1df2c042b3f2de0124750241ac6c886dbfa2cc2c/commons-el-1.0.jar, file:/Users/hpatel/.gradle/caches/modules-2/files-2.1/javax.servlet/servlet-api/2.5/5959582d97d8b61f4d154ca9e495aafd16726e34/servlet-api-2.5.jar, file:/Users/hpatel/.gradle/caches/modules-2/files-2.1/hsqldb/hsqldb/1.8.0.10/7e9978fdb754bce5fcd5161133e7734ecb683036/hsqldb-1.8.0.10.jar, file:/Users/hpatel/.gradle/caches/modules-2/files-2.1/org.eclipse.jdt/core/3.1.1/88c83ce444cf46d02494da37c9fa1eebc9ce9cea/core-3.1.1.jar, file:/Users/hpatel/.gradle/caches/modules-2/files-2.1/javassist/javassist/3.12.1.GA/526633327faa61aee448a519e8a4d53ec3057885/javassist-3.12.1.GA.jar, file:/Users/hpatel/.gradle/caches/modules-2/files-2.1/dom4j/dom4j/1.6.1/5d3ccc056b6f056dbf0dddfdf43894b9065a8f94/dom4j-1.6.1.jar, file:/Users/hpatel/.gradle/caches/modules-2/files-2.1/org.objenesis/objenesis/2.1/87c0ea803b69252868d09308b4618f766f135a96/objenesis-2.1.jar, file:/Users/hpatel/.gradle/caches/modules-2/files-2.1/commons-logging/commons-logging/1.1.3/f6f66e966c70a83ffbdb6f17a0919eaf7c8aca7f/commons-logging-1.1.3.jar, file:/Users/hpatel/.gradle/caches/modules-2/files-2.1/org.apache.hive/hive-common/0.13.1-cdh5.3.3/e3fbf24d30a553c50ae4d4eed23f81b0e1211c5a/hive-common-0.13.1-cdh5.3.3.jar, file:/Users/hpatel/.gradle/caches/modules-2/files-2.1/org.apache.avro/avro/1.7.6-cdh5.3.3/6d90271293977d199ed07002bf35e2805405cc64/avro-1.7.6-cdh5.3.3.jar, file:/Users/hpatel/.gradle/caches/modules-2/files-2.1/net.sf.opencsv/opencsv/2.3/c23708cdb9e80a144db433e23344a788a1fd6599/opencsv-2.3.jar, file:/Users/hpatel/.gradle/caches/modules-2/files-2.1/com.sun.jersey/jersey-servlet/1.14/4b87041a59ee152757b62e47a21d5b63fde20ffe/jersey-servlet-1.14.jar, file:/Users/hpatel/.gradle/caches/modules-2/files-2.1/org.slf4j/slf4j-log4j12/1.7.5/6edffc576ce104ec769d954618764f39f0f0f10d/slf4j-log4j12-1.7.5.jar, file:/Users/hpatel/.gradle/caches/modules-2/files-2.1/org.apache.commons/commons-math3/3.1.1/6719d757a98ff24a83d9d727bef9cec83f59b6e1/commons-math3-3.1.1.jar, file:/Users/hpatel/.gradle/caches/modules-2/files-2.1/commons-io/commons-io/2.4/b1b6ea3b7e4aa4f492509a4952029cd8e48019ad/commons-io-2.4.jar, file:/Users/hpatel/.gradle/caches/modules-2/files-2.1/com.sun.jersey/jersey-json/1.9/1aa73e1896bcc7013fed247157d7f676226eb432/jersey-json-1.9.jar, file:/Users/hpatel/.gradle/caches/modules-2/files-2.1/log4j/log4j/1.2.17/5af35056b4d257e4b64b9e8069c0746e8b08629f/log4j-1.2.17.jar, file:/Users/hpatel/.gradle/caches/modules-2/files-2.1/com.google.code.gson/gson/2.2.4/a60a5e993c98c864010053cb901b7eab25306568/gson-2.2.4.jar, file:/Users/hpatel/.gradle/caches/modules-2/files-2.1/org.apache.hadoop/hadoop-auth/2.5.0-cdh5.3.3/847eb288da72acfdd7d202da5149dec6cd20ceba/hadoop-auth-2.5.0-cdh5.3.3.jar, file:/Users/hpatel/.gradle/caches/modules-2/files-2.1/com.jcraft/jsch/0.1.42/a86104b0f2e0c0bab5b0df836065823a99b5e334/jsch-0.1.42.jar, file:/Users/hpatel/.gradle/caches/modules-2/files-2.1/org.apache.curator/curator-client/2.6.0/b9007c357ad1a78066fc6004e8b1feaa2318f6f3/curator-client-2.6.0.jar, file:/Users/hpatel/.gradle/caches/modules-2/files-2.1/org.apache.curator/curator-recipes/2.6.0/8736b0fc42e6bf006d585fe85c90aaa4ade5cbef/curator-recipes-2.6.0.jar, file:/Users/hpatel/.gradle/caches/modules-2/files-2.1/com.google.code.findbugs/jsr305/1.3.9/40719ea6961c0cb6afaeb6a921eaa1f6afd4cfdf/jsr305-1.3.9.jar, file:/Users/hpatel/.gradle/caches/modules-2/files-2.1/org.apache.commons/commons-compress/1.4.1/b02e84a993d88568417536240e970c4b809126fd/commons-compress-1.4.1.jar, file:/Users/hpatel/.gradle/caches/modules-2/files-2.1/org.apache.hive.shims/hive-shims-common/0.13.1-cdh5.3.3/3d9e5245018fbde18f52c4ab25fc35afdec2fc0a/hive-shims-common-0.13.1-cdh5.3.3.jar, file:/Users/hpatel/.gradle/caches/modules-2/files-2.1/org.apache.hive.shims/hive-shims-common-secure/0.13.1-cdh5.3.3/6b29a16b2a41b89bdbbc681c257ad7f766a90bcb/hive-shims-common-secure-0.13.1-cdh5.3.3.jar, file:/Users/hpatel/.gradle/caches/modules-2/files-2.1/org.apache.hive.shims/hive-shims-0.23/0.13.1-cdh5.3.3/7ab834955a767af200d1d9151c204751637d9ca9/hive-shims-0.23-0.13.1-cdh5.3.3.jar, file:/Users/hpatel/.gradle/caches/modules-2/files-2.1/org.apache.hive.shims/hive-shims-scheduler/0.13.1-cdh5.3.3/b6644420b74f936a838f7f3fd2fa19c19add0449/hive-shims-scheduler-0.13.1-cdh5.3.3.jar, file:/Users/hpatel/.gradle/caches/modules-2/files-2.1/org.apache.hadoop/hadoop-mapreduce-client-common/2.5.0-cdh5.3.3/f0d777bb76ca9f540c0c81a45934f0f5cf9975b8/hadoop-mapreduce-client-common-2.5.0-cdh5.3.3.jar, file:/Users/hpatel/.gradle/caches/modules-2/files-2.1/org.apache.hadoop/hadoop-mapreduce-client-shuffle/2.5.0-cdh5.3.3/b6c4316f6fcc406edf7e5bd77c50e46034ad5519/hadoop-mapreduce-client-shuffle-2.5.0-cdh5.3.3.jar, file:/Users/hpatel/.gradle/caches/modules-2/files-2.1/org.apache.hadoop/hadoop-yarn-common/2.5.0-cdh5.3.3/9499713b674eae1aa714fcd0e95e0d09daaf3824/hadoop-yarn-common-2.5.0-cdh5.3.3.jar, file:/Users/hpatel/.gradle/caches/modules-2/files-2.1/com.fasterxml.jackson.core/jackson-databind/2.2.3/3ae380888029daefb91d3ecdca3a37d8cb92bc9/jackson-databind-2.2.3.jar, file:/Users/hpatel/.gradle/caches/modules-2/files-2.1/com.fasterxml.jackson.core/jackson-annotations/2.2.3/527fece4f23a457070a36c371a26d6c0208e1c3/jackson-annotations-2.2.3.jar, file:/Users/hpatel/.gradle/caches/modules-2/files-2.1/com.amazonaws/aws-java-sdk/1.7.4/2c24ccb6f1ab845a7df971951d4b41c709a6517d/aws-java-sdk-1.7.4.jar, file:/Users/hpatel/.gradle/caches/modules-2/files-2.1/commons-digester/commons-digester/1.8/dc6a73fdbd1fa3f0944e8497c6c872fa21dca37e/commons-digester-1.8.jar, file:/Users/hpatel/.gradle/caches/modules-2/files-2.1/commons-beanutils/commons-beanutils-core/1.8.0/175dc721f87e4bc5cc0573f990e28c3cf9117508/commons-beanutils-core-1.8.0.jar, file:/Users/hpatel/.gradle/caches/modules-2/files-2.1/xml-apis/xml-apis/1.0.b2/3136ca936f64c9d68529f048c2618bd356bf85c9/xml-apis-1.0.b2.jar, file:/Users/hpatel/.gradle/caches/modules-2/files-2.1/com.thoughtworks.paranamer/paranamer/2.3/4a85963a752c0a2f715c3924bfc686865e7e1bc6/paranamer-2.3.jar, file:/Users/hpatel/.gradle/caches/modules-2/files-2.1/org.xerial.snappy/snappy-java/1.0.5/10cb4550360a0ec6b80f09a5209d00b6058e82bf/snappy-java-1.0.5.jar, file:/Users/hpatel/.gradle/caches/modules-2/files-2.1/org.codehaus.jettison/jettison/1.1/1a01a2a1218fcf9faa2cc2a6ced025bdea687262/jettison-1.1.jar, file:/Users/hpatel/.gradle/caches/modules-2/files-2.1/com.sun.xml.bind/jaxb-impl/2.2.3-1/56baae106392040a45a06d4a41099173425da1e6/jaxb-impl-2.2.3-1.jar, file:/Users/hpatel/.gradle/caches/modules-2/files-2.1/org.apache.directory.server/apacheds-kerberos-codec/2.0.0-M15/1c16e4e477183641c5f0dd5cdecd27ec331bacb5/apacheds-kerberos-codec-2.0.0-M15.jar, file:/Users/hpatel/.gradle/caches/modules-2/files-2.1/org.apache.curator/curator-framework/2.6.0/81a699c39d127b5b4ff97cc77da7650b53e5b5ed/curator-framework-2.6.0.jar, file:/Users/hpatel/.gradle/caches/modules-2/files-2.1/org.tukaani/xz/1.0/ecff5cb8b1189514c9d1d8d68eb77ac372e000c9/xz-1.0.jar, file:/Users/hpatel/.gradle/caches/modules-2/files-2.1/org.apache.hadoop/hadoop-yarn-client/2.5.0-cdh5.3.3/2d2ce5d0138d02b20aefcfc1ee8dd6f691911f63/hadoop-yarn-client-2.5.0-cdh5.3.3.jar, file:/Users/hpatel/.gradle/caches/modules-2/files-2.1/org.apache.hadoop/hadoop-yarn-server-common/2.5.0-cdh5.3.3/d099fcc19f56d477fa6b5b47ae4e06bb97538778/hadoop-yarn-server-common-2.5.0-cdh5.3.3.jar, file:/Users/hpatel/.gradle/caches/modules-2/files-2.1/org.apache.hadoop/hadoop-yarn-server-nodemanager/2.5.0-cdh5.3.3/278b2d7a6454ce57a94ab02a88c0b188afc8facc/hadoop-yarn-server-nodemanager-2.5.0-cdh5.3.3.jar, file:/Users/hpatel/.gradle/caches/modules-2/files-2.1/org.fusesource.leveldbjni/leveldbjni-all/1.8/707350a2eeb1fa2ed77a32ddb3893ed308e941db/leveldbjni-all-1.8.jar, file:/Users/hpatel/.gradle/caches/modules-2/files-2.1/javax.xml.bind/jaxb-api/2.2.2/aeb3021ca93dde265796d82015beecdcff95bf09/jaxb-api-2.2.2.jar, file:/Users/hpatel/.gradle/caches/modules-2/files-2.1/com.google.inject/guice/3.0/9d84f15fe35e2c716a02979fb62f50a29f38aefa/guice-3.0.jar, file:/Users/hpatel/.gradle/caches/modules-2/files-2.1/com.sun.jersey.contribs/jersey-guice/1.9/5963c28c47df7e5d6ad34cec80c071c368777f7b/jersey-guice-1.9.jar, file:/Users/hpatel/.gradle/caches/modules-2/files-2.1/com.fasterxml.jackson.core/jackson-core/2.2.3/1a0113da2cab5f4c216b4e5e7c1dbfaa67087e14/jackson-core-2.2.3.jar, file:/Users/hpatel/.gradle/caches/modules-2/files-2.1/commons-beanutils/commons-beanutils/1.7.0/5675fd96b29656504b86029551973d60fb41339b/commons-beanutils-1.7.0.jar, file:/Users/hpatel/.gradle/caches/modules-2/files-2.1/org.apache.directory.server/apacheds-i18n/2.0.0-M15/71c61c84683152ec2a6a65f3f96fe534e304fa22/apacheds-i18n-2.0.0-M15.jar, file:/Users/hpatel/.gradle/caches/modules-2/files-2.1/org.apache.directory.api/api-asn1-api/1.0.0-M20/5e6486ffa3125ba44dc410ead166e1d6ba8ac76d/api-asn1-api-1.0.0-M20.jar, file:/Users/hpatel/.gradle/caches/modules-2/files-2.1/org.apache.directory.api/api-util/1.0.0-M20/a871abf060b3cf83fc6dc4d7e3d151fce50ac3cb/api-util-1.0.0-M20.jar, file:/Users/hpatel/.gradle/caches/modules-2/files-2.1/com.sun.jersey/jersey-client/1.9/d3c4b2b5f89db32c96ceddcb863684821910a7bb/jersey-client-1.9.jar, file:/Users/hpatel/.gradle/caches/modules-2/files-2.1/javax.xml.stream/stax-api/1.0-2/d6337b0de8b25e53e81b922352fbea9f9f57ba0b/stax-api-1.0-2.jar, file:/Users/hpatel/.gradle/caches/modules-2/files-2.1/javax.activation/activation/1.1/e6cb541461c2834bdea3eb920f1884d1eb508b50/activation-1.1.jar, file:/Users/hpatel/.gradle/caches/modules-2/files-2.1/javax.inject/javax.inject/1/6975da39a7040257bd51d21a231b76c915872d38/javax.inject-1.jar, file:/Users/hpatel/.gradle/caches/modules-2/files-2.1/aopalliance/aopalliance/1.0/235ba8b489512805ac13a8f9ea77a1ca5ebe3e8/aopalliance-1.0.jar, file:/Users/hpatel/.gradle/caches/modules-2/files-2.1/org.sonatype.sisu.inject/cglib/2.2.1-v20090111/7ce5e983fd0e6c78346f4c9cbfa39d83049dda2/cglib-2.2.1-v20090111.jar, file:/Users/hpatel/.gradle/caches/modules-2/files-2.1/asm/asm/3.1/c157def142714c544bdea2e6144645702adf7097/asm-3.1.jar, file:/Users/hpatel/.gradle/caches/modules-2/files-2.1/org.apache.hive/hive-service/0.13.1-cdh5.3.3/c7979b4213bfb62823d43ba726e0fea58032dd1e/hive-service-0.13.1-cdh5.3.3.jar, file:/Users/hpatel/.gradle/caches/modules-2/files-2.1/net.sf.jpam/jpam/1.1/cb3d91c2dfda767518a371dbb02edfd6a4aa0600/jpam-1.1.jar, file:/Users/hpatel/.gradle/caches/modules-2/files-2.1/org.eclipse.jetty.aggregate/jetty-all/7.6.0.v20120127/47bb68e3837e5c6422138dd1e0d4d75c60dce87a/jetty-all-7.6.0.v20120127.jar, file:/Users/hpatel/.gradle/caches/modules-2/files-2.1/org.apache.thrift/libfb303/0.9.0/639bd69767fdbd7f658ce8233248fe1cea635164/libfb303-0.9.0.jar, file:/Users/hpatel/.gradle/caches/modules-2/files-2.1/org.apache.geronimo.specs/geronimo-jta_1.1_spec/1.1.1/aabab3165b8ea936b9360abbf448459c0d04a5a4/geronimo-jta_1.1_spec-1.1.1.jar, file:/Users/hpatel/.gradle/caches/modules-2/files-2.1/javax.mail/mail/1.4.1/8b7bc69010655425dabf091b51d1e90b4de36715/mail-1.4.1.jar, file:/Users/hpatel/.gradle/caches/modules-2/files-2.1/org.apache.geronimo.specs/geronimo-jaspic_1.0_spec/1.0/44b95be7dae1147716dce5336419eafade880756/geronimo-jaspic_1.0_spec-1.0.jar, file:/Users/hpatel/.gradle/caches/modules-2/files-2.1/org.apache.geronimo.specs/geronimo-annotation_1.0_spec/1.1.1/47caa799389f69d297b86bf90523d431599c3796/geronimo-annotation_1.0_spec-1.1.1.jar, file:/Users/hpatel/.gradle/caches/modules-2/files-2.1/asm/asm-commons/3.1/1b607fbfe7889c6fdff1b7c16439ade0a60869ac/asm-commons-3.1.jar, file:/Users/hpatel/.gradle/caches/modules-2/files-2.1/asm/asm-tree/3.1/c9a5d4334ddf194ea492f22107d45119a5c5322f/asm-tree-3.1.jar, file:/Users/hpatel/.gradle/caches/modules-2/files-2.1/commons-lang/commons-lang/2.6/ce1edb914c94ebc388f086c6827e8bdeec71ac2/commons-lang-2.6.jar, file:/Users/hpatel/.gradle/caches/modules-2/files-2.1/org.mortbay.jetty/jetty/6.1.26.cloudera.4/d59325a5ff8ff18f7543bc3fbb9d5efa0c0ff521/jetty-6.1.26.cloudera.4.jar, file:/Users/hpatel/.gradle/caches/modules-2/files-2.1/org.mortbay.jetty/jetty-util/6.1.26.cloudera.4/b8507b7c5d3fd9a3d01775272cbf1a63f530c19d/jetty-util-6.1.26.cloudera.4.jar, file:/Users/hpatel/.gradle/caches/modules-2/files-2.1/net.java.dev.jets3t/jets3t/0.9.0/792bc96ee7e57b89f472aa0cb5a31015b9f59c96/jets3t-0.9.0.jar, file:/Users/hpatel/.gradle/caches/modules-2/files-2.1/com.jamesmurty.utils/java-xmlbuilder/0.4/ac5962e48cdee3a0a6e1f8e00fcb594747ac5aaf/java-xmlbuilder-0.4.jar, file:/Users/hpatel/.gradle/caches/modules-2/files-2.1/com.google.protobuf/protobuf-java/2.5.0/a10732c76bfacdbd633a7eb0f7968b1059a65dfa/protobuf-java-2.5.0.jar, file:/Users/hpatel/.gradle/caches/modules-2/files-2.1/org.apache.hive/hive-exec/0.13.1-cdh5.3.3/4d935274127f47dd9c0875efcf317ba49aef1219/hive-exec-0.13.1-cdh5.3.3.jar, file:/Users/hpatel/.gradle/caches/modules-2/files-2.1/org.apache.hive/hive-ant/0.13.1-cdh5.3.3/86954e92a903253177cd6935798c50a6c32b7b81/hive-ant-0.13.1-cdh5.3.3.jar, file:/Users/hpatel/.gradle/caches/modules-2/files-2.1/org.antlr/antlr-runtime/3.4/8f011408269a8e42b8548687e137d8eeb56df4b4/antlr-runtime-3.4.jar, file:/Users/hpatel/.gradle/caches/modules-2/files-2.1/org.antlr/ST4/4.0.4/467a2aa12be6d0f0f68c70eecf6714ab733027ac/ST4-4.0.4.jar, file:/Users/hpatel/.gradle/caches/modules-2/files-2.1/org.apache.ant/ant/1.9.1/35900c96dbebc85dcfbd71f4661059ebcf93c077/ant-1.9.1.jar, file:/Users/hpatel/.gradle/caches/modules-2/files-2.1/org.codehaus.groovy/groovy-all/2.1.6/165b8246372a829c1915611646f6d964010656cf/groovy-all-2.1.6.jar, file:/Users/hpatel/.gradle/caches/modules-2/files-2.1/stax/stax-api/1.0.1/49c100caf72d658aca8e58bd74a4ba90fa2b0d70/stax-api-1.0.1.jar, file:/Users/hpatel/.gradle/caches/modules-2/files-2.1/org.apache.velocity/velocity/1.5/9f306baf7523ffc0e81a6353d08a584d254133b/velocity-1.5.jar, file:/Users/hpatel/.gradle/caches/modules-2/files-2.1/org.antlr/stringtemplate/3.2.1/59ec8083721eae215c6f3caee944c410d2be34de/stringtemplate-3.2.1.jar, file:/Users/hpatel/.gradle/caches/modules-2/files-2.1/antlr/antlr/2.7.7/83cd2cd674a217ade95a4bb83a8a14f351f48bd0/antlr-2.7.7.jar, file:/Users/hpatel/.gradle/caches/modules-2/files-2.1/org.apache.ant/ant-launcher/1.9.1/7c71043ca185eaada9e36391dd022d92859327de/ant-launcher-1.9.1.jar, file:/Users/hpatel/.gradle/caches/modules-2/files-2.1/oro/oro/2.0.8/5592374f834645c4ae250f4c9fbb314c9369d698/oro-2.0.8.jar, file:/Users/hpatel/.gradle/caches/modules-2/files-2.1/org.codehaus.jackson/jackson-core-asl/1.9.13/3c304d70f42f832e0a86d45bd437f692129299a4/jackson-core-asl-1.9.13.jar, file:/Users/hpatel/.gradle/caches/modules-2/files-2.1/org.codehaus.jackson/jackson-mapper-asl/1.9.13/1ee2f2bed0e5dd29d1cb155a166e6f8d50bbddb7/jackson-mapper-asl-1.9.13.jar, file:/Users/hpatel/.gradle/caches/modules-2/files-2.1/org.slf4j/slf4j-api/1.7.6/562424e36df3d2327e8e9301a76027fca17d54ea/slf4j-api-1.7.6.jar, file:/Users/hpatel/.gradle/caches/modules-2/files-2.1/com.sun.jersey/jersey-server/1.14/b1a21724c9b708ed54d42d41bb19ff45ae1d49d9/jersey-server-1.14.jar, file:/Users/hpatel/.gradle/caches/modules-2/files-2.1/org.apache.httpcomponents/httpclient/4.2.5/666e26e76f2e87d84e4f16acb546481ae1b8e9a6/httpclient-4.2.5.jar, file:/Users/hpatel/.gradle/caches/modules-2/files-2.1/org.apache.zookeeper/zookeeper/3.4.6/1b2502e29da1ebaade2357cd1de35a855fa3755/zookeeper-3.4.6.jar, file:/Users/hpatel/.gradle/caches/modules-2/files-2.1/com.google.guava/guava/16.0.1/5fa98cd1a63c99a44dd8d3b77e4762b066a5d0c5/guava-16.0.1.jar, file:/Users/hpatel/.gradle/caches/modules-2/files-2.1/org.codehaus.jackson/jackson-jaxrs/1.8.8/71b16055388e9bd3991c3c3834e8e55098b789f1/jackson-jaxrs-1.8.8.jar, file:/Users/hpatel/.gradle/caches/modules-2/files-2.1/org.codehaus.jackson/jackson-xc/1.8.8/52efa08bc1e4cfea168f552b9e3088297d9d0926/jackson-xc-1.8.8.jar, file:/Users/hpatel/.gradle/caches/modules-2/files-2.1/org.apache.hive/hive-metastore/0.13.1-cdh5.3.3/ca93686a17f064a5ab6587799721cddd7836e53a/hive-metastore-0.13.1-cdh5.3.3.jar, file:/Users/hpatel/.gradle/caches/modules-2/files-2.1/com.jolbox/bonecp/0.8.0.RELEASE/cec24ee9345b3678472bb1b8fdd6aa6b9428beb8/bonecp-0.8.0.RELEASE.jar, file:/Users/hpatel/.gradle/caches/modules-2/files-2.1/org.apache.derby/derby/10.10.1.1/9f6f910f0373adc1b23c10f9b4bb151b7e7449f/derby-10.10.1.1.jar, file:/Users/hpatel/.gradle/caches/modules-2/files-2.1/javax.jdo/jdo-api/3.0.1/58e7a538e020b73871e232eeb064835fd98a492/jdo-api-3.0.1.jar, file:/Users/hpatel/.gradle/caches/modules-2/files-2.1/javax.transaction/jta/1.1/2ca09f0b36ca7d71b762e14ea2ff09d5eac57558/jta-1.1.jar, file:/Users/hpatel/.gradle/caches/modules-2/files-2.1/org.apache.thrift/libthrift/0.9.0/9ba8df332b5db95ce7f3b7a83e44d796c3d014d3/libthrift-0.9.0.jar, file:/Users/hpatel/.gradle/caches/modules-2/files-2.1/org.apache.httpcomponents/httpcore/4.2.4/3b7f38df6de5dd8b500e602ae8c2dd5ee446f883/httpcore-4.2.4.jar, file:/Users/hpatel/.gradle/caches/modules-2/files-2.1/com.sun.jersey/jersey-core/1.14/693061de8b9b352b11e997b1dd4052677778852d/jersey-core-1.14.jar, file:/Users/hpatel/.gradle/caches/modules-2/files-2.1/commons-codec/commons-codec/1.6/b7f0fc8f61ecadeb3695f0b9464755eee44374d4/commons-codec-1.6.jar, file:/Users/hpatel/.gradle/caches/modules-2/files-2.1/io.netty/netty/3.7.0.Final/7a8c35599c68c0bf383df74469aa3e03d9aca87/netty-3.7.0.Final.jar]
15/09/06 13:13:50 INFO mr.ExecMapper: thread classpath = [file:/Users/hpatel/.gradle/caches/2.1/workerMain/gradle-worker.jar, file:/Users/hpatel/Tech/Projects/CAT/ddsw_dev/hive-test/build/classes/test/, file:/Users/hpatel/Tech/Projects/CAT/ddsw_dev/hive-test/build/resources/test/, file:/Users/hpatel/Tech/Projects/CAT/ddsw_dev/hive-test/build/classes/main/, file:/Users/hpatel/Tech/Projects/CAT/ddsw_dev/hive-test/build/resources/main, file:/Users/hpatel/.gradle/caches/modules-2/files-2.1/junit/junit/4.11/4e031bb61df09069aeb2bffb4019e7a5034a4ee0/junit-4.11.jar, file:/Users/hpatel/.gradle/caches/modules-2/files-2.1/com.klarna/hiverunner/1.0.0/e26bb0655fff4d88fab91f331793d9fc1db392cc/HiveRunner-1.0.0.jar, file:/Users/hpatel/Tech/Projects/CAT/ddsw_dev/custom-cat-udfs/build/libs/custom-cat-udfs-0.1.38-SNAPSHOT.jar, file:/Users/hpatel/.gradle/caches/modules-2/files-2.1/org.apache.hadoop/hadoop-client/2.5.0-cdh5.3.3/ec3cd6a8cb043e73a42918934c5d3a3f2747c78b/hadoop-client-2.5.0-cdh5.3.3.jar, file:/Users/hpatel/.gradle/caches/modules-2/files-2.1/org.hsqldb/hsqldb/2.3.1/bd7153caa30958e1c64a3dd38b93e5a7442d9a0e/hsqldb-2.3.1.jar, file:/Users/hpatel/.gradle/caches/modules-2/files-2.1/org.apache.hadoop/hadoop-core/2.5.0-mr1-cdh5.3.3/f6f4a77f818757da51ae0244310855779c04c4be/hadoop-core-2.5.0-mr1-cdh5.3.3.jar, file:/Users/hpatel/.gradle/caches/modules-2/files-2.1/org.reflections/reflections/0.9.8/f723abb59bf512952bfc503838f70f81487a6993/reflections-0.9.8.jar, file:/Users/hpatel/.gradle/caches/modules-2/files-2.1/org.mockito/mockito-core/1.10.19/e8546f5bef4e061d8dd73895b4e8f40e3fe6effe/mockito-core-1.10.19.jar, file:/Users/hpatel/.gradle/caches/modules-2/files-2.1/org.hamcrest/hamcrest-core/1.3/42a25dc3219429f0e5d060061f71acb49bf010a0/hamcrest-core-1.3.jar, file:/Users/hpatel/.gradle/caches/modules-2/files-2.1/org.pentaho/pentaho-aggdesigner-algorithm/5.1.5-jhyde/c52379c645c6c85300e645dff7c72653bf85baa2/pentaho-aggdesigner-algorithm-5.1.5-jhyde.jar, file:/Users/hpatel/.gradle/caches/modules-2/files-2.1/org.apache.hive/hive-serde/0.13.1-cdh5.3.3/9cee47c844d726e9bcef6ab292e1319b7fbddaa3/hive-serde-0.13.1-cdh5.3.3.jar, file:/Users/hpatel/.gradle/caches/modules-2/files-2.1/org.apache.hadoop/hadoop-common/2.5.0-cdh5.3.3/f0862eb1dc33c1807ea29a248af75551e3c6836a/hadoop-common-2.5.0-cdh5.3.3.jar, file:/Users/hpatel/.gradle/caches/modules-2/files-2.1/org.apache.hive/hive-contrib/0.13.1-cdh5.3.3/bf89b429c9b173ac275dc0c1623f5c30e780ee98/hive-contrib-0.13.1-cdh5.3.3.jar, file:/Users/hpatel/.gradle/caches/modules-2/files-2.1/org.datanucleus/datanucleus-core/3.2.12/3212183bb5a2826cd5ff194b9a54619dd0bdf31f/datanucleus-core-3.2.12.jar, file:/Users/hpatel/.gradle/caches/modules-2/files-2.1/org.datanucleus/datanucleus-rdbms/3.2.11/5b053144c89fdff1505b853aa7f1e5ba7657da75/datanucleus-rdbms-3.2.11.jar, file:/Users/hpatel/.gradle/caches/modules-2/files-2.1/org.datanucleus/datanucleus-api-jdo/3.2.8/efc60221fbc91e95cf5758b98c6c5531660696cb/datanucleus-api-jdo-3.2.8.jar, file:/Users/hpatel/.gradle/caches/modules-2/files-2.1/org.apache.hive/hive-shims/0.13.1-cdh5.3.3/47b029532c0b9d45526dcdd858823e6f9634ab81/hive-shims-0.13.1-cdh5.3.3.jar, file:/Users/hpatel/.gradle/caches/modules-2/files-2.1/org.apache.commons/commons-lang3/3.3.1/6738a2da2202ce360f0af90aba005c1e05a2c4cd/commons-lang3-3.3.1.jar, file:/Users/hpatel/.gradle/caches/modules-2/files-2.1/joda-time/joda-time/2.3/56498efd17752898cfcc3868c1b6211a07b12b8f/joda-time-2.3.jar, file:/Users/hpatel/.gradle/caches/modules-2/files-2.1/org.apache.hadoop/hadoop-hdfs/2.5.0-cdh5.3.3/5dd5e2be13d89a9eaab89d3a33bcdf6677671aa9/hadoop-hdfs-2.5.0-cdh5.3.3.jar, file:/Users/hpatel/.gradle/caches/modules-2/files-2.1/org.apache.hadoop/hadoop-mapreduce-client-app/2.5.0-cdh5.3.3/579948f8fa6d9d72bf507bd021fa3dcc0670e95f/hadoop-mapreduce-client-app-2.5.0-cdh5.3.3.jar, file:/Users/hpatel/.gradle/caches/modules-2/files-2.1/org.apache.hadoop/hadoop-yarn-api/2.5.0-cdh5.3.3/a6d9b4b7cbcacd000350a3e33c70269101b5fc79/hadoop-yarn-api-2.5.0-cdh5.3.3.jar, file:/Users/hpatel/.gradle/caches/modules-2/files-2.1/org.apache.hadoop/hadoop-mapreduce-client-core/2.5.0-cdh5.3.3/f2c8eaa2b8a5839a7781f04cf59c4d1abfefec9e/hadoop-mapreduce-client-core-2.5.0-cdh5.3.3.jar, file:/Users/hpatel/.gradle/caches/modules-2/files-2.1/org.apache.hadoop/hadoop-mapreduce-client-jobclient/2.5.0-cdh5.3.3/f8baecab9a91245a97e29e4867a7f5ae128ef8a9/hadoop-mapreduce-client-jobclient-2.5.0-cdh5.3.3.jar, file:/Users/hpatel/.gradle/caches/modules-2/files-2.1/org.apache.hadoop/hadoop-aws/2.5.0-cdh5.3.3/f712d9cf59c859914254bed5c87ee4e5a2204e78/hadoop-aws-2.5.0-cdh5.3.3.jar, file:/Users/hpatel/.gradle/caches/modules-2/files-2.1/org.apache.hadoop/hadoop-annotations/2.5.0-cdh5.3.3/e3b40743127d82ff7a6f263d00419368a46ce608/hadoop-annotations-2.5.0-cdh5.3.3.jar, file:/Users/hpatel/.gradle/caches/modules-2/files-2.1/commons-collections/commons-collections/3.2.1/761ea405b9b37ced573d2df0d1e3a4e0f9edc668/commons-collections-3.2.1.jar, file:/Users/hpatel/.gradle/caches/modules-2/files-2.1/commons-configuration/commons-configuration/1.6/32cadde23955d7681b0d94a2715846d20b425235/commons-configuration-1.6.jar, file:/Users/hpatel/.gradle/caches/modules-2/files-2.1/jline/jline/0.9.94/99a18e9a44834afdebc467294e1138364c207402/jline-0.9.94.jar, file:/Users/hpatel/.gradle/caches/modules-2/files-2.1/commons-cli/commons-cli/1.2/2bf96b7aa8b611c177d329452af1dc933e14501c/commons-cli-1.2.jar, file:/Users/hpatel/.gradle/caches/modules-2/files-2.1/xmlenc/xmlenc/0.52/d82554efbe65906d83b3d97bd7509289e9db561a/xmlenc-0.52.jar, file:/Users/hpatel/.gradle/caches/modules-2/files-2.1/commons-httpclient/commons-httpclient/3.1/964cd74171f427720480efdec40a7c7f6e58426a/commons-httpclient-3.1.jar, file:/Users/hpatel/.gradle/caches/modules-2/files-2.1/commons-net/commons-net/3.1/2298164a7c2484406f2aa5ac85b205d39019896f/commons-net-3.1.jar, file:/Users/hpatel/.gradle/caches/modules-2/files-2.1/tomcat/jasper-runtime/5.5.23/96ca5528a93ab47b001476b74320c644beb89dde/jasper-runtime-5.5.23.jar, file:/Users/hpatel/.gradle/caches/modules-2/files-2.1/tomcat/jasper-compiler/5.5.23/6d35bd7fb8c4fbc1f5401fb3678aa976d2e4c241/jasper-compiler-5.5.23.jar, file:/Users/hpatel/.gradle/caches/modules-2/files-2.1/javax.servlet.jsp/jsp-api/2.1/63f943103f250ef1f3a4d5e94d145a0f961f5316/jsp-api-2.1.jar, file:/Users/hpatel/.gradle/caches/modules-2/files-2.1/commons-el/commons-el/1.0/1df2c042b3f2de0124750241ac6c886dbfa2cc2c/commons-el-1.0.jar, file:/Users/hpatel/.gradle/caches/modules-2/files-2.1/javax.servlet/servlet-api/2.5/5959582d97d8b61f4d154ca9e495aafd16726e34/servlet-api-2.5.jar, file:/Users/hpatel/.gradle/caches/modules-2/files-2.1/hsqldb/hsqldb/1.8.0.10/7e9978fdb754bce5fcd5161133e7734ecb683036/hsqldb-1.8.0.10.jar, file:/Users/hpatel/.gradle/caches/modules-2/files-2.1/org.eclipse.jdt/core/3.1.1/88c83ce444cf46d02494da37c9fa1eebc9ce9cea/core-3.1.1.jar, file:/Users/hpatel/.gradle/caches/modules-2/files-2.1/javassist/javassist/3.12.1.GA/526633327faa61aee448a519e8a4d53ec3057885/javassist-3.12.1.GA.jar, file:/Users/hpatel/.gradle/caches/modules-2/files-2.1/dom4j/dom4j/1.6.1/5d3ccc056b6f056dbf0dddfdf43894b9065a8f94/dom4j-1.6.1.jar, file:/Users/hpatel/.gradle/caches/modules-2/files-2.1/org.objenesis/objenesis/2.1/87c0ea803b69252868d09308b4618f766f135a96/objenesis-2.1.jar, file:/Users/hpatel/.gradle/caches/modules-2/files-2.1/commons-logging/commons-logging/1.1.3/f6f66e966c70a83ffbdb6f17a0919eaf7c8aca7f/commons-logging-1.1.3.jar, file:/Users/hpatel/.gradle/caches/modules-2/files-2.1/org.apache.hive/hive-common/0.13.1-cdh5.3.3/e3fbf24d30a553c50ae4d4eed23f81b0e1211c5a/hive-common-0.13.1-cdh5.3.3.jar, file:/Users/hpatel/.gradle/caches/modules-2/files-2.1/org.apache.avro/avro/1.7.6-cdh5.3.3/6d90271293977d199ed07002bf35e2805405cc64/avro-1.7.6-cdh5.3.3.jar, file:/Users/hpatel/.gradle/caches/modules-2/files-2.1/net.sf.opencsv/opencsv/2.3/c23708cdb9e80a144db433e23344a788a1fd6599/opencsv-2.3.jar, file:/Users/hpatel/.gradle/caches/modules-2/files-2.1/com.sun.jersey/jersey-servlet/1.14/4b87041a59ee152757b62e47a21d5b63fde20ffe/jersey-servlet-1.14.jar, file:/Users/hpatel/.gradle/caches/modules-2/files-2.1/org.slf4j/slf4j-log4j12/1.7.5/6edffc576ce104ec769d954618764f39f0f0f10d/slf4j-log4j12-1.7.5.jar, file:/Users/hpatel/.gradle/caches/modules-2/files-2.1/org.apache.commons/commons-math3/3.1.1/6719d757a98ff24a83d9d727bef9cec83f59b6e1/commons-math3-3.1.1.jar, file:/Users/hpatel/.gradle/caches/modules-2/files-2.1/commons-io/commons-io/2.4/b1b6ea3b7e4aa4f492509a4952029cd8e48019ad/commons-io-2.4.jar, file:/Users/hpatel/.gradle/caches/modules-2/files-2.1/com.sun.jersey/jersey-json/1.9/1aa73e1896bcc7013fed247157d7f676226eb432/jersey-json-1.9.jar, file:/Users/hpatel/.gradle/caches/modules-2/files-2.1/log4j/log4j/1.2.17/5af35056b4d257e4b64b9e8069c0746e8b08629f/log4j-1.2.17.jar, file:/Users/hpatel/.gradle/caches/modules-2/files-2.1/com.google.code.gson/gson/2.2.4/a60a5e993c98c864010053cb901b7eab25306568/gson-2.2.4.jar, file:/Users/hpatel/.gradle/caches/modules-2/files-2.1/org.apache.hadoop/hadoop-auth/2.5.0-cdh5.3.3/847eb288da72acfdd7d202da5149dec6cd20ceba/hadoop-auth-2.5.0-cdh5.3.3.jar, file:/Users/hpatel/.gradle/caches/modules-2/files-2.1/com.jcraft/jsch/0.1.42/a86104b0f2e0c0bab5b0df836065823a99b5e334/jsch-0.1.42.jar, file:/Users/hpatel/.gradle/caches/modules-2/files-2.1/org.apache.curator/curator-client/2.6.0/b9007c357ad1a78066fc6004e8b1feaa2318f6f3/curator-client-2.6.0.jar, file:/Users/hpatel/.gradle/caches/modules-2/files-2.1/org.apache.curator/curator-recipes/2.6.0/8736b0fc42e6bf006d585fe85c90aaa4ade5cbef/curator-recipes-2.6.0.jar, file:/Users/hpatel/.gradle/caches/modules-2/files-2.1/com.google.code.findbugs/jsr305/1.3.9/40719ea6961c0cb6afaeb6a921eaa1f6afd4cfdf/jsr305-1.3.9.jar, file:/Users/hpatel/.gradle/caches/modules-2/files-2.1/org.apache.commons/commons-compress/1.4.1/b02e84a993d88568417536240e970c4b809126fd/commons-compress-1.4.1.jar, file:/Users/hpatel/.gradle/caches/modules-2/files-2.1/org.apache.hive.shims/hive-shims-common/0.13.1-cdh5.3.3/3d9e5245018fbde18f52c4ab25fc35afdec2fc0a/hive-shims-common-0.13.1-cdh5.3.3.jar, file:/Users/hpatel/.gradle/caches/modules-2/files-2.1/org.apache.hive.shims/hive-shims-common-secure/0.13.1-cdh5.3.3/6b29a16b2a41b89bdbbc681c257ad7f766a90bcb/hive-shims-common-secure-0.13.1-cdh5.3.3.jar, file:/Users/hpatel/.gradle/caches/modules-2/files-2.1/org.apache.hive.shims/hive-shims-0.23/0.13.1-cdh5.3.3/7ab834955a767af200d1d9151c204751637d9ca9/hive-shims-0.23-0.13.1-cdh5.3.3.jar, file:/Users/hpatel/.gradle/caches/modules-2/files-2.1/org.apache.hive.shims/hive-shims-scheduler/0.13.1-cdh5.3.3/b6644420b74f936a838f7f3fd2fa19c19add0449/hive-shims-scheduler-0.13.1-cdh5.3.3.jar, file:/Users/hpatel/.gradle/caches/modules-2/files-2.1/org.apache.hadoop/hadoop-mapreduce-client-common/2.5.0-cdh5.3.3/f0d777bb76ca9f540c0c81a45934f0f5cf9975b8/hadoop-mapreduce-client-common-2.5.0-cdh5.3.3.jar, file:/Users/hpatel/.gradle/caches/modules-2/files-2.1/org.apache.hadoop/hadoop-mapreduce-client-shuffle/2.5.0-cdh5.3.3/b6c4316f6fcc406edf7e5bd77c50e46034ad5519/hadoop-mapreduce-client-shuffle-2.5.0-cdh5.3.3.jar, file:/Users/hpatel/.gradle/caches/modules-2/files-2.1/org.apache.hadoop/hadoop-yarn-common/2.5.0-cdh5.3.3/9499713b674eae1aa714fcd0e95e0d09daaf3824/hadoop-yarn-common-2.5.0-cdh5.3.3.jar, file:/Users/hpatel/.gradle/caches/modules-2/files-2.1/com.fasterxml.jackson.core/jackson-databind/2.2.3/3ae380888029daefb91d3ecdca3a37d8cb92bc9/jackson-databind-2.2.3.jar, file:/Users/hpatel/.gradle/caches/modules-2/files-2.1/com.fasterxml.jackson.core/jackson-annotations/2.2.3/527fece4f23a457070a36c371a26d6c0208e1c3/jackson-annotations-2.2.3.jar, file:/Users/hpatel/.gradle/caches/modules-2/files-2.1/com.amazonaws/aws-java-sdk/1.7.4/2c24ccb6f1ab845a7df971951d4b41c709a6517d/aws-java-sdk-1.7.4.jar, file:/Users/hpatel/.gradle/caches/modules-2/files-2.1/commons-digester/commons-digester/1.8/dc6a73fdbd1fa3f0944e8497c6c872fa21dca37e/commons-digester-1.8.jar, file:/Users/hpatel/.gradle/caches/modules-2/files-2.1/commons-beanutils/commons-beanutils-core/1.8.0/175dc721f87e4bc5cc0573f990e28c3cf9117508/commons-beanutils-core-1.8.0.jar, file:/Users/hpatel/.gradle/caches/modules-2/files-2.1/xml-apis/xml-apis/1.0.b2/3136ca936f64c9d68529f048c2618bd356bf85c9/xml-apis-1.0.b2.jar, file:/Users/hpatel/.gradle/caches/modules-2/files-2.1/com.thoughtworks.paranamer/paranamer/2.3/4a85963a752c0a2f715c3924bfc686865e7e1bc6/paranamer-2.3.jar, file:/Users/hpatel/.gradle/caches/modules-2/files-2.1/org.xerial.snappy/snappy-java/1.0.5/10cb4550360a0ec6b80f09a5209d00b6058e82bf/snappy-java-1.0.5.jar, file:/Users/hpatel/.gradle/caches/modules-2/files-2.1/org.codehaus.jettison/jettison/1.1/1a01a2a1218fcf9faa2cc2a6ced025bdea687262/jettison-1.1.jar, file:/Users/hpatel/.gradle/caches/modules-2/files-2.1/com.sun.xml.bind/jaxb-impl/2.2.3-1/56baae106392040a45a06d4a41099173425da1e6/jaxb-impl-2.2.3-1.jar, file:/Users/hpatel/.gradle/caches/modules-2/files-2.1/org.apache.directory.server/apacheds-kerberos-codec/2.0.0-M15/1c16e4e477183641c5f0dd5cdecd27ec331bacb5/apacheds-kerberos-codec-2.0.0-M15.jar, file:/Users/hpatel/.gradle/caches/modules-2/files-2.1/org.apache.curator/curator-framework/2.6.0/81a699c39d127b5b4ff97cc77da7650b53e5b5ed/curator-framework-2.6.0.jar, file:/Users/hpatel/.gradle/caches/modules-2/files-2.1/org.tukaani/xz/1.0/ecff5cb8b1189514c9d1d8d68eb77ac372e000c9/xz-1.0.jar, file:/Users/hpatel/.gradle/caches/modules-2/files-2.1/org.apache.hadoop/hadoop-yarn-client/2.5.0-cdh5.3.3/2d2ce5d0138d02b20aefcfc1ee8dd6f691911f63/hadoop-yarn-client-2.5.0-cdh5.3.3.jar, file:/Users/hpatel/.gradle/caches/modules-2/files-2.1/org.apache.hadoop/hadoop-yarn-server-common/2.5.0-cdh5.3.3/d099fcc19f56d477fa6b5b47ae4e06bb97538778/hadoop-yarn-server-common-2.5.0-cdh5.3.3.jar, file:/Users/hpatel/.gradle/caches/modules-2/files-2.1/org.apache.hadoop/hadoop-yarn-server-nodemanager/2.5.0-cdh5.3.3/278b2d7a6454ce57a94ab02a88c0b188afc8facc/hadoop-yarn-server-nodemanager-2.5.0-cdh5.3.3.jar, file:/Users/hpatel/.gradle/caches/modules-2/files-2.1/org.fusesource.leveldbjni/leveldbjni-all/1.8/707350a2eeb1fa2ed77a32ddb3893ed308e941db/leveldbjni-all-1.8.jar, file:/Users/hpatel/.gradle/caches/modules-2/files-2.1/javax.xml.bind/jaxb-api/2.2.2/aeb3021ca93dde265796d82015beecdcff95bf09/jaxb-api-2.2.2.jar, file:/Users/hpatel/.gradle/caches/modules-2/files-2.1/com.google.inject/guice/3.0/9d84f15fe35e2c716a02979fb62f50a29f38aefa/guice-3.0.jar, file:/Users/hpatel/.gradle/caches/modules-2/files-2.1/com.sun.jersey.contribs/jersey-guice/1.9/5963c28c47df7e5d6ad34cec80c071c368777f7b/jersey-guice-1.9.jar, file:/Users/hpatel/.gradle/caches/modules-2/files-2.1/com.fasterxml.jackson.core/jackson-core/2.2.3/1a0113da2cab5f4c216b4e5e7c1dbfaa67087e14/jackson-core-2.2.3.jar, file:/Users/hpatel/.gradle/caches/modules-2/files-2.1/commons-beanutils/commons-beanutils/1.7.0/5675fd96b29656504b86029551973d60fb41339b/commons-beanutils-1.7.0.jar, file:/Users/hpatel/.gradle/caches/modules-2/files-2.1/org.apache.directory.server/apacheds-i18n/2.0.0-M15/71c61c84683152ec2a6a65f3f96fe534e304fa22/apacheds-i18n-2.0.0-M15.jar, file:/Users/hpatel/.gradle/caches/modules-2/files-2.1/org.apache.directory.api/api-asn1-api/1.0.0-M20/5e6486ffa3125ba44dc410ead166e1d6ba8ac76d/api-asn1-api-1.0.0-M20.jar, file:/Users/hpatel/.gradle/caches/modules-2/files-2.1/org.apache.directory.api/api-util/1.0.0-M20/a871abf060b3cf83fc6dc4d7e3d151fce50ac3cb/api-util-1.0.0-M20.jar, file:/Users/hpatel/.gradle/caches/modules-2/files-2.1/com.sun.jersey/jersey-client/1.9/d3c4b2b5f89db32c96ceddcb863684821910a7bb/jersey-client-1.9.jar, file:/Users/hpatel/.gradle/caches/modules-2/files-2.1/javax.xml.stream/stax-api/1.0-2/d6337b0de8b25e53e81b922352fbea9f9f57ba0b/stax-api-1.0-2.jar, file:/Users/hpatel/.gradle/caches/modules-2/files-2.1/javax.activation/activation/1.1/e6cb541461c2834bdea3eb920f1884d1eb508b50/activation-1.1.jar, file:/Users/hpatel/.gradle/caches/modules-2/files-2.1/javax.inject/javax.inject/1/6975da39a7040257bd51d21a231b76c915872d38/javax.inject-1.jar, file:/Users/hpatel/.gradle/caches/modules-2/files-2.1/aopalliance/aopalliance/1.0/235ba8b489512805ac13a8f9ea77a1ca5ebe3e8/aopalliance-1.0.jar, file:/Users/hpatel/.gradle/caches/modules-2/files-2.1/org.sonatype.sisu.inject/cglib/2.2.1-v20090111/7ce5e983fd0e6c78346f4c9cbfa39d83049dda2/cglib-2.2.1-v20090111.jar, file:/Users/hpatel/.gradle/caches/modules-2/files-2.1/asm/asm/3.1/c157def142714c544bdea2e6144645702adf7097/asm-3.1.jar, file:/Users/hpatel/.gradle/caches/modules-2/files-2.1/org.apache.hive/hive-service/0.13.1-cdh5.3.3/c7979b4213bfb62823d43ba726e0fea58032dd1e/hive-service-0.13.1-cdh5.3.3.jar, file:/Users/hpatel/.gradle/caches/modules-2/files-2.1/net.sf.jpam/jpam/1.1/cb3d91c2dfda767518a371dbb02edfd6a4aa0600/jpam-1.1.jar, file:/Users/hpatel/.gradle/caches/modules-2/files-2.1/org.eclipse.jetty.aggregate/jetty-all/7.6.0.v20120127/47bb68e3837e5c6422138dd1e0d4d75c60dce87a/jetty-all-7.6.0.v20120127.jar, file:/Users/hpatel/.gradle/caches/modules-2/files-2.1/org.apache.thrift/libfb303/0.9.0/639bd69767fdbd7f658ce8233248fe1cea635164/libfb303-0.9.0.jar, file:/Users/hpatel/.gradle/caches/modules-2/files-2.1/org.apache.geronimo.specs/geronimo-jta_1.1_spec/1.1.1/aabab3165b8ea936b9360abbf448459c0d04a5a4/geronimo-jta_1.1_spec-1.1.1.jar, file:/Users/hpatel/.gradle/caches/modules-2/files-2.1/javax.mail/mail/1.4.1/8b7bc69010655425dabf091b51d1e90b4de36715/mail-1.4.1.jar, file:/Users/hpatel/.gradle/caches/modules-2/files-2.1/org.apache.geronimo.specs/geronimo-jaspic_1.0_spec/1.0/44b95be7dae1147716dce5336419eafade880756/geronimo-jaspic_1.0_spec-1.0.jar, file:/Users/hpatel/.gradle/caches/modules-2/files-2.1/org.apache.geronimo.specs/geronimo-annotation_1.0_spec/1.1.1/47caa799389f69d297b86bf90523d431599c3796/geronimo-annotation_1.0_spec-1.1.1.jar, file:/Users/hpatel/.gradle/caches/modules-2/files-2.1/asm/asm-commons/3.1/1b607fbfe7889c6fdff1b7c16439ade0a60869ac/asm-commons-3.1.jar, file:/Users/hpatel/.gradle/caches/modules-2/files-2.1/asm/asm-tree/3.1/c9a5d4334ddf194ea492f22107d45119a5c5322f/asm-tree-3.1.jar, file:/Users/hpatel/.gradle/caches/modules-2/files-2.1/commons-lang/commons-lang/2.6/ce1edb914c94ebc388f086c6827e8bdeec71ac2/commons-lang-2.6.jar, file:/Users/hpatel/.gradle/caches/modules-2/files-2.1/org.mortbay.jetty/jetty/6.1.26.cloudera.4/d59325a5ff8ff18f7543bc3fbb9d5efa0c0ff521/jetty-6.1.26.cloudera.4.jar, file:/Users/hpatel/.gradle/caches/modules-2/files-2.1/org.mortbay.jetty/jetty-util/6.1.26.cloudera.4/b8507b7c5d3fd9a3d01775272cbf1a63f530c19d/jetty-util-6.1.26.cloudera.4.jar, file:/Users/hpatel/.gradle/caches/modules-2/files-2.1/net.java.dev.jets3t/jets3t/0.9.0/792bc96ee7e57b89f472aa0cb5a31015b9f59c96/jets3t-0.9.0.jar, file:/Users/hpatel/.gradle/caches/modules-2/files-2.1/com.jamesmurty.utils/java-xmlbuilder/0.4/ac5962e48cdee3a0a6e1f8e00fcb594747ac5aaf/java-xmlbuilder-0.4.jar, file:/Users/hpatel/.gradle/caches/modules-2/files-2.1/com.google.protobuf/protobuf-java/2.5.0/a10732c76bfacdbd633a7eb0f7968b1059a65dfa/protobuf-java-2.5.0.jar, file:/Users/hpatel/.gradle/caches/modules-2/files-2.1/org.apache.hive/hive-exec/0.13.1-cdh5.3.3/4d935274127f47dd9c0875efcf317ba49aef1219/hive-exec-0.13.1-cdh5.3.3.jar, file:/Users/hpatel/.gradle/caches/modules-2/files-2.1/org.apache.hive/hive-ant/0.13.1-cdh5.3.3/86954e92a903253177cd6935798c50a6c32b7b81/hive-ant-0.13.1-cdh5.3.3.jar, file:/Users/hpatel/.gradle/caches/modules-2/files-2.1/org.antlr/antlr-runtime/3.4/8f011408269a8e42b8548687e137d8eeb56df4b4/antlr-runtime-3.4.jar, file:/Users/hpatel/.gradle/caches/modules-2/files-2.1/org.antlr/ST4/4.0.4/467a2aa12be6d0f0f68c70eecf6714ab733027ac/ST4-4.0.4.jar, file:/Users/hpatel/.gradle/caches/modules-2/files-2.1/org.apache.ant/ant/1.9.1/35900c96dbebc85dcfbd71f4661059ebcf93c077/ant-1.9.1.jar, file:/Users/hpatel/.gradle/caches/modules-2/files-2.1/org.codehaus.groovy/groovy-all/2.1.6/165b8246372a829c1915611646f6d964010656cf/groovy-all-2.1.6.jar, file:/Users/hpatel/.gradle/caches/modules-2/files-2.1/stax/stax-api/1.0.1/49c100caf72d658aca8e58bd74a4ba90fa2b0d70/stax-api-1.0.1.jar, file:/Users/hpatel/.gradle/caches/modules-2/files-2.1/org.apache.velocity/velocity/1.5/9f306baf7523ffc0e81a6353d08a584d254133b/velocity-1.5.jar, file:/Users/hpatel/.gradle/caches/modules-2/files-2.1/org.antlr/stringtemplate/3.2.1/59ec8083721eae215c6f3caee944c410d2be34de/stringtemplate-3.2.1.jar, file:/Users/hpatel/.gradle/caches/modules-2/files-2.1/antlr/antlr/2.7.7/83cd2cd674a217ade95a4bb83a8a14f351f48bd0/antlr-2.7.7.jar, file:/Users/hpatel/.gradle/caches/modules-2/files-2.1/org.apache.ant/ant-launcher/1.9.1/7c71043ca185eaada9e36391dd022d92859327de/ant-launcher-1.9.1.jar, file:/Users/hpatel/.gradle/caches/modules-2/files-2.1/oro/oro/2.0.8/5592374f834645c4ae250f4c9fbb314c9369d698/oro-2.0.8.jar, file:/Users/hpatel/.gradle/caches/modules-2/files-2.1/org.codehaus.jackson/jackson-core-asl/1.9.13/3c304d70f42f832e0a86d45bd437f692129299a4/jackson-core-asl-1.9.13.jar, file:/Users/hpatel/.gradle/caches/modules-2/files-2.1/org.codehaus.jackson/jackson-mapper-asl/1.9.13/1ee2f2bed0e5dd29d1cb155a166e6f8d50bbddb7/jackson-mapper-asl-1.9.13.jar, file:/Users/hpatel/.gradle/caches/modules-2/files-2.1/org.slf4j/slf4j-api/1.7.6/562424e36df3d2327e8e9301a76027fca17d54ea/slf4j-api-1.7.6.jar, file:/Users/hpatel/.gradle/caches/modules-2/files-2.1/com.sun.jersey/jersey-server/1.14/b1a21724c9b708ed54d42d41bb19ff45ae1d49d9/jersey-server-1.14.jar, file:/Users/hpatel/.gradle/caches/modules-2/files-2.1/org.apache.httpcomponents/httpclient/4.2.5/666e26e76f2e87d84e4f16acb546481ae1b8e9a6/httpclient-4.2.5.jar, file:/Users/hpatel/.gradle/caches/modules-2/files-2.1/org.apache.zookeeper/zookeeper/3.4.6/1b2502e29da1ebaade2357cd1de35a855fa3755/zookeeper-3.4.6.jar, file:/Users/hpatel/.gradle/caches/modules-2/files-2.1/com.google.guava/guava/16.0.1/5fa98cd1a63c99a44dd8d3b77e4762b066a5d0c5/guava-16.0.1.jar, file:/Users/hpatel/.gradle/caches/modules-2/files-2.1/org.codehaus.jackson/jackson-jaxrs/1.8.8/71b16055388e9bd3991c3c3834e8e55098b789f1/jackson-jaxrs-1.8.8.jar, file:/Users/hpatel/.gradle/caches/modules-2/files-2.1/org.codehaus.jackson/jackson-xc/1.8.8/52efa08bc1e4cfea168f552b9e3088297d9d0926/jackson-xc-1.8.8.jar, file:/Users/hpatel/.gradle/caches/modules-2/files-2.1/org.apache.hive/hive-metastore/0.13.1-cdh5.3.3/ca93686a17f064a5ab6587799721cddd7836e53a/hive-metastore-0.13.1-cdh5.3.3.jar, file:/Users/hpatel/.gradle/caches/modules-2/files-2.1/com.jolbox/bonecp/0.8.0.RELEASE/cec24ee9345b3678472bb1b8fdd6aa6b9428beb8/bonecp-0.8.0.RELEASE.jar, file:/Users/hpatel/.gradle/caches/modules-2/files-2.1/org.apache.derby/derby/10.10.1.1/9f6f910f0373adc1b23c10f9b4bb151b7e7449f/derby-10.10.1.1.jar, file:/Users/hpatel/.gradle/caches/modules-2/files-2.1/javax.jdo/jdo-api/3.0.1/58e7a538e020b73871e232eeb064835fd98a492/jdo-api-3.0.1.jar, file:/Users/hpatel/.gradle/caches/modules-2/files-2.1/javax.transaction/jta/1.1/2ca09f0b36ca7d71b762e14ea2ff09d5eac57558/jta-1.1.jar, file:/Users/hpatel/.gradle/caches/modules-2/files-2.1/org.apache.thrift/libthrift/0.9.0/9ba8df332b5db95ce7f3b7a83e44d796c3d014d3/libthrift-0.9.0.jar, file:/Users/hpatel/.gradle/caches/modules-2/files-2.1/org.apache.httpcomponents/httpcore/4.2.4/3b7f38df6de5dd8b500e602ae8c2dd5ee446f883/httpcore-4.2.4.jar, file:/Users/hpatel/.gradle/caches/modules-2/files-2.1/com.sun.jersey/jersey-core/1.14/693061de8b9b352b11e997b1dd4052677778852d/jersey-core-1.14.jar, file:/Users/hpatel/.gradle/caches/modules-2/files-2.1/commons-codec/commons-codec/1.6/b7f0fc8f61ecadeb3695f0b9464755eee44374d4/commons-codec-1.6.jar, file:/Users/hpatel/.gradle/caches/modules-2/files-2.1/io.netty/netty/3.7.0.Final/7a8c35599c68c0bf383df74469aa3e03d9aca87/netty-3.7.0.Final.jar]
15/09/06 13:13:50 INFO mr.ObjectCache: Ignoring retrieval request: __MAP_PLAN__
15/09/06 13:13:50 INFO mr.ObjectCache: Ignoring cache key: __MAP_PLAN__
15/09/06 13:13:50 INFO exec.MapOperator: dump TS struct<file_name:string,gen_id:string,dms_system:string,dms_version:string,transmit_ts:string,orig_transmit_ts:string,transmit_by:string,record_status:string,dealer_updt_ind:string,store_number:string,part_type:string,store_name:string,inventory_store_number:string,cat_emrg_dealer_code:string,cat_stock_dealer_code:string,stock_replen_store_number:string,stock_replen_lead_time:string,lst_updt_ts:string,orig_lst_updt_ts:string,lst_updt_by_id:string,file_ins_ts:string,orig_file_ins_ts:string,exp_stock_plan_lead_time:string,dealer_code:string>
15/09/06 13:13:50 INFO mr.ExecMapper: 
<MAP>Id =102
  <Children>
    <TS>Id =97
      <Children>
        <SEL>Id =98
          <Children>
            <RS>Id =100
              <Children>
              <\Children>
              <Parent>Id = 98 null<\Parent>
            <\RS>
          <\Children>
          <Parent>Id = 97 null<\Parent>
        <\SEL>
      <\Children>
      <Parent>Id = 102 null<\Parent>
    <\TS>
  <\Children>
  <Parent><\Parent>
<\MAP>
15/09/06 13:13:50 INFO exec.MapOperator: Initializing Self 102 MAP
15/09/06 13:13:50 INFO exec.TableScanOperator: Initializing Self 97 TS
15/09/06 13:13:50 INFO exec.TableScanOperator: Operator 97 TS initialized
15/09/06 13:13:50 INFO exec.TableScanOperator: Initializing children of 97 TS
15/09/06 13:13:50 INFO exec.SelectOperator: Initializing child 98 SEL
15/09/06 13:13:50 INFO exec.SelectOperator: Initializing Self 98 SEL
15/09/06 13:13:50 INFO exec.SelectOperator: SELECT struct<file_name:string,gen_id:string,dms_system:string,dms_version:string,transmit_ts:string,orig_transmit_ts:string,transmit_by:string,record_status:string,dealer_updt_ind:string,store_number:string,part_type:string,store_name:string,inventory_store_number:string,cat_emrg_dealer_code:string,cat_stock_dealer_code:string,stock_replen_store_number:string,stock_replen_lead_time:string,lst_updt_ts:string,orig_lst_updt_ts:string,lst_updt_by_id:string,file_ins_ts:string,orig_file_ins_ts:string,exp_stock_plan_lead_time:string,dealer_code:string>
15/09/06 13:13:50 INFO exec.SelectOperator: Operator 98 SEL initialized
15/09/06 13:13:50 INFO exec.SelectOperator: Initializing children of 98 SEL
15/09/06 13:13:50 INFO exec.ReduceSinkOperator: Initializing child 100 RS
15/09/06 13:13:50 INFO exec.ReduceSinkOperator: Initializing Self 100 RS
15/09/06 13:13:50 INFO exec.ReduceSinkOperator: Using tag = -1
15/09/06 13:13:50 INFO exec.ReduceSinkOperator: Operator 100 RS initialized
15/09/06 13:13:50 INFO exec.ReduceSinkOperator: Initialization Done 100 RS
15/09/06 13:13:50 INFO exec.SelectOperator: Initialization Done 98 SEL
15/09/06 13:13:50 INFO exec.TableScanOperator: Initialization Done 97 TS
15/09/06 13:13:50 INFO exec.MapOperator: Initialization Done 102 MAP
15/09/06 13:13:50 INFO exec.MapOperator: Processing alias dh for file file:/var/folders/y7/4_pz5fzx54ngcmghz3v6t3m00000gn/T/junit8690338365344900462/hadooptmp/dealer_hierarchy/temp_data/dealer_code=AAAA
15/09/06 13:13:50 WARN lazy.LazyStruct: Extra bytes detected at the end of the row! Ignoring similar problems.
15/09/06 13:13:50 INFO mr.ExecMapper: ExecMapper: processing 1 rows: used memory = 912292296
15/09/06 13:13:50 INFO io.HiveContextAwareRecordReader: Processing file file:/var/folders/y7/4_pz5fzx54ngcmghz3v6t3m00000gn/T/junit8690338365344900462/hadooptmp/dealer_hierarchy/temp_data/dealer_code=ZZZZ/temp_data_from_file.csv
15/09/06 13:13:50 INFO exec.MapOperator: Processing alias dh for file file:/var/folders/y7/4_pz5fzx54ngcmghz3v6t3m00000gn/T/junit8690338365344900462/hadooptmp/dealer_hierarchy/temp_data/dealer_code=ZZZZ
15/09/06 13:13:50 WARN lazy.LazyStruct: Extra bytes detected at the end of the row! Ignoring similar problems.
15/09/06 13:13:50 INFO exec.MapOperator: 102 finished. closing... 
15/09/06 13:13:50 INFO exec.MapOperator: DESERIALIZE_ERRORS:0
15/09/06 13:13:50 INFO exec.TableScanOperator: 97 finished. closing... 
15/09/06 13:13:50 INFO exec.SelectOperator: 98 finished. closing... 
15/09/06 13:13:50 INFO exec.ReduceSinkOperator: 100 finished. closing... 
15/09/06 13:13:50 INFO exec.ReduceSinkOperator: 100 Close done
15/09/06 13:13:50 INFO exec.SelectOperator: 98 Close done
15/09/06 13:13:50 INFO exec.TableScanOperator: 97 Close done
15/09/06 13:13:50 INFO exec.MapOperator: 102 Close done
15/09/06 13:13:50 INFO mr.ExecMapper: ExecMapper: processed 4 rows: used memory = 912292296
15/09/06 13:13:50 INFO mapred.MapTask: Starting flush of map output
15/09/06 13:13:50 INFO mapred.MapTask: Finished spill 0
15/09/06 13:13:50 INFO mapred.Task: Task:attempt_local944647764_0007_m_000000_0 is done. And is in the process of commiting
15/09/06 13:13:50 INFO mapred.LocalJobRunner: file:/var/folders/y7/4_pz5fzx54ngcmghz3v6t3m00000gn/T/junit8690338365344900462/hadooptmp/dealer_hierarchy/temp_data/dealer_code=ZZZZ/temp_data_from_file.csv:0+626
15/09/06 13:13:50 INFO mapred.Task: Task 'attempt_local944647764_0007_m_000000_0' done.
15/09/06 13:13:50 INFO mapred.LocalJobRunner: Finishing task: attempt_local944647764_0007_m_000000_0
15/09/06 13:13:50 INFO mapred.LocalJobRunner: Map task executor complete.
15/09/06 13:13:50 WARN mapreduce.Counters: Group org.apache.hadoop.mapred.Task$Counter is deprecated. Use org.apache.hadoop.mapreduce.TaskCounter instead
2015-09-06 13:13:50,052 Stage-1 map = 100%,  reduce = 0%
15/09/06 13:13:50 INFO exec.Task: 2015-09-06 13:13:50,052 Stage-1 map = 100%,  reduce = 0%
15/09/06 13:13:50 INFO mapred.Task:  Using ResourceCalculatorPlugin : null
15/09/06 13:13:50 INFO mapred.LocalJobRunner: 
15/09/06 13:13:50 INFO mapred.Merger: Merging 1 sorted segments
15/09/06 13:13:50 INFO mapred.Merger: Down to the last merge-pass, with 1 segments left of total size: 974 bytes
15/09/06 13:13:50 INFO mapred.LocalJobRunner: 
15/09/06 13:13:50 INFO ExecReducer: maximum memory = 3817865216
15/09/06 13:13:50 INFO ExecReducer: conf classpath = [file:/Users/hpatel/.gradle/caches/2.1/workerMain/gradle-worker.jar, file:/Users/hpatel/Tech/Projects/CAT/ddsw_dev/hive-test/build/classes/test/, file:/Users/hpatel/Tech/Projects/CAT/ddsw_dev/hive-test/build/resources/test/, file:/Users/hpatel/Tech/Projects/CAT/ddsw_dev/hive-test/build/classes/main/, file:/Users/hpatel/Tech/Projects/CAT/ddsw_dev/hive-test/build/resources/main, file:/Users/hpatel/.gradle/caches/modules-2/files-2.1/junit/junit/4.11/4e031bb61df09069aeb2bffb4019e7a5034a4ee0/junit-4.11.jar, file:/Users/hpatel/.gradle/caches/modules-2/files-2.1/com.klarna/hiverunner/1.0.0/e26bb0655fff4d88fab91f331793d9fc1db392cc/HiveRunner-1.0.0.jar, file:/Users/hpatel/Tech/Projects/CAT/ddsw_dev/custom-cat-udfs/build/libs/custom-cat-udfs-0.1.38-SNAPSHOT.jar, file:/Users/hpatel/.gradle/caches/modules-2/files-2.1/org.apache.hadoop/hadoop-client/2.5.0-cdh5.3.3/ec3cd6a8cb043e73a42918934c5d3a3f2747c78b/hadoop-client-2.5.0-cdh5.3.3.jar, file:/Users/hpatel/.gradle/caches/modules-2/files-2.1/org.hsqldb/hsqldb/2.3.1/bd7153caa30958e1c64a3dd38b93e5a7442d9a0e/hsqldb-2.3.1.jar, file:/Users/hpatel/.gradle/caches/modules-2/files-2.1/org.apache.hadoop/hadoop-core/2.5.0-mr1-cdh5.3.3/f6f4a77f818757da51ae0244310855779c04c4be/hadoop-core-2.5.0-mr1-cdh5.3.3.jar, file:/Users/hpatel/.gradle/caches/modules-2/files-2.1/org.reflections/reflections/0.9.8/f723abb59bf512952bfc503838f70f81487a6993/reflections-0.9.8.jar, file:/Users/hpatel/.gradle/caches/modules-2/files-2.1/org.mockito/mockito-core/1.10.19/e8546f5bef4e061d8dd73895b4e8f40e3fe6effe/mockito-core-1.10.19.jar, file:/Users/hpatel/.gradle/caches/modules-2/files-2.1/org.hamcrest/hamcrest-core/1.3/42a25dc3219429f0e5d060061f71acb49bf010a0/hamcrest-core-1.3.jar, file:/Users/hpatel/.gradle/caches/modules-2/files-2.1/org.pentaho/pentaho-aggdesigner-algorithm/5.1.5-jhyde/c52379c645c6c85300e645dff7c72653bf85baa2/pentaho-aggdesigner-algorithm-5.1.5-jhyde.jar, file:/Users/hpatel/.gradle/caches/modules-2/files-2.1/org.apache.hive/hive-serde/0.13.1-cdh5.3.3/9cee47c844d726e9bcef6ab292e1319b7fbddaa3/hive-serde-0.13.1-cdh5.3.3.jar, file:/Users/hpatel/.gradle/caches/modules-2/files-2.1/org.apache.hadoop/hadoop-common/2.5.0-cdh5.3.3/f0862eb1dc33c1807ea29a248af75551e3c6836a/hadoop-common-2.5.0-cdh5.3.3.jar, file:/Users/hpatel/.gradle/caches/modules-2/files-2.1/org.apache.hive/hive-contrib/0.13.1-cdh5.3.3/bf89b429c9b173ac275dc0c1623f5c30e780ee98/hive-contrib-0.13.1-cdh5.3.3.jar, file:/Users/hpatel/.gradle/caches/modules-2/files-2.1/org.datanucleus/datanucleus-core/3.2.12/3212183bb5a2826cd5ff194b9a54619dd0bdf31f/datanucleus-core-3.2.12.jar, file:/Users/hpatel/.gradle/caches/modules-2/files-2.1/org.datanucleus/datanucleus-rdbms/3.2.11/5b053144c89fdff1505b853aa7f1e5ba7657da75/datanucleus-rdbms-3.2.11.jar, file:/Users/hpatel/.gradle/caches/modules-2/files-2.1/org.datanucleus/datanucleus-api-jdo/3.2.8/efc60221fbc91e95cf5758b98c6c5531660696cb/datanucleus-api-jdo-3.2.8.jar, file:/Users/hpatel/.gradle/caches/modules-2/files-2.1/org.apache.hive/hive-shims/0.13.1-cdh5.3.3/47b029532c0b9d45526dcdd858823e6f9634ab81/hive-shims-0.13.1-cdh5.3.3.jar, file:/Users/hpatel/.gradle/caches/modules-2/files-2.1/org.apache.commons/commons-lang3/3.3.1/6738a2da2202ce360f0af90aba005c1e05a2c4cd/commons-lang3-3.3.1.jar, file:/Users/hpatel/.gradle/caches/modules-2/files-2.1/joda-time/joda-time/2.3/56498efd17752898cfcc3868c1b6211a07b12b8f/joda-time-2.3.jar, file:/Users/hpatel/.gradle/caches/modules-2/files-2.1/org.apache.hadoop/hadoop-hdfs/2.5.0-cdh5.3.3/5dd5e2be13d89a9eaab89d3a33bcdf6677671aa9/hadoop-hdfs-2.5.0-cdh5.3.3.jar, file:/Users/hpatel/.gradle/caches/modules-2/files-2.1/org.apache.hadoop/hadoop-mapreduce-client-app/2.5.0-cdh5.3.3/579948f8fa6d9d72bf507bd021fa3dcc0670e95f/hadoop-mapreduce-client-app-2.5.0-cdh5.3.3.jar, file:/Users/hpatel/.gradle/caches/modules-2/files-2.1/org.apache.hadoop/hadoop-yarn-api/2.5.0-cdh5.3.3/a6d9b4b7cbcacd000350a3e33c70269101b5fc79/hadoop-yarn-api-2.5.0-cdh5.3.3.jar, file:/Users/hpatel/.gradle/caches/modules-2/files-2.1/org.apache.hadoop/hadoop-mapreduce-client-core/2.5.0-cdh5.3.3/f2c8eaa2b8a5839a7781f04cf59c4d1abfefec9e/hadoop-mapreduce-client-core-2.5.0-cdh5.3.3.jar, file:/Users/hpatel/.gradle/caches/modules-2/files-2.1/org.apache.hadoop/hadoop-mapreduce-client-jobclient/2.5.0-cdh5.3.3/f8baecab9a91245a97e29e4867a7f5ae128ef8a9/hadoop-mapreduce-client-jobclient-2.5.0-cdh5.3.3.jar, file:/Users/hpatel/.gradle/caches/modules-2/files-2.1/org.apache.hadoop/hadoop-aws/2.5.0-cdh5.3.3/f712d9cf59c859914254bed5c87ee4e5a2204e78/hadoop-aws-2.5.0-cdh5.3.3.jar, file:/Users/hpatel/.gradle/caches/modules-2/files-2.1/org.apache.hadoop/hadoop-annotations/2.5.0-cdh5.3.3/e3b40743127d82ff7a6f263d00419368a46ce608/hadoop-annotations-2.5.0-cdh5.3.3.jar, file:/Users/hpatel/.gradle/caches/modules-2/files-2.1/commons-collections/commons-collections/3.2.1/761ea405b9b37ced573d2df0d1e3a4e0f9edc668/commons-collections-3.2.1.jar, file:/Users/hpatel/.gradle/caches/modules-2/files-2.1/commons-configuration/commons-configuration/1.6/32cadde23955d7681b0d94a2715846d20b425235/commons-configuration-1.6.jar, file:/Users/hpatel/.gradle/caches/modules-2/files-2.1/jline/jline/0.9.94/99a18e9a44834afdebc467294e1138364c207402/jline-0.9.94.jar, file:/Users/hpatel/.gradle/caches/modules-2/files-2.1/commons-cli/commons-cli/1.2/2bf96b7aa8b611c177d329452af1dc933e14501c/commons-cli-1.2.jar, file:/Users/hpatel/.gradle/caches/modules-2/files-2.1/xmlenc/xmlenc/0.52/d82554efbe65906d83b3d97bd7509289e9db561a/xmlenc-0.52.jar, file:/Users/hpatel/.gradle/caches/modules-2/files-2.1/commons-httpclient/commons-httpclient/3.1/964cd74171f427720480efdec40a7c7f6e58426a/commons-httpclient-3.1.jar, file:/Users/hpatel/.gradle/caches/modules-2/files-2.1/commons-net/commons-net/3.1/2298164a7c2484406f2aa5ac85b205d39019896f/commons-net-3.1.jar, file:/Users/hpatel/.gradle/caches/modules-2/files-2.1/tomcat/jasper-runtime/5.5.23/96ca5528a93ab47b001476b74320c644beb89dde/jasper-runtime-5.5.23.jar, file:/Users/hpatel/.gradle/caches/modules-2/files-2.1/tomcat/jasper-compiler/5.5.23/6d35bd7fb8c4fbc1f5401fb3678aa976d2e4c241/jasper-compiler-5.5.23.jar, file:/Users/hpatel/.gradle/caches/modules-2/files-2.1/javax.servlet.jsp/jsp-api/2.1/63f943103f250ef1f3a4d5e94d145a0f961f5316/jsp-api-2.1.jar, file:/Users/hpatel/.gradle/caches/modules-2/files-2.1/commons-el/commons-el/1.0/1df2c042b3f2de0124750241ac6c886dbfa2cc2c/commons-el-1.0.jar, file:/Users/hpatel/.gradle/caches/modules-2/files-2.1/javax.servlet/servlet-api/2.5/5959582d97d8b61f4d154ca9e495aafd16726e34/servlet-api-2.5.jar, file:/Users/hpatel/.gradle/caches/modules-2/files-2.1/hsqldb/hsqldb/1.8.0.10/7e9978fdb754bce5fcd5161133e7734ecb683036/hsqldb-1.8.0.10.jar, file:/Users/hpatel/.gradle/caches/modules-2/files-2.1/org.eclipse.jdt/core/3.1.1/88c83ce444cf46d02494da37c9fa1eebc9ce9cea/core-3.1.1.jar, file:/Users/hpatel/.gradle/caches/modules-2/files-2.1/javassist/javassist/3.12.1.GA/526633327faa61aee448a519e8a4d53ec3057885/javassist-3.12.1.GA.jar, file:/Users/hpatel/.gradle/caches/modules-2/files-2.1/dom4j/dom4j/1.6.1/5d3ccc056b6f056dbf0dddfdf43894b9065a8f94/dom4j-1.6.1.jar, file:/Users/hpatel/.gradle/caches/modules-2/files-2.1/org.objenesis/objenesis/2.1/87c0ea803b69252868d09308b4618f766f135a96/objenesis-2.1.jar, file:/Users/hpatel/.gradle/caches/modules-2/files-2.1/commons-logging/commons-logging/1.1.3/f6f66e966c70a83ffbdb6f17a0919eaf7c8aca7f/commons-logging-1.1.3.jar, file:/Users/hpatel/.gradle/caches/modules-2/files-2.1/org.apache.hive/hive-common/0.13.1-cdh5.3.3/e3fbf24d30a553c50ae4d4eed23f81b0e1211c5a/hive-common-0.13.1-cdh5.3.3.jar, file:/Users/hpatel/.gradle/caches/modules-2/files-2.1/org.apache.avro/avro/1.7.6-cdh5.3.3/6d90271293977d199ed07002bf35e2805405cc64/avro-1.7.6-cdh5.3.3.jar, file:/Users/hpatel/.gradle/caches/modules-2/files-2.1/net.sf.opencsv/opencsv/2.3/c23708cdb9e80a144db433e23344a788a1fd6599/opencsv-2.3.jar, file:/Users/hpatel/.gradle/caches/modules-2/files-2.1/com.sun.jersey/jersey-servlet/1.14/4b87041a59ee152757b62e47a21d5b63fde20ffe/jersey-servlet-1.14.jar, file:/Users/hpatel/.gradle/caches/modules-2/files-2.1/org.slf4j/slf4j-log4j12/1.7.5/6edffc576ce104ec769d954618764f39f0f0f10d/slf4j-log4j12-1.7.5.jar, file:/Users/hpatel/.gradle/caches/modules-2/files-2.1/org.apache.commons/commons-math3/3.1.1/6719d757a98ff24a83d9d727bef9cec83f59b6e1/commons-math3-3.1.1.jar, file:/Users/hpatel/.gradle/caches/modules-2/files-2.1/commons-io/commons-io/2.4/b1b6ea3b7e4aa4f492509a4952029cd8e48019ad/commons-io-2.4.jar, file:/Users/hpatel/.gradle/caches/modules-2/files-2.1/com.sun.jersey/jersey-json/1.9/1aa73e1896bcc7013fed247157d7f676226eb432/jersey-json-1.9.jar, file:/Users/hpatel/.gradle/caches/modules-2/files-2.1/log4j/log4j/1.2.17/5af35056b4d257e4b64b9e8069c0746e8b08629f/log4j-1.2.17.jar, file:/Users/hpatel/.gradle/caches/modules-2/files-2.1/com.google.code.gson/gson/2.2.4/a60a5e993c98c864010053cb901b7eab25306568/gson-2.2.4.jar, file:/Users/hpatel/.gradle/caches/modules-2/files-2.1/org.apache.hadoop/hadoop-auth/2.5.0-cdh5.3.3/847eb288da72acfdd7d202da5149dec6cd20ceba/hadoop-auth-2.5.0-cdh5.3.3.jar, file:/Users/hpatel/.gradle/caches/modules-2/files-2.1/com.jcraft/jsch/0.1.42/a86104b0f2e0c0bab5b0df836065823a99b5e334/jsch-0.1.42.jar, file:/Users/hpatel/.gradle/caches/modules-2/files-2.1/org.apache.curator/curator-client/2.6.0/b9007c357ad1a78066fc6004e8b1feaa2318f6f3/curator-client-2.6.0.jar, file:/Users/hpatel/.gradle/caches/modules-2/files-2.1/org.apache.curator/curator-recipes/2.6.0/8736b0fc42e6bf006d585fe85c90aaa4ade5cbef/curator-recipes-2.6.0.jar, file:/Users/hpatel/.gradle/caches/modules-2/files-2.1/com.google.code.findbugs/jsr305/1.3.9/40719ea6961c0cb6afaeb6a921eaa1f6afd4cfdf/jsr305-1.3.9.jar, file:/Users/hpatel/.gradle/caches/modules-2/files-2.1/org.apache.commons/commons-compress/1.4.1/b02e84a993d88568417536240e970c4b809126fd/commons-compress-1.4.1.jar, file:/Users/hpatel/.gradle/caches/modules-2/files-2.1/org.apache.hive.shims/hive-shims-common/0.13.1-cdh5.3.3/3d9e5245018fbde18f52c4ab25fc35afdec2fc0a/hive-shims-common-0.13.1-cdh5.3.3.jar, file:/Users/hpatel/.gradle/caches/modules-2/files-2.1/org.apache.hive.shims/hive-shims-common-secure/0.13.1-cdh5.3.3/6b29a16b2a41b89bdbbc681c257ad7f766a90bcb/hive-shims-common-secure-0.13.1-cdh5.3.3.jar, file:/Users/hpatel/.gradle/caches/modules-2/files-2.1/org.apache.hive.shims/hive-shims-0.23/0.13.1-cdh5.3.3/7ab834955a767af200d1d9151c204751637d9ca9/hive-shims-0.23-0.13.1-cdh5.3.3.jar, file:/Users/hpatel/.gradle/caches/modules-2/files-2.1/org.apache.hive.shims/hive-shims-scheduler/0.13.1-cdh5.3.3/b6644420b74f936a838f7f3fd2fa19c19add0449/hive-shims-scheduler-0.13.1-cdh5.3.3.jar, file:/Users/hpatel/.gradle/caches/modules-2/files-2.1/org.apache.hadoop/hadoop-mapreduce-client-common/2.5.0-cdh5.3.3/f0d777bb76ca9f540c0c81a45934f0f5cf9975b8/hadoop-mapreduce-client-common-2.5.0-cdh5.3.3.jar, file:/Users/hpatel/.gradle/caches/modules-2/files-2.1/org.apache.hadoop/hadoop-mapreduce-client-shuffle/2.5.0-cdh5.3.3/b6c4316f6fcc406edf7e5bd77c50e46034ad5519/hadoop-mapreduce-client-shuffle-2.5.0-cdh5.3.3.jar, file:/Users/hpatel/.gradle/caches/modules-2/files-2.1/org.apache.hadoop/hadoop-yarn-common/2.5.0-cdh5.3.3/9499713b674eae1aa714fcd0e95e0d09daaf3824/hadoop-yarn-common-2.5.0-cdh5.3.3.jar, file:/Users/hpatel/.gradle/caches/modules-2/files-2.1/com.fasterxml.jackson.core/jackson-databind/2.2.3/3ae380888029daefb91d3ecdca3a37d8cb92bc9/jackson-databind-2.2.3.jar, file:/Users/hpatel/.gradle/caches/modules-2/files-2.1/com.fasterxml.jackson.core/jackson-annotations/2.2.3/527fece4f23a457070a36c371a26d6c0208e1c3/jackson-annotations-2.2.3.jar, file:/Users/hpatel/.gradle/caches/modules-2/files-2.1/com.amazonaws/aws-java-sdk/1.7.4/2c24ccb6f1ab845a7df971951d4b41c709a6517d/aws-java-sdk-1.7.4.jar, file:/Users/hpatel/.gradle/caches/modules-2/files-2.1/commons-digester/commons-digester/1.8/dc6a73fdbd1fa3f0944e8497c6c872fa21dca37e/commons-digester-1.8.jar, file:/Users/hpatel/.gradle/caches/modules-2/files-2.1/commons-beanutils/commons-beanutils-core/1.8.0/175dc721f87e4bc5cc0573f990e28c3cf9117508/commons-beanutils-core-1.8.0.jar, file:/Users/hpatel/.gradle/caches/modules-2/files-2.1/xml-apis/xml-apis/1.0.b2/3136ca936f64c9d68529f048c2618bd356bf85c9/xml-apis-1.0.b2.jar, file:/Users/hpatel/.gradle/caches/modules-2/files-2.1/com.thoughtworks.paranamer/paranamer/2.3/4a85963a752c0a2f715c3924bfc686865e7e1bc6/paranamer-2.3.jar, file:/Users/hpatel/.gradle/caches/modules-2/files-2.1/org.xerial.snappy/snappy-java/1.0.5/10cb4550360a0ec6b80f09a5209d00b6058e82bf/snappy-java-1.0.5.jar, file:/Users/hpatel/.gradle/caches/modules-2/files-2.1/org.codehaus.jettison/jettison/1.1/1a01a2a1218fcf9faa2cc2a6ced025bdea687262/jettison-1.1.jar, file:/Users/hpatel/.gradle/caches/modules-2/files-2.1/com.sun.xml.bind/jaxb-impl/2.2.3-1/56baae106392040a45a06d4a41099173425da1e6/jaxb-impl-2.2.3-1.jar, file:/Users/hpatel/.gradle/caches/modules-2/files-2.1/org.apache.directory.server/apacheds-kerberos-codec/2.0.0-M15/1c16e4e477183641c5f0dd5cdecd27ec331bacb5/apacheds-kerberos-codec-2.0.0-M15.jar, file:/Users/hpatel/.gradle/caches/modules-2/files-2.1/org.apache.curator/curator-framework/2.6.0/81a699c39d127b5b4ff97cc77da7650b53e5b5ed/curator-framework-2.6.0.jar, file:/Users/hpatel/.gradle/caches/modules-2/files-2.1/org.tukaani/xz/1.0/ecff5cb8b1189514c9d1d8d68eb77ac372e000c9/xz-1.0.jar, file:/Users/hpatel/.gradle/caches/modules-2/files-2.1/org.apache.hadoop/hadoop-yarn-client/2.5.0-cdh5.3.3/2d2ce5d0138d02b20aefcfc1ee8dd6f691911f63/hadoop-yarn-client-2.5.0-cdh5.3.3.jar, file:/Users/hpatel/.gradle/caches/modules-2/files-2.1/org.apache.hadoop/hadoop-yarn-server-common/2.5.0-cdh5.3.3/d099fcc19f56d477fa6b5b47ae4e06bb97538778/hadoop-yarn-server-common-2.5.0-cdh5.3.3.jar, file:/Users/hpatel/.gradle/caches/modules-2/files-2.1/org.apache.hadoop/hadoop-yarn-server-nodemanager/2.5.0-cdh5.3.3/278b2d7a6454ce57a94ab02a88c0b188afc8facc/hadoop-yarn-server-nodemanager-2.5.0-cdh5.3.3.jar, file:/Users/hpatel/.gradle/caches/modules-2/files-2.1/org.fusesource.leveldbjni/leveldbjni-all/1.8/707350a2eeb1fa2ed77a32ddb3893ed308e941db/leveldbjni-all-1.8.jar, file:/Users/hpatel/.gradle/caches/modules-2/files-2.1/javax.xml.bind/jaxb-api/2.2.2/aeb3021ca93dde265796d82015beecdcff95bf09/jaxb-api-2.2.2.jar, file:/Users/hpatel/.gradle/caches/modules-2/files-2.1/com.google.inject/guice/3.0/9d84f15fe35e2c716a02979fb62f50a29f38aefa/guice-3.0.jar, file:/Users/hpatel/.gradle/caches/modules-2/files-2.1/com.sun.jersey.contribs/jersey-guice/1.9/5963c28c47df7e5d6ad34cec80c071c368777f7b/jersey-guice-1.9.jar, file:/Users/hpatel/.gradle/caches/modules-2/files-2.1/com.fasterxml.jackson.core/jackson-core/2.2.3/1a0113da2cab5f4c216b4e5e7c1dbfaa67087e14/jackson-core-2.2.3.jar, file:/Users/hpatel/.gradle/caches/modules-2/files-2.1/commons-beanutils/commons-beanutils/1.7.0/5675fd96b29656504b86029551973d60fb41339b/commons-beanutils-1.7.0.jar, file:/Users/hpatel/.gradle/caches/modules-2/files-2.1/org.apache.directory.server/apacheds-i18n/2.0.0-M15/71c61c84683152ec2a6a65f3f96fe534e304fa22/apacheds-i18n-2.0.0-M15.jar, file:/Users/hpatel/.gradle/caches/modules-2/files-2.1/org.apache.directory.api/api-asn1-api/1.0.0-M20/5e6486ffa3125ba44dc410ead166e1d6ba8ac76d/api-asn1-api-1.0.0-M20.jar, file:/Users/hpatel/.gradle/caches/modules-2/files-2.1/org.apache.directory.api/api-util/1.0.0-M20/a871abf060b3cf83fc6dc4d7e3d151fce50ac3cb/api-util-1.0.0-M20.jar, file:/Users/hpatel/.gradle/caches/modules-2/files-2.1/com.sun.jersey/jersey-client/1.9/d3c4b2b5f89db32c96ceddcb863684821910a7bb/jersey-client-1.9.jar, file:/Users/hpatel/.gradle/caches/modules-2/files-2.1/javax.xml.stream/stax-api/1.0-2/d6337b0de8b25e53e81b922352fbea9f9f57ba0b/stax-api-1.0-2.jar, file:/Users/hpatel/.gradle/caches/modules-2/files-2.1/javax.activation/activation/1.1/e6cb541461c2834bdea3eb920f1884d1eb508b50/activation-1.1.jar, file:/Users/hpatel/.gradle/caches/modules-2/files-2.1/javax.inject/javax.inject/1/6975da39a7040257bd51d21a231b76c915872d38/javax.inject-1.jar, file:/Users/hpatel/.gradle/caches/modules-2/files-2.1/aopalliance/aopalliance/1.0/235ba8b489512805ac13a8f9ea77a1ca5ebe3e8/aopalliance-1.0.jar, file:/Users/hpatel/.gradle/caches/modules-2/files-2.1/org.sonatype.sisu.inject/cglib/2.2.1-v20090111/7ce5e983fd0e6c78346f4c9cbfa39d83049dda2/cglib-2.2.1-v20090111.jar, file:/Users/hpatel/.gradle/caches/modules-2/files-2.1/asm/asm/3.1/c157def142714c544bdea2e6144645702adf7097/asm-3.1.jar, file:/Users/hpatel/.gradle/caches/modules-2/files-2.1/org.apache.hive/hive-service/0.13.1-cdh5.3.3/c7979b4213bfb62823d43ba726e0fea58032dd1e/hive-service-0.13.1-cdh5.3.3.jar, file:/Users/hpatel/.gradle/caches/modules-2/files-2.1/net.sf.jpam/jpam/1.1/cb3d91c2dfda767518a371dbb02edfd6a4aa0600/jpam-1.1.jar, file:/Users/hpatel/.gradle/caches/modules-2/files-2.1/org.eclipse.jetty.aggregate/jetty-all/7.6.0.v20120127/47bb68e3837e5c6422138dd1e0d4d75c60dce87a/jetty-all-7.6.0.v20120127.jar, file:/Users/hpatel/.gradle/caches/modules-2/files-2.1/org.apache.thrift/libfb303/0.9.0/639bd69767fdbd7f658ce8233248fe1cea635164/libfb303-0.9.0.jar, file:/Users/hpatel/.gradle/caches/modules-2/files-2.1/org.apache.geronimo.specs/geronimo-jta_1.1_spec/1.1.1/aabab3165b8ea936b9360abbf448459c0d04a5a4/geronimo-jta_1.1_spec-1.1.1.jar, file:/Users/hpatel/.gradle/caches/modules-2/files-2.1/javax.mail/mail/1.4.1/8b7bc69010655425dabf091b51d1e90b4de36715/mail-1.4.1.jar, file:/Users/hpatel/.gradle/caches/modules-2/files-2.1/org.apache.geronimo.specs/geronimo-jaspic_1.0_spec/1.0/44b95be7dae1147716dce5336419eafade880756/geronimo-jaspic_1.0_spec-1.0.jar, file:/Users/hpatel/.gradle/caches/modules-2/files-2.1/org.apache.geronimo.specs/geronimo-annotation_1.0_spec/1.1.1/47caa799389f69d297b86bf90523d431599c3796/geronimo-annotation_1.0_spec-1.1.1.jar, file:/Users/hpatel/.gradle/caches/modules-2/files-2.1/asm/asm-commons/3.1/1b607fbfe7889c6fdff1b7c16439ade0a60869ac/asm-commons-3.1.jar, file:/Users/hpatel/.gradle/caches/modules-2/files-2.1/asm/asm-tree/3.1/c9a5d4334ddf194ea492f22107d45119a5c5322f/asm-tree-3.1.jar, file:/Users/hpatel/.gradle/caches/modules-2/files-2.1/commons-lang/commons-lang/2.6/ce1edb914c94ebc388f086c6827e8bdeec71ac2/commons-lang-2.6.jar, file:/Users/hpatel/.gradle/caches/modules-2/files-2.1/org.mortbay.jetty/jetty/6.1.26.cloudera.4/d59325a5ff8ff18f7543bc3fbb9d5efa0c0ff521/jetty-6.1.26.cloudera.4.jar, file:/Users/hpatel/.gradle/caches/modules-2/files-2.1/org.mortbay.jetty/jetty-util/6.1.26.cloudera.4/b8507b7c5d3fd9a3d01775272cbf1a63f530c19d/jetty-util-6.1.26.cloudera.4.jar, file:/Users/hpatel/.gradle/caches/modules-2/files-2.1/net.java.dev.jets3t/jets3t/0.9.0/792bc96ee7e57b89f472aa0cb5a31015b9f59c96/jets3t-0.9.0.jar, file:/Users/hpatel/.gradle/caches/modules-2/files-2.1/com.jamesmurty.utils/java-xmlbuilder/0.4/ac5962e48cdee3a0a6e1f8e00fcb594747ac5aaf/java-xmlbuilder-0.4.jar, file:/Users/hpatel/.gradle/caches/modules-2/files-2.1/com.google.protobuf/protobuf-java/2.5.0/a10732c76bfacdbd633a7eb0f7968b1059a65dfa/protobuf-java-2.5.0.jar, file:/Users/hpatel/.gradle/caches/modules-2/files-2.1/org.apache.hive/hive-exec/0.13.1-cdh5.3.3/4d935274127f47dd9c0875efcf317ba49aef1219/hive-exec-0.13.1-cdh5.3.3.jar, file:/Users/hpatel/.gradle/caches/modules-2/files-2.1/org.apache.hive/hive-ant/0.13.1-cdh5.3.3/86954e92a903253177cd6935798c50a6c32b7b81/hive-ant-0.13.1-cdh5.3.3.jar, file:/Users/hpatel/.gradle/caches/modules-2/files-2.1/org.antlr/antlr-runtime/3.4/8f011408269a8e42b8548687e137d8eeb56df4b4/antlr-runtime-3.4.jar, file:/Users/hpatel/.gradle/caches/modules-2/files-2.1/org.antlr/ST4/4.0.4/467a2aa12be6d0f0f68c70eecf6714ab733027ac/ST4-4.0.4.jar, file:/Users/hpatel/.gradle/caches/modules-2/files-2.1/org.apache.ant/ant/1.9.1/35900c96dbebc85dcfbd71f4661059ebcf93c077/ant-1.9.1.jar, file:/Users/hpatel/.gradle/caches/modules-2/files-2.1/org.codehaus.groovy/groovy-all/2.1.6/165b8246372a829c1915611646f6d964010656cf/groovy-all-2.1.6.jar, file:/Users/hpatel/.gradle/caches/modules-2/files-2.1/stax/stax-api/1.0.1/49c100caf72d658aca8e58bd74a4ba90fa2b0d70/stax-api-1.0.1.jar, file:/Users/hpatel/.gradle/caches/modules-2/files-2.1/org.apache.velocity/velocity/1.5/9f306baf7523ffc0e81a6353d08a584d254133b/velocity-1.5.jar, file:/Users/hpatel/.gradle/caches/modules-2/files-2.1/org.antlr/stringtemplate/3.2.1/59ec8083721eae215c6f3caee944c410d2be34de/stringtemplate-3.2.1.jar, file:/Users/hpatel/.gradle/caches/modules-2/files-2.1/antlr/antlr/2.7.7/83cd2cd674a217ade95a4bb83a8a14f351f48bd0/antlr-2.7.7.jar, file:/Users/hpatel/.gradle/caches/modules-2/files-2.1/org.apache.ant/ant-launcher/1.9.1/7c71043ca185eaada9e36391dd022d92859327de/ant-launcher-1.9.1.jar, file:/Users/hpatel/.gradle/caches/modules-2/files-2.1/oro/oro/2.0.8/5592374f834645c4ae250f4c9fbb314c9369d698/oro-2.0.8.jar, file:/Users/hpatel/.gradle/caches/modules-2/files-2.1/org.codehaus.jackson/jackson-core-asl/1.9.13/3c304d70f42f832e0a86d45bd437f692129299a4/jackson-core-asl-1.9.13.jar, file:/Users/hpatel/.gradle/caches/modules-2/files-2.1/org.codehaus.jackson/jackson-mapper-asl/1.9.13/1ee2f2bed0e5dd29d1cb155a166e6f8d50bbddb7/jackson-mapper-asl-1.9.13.jar, file:/Users/hpatel/.gradle/caches/modules-2/files-2.1/org.slf4j/slf4j-api/1.7.6/562424e36df3d2327e8e9301a76027fca17d54ea/slf4j-api-1.7.6.jar, file:/Users/hpatel/.gradle/caches/modules-2/files-2.1/com.sun.jersey/jersey-server/1.14/b1a21724c9b708ed54d42d41bb19ff45ae1d49d9/jersey-server-1.14.jar, file:/Users/hpatel/.gradle/caches/modules-2/files-2.1/org.apache.httpcomponents/httpclient/4.2.5/666e26e76f2e87d84e4f16acb546481ae1b8e9a6/httpclient-4.2.5.jar, file:/Users/hpatel/.gradle/caches/modules-2/files-2.1/org.apache.zookeeper/zookeeper/3.4.6/1b2502e29da1ebaade2357cd1de35a855fa3755/zookeeper-3.4.6.jar, file:/Users/hpatel/.gradle/caches/modules-2/files-2.1/com.google.guava/guava/16.0.1/5fa98cd1a63c99a44dd8d3b77e4762b066a5d0c5/guava-16.0.1.jar, file:/Users/hpatel/.gradle/caches/modules-2/files-2.1/org.codehaus.jackson/jackson-jaxrs/1.8.8/71b16055388e9bd3991c3c3834e8e55098b789f1/jackson-jaxrs-1.8.8.jar, file:/Users/hpatel/.gradle/caches/modules-2/files-2.1/org.codehaus.jackson/jackson-xc/1.8.8/52efa08bc1e4cfea168f552b9e3088297d9d0926/jackson-xc-1.8.8.jar, file:/Users/hpatel/.gradle/caches/modules-2/files-2.1/org.apache.hive/hive-metastore/0.13.1-cdh5.3.3/ca93686a17f064a5ab6587799721cddd7836e53a/hive-metastore-0.13.1-cdh5.3.3.jar, file:/Users/hpatel/.gradle/caches/modules-2/files-2.1/com.jolbox/bonecp/0.8.0.RELEASE/cec24ee9345b3678472bb1b8fdd6aa6b9428beb8/bonecp-0.8.0.RELEASE.jar, file:/Users/hpatel/.gradle/caches/modules-2/files-2.1/org.apache.derby/derby/10.10.1.1/9f6f910f0373adc1b23c10f9b4bb151b7e7449f/derby-10.10.1.1.jar, file:/Users/hpatel/.gradle/caches/modules-2/files-2.1/javax.jdo/jdo-api/3.0.1/58e7a538e020b73871e232eeb064835fd98a492/jdo-api-3.0.1.jar, file:/Users/hpatel/.gradle/caches/modules-2/files-2.1/javax.transaction/jta/1.1/2ca09f0b36ca7d71b762e14ea2ff09d5eac57558/jta-1.1.jar, file:/Users/hpatel/.gradle/caches/modules-2/files-2.1/org.apache.thrift/libthrift/0.9.0/9ba8df332b5db95ce7f3b7a83e44d796c3d014d3/libthrift-0.9.0.jar, file:/Users/hpatel/.gradle/caches/modules-2/files-2.1/org.apache.httpcomponents/httpcore/4.2.4/3b7f38df6de5dd8b500e602ae8c2dd5ee446f883/httpcore-4.2.4.jar, file:/Users/hpatel/.gradle/caches/modules-2/files-2.1/com.sun.jersey/jersey-core/1.14/693061de8b9b352b11e997b1dd4052677778852d/jersey-core-1.14.jar, file:/Users/hpatel/.gradle/caches/modules-2/files-2.1/commons-codec/commons-codec/1.6/b7f0fc8f61ecadeb3695f0b9464755eee44374d4/commons-codec-1.6.jar, file:/Users/hpatel/.gradle/caches/modules-2/files-2.1/io.netty/netty/3.7.0.Final/7a8c35599c68c0bf383df74469aa3e03d9aca87/netty-3.7.0.Final.jar]
15/09/06 13:13:50 INFO ExecReducer: thread classpath = [file:/Users/hpatel/.gradle/caches/2.1/workerMain/gradle-worker.jar, file:/Users/hpatel/Tech/Projects/CAT/ddsw_dev/hive-test/build/classes/test/, file:/Users/hpatel/Tech/Projects/CAT/ddsw_dev/hive-test/build/resources/test/, file:/Users/hpatel/Tech/Projects/CAT/ddsw_dev/hive-test/build/classes/main/, file:/Users/hpatel/Tech/Projects/CAT/ddsw_dev/hive-test/build/resources/main, file:/Users/hpatel/.gradle/caches/modules-2/files-2.1/junit/junit/4.11/4e031bb61df09069aeb2bffb4019e7a5034a4ee0/junit-4.11.jar, file:/Users/hpatel/.gradle/caches/modules-2/files-2.1/com.klarna/hiverunner/1.0.0/e26bb0655fff4d88fab91f331793d9fc1db392cc/HiveRunner-1.0.0.jar, file:/Users/hpatel/Tech/Projects/CAT/ddsw_dev/custom-cat-udfs/build/libs/custom-cat-udfs-0.1.38-SNAPSHOT.jar, file:/Users/hpatel/.gradle/caches/modules-2/files-2.1/org.apache.hadoop/hadoop-client/2.5.0-cdh5.3.3/ec3cd6a8cb043e73a42918934c5d3a3f2747c78b/hadoop-client-2.5.0-cdh5.3.3.jar, file:/Users/hpatel/.gradle/caches/modules-2/files-2.1/org.hsqldb/hsqldb/2.3.1/bd7153caa30958e1c64a3dd38b93e5a7442d9a0e/hsqldb-2.3.1.jar, file:/Users/hpatel/.gradle/caches/modules-2/files-2.1/org.apache.hadoop/hadoop-core/2.5.0-mr1-cdh5.3.3/f6f4a77f818757da51ae0244310855779c04c4be/hadoop-core-2.5.0-mr1-cdh5.3.3.jar, file:/Users/hpatel/.gradle/caches/modules-2/files-2.1/org.reflections/reflections/0.9.8/f723abb59bf512952bfc503838f70f81487a6993/reflections-0.9.8.jar, file:/Users/hpatel/.gradle/caches/modules-2/files-2.1/org.mockito/mockito-core/1.10.19/e8546f5bef4e061d8dd73895b4e8f40e3fe6effe/mockito-core-1.10.19.jar, file:/Users/hpatel/.gradle/caches/modules-2/files-2.1/org.hamcrest/hamcrest-core/1.3/42a25dc3219429f0e5d060061f71acb49bf010a0/hamcrest-core-1.3.jar, file:/Users/hpatel/.gradle/caches/modules-2/files-2.1/org.pentaho/pentaho-aggdesigner-algorithm/5.1.5-jhyde/c52379c645c6c85300e645dff7c72653bf85baa2/pentaho-aggdesigner-algorithm-5.1.5-jhyde.jar, file:/Users/hpatel/.gradle/caches/modules-2/files-2.1/org.apache.hive/hive-serde/0.13.1-cdh5.3.3/9cee47c844d726e9bcef6ab292e1319b7fbddaa3/hive-serde-0.13.1-cdh5.3.3.jar, file:/Users/hpatel/.gradle/caches/modules-2/files-2.1/org.apache.hadoop/hadoop-common/2.5.0-cdh5.3.3/f0862eb1dc33c1807ea29a248af75551e3c6836a/hadoop-common-2.5.0-cdh5.3.3.jar, file:/Users/hpatel/.gradle/caches/modules-2/files-2.1/org.apache.hive/hive-contrib/0.13.1-cdh5.3.3/bf89b429c9b173ac275dc0c1623f5c30e780ee98/hive-contrib-0.13.1-cdh5.3.3.jar, file:/Users/hpatel/.gradle/caches/modules-2/files-2.1/org.datanucleus/datanucleus-core/3.2.12/3212183bb5a2826cd5ff194b9a54619dd0bdf31f/datanucleus-core-3.2.12.jar, file:/Users/hpatel/.gradle/caches/modules-2/files-2.1/org.datanucleus/datanucleus-rdbms/3.2.11/5b053144c89fdff1505b853aa7f1e5ba7657da75/datanucleus-rdbms-3.2.11.jar, file:/Users/hpatel/.gradle/caches/modules-2/files-2.1/org.datanucleus/datanucleus-api-jdo/3.2.8/efc60221fbc91e95cf5758b98c6c5531660696cb/datanucleus-api-jdo-3.2.8.jar, file:/Users/hpatel/.gradle/caches/modules-2/files-2.1/org.apache.hive/hive-shims/0.13.1-cdh5.3.3/47b029532c0b9d45526dcdd858823e6f9634ab81/hive-shims-0.13.1-cdh5.3.3.jar, file:/Users/hpatel/.gradle/caches/modules-2/files-2.1/org.apache.commons/commons-lang3/3.3.1/6738a2da2202ce360f0af90aba005c1e05a2c4cd/commons-lang3-3.3.1.jar, file:/Users/hpatel/.gradle/caches/modules-2/files-2.1/joda-time/joda-time/2.3/56498efd17752898cfcc3868c1b6211a07b12b8f/joda-time-2.3.jar, file:/Users/hpatel/.gradle/caches/modules-2/files-2.1/org.apache.hadoop/hadoop-hdfs/2.5.0-cdh5.3.3/5dd5e2be13d89a9eaab89d3a33bcdf6677671aa9/hadoop-hdfs-2.5.0-cdh5.3.3.jar, file:/Users/hpatel/.gradle/caches/modules-2/files-2.1/org.apache.hadoop/hadoop-mapreduce-client-app/2.5.0-cdh5.3.3/579948f8fa6d9d72bf507bd021fa3dcc0670e95f/hadoop-mapreduce-client-app-2.5.0-cdh5.3.3.jar, file:/Users/hpatel/.gradle/caches/modules-2/files-2.1/org.apache.hadoop/hadoop-yarn-api/2.5.0-cdh5.3.3/a6d9b4b7cbcacd000350a3e33c70269101b5fc79/hadoop-yarn-api-2.5.0-cdh5.3.3.jar, file:/Users/hpatel/.gradle/caches/modules-2/files-2.1/org.apache.hadoop/hadoop-mapreduce-client-core/2.5.0-cdh5.3.3/f2c8eaa2b8a5839a7781f04cf59c4d1abfefec9e/hadoop-mapreduce-client-core-2.5.0-cdh5.3.3.jar, file:/Users/hpatel/.gradle/caches/modules-2/files-2.1/org.apache.hadoop/hadoop-mapreduce-client-jobclient/2.5.0-cdh5.3.3/f8baecab9a91245a97e29e4867a7f5ae128ef8a9/hadoop-mapreduce-client-jobclient-2.5.0-cdh5.3.3.jar, file:/Users/hpatel/.gradle/caches/modules-2/files-2.1/org.apache.hadoop/hadoop-aws/2.5.0-cdh5.3.3/f712d9cf59c859914254bed5c87ee4e5a2204e78/hadoop-aws-2.5.0-cdh5.3.3.jar, file:/Users/hpatel/.gradle/caches/modules-2/files-2.1/org.apache.hadoop/hadoop-annotations/2.5.0-cdh5.3.3/e3b40743127d82ff7a6f263d00419368a46ce608/hadoop-annotations-2.5.0-cdh5.3.3.jar, file:/Users/hpatel/.gradle/caches/modules-2/files-2.1/commons-collections/commons-collections/3.2.1/761ea405b9b37ced573d2df0d1e3a4e0f9edc668/commons-collections-3.2.1.jar, file:/Users/hpatel/.gradle/caches/modules-2/files-2.1/commons-configuration/commons-configuration/1.6/32cadde23955d7681b0d94a2715846d20b425235/commons-configuration-1.6.jar, file:/Users/hpatel/.gradle/caches/modules-2/files-2.1/jline/jline/0.9.94/99a18e9a44834afdebc467294e1138364c207402/jline-0.9.94.jar, file:/Users/hpatel/.gradle/caches/modules-2/files-2.1/commons-cli/commons-cli/1.2/2bf96b7aa8b611c177d329452af1dc933e14501c/commons-cli-1.2.jar, file:/Users/hpatel/.gradle/caches/modules-2/files-2.1/xmlenc/xmlenc/0.52/d82554efbe65906d83b3d97bd7509289e9db561a/xmlenc-0.52.jar, file:/Users/hpatel/.gradle/caches/modules-2/files-2.1/commons-httpclient/commons-httpclient/3.1/964cd74171f427720480efdec40a7c7f6e58426a/commons-httpclient-3.1.jar, file:/Users/hpatel/.gradle/caches/modules-2/files-2.1/commons-net/commons-net/3.1/2298164a7c2484406f2aa5ac85b205d39019896f/commons-net-3.1.jar, file:/Users/hpatel/.gradle/caches/modules-2/files-2.1/tomcat/jasper-runtime/5.5.23/96ca5528a93ab47b001476b74320c644beb89dde/jasper-runtime-5.5.23.jar, file:/Users/hpatel/.gradle/caches/modules-2/files-2.1/tomcat/jasper-compiler/5.5.23/6d35bd7fb8c4fbc1f5401fb3678aa976d2e4c241/jasper-compiler-5.5.23.jar, file:/Users/hpatel/.gradle/caches/modules-2/files-2.1/javax.servlet.jsp/jsp-api/2.1/63f943103f250ef1f3a4d5e94d145a0f961f5316/jsp-api-2.1.jar, file:/Users/hpatel/.gradle/caches/modules-2/files-2.1/commons-el/commons-el/1.0/1df2c042b3f2de0124750241ac6c886dbfa2cc2c/commons-el-1.0.jar, file:/Users/hpatel/.gradle/caches/modules-2/files-2.1/javax.servlet/servlet-api/2.5/5959582d97d8b61f4d154ca9e495aafd16726e34/servlet-api-2.5.jar, file:/Users/hpatel/.gradle/caches/modules-2/files-2.1/hsqldb/hsqldb/1.8.0.10/7e9978fdb754bce5fcd5161133e7734ecb683036/hsqldb-1.8.0.10.jar, file:/Users/hpatel/.gradle/caches/modules-2/files-2.1/org.eclipse.jdt/core/3.1.1/88c83ce444cf46d02494da37c9fa1eebc9ce9cea/core-3.1.1.jar, file:/Users/hpatel/.gradle/caches/modules-2/files-2.1/javassist/javassist/3.12.1.GA/526633327faa61aee448a519e8a4d53ec3057885/javassist-3.12.1.GA.jar, file:/Users/hpatel/.gradle/caches/modules-2/files-2.1/dom4j/dom4j/1.6.1/5d3ccc056b6f056dbf0dddfdf43894b9065a8f94/dom4j-1.6.1.jar, file:/Users/hpatel/.gradle/caches/modules-2/files-2.1/org.objenesis/objenesis/2.1/87c0ea803b69252868d09308b4618f766f135a96/objenesis-2.1.jar, file:/Users/hpatel/.gradle/caches/modules-2/files-2.1/commons-logging/commons-logging/1.1.3/f6f66e966c70a83ffbdb6f17a0919eaf7c8aca7f/commons-logging-1.1.3.jar, file:/Users/hpatel/.gradle/caches/modules-2/files-2.1/org.apache.hive/hive-common/0.13.1-cdh5.3.3/e3fbf24d30a553c50ae4d4eed23f81b0e1211c5a/hive-common-0.13.1-cdh5.3.3.jar, file:/Users/hpatel/.gradle/caches/modules-2/files-2.1/org.apache.avro/avro/1.7.6-cdh5.3.3/6d90271293977d199ed07002bf35e2805405cc64/avro-1.7.6-cdh5.3.3.jar, file:/Users/hpatel/.gradle/caches/modules-2/files-2.1/net.sf.opencsv/opencsv/2.3/c23708cdb9e80a144db433e23344a788a1fd6599/opencsv-2.3.jar, file:/Users/hpatel/.gradle/caches/modules-2/files-2.1/com.sun.jersey/jersey-servlet/1.14/4b87041a59ee152757b62e47a21d5b63fde20ffe/jersey-servlet-1.14.jar, file:/Users/hpatel/.gradle/caches/modules-2/files-2.1/org.slf4j/slf4j-log4j12/1.7.5/6edffc576ce104ec769d954618764f39f0f0f10d/slf4j-log4j12-1.7.5.jar, file:/Users/hpatel/.gradle/caches/modules-2/files-2.1/org.apache.commons/commons-math3/3.1.1/6719d757a98ff24a83d9d727bef9cec83f59b6e1/commons-math3-3.1.1.jar, file:/Users/hpatel/.gradle/caches/modules-2/files-2.1/commons-io/commons-io/2.4/b1b6ea3b7e4aa4f492509a4952029cd8e48019ad/commons-io-2.4.jar, file:/Users/hpatel/.gradle/caches/modules-2/files-2.1/com.sun.jersey/jersey-json/1.9/1aa73e1896bcc7013fed247157d7f676226eb432/jersey-json-1.9.jar, file:/Users/hpatel/.gradle/caches/modules-2/files-2.1/log4j/log4j/1.2.17/5af35056b4d257e4b64b9e8069c0746e8b08629f/log4j-1.2.17.jar, file:/Users/hpatel/.gradle/caches/modules-2/files-2.1/com.google.code.gson/gson/2.2.4/a60a5e993c98c864010053cb901b7eab25306568/gson-2.2.4.jar, file:/Users/hpatel/.gradle/caches/modules-2/files-2.1/org.apache.hadoop/hadoop-auth/2.5.0-cdh5.3.3/847eb288da72acfdd7d202da5149dec6cd20ceba/hadoop-auth-2.5.0-cdh5.3.3.jar, file:/Users/hpatel/.gradle/caches/modules-2/files-2.1/com.jcraft/jsch/0.1.42/a86104b0f2e0c0bab5b0df836065823a99b5e334/jsch-0.1.42.jar, file:/Users/hpatel/.gradle/caches/modules-2/files-2.1/org.apache.curator/curator-client/2.6.0/b9007c357ad1a78066fc6004e8b1feaa2318f6f3/curator-client-2.6.0.jar, file:/Users/hpatel/.gradle/caches/modules-2/files-2.1/org.apache.curator/curator-recipes/2.6.0/8736b0fc42e6bf006d585fe85c90aaa4ade5cbef/curator-recipes-2.6.0.jar, file:/Users/hpatel/.gradle/caches/modules-2/files-2.1/com.google.code.findbugs/jsr305/1.3.9/40719ea6961c0cb6afaeb6a921eaa1f6afd4cfdf/jsr305-1.3.9.jar, file:/Users/hpatel/.gradle/caches/modules-2/files-2.1/org.apache.commons/commons-compress/1.4.1/b02e84a993d88568417536240e970c4b809126fd/commons-compress-1.4.1.jar, file:/Users/hpatel/.gradle/caches/modules-2/files-2.1/org.apache.hive.shims/hive-shims-common/0.13.1-cdh5.3.3/3d9e5245018fbde18f52c4ab25fc35afdec2fc0a/hive-shims-common-0.13.1-cdh5.3.3.jar, file:/Users/hpatel/.gradle/caches/modules-2/files-2.1/org.apache.hive.shims/hive-shims-common-secure/0.13.1-cdh5.3.3/6b29a16b2a41b89bdbbc681c257ad7f766a90bcb/hive-shims-common-secure-0.13.1-cdh5.3.3.jar, file:/Users/hpatel/.gradle/caches/modules-2/files-2.1/org.apache.hive.shims/hive-shims-0.23/0.13.1-cdh5.3.3/7ab834955a767af200d1d9151c204751637d9ca9/hive-shims-0.23-0.13.1-cdh5.3.3.jar, file:/Users/hpatel/.gradle/caches/modules-2/files-2.1/org.apache.hive.shims/hive-shims-scheduler/0.13.1-cdh5.3.3/b6644420b74f936a838f7f3fd2fa19c19add0449/hive-shims-scheduler-0.13.1-cdh5.3.3.jar, file:/Users/hpatel/.gradle/caches/modules-2/files-2.1/org.apache.hadoop/hadoop-mapreduce-client-common/2.5.0-cdh5.3.3/f0d777bb76ca9f540c0c81a45934f0f5cf9975b8/hadoop-mapreduce-client-common-2.5.0-cdh5.3.3.jar, file:/Users/hpatel/.gradle/caches/modules-2/files-2.1/org.apache.hadoop/hadoop-mapreduce-client-shuffle/2.5.0-cdh5.3.3/b6c4316f6fcc406edf7e5bd77c50e46034ad5519/hadoop-mapreduce-client-shuffle-2.5.0-cdh5.3.3.jar, file:/Users/hpatel/.gradle/caches/modules-2/files-2.1/org.apache.hadoop/hadoop-yarn-common/2.5.0-cdh5.3.3/9499713b674eae1aa714fcd0e95e0d09daaf3824/hadoop-yarn-common-2.5.0-cdh5.3.3.jar, file:/Users/hpatel/.gradle/caches/modules-2/files-2.1/com.fasterxml.jackson.core/jackson-databind/2.2.3/3ae380888029daefb91d3ecdca3a37d8cb92bc9/jackson-databind-2.2.3.jar, file:/Users/hpatel/.gradle/caches/modules-2/files-2.1/com.fasterxml.jackson.core/jackson-annotations/2.2.3/527fece4f23a457070a36c371a26d6c0208e1c3/jackson-annotations-2.2.3.jar, file:/Users/hpatel/.gradle/caches/modules-2/files-2.1/com.amazonaws/aws-java-sdk/1.7.4/2c24ccb6f1ab845a7df971951d4b41c709a6517d/aws-java-sdk-1.7.4.jar, file:/Users/hpatel/.gradle/caches/modules-2/files-2.1/commons-digester/commons-digester/1.8/dc6a73fdbd1fa3f0944e8497c6c872fa21dca37e/commons-digester-1.8.jar, file:/Users/hpatel/.gradle/caches/modules-2/files-2.1/commons-beanutils/commons-beanutils-core/1.8.0/175dc721f87e4bc5cc0573f990e28c3cf9117508/commons-beanutils-core-1.8.0.jar, file:/Users/hpatel/.gradle/caches/modules-2/files-2.1/xml-apis/xml-apis/1.0.b2/3136ca936f64c9d68529f048c2618bd356bf85c9/xml-apis-1.0.b2.jar, file:/Users/hpatel/.gradle/caches/modules-2/files-2.1/com.thoughtworks.paranamer/paranamer/2.3/4a85963a752c0a2f715c3924bfc686865e7e1bc6/paranamer-2.3.jar, file:/Users/hpatel/.gradle/caches/modules-2/files-2.1/org.xerial.snappy/snappy-java/1.0.5/10cb4550360a0ec6b80f09a5209d00b6058e82bf/snappy-java-1.0.5.jar, file:/Users/hpatel/.gradle/caches/modules-2/files-2.1/org.codehaus.jettison/jettison/1.1/1a01a2a1218fcf9faa2cc2a6ced025bdea687262/jettison-1.1.jar, file:/Users/hpatel/.gradle/caches/modules-2/files-2.1/com.sun.xml.bind/jaxb-impl/2.2.3-1/56baae106392040a45a06d4a41099173425da1e6/jaxb-impl-2.2.3-1.jar, file:/Users/hpatel/.gradle/caches/modules-2/files-2.1/org.apache.directory.server/apacheds-kerberos-codec/2.0.0-M15/1c16e4e477183641c5f0dd5cdecd27ec331bacb5/apacheds-kerberos-codec-2.0.0-M15.jar, file:/Users/hpatel/.gradle/caches/modules-2/files-2.1/org.apache.curator/curator-framework/2.6.0/81a699c39d127b5b4ff97cc77da7650b53e5b5ed/curator-framework-2.6.0.jar, file:/Users/hpatel/.gradle/caches/modules-2/files-2.1/org.tukaani/xz/1.0/ecff5cb8b1189514c9d1d8d68eb77ac372e000c9/xz-1.0.jar, file:/Users/hpatel/.gradle/caches/modules-2/files-2.1/org.apache.hadoop/hadoop-yarn-client/2.5.0-cdh5.3.3/2d2ce5d0138d02b20aefcfc1ee8dd6f691911f63/hadoop-yarn-client-2.5.0-cdh5.3.3.jar, file:/Users/hpatel/.gradle/caches/modules-2/files-2.1/org.apache.hadoop/hadoop-yarn-server-common/2.5.0-cdh5.3.3/d099fcc19f56d477fa6b5b47ae4e06bb97538778/hadoop-yarn-server-common-2.5.0-cdh5.3.3.jar, file:/Users/hpatel/.gradle/caches/modules-2/files-2.1/org.apache.hadoop/hadoop-yarn-server-nodemanager/2.5.0-cdh5.3.3/278b2d7a6454ce57a94ab02a88c0b188afc8facc/hadoop-yarn-server-nodemanager-2.5.0-cdh5.3.3.jar, file:/Users/hpatel/.gradle/caches/modules-2/files-2.1/org.fusesource.leveldbjni/leveldbjni-all/1.8/707350a2eeb1fa2ed77a32ddb3893ed308e941db/leveldbjni-all-1.8.jar, file:/Users/hpatel/.gradle/caches/modules-2/files-2.1/javax.xml.bind/jaxb-api/2.2.2/aeb3021ca93dde265796d82015beecdcff95bf09/jaxb-api-2.2.2.jar, file:/Users/hpatel/.gradle/caches/modules-2/files-2.1/com.google.inject/guice/3.0/9d84f15fe35e2c716a02979fb62f50a29f38aefa/guice-3.0.jar, file:/Users/hpatel/.gradle/caches/modules-2/files-2.1/com.sun.jersey.contribs/jersey-guice/1.9/5963c28c47df7e5d6ad34cec80c071c368777f7b/jersey-guice-1.9.jar, file:/Users/hpatel/.gradle/caches/modules-2/files-2.1/com.fasterxml.jackson.core/jackson-core/2.2.3/1a0113da2cab5f4c216b4e5e7c1dbfaa67087e14/jackson-core-2.2.3.jar, file:/Users/hpatel/.gradle/caches/modules-2/files-2.1/commons-beanutils/commons-beanutils/1.7.0/5675fd96b29656504b86029551973d60fb41339b/commons-beanutils-1.7.0.jar, file:/Users/hpatel/.gradle/caches/modules-2/files-2.1/org.apache.directory.server/apacheds-i18n/2.0.0-M15/71c61c84683152ec2a6a65f3f96fe534e304fa22/apacheds-i18n-2.0.0-M15.jar, file:/Users/hpatel/.gradle/caches/modules-2/files-2.1/org.apache.directory.api/api-asn1-api/1.0.0-M20/5e6486ffa3125ba44dc410ead166e1d6ba8ac76d/api-asn1-api-1.0.0-M20.jar, file:/Users/hpatel/.gradle/caches/modules-2/files-2.1/org.apache.directory.api/api-util/1.0.0-M20/a871abf060b3cf83fc6dc4d7e3d151fce50ac3cb/api-util-1.0.0-M20.jar, file:/Users/hpatel/.gradle/caches/modules-2/files-2.1/com.sun.jersey/jersey-client/1.9/d3c4b2b5f89db32c96ceddcb863684821910a7bb/jersey-client-1.9.jar, file:/Users/hpatel/.gradle/caches/modules-2/files-2.1/javax.xml.stream/stax-api/1.0-2/d6337b0de8b25e53e81b922352fbea9f9f57ba0b/stax-api-1.0-2.jar, file:/Users/hpatel/.gradle/caches/modules-2/files-2.1/javax.activation/activation/1.1/e6cb541461c2834bdea3eb920f1884d1eb508b50/activation-1.1.jar, file:/Users/hpatel/.gradle/caches/modules-2/files-2.1/javax.inject/javax.inject/1/6975da39a7040257bd51d21a231b76c915872d38/javax.inject-1.jar, file:/Users/hpatel/.gradle/caches/modules-2/files-2.1/aopalliance/aopalliance/1.0/235ba8b489512805ac13a8f9ea77a1ca5ebe3e8/aopalliance-1.0.jar, file:/Users/hpatel/.gradle/caches/modules-2/files-2.1/org.sonatype.sisu.inject/cglib/2.2.1-v20090111/7ce5e983fd0e6c78346f4c9cbfa39d83049dda2/cglib-2.2.1-v20090111.jar, file:/Users/hpatel/.gradle/caches/modules-2/files-2.1/asm/asm/3.1/c157def142714c544bdea2e6144645702adf7097/asm-3.1.jar, file:/Users/hpatel/.gradle/caches/modules-2/files-2.1/org.apache.hive/hive-service/0.13.1-cdh5.3.3/c7979b4213bfb62823d43ba726e0fea58032dd1e/hive-service-0.13.1-cdh5.3.3.jar, file:/Users/hpatel/.gradle/caches/modules-2/files-2.1/net.sf.jpam/jpam/1.1/cb3d91c2dfda767518a371dbb02edfd6a4aa0600/jpam-1.1.jar, file:/Users/hpatel/.gradle/caches/modules-2/files-2.1/org.eclipse.jetty.aggregate/jetty-all/7.6.0.v20120127/47bb68e3837e5c6422138dd1e0d4d75c60dce87a/jetty-all-7.6.0.v20120127.jar, file:/Users/hpatel/.gradle/caches/modules-2/files-2.1/org.apache.thrift/libfb303/0.9.0/639bd69767fdbd7f658ce8233248fe1cea635164/libfb303-0.9.0.jar, file:/Users/hpatel/.gradle/caches/modules-2/files-2.1/org.apache.geronimo.specs/geronimo-jta_1.1_spec/1.1.1/aabab3165b8ea936b9360abbf448459c0d04a5a4/geronimo-jta_1.1_spec-1.1.1.jar, file:/Users/hpatel/.gradle/caches/modules-2/files-2.1/javax.mail/mail/1.4.1/8b7bc69010655425dabf091b51d1e90b4de36715/mail-1.4.1.jar, file:/Users/hpatel/.gradle/caches/modules-2/files-2.1/org.apache.geronimo.specs/geronimo-jaspic_1.0_spec/1.0/44b95be7dae1147716dce5336419eafade880756/geronimo-jaspic_1.0_spec-1.0.jar, file:/Users/hpatel/.gradle/caches/modules-2/files-2.1/org.apache.geronimo.specs/geronimo-annotation_1.0_spec/1.1.1/47caa799389f69d297b86bf90523d431599c3796/geronimo-annotation_1.0_spec-1.1.1.jar, file:/Users/hpatel/.gradle/caches/modules-2/files-2.1/asm/asm-commons/3.1/1b607fbfe7889c6fdff1b7c16439ade0a60869ac/asm-commons-3.1.jar, file:/Users/hpatel/.gradle/caches/modules-2/files-2.1/asm/asm-tree/3.1/c9a5d4334ddf194ea492f22107d45119a5c5322f/asm-tree-3.1.jar, file:/Users/hpatel/.gradle/caches/modules-2/files-2.1/commons-lang/commons-lang/2.6/ce1edb914c94ebc388f086c6827e8bdeec71ac2/commons-lang-2.6.jar, file:/Users/hpatel/.gradle/caches/modules-2/files-2.1/org.mortbay.jetty/jetty/6.1.26.cloudera.4/d59325a5ff8ff18f7543bc3fbb9d5efa0c0ff521/jetty-6.1.26.cloudera.4.jar, file:/Users/hpatel/.gradle/caches/modules-2/files-2.1/org.mortbay.jetty/jetty-util/6.1.26.cloudera.4/b8507b7c5d3fd9a3d01775272cbf1a63f530c19d/jetty-util-6.1.26.cloudera.4.jar, file:/Users/hpatel/.gradle/caches/modules-2/files-2.1/net.java.dev.jets3t/jets3t/0.9.0/792bc96ee7e57b89f472aa0cb5a31015b9f59c96/jets3t-0.9.0.jar, file:/Users/hpatel/.gradle/caches/modules-2/files-2.1/com.jamesmurty.utils/java-xmlbuilder/0.4/ac5962e48cdee3a0a6e1f8e00fcb594747ac5aaf/java-xmlbuilder-0.4.jar, file:/Users/hpatel/.gradle/caches/modules-2/files-2.1/com.google.protobuf/protobuf-java/2.5.0/a10732c76bfacdbd633a7eb0f7968b1059a65dfa/protobuf-java-2.5.0.jar, file:/Users/hpatel/.gradle/caches/modules-2/files-2.1/org.apache.hive/hive-exec/0.13.1-cdh5.3.3/4d935274127f47dd9c0875efcf317ba49aef1219/hive-exec-0.13.1-cdh5.3.3.jar, file:/Users/hpatel/.gradle/caches/modules-2/files-2.1/org.apache.hive/hive-ant/0.13.1-cdh5.3.3/86954e92a903253177cd6935798c50a6c32b7b81/hive-ant-0.13.1-cdh5.3.3.jar, file:/Users/hpatel/.gradle/caches/modules-2/files-2.1/org.antlr/antlr-runtime/3.4/8f011408269a8e42b8548687e137d8eeb56df4b4/antlr-runtime-3.4.jar, file:/Users/hpatel/.gradle/caches/modules-2/files-2.1/org.antlr/ST4/4.0.4/467a2aa12be6d0f0f68c70eecf6714ab733027ac/ST4-4.0.4.jar, file:/Users/hpatel/.gradle/caches/modules-2/files-2.1/org.apache.ant/ant/1.9.1/35900c96dbebc85dcfbd71f4661059ebcf93c077/ant-1.9.1.jar, file:/Users/hpatel/.gradle/caches/modules-2/files-2.1/org.codehaus.groovy/groovy-all/2.1.6/165b8246372a829c1915611646f6d964010656cf/groovy-all-2.1.6.jar, file:/Users/hpatel/.gradle/caches/modules-2/files-2.1/stax/stax-api/1.0.1/49c100caf72d658aca8e58bd74a4ba90fa2b0d70/stax-api-1.0.1.jar, file:/Users/hpatel/.gradle/caches/modules-2/files-2.1/org.apache.velocity/velocity/1.5/9f306baf7523ffc0e81a6353d08a584d254133b/velocity-1.5.jar, file:/Users/hpatel/.gradle/caches/modules-2/files-2.1/org.antlr/stringtemplate/3.2.1/59ec8083721eae215c6f3caee944c410d2be34de/stringtemplate-3.2.1.jar, file:/Users/hpatel/.gradle/caches/modules-2/files-2.1/antlr/antlr/2.7.7/83cd2cd674a217ade95a4bb83a8a14f351f48bd0/antlr-2.7.7.jar, file:/Users/hpatel/.gradle/caches/modules-2/files-2.1/org.apache.ant/ant-launcher/1.9.1/7c71043ca185eaada9e36391dd022d92859327de/ant-launcher-1.9.1.jar, file:/Users/hpatel/.gradle/caches/modules-2/files-2.1/oro/oro/2.0.8/5592374f834645c4ae250f4c9fbb314c9369d698/oro-2.0.8.jar, file:/Users/hpatel/.gradle/caches/modules-2/files-2.1/org.codehaus.jackson/jackson-core-asl/1.9.13/3c304d70f42f832e0a86d45bd437f692129299a4/jackson-core-asl-1.9.13.jar, file:/Users/hpatel/.gradle/caches/modules-2/files-2.1/org.codehaus.jackson/jackson-mapper-asl/1.9.13/1ee2f2bed0e5dd29d1cb155a166e6f8d50bbddb7/jackson-mapper-asl-1.9.13.jar, file:/Users/hpatel/.gradle/caches/modules-2/files-2.1/org.slf4j/slf4j-api/1.7.6/562424e36df3d2327e8e9301a76027fca17d54ea/slf4j-api-1.7.6.jar, file:/Users/hpatel/.gradle/caches/modules-2/files-2.1/com.sun.jersey/jersey-server/1.14/b1a21724c9b708ed54d42d41bb19ff45ae1d49d9/jersey-server-1.14.jar, file:/Users/hpatel/.gradle/caches/modules-2/files-2.1/org.apache.httpcomponents/httpclient/4.2.5/666e26e76f2e87d84e4f16acb546481ae1b8e9a6/httpclient-4.2.5.jar, file:/Users/hpatel/.gradle/caches/modules-2/files-2.1/org.apache.zookeeper/zookeeper/3.4.6/1b2502e29da1ebaade2357cd1de35a855fa3755/zookeeper-3.4.6.jar, file:/Users/hpatel/.gradle/caches/modules-2/files-2.1/com.google.guava/guava/16.0.1/5fa98cd1a63c99a44dd8d3b77e4762b066a5d0c5/guava-16.0.1.jar, file:/Users/hpatel/.gradle/caches/modules-2/files-2.1/org.codehaus.jackson/jackson-jaxrs/1.8.8/71b16055388e9bd3991c3c3834e8e55098b789f1/jackson-jaxrs-1.8.8.jar, file:/Users/hpatel/.gradle/caches/modules-2/files-2.1/org.codehaus.jackson/jackson-xc/1.8.8/52efa08bc1e4cfea168f552b9e3088297d9d0926/jackson-xc-1.8.8.jar, file:/Users/hpatel/.gradle/caches/modules-2/files-2.1/org.apache.hive/hive-metastore/0.13.1-cdh5.3.3/ca93686a17f064a5ab6587799721cddd7836e53a/hive-metastore-0.13.1-cdh5.3.3.jar, file:/Users/hpatel/.gradle/caches/modules-2/files-2.1/com.jolbox/bonecp/0.8.0.RELEASE/cec24ee9345b3678472bb1b8fdd6aa6b9428beb8/bonecp-0.8.0.RELEASE.jar, file:/Users/hpatel/.gradle/caches/modules-2/files-2.1/org.apache.derby/derby/10.10.1.1/9f6f910f0373adc1b23c10f9b4bb151b7e7449f/derby-10.10.1.1.jar, file:/Users/hpatel/.gradle/caches/modules-2/files-2.1/javax.jdo/jdo-api/3.0.1/58e7a538e020b73871e232eeb064835fd98a492/jdo-api-3.0.1.jar, file:/Users/hpatel/.gradle/caches/modules-2/files-2.1/javax.transaction/jta/1.1/2ca09f0b36ca7d71b762e14ea2ff09d5eac57558/jta-1.1.jar, file:/Users/hpatel/.gradle/caches/modules-2/files-2.1/org.apache.thrift/libthrift/0.9.0/9ba8df332b5db95ce7f3b7a83e44d796c3d014d3/libthrift-0.9.0.jar, file:/Users/hpatel/.gradle/caches/modules-2/files-2.1/org.apache.httpcomponents/httpcore/4.2.4/3b7f38df6de5dd8b500e602ae8c2dd5ee446f883/httpcore-4.2.4.jar, file:/Users/hpatel/.gradle/caches/modules-2/files-2.1/com.sun.jersey/jersey-core/1.14/693061de8b9b352b11e997b1dd4052677778852d/jersey-core-1.14.jar, file:/Users/hpatel/.gradle/caches/modules-2/files-2.1/commons-codec/commons-codec/1.6/b7f0fc8f61ecadeb3695f0b9464755eee44374d4/commons-codec-1.6.jar, file:/Users/hpatel/.gradle/caches/modules-2/files-2.1/io.netty/netty/3.7.0.Final/7a8c35599c68c0bf383df74469aa3e03d9aca87/netty-3.7.0.Final.jar]
15/09/06 13:13:50 INFO mr.ObjectCache: Ignoring retrieval request: __REDUCE_PLAN__
15/09/06 13:13:50 INFO log.PerfLogger: <PERFLOG method=deserializePlan from=org.apache.hadoop.hive.ql.exec.Utilities>
15/09/06 13:13:50 INFO exec.Utilities: Deserializing ReduceWork via kryo
15/09/06 13:13:50 INFO log.PerfLogger: </PERFLOG method=deserializePlan start=1441563230056 end=1441563230070 duration=14 from=org.apache.hadoop.hive.ql.exec.Utilities>
15/09/06 13:13:50 INFO mr.ObjectCache: Ignoring cache key: __REDUCE_PLAN__
15/09/06 13:13:50 INFO ExecReducer: 
<EX>Id =103
  <Children>
    <FS>Id =104
      <Children>
      <\Children>
      <Parent>Id = 103 null<\Parent>
    <\FS>
  <\Children>
  <Parent><\Parent>
<\EX>
15/09/06 13:13:50 INFO exec.ExtractOperator: Initializing Self 103 EX
15/09/06 13:13:50 INFO exec.ExtractOperator: Operator 103 EX initialized
15/09/06 13:13:50 INFO exec.ExtractOperator: Initializing children of 103 EX
15/09/06 13:13:50 INFO exec.FileSinkOperator: Initializing child 104 FS
15/09/06 13:13:50 INFO exec.FileSinkOperator: Initializing Self 104 FS
15/09/06 13:13:50 INFO avro.AvroSerDe: Avro schema is {"type":"record","name":"DEALER_HIERARCHY_CORE","doc":"Sqoop import of DEALER_HIERARCHY","fields":[{"name":"File_Name","type":["string","null"],"columnName":"File_Name"},{"name":"GEN_ID","type":["string","null"],"columnName":"GEN_ID"},{"name":"DMS_SYSTEM","type":["string","null"],"columnName":"DMS_SYSTEM"},{"name":"DMS_VERSION","type":["string","null"],"columnName":"DMS_VERSION"},{"name":"TRANSMIT_TS","type":["string","null"],"columnName":"TRANSMIT_TS"},{"name":"ORIG_TRANSMIT_TS","type":["string","null"],"columnName":"TRANSMIT_TS"},{"name":"TRANSMIT_BY","type":["string","null"],"columnName":"TRANSMIT_BY"},{"name":"RECORD_STATUS","type":["string","null"],"columnName":"RECORD_STATUS"},{"name":"DEALER_UPDT_IND","type":["string","null"],"columnName":"DEALER_UPDT_IND","sqlType":"1"},{"name":"STORE_NUMBER","type":["string","null"],"columnName":"STORE_NUMBER"},{"name":"PART_TYPE","type":["string","null"],"columnName":"PART_TYPE"},{"name":"STORE_NAME","type":["string","null"],"columnName":"STORE_NAME"},{"name":"INVENTORY_STORE_NUMBER","type":["string","null"],"columnName":"INVENTORY_STORE_NUMBER"},{"name":"CAT_EMRG_DEALER_CODE","type":["string","null"],"columnName":"CAT_EMRG_DEALER_CODE"},{"name":"CAT_STOCK_DEALER_CODE","type":["string","null"],"columnName":"CAT_STOCK_DEALER_CODE"},{"name":"STOCK_REPLEN_STORE_NUMBER","type":["string","null"],"columnName":"STOCK_REPLEN_STORE_NUMBER"},{"name":"STOCK_REPLEN_LEAD_TIME","type":["string","null"],"columnName":"STOCK_REPLEN_LEAD_TIME"},{"name":"LST_UPDT_TS","type":["string","null"],"columnName":"LST_UPDT_TS"},{"name":"ORIG_LST_UPDT_TS","type":["string","null"],"columnName":"ORIG_LST_UPDT_TS"},{"name":"LST_UPDT_BY_ID","type":["string","null"],"columnName":"LST_UPDT_BY_ID"},{"name":"FILE_INS_TS","type":["string","null"],"columnName":"FILE_INS_TS"},{"name":"ORIG_FILE_INS_TS","type":["string","null"],"columnName":"ORIG_FILE_INS_TS"},{"name":"EXP_STOCK_PLAN_LEAD_TIME","type":["string","null"],"columnName":"EXP_STOCK_PLAN_LEAD_TIME"}],"tableName":"DEALER_HIERARCHY_CORE"}
15/09/06 13:13:50 INFO avro.AvroSerDe: Configuration null, not inserting schema
15/09/06 13:13:50 INFO exec.FileSinkOperator: Operator 104 FS initialized
15/09/06 13:13:50 INFO exec.FileSinkOperator: Initialization Done 104 FS
15/09/06 13:13:50 INFO exec.ExtractOperator: Initialization Done 103 EX
15/09/06 13:13:50 INFO exec.FileSinkOperator: Final Path: FS file:/var/folders/y7/4_pz5fzx54ngcmghz3v6t3m00000gn/T/junit8690338365344900462/hadooptmp/dealer_hierarchy/core_data/.hive-staging_hive_2015-09-06_13-13-49_748_6207994547219418728-1/_tmp.-ext-10000/dealer_code=AAAA/000000_0
15/09/06 13:13:50 INFO exec.FileSinkOperator: Writing to temp file: FS file:/var/folders/y7/4_pz5fzx54ngcmghz3v6t3m00000gn/T/junit8690338365344900462/hadooptmp/dealer_hierarchy/core_data/.hive-staging_hive_2015-09-06_13-13-49_748_6207994547219418728-1/_task_tmp.-ext-10000/dealer_code=AAAA/_tmp.000000_0
15/09/06 13:13:50 INFO exec.FileSinkOperator: New Final Path: FS file:/var/folders/y7/4_pz5fzx54ngcmghz3v6t3m00000gn/T/junit8690338365344900462/hadooptmp/dealer_hierarchy/core_data/.hive-staging_hive_2015-09-06_13-13-49_748_6207994547219418728-1/_tmp.-ext-10000/dealer_code=AAAA/000000_0
15/09/06 13:13:50 INFO ExecReducer: ExecReducer: processing 1 rows: used memory = 929478872
15/09/06 13:13:50 INFO lazybinary.LazyBinaryStruct: Missing fields! Expected 24 fields but only got 24! Ignoring similar problems.
15/09/06 13:13:50 INFO exec.FileSinkOperator: Final Path: FS file:/var/folders/y7/4_pz5fzx54ngcmghz3v6t3m00000gn/T/junit8690338365344900462/hadooptmp/dealer_hierarchy/core_data/.hive-staging_hive_2015-09-06_13-13-49_748_6207994547219418728-1/_tmp.-ext-10000/dealer_code=ZZZZ/000000_0
15/09/06 13:13:50 INFO exec.FileSinkOperator: Writing to temp file: FS file:/var/folders/y7/4_pz5fzx54ngcmghz3v6t3m00000gn/T/junit8690338365344900462/hadooptmp/dealer_hierarchy/core_data/.hive-staging_hive_2015-09-06_13-13-49_748_6207994547219418728-1/_task_tmp.-ext-10000/dealer_code=ZZZZ/_tmp.000000_0
15/09/06 13:13:50 INFO exec.FileSinkOperator: New Final Path: FS file:/var/folders/y7/4_pz5fzx54ngcmghz3v6t3m00000gn/T/junit8690338365344900462/hadooptmp/dealer_hierarchy/core_data/.hive-staging_hive_2015-09-06_13-13-49_748_6207994547219418728-1/_tmp.-ext-10000/dealer_code=ZZZZ/000000_0
15/09/06 13:13:50 INFO ExecReducer: ExecReducer: processed 4 rows: used memory = 933775488
15/09/06 13:13:50 INFO exec.ExtractOperator: 103 finished. closing... 
15/09/06 13:13:50 INFO exec.FileSinkOperator: 104 finished. closing... 
15/09/06 13:13:50 INFO exec.FileSinkOperator: FS[104]: records written - 4
15/09/06 13:13:50 INFO exec.FileSinkOperator: RECORDS_OUT_1:4
15/09/06 13:13:50 INFO exec.FileSinkOperator: 104 Close done
15/09/06 13:13:50 INFO exec.ExtractOperator: 103 Close done
15/09/06 13:13:50 INFO mapred.Task: Task:attempt_local944647764_0007_r_000000_0 is done. And is in the process of commiting
15/09/06 13:13:50 INFO mapred.LocalJobRunner: reduce > reduce
15/09/06 13:13:50 INFO mapred.Task: Task 'attempt_local944647764_0007_r_000000_0' done.
2015-09-06 13:13:50,122 Stage-1 map = 100%,  reduce = 100%
15/09/06 13:13:50 INFO exec.Task: 2015-09-06 13:13:50,122 Stage-1 map = 100%,  reduce = 100%
Ended Job = job_local944647764_0007
15/09/06 13:13:50 INFO exec.Task: Ended Job = job_local944647764_0007
15/09/06 13:13:50 INFO exec.FileSinkOperator: Moving tmp dir: file:/var/folders/y7/4_pz5fzx54ngcmghz3v6t3m00000gn/T/junit8690338365344900462/hadooptmp/dealer_hierarchy/core_data/.hive-staging_hive_2015-09-06_13-13-49_748_6207994547219418728-1/_tmp.-ext-10000 to: file:/var/folders/y7/4_pz5fzx54ngcmghz3v6t3m00000gn/T/junit8690338365344900462/hadooptmp/dealer_hierarchy/core_data/.hive-staging_hive_2015-09-06_13-13-49_748_6207994547219418728-1/-ext-10000
15/09/06 13:13:50 INFO log.PerfLogger: <PERFLOG method=task.MOVE.Stage-0 from=org.apache.hadoop.hive.ql.Driver>
Loading data to table ddsw_dev.dealer_hierarchy_core partition (dealer_code=null)
15/09/06 13:13:50 INFO exec.Task: Loading data to table ddsw_dev.dealer_hierarchy_core partition (dealer_code=null) from file:/var/folders/y7/4_pz5fzx54ngcmghz3v6t3m00000gn/T/junit8690338365344900462/hadooptmp/dealer_hierarchy/core_data/.hive-staging_hive_2015-09-06_13-13-49_748_6207994547219418728-1/-ext-10000
15/09/06 13:13:50 INFO metastore.HiveMetaStore: 0: get_table : db=ddsw_dev tbl=dealer_hierarchy_core
15/09/06 13:13:50 INFO HiveMetaStore.audit: ugi=hpatel	ip=unknown-ip-addr	cmd=get_table : db=ddsw_dev tbl=dealer_hierarchy_core	
15/09/06 13:13:50 INFO avro.AvroSerDe: Avro schema is {"type":"record","name":"DEALER_HIERARCHY_CORE","doc":"Sqoop import of DEALER_HIERARCHY","fields":[{"name":"File_Name","type":["string","null"],"columnName":"File_Name"},{"name":"GEN_ID","type":["string","null"],"columnName":"GEN_ID"},{"name":"DMS_SYSTEM","type":["string","null"],"columnName":"DMS_SYSTEM"},{"name":"DMS_VERSION","type":["string","null"],"columnName":"DMS_VERSION"},{"name":"TRANSMIT_TS","type":["string","null"],"columnName":"TRANSMIT_TS"},{"name":"ORIG_TRANSMIT_TS","type":["string","null"],"columnName":"TRANSMIT_TS"},{"name":"TRANSMIT_BY","type":["string","null"],"columnName":"TRANSMIT_BY"},{"name":"RECORD_STATUS","type":["string","null"],"columnName":"RECORD_STATUS"},{"name":"DEALER_UPDT_IND","type":["string","null"],"columnName":"DEALER_UPDT_IND","sqlType":"1"},{"name":"STORE_NUMBER","type":["string","null"],"columnName":"STORE_NUMBER"},{"name":"PART_TYPE","type":["string","null"],"columnName":"PART_TYPE"},{"name":"STORE_NAME","type":["string","null"],"columnName":"STORE_NAME"},{"name":"INVENTORY_STORE_NUMBER","type":["string","null"],"columnName":"INVENTORY_STORE_NUMBER"},{"name":"CAT_EMRG_DEALER_CODE","type":["string","null"],"columnName":"CAT_EMRG_DEALER_CODE"},{"name":"CAT_STOCK_DEALER_CODE","type":["string","null"],"columnName":"CAT_STOCK_DEALER_CODE"},{"name":"STOCK_REPLEN_STORE_NUMBER","type":["string","null"],"columnName":"STOCK_REPLEN_STORE_NUMBER"},{"name":"STOCK_REPLEN_LEAD_TIME","type":["string","null"],"columnName":"STOCK_REPLEN_LEAD_TIME"},{"name":"LST_UPDT_TS","type":["string","null"],"columnName":"LST_UPDT_TS"},{"name":"ORIG_LST_UPDT_TS","type":["string","null"],"columnName":"ORIG_LST_UPDT_TS"},{"name":"LST_UPDT_BY_ID","type":["string","null"],"columnName":"LST_UPDT_BY_ID"},{"name":"FILE_INS_TS","type":["string","null"],"columnName":"FILE_INS_TS"},{"name":"ORIG_FILE_INS_TS","type":["string","null"],"columnName":"ORIG_FILE_INS_TS"},{"name":"EXP_STOCK_PLAN_LEAD_TIME","type":["string","null"],"columnName":"EXP_STOCK_PLAN_LEAD_TIME"}],"tableName":"DEALER_HIERARCHY_CORE"}
15/09/06 13:13:50 INFO avro.AvroSerDe: Avro schema is {"type":"record","name":"DEALER_HIERARCHY_CORE","doc":"Sqoop import of DEALER_HIERARCHY","fields":[{"name":"File_Name","type":["string","null"],"columnName":"File_Name"},{"name":"GEN_ID","type":["string","null"],"columnName":"GEN_ID"},{"name":"DMS_SYSTEM","type":["string","null"],"columnName":"DMS_SYSTEM"},{"name":"DMS_VERSION","type":["string","null"],"columnName":"DMS_VERSION"},{"name":"TRANSMIT_TS","type":["string","null"],"columnName":"TRANSMIT_TS"},{"name":"ORIG_TRANSMIT_TS","type":["string","null"],"columnName":"TRANSMIT_TS"},{"name":"TRANSMIT_BY","type":["string","null"],"columnName":"TRANSMIT_BY"},{"name":"RECORD_STATUS","type":["string","null"],"columnName":"RECORD_STATUS"},{"name":"DEALER_UPDT_IND","type":["string","null"],"columnName":"DEALER_UPDT_IND","sqlType":"1"},{"name":"STORE_NUMBER","type":["string","null"],"columnName":"STORE_NUMBER"},{"name":"PART_TYPE","type":["string","null"],"columnName":"PART_TYPE"},{"name":"STORE_NAME","type":["string","null"],"columnName":"STORE_NAME"},{"name":"INVENTORY_STORE_NUMBER","type":["string","null"],"columnName":"INVENTORY_STORE_NUMBER"},{"name":"CAT_EMRG_DEALER_CODE","type":["string","null"],"columnName":"CAT_EMRG_DEALER_CODE"},{"name":"CAT_STOCK_DEALER_CODE","type":["string","null"],"columnName":"CAT_STOCK_DEALER_CODE"},{"name":"STOCK_REPLEN_STORE_NUMBER","type":["string","null"],"columnName":"STOCK_REPLEN_STORE_NUMBER"},{"name":"STOCK_REPLEN_LEAD_TIME","type":["string","null"],"columnName":"STOCK_REPLEN_LEAD_TIME"},{"name":"LST_UPDT_TS","type":["string","null"],"columnName":"LST_UPDT_TS"},{"name":"ORIG_LST_UPDT_TS","type":["string","null"],"columnName":"ORIG_LST_UPDT_TS"},{"name":"LST_UPDT_BY_ID","type":["string","null"],"columnName":"LST_UPDT_BY_ID"},{"name":"FILE_INS_TS","type":["string","null"],"columnName":"FILE_INS_TS"},{"name":"ORIG_FILE_INS_TS","type":["string","null"],"columnName":"ORIG_FILE_INS_TS"},{"name":"EXP_STOCK_PLAN_LEAD_TIME","type":["string","null"],"columnName":"EXP_STOCK_PLAN_LEAD_TIME"}],"tableName":"DEALER_HIERARCHY_CORE"}
15/09/06 13:13:50 INFO exec.MoveTask: Partition is: {dealer_code=null}
15/09/06 13:13:50 INFO metastore.HiveMetaStore: 0: partition_name_has_valid_characters
15/09/06 13:13:50 INFO HiveMetaStore.audit: ugi=hpatel	ip=unknown-ip-addr	cmd=partition_name_has_valid_characters	
15/09/06 13:13:50 INFO metastore.HiveMetaStore: 0: partition_name_has_valid_characters
15/09/06 13:13:50 INFO HiveMetaStore.audit: ugi=hpatel	ip=unknown-ip-addr	cmd=partition_name_has_valid_characters	
15/09/06 13:13:50 INFO metastore.HiveMetaStore: 0: get_table : db=ddsw_dev tbl=dealer_hierarchy_core
15/09/06 13:13:50 INFO HiveMetaStore.audit: ugi=hpatel	ip=unknown-ip-addr	cmd=get_table : db=ddsw_dev tbl=dealer_hierarchy_core	
15/09/06 13:13:50 INFO avro.AvroSerDe: Avro schema is {"type":"record","name":"DEALER_HIERARCHY_CORE","doc":"Sqoop import of DEALER_HIERARCHY","fields":[{"name":"File_Name","type":["string","null"],"columnName":"File_Name"},{"name":"GEN_ID","type":["string","null"],"columnName":"GEN_ID"},{"name":"DMS_SYSTEM","type":["string","null"],"columnName":"DMS_SYSTEM"},{"name":"DMS_VERSION","type":["string","null"],"columnName":"DMS_VERSION"},{"name":"TRANSMIT_TS","type":["string","null"],"columnName":"TRANSMIT_TS"},{"name":"ORIG_TRANSMIT_TS","type":["string","null"],"columnName":"TRANSMIT_TS"},{"name":"TRANSMIT_BY","type":["string","null"],"columnName":"TRANSMIT_BY"},{"name":"RECORD_STATUS","type":["string","null"],"columnName":"RECORD_STATUS"},{"name":"DEALER_UPDT_IND","type":["string","null"],"columnName":"DEALER_UPDT_IND","sqlType":"1"},{"name":"STORE_NUMBER","type":["string","null"],"columnName":"STORE_NUMBER"},{"name":"PART_TYPE","type":["string","null"],"columnName":"PART_TYPE"},{"name":"STORE_NAME","type":["string","null"],"columnName":"STORE_NAME"},{"name":"INVENTORY_STORE_NUMBER","type":["string","null"],"columnName":"INVENTORY_STORE_NUMBER"},{"name":"CAT_EMRG_DEALER_CODE","type":["string","null"],"columnName":"CAT_EMRG_DEALER_CODE"},{"name":"CAT_STOCK_DEALER_CODE","type":["string","null"],"columnName":"CAT_STOCK_DEALER_CODE"},{"name":"STOCK_REPLEN_STORE_NUMBER","type":["string","null"],"columnName":"STOCK_REPLEN_STORE_NUMBER"},{"name":"STOCK_REPLEN_LEAD_TIME","type":["string","null"],"columnName":"STOCK_REPLEN_LEAD_TIME"},{"name":"LST_UPDT_TS","type":["string","null"],"columnName":"LST_UPDT_TS"},{"name":"ORIG_LST_UPDT_TS","type":["string","null"],"columnName":"ORIG_LST_UPDT_TS"},{"name":"LST_UPDT_BY_ID","type":["string","null"],"columnName":"LST_UPDT_BY_ID"},{"name":"FILE_INS_TS","type":["string","null"],"columnName":"FILE_INS_TS"},{"name":"ORIG_FILE_INS_TS","type":["string","null"],"columnName":"ORIG_FILE_INS_TS"},{"name":"EXP_STOCK_PLAN_LEAD_TIME","type":["string","null"],"columnName":"EXP_STOCK_PLAN_LEAD_TIME"}],"tableName":"DEALER_HIERARCHY_CORE"}
15/09/06 13:13:50 INFO avro.AvroSerDe: Avro schema is {"type":"record","name":"DEALER_HIERARCHY_CORE","doc":"Sqoop import of DEALER_HIERARCHY","fields":[{"name":"File_Name","type":["string","null"],"columnName":"File_Name"},{"name":"GEN_ID","type":["string","null"],"columnName":"GEN_ID"},{"name":"DMS_SYSTEM","type":["string","null"],"columnName":"DMS_SYSTEM"},{"name":"DMS_VERSION","type":["string","null"],"columnName":"DMS_VERSION"},{"name":"TRANSMIT_TS","type":["string","null"],"columnName":"TRANSMIT_TS"},{"name":"ORIG_TRANSMIT_TS","type":["string","null"],"columnName":"TRANSMIT_TS"},{"name":"TRANSMIT_BY","type":["string","null"],"columnName":"TRANSMIT_BY"},{"name":"RECORD_STATUS","type":["string","null"],"columnName":"RECORD_STATUS"},{"name":"DEALER_UPDT_IND","type":["string","null"],"columnName":"DEALER_UPDT_IND","sqlType":"1"},{"name":"STORE_NUMBER","type":["string","null"],"columnName":"STORE_NUMBER"},{"name":"PART_TYPE","type":["string","null"],"columnName":"PART_TYPE"},{"name":"STORE_NAME","type":["string","null"],"columnName":"STORE_NAME"},{"name":"INVENTORY_STORE_NUMBER","type":["string","null"],"columnName":"INVENTORY_STORE_NUMBER"},{"name":"CAT_EMRG_DEALER_CODE","type":["string","null"],"columnName":"CAT_EMRG_DEALER_CODE"},{"name":"CAT_STOCK_DEALER_CODE","type":["string","null"],"columnName":"CAT_STOCK_DEALER_CODE"},{"name":"STOCK_REPLEN_STORE_NUMBER","type":["string","null"],"columnName":"STOCK_REPLEN_STORE_NUMBER"},{"name":"STOCK_REPLEN_LEAD_TIME","type":["string","null"],"columnName":"STOCK_REPLEN_LEAD_TIME"},{"name":"LST_UPDT_TS","type":["string","null"],"columnName":"LST_UPDT_TS"},{"name":"ORIG_LST_UPDT_TS","type":["string","null"],"columnName":"ORIG_LST_UPDT_TS"},{"name":"LST_UPDT_BY_ID","type":["string","null"],"columnName":"LST_UPDT_BY_ID"},{"name":"FILE_INS_TS","type":["string","null"],"columnName":"FILE_INS_TS"},{"name":"ORIG_FILE_INS_TS","type":["string","null"],"columnName":"ORIG_FILE_INS_TS"},{"name":"EXP_STOCK_PLAN_LEAD_TIME","type":["string","null"],"columnName":"EXP_STOCK_PLAN_LEAD_TIME"}],"tableName":"DEALER_HIERARCHY_CORE"}
15/09/06 13:13:50 INFO metastore.HiveMetaStore: 0: get_partition_with_auth : db=ddsw_dev tbl=dealer_hierarchy_core[AAAA]
15/09/06 13:13:50 INFO HiveMetaStore.audit: ugi=hpatel	ip=unknown-ip-addr	cmd=get_partition_with_auth : db=ddsw_dev tbl=dealer_hierarchy_core[AAAA]	
15/09/06 13:13:50 INFO common.FileUtils: Creating directory if it doesn't exist: file:/var/folders/y7/4_pz5fzx54ngcmghz3v6t3m00000gn/T/junit8690338365344900462/hadooptmp/dealer_hierarchy/core_data/dealer_code=AAAA
15/09/06 13:13:50 INFO session.SessionState: Could not get hdfsEncryptionShim, it is only applicable to hdfs filesystem.
15/09/06 13:13:50 INFO metadata.Hive: Renaming src: file:/var/folders/y7/4_pz5fzx54ngcmghz3v6t3m00000gn/T/junit8690338365344900462/hadooptmp/dealer_hierarchy/core_data/.hive-staging_hive_2015-09-06_13-13-49_748_6207994547219418728-1/-ext-10000/dealer_code=AAAA/000000_0, dest: file:/var/folders/y7/4_pz5fzx54ngcmghz3v6t3m00000gn/T/junit8690338365344900462/hadooptmp/dealer_hierarchy/core_data/dealer_code=AAAA/000000_0, Status:true
15/09/06 13:13:50 INFO metastore.HiveMetaStore: 0: get_partition_with_auth : db=ddsw_dev tbl=dealer_hierarchy_core[AAAA]
15/09/06 13:13:50 INFO HiveMetaStore.audit: ugi=hpatel	ip=unknown-ip-addr	cmd=get_partition_with_auth : db=ddsw_dev tbl=dealer_hierarchy_core[AAAA]	
15/09/06 13:13:50 INFO metastore.HiveMetaStore: 0: append_partition : db=ddsw_dev tbl=dealer_hierarchy_core[AAAA]
15/09/06 13:13:50 INFO HiveMetaStore.audit: ugi=hpatel	ip=unknown-ip-addr	cmd=append_partition : db=ddsw_dev tbl=dealer_hierarchy_core[AAAA]	
15/09/06 13:13:50 INFO metadata.Hive: New loading path = file:/var/folders/y7/4_pz5fzx54ngcmghz3v6t3m00000gn/T/junit8690338365344900462/hadooptmp/dealer_hierarchy/core_data/.hive-staging_hive_2015-09-06_13-13-49_748_6207994547219418728-1/-ext-10000/dealer_code=AAAA with partSpec {dealer_code=AAAA}
15/09/06 13:13:50 INFO metastore.HiveMetaStore: 0: get_table : db=ddsw_dev tbl=dealer_hierarchy_core
15/09/06 13:13:50 INFO HiveMetaStore.audit: ugi=hpatel	ip=unknown-ip-addr	cmd=get_table : db=ddsw_dev tbl=dealer_hierarchy_core	
15/09/06 13:13:50 INFO avro.AvroSerDe: Avro schema is {"type":"record","name":"DEALER_HIERARCHY_CORE","doc":"Sqoop import of DEALER_HIERARCHY","fields":[{"name":"File_Name","type":["string","null"],"columnName":"File_Name"},{"name":"GEN_ID","type":["string","null"],"columnName":"GEN_ID"},{"name":"DMS_SYSTEM","type":["string","null"],"columnName":"DMS_SYSTEM"},{"name":"DMS_VERSION","type":["string","null"],"columnName":"DMS_VERSION"},{"name":"TRANSMIT_TS","type":["string","null"],"columnName":"TRANSMIT_TS"},{"name":"ORIG_TRANSMIT_TS","type":["string","null"],"columnName":"TRANSMIT_TS"},{"name":"TRANSMIT_BY","type":["string","null"],"columnName":"TRANSMIT_BY"},{"name":"RECORD_STATUS","type":["string","null"],"columnName":"RECORD_STATUS"},{"name":"DEALER_UPDT_IND","type":["string","null"],"columnName":"DEALER_UPDT_IND","sqlType":"1"},{"name":"STORE_NUMBER","type":["string","null"],"columnName":"STORE_NUMBER"},{"name":"PART_TYPE","type":["string","null"],"columnName":"PART_TYPE"},{"name":"STORE_NAME","type":["string","null"],"columnName":"STORE_NAME"},{"name":"INVENTORY_STORE_NUMBER","type":["string","null"],"columnName":"INVENTORY_STORE_NUMBER"},{"name":"CAT_EMRG_DEALER_CODE","type":["string","null"],"columnName":"CAT_EMRG_DEALER_CODE"},{"name":"CAT_STOCK_DEALER_CODE","type":["string","null"],"columnName":"CAT_STOCK_DEALER_CODE"},{"name":"STOCK_REPLEN_STORE_NUMBER","type":["string","null"],"columnName":"STOCK_REPLEN_STORE_NUMBER"},{"name":"STOCK_REPLEN_LEAD_TIME","type":["string","null"],"columnName":"STOCK_REPLEN_LEAD_TIME"},{"name":"LST_UPDT_TS","type":["string","null"],"columnName":"LST_UPDT_TS"},{"name":"ORIG_LST_UPDT_TS","type":["string","null"],"columnName":"ORIG_LST_UPDT_TS"},{"name":"LST_UPDT_BY_ID","type":["string","null"],"columnName":"LST_UPDT_BY_ID"},{"name":"FILE_INS_TS","type":["string","null"],"columnName":"FILE_INS_TS"},{"name":"ORIG_FILE_INS_TS","type":["string","null"],"columnName":"ORIG_FILE_INS_TS"},{"name":"EXP_STOCK_PLAN_LEAD_TIME","type":["string","null"],"columnName":"EXP_STOCK_PLAN_LEAD_TIME"}],"tableName":"DEALER_HIERARCHY_CORE"}
15/09/06 13:13:50 INFO avro.AvroSerDe: Avro schema is {"type":"record","name":"DEALER_HIERARCHY_CORE","doc":"Sqoop import of DEALER_HIERARCHY","fields":[{"name":"File_Name","type":["string","null"],"columnName":"File_Name"},{"name":"GEN_ID","type":["string","null"],"columnName":"GEN_ID"},{"name":"DMS_SYSTEM","type":["string","null"],"columnName":"DMS_SYSTEM"},{"name":"DMS_VERSION","type":["string","null"],"columnName":"DMS_VERSION"},{"name":"TRANSMIT_TS","type":["string","null"],"columnName":"TRANSMIT_TS"},{"name":"ORIG_TRANSMIT_TS","type":["string","null"],"columnName":"TRANSMIT_TS"},{"name":"TRANSMIT_BY","type":["string","null"],"columnName":"TRANSMIT_BY"},{"name":"RECORD_STATUS","type":["string","null"],"columnName":"RECORD_STATUS"},{"name":"DEALER_UPDT_IND","type":["string","null"],"columnName":"DEALER_UPDT_IND","sqlType":"1"},{"name":"STORE_NUMBER","type":["string","null"],"columnName":"STORE_NUMBER"},{"name":"PART_TYPE","type":["string","null"],"columnName":"PART_TYPE"},{"name":"STORE_NAME","type":["string","null"],"columnName":"STORE_NAME"},{"name":"INVENTORY_STORE_NUMBER","type":["string","null"],"columnName":"INVENTORY_STORE_NUMBER"},{"name":"CAT_EMRG_DEALER_CODE","type":["string","null"],"columnName":"CAT_EMRG_DEALER_CODE"},{"name":"CAT_STOCK_DEALER_CODE","type":["string","null"],"columnName":"CAT_STOCK_DEALER_CODE"},{"name":"STOCK_REPLEN_STORE_NUMBER","type":["string","null"],"columnName":"STOCK_REPLEN_STORE_NUMBER"},{"name":"STOCK_REPLEN_LEAD_TIME","type":["string","null"],"columnName":"STOCK_REPLEN_LEAD_TIME"},{"name":"LST_UPDT_TS","type":["string","null"],"columnName":"LST_UPDT_TS"},{"name":"ORIG_LST_UPDT_TS","type":["string","null"],"columnName":"ORIG_LST_UPDT_TS"},{"name":"LST_UPDT_BY_ID","type":["string","null"],"columnName":"LST_UPDT_BY_ID"},{"name":"FILE_INS_TS","type":["string","null"],"columnName":"FILE_INS_TS"},{"name":"ORIG_FILE_INS_TS","type":["string","null"],"columnName":"ORIG_FILE_INS_TS"},{"name":"EXP_STOCK_PLAN_LEAD_TIME","type":["string","null"],"columnName":"EXP_STOCK_PLAN_LEAD_TIME"}],"tableName":"DEALER_HIERARCHY_CORE"}
15/09/06 13:13:50 INFO metastore.HiveMetaStore: 0: get_partition_with_auth : db=ddsw_dev tbl=dealer_hierarchy_core[ZZZZ]
15/09/06 13:13:50 INFO HiveMetaStore.audit: ugi=hpatel	ip=unknown-ip-addr	cmd=get_partition_with_auth : db=ddsw_dev tbl=dealer_hierarchy_core[ZZZZ]	
15/09/06 13:13:50 INFO common.FileUtils: Creating directory if it doesn't exist: file:/var/folders/y7/4_pz5fzx54ngcmghz3v6t3m00000gn/T/junit8690338365344900462/hadooptmp/dealer_hierarchy/core_data/dealer_code=ZZZZ
15/09/06 13:13:50 INFO session.SessionState: Could not get hdfsEncryptionShim, it is only applicable to hdfs filesystem.
15/09/06 13:13:50 INFO metadata.Hive: Renaming src: file:/var/folders/y7/4_pz5fzx54ngcmghz3v6t3m00000gn/T/junit8690338365344900462/hadooptmp/dealer_hierarchy/core_data/.hive-staging_hive_2015-09-06_13-13-49_748_6207994547219418728-1/-ext-10000/dealer_code=ZZZZ/000000_0, dest: file:/var/folders/y7/4_pz5fzx54ngcmghz3v6t3m00000gn/T/junit8690338365344900462/hadooptmp/dealer_hierarchy/core_data/dealer_code=ZZZZ/000000_0, Status:true
15/09/06 13:13:50 INFO metastore.HiveMetaStore: 0: get_partition_with_auth : db=ddsw_dev tbl=dealer_hierarchy_core[ZZZZ]
15/09/06 13:13:50 INFO HiveMetaStore.audit: ugi=hpatel	ip=unknown-ip-addr	cmd=get_partition_with_auth : db=ddsw_dev tbl=dealer_hierarchy_core[ZZZZ]	
15/09/06 13:13:50 INFO metastore.HiveMetaStore: 0: append_partition : db=ddsw_dev tbl=dealer_hierarchy_core[ZZZZ]
15/09/06 13:13:50 INFO HiveMetaStore.audit: ugi=hpatel	ip=unknown-ip-addr	cmd=append_partition : db=ddsw_dev tbl=dealer_hierarchy_core[ZZZZ]	
15/09/06 13:13:50 INFO metadata.Hive: New loading path = file:/var/folders/y7/4_pz5fzx54ngcmghz3v6t3m00000gn/T/junit8690338365344900462/hadooptmp/dealer_hierarchy/core_data/.hive-staging_hive_2015-09-06_13-13-49_748_6207994547219418728-1/-ext-10000/dealer_code=ZZZZ with partSpec {dealer_code=ZZZZ}
15/09/06 13:13:50 INFO metastore.HiveMetaStore: 0: get_partition_with_auth : db=ddsw_dev tbl=dealer_hierarchy_core[AAAA]
15/09/06 13:13:50 INFO HiveMetaStore.audit: ugi=hpatel	ip=unknown-ip-addr	cmd=get_partition_with_auth : db=ddsw_dev tbl=dealer_hierarchy_core[AAAA]	
	Loading partition {dealer_code=AAAA}
15/09/06 13:13:50 INFO exec.Task: 	Loading partition {dealer_code=AAAA}
15/09/06 13:13:50 INFO metastore.HiveMetaStore: 0: get_partition_with_auth : db=ddsw_dev tbl=dealer_hierarchy_core[ZZZZ]
15/09/06 13:13:50 INFO HiveMetaStore.audit: ugi=hpatel	ip=unknown-ip-addr	cmd=get_partition_with_auth : db=ddsw_dev tbl=dealer_hierarchy_core[ZZZZ]	
	Loading partition {dealer_code=ZZZZ}
15/09/06 13:13:50 INFO exec.Task: 	Loading partition {dealer_code=ZZZZ}
15/09/06 13:13:50 INFO log.PerfLogger: </PERFLOG method=runTasks start=1441563229845 end=1441563230395 duration=550 from=org.apache.hadoop.hive.ql.Driver>
15/09/06 13:13:50 INFO log.PerfLogger: </PERFLOG method=Driver.execute start=1441563229844 end=1441563230395 duration=551 from=org.apache.hadoop.hive.ql.Driver>
MapReduce Jobs Launched: 
15/09/06 13:13:50 INFO ql.Driver: MapReduce Jobs Launched: 
Stage-Stage-1:  HDFS Read: 0 HDFS Write: 0 SUCCESS
15/09/06 13:13:50 INFO ql.Driver: Stage-Stage-1:  HDFS Read: 0 HDFS Write: 0 SUCCESS
Total MapReduce CPU Time Spent: 0 msec
15/09/06 13:13:50 INFO ql.Driver: Total MapReduce CPU Time Spent: 0 msec
OK
15/09/06 13:13:50 INFO ql.Driver: OK
15/09/06 13:13:50 INFO log.PerfLogger: <PERFLOG method=releaseLocks from=org.apache.hadoop.hive.ql.Driver>
15/09/06 13:13:50 INFO log.PerfLogger: </PERFLOG method=releaseLocks start=1441563230396 end=1441563230396 duration=0 from=org.apache.hadoop.hive.ql.Driver>
15/09/06 13:13:50 INFO log.PerfLogger: </PERFLOG method=Driver.run start=1441563229747 end=1441563230396 duration=649 from=org.apache.hadoop.hive.ql.Driver>
15/09/06 13:13:50 INFO service.HiveServer: Running the query: select COUNT(*) from dealer_hierarchy_temp_data
15/09/06 13:13:50 INFO log.PerfLogger: <PERFLOG method=Driver.run from=org.apache.hadoop.hive.ql.Driver>
15/09/06 13:13:50 INFO log.PerfLogger: <PERFLOG method=TimeToSubmit from=org.apache.hadoop.hive.ql.Driver>
15/09/06 13:13:50 INFO ql.Driver: Concurrency mode is disabled, not creating a lock manager
15/09/06 13:13:50 INFO log.PerfLogger: <PERFLOG method=compile from=org.apache.hadoop.hive.ql.Driver>
15/09/06 13:13:50 INFO log.PerfLogger: <PERFLOG method=parse from=org.apache.hadoop.hive.ql.Driver>
15/09/06 13:13:50 INFO parse.ParseDriver: Parsing command: select COUNT(*) from dealer_hierarchy_temp_data
15/09/06 13:13:50 INFO parse.ParseDriver: Parse Completed
15/09/06 13:13:50 INFO log.PerfLogger: </PERFLOG method=parse start=1441563230397 end=1441563230397 duration=0 from=org.apache.hadoop.hive.ql.Driver>
15/09/06 13:13:50 INFO log.PerfLogger: <PERFLOG method=semanticAnalyze from=org.apache.hadoop.hive.ql.Driver>
15/09/06 13:13:50 INFO parse.SemanticAnalyzer: Starting Semantic Analysis
15/09/06 13:13:50 INFO parse.SemanticAnalyzer: Completed phase 1 of Semantic Analysis
15/09/06 13:13:50 INFO parse.SemanticAnalyzer: Get metadata for source tables
15/09/06 13:13:50 INFO metastore.HiveMetaStore: 0: get_table : db=ddsw_dev tbl=dealer_hierarchy_temp_data
15/09/06 13:13:50 INFO HiveMetaStore.audit: ugi=hpatel	ip=unknown-ip-addr	cmd=get_table : db=ddsw_dev tbl=dealer_hierarchy_temp_data	
15/09/06 13:13:50 INFO parse.SemanticAnalyzer: Get metadata for subqueries
15/09/06 13:13:50 INFO parse.SemanticAnalyzer: Get metadata for destination tables
15/09/06 13:13:50 INFO ql.Context: New scratch dir is file:/var/folders/y7/4_pz5fzx54ngcmghz3v6t3m00000gn/T/junit8690338365344900462/scratchdir/hive_2015-09-06_13-13-50_397_4303893279174603244-1
15/09/06 13:13:50 INFO parse.SemanticAnalyzer: Completed getting MetaData in Semantic Analysis
15/09/06 13:13:50 INFO common.FileUtils: Creating directory if it doesn't exist: file:/var/folders/y7/4_pz5fzx54ngcmghz3v6t3m00000gn/T/junit8690338365344900462/scratchdir/hive_2015-09-06_13-13-50_397_4303893279174603244-1/-mr-10000/.hive-staging_hive_2015-09-06_13-13-50_397_4303893279174603244-1
15/09/06 13:13:50 INFO parse.SemanticAnalyzer: Set stats collection dir : file:/var/folders/y7/4_pz5fzx54ngcmghz3v6t3m00000gn/T/junit8690338365344900462/scratchdir/hive_2015-09-06_13-13-50_397_4303893279174603244-1/-mr-10000/.hive-staging_hive_2015-09-06_13-13-50_397_4303893279174603244-1/-ext-10002
15/09/06 13:13:50 INFO ppd.OpProcFactory: Processing for FS(114)
15/09/06 13:13:50 INFO ppd.OpProcFactory: Processing for SEL(113)
15/09/06 13:13:50 INFO ppd.OpProcFactory: Processing for GBY(112)
15/09/06 13:13:50 INFO ppd.OpProcFactory: Processing for RS(111)
15/09/06 13:13:50 INFO ppd.OpProcFactory: Processing for GBY(110)
15/09/06 13:13:50 INFO ppd.OpProcFactory: Processing for SEL(109)
15/09/06 13:13:50 INFO ppd.OpProcFactory: Processing for TS(108)
15/09/06 13:13:50 INFO log.PerfLogger: <PERFLOG method=partition-retrieving from=org.apache.hadoop.hive.ql.optimizer.ppr.PartitionPruner>
15/09/06 13:13:50 INFO metastore.HiveMetaStore: 0: get_partitions : db=ddsw_dev tbl=dealer_hierarchy_temp_data
15/09/06 13:13:50 INFO HiveMetaStore.audit: ugi=hpatel	ip=unknown-ip-addr	cmd=get_partitions : db=ddsw_dev tbl=dealer_hierarchy_temp_data	
15/09/06 13:13:50 INFO log.PerfLogger: </PERFLOG method=partition-retrieving start=1441563230452 end=1441563230458 duration=6 from=org.apache.hadoop.hive.ql.optimizer.ppr.PartitionPruner>
15/09/06 13:13:50 INFO optimizer.ColumnPrunerProcFactory: RS 111 oldColExprMap: {VALUE._col0=Column[_col0]}
15/09/06 13:13:50 INFO optimizer.ColumnPrunerProcFactory: RS 111 newColExprMap: {VALUE._col0=Column[_col0]}
15/09/06 13:13:50 INFO optimizer.SortedDynPartitionOptimizer: Sorted dynamic partitioning optimization kicked in..
15/09/06 13:13:50 INFO parse.SemanticAnalyzer: Completed plan generation
15/09/06 13:13:50 INFO ql.Driver: Semantic Analysis Completed
15/09/06 13:13:50 INFO log.PerfLogger: </PERFLOG method=semanticAnalyze start=1441563230397 end=1441563230461 duration=64 from=org.apache.hadoop.hive.ql.Driver>
15/09/06 13:13:50 INFO exec.ListSinkOperator: Initializing Self 115 OP
15/09/06 13:13:50 INFO exec.ListSinkOperator: Operator 115 OP initialized
15/09/06 13:13:50 INFO exec.ListSinkOperator: Initialization Done 115 OP
15/09/06 13:13:50 INFO ql.Driver: Returning Hive schema: Schema(fieldSchemas:[FieldSchema(name:_c0, type:bigint, comment:null)], properties:null)
15/09/06 13:13:50 INFO log.PerfLogger: </PERFLOG method=compile start=1441563230397 end=1441563230462 duration=65 from=org.apache.hadoop.hive.ql.Driver>
15/09/06 13:13:50 INFO log.PerfLogger: <PERFLOG method=Driver.execute from=org.apache.hadoop.hive.ql.Driver>
15/09/06 13:13:50 INFO ql.Driver: Starting command: select COUNT(*) from dealer_hierarchy_temp_data
Total jobs = 1
15/09/06 13:13:50 INFO ql.Driver: Total jobs = 1
15/09/06 13:13:50 INFO log.PerfLogger: </PERFLOG method=TimeToSubmit start=1441563230397 end=1441563230462 duration=65 from=org.apache.hadoop.hive.ql.Driver>
15/09/06 13:13:50 INFO log.PerfLogger: <PERFLOG method=runTasks from=org.apache.hadoop.hive.ql.Driver>
15/09/06 13:13:50 INFO log.PerfLogger: <PERFLOG method=task.MAPRED.Stage-1 from=org.apache.hadoop.hive.ql.Driver>
Launching Job 1 out of 1
15/09/06 13:13:50 INFO ql.Driver: Launching Job 1 out of 1
Number of reduce tasks determined at compile time: 1
15/09/06 13:13:50 INFO exec.Task: Number of reduce tasks determined at compile time: 1
In order to change the average load for a reducer (in bytes):
15/09/06 13:13:50 INFO exec.Task: In order to change the average load for a reducer (in bytes):
  set hive.exec.reducers.bytes.per.reducer=<number>
15/09/06 13:13:50 INFO exec.Task:   set hive.exec.reducers.bytes.per.reducer=<number>
In order to limit the maximum number of reducers:
15/09/06 13:13:50 INFO exec.Task: In order to limit the maximum number of reducers:
  set hive.exec.reducers.max=<number>
15/09/06 13:13:50 INFO exec.Task:   set hive.exec.reducers.max=<number>
In order to set a constant number of reducers:
15/09/06 13:13:50 INFO exec.Task: In order to set a constant number of reducers:
  set mapreduce.job.reduces=<number>
15/09/06 13:13:50 INFO exec.Task:   set mapreduce.job.reduces=<number>
15/09/06 13:13:50 INFO ql.Context: New scratch dir is file:/var/folders/y7/4_pz5fzx54ngcmghz3v6t3m00000gn/T/junit8690338365344900462/scratchdir/hive_2015-09-06_13-13-50_397_4303893279174603244-1
15/09/06 13:13:50 INFO mr.ExecDriver: Using org.apache.hadoop.hive.ql.io.CombineHiveInputFormat
15/09/06 13:13:50 INFO exec.Utilities: Processing alias dealer_hierarchy_temp_data
15/09/06 13:13:50 INFO exec.Utilities: Adding input file file:/var/folders/y7/4_pz5fzx54ngcmghz3v6t3m00000gn/T/junit8690338365344900462/hadooptmp/dealer_hierarchy/temp_data/dealer_code=AAAA
15/09/06 13:13:50 INFO exec.Utilities: Content Summary not cached for file:/var/folders/y7/4_pz5fzx54ngcmghz3v6t3m00000gn/T/junit8690338365344900462/hadooptmp/dealer_hierarchy/temp_data/dealer_code=AAAA
15/09/06 13:13:50 INFO exec.Utilities: Adding input file file:/var/folders/y7/4_pz5fzx54ngcmghz3v6t3m00000gn/T/junit8690338365344900462/hadooptmp/dealer_hierarchy/temp_data/dealer_code=ZZZZ
15/09/06 13:13:50 INFO exec.Utilities: Content Summary not cached for file:/var/folders/y7/4_pz5fzx54ngcmghz3v6t3m00000gn/T/junit8690338365344900462/hadooptmp/dealer_hierarchy/temp_data/dealer_code=ZZZZ
15/09/06 13:13:50 INFO ql.Context: New scratch dir is file:/var/folders/y7/4_pz5fzx54ngcmghz3v6t3m00000gn/T/junit8690338365344900462/scratchdir/hive_2015-09-06_13-13-50_397_4303893279174603244-1
15/09/06 13:13:50 INFO log.PerfLogger: <PERFLOG method=serializePlan from=org.apache.hadoop.hive.ql.exec.Utilities>
15/09/06 13:13:50 INFO exec.Utilities: Serializing MapWork via kryo
15/09/06 13:13:50 INFO log.PerfLogger: </PERFLOG method=serializePlan start=1441563230465 end=1441563230467 duration=2 from=org.apache.hadoop.hive.ql.exec.Utilities>
15/09/06 13:13:50 INFO exec.Utilities: Setting plan: /var/folders/y7/4_pz5fzx54ngcmghz3v6t3m00000gn/T/junit8690338365344900462/scratchdir/hive_2015-09-06_13-13-50_397_4303893279174603244-1/-mr-10004/81f2ac36-7c74-47d3-b7b2-c2c9af6abaf1/map.xml
15/09/06 13:13:50 INFO log.PerfLogger: <PERFLOG method=serializePlan from=org.apache.hadoop.hive.ql.exec.Utilities>
15/09/06 13:13:50 INFO exec.Utilities: Serializing ReduceWork via kryo
15/09/06 13:13:50 INFO log.PerfLogger: </PERFLOG method=serializePlan start=1441563230467 end=1441563230469 duration=2 from=org.apache.hadoop.hive.ql.exec.Utilities>
15/09/06 13:13:50 INFO exec.Utilities: Setting plan: /var/folders/y7/4_pz5fzx54ngcmghz3v6t3m00000gn/T/junit8690338365344900462/scratchdir/hive_2015-09-06_13-13-50_397_4303893279174603244-1/-mr-10004/81f2ac36-7c74-47d3-b7b2-c2c9af6abaf1/reduce.xml
15/09/06 13:13:50 INFO jvm.JvmMetrics: Cannot initialize JVM Metrics with processName=JobTracker, sessionId= - already initialized
15/09/06 13:13:50 WARN mapred.JobClient: Use GenericOptionsParser for parsing the arguments. Applications should implement Tool for the same.
15/09/06 13:13:50 INFO log.PerfLogger: <PERFLOG method=getSplits from=org.apache.hadoop.hive.ql.io.CombineHiveInputFormat>
15/09/06 13:13:50 INFO io.CombineHiveInputFormat: CombineHiveInputSplit creating pool for file:/var/folders/y7/4_pz5fzx54ngcmghz3v6t3m00000gn/T/junit8690338365344900462/hadooptmp/dealer_hierarchy/temp_data/dealer_code=AAAA; using filter path file:/var/folders/y7/4_pz5fzx54ngcmghz3v6t3m00000gn/T/junit8690338365344900462/hadooptmp/dealer_hierarchy/temp_data/dealer_code=AAAA
15/09/06 13:13:50 INFO io.CombineHiveInputFormat: CombineHiveInputSplit: pool is already created for file:/var/folders/y7/4_pz5fzx54ngcmghz3v6t3m00000gn/T/junit8690338365344900462/hadooptmp/dealer_hierarchy/temp_data/dealer_code=ZZZZ; using filter path file:/var/folders/y7/4_pz5fzx54ngcmghz3v6t3m00000gn/T/junit8690338365344900462/hadooptmp/dealer_hierarchy/temp_data/dealer_code=ZZZZ
15/09/06 13:13:50 INFO mapred.FileInputFormat: Total input paths to process : 2
15/09/06 13:13:50 INFO io.CombineHiveInputFormat: number of splits 1
15/09/06 13:13:50 INFO log.PerfLogger: </PERFLOG method=getSplits start=1441563230536 end=1441563230539 duration=3 from=org.apache.hadoop.hive.ql.io.CombineHiveInputFormat>
Starting Job = job_local1483151809_0008, Tracking URL = http://localhost:8080/
15/09/06 13:13:50 INFO mapred.LocalJobRunner: OutputCommitter set in config org.apache.hadoop.hive.shims.HadoopShimsSecure$NullOutputCommitter
15/09/06 13:13:50 INFO exec.Task: Starting Job = job_local1483151809_0008, Tracking URL = http://localhost:8080/
15/09/06 13:13:50 INFO mapred.LocalJobRunner: OutputCommitter is org.apache.hadoop.hive.shims.HadoopShimsSecure$NullOutputCommitter
Kill Command = NO_BIN! job  -kill job_local1483151809_0008
15/09/06 13:13:50 INFO exec.Task: Kill Command = NO_BIN! job  -kill job_local1483151809_0008
15/09/06 13:13:50 INFO mapred.LocalJobRunner: Waiting for map tasks
15/09/06 13:13:50 INFO mapred.LocalJobRunner: Starting task: attempt_local1483151809_0008_m_000000_0
15/09/06 13:13:50 WARN mapreduce.Counters: Group org.apache.hadoop.mapred.Task$Counter is deprecated. Use org.apache.hadoop.mapreduce.TaskCounter instead
Hadoop job information for Stage-1: number of mappers: 0; number of reducers: 0
15/09/06 13:13:50 INFO exec.Task: Hadoop job information for Stage-1: number of mappers: 0; number of reducers: 0
15/09/06 13:13:50 INFO mapred.Task:  Using ResourceCalculatorPlugin : null
15/09/06 13:13:50 WARN mapreduce.Counters: Group org.apache.hadoop.mapred.Task$Counter is deprecated. Use org.apache.hadoop.mapreduce.TaskCounter instead
2015-09-06 13:13:50,593 Stage-1 map = 0%,  reduce = 0%
15/09/06 13:13:50 INFO exec.Task: 2015-09-06 13:13:50,593 Stage-1 map = 0%,  reduce = 0%
15/09/06 13:13:50 INFO mapred.MapTask: Processing split: Paths:/var/folders/y7/4_pz5fzx54ngcmghz3v6t3m00000gn/T/junit8690338365344900462/hadooptmp/dealer_hierarchy/temp_data/dealer_code=AAAA/temp_data_from_string.csv:0+216,/var/folders/y7/4_pz5fzx54ngcmghz3v6t3m00000gn/T/junit8690338365344900462/hadooptmp/dealer_hierarchy/temp_data/dealer_code=ZZZZ/temp_data_from_file.csv:0+626InputFormatClass: org.apache.hadoop.mapred.TextInputFormat

15/09/06 13:13:50 INFO io.HiveContextAwareRecordReader: Processing file file:/var/folders/y7/4_pz5fzx54ngcmghz3v6t3m00000gn/T/junit8690338365344900462/hadooptmp/dealer_hierarchy/temp_data/dealer_code=AAAA/temp_data_from_string.csv
15/09/06 13:13:50 WARN mapreduce.Counters: Counter name MAP_INPUT_BYTES is deprecated. Use FileInputFormatCounters as group name and  BYTES_READ as counter name instead
15/09/06 13:13:50 INFO mapred.MapTask: numReduceTasks: 1
15/09/06 13:13:50 INFO mapred.MapTask: Map output collector class = org.apache.hadoop.mapred.MapTask$MapOutputBuffer
15/09/06 13:13:50 INFO mapred.MapTask: io.sort.mb = 100
15/09/06 13:13:50 INFO mapred.MapTask: data buffer = 79691776/99614720
15/09/06 13:13:50 INFO mapred.MapTask: record buffer = 262144/327680
15/09/06 13:13:50 INFO mr.ExecMapper: maximum memory = 3817865216
15/09/06 13:13:50 INFO mr.ExecMapper: conf classpath = [file:/Users/hpatel/.gradle/caches/2.1/workerMain/gradle-worker.jar, file:/Users/hpatel/Tech/Projects/CAT/ddsw_dev/hive-test/build/classes/test/, file:/Users/hpatel/Tech/Projects/CAT/ddsw_dev/hive-test/build/resources/test/, file:/Users/hpatel/Tech/Projects/CAT/ddsw_dev/hive-test/build/classes/main/, file:/Users/hpatel/Tech/Projects/CAT/ddsw_dev/hive-test/build/resources/main, file:/Users/hpatel/.gradle/caches/modules-2/files-2.1/junit/junit/4.11/4e031bb61df09069aeb2bffb4019e7a5034a4ee0/junit-4.11.jar, file:/Users/hpatel/.gradle/caches/modules-2/files-2.1/com.klarna/hiverunner/1.0.0/e26bb0655fff4d88fab91f331793d9fc1db392cc/HiveRunner-1.0.0.jar, file:/Users/hpatel/Tech/Projects/CAT/ddsw_dev/custom-cat-udfs/build/libs/custom-cat-udfs-0.1.38-SNAPSHOT.jar, file:/Users/hpatel/.gradle/caches/modules-2/files-2.1/org.apache.hadoop/hadoop-client/2.5.0-cdh5.3.3/ec3cd6a8cb043e73a42918934c5d3a3f2747c78b/hadoop-client-2.5.0-cdh5.3.3.jar, file:/Users/hpatel/.gradle/caches/modules-2/files-2.1/org.hsqldb/hsqldb/2.3.1/bd7153caa30958e1c64a3dd38b93e5a7442d9a0e/hsqldb-2.3.1.jar, file:/Users/hpatel/.gradle/caches/modules-2/files-2.1/org.apache.hadoop/hadoop-core/2.5.0-mr1-cdh5.3.3/f6f4a77f818757da51ae0244310855779c04c4be/hadoop-core-2.5.0-mr1-cdh5.3.3.jar, file:/Users/hpatel/.gradle/caches/modules-2/files-2.1/org.reflections/reflections/0.9.8/f723abb59bf512952bfc503838f70f81487a6993/reflections-0.9.8.jar, file:/Users/hpatel/.gradle/caches/modules-2/files-2.1/org.mockito/mockito-core/1.10.19/e8546f5bef4e061d8dd73895b4e8f40e3fe6effe/mockito-core-1.10.19.jar, file:/Users/hpatel/.gradle/caches/modules-2/files-2.1/org.hamcrest/hamcrest-core/1.3/42a25dc3219429f0e5d060061f71acb49bf010a0/hamcrest-core-1.3.jar, file:/Users/hpatel/.gradle/caches/modules-2/files-2.1/org.pentaho/pentaho-aggdesigner-algorithm/5.1.5-jhyde/c52379c645c6c85300e645dff7c72653bf85baa2/pentaho-aggdesigner-algorithm-5.1.5-jhyde.jar, file:/Users/hpatel/.gradle/caches/modules-2/files-2.1/org.apache.hive/hive-serde/0.13.1-cdh5.3.3/9cee47c844d726e9bcef6ab292e1319b7fbddaa3/hive-serde-0.13.1-cdh5.3.3.jar, file:/Users/hpatel/.gradle/caches/modules-2/files-2.1/org.apache.hadoop/hadoop-common/2.5.0-cdh5.3.3/f0862eb1dc33c1807ea29a248af75551e3c6836a/hadoop-common-2.5.0-cdh5.3.3.jar, file:/Users/hpatel/.gradle/caches/modules-2/files-2.1/org.apache.hive/hive-contrib/0.13.1-cdh5.3.3/bf89b429c9b173ac275dc0c1623f5c30e780ee98/hive-contrib-0.13.1-cdh5.3.3.jar, file:/Users/hpatel/.gradle/caches/modules-2/files-2.1/org.datanucleus/datanucleus-core/3.2.12/3212183bb5a2826cd5ff194b9a54619dd0bdf31f/datanucleus-core-3.2.12.jar, file:/Users/hpatel/.gradle/caches/modules-2/files-2.1/org.datanucleus/datanucleus-rdbms/3.2.11/5b053144c89fdff1505b853aa7f1e5ba7657da75/datanucleus-rdbms-3.2.11.jar, file:/Users/hpatel/.gradle/caches/modules-2/files-2.1/org.datanucleus/datanucleus-api-jdo/3.2.8/efc60221fbc91e95cf5758b98c6c5531660696cb/datanucleus-api-jdo-3.2.8.jar, file:/Users/hpatel/.gradle/caches/modules-2/files-2.1/org.apache.hive/hive-shims/0.13.1-cdh5.3.3/47b029532c0b9d45526dcdd858823e6f9634ab81/hive-shims-0.13.1-cdh5.3.3.jar, file:/Users/hpatel/.gradle/caches/modules-2/files-2.1/org.apache.commons/commons-lang3/3.3.1/6738a2da2202ce360f0af90aba005c1e05a2c4cd/commons-lang3-3.3.1.jar, file:/Users/hpatel/.gradle/caches/modules-2/files-2.1/joda-time/joda-time/2.3/56498efd17752898cfcc3868c1b6211a07b12b8f/joda-time-2.3.jar, file:/Users/hpatel/.gradle/caches/modules-2/files-2.1/org.apache.hadoop/hadoop-hdfs/2.5.0-cdh5.3.3/5dd5e2be13d89a9eaab89d3a33bcdf6677671aa9/hadoop-hdfs-2.5.0-cdh5.3.3.jar, file:/Users/hpatel/.gradle/caches/modules-2/files-2.1/org.apache.hadoop/hadoop-mapreduce-client-app/2.5.0-cdh5.3.3/579948f8fa6d9d72bf507bd021fa3dcc0670e95f/hadoop-mapreduce-client-app-2.5.0-cdh5.3.3.jar, file:/Users/hpatel/.gradle/caches/modules-2/files-2.1/org.apache.hadoop/hadoop-yarn-api/2.5.0-cdh5.3.3/a6d9b4b7cbcacd000350a3e33c70269101b5fc79/hadoop-yarn-api-2.5.0-cdh5.3.3.jar, file:/Users/hpatel/.gradle/caches/modules-2/files-2.1/org.apache.hadoop/hadoop-mapreduce-client-core/2.5.0-cdh5.3.3/f2c8eaa2b8a5839a7781f04cf59c4d1abfefec9e/hadoop-mapreduce-client-core-2.5.0-cdh5.3.3.jar, file:/Users/hpatel/.gradle/caches/modules-2/files-2.1/org.apache.hadoop/hadoop-mapreduce-client-jobclient/2.5.0-cdh5.3.3/f8baecab9a91245a97e29e4867a7f5ae128ef8a9/hadoop-mapreduce-client-jobclient-2.5.0-cdh5.3.3.jar, file:/Users/hpatel/.gradle/caches/modules-2/files-2.1/org.apache.hadoop/hadoop-aws/2.5.0-cdh5.3.3/f712d9cf59c859914254bed5c87ee4e5a2204e78/hadoop-aws-2.5.0-cdh5.3.3.jar, file:/Users/hpatel/.gradle/caches/modules-2/files-2.1/org.apache.hadoop/hadoop-annotations/2.5.0-cdh5.3.3/e3b40743127d82ff7a6f263d00419368a46ce608/hadoop-annotations-2.5.0-cdh5.3.3.jar, file:/Users/hpatel/.gradle/caches/modules-2/files-2.1/commons-collections/commons-collections/3.2.1/761ea405b9b37ced573d2df0d1e3a4e0f9edc668/commons-collections-3.2.1.jar, file:/Users/hpatel/.gradle/caches/modules-2/files-2.1/commons-configuration/commons-configuration/1.6/32cadde23955d7681b0d94a2715846d20b425235/commons-configuration-1.6.jar, file:/Users/hpatel/.gradle/caches/modules-2/files-2.1/jline/jline/0.9.94/99a18e9a44834afdebc467294e1138364c207402/jline-0.9.94.jar, file:/Users/hpatel/.gradle/caches/modules-2/files-2.1/commons-cli/commons-cli/1.2/2bf96b7aa8b611c177d329452af1dc933e14501c/commons-cli-1.2.jar, file:/Users/hpatel/.gradle/caches/modules-2/files-2.1/xmlenc/xmlenc/0.52/d82554efbe65906d83b3d97bd7509289e9db561a/xmlenc-0.52.jar, file:/Users/hpatel/.gradle/caches/modules-2/files-2.1/commons-httpclient/commons-httpclient/3.1/964cd74171f427720480efdec40a7c7f6e58426a/commons-httpclient-3.1.jar, file:/Users/hpatel/.gradle/caches/modules-2/files-2.1/commons-net/commons-net/3.1/2298164a7c2484406f2aa5ac85b205d39019896f/commons-net-3.1.jar, file:/Users/hpatel/.gradle/caches/modules-2/files-2.1/tomcat/jasper-runtime/5.5.23/96ca5528a93ab47b001476b74320c644beb89dde/jasper-runtime-5.5.23.jar, file:/Users/hpatel/.gradle/caches/modules-2/files-2.1/tomcat/jasper-compiler/5.5.23/6d35bd7fb8c4fbc1f5401fb3678aa976d2e4c241/jasper-compiler-5.5.23.jar, file:/Users/hpatel/.gradle/caches/modules-2/files-2.1/javax.servlet.jsp/jsp-api/2.1/63f943103f250ef1f3a4d5e94d145a0f961f5316/jsp-api-2.1.jar, file:/Users/hpatel/.gradle/caches/modules-2/files-2.1/commons-el/commons-el/1.0/1df2c042b3f2de0124750241ac6c886dbfa2cc2c/commons-el-1.0.jar, file:/Users/hpatel/.gradle/caches/modules-2/files-2.1/javax.servlet/servlet-api/2.5/5959582d97d8b61f4d154ca9e495aafd16726e34/servlet-api-2.5.jar, file:/Users/hpatel/.gradle/caches/modules-2/files-2.1/hsqldb/hsqldb/1.8.0.10/7e9978fdb754bce5fcd5161133e7734ecb683036/hsqldb-1.8.0.10.jar, file:/Users/hpatel/.gradle/caches/modules-2/files-2.1/org.eclipse.jdt/core/3.1.1/88c83ce444cf46d02494da37c9fa1eebc9ce9cea/core-3.1.1.jar, file:/Users/hpatel/.gradle/caches/modules-2/files-2.1/javassist/javassist/3.12.1.GA/526633327faa61aee448a519e8a4d53ec3057885/javassist-3.12.1.GA.jar, file:/Users/hpatel/.gradle/caches/modules-2/files-2.1/dom4j/dom4j/1.6.1/5d3ccc056b6f056dbf0dddfdf43894b9065a8f94/dom4j-1.6.1.jar, file:/Users/hpatel/.gradle/caches/modules-2/files-2.1/org.objenesis/objenesis/2.1/87c0ea803b69252868d09308b4618f766f135a96/objenesis-2.1.jar, file:/Users/hpatel/.gradle/caches/modules-2/files-2.1/commons-logging/commons-logging/1.1.3/f6f66e966c70a83ffbdb6f17a0919eaf7c8aca7f/commons-logging-1.1.3.jar, file:/Users/hpatel/.gradle/caches/modules-2/files-2.1/org.apache.hive/hive-common/0.13.1-cdh5.3.3/e3fbf24d30a553c50ae4d4eed23f81b0e1211c5a/hive-common-0.13.1-cdh5.3.3.jar, file:/Users/hpatel/.gradle/caches/modules-2/files-2.1/org.apache.avro/avro/1.7.6-cdh5.3.3/6d90271293977d199ed07002bf35e2805405cc64/avro-1.7.6-cdh5.3.3.jar, file:/Users/hpatel/.gradle/caches/modules-2/files-2.1/net.sf.opencsv/opencsv/2.3/c23708cdb9e80a144db433e23344a788a1fd6599/opencsv-2.3.jar, file:/Users/hpatel/.gradle/caches/modules-2/files-2.1/com.sun.jersey/jersey-servlet/1.14/4b87041a59ee152757b62e47a21d5b63fde20ffe/jersey-servlet-1.14.jar, file:/Users/hpatel/.gradle/caches/modules-2/files-2.1/org.slf4j/slf4j-log4j12/1.7.5/6edffc576ce104ec769d954618764f39f0f0f10d/slf4j-log4j12-1.7.5.jar, file:/Users/hpatel/.gradle/caches/modules-2/files-2.1/org.apache.commons/commons-math3/3.1.1/6719d757a98ff24a83d9d727bef9cec83f59b6e1/commons-math3-3.1.1.jar, file:/Users/hpatel/.gradle/caches/modules-2/files-2.1/commons-io/commons-io/2.4/b1b6ea3b7e4aa4f492509a4952029cd8e48019ad/commons-io-2.4.jar, file:/Users/hpatel/.gradle/caches/modules-2/files-2.1/com.sun.jersey/jersey-json/1.9/1aa73e1896bcc7013fed247157d7f676226eb432/jersey-json-1.9.jar, file:/Users/hpatel/.gradle/caches/modules-2/files-2.1/log4j/log4j/1.2.17/5af35056b4d257e4b64b9e8069c0746e8b08629f/log4j-1.2.17.jar, file:/Users/hpatel/.gradle/caches/modules-2/files-2.1/com.google.code.gson/gson/2.2.4/a60a5e993c98c864010053cb901b7eab25306568/gson-2.2.4.jar, file:/Users/hpatel/.gradle/caches/modules-2/files-2.1/org.apache.hadoop/hadoop-auth/2.5.0-cdh5.3.3/847eb288da72acfdd7d202da5149dec6cd20ceba/hadoop-auth-2.5.0-cdh5.3.3.jar, file:/Users/hpatel/.gradle/caches/modules-2/files-2.1/com.jcraft/jsch/0.1.42/a86104b0f2e0c0bab5b0df836065823a99b5e334/jsch-0.1.42.jar, file:/Users/hpatel/.gradle/caches/modules-2/files-2.1/org.apache.curator/curator-client/2.6.0/b9007c357ad1a78066fc6004e8b1feaa2318f6f3/curator-client-2.6.0.jar, file:/Users/hpatel/.gradle/caches/modules-2/files-2.1/org.apache.curator/curator-recipes/2.6.0/8736b0fc42e6bf006d585fe85c90aaa4ade5cbef/curator-recipes-2.6.0.jar, file:/Users/hpatel/.gradle/caches/modules-2/files-2.1/com.google.code.findbugs/jsr305/1.3.9/40719ea6961c0cb6afaeb6a921eaa1f6afd4cfdf/jsr305-1.3.9.jar, file:/Users/hpatel/.gradle/caches/modules-2/files-2.1/org.apache.commons/commons-compress/1.4.1/b02e84a993d88568417536240e970c4b809126fd/commons-compress-1.4.1.jar, file:/Users/hpatel/.gradle/caches/modules-2/files-2.1/org.apache.hive.shims/hive-shims-common/0.13.1-cdh5.3.3/3d9e5245018fbde18f52c4ab25fc35afdec2fc0a/hive-shims-common-0.13.1-cdh5.3.3.jar, file:/Users/hpatel/.gradle/caches/modules-2/files-2.1/org.apache.hive.shims/hive-shims-common-secure/0.13.1-cdh5.3.3/6b29a16b2a41b89bdbbc681c257ad7f766a90bcb/hive-shims-common-secure-0.13.1-cdh5.3.3.jar, file:/Users/hpatel/.gradle/caches/modules-2/files-2.1/org.apache.hive.shims/hive-shims-0.23/0.13.1-cdh5.3.3/7ab834955a767af200d1d9151c204751637d9ca9/hive-shims-0.23-0.13.1-cdh5.3.3.jar, file:/Users/hpatel/.gradle/caches/modules-2/files-2.1/org.apache.hive.shims/hive-shims-scheduler/0.13.1-cdh5.3.3/b6644420b74f936a838f7f3fd2fa19c19add0449/hive-shims-scheduler-0.13.1-cdh5.3.3.jar, file:/Users/hpatel/.gradle/caches/modules-2/files-2.1/org.apache.hadoop/hadoop-mapreduce-client-common/2.5.0-cdh5.3.3/f0d777bb76ca9f540c0c81a45934f0f5cf9975b8/hadoop-mapreduce-client-common-2.5.0-cdh5.3.3.jar, file:/Users/hpatel/.gradle/caches/modules-2/files-2.1/org.apache.hadoop/hadoop-mapreduce-client-shuffle/2.5.0-cdh5.3.3/b6c4316f6fcc406edf7e5bd77c50e46034ad5519/hadoop-mapreduce-client-shuffle-2.5.0-cdh5.3.3.jar, file:/Users/hpatel/.gradle/caches/modules-2/files-2.1/org.apache.hadoop/hadoop-yarn-common/2.5.0-cdh5.3.3/9499713b674eae1aa714fcd0e95e0d09daaf3824/hadoop-yarn-common-2.5.0-cdh5.3.3.jar, file:/Users/hpatel/.gradle/caches/modules-2/files-2.1/com.fasterxml.jackson.core/jackson-databind/2.2.3/3ae380888029daefb91d3ecdca3a37d8cb92bc9/jackson-databind-2.2.3.jar, file:/Users/hpatel/.gradle/caches/modules-2/files-2.1/com.fasterxml.jackson.core/jackson-annotations/2.2.3/527fece4f23a457070a36c371a26d6c0208e1c3/jackson-annotations-2.2.3.jar, file:/Users/hpatel/.gradle/caches/modules-2/files-2.1/com.amazonaws/aws-java-sdk/1.7.4/2c24ccb6f1ab845a7df971951d4b41c709a6517d/aws-java-sdk-1.7.4.jar, file:/Users/hpatel/.gradle/caches/modules-2/files-2.1/commons-digester/commons-digester/1.8/dc6a73fdbd1fa3f0944e8497c6c872fa21dca37e/commons-digester-1.8.jar, file:/Users/hpatel/.gradle/caches/modules-2/files-2.1/commons-beanutils/commons-beanutils-core/1.8.0/175dc721f87e4bc5cc0573f990e28c3cf9117508/commons-beanutils-core-1.8.0.jar, file:/Users/hpatel/.gradle/caches/modules-2/files-2.1/xml-apis/xml-apis/1.0.b2/3136ca936f64c9d68529f048c2618bd356bf85c9/xml-apis-1.0.b2.jar, file:/Users/hpatel/.gradle/caches/modules-2/files-2.1/com.thoughtworks.paranamer/paranamer/2.3/4a85963a752c0a2f715c3924bfc686865e7e1bc6/paranamer-2.3.jar, file:/Users/hpatel/.gradle/caches/modules-2/files-2.1/org.xerial.snappy/snappy-java/1.0.5/10cb4550360a0ec6b80f09a5209d00b6058e82bf/snappy-java-1.0.5.jar, file:/Users/hpatel/.gradle/caches/modules-2/files-2.1/org.codehaus.jettison/jettison/1.1/1a01a2a1218fcf9faa2cc2a6ced025bdea687262/jettison-1.1.jar, file:/Users/hpatel/.gradle/caches/modules-2/files-2.1/com.sun.xml.bind/jaxb-impl/2.2.3-1/56baae106392040a45a06d4a41099173425da1e6/jaxb-impl-2.2.3-1.jar, file:/Users/hpatel/.gradle/caches/modules-2/files-2.1/org.apache.directory.server/apacheds-kerberos-codec/2.0.0-M15/1c16e4e477183641c5f0dd5cdecd27ec331bacb5/apacheds-kerberos-codec-2.0.0-M15.jar, file:/Users/hpatel/.gradle/caches/modules-2/files-2.1/org.apache.curator/curator-framework/2.6.0/81a699c39d127b5b4ff97cc77da7650b53e5b5ed/curator-framework-2.6.0.jar, file:/Users/hpatel/.gradle/caches/modules-2/files-2.1/org.tukaani/xz/1.0/ecff5cb8b1189514c9d1d8d68eb77ac372e000c9/xz-1.0.jar, file:/Users/hpatel/.gradle/caches/modules-2/files-2.1/org.apache.hadoop/hadoop-yarn-client/2.5.0-cdh5.3.3/2d2ce5d0138d02b20aefcfc1ee8dd6f691911f63/hadoop-yarn-client-2.5.0-cdh5.3.3.jar, file:/Users/hpatel/.gradle/caches/modules-2/files-2.1/org.apache.hadoop/hadoop-yarn-server-common/2.5.0-cdh5.3.3/d099fcc19f56d477fa6b5b47ae4e06bb97538778/hadoop-yarn-server-common-2.5.0-cdh5.3.3.jar, file:/Users/hpatel/.gradle/caches/modules-2/files-2.1/org.apache.hadoop/hadoop-yarn-server-nodemanager/2.5.0-cdh5.3.3/278b2d7a6454ce57a94ab02a88c0b188afc8facc/hadoop-yarn-server-nodemanager-2.5.0-cdh5.3.3.jar, file:/Users/hpatel/.gradle/caches/modules-2/files-2.1/org.fusesource.leveldbjni/leveldbjni-all/1.8/707350a2eeb1fa2ed77a32ddb3893ed308e941db/leveldbjni-all-1.8.jar, file:/Users/hpatel/.gradle/caches/modules-2/files-2.1/javax.xml.bind/jaxb-api/2.2.2/aeb3021ca93dde265796d82015beecdcff95bf09/jaxb-api-2.2.2.jar, file:/Users/hpatel/.gradle/caches/modules-2/files-2.1/com.google.inject/guice/3.0/9d84f15fe35e2c716a02979fb62f50a29f38aefa/guice-3.0.jar, file:/Users/hpatel/.gradle/caches/modules-2/files-2.1/com.sun.jersey.contribs/jersey-guice/1.9/5963c28c47df7e5d6ad34cec80c071c368777f7b/jersey-guice-1.9.jar, file:/Users/hpatel/.gradle/caches/modules-2/files-2.1/com.fasterxml.jackson.core/jackson-core/2.2.3/1a0113da2cab5f4c216b4e5e7c1dbfaa67087e14/jackson-core-2.2.3.jar, file:/Users/hpatel/.gradle/caches/modules-2/files-2.1/commons-beanutils/commons-beanutils/1.7.0/5675fd96b29656504b86029551973d60fb41339b/commons-beanutils-1.7.0.jar, file:/Users/hpatel/.gradle/caches/modules-2/files-2.1/org.apache.directory.server/apacheds-i18n/2.0.0-M15/71c61c84683152ec2a6a65f3f96fe534e304fa22/apacheds-i18n-2.0.0-M15.jar, file:/Users/hpatel/.gradle/caches/modules-2/files-2.1/org.apache.directory.api/api-asn1-api/1.0.0-M20/5e6486ffa3125ba44dc410ead166e1d6ba8ac76d/api-asn1-api-1.0.0-M20.jar, file:/Users/hpatel/.gradle/caches/modules-2/files-2.1/org.apache.directory.api/api-util/1.0.0-M20/a871abf060b3cf83fc6dc4d7e3d151fce50ac3cb/api-util-1.0.0-M20.jar, file:/Users/hpatel/.gradle/caches/modules-2/files-2.1/com.sun.jersey/jersey-client/1.9/d3c4b2b5f89db32c96ceddcb863684821910a7bb/jersey-client-1.9.jar, file:/Users/hpatel/.gradle/caches/modules-2/files-2.1/javax.xml.stream/stax-api/1.0-2/d6337b0de8b25e53e81b922352fbea9f9f57ba0b/stax-api-1.0-2.jar, file:/Users/hpatel/.gradle/caches/modules-2/files-2.1/javax.activation/activation/1.1/e6cb541461c2834bdea3eb920f1884d1eb508b50/activation-1.1.jar, file:/Users/hpatel/.gradle/caches/modules-2/files-2.1/javax.inject/javax.inject/1/6975da39a7040257bd51d21a231b76c915872d38/javax.inject-1.jar, file:/Users/hpatel/.gradle/caches/modules-2/files-2.1/aopalliance/aopalliance/1.0/235ba8b489512805ac13a8f9ea77a1ca5ebe3e8/aopalliance-1.0.jar, file:/Users/hpatel/.gradle/caches/modules-2/files-2.1/org.sonatype.sisu.inject/cglib/2.2.1-v20090111/7ce5e983fd0e6c78346f4c9cbfa39d83049dda2/cglib-2.2.1-v20090111.jar, file:/Users/hpatel/.gradle/caches/modules-2/files-2.1/asm/asm/3.1/c157def142714c544bdea2e6144645702adf7097/asm-3.1.jar, file:/Users/hpatel/.gradle/caches/modules-2/files-2.1/org.apache.hive/hive-service/0.13.1-cdh5.3.3/c7979b4213bfb62823d43ba726e0fea58032dd1e/hive-service-0.13.1-cdh5.3.3.jar, file:/Users/hpatel/.gradle/caches/modules-2/files-2.1/net.sf.jpam/jpam/1.1/cb3d91c2dfda767518a371dbb02edfd6a4aa0600/jpam-1.1.jar, file:/Users/hpatel/.gradle/caches/modules-2/files-2.1/org.eclipse.jetty.aggregate/jetty-all/7.6.0.v20120127/47bb68e3837e5c6422138dd1e0d4d75c60dce87a/jetty-all-7.6.0.v20120127.jar, file:/Users/hpatel/.gradle/caches/modules-2/files-2.1/org.apache.thrift/libfb303/0.9.0/639bd69767fdbd7f658ce8233248fe1cea635164/libfb303-0.9.0.jar, file:/Users/hpatel/.gradle/caches/modules-2/files-2.1/org.apache.geronimo.specs/geronimo-jta_1.1_spec/1.1.1/aabab3165b8ea936b9360abbf448459c0d04a5a4/geronimo-jta_1.1_spec-1.1.1.jar, file:/Users/hpatel/.gradle/caches/modules-2/files-2.1/javax.mail/mail/1.4.1/8b7bc69010655425dabf091b51d1e90b4de36715/mail-1.4.1.jar, file:/Users/hpatel/.gradle/caches/modules-2/files-2.1/org.apache.geronimo.specs/geronimo-jaspic_1.0_spec/1.0/44b95be7dae1147716dce5336419eafade880756/geronimo-jaspic_1.0_spec-1.0.jar, file:/Users/hpatel/.gradle/caches/modules-2/files-2.1/org.apache.geronimo.specs/geronimo-annotation_1.0_spec/1.1.1/47caa799389f69d297b86bf90523d431599c3796/geronimo-annotation_1.0_spec-1.1.1.jar, file:/Users/hpatel/.gradle/caches/modules-2/files-2.1/asm/asm-commons/3.1/1b607fbfe7889c6fdff1b7c16439ade0a60869ac/asm-commons-3.1.jar, file:/Users/hpatel/.gradle/caches/modules-2/files-2.1/asm/asm-tree/3.1/c9a5d4334ddf194ea492f22107d45119a5c5322f/asm-tree-3.1.jar, file:/Users/hpatel/.gradle/caches/modules-2/files-2.1/commons-lang/commons-lang/2.6/ce1edb914c94ebc388f086c6827e8bdeec71ac2/commons-lang-2.6.jar, file:/Users/hpatel/.gradle/caches/modules-2/files-2.1/org.mortbay.jetty/jetty/6.1.26.cloudera.4/d59325a5ff8ff18f7543bc3fbb9d5efa0c0ff521/jetty-6.1.26.cloudera.4.jar, file:/Users/hpatel/.gradle/caches/modules-2/files-2.1/org.mortbay.jetty/jetty-util/6.1.26.cloudera.4/b8507b7c5d3fd9a3d01775272cbf1a63f530c19d/jetty-util-6.1.26.cloudera.4.jar, file:/Users/hpatel/.gradle/caches/modules-2/files-2.1/net.java.dev.jets3t/jets3t/0.9.0/792bc96ee7e57b89f472aa0cb5a31015b9f59c96/jets3t-0.9.0.jar, file:/Users/hpatel/.gradle/caches/modules-2/files-2.1/com.jamesmurty.utils/java-xmlbuilder/0.4/ac5962e48cdee3a0a6e1f8e00fcb594747ac5aaf/java-xmlbuilder-0.4.jar, file:/Users/hpatel/.gradle/caches/modules-2/files-2.1/com.google.protobuf/protobuf-java/2.5.0/a10732c76bfacdbd633a7eb0f7968b1059a65dfa/protobuf-java-2.5.0.jar, file:/Users/hpatel/.gradle/caches/modules-2/files-2.1/org.apache.hive/hive-exec/0.13.1-cdh5.3.3/4d935274127f47dd9c0875efcf317ba49aef1219/hive-exec-0.13.1-cdh5.3.3.jar, file:/Users/hpatel/.gradle/caches/modules-2/files-2.1/org.apache.hive/hive-ant/0.13.1-cdh5.3.3/86954e92a903253177cd6935798c50a6c32b7b81/hive-ant-0.13.1-cdh5.3.3.jar, file:/Users/hpatel/.gradle/caches/modules-2/files-2.1/org.antlr/antlr-runtime/3.4/8f011408269a8e42b8548687e137d8eeb56df4b4/antlr-runtime-3.4.jar, file:/Users/hpatel/.gradle/caches/modules-2/files-2.1/org.antlr/ST4/4.0.4/467a2aa12be6d0f0f68c70eecf6714ab733027ac/ST4-4.0.4.jar, file:/Users/hpatel/.gradle/caches/modules-2/files-2.1/org.apache.ant/ant/1.9.1/35900c96dbebc85dcfbd71f4661059ebcf93c077/ant-1.9.1.jar, file:/Users/hpatel/.gradle/caches/modules-2/files-2.1/org.codehaus.groovy/groovy-all/2.1.6/165b8246372a829c1915611646f6d964010656cf/groovy-all-2.1.6.jar, file:/Users/hpatel/.gradle/caches/modules-2/files-2.1/stax/stax-api/1.0.1/49c100caf72d658aca8e58bd74a4ba90fa2b0d70/stax-api-1.0.1.jar, file:/Users/hpatel/.gradle/caches/modules-2/files-2.1/org.apache.velocity/velocity/1.5/9f306baf7523ffc0e81a6353d08a584d254133b/velocity-1.5.jar, file:/Users/hpatel/.gradle/caches/modules-2/files-2.1/org.antlr/stringtemplate/3.2.1/59ec8083721eae215c6f3caee944c410d2be34de/stringtemplate-3.2.1.jar, file:/Users/hpatel/.gradle/caches/modules-2/files-2.1/antlr/antlr/2.7.7/83cd2cd674a217ade95a4bb83a8a14f351f48bd0/antlr-2.7.7.jar, file:/Users/hpatel/.gradle/caches/modules-2/files-2.1/org.apache.ant/ant-launcher/1.9.1/7c71043ca185eaada9e36391dd022d92859327de/ant-launcher-1.9.1.jar, file:/Users/hpatel/.gradle/caches/modules-2/files-2.1/oro/oro/2.0.8/5592374f834645c4ae250f4c9fbb314c9369d698/oro-2.0.8.jar, file:/Users/hpatel/.gradle/caches/modules-2/files-2.1/org.codehaus.jackson/jackson-core-asl/1.9.13/3c304d70f42f832e0a86d45bd437f692129299a4/jackson-core-asl-1.9.13.jar, file:/Users/hpatel/.gradle/caches/modules-2/files-2.1/org.codehaus.jackson/jackson-mapper-asl/1.9.13/1ee2f2bed0e5dd29d1cb155a166e6f8d50bbddb7/jackson-mapper-asl-1.9.13.jar, file:/Users/hpatel/.gradle/caches/modules-2/files-2.1/org.slf4j/slf4j-api/1.7.6/562424e36df3d2327e8e9301a76027fca17d54ea/slf4j-api-1.7.6.jar, file:/Users/hpatel/.gradle/caches/modules-2/files-2.1/com.sun.jersey/jersey-server/1.14/b1a21724c9b708ed54d42d41bb19ff45ae1d49d9/jersey-server-1.14.jar, file:/Users/hpatel/.gradle/caches/modules-2/files-2.1/org.apache.httpcomponents/httpclient/4.2.5/666e26e76f2e87d84e4f16acb546481ae1b8e9a6/httpclient-4.2.5.jar, file:/Users/hpatel/.gradle/caches/modules-2/files-2.1/org.apache.zookeeper/zookeeper/3.4.6/1b2502e29da1ebaade2357cd1de35a855fa3755/zookeeper-3.4.6.jar, file:/Users/hpatel/.gradle/caches/modules-2/files-2.1/com.google.guava/guava/16.0.1/5fa98cd1a63c99a44dd8d3b77e4762b066a5d0c5/guava-16.0.1.jar, file:/Users/hpatel/.gradle/caches/modules-2/files-2.1/org.codehaus.jackson/jackson-jaxrs/1.8.8/71b16055388e9bd3991c3c3834e8e55098b789f1/jackson-jaxrs-1.8.8.jar, file:/Users/hpatel/.gradle/caches/modules-2/files-2.1/org.codehaus.jackson/jackson-xc/1.8.8/52efa08bc1e4cfea168f552b9e3088297d9d0926/jackson-xc-1.8.8.jar, file:/Users/hpatel/.gradle/caches/modules-2/files-2.1/org.apache.hive/hive-metastore/0.13.1-cdh5.3.3/ca93686a17f064a5ab6587799721cddd7836e53a/hive-metastore-0.13.1-cdh5.3.3.jar, file:/Users/hpatel/.gradle/caches/modules-2/files-2.1/com.jolbox/bonecp/0.8.0.RELEASE/cec24ee9345b3678472bb1b8fdd6aa6b9428beb8/bonecp-0.8.0.RELEASE.jar, file:/Users/hpatel/.gradle/caches/modules-2/files-2.1/org.apache.derby/derby/10.10.1.1/9f6f910f0373adc1b23c10f9b4bb151b7e7449f/derby-10.10.1.1.jar, file:/Users/hpatel/.gradle/caches/modules-2/files-2.1/javax.jdo/jdo-api/3.0.1/58e7a538e020b73871e232eeb064835fd98a492/jdo-api-3.0.1.jar, file:/Users/hpatel/.gradle/caches/modules-2/files-2.1/javax.transaction/jta/1.1/2ca09f0b36ca7d71b762e14ea2ff09d5eac57558/jta-1.1.jar, file:/Users/hpatel/.gradle/caches/modules-2/files-2.1/org.apache.thrift/libthrift/0.9.0/9ba8df332b5db95ce7f3b7a83e44d796c3d014d3/libthrift-0.9.0.jar, file:/Users/hpatel/.gradle/caches/modules-2/files-2.1/org.apache.httpcomponents/httpcore/4.2.4/3b7f38df6de5dd8b500e602ae8c2dd5ee446f883/httpcore-4.2.4.jar, file:/Users/hpatel/.gradle/caches/modules-2/files-2.1/com.sun.jersey/jersey-core/1.14/693061de8b9b352b11e997b1dd4052677778852d/jersey-core-1.14.jar, file:/Users/hpatel/.gradle/caches/modules-2/files-2.1/commons-codec/commons-codec/1.6/b7f0fc8f61ecadeb3695f0b9464755eee44374d4/commons-codec-1.6.jar, file:/Users/hpatel/.gradle/caches/modules-2/files-2.1/io.netty/netty/3.7.0.Final/7a8c35599c68c0bf383df74469aa3e03d9aca87/netty-3.7.0.Final.jar]
15/09/06 13:13:50 INFO mr.ExecMapper: thread classpath = [file:/Users/hpatel/.gradle/caches/2.1/workerMain/gradle-worker.jar, file:/Users/hpatel/Tech/Projects/CAT/ddsw_dev/hive-test/build/classes/test/, file:/Users/hpatel/Tech/Projects/CAT/ddsw_dev/hive-test/build/resources/test/, file:/Users/hpatel/Tech/Projects/CAT/ddsw_dev/hive-test/build/classes/main/, file:/Users/hpatel/Tech/Projects/CAT/ddsw_dev/hive-test/build/resources/main, file:/Users/hpatel/.gradle/caches/modules-2/files-2.1/junit/junit/4.11/4e031bb61df09069aeb2bffb4019e7a5034a4ee0/junit-4.11.jar, file:/Users/hpatel/.gradle/caches/modules-2/files-2.1/com.klarna/hiverunner/1.0.0/e26bb0655fff4d88fab91f331793d9fc1db392cc/HiveRunner-1.0.0.jar, file:/Users/hpatel/Tech/Projects/CAT/ddsw_dev/custom-cat-udfs/build/libs/custom-cat-udfs-0.1.38-SNAPSHOT.jar, file:/Users/hpatel/.gradle/caches/modules-2/files-2.1/org.apache.hadoop/hadoop-client/2.5.0-cdh5.3.3/ec3cd6a8cb043e73a42918934c5d3a3f2747c78b/hadoop-client-2.5.0-cdh5.3.3.jar, file:/Users/hpatel/.gradle/caches/modules-2/files-2.1/org.hsqldb/hsqldb/2.3.1/bd7153caa30958e1c64a3dd38b93e5a7442d9a0e/hsqldb-2.3.1.jar, file:/Users/hpatel/.gradle/caches/modules-2/files-2.1/org.apache.hadoop/hadoop-core/2.5.0-mr1-cdh5.3.3/f6f4a77f818757da51ae0244310855779c04c4be/hadoop-core-2.5.0-mr1-cdh5.3.3.jar, file:/Users/hpatel/.gradle/caches/modules-2/files-2.1/org.reflections/reflections/0.9.8/f723abb59bf512952bfc503838f70f81487a6993/reflections-0.9.8.jar, file:/Users/hpatel/.gradle/caches/modules-2/files-2.1/org.mockito/mockito-core/1.10.19/e8546f5bef4e061d8dd73895b4e8f40e3fe6effe/mockito-core-1.10.19.jar, file:/Users/hpatel/.gradle/caches/modules-2/files-2.1/org.hamcrest/hamcrest-core/1.3/42a25dc3219429f0e5d060061f71acb49bf010a0/hamcrest-core-1.3.jar, file:/Users/hpatel/.gradle/caches/modules-2/files-2.1/org.pentaho/pentaho-aggdesigner-algorithm/5.1.5-jhyde/c52379c645c6c85300e645dff7c72653bf85baa2/pentaho-aggdesigner-algorithm-5.1.5-jhyde.jar, file:/Users/hpatel/.gradle/caches/modules-2/files-2.1/org.apache.hive/hive-serde/0.13.1-cdh5.3.3/9cee47c844d726e9bcef6ab292e1319b7fbddaa3/hive-serde-0.13.1-cdh5.3.3.jar, file:/Users/hpatel/.gradle/caches/modules-2/files-2.1/org.apache.hadoop/hadoop-common/2.5.0-cdh5.3.3/f0862eb1dc33c1807ea29a248af75551e3c6836a/hadoop-common-2.5.0-cdh5.3.3.jar, file:/Users/hpatel/.gradle/caches/modules-2/files-2.1/org.apache.hive/hive-contrib/0.13.1-cdh5.3.3/bf89b429c9b173ac275dc0c1623f5c30e780ee98/hive-contrib-0.13.1-cdh5.3.3.jar, file:/Users/hpatel/.gradle/caches/modules-2/files-2.1/org.datanucleus/datanucleus-core/3.2.12/3212183bb5a2826cd5ff194b9a54619dd0bdf31f/datanucleus-core-3.2.12.jar, file:/Users/hpatel/.gradle/caches/modules-2/files-2.1/org.datanucleus/datanucleus-rdbms/3.2.11/5b053144c89fdff1505b853aa7f1e5ba7657da75/datanucleus-rdbms-3.2.11.jar, file:/Users/hpatel/.gradle/caches/modules-2/files-2.1/org.datanucleus/datanucleus-api-jdo/3.2.8/efc60221fbc91e95cf5758b98c6c5531660696cb/datanucleus-api-jdo-3.2.8.jar, file:/Users/hpatel/.gradle/caches/modules-2/files-2.1/org.apache.hive/hive-shims/0.13.1-cdh5.3.3/47b029532c0b9d45526dcdd858823e6f9634ab81/hive-shims-0.13.1-cdh5.3.3.jar, file:/Users/hpatel/.gradle/caches/modules-2/files-2.1/org.apache.commons/commons-lang3/3.3.1/6738a2da2202ce360f0af90aba005c1e05a2c4cd/commons-lang3-3.3.1.jar, file:/Users/hpatel/.gradle/caches/modules-2/files-2.1/joda-time/joda-time/2.3/56498efd17752898cfcc3868c1b6211a07b12b8f/joda-time-2.3.jar, file:/Users/hpatel/.gradle/caches/modules-2/files-2.1/org.apache.hadoop/hadoop-hdfs/2.5.0-cdh5.3.3/5dd5e2be13d89a9eaab89d3a33bcdf6677671aa9/hadoop-hdfs-2.5.0-cdh5.3.3.jar, file:/Users/hpatel/.gradle/caches/modules-2/files-2.1/org.apache.hadoop/hadoop-mapreduce-client-app/2.5.0-cdh5.3.3/579948f8fa6d9d72bf507bd021fa3dcc0670e95f/hadoop-mapreduce-client-app-2.5.0-cdh5.3.3.jar, file:/Users/hpatel/.gradle/caches/modules-2/files-2.1/org.apache.hadoop/hadoop-yarn-api/2.5.0-cdh5.3.3/a6d9b4b7cbcacd000350a3e33c70269101b5fc79/hadoop-yarn-api-2.5.0-cdh5.3.3.jar, file:/Users/hpatel/.gradle/caches/modules-2/files-2.1/org.apache.hadoop/hadoop-mapreduce-client-core/2.5.0-cdh5.3.3/f2c8eaa2b8a5839a7781f04cf59c4d1abfefec9e/hadoop-mapreduce-client-core-2.5.0-cdh5.3.3.jar, file:/Users/hpatel/.gradle/caches/modules-2/files-2.1/org.apache.hadoop/hadoop-mapreduce-client-jobclient/2.5.0-cdh5.3.3/f8baecab9a91245a97e29e4867a7f5ae128ef8a9/hadoop-mapreduce-client-jobclient-2.5.0-cdh5.3.3.jar, file:/Users/hpatel/.gradle/caches/modules-2/files-2.1/org.apache.hadoop/hadoop-aws/2.5.0-cdh5.3.3/f712d9cf59c859914254bed5c87ee4e5a2204e78/hadoop-aws-2.5.0-cdh5.3.3.jar, file:/Users/hpatel/.gradle/caches/modules-2/files-2.1/org.apache.hadoop/hadoop-annotations/2.5.0-cdh5.3.3/e3b40743127d82ff7a6f263d00419368a46ce608/hadoop-annotations-2.5.0-cdh5.3.3.jar, file:/Users/hpatel/.gradle/caches/modules-2/files-2.1/commons-collections/commons-collections/3.2.1/761ea405b9b37ced573d2df0d1e3a4e0f9edc668/commons-collections-3.2.1.jar, file:/Users/hpatel/.gradle/caches/modules-2/files-2.1/commons-configuration/commons-configuration/1.6/32cadde23955d7681b0d94a2715846d20b425235/commons-configuration-1.6.jar, file:/Users/hpatel/.gradle/caches/modules-2/files-2.1/jline/jline/0.9.94/99a18e9a44834afdebc467294e1138364c207402/jline-0.9.94.jar, file:/Users/hpatel/.gradle/caches/modules-2/files-2.1/commons-cli/commons-cli/1.2/2bf96b7aa8b611c177d329452af1dc933e14501c/commons-cli-1.2.jar, file:/Users/hpatel/.gradle/caches/modules-2/files-2.1/xmlenc/xmlenc/0.52/d82554efbe65906d83b3d97bd7509289e9db561a/xmlenc-0.52.jar, file:/Users/hpatel/.gradle/caches/modules-2/files-2.1/commons-httpclient/commons-httpclient/3.1/964cd74171f427720480efdec40a7c7f6e58426a/commons-httpclient-3.1.jar, file:/Users/hpatel/.gradle/caches/modules-2/files-2.1/commons-net/commons-net/3.1/2298164a7c2484406f2aa5ac85b205d39019896f/commons-net-3.1.jar, file:/Users/hpatel/.gradle/caches/modules-2/files-2.1/tomcat/jasper-runtime/5.5.23/96ca5528a93ab47b001476b74320c644beb89dde/jasper-runtime-5.5.23.jar, file:/Users/hpatel/.gradle/caches/modules-2/files-2.1/tomcat/jasper-compiler/5.5.23/6d35bd7fb8c4fbc1f5401fb3678aa976d2e4c241/jasper-compiler-5.5.23.jar, file:/Users/hpatel/.gradle/caches/modules-2/files-2.1/javax.servlet.jsp/jsp-api/2.1/63f943103f250ef1f3a4d5e94d145a0f961f5316/jsp-api-2.1.jar, file:/Users/hpatel/.gradle/caches/modules-2/files-2.1/commons-el/commons-el/1.0/1df2c042b3f2de0124750241ac6c886dbfa2cc2c/commons-el-1.0.jar, file:/Users/hpatel/.gradle/caches/modules-2/files-2.1/javax.servlet/servlet-api/2.5/5959582d97d8b61f4d154ca9e495aafd16726e34/servlet-api-2.5.jar, file:/Users/hpatel/.gradle/caches/modules-2/files-2.1/hsqldb/hsqldb/1.8.0.10/7e9978fdb754bce5fcd5161133e7734ecb683036/hsqldb-1.8.0.10.jar, file:/Users/hpatel/.gradle/caches/modules-2/files-2.1/org.eclipse.jdt/core/3.1.1/88c83ce444cf46d02494da37c9fa1eebc9ce9cea/core-3.1.1.jar, file:/Users/hpatel/.gradle/caches/modules-2/files-2.1/javassist/javassist/3.12.1.GA/526633327faa61aee448a519e8a4d53ec3057885/javassist-3.12.1.GA.jar, file:/Users/hpatel/.gradle/caches/modules-2/files-2.1/dom4j/dom4j/1.6.1/5d3ccc056b6f056dbf0dddfdf43894b9065a8f94/dom4j-1.6.1.jar, file:/Users/hpatel/.gradle/caches/modules-2/files-2.1/org.objenesis/objenesis/2.1/87c0ea803b69252868d09308b4618f766f135a96/objenesis-2.1.jar, file:/Users/hpatel/.gradle/caches/modules-2/files-2.1/commons-logging/commons-logging/1.1.3/f6f66e966c70a83ffbdb6f17a0919eaf7c8aca7f/commons-logging-1.1.3.jar, file:/Users/hpatel/.gradle/caches/modules-2/files-2.1/org.apache.hive/hive-common/0.13.1-cdh5.3.3/e3fbf24d30a553c50ae4d4eed23f81b0e1211c5a/hive-common-0.13.1-cdh5.3.3.jar, file:/Users/hpatel/.gradle/caches/modules-2/files-2.1/org.apache.avro/avro/1.7.6-cdh5.3.3/6d90271293977d199ed07002bf35e2805405cc64/avro-1.7.6-cdh5.3.3.jar, file:/Users/hpatel/.gradle/caches/modules-2/files-2.1/net.sf.opencsv/opencsv/2.3/c23708cdb9e80a144db433e23344a788a1fd6599/opencsv-2.3.jar, file:/Users/hpatel/.gradle/caches/modules-2/files-2.1/com.sun.jersey/jersey-servlet/1.14/4b87041a59ee152757b62e47a21d5b63fde20ffe/jersey-servlet-1.14.jar, file:/Users/hpatel/.gradle/caches/modules-2/files-2.1/org.slf4j/slf4j-log4j12/1.7.5/6edffc576ce104ec769d954618764f39f0f0f10d/slf4j-log4j12-1.7.5.jar, file:/Users/hpatel/.gradle/caches/modules-2/files-2.1/org.apache.commons/commons-math3/3.1.1/6719d757a98ff24a83d9d727bef9cec83f59b6e1/commons-math3-3.1.1.jar, file:/Users/hpatel/.gradle/caches/modules-2/files-2.1/commons-io/commons-io/2.4/b1b6ea3b7e4aa4f492509a4952029cd8e48019ad/commons-io-2.4.jar, file:/Users/hpatel/.gradle/caches/modules-2/files-2.1/com.sun.jersey/jersey-json/1.9/1aa73e1896bcc7013fed247157d7f676226eb432/jersey-json-1.9.jar, file:/Users/hpatel/.gradle/caches/modules-2/files-2.1/log4j/log4j/1.2.17/5af35056b4d257e4b64b9e8069c0746e8b08629f/log4j-1.2.17.jar, file:/Users/hpatel/.gradle/caches/modules-2/files-2.1/com.google.code.gson/gson/2.2.4/a60a5e993c98c864010053cb901b7eab25306568/gson-2.2.4.jar, file:/Users/hpatel/.gradle/caches/modules-2/files-2.1/org.apache.hadoop/hadoop-auth/2.5.0-cdh5.3.3/847eb288da72acfdd7d202da5149dec6cd20ceba/hadoop-auth-2.5.0-cdh5.3.3.jar, file:/Users/hpatel/.gradle/caches/modules-2/files-2.1/com.jcraft/jsch/0.1.42/a86104b0f2e0c0bab5b0df836065823a99b5e334/jsch-0.1.42.jar, file:/Users/hpatel/.gradle/caches/modules-2/files-2.1/org.apache.curator/curator-client/2.6.0/b9007c357ad1a78066fc6004e8b1feaa2318f6f3/curator-client-2.6.0.jar, file:/Users/hpatel/.gradle/caches/modules-2/files-2.1/org.apache.curator/curator-recipes/2.6.0/8736b0fc42e6bf006d585fe85c90aaa4ade5cbef/curator-recipes-2.6.0.jar, file:/Users/hpatel/.gradle/caches/modules-2/files-2.1/com.google.code.findbugs/jsr305/1.3.9/40719ea6961c0cb6afaeb6a921eaa1f6afd4cfdf/jsr305-1.3.9.jar, file:/Users/hpatel/.gradle/caches/modules-2/files-2.1/org.apache.commons/commons-compress/1.4.1/b02e84a993d88568417536240e970c4b809126fd/commons-compress-1.4.1.jar, file:/Users/hpatel/.gradle/caches/modules-2/files-2.1/org.apache.hive.shims/hive-shims-common/0.13.1-cdh5.3.3/3d9e5245018fbde18f52c4ab25fc35afdec2fc0a/hive-shims-common-0.13.1-cdh5.3.3.jar, file:/Users/hpatel/.gradle/caches/modules-2/files-2.1/org.apache.hive.shims/hive-shims-common-secure/0.13.1-cdh5.3.3/6b29a16b2a41b89bdbbc681c257ad7f766a90bcb/hive-shims-common-secure-0.13.1-cdh5.3.3.jar, file:/Users/hpatel/.gradle/caches/modules-2/files-2.1/org.apache.hive.shims/hive-shims-0.23/0.13.1-cdh5.3.3/7ab834955a767af200d1d9151c204751637d9ca9/hive-shims-0.23-0.13.1-cdh5.3.3.jar, file:/Users/hpatel/.gradle/caches/modules-2/files-2.1/org.apache.hive.shims/hive-shims-scheduler/0.13.1-cdh5.3.3/b6644420b74f936a838f7f3fd2fa19c19add0449/hive-shims-scheduler-0.13.1-cdh5.3.3.jar, file:/Users/hpatel/.gradle/caches/modules-2/files-2.1/org.apache.hadoop/hadoop-mapreduce-client-common/2.5.0-cdh5.3.3/f0d777bb76ca9f540c0c81a45934f0f5cf9975b8/hadoop-mapreduce-client-common-2.5.0-cdh5.3.3.jar, file:/Users/hpatel/.gradle/caches/modules-2/files-2.1/org.apache.hadoop/hadoop-mapreduce-client-shuffle/2.5.0-cdh5.3.3/b6c4316f6fcc406edf7e5bd77c50e46034ad5519/hadoop-mapreduce-client-shuffle-2.5.0-cdh5.3.3.jar, file:/Users/hpatel/.gradle/caches/modules-2/files-2.1/org.apache.hadoop/hadoop-yarn-common/2.5.0-cdh5.3.3/9499713b674eae1aa714fcd0e95e0d09daaf3824/hadoop-yarn-common-2.5.0-cdh5.3.3.jar, file:/Users/hpatel/.gradle/caches/modules-2/files-2.1/com.fasterxml.jackson.core/jackson-databind/2.2.3/3ae380888029daefb91d3ecdca3a37d8cb92bc9/jackson-databind-2.2.3.jar, file:/Users/hpatel/.gradle/caches/modules-2/files-2.1/com.fasterxml.jackson.core/jackson-annotations/2.2.3/527fece4f23a457070a36c371a26d6c0208e1c3/jackson-annotations-2.2.3.jar, file:/Users/hpatel/.gradle/caches/modules-2/files-2.1/com.amazonaws/aws-java-sdk/1.7.4/2c24ccb6f1ab845a7df971951d4b41c709a6517d/aws-java-sdk-1.7.4.jar, file:/Users/hpatel/.gradle/caches/modules-2/files-2.1/commons-digester/commons-digester/1.8/dc6a73fdbd1fa3f0944e8497c6c872fa21dca37e/commons-digester-1.8.jar, file:/Users/hpatel/.gradle/caches/modules-2/files-2.1/commons-beanutils/commons-beanutils-core/1.8.0/175dc721f87e4bc5cc0573f990e28c3cf9117508/commons-beanutils-core-1.8.0.jar, file:/Users/hpatel/.gradle/caches/modules-2/files-2.1/xml-apis/xml-apis/1.0.b2/3136ca936f64c9d68529f048c2618bd356bf85c9/xml-apis-1.0.b2.jar, file:/Users/hpatel/.gradle/caches/modules-2/files-2.1/com.thoughtworks.paranamer/paranamer/2.3/4a85963a752c0a2f715c3924bfc686865e7e1bc6/paranamer-2.3.jar, file:/Users/hpatel/.gradle/caches/modules-2/files-2.1/org.xerial.snappy/snappy-java/1.0.5/10cb4550360a0ec6b80f09a5209d00b6058e82bf/snappy-java-1.0.5.jar, file:/Users/hpatel/.gradle/caches/modules-2/files-2.1/org.codehaus.jettison/jettison/1.1/1a01a2a1218fcf9faa2cc2a6ced025bdea687262/jettison-1.1.jar, file:/Users/hpatel/.gradle/caches/modules-2/files-2.1/com.sun.xml.bind/jaxb-impl/2.2.3-1/56baae106392040a45a06d4a41099173425da1e6/jaxb-impl-2.2.3-1.jar, file:/Users/hpatel/.gradle/caches/modules-2/files-2.1/org.apache.directory.server/apacheds-kerberos-codec/2.0.0-M15/1c16e4e477183641c5f0dd5cdecd27ec331bacb5/apacheds-kerberos-codec-2.0.0-M15.jar, file:/Users/hpatel/.gradle/caches/modules-2/files-2.1/org.apache.curator/curator-framework/2.6.0/81a699c39d127b5b4ff97cc77da7650b53e5b5ed/curator-framework-2.6.0.jar, file:/Users/hpatel/.gradle/caches/modules-2/files-2.1/org.tukaani/xz/1.0/ecff5cb8b1189514c9d1d8d68eb77ac372e000c9/xz-1.0.jar, file:/Users/hpatel/.gradle/caches/modules-2/files-2.1/org.apache.hadoop/hadoop-yarn-client/2.5.0-cdh5.3.3/2d2ce5d0138d02b20aefcfc1ee8dd6f691911f63/hadoop-yarn-client-2.5.0-cdh5.3.3.jar, file:/Users/hpatel/.gradle/caches/modules-2/files-2.1/org.apache.hadoop/hadoop-yarn-server-common/2.5.0-cdh5.3.3/d099fcc19f56d477fa6b5b47ae4e06bb97538778/hadoop-yarn-server-common-2.5.0-cdh5.3.3.jar, file:/Users/hpatel/.gradle/caches/modules-2/files-2.1/org.apache.hadoop/hadoop-yarn-server-nodemanager/2.5.0-cdh5.3.3/278b2d7a6454ce57a94ab02a88c0b188afc8facc/hadoop-yarn-server-nodemanager-2.5.0-cdh5.3.3.jar, file:/Users/hpatel/.gradle/caches/modules-2/files-2.1/org.fusesource.leveldbjni/leveldbjni-all/1.8/707350a2eeb1fa2ed77a32ddb3893ed308e941db/leveldbjni-all-1.8.jar, file:/Users/hpatel/.gradle/caches/modules-2/files-2.1/javax.xml.bind/jaxb-api/2.2.2/aeb3021ca93dde265796d82015beecdcff95bf09/jaxb-api-2.2.2.jar, file:/Users/hpatel/.gradle/caches/modules-2/files-2.1/com.google.inject/guice/3.0/9d84f15fe35e2c716a02979fb62f50a29f38aefa/guice-3.0.jar, file:/Users/hpatel/.gradle/caches/modules-2/files-2.1/com.sun.jersey.contribs/jersey-guice/1.9/5963c28c47df7e5d6ad34cec80c071c368777f7b/jersey-guice-1.9.jar, file:/Users/hpatel/.gradle/caches/modules-2/files-2.1/com.fasterxml.jackson.core/jackson-core/2.2.3/1a0113da2cab5f4c216b4e5e7c1dbfaa67087e14/jackson-core-2.2.3.jar, file:/Users/hpatel/.gradle/caches/modules-2/files-2.1/commons-beanutils/commons-beanutils/1.7.0/5675fd96b29656504b86029551973d60fb41339b/commons-beanutils-1.7.0.jar, file:/Users/hpatel/.gradle/caches/modules-2/files-2.1/org.apache.directory.server/apacheds-i18n/2.0.0-M15/71c61c84683152ec2a6a65f3f96fe534e304fa22/apacheds-i18n-2.0.0-M15.jar, file:/Users/hpatel/.gradle/caches/modules-2/files-2.1/org.apache.directory.api/api-asn1-api/1.0.0-M20/5e6486ffa3125ba44dc410ead166e1d6ba8ac76d/api-asn1-api-1.0.0-M20.jar, file:/Users/hpatel/.gradle/caches/modules-2/files-2.1/org.apache.directory.api/api-util/1.0.0-M20/a871abf060b3cf83fc6dc4d7e3d151fce50ac3cb/api-util-1.0.0-M20.jar, file:/Users/hpatel/.gradle/caches/modules-2/files-2.1/com.sun.jersey/jersey-client/1.9/d3c4b2b5f89db32c96ceddcb863684821910a7bb/jersey-client-1.9.jar, file:/Users/hpatel/.gradle/caches/modules-2/files-2.1/javax.xml.stream/stax-api/1.0-2/d6337b0de8b25e53e81b922352fbea9f9f57ba0b/stax-api-1.0-2.jar, file:/Users/hpatel/.gradle/caches/modules-2/files-2.1/javax.activation/activation/1.1/e6cb541461c2834bdea3eb920f1884d1eb508b50/activation-1.1.jar, file:/Users/hpatel/.gradle/caches/modules-2/files-2.1/javax.inject/javax.inject/1/6975da39a7040257bd51d21a231b76c915872d38/javax.inject-1.jar, file:/Users/hpatel/.gradle/caches/modules-2/files-2.1/aopalliance/aopalliance/1.0/235ba8b489512805ac13a8f9ea77a1ca5ebe3e8/aopalliance-1.0.jar, file:/Users/hpatel/.gradle/caches/modules-2/files-2.1/org.sonatype.sisu.inject/cglib/2.2.1-v20090111/7ce5e983fd0e6c78346f4c9cbfa39d83049dda2/cglib-2.2.1-v20090111.jar, file:/Users/hpatel/.gradle/caches/modules-2/files-2.1/asm/asm/3.1/c157def142714c544bdea2e6144645702adf7097/asm-3.1.jar, file:/Users/hpatel/.gradle/caches/modules-2/files-2.1/org.apache.hive/hive-service/0.13.1-cdh5.3.3/c7979b4213bfb62823d43ba726e0fea58032dd1e/hive-service-0.13.1-cdh5.3.3.jar, file:/Users/hpatel/.gradle/caches/modules-2/files-2.1/net.sf.jpam/jpam/1.1/cb3d91c2dfda767518a371dbb02edfd6a4aa0600/jpam-1.1.jar, file:/Users/hpatel/.gradle/caches/modules-2/files-2.1/org.eclipse.jetty.aggregate/jetty-all/7.6.0.v20120127/47bb68e3837e5c6422138dd1e0d4d75c60dce87a/jetty-all-7.6.0.v20120127.jar, file:/Users/hpatel/.gradle/caches/modules-2/files-2.1/org.apache.thrift/libfb303/0.9.0/639bd69767fdbd7f658ce8233248fe1cea635164/libfb303-0.9.0.jar, file:/Users/hpatel/.gradle/caches/modules-2/files-2.1/org.apache.geronimo.specs/geronimo-jta_1.1_spec/1.1.1/aabab3165b8ea936b9360abbf448459c0d04a5a4/geronimo-jta_1.1_spec-1.1.1.jar, file:/Users/hpatel/.gradle/caches/modules-2/files-2.1/javax.mail/mail/1.4.1/8b7bc69010655425dabf091b51d1e90b4de36715/mail-1.4.1.jar, file:/Users/hpatel/.gradle/caches/modules-2/files-2.1/org.apache.geronimo.specs/geronimo-jaspic_1.0_spec/1.0/44b95be7dae1147716dce5336419eafade880756/geronimo-jaspic_1.0_spec-1.0.jar, file:/Users/hpatel/.gradle/caches/modules-2/files-2.1/org.apache.geronimo.specs/geronimo-annotation_1.0_spec/1.1.1/47caa799389f69d297b86bf90523d431599c3796/geronimo-annotation_1.0_spec-1.1.1.jar, file:/Users/hpatel/.gradle/caches/modules-2/files-2.1/asm/asm-commons/3.1/1b607fbfe7889c6fdff1b7c16439ade0a60869ac/asm-commons-3.1.jar, file:/Users/hpatel/.gradle/caches/modules-2/files-2.1/asm/asm-tree/3.1/c9a5d4334ddf194ea492f22107d45119a5c5322f/asm-tree-3.1.jar, file:/Users/hpatel/.gradle/caches/modules-2/files-2.1/commons-lang/commons-lang/2.6/ce1edb914c94ebc388f086c6827e8bdeec71ac2/commons-lang-2.6.jar, file:/Users/hpatel/.gradle/caches/modules-2/files-2.1/org.mortbay.jetty/jetty/6.1.26.cloudera.4/d59325a5ff8ff18f7543bc3fbb9d5efa0c0ff521/jetty-6.1.26.cloudera.4.jar, file:/Users/hpatel/.gradle/caches/modules-2/files-2.1/org.mortbay.jetty/jetty-util/6.1.26.cloudera.4/b8507b7c5d3fd9a3d01775272cbf1a63f530c19d/jetty-util-6.1.26.cloudera.4.jar, file:/Users/hpatel/.gradle/caches/modules-2/files-2.1/net.java.dev.jets3t/jets3t/0.9.0/792bc96ee7e57b89f472aa0cb5a31015b9f59c96/jets3t-0.9.0.jar, file:/Users/hpatel/.gradle/caches/modules-2/files-2.1/com.jamesmurty.utils/java-xmlbuilder/0.4/ac5962e48cdee3a0a6e1f8e00fcb594747ac5aaf/java-xmlbuilder-0.4.jar, file:/Users/hpatel/.gradle/caches/modules-2/files-2.1/com.google.protobuf/protobuf-java/2.5.0/a10732c76bfacdbd633a7eb0f7968b1059a65dfa/protobuf-java-2.5.0.jar, file:/Users/hpatel/.gradle/caches/modules-2/files-2.1/org.apache.hive/hive-exec/0.13.1-cdh5.3.3/4d935274127f47dd9c0875efcf317ba49aef1219/hive-exec-0.13.1-cdh5.3.3.jar, file:/Users/hpatel/.gradle/caches/modules-2/files-2.1/org.apache.hive/hive-ant/0.13.1-cdh5.3.3/86954e92a903253177cd6935798c50a6c32b7b81/hive-ant-0.13.1-cdh5.3.3.jar, file:/Users/hpatel/.gradle/caches/modules-2/files-2.1/org.antlr/antlr-runtime/3.4/8f011408269a8e42b8548687e137d8eeb56df4b4/antlr-runtime-3.4.jar, file:/Users/hpatel/.gradle/caches/modules-2/files-2.1/org.antlr/ST4/4.0.4/467a2aa12be6d0f0f68c70eecf6714ab733027ac/ST4-4.0.4.jar, file:/Users/hpatel/.gradle/caches/modules-2/files-2.1/org.apache.ant/ant/1.9.1/35900c96dbebc85dcfbd71f4661059ebcf93c077/ant-1.9.1.jar, file:/Users/hpatel/.gradle/caches/modules-2/files-2.1/org.codehaus.groovy/groovy-all/2.1.6/165b8246372a829c1915611646f6d964010656cf/groovy-all-2.1.6.jar, file:/Users/hpatel/.gradle/caches/modules-2/files-2.1/stax/stax-api/1.0.1/49c100caf72d658aca8e58bd74a4ba90fa2b0d70/stax-api-1.0.1.jar, file:/Users/hpatel/.gradle/caches/modules-2/files-2.1/org.apache.velocity/velocity/1.5/9f306baf7523ffc0e81a6353d08a584d254133b/velocity-1.5.jar, file:/Users/hpatel/.gradle/caches/modules-2/files-2.1/org.antlr/stringtemplate/3.2.1/59ec8083721eae215c6f3caee944c410d2be34de/stringtemplate-3.2.1.jar, file:/Users/hpatel/.gradle/caches/modules-2/files-2.1/antlr/antlr/2.7.7/83cd2cd674a217ade95a4bb83a8a14f351f48bd0/antlr-2.7.7.jar, file:/Users/hpatel/.gradle/caches/modules-2/files-2.1/org.apache.ant/ant-launcher/1.9.1/7c71043ca185eaada9e36391dd022d92859327de/ant-launcher-1.9.1.jar, file:/Users/hpatel/.gradle/caches/modules-2/files-2.1/oro/oro/2.0.8/5592374f834645c4ae250f4c9fbb314c9369d698/oro-2.0.8.jar, file:/Users/hpatel/.gradle/caches/modules-2/files-2.1/org.codehaus.jackson/jackson-core-asl/1.9.13/3c304d70f42f832e0a86d45bd437f692129299a4/jackson-core-asl-1.9.13.jar, file:/Users/hpatel/.gradle/caches/modules-2/files-2.1/org.codehaus.jackson/jackson-mapper-asl/1.9.13/1ee2f2bed0e5dd29d1cb155a166e6f8d50bbddb7/jackson-mapper-asl-1.9.13.jar, file:/Users/hpatel/.gradle/caches/modules-2/files-2.1/org.slf4j/slf4j-api/1.7.6/562424e36df3d2327e8e9301a76027fca17d54ea/slf4j-api-1.7.6.jar, file:/Users/hpatel/.gradle/caches/modules-2/files-2.1/com.sun.jersey/jersey-server/1.14/b1a21724c9b708ed54d42d41bb19ff45ae1d49d9/jersey-server-1.14.jar, file:/Users/hpatel/.gradle/caches/modules-2/files-2.1/org.apache.httpcomponents/httpclient/4.2.5/666e26e76f2e87d84e4f16acb546481ae1b8e9a6/httpclient-4.2.5.jar, file:/Users/hpatel/.gradle/caches/modules-2/files-2.1/org.apache.zookeeper/zookeeper/3.4.6/1b2502e29da1ebaade2357cd1de35a855fa3755/zookeeper-3.4.6.jar, file:/Users/hpatel/.gradle/caches/modules-2/files-2.1/com.google.guava/guava/16.0.1/5fa98cd1a63c99a44dd8d3b77e4762b066a5d0c5/guava-16.0.1.jar, file:/Users/hpatel/.gradle/caches/modules-2/files-2.1/org.codehaus.jackson/jackson-jaxrs/1.8.8/71b16055388e9bd3991c3c3834e8e55098b789f1/jackson-jaxrs-1.8.8.jar, file:/Users/hpatel/.gradle/caches/modules-2/files-2.1/org.codehaus.jackson/jackson-xc/1.8.8/52efa08bc1e4cfea168f552b9e3088297d9d0926/jackson-xc-1.8.8.jar, file:/Users/hpatel/.gradle/caches/modules-2/files-2.1/org.apache.hive/hive-metastore/0.13.1-cdh5.3.3/ca93686a17f064a5ab6587799721cddd7836e53a/hive-metastore-0.13.1-cdh5.3.3.jar, file:/Users/hpatel/.gradle/caches/modules-2/files-2.1/com.jolbox/bonecp/0.8.0.RELEASE/cec24ee9345b3678472bb1b8fdd6aa6b9428beb8/bonecp-0.8.0.RELEASE.jar, file:/Users/hpatel/.gradle/caches/modules-2/files-2.1/org.apache.derby/derby/10.10.1.1/9f6f910f0373adc1b23c10f9b4bb151b7e7449f/derby-10.10.1.1.jar, file:/Users/hpatel/.gradle/caches/modules-2/files-2.1/javax.jdo/jdo-api/3.0.1/58e7a538e020b73871e232eeb064835fd98a492/jdo-api-3.0.1.jar, file:/Users/hpatel/.gradle/caches/modules-2/files-2.1/javax.transaction/jta/1.1/2ca09f0b36ca7d71b762e14ea2ff09d5eac57558/jta-1.1.jar, file:/Users/hpatel/.gradle/caches/modules-2/files-2.1/org.apache.thrift/libthrift/0.9.0/9ba8df332b5db95ce7f3b7a83e44d796c3d014d3/libthrift-0.9.0.jar, file:/Users/hpatel/.gradle/caches/modules-2/files-2.1/org.apache.httpcomponents/httpcore/4.2.4/3b7f38df6de5dd8b500e602ae8c2dd5ee446f883/httpcore-4.2.4.jar, file:/Users/hpatel/.gradle/caches/modules-2/files-2.1/com.sun.jersey/jersey-core/1.14/693061de8b9b352b11e997b1dd4052677778852d/jersey-core-1.14.jar, file:/Users/hpatel/.gradle/caches/modules-2/files-2.1/commons-codec/commons-codec/1.6/b7f0fc8f61ecadeb3695f0b9464755eee44374d4/commons-codec-1.6.jar, file:/Users/hpatel/.gradle/caches/modules-2/files-2.1/io.netty/netty/3.7.0.Final/7a8c35599c68c0bf383df74469aa3e03d9aca87/netty-3.7.0.Final.jar]
15/09/06 13:13:50 INFO mr.ObjectCache: Ignoring retrieval request: __MAP_PLAN__
15/09/06 13:13:50 INFO mr.ObjectCache: Ignoring cache key: __MAP_PLAN__
15/09/06 13:13:50 INFO exec.MapOperator: dump TS struct<file_name:string,gen_id:string,dms_system:string,dms_version:string,transmit_ts:string,orig_transmit_ts:string,transmit_by:string,record_status:string,dealer_updt_ind:string,store_number:string,part_type:string,store_name:string,inventory_store_number:string,cat_emrg_dealer_code:string,cat_stock_dealer_code:string,stock_replen_store_number:string,stock_replen_lead_time:string,lst_updt_ts:string,orig_lst_updt_ts:string,lst_updt_by_id:string,file_ins_ts:string,orig_file_ins_ts:string,exp_stock_plan_lead_time:string,dealer_code:string>
15/09/06 13:13:50 INFO mr.ExecMapper: 
<MAP>Id =116
  <Children>
    <TS>Id =108
      <Children>
        <SEL>Id =109
          <Children>
            <GBY>Id =110
              <Children>
                <RS>Id =111
                  <Children>
                  <\Children>
                  <Parent>Id = 110 null<\Parent>
                <\RS>
              <\Children>
              <Parent>Id = 109 null<\Parent>
            <\GBY>
          <\Children>
          <Parent>Id = 108 null<\Parent>
        <\SEL>
      <\Children>
      <Parent>Id = 116 null<\Parent>
    <\TS>
  <\Children>
  <Parent><\Parent>
<\MAP>
15/09/06 13:13:50 INFO exec.MapOperator: Initializing Self 116 MAP
15/09/06 13:13:50 INFO exec.TableScanOperator: Initializing Self 108 TS
15/09/06 13:13:50 INFO exec.TableScanOperator: Operator 108 TS initialized
15/09/06 13:13:50 INFO exec.TableScanOperator: Initializing children of 108 TS
15/09/06 13:13:50 INFO exec.SelectOperator: Initializing child 109 SEL
15/09/06 13:13:50 INFO exec.SelectOperator: Initializing Self 109 SEL
15/09/06 13:13:50 INFO exec.SelectOperator: SELECT struct<file_name:string,gen_id:string,dms_system:string,dms_version:string,transmit_ts:string,orig_transmit_ts:string,transmit_by:string,record_status:string,dealer_updt_ind:string,store_number:string,part_type:string,store_name:string,inventory_store_number:string,cat_emrg_dealer_code:string,cat_stock_dealer_code:string,stock_replen_store_number:string,stock_replen_lead_time:string,lst_updt_ts:string,orig_lst_updt_ts:string,lst_updt_by_id:string,file_ins_ts:string,orig_file_ins_ts:string,exp_stock_plan_lead_time:string,dealer_code:string>
15/09/06 13:13:50 INFO exec.SelectOperator: Operator 109 SEL initialized
15/09/06 13:13:50 INFO exec.SelectOperator: Initializing children of 109 SEL
15/09/06 13:13:50 INFO exec.GroupByOperator: Initializing child 110 GBY
15/09/06 13:13:50 INFO exec.GroupByOperator: Initializing Self 110 GBY
15/09/06 13:13:50 INFO exec.GroupByOperator: Operator 110 GBY initialized
15/09/06 13:13:50 INFO exec.GroupByOperator: Initializing children of 110 GBY
15/09/06 13:13:50 INFO exec.ReduceSinkOperator: Initializing child 111 RS
15/09/06 13:13:50 INFO exec.ReduceSinkOperator: Initializing Self 111 RS
15/09/06 13:13:50 INFO exec.ReduceSinkOperator: Using tag = -1
15/09/06 13:13:50 INFO exec.ReduceSinkOperator: Operator 111 RS initialized
15/09/06 13:13:50 INFO exec.ReduceSinkOperator: Initialization Done 111 RS
15/09/06 13:13:50 INFO exec.GroupByOperator: Initialization Done 110 GBY
15/09/06 13:13:50 INFO exec.SelectOperator: Initialization Done 109 SEL
15/09/06 13:13:50 INFO exec.TableScanOperator: Initialization Done 108 TS
15/09/06 13:13:50 INFO exec.MapOperator: Initialization Done 116 MAP
15/09/06 13:13:50 INFO exec.MapOperator: Processing alias dealer_hierarchy_temp_data for file file:/var/folders/y7/4_pz5fzx54ngcmghz3v6t3m00000gn/T/junit8690338365344900462/hadooptmp/dealer_hierarchy/temp_data/dealer_code=AAAA
15/09/06 13:13:50 INFO mr.ExecMapper: ExecMapper: processing 1 rows: used memory = 427865344
15/09/06 13:13:50 INFO io.HiveContextAwareRecordReader: Processing file file:/var/folders/y7/4_pz5fzx54ngcmghz3v6t3m00000gn/T/junit8690338365344900462/hadooptmp/dealer_hierarchy/temp_data/dealer_code=ZZZZ/temp_data_from_file.csv
15/09/06 13:13:50 INFO exec.MapOperator: Processing alias dealer_hierarchy_temp_data for file file:/var/folders/y7/4_pz5fzx54ngcmghz3v6t3m00000gn/T/junit8690338365344900462/hadooptmp/dealer_hierarchy/temp_data/dealer_code=ZZZZ
15/09/06 13:13:50 INFO exec.MapOperator: 116 finished. closing... 
15/09/06 13:13:50 INFO exec.MapOperator: DESERIALIZE_ERRORS:0
15/09/06 13:13:50 INFO exec.TableScanOperator: 108 finished. closing... 
15/09/06 13:13:50 INFO exec.SelectOperator: 109 finished. closing... 
15/09/06 13:13:50 INFO exec.GroupByOperator: 110 finished. closing... 
15/09/06 13:13:50 INFO exec.GroupByOperator: Begin Hash Table flush: size = 1
15/09/06 13:13:50 INFO exec.ReduceSinkOperator: 111 finished. closing... 
15/09/06 13:13:50 INFO exec.ReduceSinkOperator: 111 Close done
15/09/06 13:13:50 INFO exec.GroupByOperator: 110 Close done
15/09/06 13:13:50 INFO exec.SelectOperator: 109 Close done
15/09/06 13:13:50 INFO exec.TableScanOperator: 108 Close done
15/09/06 13:13:50 INFO exec.MapOperator: 116 Close done
15/09/06 13:13:50 INFO mr.ExecMapper: ExecMapper: processed 4 rows: used memory = 427865344
15/09/06 13:13:50 INFO mapred.MapTask: Starting flush of map output
15/09/06 13:13:50 INFO mapred.MapTask: Finished spill 0
15/09/06 13:13:50 INFO mapred.Task: Task:attempt_local1483151809_0008_m_000000_0 is done. And is in the process of commiting
15/09/06 13:13:50 INFO mapred.LocalJobRunner: file:/var/folders/y7/4_pz5fzx54ngcmghz3v6t3m00000gn/T/junit8690338365344900462/hadooptmp/dealer_hierarchy/temp_data/dealer_code=ZZZZ/temp_data_from_file.csv:0+626
15/09/06 13:13:50 INFO mapred.Task: Task 'attempt_local1483151809_0008_m_000000_0' done.
15/09/06 13:13:50 INFO mapred.LocalJobRunner: Finishing task: attempt_local1483151809_0008_m_000000_0
15/09/06 13:13:50 INFO mapred.LocalJobRunner: Map task executor complete.
15/09/06 13:13:50 WARN mapreduce.Counters: Group org.apache.hadoop.mapred.Task$Counter is deprecated. Use org.apache.hadoop.mapreduce.TaskCounter instead
2015-09-06 13:13:50,614 Stage-1 map = 100%,  reduce = 0%
15/09/06 13:13:50 INFO exec.Task: 2015-09-06 13:13:50,614 Stage-1 map = 100%,  reduce = 0%
15/09/06 13:13:50 INFO mapred.Task:  Using ResourceCalculatorPlugin : null
15/09/06 13:13:50 INFO mapred.LocalJobRunner: 
15/09/06 13:13:50 INFO mapred.Merger: Merging 1 sorted segments
15/09/06 13:13:50 INFO mapred.Merger: Down to the last merge-pass, with 1 segments left of total size: 15 bytes
15/09/06 13:13:50 INFO mapred.LocalJobRunner: 
15/09/06 13:13:50 INFO ExecReducer: maximum memory = 3817865216
15/09/06 13:13:50 INFO ExecReducer: conf classpath = [file:/Users/hpatel/.gradle/caches/2.1/workerMain/gradle-worker.jar, file:/Users/hpatel/Tech/Projects/CAT/ddsw_dev/hive-test/build/classes/test/, file:/Users/hpatel/Tech/Projects/CAT/ddsw_dev/hive-test/build/resources/test/, file:/Users/hpatel/Tech/Projects/CAT/ddsw_dev/hive-test/build/classes/main/, file:/Users/hpatel/Tech/Projects/CAT/ddsw_dev/hive-test/build/resources/main, file:/Users/hpatel/.gradle/caches/modules-2/files-2.1/junit/junit/4.11/4e031bb61df09069aeb2bffb4019e7a5034a4ee0/junit-4.11.jar, file:/Users/hpatel/.gradle/caches/modules-2/files-2.1/com.klarna/hiverunner/1.0.0/e26bb0655fff4d88fab91f331793d9fc1db392cc/HiveRunner-1.0.0.jar, file:/Users/hpatel/Tech/Projects/CAT/ddsw_dev/custom-cat-udfs/build/libs/custom-cat-udfs-0.1.38-SNAPSHOT.jar, file:/Users/hpatel/.gradle/caches/modules-2/files-2.1/org.apache.hadoop/hadoop-client/2.5.0-cdh5.3.3/ec3cd6a8cb043e73a42918934c5d3a3f2747c78b/hadoop-client-2.5.0-cdh5.3.3.jar, file:/Users/hpatel/.gradle/caches/modules-2/files-2.1/org.hsqldb/hsqldb/2.3.1/bd7153caa30958e1c64a3dd38b93e5a7442d9a0e/hsqldb-2.3.1.jar, file:/Users/hpatel/.gradle/caches/modules-2/files-2.1/org.apache.hadoop/hadoop-core/2.5.0-mr1-cdh5.3.3/f6f4a77f818757da51ae0244310855779c04c4be/hadoop-core-2.5.0-mr1-cdh5.3.3.jar, file:/Users/hpatel/.gradle/caches/modules-2/files-2.1/org.reflections/reflections/0.9.8/f723abb59bf512952bfc503838f70f81487a6993/reflections-0.9.8.jar, file:/Users/hpatel/.gradle/caches/modules-2/files-2.1/org.mockito/mockito-core/1.10.19/e8546f5bef4e061d8dd73895b4e8f40e3fe6effe/mockito-core-1.10.19.jar, file:/Users/hpatel/.gradle/caches/modules-2/files-2.1/org.hamcrest/hamcrest-core/1.3/42a25dc3219429f0e5d060061f71acb49bf010a0/hamcrest-core-1.3.jar, file:/Users/hpatel/.gradle/caches/modules-2/files-2.1/org.pentaho/pentaho-aggdesigner-algorithm/5.1.5-jhyde/c52379c645c6c85300e645dff7c72653bf85baa2/pentaho-aggdesigner-algorithm-5.1.5-jhyde.jar, file:/Users/hpatel/.gradle/caches/modules-2/files-2.1/org.apache.hive/hive-serde/0.13.1-cdh5.3.3/9cee47c844d726e9bcef6ab292e1319b7fbddaa3/hive-serde-0.13.1-cdh5.3.3.jar, file:/Users/hpatel/.gradle/caches/modules-2/files-2.1/org.apache.hadoop/hadoop-common/2.5.0-cdh5.3.3/f0862eb1dc33c1807ea29a248af75551e3c6836a/hadoop-common-2.5.0-cdh5.3.3.jar, file:/Users/hpatel/.gradle/caches/modules-2/files-2.1/org.apache.hive/hive-contrib/0.13.1-cdh5.3.3/bf89b429c9b173ac275dc0c1623f5c30e780ee98/hive-contrib-0.13.1-cdh5.3.3.jar, file:/Users/hpatel/.gradle/caches/modules-2/files-2.1/org.datanucleus/datanucleus-core/3.2.12/3212183bb5a2826cd5ff194b9a54619dd0bdf31f/datanucleus-core-3.2.12.jar, file:/Users/hpatel/.gradle/caches/modules-2/files-2.1/org.datanucleus/datanucleus-rdbms/3.2.11/5b053144c89fdff1505b853aa7f1e5ba7657da75/datanucleus-rdbms-3.2.11.jar, file:/Users/hpatel/.gradle/caches/modules-2/files-2.1/org.datanucleus/datanucleus-api-jdo/3.2.8/efc60221fbc91e95cf5758b98c6c5531660696cb/datanucleus-api-jdo-3.2.8.jar, file:/Users/hpatel/.gradle/caches/modules-2/files-2.1/org.apache.hive/hive-shims/0.13.1-cdh5.3.3/47b029532c0b9d45526dcdd858823e6f9634ab81/hive-shims-0.13.1-cdh5.3.3.jar, file:/Users/hpatel/.gradle/caches/modules-2/files-2.1/org.apache.commons/commons-lang3/3.3.1/6738a2da2202ce360f0af90aba005c1e05a2c4cd/commons-lang3-3.3.1.jar, file:/Users/hpatel/.gradle/caches/modules-2/files-2.1/joda-time/joda-time/2.3/56498efd17752898cfcc3868c1b6211a07b12b8f/joda-time-2.3.jar, file:/Users/hpatel/.gradle/caches/modules-2/files-2.1/org.apache.hadoop/hadoop-hdfs/2.5.0-cdh5.3.3/5dd5e2be13d89a9eaab89d3a33bcdf6677671aa9/hadoop-hdfs-2.5.0-cdh5.3.3.jar, file:/Users/hpatel/.gradle/caches/modules-2/files-2.1/org.apache.hadoop/hadoop-mapreduce-client-app/2.5.0-cdh5.3.3/579948f8fa6d9d72bf507bd021fa3dcc0670e95f/hadoop-mapreduce-client-app-2.5.0-cdh5.3.3.jar, file:/Users/hpatel/.gradle/caches/modules-2/files-2.1/org.apache.hadoop/hadoop-yarn-api/2.5.0-cdh5.3.3/a6d9b4b7cbcacd000350a3e33c70269101b5fc79/hadoop-yarn-api-2.5.0-cdh5.3.3.jar, file:/Users/hpatel/.gradle/caches/modules-2/files-2.1/org.apache.hadoop/hadoop-mapreduce-client-core/2.5.0-cdh5.3.3/f2c8eaa2b8a5839a7781f04cf59c4d1abfefec9e/hadoop-mapreduce-client-core-2.5.0-cdh5.3.3.jar, file:/Users/hpatel/.gradle/caches/modules-2/files-2.1/org.apache.hadoop/hadoop-mapreduce-client-jobclient/2.5.0-cdh5.3.3/f8baecab9a91245a97e29e4867a7f5ae128ef8a9/hadoop-mapreduce-client-jobclient-2.5.0-cdh5.3.3.jar, file:/Users/hpatel/.gradle/caches/modules-2/files-2.1/org.apache.hadoop/hadoop-aws/2.5.0-cdh5.3.3/f712d9cf59c859914254bed5c87ee4e5a2204e78/hadoop-aws-2.5.0-cdh5.3.3.jar, file:/Users/hpatel/.gradle/caches/modules-2/files-2.1/org.apache.hadoop/hadoop-annotations/2.5.0-cdh5.3.3/e3b40743127d82ff7a6f263d00419368a46ce608/hadoop-annotations-2.5.0-cdh5.3.3.jar, file:/Users/hpatel/.gradle/caches/modules-2/files-2.1/commons-collections/commons-collections/3.2.1/761ea405b9b37ced573d2df0d1e3a4e0f9edc668/commons-collections-3.2.1.jar, file:/Users/hpatel/.gradle/caches/modules-2/files-2.1/commons-configuration/commons-configuration/1.6/32cadde23955d7681b0d94a2715846d20b425235/commons-configuration-1.6.jar, file:/Users/hpatel/.gradle/caches/modules-2/files-2.1/jline/jline/0.9.94/99a18e9a44834afdebc467294e1138364c207402/jline-0.9.94.jar, file:/Users/hpatel/.gradle/caches/modules-2/files-2.1/commons-cli/commons-cli/1.2/2bf96b7aa8b611c177d329452af1dc933e14501c/commons-cli-1.2.jar, file:/Users/hpatel/.gradle/caches/modules-2/files-2.1/xmlenc/xmlenc/0.52/d82554efbe65906d83b3d97bd7509289e9db561a/xmlenc-0.52.jar, file:/Users/hpatel/.gradle/caches/modules-2/files-2.1/commons-httpclient/commons-httpclient/3.1/964cd74171f427720480efdec40a7c7f6e58426a/commons-httpclient-3.1.jar, file:/Users/hpatel/.gradle/caches/modules-2/files-2.1/commons-net/commons-net/3.1/2298164a7c2484406f2aa5ac85b205d39019896f/commons-net-3.1.jar, file:/Users/hpatel/.gradle/caches/modules-2/files-2.1/tomcat/jasper-runtime/5.5.23/96ca5528a93ab47b001476b74320c644beb89dde/jasper-runtime-5.5.23.jar, file:/Users/hpatel/.gradle/caches/modules-2/files-2.1/tomcat/jasper-compiler/5.5.23/6d35bd7fb8c4fbc1f5401fb3678aa976d2e4c241/jasper-compiler-5.5.23.jar, file:/Users/hpatel/.gradle/caches/modules-2/files-2.1/javax.servlet.jsp/jsp-api/2.1/63f943103f250ef1f3a4d5e94d145a0f961f5316/jsp-api-2.1.jar, file:/Users/hpatel/.gradle/caches/modules-2/files-2.1/commons-el/commons-el/1.0/1df2c042b3f2de0124750241ac6c886dbfa2cc2c/commons-el-1.0.jar, file:/Users/hpatel/.gradle/caches/modules-2/files-2.1/javax.servlet/servlet-api/2.5/5959582d97d8b61f4d154ca9e495aafd16726e34/servlet-api-2.5.jar, file:/Users/hpatel/.gradle/caches/modules-2/files-2.1/hsqldb/hsqldb/1.8.0.10/7e9978fdb754bce5fcd5161133e7734ecb683036/hsqldb-1.8.0.10.jar, file:/Users/hpatel/.gradle/caches/modules-2/files-2.1/org.eclipse.jdt/core/3.1.1/88c83ce444cf46d02494da37c9fa1eebc9ce9cea/core-3.1.1.jar, file:/Users/hpatel/.gradle/caches/modules-2/files-2.1/javassist/javassist/3.12.1.GA/526633327faa61aee448a519e8a4d53ec3057885/javassist-3.12.1.GA.jar, file:/Users/hpatel/.gradle/caches/modules-2/files-2.1/dom4j/dom4j/1.6.1/5d3ccc056b6f056dbf0dddfdf43894b9065a8f94/dom4j-1.6.1.jar, file:/Users/hpatel/.gradle/caches/modules-2/files-2.1/org.objenesis/objenesis/2.1/87c0ea803b69252868d09308b4618f766f135a96/objenesis-2.1.jar, file:/Users/hpatel/.gradle/caches/modules-2/files-2.1/commons-logging/commons-logging/1.1.3/f6f66e966c70a83ffbdb6f17a0919eaf7c8aca7f/commons-logging-1.1.3.jar, file:/Users/hpatel/.gradle/caches/modules-2/files-2.1/org.apache.hive/hive-common/0.13.1-cdh5.3.3/e3fbf24d30a553c50ae4d4eed23f81b0e1211c5a/hive-common-0.13.1-cdh5.3.3.jar, file:/Users/hpatel/.gradle/caches/modules-2/files-2.1/org.apache.avro/avro/1.7.6-cdh5.3.3/6d90271293977d199ed07002bf35e2805405cc64/avro-1.7.6-cdh5.3.3.jar, file:/Users/hpatel/.gradle/caches/modules-2/files-2.1/net.sf.opencsv/opencsv/2.3/c23708cdb9e80a144db433e23344a788a1fd6599/opencsv-2.3.jar, file:/Users/hpatel/.gradle/caches/modules-2/files-2.1/com.sun.jersey/jersey-servlet/1.14/4b87041a59ee152757b62e47a21d5b63fde20ffe/jersey-servlet-1.14.jar, file:/Users/hpatel/.gradle/caches/modules-2/files-2.1/org.slf4j/slf4j-log4j12/1.7.5/6edffc576ce104ec769d954618764f39f0f0f10d/slf4j-log4j12-1.7.5.jar, file:/Users/hpatel/.gradle/caches/modules-2/files-2.1/org.apache.commons/commons-math3/3.1.1/6719d757a98ff24a83d9d727bef9cec83f59b6e1/commons-math3-3.1.1.jar, file:/Users/hpatel/.gradle/caches/modules-2/files-2.1/commons-io/commons-io/2.4/b1b6ea3b7e4aa4f492509a4952029cd8e48019ad/commons-io-2.4.jar, file:/Users/hpatel/.gradle/caches/modules-2/files-2.1/com.sun.jersey/jersey-json/1.9/1aa73e1896bcc7013fed247157d7f676226eb432/jersey-json-1.9.jar, file:/Users/hpatel/.gradle/caches/modules-2/files-2.1/log4j/log4j/1.2.17/5af35056b4d257e4b64b9e8069c0746e8b08629f/log4j-1.2.17.jar, file:/Users/hpatel/.gradle/caches/modules-2/files-2.1/com.google.code.gson/gson/2.2.4/a60a5e993c98c864010053cb901b7eab25306568/gson-2.2.4.jar, file:/Users/hpatel/.gradle/caches/modules-2/files-2.1/org.apache.hadoop/hadoop-auth/2.5.0-cdh5.3.3/847eb288da72acfdd7d202da5149dec6cd20ceba/hadoop-auth-2.5.0-cdh5.3.3.jar, file:/Users/hpatel/.gradle/caches/modules-2/files-2.1/com.jcraft/jsch/0.1.42/a86104b0f2e0c0bab5b0df836065823a99b5e334/jsch-0.1.42.jar, file:/Users/hpatel/.gradle/caches/modules-2/files-2.1/org.apache.curator/curator-client/2.6.0/b9007c357ad1a78066fc6004e8b1feaa2318f6f3/curator-client-2.6.0.jar, file:/Users/hpatel/.gradle/caches/modules-2/files-2.1/org.apache.curator/curator-recipes/2.6.0/8736b0fc42e6bf006d585fe85c90aaa4ade5cbef/curator-recipes-2.6.0.jar, file:/Users/hpatel/.gradle/caches/modules-2/files-2.1/com.google.code.findbugs/jsr305/1.3.9/40719ea6961c0cb6afaeb6a921eaa1f6afd4cfdf/jsr305-1.3.9.jar, file:/Users/hpatel/.gradle/caches/modules-2/files-2.1/org.apache.commons/commons-compress/1.4.1/b02e84a993d88568417536240e970c4b809126fd/commons-compress-1.4.1.jar, file:/Users/hpatel/.gradle/caches/modules-2/files-2.1/org.apache.hive.shims/hive-shims-common/0.13.1-cdh5.3.3/3d9e5245018fbde18f52c4ab25fc35afdec2fc0a/hive-shims-common-0.13.1-cdh5.3.3.jar, file:/Users/hpatel/.gradle/caches/modules-2/files-2.1/org.apache.hive.shims/hive-shims-common-secure/0.13.1-cdh5.3.3/6b29a16b2a41b89bdbbc681c257ad7f766a90bcb/hive-shims-common-secure-0.13.1-cdh5.3.3.jar, file:/Users/hpatel/.gradle/caches/modules-2/files-2.1/org.apache.hive.shims/hive-shims-0.23/0.13.1-cdh5.3.3/7ab834955a767af200d1d9151c204751637d9ca9/hive-shims-0.23-0.13.1-cdh5.3.3.jar, file:/Users/hpatel/.gradle/caches/modules-2/files-2.1/org.apache.hive.shims/hive-shims-scheduler/0.13.1-cdh5.3.3/b6644420b74f936a838f7f3fd2fa19c19add0449/hive-shims-scheduler-0.13.1-cdh5.3.3.jar, file:/Users/hpatel/.gradle/caches/modules-2/files-2.1/org.apache.hadoop/hadoop-mapreduce-client-common/2.5.0-cdh5.3.3/f0d777bb76ca9f540c0c81a45934f0f5cf9975b8/hadoop-mapreduce-client-common-2.5.0-cdh5.3.3.jar, file:/Users/hpatel/.gradle/caches/modules-2/files-2.1/org.apache.hadoop/hadoop-mapreduce-client-shuffle/2.5.0-cdh5.3.3/b6c4316f6fcc406edf7e5bd77c50e46034ad5519/hadoop-mapreduce-client-shuffle-2.5.0-cdh5.3.3.jar, file:/Users/hpatel/.gradle/caches/modules-2/files-2.1/org.apache.hadoop/hadoop-yarn-common/2.5.0-cdh5.3.3/9499713b674eae1aa714fcd0e95e0d09daaf3824/hadoop-yarn-common-2.5.0-cdh5.3.3.jar, file:/Users/hpatel/.gradle/caches/modules-2/files-2.1/com.fasterxml.jackson.core/jackson-databind/2.2.3/3ae380888029daefb91d3ecdca3a37d8cb92bc9/jackson-databind-2.2.3.jar, file:/Users/hpatel/.gradle/caches/modules-2/files-2.1/com.fasterxml.jackson.core/jackson-annotations/2.2.3/527fece4f23a457070a36c371a26d6c0208e1c3/jackson-annotations-2.2.3.jar, file:/Users/hpatel/.gradle/caches/modules-2/files-2.1/com.amazonaws/aws-java-sdk/1.7.4/2c24ccb6f1ab845a7df971951d4b41c709a6517d/aws-java-sdk-1.7.4.jar, file:/Users/hpatel/.gradle/caches/modules-2/files-2.1/commons-digester/commons-digester/1.8/dc6a73fdbd1fa3f0944e8497c6c872fa21dca37e/commons-digester-1.8.jar, file:/Users/hpatel/.gradle/caches/modules-2/files-2.1/commons-beanutils/commons-beanutils-core/1.8.0/175dc721f87e4bc5cc0573f990e28c3cf9117508/commons-beanutils-core-1.8.0.jar, file:/Users/hpatel/.gradle/caches/modules-2/files-2.1/xml-apis/xml-apis/1.0.b2/3136ca936f64c9d68529f048c2618bd356bf85c9/xml-apis-1.0.b2.jar, file:/Users/hpatel/.gradle/caches/modules-2/files-2.1/com.thoughtworks.paranamer/paranamer/2.3/4a85963a752c0a2f715c3924bfc686865e7e1bc6/paranamer-2.3.jar, file:/Users/hpatel/.gradle/caches/modules-2/files-2.1/org.xerial.snappy/snappy-java/1.0.5/10cb4550360a0ec6b80f09a5209d00b6058e82bf/snappy-java-1.0.5.jar, file:/Users/hpatel/.gradle/caches/modules-2/files-2.1/org.codehaus.jettison/jettison/1.1/1a01a2a1218fcf9faa2cc2a6ced025bdea687262/jettison-1.1.jar, file:/Users/hpatel/.gradle/caches/modules-2/files-2.1/com.sun.xml.bind/jaxb-impl/2.2.3-1/56baae106392040a45a06d4a41099173425da1e6/jaxb-impl-2.2.3-1.jar, file:/Users/hpatel/.gradle/caches/modules-2/files-2.1/org.apache.directory.server/apacheds-kerberos-codec/2.0.0-M15/1c16e4e477183641c5f0dd5cdecd27ec331bacb5/apacheds-kerberos-codec-2.0.0-M15.jar, file:/Users/hpatel/.gradle/caches/modules-2/files-2.1/org.apache.curator/curator-framework/2.6.0/81a699c39d127b5b4ff97cc77da7650b53e5b5ed/curator-framework-2.6.0.jar, file:/Users/hpatel/.gradle/caches/modules-2/files-2.1/org.tukaani/xz/1.0/ecff5cb8b1189514c9d1d8d68eb77ac372e000c9/xz-1.0.jar, file:/Users/hpatel/.gradle/caches/modules-2/files-2.1/org.apache.hadoop/hadoop-yarn-client/2.5.0-cdh5.3.3/2d2ce5d0138d02b20aefcfc1ee8dd6f691911f63/hadoop-yarn-client-2.5.0-cdh5.3.3.jar, file:/Users/hpatel/.gradle/caches/modules-2/files-2.1/org.apache.hadoop/hadoop-yarn-server-common/2.5.0-cdh5.3.3/d099fcc19f56d477fa6b5b47ae4e06bb97538778/hadoop-yarn-server-common-2.5.0-cdh5.3.3.jar, file:/Users/hpatel/.gradle/caches/modules-2/files-2.1/org.apache.hadoop/hadoop-yarn-server-nodemanager/2.5.0-cdh5.3.3/278b2d7a6454ce57a94ab02a88c0b188afc8facc/hadoop-yarn-server-nodemanager-2.5.0-cdh5.3.3.jar, file:/Users/hpatel/.gradle/caches/modules-2/files-2.1/org.fusesource.leveldbjni/leveldbjni-all/1.8/707350a2eeb1fa2ed77a32ddb3893ed308e941db/leveldbjni-all-1.8.jar, file:/Users/hpatel/.gradle/caches/modules-2/files-2.1/javax.xml.bind/jaxb-api/2.2.2/aeb3021ca93dde265796d82015beecdcff95bf09/jaxb-api-2.2.2.jar, file:/Users/hpatel/.gradle/caches/modules-2/files-2.1/com.google.inject/guice/3.0/9d84f15fe35e2c716a02979fb62f50a29f38aefa/guice-3.0.jar, file:/Users/hpatel/.gradle/caches/modules-2/files-2.1/com.sun.jersey.contribs/jersey-guice/1.9/5963c28c47df7e5d6ad34cec80c071c368777f7b/jersey-guice-1.9.jar, file:/Users/hpatel/.gradle/caches/modules-2/files-2.1/com.fasterxml.jackson.core/jackson-core/2.2.3/1a0113da2cab5f4c216b4e5e7c1dbfaa67087e14/jackson-core-2.2.3.jar, file:/Users/hpatel/.gradle/caches/modules-2/files-2.1/commons-beanutils/commons-beanutils/1.7.0/5675fd96b29656504b86029551973d60fb41339b/commons-beanutils-1.7.0.jar, file:/Users/hpatel/.gradle/caches/modules-2/files-2.1/org.apache.directory.server/apacheds-i18n/2.0.0-M15/71c61c84683152ec2a6a65f3f96fe534e304fa22/apacheds-i18n-2.0.0-M15.jar, file:/Users/hpatel/.gradle/caches/modules-2/files-2.1/org.apache.directory.api/api-asn1-api/1.0.0-M20/5e6486ffa3125ba44dc410ead166e1d6ba8ac76d/api-asn1-api-1.0.0-M20.jar, file:/Users/hpatel/.gradle/caches/modules-2/files-2.1/org.apache.directory.api/api-util/1.0.0-M20/a871abf060b3cf83fc6dc4d7e3d151fce50ac3cb/api-util-1.0.0-M20.jar, file:/Users/hpatel/.gradle/caches/modules-2/files-2.1/com.sun.jersey/jersey-client/1.9/d3c4b2b5f89db32c96ceddcb863684821910a7bb/jersey-client-1.9.jar, file:/Users/hpatel/.gradle/caches/modules-2/files-2.1/javax.xml.stream/stax-api/1.0-2/d6337b0de8b25e53e81b922352fbea9f9f57ba0b/stax-api-1.0-2.jar, file:/Users/hpatel/.gradle/caches/modules-2/files-2.1/javax.activation/activation/1.1/e6cb541461c2834bdea3eb920f1884d1eb508b50/activation-1.1.jar, file:/Users/hpatel/.gradle/caches/modules-2/files-2.1/javax.inject/javax.inject/1/6975da39a7040257bd51d21a231b76c915872d38/javax.inject-1.jar, file:/Users/hpatel/.gradle/caches/modules-2/files-2.1/aopalliance/aopalliance/1.0/235ba8b489512805ac13a8f9ea77a1ca5ebe3e8/aopalliance-1.0.jar, file:/Users/hpatel/.gradle/caches/modules-2/files-2.1/org.sonatype.sisu.inject/cglib/2.2.1-v20090111/7ce5e983fd0e6c78346f4c9cbfa39d83049dda2/cglib-2.2.1-v20090111.jar, file:/Users/hpatel/.gradle/caches/modules-2/files-2.1/asm/asm/3.1/c157def142714c544bdea2e6144645702adf7097/asm-3.1.jar, file:/Users/hpatel/.gradle/caches/modules-2/files-2.1/org.apache.hive/hive-service/0.13.1-cdh5.3.3/c7979b4213bfb62823d43ba726e0fea58032dd1e/hive-service-0.13.1-cdh5.3.3.jar, file:/Users/hpatel/.gradle/caches/modules-2/files-2.1/net.sf.jpam/jpam/1.1/cb3d91c2dfda767518a371dbb02edfd6a4aa0600/jpam-1.1.jar, file:/Users/hpatel/.gradle/caches/modules-2/files-2.1/org.eclipse.jetty.aggregate/jetty-all/7.6.0.v20120127/47bb68e3837e5c6422138dd1e0d4d75c60dce87a/jetty-all-7.6.0.v20120127.jar, file:/Users/hpatel/.gradle/caches/modules-2/files-2.1/org.apache.thrift/libfb303/0.9.0/639bd69767fdbd7f658ce8233248fe1cea635164/libfb303-0.9.0.jar, file:/Users/hpatel/.gradle/caches/modules-2/files-2.1/org.apache.geronimo.specs/geronimo-jta_1.1_spec/1.1.1/aabab3165b8ea936b9360abbf448459c0d04a5a4/geronimo-jta_1.1_spec-1.1.1.jar, file:/Users/hpatel/.gradle/caches/modules-2/files-2.1/javax.mail/mail/1.4.1/8b7bc69010655425dabf091b51d1e90b4de36715/mail-1.4.1.jar, file:/Users/hpatel/.gradle/caches/modules-2/files-2.1/org.apache.geronimo.specs/geronimo-jaspic_1.0_spec/1.0/44b95be7dae1147716dce5336419eafade880756/geronimo-jaspic_1.0_spec-1.0.jar, file:/Users/hpatel/.gradle/caches/modules-2/files-2.1/org.apache.geronimo.specs/geronimo-annotation_1.0_spec/1.1.1/47caa799389f69d297b86bf90523d431599c3796/geronimo-annotation_1.0_spec-1.1.1.jar, file:/Users/hpatel/.gradle/caches/modules-2/files-2.1/asm/asm-commons/3.1/1b607fbfe7889c6fdff1b7c16439ade0a60869ac/asm-commons-3.1.jar, file:/Users/hpatel/.gradle/caches/modules-2/files-2.1/asm/asm-tree/3.1/c9a5d4334ddf194ea492f22107d45119a5c5322f/asm-tree-3.1.jar, file:/Users/hpatel/.gradle/caches/modules-2/files-2.1/commons-lang/commons-lang/2.6/ce1edb914c94ebc388f086c6827e8bdeec71ac2/commons-lang-2.6.jar, file:/Users/hpatel/.gradle/caches/modules-2/files-2.1/org.mortbay.jetty/jetty/6.1.26.cloudera.4/d59325a5ff8ff18f7543bc3fbb9d5efa0c0ff521/jetty-6.1.26.cloudera.4.jar, file:/Users/hpatel/.gradle/caches/modules-2/files-2.1/org.mortbay.jetty/jetty-util/6.1.26.cloudera.4/b8507b7c5d3fd9a3d01775272cbf1a63f530c19d/jetty-util-6.1.26.cloudera.4.jar, file:/Users/hpatel/.gradle/caches/modules-2/files-2.1/net.java.dev.jets3t/jets3t/0.9.0/792bc96ee7e57b89f472aa0cb5a31015b9f59c96/jets3t-0.9.0.jar, file:/Users/hpatel/.gradle/caches/modules-2/files-2.1/com.jamesmurty.utils/java-xmlbuilder/0.4/ac5962e48cdee3a0a6e1f8e00fcb594747ac5aaf/java-xmlbuilder-0.4.jar, file:/Users/hpatel/.gradle/caches/modules-2/files-2.1/com.google.protobuf/protobuf-java/2.5.0/a10732c76bfacdbd633a7eb0f7968b1059a65dfa/protobuf-java-2.5.0.jar, file:/Users/hpatel/.gradle/caches/modules-2/files-2.1/org.apache.hive/hive-exec/0.13.1-cdh5.3.3/4d935274127f47dd9c0875efcf317ba49aef1219/hive-exec-0.13.1-cdh5.3.3.jar, file:/Users/hpatel/.gradle/caches/modules-2/files-2.1/org.apache.hive/hive-ant/0.13.1-cdh5.3.3/86954e92a903253177cd6935798c50a6c32b7b81/hive-ant-0.13.1-cdh5.3.3.jar, file:/Users/hpatel/.gradle/caches/modules-2/files-2.1/org.antlr/antlr-runtime/3.4/8f011408269a8e42b8548687e137d8eeb56df4b4/antlr-runtime-3.4.jar, file:/Users/hpatel/.gradle/caches/modules-2/files-2.1/org.antlr/ST4/4.0.4/467a2aa12be6d0f0f68c70eecf6714ab733027ac/ST4-4.0.4.jar, file:/Users/hpatel/.gradle/caches/modules-2/files-2.1/org.apache.ant/ant/1.9.1/35900c96dbebc85dcfbd71f4661059ebcf93c077/ant-1.9.1.jar, file:/Users/hpatel/.gradle/caches/modules-2/files-2.1/org.codehaus.groovy/groovy-all/2.1.6/165b8246372a829c1915611646f6d964010656cf/groovy-all-2.1.6.jar, file:/Users/hpatel/.gradle/caches/modules-2/files-2.1/stax/stax-api/1.0.1/49c100caf72d658aca8e58bd74a4ba90fa2b0d70/stax-api-1.0.1.jar, file:/Users/hpatel/.gradle/caches/modules-2/files-2.1/org.apache.velocity/velocity/1.5/9f306baf7523ffc0e81a6353d08a584d254133b/velocity-1.5.jar, file:/Users/hpatel/.gradle/caches/modules-2/files-2.1/org.antlr/stringtemplate/3.2.1/59ec8083721eae215c6f3caee944c410d2be34de/stringtemplate-3.2.1.jar, file:/Users/hpatel/.gradle/caches/modules-2/files-2.1/antlr/antlr/2.7.7/83cd2cd674a217ade95a4bb83a8a14f351f48bd0/antlr-2.7.7.jar, file:/Users/hpatel/.gradle/caches/modules-2/files-2.1/org.apache.ant/ant-launcher/1.9.1/7c71043ca185eaada9e36391dd022d92859327de/ant-launcher-1.9.1.jar, file:/Users/hpatel/.gradle/caches/modules-2/files-2.1/oro/oro/2.0.8/5592374f834645c4ae250f4c9fbb314c9369d698/oro-2.0.8.jar, file:/Users/hpatel/.gradle/caches/modules-2/files-2.1/org.codehaus.jackson/jackson-core-asl/1.9.13/3c304d70f42f832e0a86d45bd437f692129299a4/jackson-core-asl-1.9.13.jar, file:/Users/hpatel/.gradle/caches/modules-2/files-2.1/org.codehaus.jackson/jackson-mapper-asl/1.9.13/1ee2f2bed0e5dd29d1cb155a166e6f8d50bbddb7/jackson-mapper-asl-1.9.13.jar, file:/Users/hpatel/.gradle/caches/modules-2/files-2.1/org.slf4j/slf4j-api/1.7.6/562424e36df3d2327e8e9301a76027fca17d54ea/slf4j-api-1.7.6.jar, file:/Users/hpatel/.gradle/caches/modules-2/files-2.1/com.sun.jersey/jersey-server/1.14/b1a21724c9b708ed54d42d41bb19ff45ae1d49d9/jersey-server-1.14.jar, file:/Users/hpatel/.gradle/caches/modules-2/files-2.1/org.apache.httpcomponents/httpclient/4.2.5/666e26e76f2e87d84e4f16acb546481ae1b8e9a6/httpclient-4.2.5.jar, file:/Users/hpatel/.gradle/caches/modules-2/files-2.1/org.apache.zookeeper/zookeeper/3.4.6/1b2502e29da1ebaade2357cd1de35a855fa3755/zookeeper-3.4.6.jar, file:/Users/hpatel/.gradle/caches/modules-2/files-2.1/com.google.guava/guava/16.0.1/5fa98cd1a63c99a44dd8d3b77e4762b066a5d0c5/guava-16.0.1.jar, file:/Users/hpatel/.gradle/caches/modules-2/files-2.1/org.codehaus.jackson/jackson-jaxrs/1.8.8/71b16055388e9bd3991c3c3834e8e55098b789f1/jackson-jaxrs-1.8.8.jar, file:/Users/hpatel/.gradle/caches/modules-2/files-2.1/org.codehaus.jackson/jackson-xc/1.8.8/52efa08bc1e4cfea168f552b9e3088297d9d0926/jackson-xc-1.8.8.jar, file:/Users/hpatel/.gradle/caches/modules-2/files-2.1/org.apache.hive/hive-metastore/0.13.1-cdh5.3.3/ca93686a17f064a5ab6587799721cddd7836e53a/hive-metastore-0.13.1-cdh5.3.3.jar, file:/Users/hpatel/.gradle/caches/modules-2/files-2.1/com.jolbox/bonecp/0.8.0.RELEASE/cec24ee9345b3678472bb1b8fdd6aa6b9428beb8/bonecp-0.8.0.RELEASE.jar, file:/Users/hpatel/.gradle/caches/modules-2/files-2.1/org.apache.derby/derby/10.10.1.1/9f6f910f0373adc1b23c10f9b4bb151b7e7449f/derby-10.10.1.1.jar, file:/Users/hpatel/.gradle/caches/modules-2/files-2.1/javax.jdo/jdo-api/3.0.1/58e7a538e020b73871e232eeb064835fd98a492/jdo-api-3.0.1.jar, file:/Users/hpatel/.gradle/caches/modules-2/files-2.1/javax.transaction/jta/1.1/2ca09f0b36ca7d71b762e14ea2ff09d5eac57558/jta-1.1.jar, file:/Users/hpatel/.gradle/caches/modules-2/files-2.1/org.apache.thrift/libthrift/0.9.0/9ba8df332b5db95ce7f3b7a83e44d796c3d014d3/libthrift-0.9.0.jar, file:/Users/hpatel/.gradle/caches/modules-2/files-2.1/org.apache.httpcomponents/httpcore/4.2.4/3b7f38df6de5dd8b500e602ae8c2dd5ee446f883/httpcore-4.2.4.jar, file:/Users/hpatel/.gradle/caches/modules-2/files-2.1/com.sun.jersey/jersey-core/1.14/693061de8b9b352b11e997b1dd4052677778852d/jersey-core-1.14.jar, file:/Users/hpatel/.gradle/caches/modules-2/files-2.1/commons-codec/commons-codec/1.6/b7f0fc8f61ecadeb3695f0b9464755eee44374d4/commons-codec-1.6.jar, file:/Users/hpatel/.gradle/caches/modules-2/files-2.1/io.netty/netty/3.7.0.Final/7a8c35599c68c0bf383df74469aa3e03d9aca87/netty-3.7.0.Final.jar]
15/09/06 13:13:50 INFO ExecReducer: thread classpath = [file:/Users/hpatel/.gradle/caches/2.1/workerMain/gradle-worker.jar, file:/Users/hpatel/Tech/Projects/CAT/ddsw_dev/hive-test/build/classes/test/, file:/Users/hpatel/Tech/Projects/CAT/ddsw_dev/hive-test/build/resources/test/, file:/Users/hpatel/Tech/Projects/CAT/ddsw_dev/hive-test/build/classes/main/, file:/Users/hpatel/Tech/Projects/CAT/ddsw_dev/hive-test/build/resources/main, file:/Users/hpatel/.gradle/caches/modules-2/files-2.1/junit/junit/4.11/4e031bb61df09069aeb2bffb4019e7a5034a4ee0/junit-4.11.jar, file:/Users/hpatel/.gradle/caches/modules-2/files-2.1/com.klarna/hiverunner/1.0.0/e26bb0655fff4d88fab91f331793d9fc1db392cc/HiveRunner-1.0.0.jar, file:/Users/hpatel/Tech/Projects/CAT/ddsw_dev/custom-cat-udfs/build/libs/custom-cat-udfs-0.1.38-SNAPSHOT.jar, file:/Users/hpatel/.gradle/caches/modules-2/files-2.1/org.apache.hadoop/hadoop-client/2.5.0-cdh5.3.3/ec3cd6a8cb043e73a42918934c5d3a3f2747c78b/hadoop-client-2.5.0-cdh5.3.3.jar, file:/Users/hpatel/.gradle/caches/modules-2/files-2.1/org.hsqldb/hsqldb/2.3.1/bd7153caa30958e1c64a3dd38b93e5a7442d9a0e/hsqldb-2.3.1.jar, file:/Users/hpatel/.gradle/caches/modules-2/files-2.1/org.apache.hadoop/hadoop-core/2.5.0-mr1-cdh5.3.3/f6f4a77f818757da51ae0244310855779c04c4be/hadoop-core-2.5.0-mr1-cdh5.3.3.jar, file:/Users/hpatel/.gradle/caches/modules-2/files-2.1/org.reflections/reflections/0.9.8/f723abb59bf512952bfc503838f70f81487a6993/reflections-0.9.8.jar, file:/Users/hpatel/.gradle/caches/modules-2/files-2.1/org.mockito/mockito-core/1.10.19/e8546f5bef4e061d8dd73895b4e8f40e3fe6effe/mockito-core-1.10.19.jar, file:/Users/hpatel/.gradle/caches/modules-2/files-2.1/org.hamcrest/hamcrest-core/1.3/42a25dc3219429f0e5d060061f71acb49bf010a0/hamcrest-core-1.3.jar, file:/Users/hpatel/.gradle/caches/modules-2/files-2.1/org.pentaho/pentaho-aggdesigner-algorithm/5.1.5-jhyde/c52379c645c6c85300e645dff7c72653bf85baa2/pentaho-aggdesigner-algorithm-5.1.5-jhyde.jar, file:/Users/hpatel/.gradle/caches/modules-2/files-2.1/org.apache.hive/hive-serde/0.13.1-cdh5.3.3/9cee47c844d726e9bcef6ab292e1319b7fbddaa3/hive-serde-0.13.1-cdh5.3.3.jar, file:/Users/hpatel/.gradle/caches/modules-2/files-2.1/org.apache.hadoop/hadoop-common/2.5.0-cdh5.3.3/f0862eb1dc33c1807ea29a248af75551e3c6836a/hadoop-common-2.5.0-cdh5.3.3.jar, file:/Users/hpatel/.gradle/caches/modules-2/files-2.1/org.apache.hive/hive-contrib/0.13.1-cdh5.3.3/bf89b429c9b173ac275dc0c1623f5c30e780ee98/hive-contrib-0.13.1-cdh5.3.3.jar, file:/Users/hpatel/.gradle/caches/modules-2/files-2.1/org.datanucleus/datanucleus-core/3.2.12/3212183bb5a2826cd5ff194b9a54619dd0bdf31f/datanucleus-core-3.2.12.jar, file:/Users/hpatel/.gradle/caches/modules-2/files-2.1/org.datanucleus/datanucleus-rdbms/3.2.11/5b053144c89fdff1505b853aa7f1e5ba7657da75/datanucleus-rdbms-3.2.11.jar, file:/Users/hpatel/.gradle/caches/modules-2/files-2.1/org.datanucleus/datanucleus-api-jdo/3.2.8/efc60221fbc91e95cf5758b98c6c5531660696cb/datanucleus-api-jdo-3.2.8.jar, file:/Users/hpatel/.gradle/caches/modules-2/files-2.1/org.apache.hive/hive-shims/0.13.1-cdh5.3.3/47b029532c0b9d45526dcdd858823e6f9634ab81/hive-shims-0.13.1-cdh5.3.3.jar, file:/Users/hpatel/.gradle/caches/modules-2/files-2.1/org.apache.commons/commons-lang3/3.3.1/6738a2da2202ce360f0af90aba005c1e05a2c4cd/commons-lang3-3.3.1.jar, file:/Users/hpatel/.gradle/caches/modules-2/files-2.1/joda-time/joda-time/2.3/56498efd17752898cfcc3868c1b6211a07b12b8f/joda-time-2.3.jar, file:/Users/hpatel/.gradle/caches/modules-2/files-2.1/org.apache.hadoop/hadoop-hdfs/2.5.0-cdh5.3.3/5dd5e2be13d89a9eaab89d3a33bcdf6677671aa9/hadoop-hdfs-2.5.0-cdh5.3.3.jar, file:/Users/hpatel/.gradle/caches/modules-2/files-2.1/org.apache.hadoop/hadoop-mapreduce-client-app/2.5.0-cdh5.3.3/579948f8fa6d9d72bf507bd021fa3dcc0670e95f/hadoop-mapreduce-client-app-2.5.0-cdh5.3.3.jar, file:/Users/hpatel/.gradle/caches/modules-2/files-2.1/org.apache.hadoop/hadoop-yarn-api/2.5.0-cdh5.3.3/a6d9b4b7cbcacd000350a3e33c70269101b5fc79/hadoop-yarn-api-2.5.0-cdh5.3.3.jar, file:/Users/hpatel/.gradle/caches/modules-2/files-2.1/org.apache.hadoop/hadoop-mapreduce-client-core/2.5.0-cdh5.3.3/f2c8eaa2b8a5839a7781f04cf59c4d1abfefec9e/hadoop-mapreduce-client-core-2.5.0-cdh5.3.3.jar, file:/Users/hpatel/.gradle/caches/modules-2/files-2.1/org.apache.hadoop/hadoop-mapreduce-client-jobclient/2.5.0-cdh5.3.3/f8baecab9a91245a97e29e4867a7f5ae128ef8a9/hadoop-mapreduce-client-jobclient-2.5.0-cdh5.3.3.jar, file:/Users/hpatel/.gradle/caches/modules-2/files-2.1/org.apache.hadoop/hadoop-aws/2.5.0-cdh5.3.3/f712d9cf59c859914254bed5c87ee4e5a2204e78/hadoop-aws-2.5.0-cdh5.3.3.jar, file:/Users/hpatel/.gradle/caches/modules-2/files-2.1/org.apache.hadoop/hadoop-annotations/2.5.0-cdh5.3.3/e3b40743127d82ff7a6f263d00419368a46ce608/hadoop-annotations-2.5.0-cdh5.3.3.jar, file:/Users/hpatel/.gradle/caches/modules-2/files-2.1/commons-collections/commons-collections/3.2.1/761ea405b9b37ced573d2df0d1e3a4e0f9edc668/commons-collections-3.2.1.jar, file:/Users/hpatel/.gradle/caches/modules-2/files-2.1/commons-configuration/commons-configuration/1.6/32cadde23955d7681b0d94a2715846d20b425235/commons-configuration-1.6.jar, file:/Users/hpatel/.gradle/caches/modules-2/files-2.1/jline/jline/0.9.94/99a18e9a44834afdebc467294e1138364c207402/jline-0.9.94.jar, file:/Users/hpatel/.gradle/caches/modules-2/files-2.1/commons-cli/commons-cli/1.2/2bf96b7aa8b611c177d329452af1dc933e14501c/commons-cli-1.2.jar, file:/Users/hpatel/.gradle/caches/modules-2/files-2.1/xmlenc/xmlenc/0.52/d82554efbe65906d83b3d97bd7509289e9db561a/xmlenc-0.52.jar, file:/Users/hpatel/.gradle/caches/modules-2/files-2.1/commons-httpclient/commons-httpclient/3.1/964cd74171f427720480efdec40a7c7f6e58426a/commons-httpclient-3.1.jar, file:/Users/hpatel/.gradle/caches/modules-2/files-2.1/commons-net/commons-net/3.1/2298164a7c2484406f2aa5ac85b205d39019896f/commons-net-3.1.jar, file:/Users/hpatel/.gradle/caches/modules-2/files-2.1/tomcat/jasper-runtime/5.5.23/96ca5528a93ab47b001476b74320c644beb89dde/jasper-runtime-5.5.23.jar, file:/Users/hpatel/.gradle/caches/modules-2/files-2.1/tomcat/jasper-compiler/5.5.23/6d35bd7fb8c4fbc1f5401fb3678aa976d2e4c241/jasper-compiler-5.5.23.jar, file:/Users/hpatel/.gradle/caches/modules-2/files-2.1/javax.servlet.jsp/jsp-api/2.1/63f943103f250ef1f3a4d5e94d145a0f961f5316/jsp-api-2.1.jar, file:/Users/hpatel/.gradle/caches/modules-2/files-2.1/commons-el/commons-el/1.0/1df2c042b3f2de0124750241ac6c886dbfa2cc2c/commons-el-1.0.jar, file:/Users/hpatel/.gradle/caches/modules-2/files-2.1/javax.servlet/servlet-api/2.5/5959582d97d8b61f4d154ca9e495aafd16726e34/servlet-api-2.5.jar, file:/Users/hpatel/.gradle/caches/modules-2/files-2.1/hsqldb/hsqldb/1.8.0.10/7e9978fdb754bce5fcd5161133e7734ecb683036/hsqldb-1.8.0.10.jar, file:/Users/hpatel/.gradle/caches/modules-2/files-2.1/org.eclipse.jdt/core/3.1.1/88c83ce444cf46d02494da37c9fa1eebc9ce9cea/core-3.1.1.jar, file:/Users/hpatel/.gradle/caches/modules-2/files-2.1/javassist/javassist/3.12.1.GA/526633327faa61aee448a519e8a4d53ec3057885/javassist-3.12.1.GA.jar, file:/Users/hpatel/.gradle/caches/modules-2/files-2.1/dom4j/dom4j/1.6.1/5d3ccc056b6f056dbf0dddfdf43894b9065a8f94/dom4j-1.6.1.jar, file:/Users/hpatel/.gradle/caches/modules-2/files-2.1/org.objenesis/objenesis/2.1/87c0ea803b69252868d09308b4618f766f135a96/objenesis-2.1.jar, file:/Users/hpatel/.gradle/caches/modules-2/files-2.1/commons-logging/commons-logging/1.1.3/f6f66e966c70a83ffbdb6f17a0919eaf7c8aca7f/commons-logging-1.1.3.jar, file:/Users/hpatel/.gradle/caches/modules-2/files-2.1/org.apache.hive/hive-common/0.13.1-cdh5.3.3/e3fbf24d30a553c50ae4d4eed23f81b0e1211c5a/hive-common-0.13.1-cdh5.3.3.jar, file:/Users/hpatel/.gradle/caches/modules-2/files-2.1/org.apache.avro/avro/1.7.6-cdh5.3.3/6d90271293977d199ed07002bf35e2805405cc64/avro-1.7.6-cdh5.3.3.jar, file:/Users/hpatel/.gradle/caches/modules-2/files-2.1/net.sf.opencsv/opencsv/2.3/c23708cdb9e80a144db433e23344a788a1fd6599/opencsv-2.3.jar, file:/Users/hpatel/.gradle/caches/modules-2/files-2.1/com.sun.jersey/jersey-servlet/1.14/4b87041a59ee152757b62e47a21d5b63fde20ffe/jersey-servlet-1.14.jar, file:/Users/hpatel/.gradle/caches/modules-2/files-2.1/org.slf4j/slf4j-log4j12/1.7.5/6edffc576ce104ec769d954618764f39f0f0f10d/slf4j-log4j12-1.7.5.jar, file:/Users/hpatel/.gradle/caches/modules-2/files-2.1/org.apache.commons/commons-math3/3.1.1/6719d757a98ff24a83d9d727bef9cec83f59b6e1/commons-math3-3.1.1.jar, file:/Users/hpatel/.gradle/caches/modules-2/files-2.1/commons-io/commons-io/2.4/b1b6ea3b7e4aa4f492509a4952029cd8e48019ad/commons-io-2.4.jar, file:/Users/hpatel/.gradle/caches/modules-2/files-2.1/com.sun.jersey/jersey-json/1.9/1aa73e1896bcc7013fed247157d7f676226eb432/jersey-json-1.9.jar, file:/Users/hpatel/.gradle/caches/modules-2/files-2.1/log4j/log4j/1.2.17/5af35056b4d257e4b64b9e8069c0746e8b08629f/log4j-1.2.17.jar, file:/Users/hpatel/.gradle/caches/modules-2/files-2.1/com.google.code.gson/gson/2.2.4/a60a5e993c98c864010053cb901b7eab25306568/gson-2.2.4.jar, file:/Users/hpatel/.gradle/caches/modules-2/files-2.1/org.apache.hadoop/hadoop-auth/2.5.0-cdh5.3.3/847eb288da72acfdd7d202da5149dec6cd20ceba/hadoop-auth-2.5.0-cdh5.3.3.jar, file:/Users/hpatel/.gradle/caches/modules-2/files-2.1/com.jcraft/jsch/0.1.42/a86104b0f2e0c0bab5b0df836065823a99b5e334/jsch-0.1.42.jar, file:/Users/hpatel/.gradle/caches/modules-2/files-2.1/org.apache.curator/curator-client/2.6.0/b9007c357ad1a78066fc6004e8b1feaa2318f6f3/curator-client-2.6.0.jar, file:/Users/hpatel/.gradle/caches/modules-2/files-2.1/org.apache.curator/curator-recipes/2.6.0/8736b0fc42e6bf006d585fe85c90aaa4ade5cbef/curator-recipes-2.6.0.jar, file:/Users/hpatel/.gradle/caches/modules-2/files-2.1/com.google.code.findbugs/jsr305/1.3.9/40719ea6961c0cb6afaeb6a921eaa1f6afd4cfdf/jsr305-1.3.9.jar, file:/Users/hpatel/.gradle/caches/modules-2/files-2.1/org.apache.commons/commons-compress/1.4.1/b02e84a993d88568417536240e970c4b809126fd/commons-compress-1.4.1.jar, file:/Users/hpatel/.gradle/caches/modules-2/files-2.1/org.apache.hive.shims/hive-shims-common/0.13.1-cdh5.3.3/3d9e5245018fbde18f52c4ab25fc35afdec2fc0a/hive-shims-common-0.13.1-cdh5.3.3.jar, file:/Users/hpatel/.gradle/caches/modules-2/files-2.1/org.apache.hive.shims/hive-shims-common-secure/0.13.1-cdh5.3.3/6b29a16b2a41b89bdbbc681c257ad7f766a90bcb/hive-shims-common-secure-0.13.1-cdh5.3.3.jar, file:/Users/hpatel/.gradle/caches/modules-2/files-2.1/org.apache.hive.shims/hive-shims-0.23/0.13.1-cdh5.3.3/7ab834955a767af200d1d9151c204751637d9ca9/hive-shims-0.23-0.13.1-cdh5.3.3.jar, file:/Users/hpatel/.gradle/caches/modules-2/files-2.1/org.apache.hive.shims/hive-shims-scheduler/0.13.1-cdh5.3.3/b6644420b74f936a838f7f3fd2fa19c19add0449/hive-shims-scheduler-0.13.1-cdh5.3.3.jar, file:/Users/hpatel/.gradle/caches/modules-2/files-2.1/org.apache.hadoop/hadoop-mapreduce-client-common/2.5.0-cdh5.3.3/f0d777bb76ca9f540c0c81a45934f0f5cf9975b8/hadoop-mapreduce-client-common-2.5.0-cdh5.3.3.jar, file:/Users/hpatel/.gradle/caches/modules-2/files-2.1/org.apache.hadoop/hadoop-mapreduce-client-shuffle/2.5.0-cdh5.3.3/b6c4316f6fcc406edf7e5bd77c50e46034ad5519/hadoop-mapreduce-client-shuffle-2.5.0-cdh5.3.3.jar, file:/Users/hpatel/.gradle/caches/modules-2/files-2.1/org.apache.hadoop/hadoop-yarn-common/2.5.0-cdh5.3.3/9499713b674eae1aa714fcd0e95e0d09daaf3824/hadoop-yarn-common-2.5.0-cdh5.3.3.jar, file:/Users/hpatel/.gradle/caches/modules-2/files-2.1/com.fasterxml.jackson.core/jackson-databind/2.2.3/3ae380888029daefb91d3ecdca3a37d8cb92bc9/jackson-databind-2.2.3.jar, file:/Users/hpatel/.gradle/caches/modules-2/files-2.1/com.fasterxml.jackson.core/jackson-annotations/2.2.3/527fece4f23a457070a36c371a26d6c0208e1c3/jackson-annotations-2.2.3.jar, file:/Users/hpatel/.gradle/caches/modules-2/files-2.1/com.amazonaws/aws-java-sdk/1.7.4/2c24ccb6f1ab845a7df971951d4b41c709a6517d/aws-java-sdk-1.7.4.jar, file:/Users/hpatel/.gradle/caches/modules-2/files-2.1/commons-digester/commons-digester/1.8/dc6a73fdbd1fa3f0944e8497c6c872fa21dca37e/commons-digester-1.8.jar, file:/Users/hpatel/.gradle/caches/modules-2/files-2.1/commons-beanutils/commons-beanutils-core/1.8.0/175dc721f87e4bc5cc0573f990e28c3cf9117508/commons-beanutils-core-1.8.0.jar, file:/Users/hpatel/.gradle/caches/modules-2/files-2.1/xml-apis/xml-apis/1.0.b2/3136ca936f64c9d68529f048c2618bd356bf85c9/xml-apis-1.0.b2.jar, file:/Users/hpatel/.gradle/caches/modules-2/files-2.1/com.thoughtworks.paranamer/paranamer/2.3/4a85963a752c0a2f715c3924bfc686865e7e1bc6/paranamer-2.3.jar, file:/Users/hpatel/.gradle/caches/modules-2/files-2.1/org.xerial.snappy/snappy-java/1.0.5/10cb4550360a0ec6b80f09a5209d00b6058e82bf/snappy-java-1.0.5.jar, file:/Users/hpatel/.gradle/caches/modules-2/files-2.1/org.codehaus.jettison/jettison/1.1/1a01a2a1218fcf9faa2cc2a6ced025bdea687262/jettison-1.1.jar, file:/Users/hpatel/.gradle/caches/modules-2/files-2.1/com.sun.xml.bind/jaxb-impl/2.2.3-1/56baae106392040a45a06d4a41099173425da1e6/jaxb-impl-2.2.3-1.jar, file:/Users/hpatel/.gradle/caches/modules-2/files-2.1/org.apache.directory.server/apacheds-kerberos-codec/2.0.0-M15/1c16e4e477183641c5f0dd5cdecd27ec331bacb5/apacheds-kerberos-codec-2.0.0-M15.jar, file:/Users/hpatel/.gradle/caches/modules-2/files-2.1/org.apache.curator/curator-framework/2.6.0/81a699c39d127b5b4ff97cc77da7650b53e5b5ed/curator-framework-2.6.0.jar, file:/Users/hpatel/.gradle/caches/modules-2/files-2.1/org.tukaani/xz/1.0/ecff5cb8b1189514c9d1d8d68eb77ac372e000c9/xz-1.0.jar, file:/Users/hpatel/.gradle/caches/modules-2/files-2.1/org.apache.hadoop/hadoop-yarn-client/2.5.0-cdh5.3.3/2d2ce5d0138d02b20aefcfc1ee8dd6f691911f63/hadoop-yarn-client-2.5.0-cdh5.3.3.jar, file:/Users/hpatel/.gradle/caches/modules-2/files-2.1/org.apache.hadoop/hadoop-yarn-server-common/2.5.0-cdh5.3.3/d099fcc19f56d477fa6b5b47ae4e06bb97538778/hadoop-yarn-server-common-2.5.0-cdh5.3.3.jar, file:/Users/hpatel/.gradle/caches/modules-2/files-2.1/org.apache.hadoop/hadoop-yarn-server-nodemanager/2.5.0-cdh5.3.3/278b2d7a6454ce57a94ab02a88c0b188afc8facc/hadoop-yarn-server-nodemanager-2.5.0-cdh5.3.3.jar, file:/Users/hpatel/.gradle/caches/modules-2/files-2.1/org.fusesource.leveldbjni/leveldbjni-all/1.8/707350a2eeb1fa2ed77a32ddb3893ed308e941db/leveldbjni-all-1.8.jar, file:/Users/hpatel/.gradle/caches/modules-2/files-2.1/javax.xml.bind/jaxb-api/2.2.2/aeb3021ca93dde265796d82015beecdcff95bf09/jaxb-api-2.2.2.jar, file:/Users/hpatel/.gradle/caches/modules-2/files-2.1/com.google.inject/guice/3.0/9d84f15fe35e2c716a02979fb62f50a29f38aefa/guice-3.0.jar, file:/Users/hpatel/.gradle/caches/modules-2/files-2.1/com.sun.jersey.contribs/jersey-guice/1.9/5963c28c47df7e5d6ad34cec80c071c368777f7b/jersey-guice-1.9.jar, file:/Users/hpatel/.gradle/caches/modules-2/files-2.1/com.fasterxml.jackson.core/jackson-core/2.2.3/1a0113da2cab5f4c216b4e5e7c1dbfaa67087e14/jackson-core-2.2.3.jar, file:/Users/hpatel/.gradle/caches/modules-2/files-2.1/commons-beanutils/commons-beanutils/1.7.0/5675fd96b29656504b86029551973d60fb41339b/commons-beanutils-1.7.0.jar, file:/Users/hpatel/.gradle/caches/modules-2/files-2.1/org.apache.directory.server/apacheds-i18n/2.0.0-M15/71c61c84683152ec2a6a65f3f96fe534e304fa22/apacheds-i18n-2.0.0-M15.jar, file:/Users/hpatel/.gradle/caches/modules-2/files-2.1/org.apache.directory.api/api-asn1-api/1.0.0-M20/5e6486ffa3125ba44dc410ead166e1d6ba8ac76d/api-asn1-api-1.0.0-M20.jar, file:/Users/hpatel/.gradle/caches/modules-2/files-2.1/org.apache.directory.api/api-util/1.0.0-M20/a871abf060b3cf83fc6dc4d7e3d151fce50ac3cb/api-util-1.0.0-M20.jar, file:/Users/hpatel/.gradle/caches/modules-2/files-2.1/com.sun.jersey/jersey-client/1.9/d3c4b2b5f89db32c96ceddcb863684821910a7bb/jersey-client-1.9.jar, file:/Users/hpatel/.gradle/caches/modules-2/files-2.1/javax.xml.stream/stax-api/1.0-2/d6337b0de8b25e53e81b922352fbea9f9f57ba0b/stax-api-1.0-2.jar, file:/Users/hpatel/.gradle/caches/modules-2/files-2.1/javax.activation/activation/1.1/e6cb541461c2834bdea3eb920f1884d1eb508b50/activation-1.1.jar, file:/Users/hpatel/.gradle/caches/modules-2/files-2.1/javax.inject/javax.inject/1/6975da39a7040257bd51d21a231b76c915872d38/javax.inject-1.jar, file:/Users/hpatel/.gradle/caches/modules-2/files-2.1/aopalliance/aopalliance/1.0/235ba8b489512805ac13a8f9ea77a1ca5ebe3e8/aopalliance-1.0.jar, file:/Users/hpatel/.gradle/caches/modules-2/files-2.1/org.sonatype.sisu.inject/cglib/2.2.1-v20090111/7ce5e983fd0e6c78346f4c9cbfa39d83049dda2/cglib-2.2.1-v20090111.jar, file:/Users/hpatel/.gradle/caches/modules-2/files-2.1/asm/asm/3.1/c157def142714c544bdea2e6144645702adf7097/asm-3.1.jar, file:/Users/hpatel/.gradle/caches/modules-2/files-2.1/org.apache.hive/hive-service/0.13.1-cdh5.3.3/c7979b4213bfb62823d43ba726e0fea58032dd1e/hive-service-0.13.1-cdh5.3.3.jar, file:/Users/hpatel/.gradle/caches/modules-2/files-2.1/net.sf.jpam/jpam/1.1/cb3d91c2dfda767518a371dbb02edfd6a4aa0600/jpam-1.1.jar, file:/Users/hpatel/.gradle/caches/modules-2/files-2.1/org.eclipse.jetty.aggregate/jetty-all/7.6.0.v20120127/47bb68e3837e5c6422138dd1e0d4d75c60dce87a/jetty-all-7.6.0.v20120127.jar, file:/Users/hpatel/.gradle/caches/modules-2/files-2.1/org.apache.thrift/libfb303/0.9.0/639bd69767fdbd7f658ce8233248fe1cea635164/libfb303-0.9.0.jar, file:/Users/hpatel/.gradle/caches/modules-2/files-2.1/org.apache.geronimo.specs/geronimo-jta_1.1_spec/1.1.1/aabab3165b8ea936b9360abbf448459c0d04a5a4/geronimo-jta_1.1_spec-1.1.1.jar, file:/Users/hpatel/.gradle/caches/modules-2/files-2.1/javax.mail/mail/1.4.1/8b7bc69010655425dabf091b51d1e90b4de36715/mail-1.4.1.jar, file:/Users/hpatel/.gradle/caches/modules-2/files-2.1/org.apache.geronimo.specs/geronimo-jaspic_1.0_spec/1.0/44b95be7dae1147716dce5336419eafade880756/geronimo-jaspic_1.0_spec-1.0.jar, file:/Users/hpatel/.gradle/caches/modules-2/files-2.1/org.apache.geronimo.specs/geronimo-annotation_1.0_spec/1.1.1/47caa799389f69d297b86bf90523d431599c3796/geronimo-annotation_1.0_spec-1.1.1.jar, file:/Users/hpatel/.gradle/caches/modules-2/files-2.1/asm/asm-commons/3.1/1b607fbfe7889c6fdff1b7c16439ade0a60869ac/asm-commons-3.1.jar, file:/Users/hpatel/.gradle/caches/modules-2/files-2.1/asm/asm-tree/3.1/c9a5d4334ddf194ea492f22107d45119a5c5322f/asm-tree-3.1.jar, file:/Users/hpatel/.gradle/caches/modules-2/files-2.1/commons-lang/commons-lang/2.6/ce1edb914c94ebc388f086c6827e8bdeec71ac2/commons-lang-2.6.jar, file:/Users/hpatel/.gradle/caches/modules-2/files-2.1/org.mortbay.jetty/jetty/6.1.26.cloudera.4/d59325a5ff8ff18f7543bc3fbb9d5efa0c0ff521/jetty-6.1.26.cloudera.4.jar, file:/Users/hpatel/.gradle/caches/modules-2/files-2.1/org.mortbay.jetty/jetty-util/6.1.26.cloudera.4/b8507b7c5d3fd9a3d01775272cbf1a63f530c19d/jetty-util-6.1.26.cloudera.4.jar, file:/Users/hpatel/.gradle/caches/modules-2/files-2.1/net.java.dev.jets3t/jets3t/0.9.0/792bc96ee7e57b89f472aa0cb5a31015b9f59c96/jets3t-0.9.0.jar, file:/Users/hpatel/.gradle/caches/modules-2/files-2.1/com.jamesmurty.utils/java-xmlbuilder/0.4/ac5962e48cdee3a0a6e1f8e00fcb594747ac5aaf/java-xmlbuilder-0.4.jar, file:/Users/hpatel/.gradle/caches/modules-2/files-2.1/com.google.protobuf/protobuf-java/2.5.0/a10732c76bfacdbd633a7eb0f7968b1059a65dfa/protobuf-java-2.5.0.jar, file:/Users/hpatel/.gradle/caches/modules-2/files-2.1/org.apache.hive/hive-exec/0.13.1-cdh5.3.3/4d935274127f47dd9c0875efcf317ba49aef1219/hive-exec-0.13.1-cdh5.3.3.jar, file:/Users/hpatel/.gradle/caches/modules-2/files-2.1/org.apache.hive/hive-ant/0.13.1-cdh5.3.3/86954e92a903253177cd6935798c50a6c32b7b81/hive-ant-0.13.1-cdh5.3.3.jar, file:/Users/hpatel/.gradle/caches/modules-2/files-2.1/org.antlr/antlr-runtime/3.4/8f011408269a8e42b8548687e137d8eeb56df4b4/antlr-runtime-3.4.jar, file:/Users/hpatel/.gradle/caches/modules-2/files-2.1/org.antlr/ST4/4.0.4/467a2aa12be6d0f0f68c70eecf6714ab733027ac/ST4-4.0.4.jar, file:/Users/hpatel/.gradle/caches/modules-2/files-2.1/org.apache.ant/ant/1.9.1/35900c96dbebc85dcfbd71f4661059ebcf93c077/ant-1.9.1.jar, file:/Users/hpatel/.gradle/caches/modules-2/files-2.1/org.codehaus.groovy/groovy-all/2.1.6/165b8246372a829c1915611646f6d964010656cf/groovy-all-2.1.6.jar, file:/Users/hpatel/.gradle/caches/modules-2/files-2.1/stax/stax-api/1.0.1/49c100caf72d658aca8e58bd74a4ba90fa2b0d70/stax-api-1.0.1.jar, file:/Users/hpatel/.gradle/caches/modules-2/files-2.1/org.apache.velocity/velocity/1.5/9f306baf7523ffc0e81a6353d08a584d254133b/velocity-1.5.jar, file:/Users/hpatel/.gradle/caches/modules-2/files-2.1/org.antlr/stringtemplate/3.2.1/59ec8083721eae215c6f3caee944c410d2be34de/stringtemplate-3.2.1.jar, file:/Users/hpatel/.gradle/caches/modules-2/files-2.1/antlr/antlr/2.7.7/83cd2cd674a217ade95a4bb83a8a14f351f48bd0/antlr-2.7.7.jar, file:/Users/hpatel/.gradle/caches/modules-2/files-2.1/org.apache.ant/ant-launcher/1.9.1/7c71043ca185eaada9e36391dd022d92859327de/ant-launcher-1.9.1.jar, file:/Users/hpatel/.gradle/caches/modules-2/files-2.1/oro/oro/2.0.8/5592374f834645c4ae250f4c9fbb314c9369d698/oro-2.0.8.jar, file:/Users/hpatel/.gradle/caches/modules-2/files-2.1/org.codehaus.jackson/jackson-core-asl/1.9.13/3c304d70f42f832e0a86d45bd437f692129299a4/jackson-core-asl-1.9.13.jar, file:/Users/hpatel/.gradle/caches/modules-2/files-2.1/org.codehaus.jackson/jackson-mapper-asl/1.9.13/1ee2f2bed0e5dd29d1cb155a166e6f8d50bbddb7/jackson-mapper-asl-1.9.13.jar, file:/Users/hpatel/.gradle/caches/modules-2/files-2.1/org.slf4j/slf4j-api/1.7.6/562424e36df3d2327e8e9301a76027fca17d54ea/slf4j-api-1.7.6.jar, file:/Users/hpatel/.gradle/caches/modules-2/files-2.1/com.sun.jersey/jersey-server/1.14/b1a21724c9b708ed54d42d41bb19ff45ae1d49d9/jersey-server-1.14.jar, file:/Users/hpatel/.gradle/caches/modules-2/files-2.1/org.apache.httpcomponents/httpclient/4.2.5/666e26e76f2e87d84e4f16acb546481ae1b8e9a6/httpclient-4.2.5.jar, file:/Users/hpatel/.gradle/caches/modules-2/files-2.1/org.apache.zookeeper/zookeeper/3.4.6/1b2502e29da1ebaade2357cd1de35a855fa3755/zookeeper-3.4.6.jar, file:/Users/hpatel/.gradle/caches/modules-2/files-2.1/com.google.guava/guava/16.0.1/5fa98cd1a63c99a44dd8d3b77e4762b066a5d0c5/guava-16.0.1.jar, file:/Users/hpatel/.gradle/caches/modules-2/files-2.1/org.codehaus.jackson/jackson-jaxrs/1.8.8/71b16055388e9bd3991c3c3834e8e55098b789f1/jackson-jaxrs-1.8.8.jar, file:/Users/hpatel/.gradle/caches/modules-2/files-2.1/org.codehaus.jackson/jackson-xc/1.8.8/52efa08bc1e4cfea168f552b9e3088297d9d0926/jackson-xc-1.8.8.jar, file:/Users/hpatel/.gradle/caches/modules-2/files-2.1/org.apache.hive/hive-metastore/0.13.1-cdh5.3.3/ca93686a17f064a5ab6587799721cddd7836e53a/hive-metastore-0.13.1-cdh5.3.3.jar, file:/Users/hpatel/.gradle/caches/modules-2/files-2.1/com.jolbox/bonecp/0.8.0.RELEASE/cec24ee9345b3678472bb1b8fdd6aa6b9428beb8/bonecp-0.8.0.RELEASE.jar, file:/Users/hpatel/.gradle/caches/modules-2/files-2.1/org.apache.derby/derby/10.10.1.1/9f6f910f0373adc1b23c10f9b4bb151b7e7449f/derby-10.10.1.1.jar, file:/Users/hpatel/.gradle/caches/modules-2/files-2.1/javax.jdo/jdo-api/3.0.1/58e7a538e020b73871e232eeb064835fd98a492/jdo-api-3.0.1.jar, file:/Users/hpatel/.gradle/caches/modules-2/files-2.1/javax.transaction/jta/1.1/2ca09f0b36ca7d71b762e14ea2ff09d5eac57558/jta-1.1.jar, file:/Users/hpatel/.gradle/caches/modules-2/files-2.1/org.apache.thrift/libthrift/0.9.0/9ba8df332b5db95ce7f3b7a83e44d796c3d014d3/libthrift-0.9.0.jar, file:/Users/hpatel/.gradle/caches/modules-2/files-2.1/org.apache.httpcomponents/httpcore/4.2.4/3b7f38df6de5dd8b500e602ae8c2dd5ee446f883/httpcore-4.2.4.jar, file:/Users/hpatel/.gradle/caches/modules-2/files-2.1/com.sun.jersey/jersey-core/1.14/693061de8b9b352b11e997b1dd4052677778852d/jersey-core-1.14.jar, file:/Users/hpatel/.gradle/caches/modules-2/files-2.1/commons-codec/commons-codec/1.6/b7f0fc8f61ecadeb3695f0b9464755eee44374d4/commons-codec-1.6.jar, file:/Users/hpatel/.gradle/caches/modules-2/files-2.1/io.netty/netty/3.7.0.Final/7a8c35599c68c0bf383df74469aa3e03d9aca87/netty-3.7.0.Final.jar]
15/09/06 13:13:50 INFO mr.ObjectCache: Ignoring retrieval request: __REDUCE_PLAN__
15/09/06 13:13:50 INFO log.PerfLogger: <PERFLOG method=deserializePlan from=org.apache.hadoop.hive.ql.exec.Utilities>
15/09/06 13:13:50 INFO exec.Utilities: Deserializing ReduceWork via kryo
15/09/06 13:13:50 INFO log.PerfLogger: </PERFLOG method=deserializePlan start=1441563230618 end=1441563230631 duration=13 from=org.apache.hadoop.hive.ql.exec.Utilities>
15/09/06 13:13:50 INFO mr.ObjectCache: Ignoring cache key: __REDUCE_PLAN__
15/09/06 13:13:50 INFO ExecReducer: 
<GBY>Id =117
  <Children>
    <SEL>Id =118
      <Children>
        <FS>Id =119
          <Children>
          <\Children>
          <Parent>Id = 118 null<\Parent>
        <\FS>
      <\Children>
      <Parent>Id = 117 null<\Parent>
    <\SEL>
  <\Children>
  <Parent><\Parent>
<\GBY>
15/09/06 13:13:50 INFO exec.GroupByOperator: Initializing Self 117 GBY
15/09/06 13:13:50 INFO exec.GroupByOperator: Operator 117 GBY initialized
15/09/06 13:13:50 INFO exec.GroupByOperator: Initializing children of 117 GBY
15/09/06 13:13:50 INFO exec.SelectOperator: Initializing child 118 SEL
15/09/06 13:13:50 INFO exec.SelectOperator: Initializing Self 118 SEL
15/09/06 13:13:50 INFO exec.SelectOperator: SELECT struct<_col0:bigint>
15/09/06 13:13:50 INFO exec.SelectOperator: Operator 118 SEL initialized
15/09/06 13:13:50 INFO exec.SelectOperator: Initializing children of 118 SEL
15/09/06 13:13:50 INFO exec.FileSinkOperator: Initializing child 119 FS
15/09/06 13:13:50 INFO exec.FileSinkOperator: Initializing Self 119 FS
15/09/06 13:13:50 INFO exec.FileSinkOperator: Operator 119 FS initialized
15/09/06 13:13:50 INFO exec.FileSinkOperator: Initialization Done 119 FS
15/09/06 13:13:50 INFO exec.SelectOperator: Initialization Done 118 SEL
15/09/06 13:13:50 INFO exec.GroupByOperator: Initialization Done 117 GBY
15/09/06 13:13:50 INFO ExecReducer: ExecReducer: processing 1 rows: used memory = 433594128
15/09/06 13:13:50 INFO ExecReducer: ExecReducer: processed 1 rows: used memory = 433594128
15/09/06 13:13:50 INFO exec.GroupByOperator: 117 finished. closing... 
15/09/06 13:13:50 INFO exec.FileSinkOperator: Final Path: FS file:/var/folders/y7/4_pz5fzx54ngcmghz3v6t3m00000gn/T/junit8690338365344900462/scratchdir/hive_2015-09-06_13-13-50_397_4303893279174603244-1/-mr-10000/.hive-staging_hive_2015-09-06_13-13-50_397_4303893279174603244-1/_tmp.-ext-10001/000000_0
15/09/06 13:13:50 INFO exec.FileSinkOperator: Writing to temp file: FS file:/var/folders/y7/4_pz5fzx54ngcmghz3v6t3m00000gn/T/junit8690338365344900462/scratchdir/hive_2015-09-06_13-13-50_397_4303893279174603244-1/-mr-10000/.hive-staging_hive_2015-09-06_13-13-50_397_4303893279174603244-1/_task_tmp.-ext-10001/_tmp.000000_0
15/09/06 13:13:50 INFO exec.FileSinkOperator: New Final Path: FS file:/var/folders/y7/4_pz5fzx54ngcmghz3v6t3m00000gn/T/junit8690338365344900462/scratchdir/hive_2015-09-06_13-13-50_397_4303893279174603244-1/-mr-10000/.hive-staging_hive_2015-09-06_13-13-50_397_4303893279174603244-1/_tmp.-ext-10001/000000_0
15/09/06 13:13:50 INFO exec.SelectOperator: 118 finished. closing... 
15/09/06 13:13:50 INFO exec.FileSinkOperator: 119 finished. closing... 
15/09/06 13:13:50 INFO exec.FileSinkOperator: FS[119]: records written - 1
15/09/06 13:13:50 INFO exec.FileSinkOperator: RECORDS_OUT_0:1
15/09/06 13:13:50 INFO exec.FileSinkOperator: 119 Close done
15/09/06 13:13:50 INFO exec.SelectOperator: 118 Close done
15/09/06 13:13:50 INFO exec.GroupByOperator: 117 Close done
15/09/06 13:13:50 INFO mapred.Task: Task:attempt_local1483151809_0008_r_000000_0 is done. And is in the process of commiting
15/09/06 13:13:50 INFO mapred.LocalJobRunner: reduce > reduce
15/09/06 13:13:50 INFO mapred.Task: Task 'attempt_local1483151809_0008_r_000000_0' done.
2015-09-06 13:13:50,642 Stage-1 map = 100%,  reduce = 100%
15/09/06 13:13:50 INFO exec.Task: 2015-09-06 13:13:50,642 Stage-1 map = 100%,  reduce = 100%
Ended Job = job_local1483151809_0008
15/09/06 13:13:50 INFO exec.Task: Ended Job = job_local1483151809_0008
15/09/06 13:13:50 INFO exec.FileSinkOperator: Moving tmp dir: file:/var/folders/y7/4_pz5fzx54ngcmghz3v6t3m00000gn/T/junit8690338365344900462/scratchdir/hive_2015-09-06_13-13-50_397_4303893279174603244-1/-mr-10000/.hive-staging_hive_2015-09-06_13-13-50_397_4303893279174603244-1/_tmp.-ext-10001 to: file:/var/folders/y7/4_pz5fzx54ngcmghz3v6t3m00000gn/T/junit8690338365344900462/scratchdir/hive_2015-09-06_13-13-50_397_4303893279174603244-1/-mr-10000/.hive-staging_hive_2015-09-06_13-13-50_397_4303893279174603244-1/-ext-10001
15/09/06 13:13:50 INFO log.PerfLogger: </PERFLOG method=runTasks start=1441563230462 end=1441563230644 duration=182 from=org.apache.hadoop.hive.ql.Driver>
15/09/06 13:13:50 INFO log.PerfLogger: </PERFLOG method=Driver.execute start=1441563230462 end=1441563230644 duration=182 from=org.apache.hadoop.hive.ql.Driver>
MapReduce Jobs Launched: 
15/09/06 13:13:50 INFO ql.Driver: MapReduce Jobs Launched: 
Stage-Stage-1:  HDFS Read: 0 HDFS Write: 0 SUCCESS
15/09/06 13:13:50 INFO ql.Driver: Stage-Stage-1:  HDFS Read: 0 HDFS Write: 0 SUCCESS
Total MapReduce CPU Time Spent: 0 msec
15/09/06 13:13:50 INFO ql.Driver: Total MapReduce CPU Time Spent: 0 msec
OK
15/09/06 13:13:50 INFO ql.Driver: OK
15/09/06 13:13:50 INFO log.PerfLogger: <PERFLOG method=releaseLocks from=org.apache.hadoop.hive.ql.Driver>
15/09/06 13:13:50 INFO log.PerfLogger: </PERFLOG method=releaseLocks start=1441563230644 end=1441563230644 duration=0 from=org.apache.hadoop.hive.ql.Driver>
15/09/06 13:13:50 INFO log.PerfLogger: </PERFLOG method=Driver.run start=1441563230397 end=1441563230644 duration=247 from=org.apache.hadoop.hive.ql.Driver>
15/09/06 13:13:50 INFO mapred.FileInputFormat: Total input paths to process : 1
15/09/06 13:13:50 INFO service.HiveServer: Running the query: select COUNT(*) from dealer_hierarchy_core
15/09/06 13:13:50 INFO exec.ListSinkOperator: 115 finished. closing... 
15/09/06 13:13:50 INFO exec.ListSinkOperator: 115 Close done
15/09/06 13:13:50 INFO log.PerfLogger: <PERFLOG method=Driver.run from=org.apache.hadoop.hive.ql.Driver>
15/09/06 13:13:50 INFO log.PerfLogger: <PERFLOG method=TimeToSubmit from=org.apache.hadoop.hive.ql.Driver>
15/09/06 13:13:50 INFO ql.Driver: Concurrency mode is disabled, not creating a lock manager
15/09/06 13:13:50 INFO log.PerfLogger: <PERFLOG method=compile from=org.apache.hadoop.hive.ql.Driver>
15/09/06 13:13:50 INFO log.PerfLogger: <PERFLOG method=parse from=org.apache.hadoop.hive.ql.Driver>
15/09/06 13:13:50 INFO parse.ParseDriver: Parsing command: select COUNT(*) from dealer_hierarchy_core
15/09/06 13:13:50 INFO parse.ParseDriver: Parse Completed
15/09/06 13:13:50 INFO log.PerfLogger: </PERFLOG method=parse start=1441563230648 end=1441563230648 duration=0 from=org.apache.hadoop.hive.ql.Driver>
15/09/06 13:13:50 INFO log.PerfLogger: <PERFLOG method=semanticAnalyze from=org.apache.hadoop.hive.ql.Driver>
15/09/06 13:13:50 INFO parse.SemanticAnalyzer: Starting Semantic Analysis
15/09/06 13:13:50 INFO parse.SemanticAnalyzer: Completed phase 1 of Semantic Analysis
15/09/06 13:13:50 INFO parse.SemanticAnalyzer: Get metadata for source tables
15/09/06 13:13:50 INFO metastore.HiveMetaStore: 0: get_table : db=ddsw_dev tbl=dealer_hierarchy_core
15/09/06 13:13:50 INFO HiveMetaStore.audit: ugi=hpatel	ip=unknown-ip-addr	cmd=get_table : db=ddsw_dev tbl=dealer_hierarchy_core	
15/09/06 13:13:50 INFO avro.AvroSerDe: Avro schema is {"type":"record","name":"DEALER_HIERARCHY_CORE","doc":"Sqoop import of DEALER_HIERARCHY","fields":[{"name":"File_Name","type":["string","null"],"columnName":"File_Name"},{"name":"GEN_ID","type":["string","null"],"columnName":"GEN_ID"},{"name":"DMS_SYSTEM","type":["string","null"],"columnName":"DMS_SYSTEM"},{"name":"DMS_VERSION","type":["string","null"],"columnName":"DMS_VERSION"},{"name":"TRANSMIT_TS","type":["string","null"],"columnName":"TRANSMIT_TS"},{"name":"ORIG_TRANSMIT_TS","type":["string","null"],"columnName":"TRANSMIT_TS"},{"name":"TRANSMIT_BY","type":["string","null"],"columnName":"TRANSMIT_BY"},{"name":"RECORD_STATUS","type":["string","null"],"columnName":"RECORD_STATUS"},{"name":"DEALER_UPDT_IND","type":["string","null"],"columnName":"DEALER_UPDT_IND","sqlType":"1"},{"name":"STORE_NUMBER","type":["string","null"],"columnName":"STORE_NUMBER"},{"name":"PART_TYPE","type":["string","null"],"columnName":"PART_TYPE"},{"name":"STORE_NAME","type":["string","null"],"columnName":"STORE_NAME"},{"name":"INVENTORY_STORE_NUMBER","type":["string","null"],"columnName":"INVENTORY_STORE_NUMBER"},{"name":"CAT_EMRG_DEALER_CODE","type":["string","null"],"columnName":"CAT_EMRG_DEALER_CODE"},{"name":"CAT_STOCK_DEALER_CODE","type":["string","null"],"columnName":"CAT_STOCK_DEALER_CODE"},{"name":"STOCK_REPLEN_STORE_NUMBER","type":["string","null"],"columnName":"STOCK_REPLEN_STORE_NUMBER"},{"name":"STOCK_REPLEN_LEAD_TIME","type":["string","null"],"columnName":"STOCK_REPLEN_LEAD_TIME"},{"name":"LST_UPDT_TS","type":["string","null"],"columnName":"LST_UPDT_TS"},{"name":"ORIG_LST_UPDT_TS","type":["string","null"],"columnName":"ORIG_LST_UPDT_TS"},{"name":"LST_UPDT_BY_ID","type":["string","null"],"columnName":"LST_UPDT_BY_ID"},{"name":"FILE_INS_TS","type":["string","null"],"columnName":"FILE_INS_TS"},{"name":"ORIG_FILE_INS_TS","type":["string","null"],"columnName":"ORIG_FILE_INS_TS"},{"name":"EXP_STOCK_PLAN_LEAD_TIME","type":["string","null"],"columnName":"EXP_STOCK_PLAN_LEAD_TIME"}],"tableName":"DEALER_HIERARCHY_CORE"}
15/09/06 13:13:50 INFO avro.AvroSerDe: Avro schema is {"type":"record","name":"DEALER_HIERARCHY_CORE","doc":"Sqoop import of DEALER_HIERARCHY","fields":[{"name":"File_Name","type":["string","null"],"columnName":"File_Name"},{"name":"GEN_ID","type":["string","null"],"columnName":"GEN_ID"},{"name":"DMS_SYSTEM","type":["string","null"],"columnName":"DMS_SYSTEM"},{"name":"DMS_VERSION","type":["string","null"],"columnName":"DMS_VERSION"},{"name":"TRANSMIT_TS","type":["string","null"],"columnName":"TRANSMIT_TS"},{"name":"ORIG_TRANSMIT_TS","type":["string","null"],"columnName":"TRANSMIT_TS"},{"name":"TRANSMIT_BY","type":["string","null"],"columnName":"TRANSMIT_BY"},{"name":"RECORD_STATUS","type":["string","null"],"columnName":"RECORD_STATUS"},{"name":"DEALER_UPDT_IND","type":["string","null"],"columnName":"DEALER_UPDT_IND","sqlType":"1"},{"name":"STORE_NUMBER","type":["string","null"],"columnName":"STORE_NUMBER"},{"name":"PART_TYPE","type":["string","null"],"columnName":"PART_TYPE"},{"name":"STORE_NAME","type":["string","null"],"columnName":"STORE_NAME"},{"name":"INVENTORY_STORE_NUMBER","type":["string","null"],"columnName":"INVENTORY_STORE_NUMBER"},{"name":"CAT_EMRG_DEALER_CODE","type":["string","null"],"columnName":"CAT_EMRG_DEALER_CODE"},{"name":"CAT_STOCK_DEALER_CODE","type":["string","null"],"columnName":"CAT_STOCK_DEALER_CODE"},{"name":"STOCK_REPLEN_STORE_NUMBER","type":["string","null"],"columnName":"STOCK_REPLEN_STORE_NUMBER"},{"name":"STOCK_REPLEN_LEAD_TIME","type":["string","null"],"columnName":"STOCK_REPLEN_LEAD_TIME"},{"name":"LST_UPDT_TS","type":["string","null"],"columnName":"LST_UPDT_TS"},{"name":"ORIG_LST_UPDT_TS","type":["string","null"],"columnName":"ORIG_LST_UPDT_TS"},{"name":"LST_UPDT_BY_ID","type":["string","null"],"columnName":"LST_UPDT_BY_ID"},{"name":"FILE_INS_TS","type":["string","null"],"columnName":"FILE_INS_TS"},{"name":"ORIG_FILE_INS_TS","type":["string","null"],"columnName":"ORIG_FILE_INS_TS"},{"name":"EXP_STOCK_PLAN_LEAD_TIME","type":["string","null"],"columnName":"EXP_STOCK_PLAN_LEAD_TIME"}],"tableName":"DEALER_HIERARCHY_CORE"}
15/09/06 13:13:50 INFO parse.SemanticAnalyzer: Get metadata for subqueries
15/09/06 13:13:50 INFO parse.SemanticAnalyzer: Get metadata for destination tables
15/09/06 13:13:50 INFO ql.Context: New scratch dir is file:/var/folders/y7/4_pz5fzx54ngcmghz3v6t3m00000gn/T/junit8690338365344900462/scratchdir/hive_2015-09-06_13-13-50_648_4773574331209546989-1
15/09/06 13:13:50 INFO parse.SemanticAnalyzer: Completed getting MetaData in Semantic Analysis
15/09/06 13:13:50 INFO common.FileUtils: Creating directory if it doesn't exist: file:/var/folders/y7/4_pz5fzx54ngcmghz3v6t3m00000gn/T/junit8690338365344900462/scratchdir/hive_2015-09-06_13-13-50_648_4773574331209546989-1/-mr-10000/.hive-staging_hive_2015-09-06_13-13-50_648_4773574331209546989-1
15/09/06 13:13:50 INFO parse.SemanticAnalyzer: Set stats collection dir : file:/var/folders/y7/4_pz5fzx54ngcmghz3v6t3m00000gn/T/junit8690338365344900462/scratchdir/hive_2015-09-06_13-13-50_648_4773574331209546989-1/-mr-10000/.hive-staging_hive_2015-09-06_13-13-50_648_4773574331209546989-1/-ext-10002
15/09/06 13:13:50 INFO ppd.OpProcFactory: Processing for FS(130)
15/09/06 13:13:50 INFO ppd.OpProcFactory: Processing for SEL(129)
15/09/06 13:13:50 INFO ppd.OpProcFactory: Processing for GBY(128)
15/09/06 13:13:50 INFO ppd.OpProcFactory: Processing for RS(127)
15/09/06 13:13:50 INFO ppd.OpProcFactory: Processing for GBY(126)
15/09/06 13:13:50 INFO ppd.OpProcFactory: Processing for SEL(125)
15/09/06 13:13:50 INFO ppd.OpProcFactory: Processing for TS(124)
15/09/06 13:13:50 INFO log.PerfLogger: <PERFLOG method=partition-retrieving from=org.apache.hadoop.hive.ql.optimizer.ppr.PartitionPruner>
15/09/06 13:13:50 INFO metastore.HiveMetaStore: 0: get_partitions : db=ddsw_dev tbl=dealer_hierarchy_core
15/09/06 13:13:50 INFO HiveMetaStore.audit: ugi=hpatel	ip=unknown-ip-addr	cmd=get_partitions : db=ddsw_dev tbl=dealer_hierarchy_core	
15/09/06 13:13:50 INFO log.PerfLogger: </PERFLOG method=partition-retrieving start=1441563230713 end=1441563230720 duration=7 from=org.apache.hadoop.hive.ql.optimizer.ppr.PartitionPruner>
15/09/06 13:13:50 INFO optimizer.ColumnPrunerProcFactory: RS 127 oldColExprMap: {VALUE._col0=Column[_col0]}
15/09/06 13:13:50 INFO optimizer.ColumnPrunerProcFactory: RS 127 newColExprMap: {VALUE._col0=Column[_col0]}
15/09/06 13:13:50 INFO optimizer.SortedDynPartitionOptimizer: Sorted dynamic partitioning optimization kicked in..
15/09/06 13:13:50 INFO parse.SemanticAnalyzer: Completed plan generation
15/09/06 13:13:50 INFO ql.Driver: Semantic Analysis Completed
15/09/06 13:13:50 INFO log.PerfLogger: </PERFLOG method=semanticAnalyze start=1441563230648 end=1441563230723 duration=75 from=org.apache.hadoop.hive.ql.Driver>
15/09/06 13:13:50 INFO exec.ListSinkOperator: Initializing Self 131 OP
15/09/06 13:13:50 INFO exec.ListSinkOperator: Operator 131 OP initialized
15/09/06 13:13:50 INFO exec.ListSinkOperator: Initialization Done 131 OP
15/09/06 13:13:50 INFO ql.Driver: Returning Hive schema: Schema(fieldSchemas:[FieldSchema(name:_c0, type:bigint, comment:null)], properties:null)
15/09/06 13:13:50 INFO log.PerfLogger: </PERFLOG method=compile start=1441563230648 end=1441563230724 duration=76 from=org.apache.hadoop.hive.ql.Driver>
15/09/06 13:13:50 INFO log.PerfLogger: <PERFLOG method=Driver.execute from=org.apache.hadoop.hive.ql.Driver>
15/09/06 13:13:50 INFO ql.Driver: Starting command: select COUNT(*) from dealer_hierarchy_core
Total jobs = 1
15/09/06 13:13:50 INFO ql.Driver: Total jobs = 1
15/09/06 13:13:50 INFO log.PerfLogger: </PERFLOG method=TimeToSubmit start=1441563230648 end=1441563230725 duration=77 from=org.apache.hadoop.hive.ql.Driver>
15/09/06 13:13:50 INFO log.PerfLogger: <PERFLOG method=runTasks from=org.apache.hadoop.hive.ql.Driver>
15/09/06 13:13:50 INFO log.PerfLogger: <PERFLOG method=task.MAPRED.Stage-1 from=org.apache.hadoop.hive.ql.Driver>
Launching Job 1 out of 1
15/09/06 13:13:50 INFO ql.Driver: Launching Job 1 out of 1
Number of reduce tasks determined at compile time: 1
15/09/06 13:13:50 INFO exec.Task: Number of reduce tasks determined at compile time: 1
In order to change the average load for a reducer (in bytes):
15/09/06 13:13:50 INFO exec.Task: In order to change the average load for a reducer (in bytes):
  set hive.exec.reducers.bytes.per.reducer=<number>
15/09/06 13:13:50 INFO exec.Task:   set hive.exec.reducers.bytes.per.reducer=<number>
In order to limit the maximum number of reducers:
15/09/06 13:13:50 INFO exec.Task: In order to limit the maximum number of reducers:
  set hive.exec.reducers.max=<number>
15/09/06 13:13:50 INFO exec.Task:   set hive.exec.reducers.max=<number>
In order to set a constant number of reducers:
15/09/06 13:13:50 INFO exec.Task: In order to set a constant number of reducers:
  set mapreduce.job.reduces=<number>
15/09/06 13:13:50 INFO exec.Task:   set mapreduce.job.reduces=<number>
15/09/06 13:13:50 INFO ql.Context: New scratch dir is file:/var/folders/y7/4_pz5fzx54ngcmghz3v6t3m00000gn/T/junit8690338365344900462/scratchdir/hive_2015-09-06_13-13-50_648_4773574331209546989-1
15/09/06 13:13:50 INFO mr.ExecDriver: Using org.apache.hadoop.hive.ql.io.CombineHiveInputFormat
15/09/06 13:13:50 INFO exec.Utilities: Processing alias dealer_hierarchy_core
15/09/06 13:13:50 INFO exec.Utilities: Adding input file file:/var/folders/y7/4_pz5fzx54ngcmghz3v6t3m00000gn/T/junit8690338365344900462/hadooptmp/dealer_hierarchy/core_data/dealer_code=AAAA
15/09/06 13:13:50 INFO exec.Utilities: Content Summary not cached for file:/var/folders/y7/4_pz5fzx54ngcmghz3v6t3m00000gn/T/junit8690338365344900462/hadooptmp/dealer_hierarchy/core_data/dealer_code=AAAA
15/09/06 13:13:50 INFO exec.Utilities: Adding input file file:/var/folders/y7/4_pz5fzx54ngcmghz3v6t3m00000gn/T/junit8690338365344900462/hadooptmp/dealer_hierarchy/core_data/dealer_code=ZZZZ
15/09/06 13:13:50 INFO exec.Utilities: Content Summary not cached for file:/var/folders/y7/4_pz5fzx54ngcmghz3v6t3m00000gn/T/junit8690338365344900462/hadooptmp/dealer_hierarchy/core_data/dealer_code=ZZZZ
15/09/06 13:13:50 INFO ql.Context: New scratch dir is file:/var/folders/y7/4_pz5fzx54ngcmghz3v6t3m00000gn/T/junit8690338365344900462/scratchdir/hive_2015-09-06_13-13-50_648_4773574331209546989-1
15/09/06 13:13:50 INFO log.PerfLogger: <PERFLOG method=serializePlan from=org.apache.hadoop.hive.ql.exec.Utilities>
15/09/06 13:13:50 INFO exec.Utilities: Serializing MapWork via kryo
15/09/06 13:13:50 INFO log.PerfLogger: </PERFLOG method=serializePlan start=1441563230728 end=1441563230729 duration=1 from=org.apache.hadoop.hive.ql.exec.Utilities>
15/09/06 13:13:50 INFO exec.Utilities: Setting plan: /var/folders/y7/4_pz5fzx54ngcmghz3v6t3m00000gn/T/junit8690338365344900462/scratchdir/hive_2015-09-06_13-13-50_648_4773574331209546989-1/-mr-10004/18afa2d5-e414-443f-b2aa-7094c6e9dc0e/map.xml
15/09/06 13:13:50 INFO log.PerfLogger: <PERFLOG method=serializePlan from=org.apache.hadoop.hive.ql.exec.Utilities>
15/09/06 13:13:50 INFO exec.Utilities: Serializing ReduceWork via kryo
15/09/06 13:13:50 INFO log.PerfLogger: </PERFLOG method=serializePlan start=1441563230730 end=1441563230732 duration=2 from=org.apache.hadoop.hive.ql.exec.Utilities>
15/09/06 13:13:50 INFO exec.Utilities: Setting plan: /var/folders/y7/4_pz5fzx54ngcmghz3v6t3m00000gn/T/junit8690338365344900462/scratchdir/hive_2015-09-06_13-13-50_648_4773574331209546989-1/-mr-10004/18afa2d5-e414-443f-b2aa-7094c6e9dc0e/reduce.xml
15/09/06 13:13:50 INFO jvm.JvmMetrics: Cannot initialize JVM Metrics with processName=JobTracker, sessionId= - already initialized
15/09/06 13:13:50 WARN mapred.JobClient: Use GenericOptionsParser for parsing the arguments. Applications should implement Tool for the same.
15/09/06 13:13:50 INFO log.PerfLogger: <PERFLOG method=getSplits from=org.apache.hadoop.hive.ql.io.CombineHiveInputFormat>
15/09/06 13:13:50 INFO avro.AvroSerDe: Avro schema is {"type":"record","name":"DEALER_HIERARCHY_CORE","doc":"Sqoop import of DEALER_HIERARCHY","fields":[{"name":"File_Name","type":["string","null"],"columnName":"File_Name"},{"name":"GEN_ID","type":["string","null"],"columnName":"GEN_ID"},{"name":"DMS_SYSTEM","type":["string","null"],"columnName":"DMS_SYSTEM"},{"name":"DMS_VERSION","type":["string","null"],"columnName":"DMS_VERSION"},{"name":"TRANSMIT_TS","type":["string","null"],"columnName":"TRANSMIT_TS"},{"name":"ORIG_TRANSMIT_TS","type":["string","null"],"columnName":"TRANSMIT_TS"},{"name":"TRANSMIT_BY","type":["string","null"],"columnName":"TRANSMIT_BY"},{"name":"RECORD_STATUS","type":["string","null"],"columnName":"RECORD_STATUS"},{"name":"DEALER_UPDT_IND","type":["string","null"],"columnName":"DEALER_UPDT_IND","sqlType":"1"},{"name":"STORE_NUMBER","type":["string","null"],"columnName":"STORE_NUMBER"},{"name":"PART_TYPE","type":["string","null"],"columnName":"PART_TYPE"},{"name":"STORE_NAME","type":["string","null"],"columnName":"STORE_NAME"},{"name":"INVENTORY_STORE_NUMBER","type":["string","null"],"columnName":"INVENTORY_STORE_NUMBER"},{"name":"CAT_EMRG_DEALER_CODE","type":["string","null"],"columnName":"CAT_EMRG_DEALER_CODE"},{"name":"CAT_STOCK_DEALER_CODE","type":["string","null"],"columnName":"CAT_STOCK_DEALER_CODE"},{"name":"STOCK_REPLEN_STORE_NUMBER","type":["string","null"],"columnName":"STOCK_REPLEN_STORE_NUMBER"},{"name":"STOCK_REPLEN_LEAD_TIME","type":["string","null"],"columnName":"STOCK_REPLEN_LEAD_TIME"},{"name":"LST_UPDT_TS","type":["string","null"],"columnName":"LST_UPDT_TS"},{"name":"ORIG_LST_UPDT_TS","type":["string","null"],"columnName":"ORIG_LST_UPDT_TS"},{"name":"LST_UPDT_BY_ID","type":["string","null"],"columnName":"LST_UPDT_BY_ID"},{"name":"FILE_INS_TS","type":["string","null"],"columnName":"FILE_INS_TS"},{"name":"ORIG_FILE_INS_TS","type":["string","null"],"columnName":"ORIG_FILE_INS_TS"},{"name":"EXP_STOCK_PLAN_LEAD_TIME","type":["string","null"],"columnName":"EXP_STOCK_PLAN_LEAD_TIME"}],"tableName":"DEALER_HIERARCHY_CORE"}
15/09/06 13:13:50 INFO io.CombineHiveInputFormat: CombineHiveInputSplit creating pool for file:/var/folders/y7/4_pz5fzx54ngcmghz3v6t3m00000gn/T/junit8690338365344900462/hadooptmp/dealer_hierarchy/core_data/dealer_code=AAAA; using filter path file:/var/folders/y7/4_pz5fzx54ngcmghz3v6t3m00000gn/T/junit8690338365344900462/hadooptmp/dealer_hierarchy/core_data/dealer_code=AAAA
15/09/06 13:13:50 INFO avro.AvroSerDe: Avro schema is {"type":"record","name":"DEALER_HIERARCHY_CORE","doc":"Sqoop import of DEALER_HIERARCHY","fields":[{"name":"File_Name","type":["string","null"],"columnName":"File_Name"},{"name":"GEN_ID","type":["string","null"],"columnName":"GEN_ID"},{"name":"DMS_SYSTEM","type":["string","null"],"columnName":"DMS_SYSTEM"},{"name":"DMS_VERSION","type":["string","null"],"columnName":"DMS_VERSION"},{"name":"TRANSMIT_TS","type":["string","null"],"columnName":"TRANSMIT_TS"},{"name":"ORIG_TRANSMIT_TS","type":["string","null"],"columnName":"TRANSMIT_TS"},{"name":"TRANSMIT_BY","type":["string","null"],"columnName":"TRANSMIT_BY"},{"name":"RECORD_STATUS","type":["string","null"],"columnName":"RECORD_STATUS"},{"name":"DEALER_UPDT_IND","type":["string","null"],"columnName":"DEALER_UPDT_IND","sqlType":"1"},{"name":"STORE_NUMBER","type":["string","null"],"columnName":"STORE_NUMBER"},{"name":"PART_TYPE","type":["string","null"],"columnName":"PART_TYPE"},{"name":"STORE_NAME","type":["string","null"],"columnName":"STORE_NAME"},{"name":"INVENTORY_STORE_NUMBER","type":["string","null"],"columnName":"INVENTORY_STORE_NUMBER"},{"name":"CAT_EMRG_DEALER_CODE","type":["string","null"],"columnName":"CAT_EMRG_DEALER_CODE"},{"name":"CAT_STOCK_DEALER_CODE","type":["string","null"],"columnName":"CAT_STOCK_DEALER_CODE"},{"name":"STOCK_REPLEN_STORE_NUMBER","type":["string","null"],"columnName":"STOCK_REPLEN_STORE_NUMBER"},{"name":"STOCK_REPLEN_LEAD_TIME","type":["string","null"],"columnName":"STOCK_REPLEN_LEAD_TIME"},{"name":"LST_UPDT_TS","type":["string","null"],"columnName":"LST_UPDT_TS"},{"name":"ORIG_LST_UPDT_TS","type":["string","null"],"columnName":"ORIG_LST_UPDT_TS"},{"name":"LST_UPDT_BY_ID","type":["string","null"],"columnName":"LST_UPDT_BY_ID"},{"name":"FILE_INS_TS","type":["string","null"],"columnName":"FILE_INS_TS"},{"name":"ORIG_FILE_INS_TS","type":["string","null"],"columnName":"ORIG_FILE_INS_TS"},{"name":"EXP_STOCK_PLAN_LEAD_TIME","type":["string","null"],"columnName":"EXP_STOCK_PLAN_LEAD_TIME"}],"tableName":"DEALER_HIERARCHY_CORE"}
15/09/06 13:13:50 INFO io.CombineHiveInputFormat: CombineHiveInputSplit: pool is already created for file:/var/folders/y7/4_pz5fzx54ngcmghz3v6t3m00000gn/T/junit8690338365344900462/hadooptmp/dealer_hierarchy/core_data/dealer_code=ZZZZ; using filter path file:/var/folders/y7/4_pz5fzx54ngcmghz3v6t3m00000gn/T/junit8690338365344900462/hadooptmp/dealer_hierarchy/core_data/dealer_code=ZZZZ
15/09/06 13:13:50 INFO mapred.FileInputFormat: Total input paths to process : 2
15/09/06 13:13:50 INFO io.CombineHiveInputFormat: number of splits 1
15/09/06 13:13:50 INFO log.PerfLogger: </PERFLOG method=getSplits start=1441563230791 end=1441563230808 duration=17 from=org.apache.hadoop.hive.ql.io.CombineHiveInputFormat>
Starting Job = job_local595186156_0009, Tracking URL = http://localhost:8080/
15/09/06 13:13:50 INFO mapred.LocalJobRunner: OutputCommitter set in config org.apache.hadoop.hive.shims.HadoopShimsSecure$NullOutputCommitter
15/09/06 13:13:50 INFO exec.Task: Starting Job = job_local595186156_0009, Tracking URL = http://localhost:8080/
15/09/06 13:13:50 INFO mapred.LocalJobRunner: OutputCommitter is org.apache.hadoop.hive.shims.HadoopShimsSecure$NullOutputCommitter
Kill Command = NO_BIN! job  -kill job_local595186156_0009
15/09/06 13:13:50 INFO exec.Task: Kill Command = NO_BIN! job  -kill job_local595186156_0009
15/09/06 13:13:50 INFO mapred.LocalJobRunner: Waiting for map tasks
15/09/06 13:13:50 INFO mapred.LocalJobRunner: Starting task: attempt_local595186156_0009_m_000000_0
15/09/06 13:13:50 WARN mapreduce.Counters: Group org.apache.hadoop.mapred.Task$Counter is deprecated. Use org.apache.hadoop.mapreduce.TaskCounter instead
15/09/06 13:13:50 INFO mapred.Task:  Using ResourceCalculatorPlugin : null
Hadoop job information for Stage-1: number of mappers: 0; number of reducers: 0
15/09/06 13:13:50 INFO exec.Task: Hadoop job information for Stage-1: number of mappers: 0; number of reducers: 0
15/09/06 13:13:50 WARN mapreduce.Counters: Group org.apache.hadoop.mapred.Task$Counter is deprecated. Use org.apache.hadoop.mapreduce.TaskCounter instead
2015-09-06 13:13:50,858 Stage-1 map = 0%,  reduce = 0%
15/09/06 13:13:50 INFO exec.Task: 2015-09-06 13:13:50,858 Stage-1 map = 0%,  reduce = 0%
15/09/06 13:13:50 INFO mapred.MapTask: Processing split: Paths:/var/folders/y7/4_pz5fzx54ngcmghz3v6t3m00000gn/T/junit8690338365344900462/hadooptmp/dealer_hierarchy/core_data/dealer_code=AAAA/000000_0:0+2335,/var/folders/y7/4_pz5fzx54ngcmghz3v6t3m00000gn/T/junit8690338365344900462/hadooptmp/dealer_hierarchy/core_data/dealer_code=ZZZZ/000000_0:0+2803InputFormatClass: org.apache.hadoop.hive.ql.io.avro.AvroContainerInputFormat

15/09/06 13:13:50 INFO avro.AvroGenericRecordReader: Matching partition file:/var/folders/y7/4_pz5fzx54ngcmghz3v6t3m00000gn/T/junit8690338365344900462/hadooptmp/dealer_hierarchy/core_data/dealer_code=AAAA with input split file:/var/folders/y7/4_pz5fzx54ngcmghz3v6t3m00000gn/T/junit8690338365344900462/hadooptmp/dealer_hierarchy/core_data/dealer_code=AAAA/000000_0:0+2335
15/09/06 13:13:50 INFO io.HiveContextAwareRecordReader: Processing file file:/var/folders/y7/4_pz5fzx54ngcmghz3v6t3m00000gn/T/junit8690338365344900462/hadooptmp/dealer_hierarchy/core_data/dealer_code=AAAA/000000_0
15/09/06 13:13:50 WARN mapreduce.Counters: Counter name MAP_INPUT_BYTES is deprecated. Use FileInputFormatCounters as group name and  BYTES_READ as counter name instead
15/09/06 13:13:50 INFO mapred.MapTask: numReduceTasks: 1
15/09/06 13:13:50 INFO mapred.MapTask: Map output collector class = org.apache.hadoop.mapred.MapTask$MapOutputBuffer
15/09/06 13:13:50 INFO mapred.MapTask: io.sort.mb = 100
15/09/06 13:13:50 INFO mapred.MapTask: data buffer = 79691776/99614720
15/09/06 13:13:50 INFO mapred.MapTask: record buffer = 262144/327680
15/09/06 13:13:50 INFO mr.ExecMapper: maximum memory = 3817865216
15/09/06 13:13:50 INFO mr.ExecMapper: conf classpath = [file:/Users/hpatel/.gradle/caches/2.1/workerMain/gradle-worker.jar, file:/Users/hpatel/Tech/Projects/CAT/ddsw_dev/hive-test/build/classes/test/, file:/Users/hpatel/Tech/Projects/CAT/ddsw_dev/hive-test/build/resources/test/, file:/Users/hpatel/Tech/Projects/CAT/ddsw_dev/hive-test/build/classes/main/, file:/Users/hpatel/Tech/Projects/CAT/ddsw_dev/hive-test/build/resources/main, file:/Users/hpatel/.gradle/caches/modules-2/files-2.1/junit/junit/4.11/4e031bb61df09069aeb2bffb4019e7a5034a4ee0/junit-4.11.jar, file:/Users/hpatel/.gradle/caches/modules-2/files-2.1/com.klarna/hiverunner/1.0.0/e26bb0655fff4d88fab91f331793d9fc1db392cc/HiveRunner-1.0.0.jar, file:/Users/hpatel/Tech/Projects/CAT/ddsw_dev/custom-cat-udfs/build/libs/custom-cat-udfs-0.1.38-SNAPSHOT.jar, file:/Users/hpatel/.gradle/caches/modules-2/files-2.1/org.apache.hadoop/hadoop-client/2.5.0-cdh5.3.3/ec3cd6a8cb043e73a42918934c5d3a3f2747c78b/hadoop-client-2.5.0-cdh5.3.3.jar, file:/Users/hpatel/.gradle/caches/modules-2/files-2.1/org.hsqldb/hsqldb/2.3.1/bd7153caa30958e1c64a3dd38b93e5a7442d9a0e/hsqldb-2.3.1.jar, file:/Users/hpatel/.gradle/caches/modules-2/files-2.1/org.apache.hadoop/hadoop-core/2.5.0-mr1-cdh5.3.3/f6f4a77f818757da51ae0244310855779c04c4be/hadoop-core-2.5.0-mr1-cdh5.3.3.jar, file:/Users/hpatel/.gradle/caches/modules-2/files-2.1/org.reflections/reflections/0.9.8/f723abb59bf512952bfc503838f70f81487a6993/reflections-0.9.8.jar, file:/Users/hpatel/.gradle/caches/modules-2/files-2.1/org.mockito/mockito-core/1.10.19/e8546f5bef4e061d8dd73895b4e8f40e3fe6effe/mockito-core-1.10.19.jar, file:/Users/hpatel/.gradle/caches/modules-2/files-2.1/org.hamcrest/hamcrest-core/1.3/42a25dc3219429f0e5d060061f71acb49bf010a0/hamcrest-core-1.3.jar, file:/Users/hpatel/.gradle/caches/modules-2/files-2.1/org.pentaho/pentaho-aggdesigner-algorithm/5.1.5-jhyde/c52379c645c6c85300e645dff7c72653bf85baa2/pentaho-aggdesigner-algorithm-5.1.5-jhyde.jar, file:/Users/hpatel/.gradle/caches/modules-2/files-2.1/org.apache.hive/hive-serde/0.13.1-cdh5.3.3/9cee47c844d726e9bcef6ab292e1319b7fbddaa3/hive-serde-0.13.1-cdh5.3.3.jar, file:/Users/hpatel/.gradle/caches/modules-2/files-2.1/org.apache.hadoop/hadoop-common/2.5.0-cdh5.3.3/f0862eb1dc33c1807ea29a248af75551e3c6836a/hadoop-common-2.5.0-cdh5.3.3.jar, file:/Users/hpatel/.gradle/caches/modules-2/files-2.1/org.apache.hive/hive-contrib/0.13.1-cdh5.3.3/bf89b429c9b173ac275dc0c1623f5c30e780ee98/hive-contrib-0.13.1-cdh5.3.3.jar, file:/Users/hpatel/.gradle/caches/modules-2/files-2.1/org.datanucleus/datanucleus-core/3.2.12/3212183bb5a2826cd5ff194b9a54619dd0bdf31f/datanucleus-core-3.2.12.jar, file:/Users/hpatel/.gradle/caches/modules-2/files-2.1/org.datanucleus/datanucleus-rdbms/3.2.11/5b053144c89fdff1505b853aa7f1e5ba7657da75/datanucleus-rdbms-3.2.11.jar, file:/Users/hpatel/.gradle/caches/modules-2/files-2.1/org.datanucleus/datanucleus-api-jdo/3.2.8/efc60221fbc91e95cf5758b98c6c5531660696cb/datanucleus-api-jdo-3.2.8.jar, file:/Users/hpatel/.gradle/caches/modules-2/files-2.1/org.apache.hive/hive-shims/0.13.1-cdh5.3.3/47b029532c0b9d45526dcdd858823e6f9634ab81/hive-shims-0.13.1-cdh5.3.3.jar, file:/Users/hpatel/.gradle/caches/modules-2/files-2.1/org.apache.commons/commons-lang3/3.3.1/6738a2da2202ce360f0af90aba005c1e05a2c4cd/commons-lang3-3.3.1.jar, file:/Users/hpatel/.gradle/caches/modules-2/files-2.1/joda-time/joda-time/2.3/56498efd17752898cfcc3868c1b6211a07b12b8f/joda-time-2.3.jar, file:/Users/hpatel/.gradle/caches/modules-2/files-2.1/org.apache.hadoop/hadoop-hdfs/2.5.0-cdh5.3.3/5dd5e2be13d89a9eaab89d3a33bcdf6677671aa9/hadoop-hdfs-2.5.0-cdh5.3.3.jar, file:/Users/hpatel/.gradle/caches/modules-2/files-2.1/org.apache.hadoop/hadoop-mapreduce-client-app/2.5.0-cdh5.3.3/579948f8fa6d9d72bf507bd021fa3dcc0670e95f/hadoop-mapreduce-client-app-2.5.0-cdh5.3.3.jar, file:/Users/hpatel/.gradle/caches/modules-2/files-2.1/org.apache.hadoop/hadoop-yarn-api/2.5.0-cdh5.3.3/a6d9b4b7cbcacd000350a3e33c70269101b5fc79/hadoop-yarn-api-2.5.0-cdh5.3.3.jar, file:/Users/hpatel/.gradle/caches/modules-2/files-2.1/org.apache.hadoop/hadoop-mapreduce-client-core/2.5.0-cdh5.3.3/f2c8eaa2b8a5839a7781f04cf59c4d1abfefec9e/hadoop-mapreduce-client-core-2.5.0-cdh5.3.3.jar, file:/Users/hpatel/.gradle/caches/modules-2/files-2.1/org.apache.hadoop/hadoop-mapreduce-client-jobclient/2.5.0-cdh5.3.3/f8baecab9a91245a97e29e4867a7f5ae128ef8a9/hadoop-mapreduce-client-jobclient-2.5.0-cdh5.3.3.jar, file:/Users/hpatel/.gradle/caches/modules-2/files-2.1/org.apache.hadoop/hadoop-aws/2.5.0-cdh5.3.3/f712d9cf59c859914254bed5c87ee4e5a2204e78/hadoop-aws-2.5.0-cdh5.3.3.jar, file:/Users/hpatel/.gradle/caches/modules-2/files-2.1/org.apache.hadoop/hadoop-annotations/2.5.0-cdh5.3.3/e3b40743127d82ff7a6f263d00419368a46ce608/hadoop-annotations-2.5.0-cdh5.3.3.jar, file:/Users/hpatel/.gradle/caches/modules-2/files-2.1/commons-collections/commons-collections/3.2.1/761ea405b9b37ced573d2df0d1e3a4e0f9edc668/commons-collections-3.2.1.jar, file:/Users/hpatel/.gradle/caches/modules-2/files-2.1/commons-configuration/commons-configuration/1.6/32cadde23955d7681b0d94a2715846d20b425235/commons-configuration-1.6.jar, file:/Users/hpatel/.gradle/caches/modules-2/files-2.1/jline/jline/0.9.94/99a18e9a44834afdebc467294e1138364c207402/jline-0.9.94.jar, file:/Users/hpatel/.gradle/caches/modules-2/files-2.1/commons-cli/commons-cli/1.2/2bf96b7aa8b611c177d329452af1dc933e14501c/commons-cli-1.2.jar, file:/Users/hpatel/.gradle/caches/modules-2/files-2.1/xmlenc/xmlenc/0.52/d82554efbe65906d83b3d97bd7509289e9db561a/xmlenc-0.52.jar, file:/Users/hpatel/.gradle/caches/modules-2/files-2.1/commons-httpclient/commons-httpclient/3.1/964cd74171f427720480efdec40a7c7f6e58426a/commons-httpclient-3.1.jar, file:/Users/hpatel/.gradle/caches/modules-2/files-2.1/commons-net/commons-net/3.1/2298164a7c2484406f2aa5ac85b205d39019896f/commons-net-3.1.jar, file:/Users/hpatel/.gradle/caches/modules-2/files-2.1/tomcat/jasper-runtime/5.5.23/96ca5528a93ab47b001476b74320c644beb89dde/jasper-runtime-5.5.23.jar, file:/Users/hpatel/.gradle/caches/modules-2/files-2.1/tomcat/jasper-compiler/5.5.23/6d35bd7fb8c4fbc1f5401fb3678aa976d2e4c241/jasper-compiler-5.5.23.jar, file:/Users/hpatel/.gradle/caches/modules-2/files-2.1/javax.servlet.jsp/jsp-api/2.1/63f943103f250ef1f3a4d5e94d145a0f961f5316/jsp-api-2.1.jar, file:/Users/hpatel/.gradle/caches/modules-2/files-2.1/commons-el/commons-el/1.0/1df2c042b3f2de0124750241ac6c886dbfa2cc2c/commons-el-1.0.jar, file:/Users/hpatel/.gradle/caches/modules-2/files-2.1/javax.servlet/servlet-api/2.5/5959582d97d8b61f4d154ca9e495aafd16726e34/servlet-api-2.5.jar, file:/Users/hpatel/.gradle/caches/modules-2/files-2.1/hsqldb/hsqldb/1.8.0.10/7e9978fdb754bce5fcd5161133e7734ecb683036/hsqldb-1.8.0.10.jar, file:/Users/hpatel/.gradle/caches/modules-2/files-2.1/org.eclipse.jdt/core/3.1.1/88c83ce444cf46d02494da37c9fa1eebc9ce9cea/core-3.1.1.jar, file:/Users/hpatel/.gradle/caches/modules-2/files-2.1/javassist/javassist/3.12.1.GA/526633327faa61aee448a519e8a4d53ec3057885/javassist-3.12.1.GA.jar, file:/Users/hpatel/.gradle/caches/modules-2/files-2.1/dom4j/dom4j/1.6.1/5d3ccc056b6f056dbf0dddfdf43894b9065a8f94/dom4j-1.6.1.jar, file:/Users/hpatel/.gradle/caches/modules-2/files-2.1/org.objenesis/objenesis/2.1/87c0ea803b69252868d09308b4618f766f135a96/objenesis-2.1.jar, file:/Users/hpatel/.gradle/caches/modules-2/files-2.1/commons-logging/commons-logging/1.1.3/f6f66e966c70a83ffbdb6f17a0919eaf7c8aca7f/commons-logging-1.1.3.jar, file:/Users/hpatel/.gradle/caches/modules-2/files-2.1/org.apache.hive/hive-common/0.13.1-cdh5.3.3/e3fbf24d30a553c50ae4d4eed23f81b0e1211c5a/hive-common-0.13.1-cdh5.3.3.jar, file:/Users/hpatel/.gradle/caches/modules-2/files-2.1/org.apache.avro/avro/1.7.6-cdh5.3.3/6d90271293977d199ed07002bf35e2805405cc64/avro-1.7.6-cdh5.3.3.jar, file:/Users/hpatel/.gradle/caches/modules-2/files-2.1/net.sf.opencsv/opencsv/2.3/c23708cdb9e80a144db433e23344a788a1fd6599/opencsv-2.3.jar, file:/Users/hpatel/.gradle/caches/modules-2/files-2.1/com.sun.jersey/jersey-servlet/1.14/4b87041a59ee152757b62e47a21d5b63fde20ffe/jersey-servlet-1.14.jar, file:/Users/hpatel/.gradle/caches/modules-2/files-2.1/org.slf4j/slf4j-log4j12/1.7.5/6edffc576ce104ec769d954618764f39f0f0f10d/slf4j-log4j12-1.7.5.jar, file:/Users/hpatel/.gradle/caches/modules-2/files-2.1/org.apache.commons/commons-math3/3.1.1/6719d757a98ff24a83d9d727bef9cec83f59b6e1/commons-math3-3.1.1.jar, file:/Users/hpatel/.gradle/caches/modules-2/files-2.1/commons-io/commons-io/2.4/b1b6ea3b7e4aa4f492509a4952029cd8e48019ad/commons-io-2.4.jar, file:/Users/hpatel/.gradle/caches/modules-2/files-2.1/com.sun.jersey/jersey-json/1.9/1aa73e1896bcc7013fed247157d7f676226eb432/jersey-json-1.9.jar, file:/Users/hpatel/.gradle/caches/modules-2/files-2.1/log4j/log4j/1.2.17/5af35056b4d257e4b64b9e8069c0746e8b08629f/log4j-1.2.17.jar, file:/Users/hpatel/.gradle/caches/modules-2/files-2.1/com.google.code.gson/gson/2.2.4/a60a5e993c98c864010053cb901b7eab25306568/gson-2.2.4.jar, file:/Users/hpatel/.gradle/caches/modules-2/files-2.1/org.apache.hadoop/hadoop-auth/2.5.0-cdh5.3.3/847eb288da72acfdd7d202da5149dec6cd20ceba/hadoop-auth-2.5.0-cdh5.3.3.jar, file:/Users/hpatel/.gradle/caches/modules-2/files-2.1/com.jcraft/jsch/0.1.42/a86104b0f2e0c0bab5b0df836065823a99b5e334/jsch-0.1.42.jar, file:/Users/hpatel/.gradle/caches/modules-2/files-2.1/org.apache.curator/curator-client/2.6.0/b9007c357ad1a78066fc6004e8b1feaa2318f6f3/curator-client-2.6.0.jar, file:/Users/hpatel/.gradle/caches/modules-2/files-2.1/org.apache.curator/curator-recipes/2.6.0/8736b0fc42e6bf006d585fe85c90aaa4ade5cbef/curator-recipes-2.6.0.jar, file:/Users/hpatel/.gradle/caches/modules-2/files-2.1/com.google.code.findbugs/jsr305/1.3.9/40719ea6961c0cb6afaeb6a921eaa1f6afd4cfdf/jsr305-1.3.9.jar, file:/Users/hpatel/.gradle/caches/modules-2/files-2.1/org.apache.commons/commons-compress/1.4.1/b02e84a993d88568417536240e970c4b809126fd/commons-compress-1.4.1.jar, file:/Users/hpatel/.gradle/caches/modules-2/files-2.1/org.apache.hive.shims/hive-shims-common/0.13.1-cdh5.3.3/3d9e5245018fbde18f52c4ab25fc35afdec2fc0a/hive-shims-common-0.13.1-cdh5.3.3.jar, file:/Users/hpatel/.gradle/caches/modules-2/files-2.1/org.apache.hive.shims/hive-shims-common-secure/0.13.1-cdh5.3.3/6b29a16b2a41b89bdbbc681c257ad7f766a90bcb/hive-shims-common-secure-0.13.1-cdh5.3.3.jar, file:/Users/hpatel/.gradle/caches/modules-2/files-2.1/org.apache.hive.shims/hive-shims-0.23/0.13.1-cdh5.3.3/7ab834955a767af200d1d9151c204751637d9ca9/hive-shims-0.23-0.13.1-cdh5.3.3.jar, file:/Users/hpatel/.gradle/caches/modules-2/files-2.1/org.apache.hive.shims/hive-shims-scheduler/0.13.1-cdh5.3.3/b6644420b74f936a838f7f3fd2fa19c19add0449/hive-shims-scheduler-0.13.1-cdh5.3.3.jar, file:/Users/hpatel/.gradle/caches/modules-2/files-2.1/org.apache.hadoop/hadoop-mapreduce-client-common/2.5.0-cdh5.3.3/f0d777bb76ca9f540c0c81a45934f0f5cf9975b8/hadoop-mapreduce-client-common-2.5.0-cdh5.3.3.jar, file:/Users/hpatel/.gradle/caches/modules-2/files-2.1/org.apache.hadoop/hadoop-mapreduce-client-shuffle/2.5.0-cdh5.3.3/b6c4316f6fcc406edf7e5bd77c50e46034ad5519/hadoop-mapreduce-client-shuffle-2.5.0-cdh5.3.3.jar, file:/Users/hpatel/.gradle/caches/modules-2/files-2.1/org.apache.hadoop/hadoop-yarn-common/2.5.0-cdh5.3.3/9499713b674eae1aa714fcd0e95e0d09daaf3824/hadoop-yarn-common-2.5.0-cdh5.3.3.jar, file:/Users/hpatel/.gradle/caches/modules-2/files-2.1/com.fasterxml.jackson.core/jackson-databind/2.2.3/3ae380888029daefb91d3ecdca3a37d8cb92bc9/jackson-databind-2.2.3.jar, file:/Users/hpatel/.gradle/caches/modules-2/files-2.1/com.fasterxml.jackson.core/jackson-annotations/2.2.3/527fece4f23a457070a36c371a26d6c0208e1c3/jackson-annotations-2.2.3.jar, file:/Users/hpatel/.gradle/caches/modules-2/files-2.1/com.amazonaws/aws-java-sdk/1.7.4/2c24ccb6f1ab845a7df971951d4b41c709a6517d/aws-java-sdk-1.7.4.jar, file:/Users/hpatel/.gradle/caches/modules-2/files-2.1/commons-digester/commons-digester/1.8/dc6a73fdbd1fa3f0944e8497c6c872fa21dca37e/commons-digester-1.8.jar, file:/Users/hpatel/.gradle/caches/modules-2/files-2.1/commons-beanutils/commons-beanutils-core/1.8.0/175dc721f87e4bc5cc0573f990e28c3cf9117508/commons-beanutils-core-1.8.0.jar, file:/Users/hpatel/.gradle/caches/modules-2/files-2.1/xml-apis/xml-apis/1.0.b2/3136ca936f64c9d68529f048c2618bd356bf85c9/xml-apis-1.0.b2.jar, file:/Users/hpatel/.gradle/caches/modules-2/files-2.1/com.thoughtworks.paranamer/paranamer/2.3/4a85963a752c0a2f715c3924bfc686865e7e1bc6/paranamer-2.3.jar, file:/Users/hpatel/.gradle/caches/modules-2/files-2.1/org.xerial.snappy/snappy-java/1.0.5/10cb4550360a0ec6b80f09a5209d00b6058e82bf/snappy-java-1.0.5.jar, file:/Users/hpatel/.gradle/caches/modules-2/files-2.1/org.codehaus.jettison/jettison/1.1/1a01a2a1218fcf9faa2cc2a6ced025bdea687262/jettison-1.1.jar, file:/Users/hpatel/.gradle/caches/modules-2/files-2.1/com.sun.xml.bind/jaxb-impl/2.2.3-1/56baae106392040a45a06d4a41099173425da1e6/jaxb-impl-2.2.3-1.jar, file:/Users/hpatel/.gradle/caches/modules-2/files-2.1/org.apache.directory.server/apacheds-kerberos-codec/2.0.0-M15/1c16e4e477183641c5f0dd5cdecd27ec331bacb5/apacheds-kerberos-codec-2.0.0-M15.jar, file:/Users/hpatel/.gradle/caches/modules-2/files-2.1/org.apache.curator/curator-framework/2.6.0/81a699c39d127b5b4ff97cc77da7650b53e5b5ed/curator-framework-2.6.0.jar, file:/Users/hpatel/.gradle/caches/modules-2/files-2.1/org.tukaani/xz/1.0/ecff5cb8b1189514c9d1d8d68eb77ac372e000c9/xz-1.0.jar, file:/Users/hpatel/.gradle/caches/modules-2/files-2.1/org.apache.hadoop/hadoop-yarn-client/2.5.0-cdh5.3.3/2d2ce5d0138d02b20aefcfc1ee8dd6f691911f63/hadoop-yarn-client-2.5.0-cdh5.3.3.jar, file:/Users/hpatel/.gradle/caches/modules-2/files-2.1/org.apache.hadoop/hadoop-yarn-server-common/2.5.0-cdh5.3.3/d099fcc19f56d477fa6b5b47ae4e06bb97538778/hadoop-yarn-server-common-2.5.0-cdh5.3.3.jar, file:/Users/hpatel/.gradle/caches/modules-2/files-2.1/org.apache.hadoop/hadoop-yarn-server-nodemanager/2.5.0-cdh5.3.3/278b2d7a6454ce57a94ab02a88c0b188afc8facc/hadoop-yarn-server-nodemanager-2.5.0-cdh5.3.3.jar, file:/Users/hpatel/.gradle/caches/modules-2/files-2.1/org.fusesource.leveldbjni/leveldbjni-all/1.8/707350a2eeb1fa2ed77a32ddb3893ed308e941db/leveldbjni-all-1.8.jar, file:/Users/hpatel/.gradle/caches/modules-2/files-2.1/javax.xml.bind/jaxb-api/2.2.2/aeb3021ca93dde265796d82015beecdcff95bf09/jaxb-api-2.2.2.jar, file:/Users/hpatel/.gradle/caches/modules-2/files-2.1/com.google.inject/guice/3.0/9d84f15fe35e2c716a02979fb62f50a29f38aefa/guice-3.0.jar, file:/Users/hpatel/.gradle/caches/modules-2/files-2.1/com.sun.jersey.contribs/jersey-guice/1.9/5963c28c47df7e5d6ad34cec80c071c368777f7b/jersey-guice-1.9.jar, file:/Users/hpatel/.gradle/caches/modules-2/files-2.1/com.fasterxml.jackson.core/jackson-core/2.2.3/1a0113da2cab5f4c216b4e5e7c1dbfaa67087e14/jackson-core-2.2.3.jar, file:/Users/hpatel/.gradle/caches/modules-2/files-2.1/commons-beanutils/commons-beanutils/1.7.0/5675fd96b29656504b86029551973d60fb41339b/commons-beanutils-1.7.0.jar, file:/Users/hpatel/.gradle/caches/modules-2/files-2.1/org.apache.directory.server/apacheds-i18n/2.0.0-M15/71c61c84683152ec2a6a65f3f96fe534e304fa22/apacheds-i18n-2.0.0-M15.jar, file:/Users/hpatel/.gradle/caches/modules-2/files-2.1/org.apache.directory.api/api-asn1-api/1.0.0-M20/5e6486ffa3125ba44dc410ead166e1d6ba8ac76d/api-asn1-api-1.0.0-M20.jar, file:/Users/hpatel/.gradle/caches/modules-2/files-2.1/org.apache.directory.api/api-util/1.0.0-M20/a871abf060b3cf83fc6dc4d7e3d151fce50ac3cb/api-util-1.0.0-M20.jar, file:/Users/hpatel/.gradle/caches/modules-2/files-2.1/com.sun.jersey/jersey-client/1.9/d3c4b2b5f89db32c96ceddcb863684821910a7bb/jersey-client-1.9.jar, file:/Users/hpatel/.gradle/caches/modules-2/files-2.1/javax.xml.stream/stax-api/1.0-2/d6337b0de8b25e53e81b922352fbea9f9f57ba0b/stax-api-1.0-2.jar, file:/Users/hpatel/.gradle/caches/modules-2/files-2.1/javax.activation/activation/1.1/e6cb541461c2834bdea3eb920f1884d1eb508b50/activation-1.1.jar, file:/Users/hpatel/.gradle/caches/modules-2/files-2.1/javax.inject/javax.inject/1/6975da39a7040257bd51d21a231b76c915872d38/javax.inject-1.jar, file:/Users/hpatel/.gradle/caches/modules-2/files-2.1/aopalliance/aopalliance/1.0/235ba8b489512805ac13a8f9ea77a1ca5ebe3e8/aopalliance-1.0.jar, file:/Users/hpatel/.gradle/caches/modules-2/files-2.1/org.sonatype.sisu.inject/cglib/2.2.1-v20090111/7ce5e983fd0e6c78346f4c9cbfa39d83049dda2/cglib-2.2.1-v20090111.jar, file:/Users/hpatel/.gradle/caches/modules-2/files-2.1/asm/asm/3.1/c157def142714c544bdea2e6144645702adf7097/asm-3.1.jar, file:/Users/hpatel/.gradle/caches/modules-2/files-2.1/org.apache.hive/hive-service/0.13.1-cdh5.3.3/c7979b4213bfb62823d43ba726e0fea58032dd1e/hive-service-0.13.1-cdh5.3.3.jar, file:/Users/hpatel/.gradle/caches/modules-2/files-2.1/net.sf.jpam/jpam/1.1/cb3d91c2dfda767518a371dbb02edfd6a4aa0600/jpam-1.1.jar, file:/Users/hpatel/.gradle/caches/modules-2/files-2.1/org.eclipse.jetty.aggregate/jetty-all/7.6.0.v20120127/47bb68e3837e5c6422138dd1e0d4d75c60dce87a/jetty-all-7.6.0.v20120127.jar, file:/Users/hpatel/.gradle/caches/modules-2/files-2.1/org.apache.thrift/libfb303/0.9.0/639bd69767fdbd7f658ce8233248fe1cea635164/libfb303-0.9.0.jar, file:/Users/hpatel/.gradle/caches/modules-2/files-2.1/org.apache.geronimo.specs/geronimo-jta_1.1_spec/1.1.1/aabab3165b8ea936b9360abbf448459c0d04a5a4/geronimo-jta_1.1_spec-1.1.1.jar, file:/Users/hpatel/.gradle/caches/modules-2/files-2.1/javax.mail/mail/1.4.1/8b7bc69010655425dabf091b51d1e90b4de36715/mail-1.4.1.jar, file:/Users/hpatel/.gradle/caches/modules-2/files-2.1/org.apache.geronimo.specs/geronimo-jaspic_1.0_spec/1.0/44b95be7dae1147716dce5336419eafade880756/geronimo-jaspic_1.0_spec-1.0.jar, file:/Users/hpatel/.gradle/caches/modules-2/files-2.1/org.apache.geronimo.specs/geronimo-annotation_1.0_spec/1.1.1/47caa799389f69d297b86bf90523d431599c3796/geronimo-annotation_1.0_spec-1.1.1.jar, file:/Users/hpatel/.gradle/caches/modules-2/files-2.1/asm/asm-commons/3.1/1b607fbfe7889c6fdff1b7c16439ade0a60869ac/asm-commons-3.1.jar, file:/Users/hpatel/.gradle/caches/modules-2/files-2.1/asm/asm-tree/3.1/c9a5d4334ddf194ea492f22107d45119a5c5322f/asm-tree-3.1.jar, file:/Users/hpatel/.gradle/caches/modules-2/files-2.1/commons-lang/commons-lang/2.6/ce1edb914c94ebc388f086c6827e8bdeec71ac2/commons-lang-2.6.jar, file:/Users/hpatel/.gradle/caches/modules-2/files-2.1/org.mortbay.jetty/jetty/6.1.26.cloudera.4/d59325a5ff8ff18f7543bc3fbb9d5efa0c0ff521/jetty-6.1.26.cloudera.4.jar, file:/Users/hpatel/.gradle/caches/modules-2/files-2.1/org.mortbay.jetty/jetty-util/6.1.26.cloudera.4/b8507b7c5d3fd9a3d01775272cbf1a63f530c19d/jetty-util-6.1.26.cloudera.4.jar, file:/Users/hpatel/.gradle/caches/modules-2/files-2.1/net.java.dev.jets3t/jets3t/0.9.0/792bc96ee7e57b89f472aa0cb5a31015b9f59c96/jets3t-0.9.0.jar, file:/Users/hpatel/.gradle/caches/modules-2/files-2.1/com.jamesmurty.utils/java-xmlbuilder/0.4/ac5962e48cdee3a0a6e1f8e00fcb594747ac5aaf/java-xmlbuilder-0.4.jar, file:/Users/hpatel/.gradle/caches/modules-2/files-2.1/com.google.protobuf/protobuf-java/2.5.0/a10732c76bfacdbd633a7eb0f7968b1059a65dfa/protobuf-java-2.5.0.jar, file:/Users/hpatel/.gradle/caches/modules-2/files-2.1/org.apache.hive/hive-exec/0.13.1-cdh5.3.3/4d935274127f47dd9c0875efcf317ba49aef1219/hive-exec-0.13.1-cdh5.3.3.jar, file:/Users/hpatel/.gradle/caches/modules-2/files-2.1/org.apache.hive/hive-ant/0.13.1-cdh5.3.3/86954e92a903253177cd6935798c50a6c32b7b81/hive-ant-0.13.1-cdh5.3.3.jar, file:/Users/hpatel/.gradle/caches/modules-2/files-2.1/org.antlr/antlr-runtime/3.4/8f011408269a8e42b8548687e137d8eeb56df4b4/antlr-runtime-3.4.jar, file:/Users/hpatel/.gradle/caches/modules-2/files-2.1/org.antlr/ST4/4.0.4/467a2aa12be6d0f0f68c70eecf6714ab733027ac/ST4-4.0.4.jar, file:/Users/hpatel/.gradle/caches/modules-2/files-2.1/org.apache.ant/ant/1.9.1/35900c96dbebc85dcfbd71f4661059ebcf93c077/ant-1.9.1.jar, file:/Users/hpatel/.gradle/caches/modules-2/files-2.1/org.codehaus.groovy/groovy-all/2.1.6/165b8246372a829c1915611646f6d964010656cf/groovy-all-2.1.6.jar, file:/Users/hpatel/.gradle/caches/modules-2/files-2.1/stax/stax-api/1.0.1/49c100caf72d658aca8e58bd74a4ba90fa2b0d70/stax-api-1.0.1.jar, file:/Users/hpatel/.gradle/caches/modules-2/files-2.1/org.apache.velocity/velocity/1.5/9f306baf7523ffc0e81a6353d08a584d254133b/velocity-1.5.jar, file:/Users/hpatel/.gradle/caches/modules-2/files-2.1/org.antlr/stringtemplate/3.2.1/59ec8083721eae215c6f3caee944c410d2be34de/stringtemplate-3.2.1.jar, file:/Users/hpatel/.gradle/caches/modules-2/files-2.1/antlr/antlr/2.7.7/83cd2cd674a217ade95a4bb83a8a14f351f48bd0/antlr-2.7.7.jar, file:/Users/hpatel/.gradle/caches/modules-2/files-2.1/org.apache.ant/ant-launcher/1.9.1/7c71043ca185eaada9e36391dd022d92859327de/ant-launcher-1.9.1.jar, file:/Users/hpatel/.gradle/caches/modules-2/files-2.1/oro/oro/2.0.8/5592374f834645c4ae250f4c9fbb314c9369d698/oro-2.0.8.jar, file:/Users/hpatel/.gradle/caches/modules-2/files-2.1/org.codehaus.jackson/jackson-core-asl/1.9.13/3c304d70f42f832e0a86d45bd437f692129299a4/jackson-core-asl-1.9.13.jar, file:/Users/hpatel/.gradle/caches/modules-2/files-2.1/org.codehaus.jackson/jackson-mapper-asl/1.9.13/1ee2f2bed0e5dd29d1cb155a166e6f8d50bbddb7/jackson-mapper-asl-1.9.13.jar, file:/Users/hpatel/.gradle/caches/modules-2/files-2.1/org.slf4j/slf4j-api/1.7.6/562424e36df3d2327e8e9301a76027fca17d54ea/slf4j-api-1.7.6.jar, file:/Users/hpatel/.gradle/caches/modules-2/files-2.1/com.sun.jersey/jersey-server/1.14/b1a21724c9b708ed54d42d41bb19ff45ae1d49d9/jersey-server-1.14.jar, file:/Users/hpatel/.gradle/caches/modules-2/files-2.1/org.apache.httpcomponents/httpclient/4.2.5/666e26e76f2e87d84e4f16acb546481ae1b8e9a6/httpclient-4.2.5.jar, file:/Users/hpatel/.gradle/caches/modules-2/files-2.1/org.apache.zookeeper/zookeeper/3.4.6/1b2502e29da1ebaade2357cd1de35a855fa3755/zookeeper-3.4.6.jar, file:/Users/hpatel/.gradle/caches/modules-2/files-2.1/com.google.guava/guava/16.0.1/5fa98cd1a63c99a44dd8d3b77e4762b066a5d0c5/guava-16.0.1.jar, file:/Users/hpatel/.gradle/caches/modules-2/files-2.1/org.codehaus.jackson/jackson-jaxrs/1.8.8/71b16055388e9bd3991c3c3834e8e55098b789f1/jackson-jaxrs-1.8.8.jar, file:/Users/hpatel/.gradle/caches/modules-2/files-2.1/org.codehaus.jackson/jackson-xc/1.8.8/52efa08bc1e4cfea168f552b9e3088297d9d0926/jackson-xc-1.8.8.jar, file:/Users/hpatel/.gradle/caches/modules-2/files-2.1/org.apache.hive/hive-metastore/0.13.1-cdh5.3.3/ca93686a17f064a5ab6587799721cddd7836e53a/hive-metastore-0.13.1-cdh5.3.3.jar, file:/Users/hpatel/.gradle/caches/modules-2/files-2.1/com.jolbox/bonecp/0.8.0.RELEASE/cec24ee9345b3678472bb1b8fdd6aa6b9428beb8/bonecp-0.8.0.RELEASE.jar, file:/Users/hpatel/.gradle/caches/modules-2/files-2.1/org.apache.derby/derby/10.10.1.1/9f6f910f0373adc1b23c10f9b4bb151b7e7449f/derby-10.10.1.1.jar, file:/Users/hpatel/.gradle/caches/modules-2/files-2.1/javax.jdo/jdo-api/3.0.1/58e7a538e020b73871e232eeb064835fd98a492/jdo-api-3.0.1.jar, file:/Users/hpatel/.gradle/caches/modules-2/files-2.1/javax.transaction/jta/1.1/2ca09f0b36ca7d71b762e14ea2ff09d5eac57558/jta-1.1.jar, file:/Users/hpatel/.gradle/caches/modules-2/files-2.1/org.apache.thrift/libthrift/0.9.0/9ba8df332b5db95ce7f3b7a83e44d796c3d014d3/libthrift-0.9.0.jar, file:/Users/hpatel/.gradle/caches/modules-2/files-2.1/org.apache.httpcomponents/httpcore/4.2.4/3b7f38df6de5dd8b500e602ae8c2dd5ee446f883/httpcore-4.2.4.jar, file:/Users/hpatel/.gradle/caches/modules-2/files-2.1/com.sun.jersey/jersey-core/1.14/693061de8b9b352b11e997b1dd4052677778852d/jersey-core-1.14.jar, file:/Users/hpatel/.gradle/caches/modules-2/files-2.1/commons-codec/commons-codec/1.6/b7f0fc8f61ecadeb3695f0b9464755eee44374d4/commons-codec-1.6.jar, file:/Users/hpatel/.gradle/caches/modules-2/files-2.1/io.netty/netty/3.7.0.Final/7a8c35599c68c0bf383df74469aa3e03d9aca87/netty-3.7.0.Final.jar]
15/09/06 13:13:50 INFO mr.ExecMapper: thread classpath = [file:/Users/hpatel/.gradle/caches/2.1/workerMain/gradle-worker.jar, file:/Users/hpatel/Tech/Projects/CAT/ddsw_dev/hive-test/build/classes/test/, file:/Users/hpatel/Tech/Projects/CAT/ddsw_dev/hive-test/build/resources/test/, file:/Users/hpatel/Tech/Projects/CAT/ddsw_dev/hive-test/build/classes/main/, file:/Users/hpatel/Tech/Projects/CAT/ddsw_dev/hive-test/build/resources/main, file:/Users/hpatel/.gradle/caches/modules-2/files-2.1/junit/junit/4.11/4e031bb61df09069aeb2bffb4019e7a5034a4ee0/junit-4.11.jar, file:/Users/hpatel/.gradle/caches/modules-2/files-2.1/com.klarna/hiverunner/1.0.0/e26bb0655fff4d88fab91f331793d9fc1db392cc/HiveRunner-1.0.0.jar, file:/Users/hpatel/Tech/Projects/CAT/ddsw_dev/custom-cat-udfs/build/libs/custom-cat-udfs-0.1.38-SNAPSHOT.jar, file:/Users/hpatel/.gradle/caches/modules-2/files-2.1/org.apache.hadoop/hadoop-client/2.5.0-cdh5.3.3/ec3cd6a8cb043e73a42918934c5d3a3f2747c78b/hadoop-client-2.5.0-cdh5.3.3.jar, file:/Users/hpatel/.gradle/caches/modules-2/files-2.1/org.hsqldb/hsqldb/2.3.1/bd7153caa30958e1c64a3dd38b93e5a7442d9a0e/hsqldb-2.3.1.jar, file:/Users/hpatel/.gradle/caches/modules-2/files-2.1/org.apache.hadoop/hadoop-core/2.5.0-mr1-cdh5.3.3/f6f4a77f818757da51ae0244310855779c04c4be/hadoop-core-2.5.0-mr1-cdh5.3.3.jar, file:/Users/hpatel/.gradle/caches/modules-2/files-2.1/org.reflections/reflections/0.9.8/f723abb59bf512952bfc503838f70f81487a6993/reflections-0.9.8.jar, file:/Users/hpatel/.gradle/caches/modules-2/files-2.1/org.mockito/mockito-core/1.10.19/e8546f5bef4e061d8dd73895b4e8f40e3fe6effe/mockito-core-1.10.19.jar, file:/Users/hpatel/.gradle/caches/modules-2/files-2.1/org.hamcrest/hamcrest-core/1.3/42a25dc3219429f0e5d060061f71acb49bf010a0/hamcrest-core-1.3.jar, file:/Users/hpatel/.gradle/caches/modules-2/files-2.1/org.pentaho/pentaho-aggdesigner-algorithm/5.1.5-jhyde/c52379c645c6c85300e645dff7c72653bf85baa2/pentaho-aggdesigner-algorithm-5.1.5-jhyde.jar, file:/Users/hpatel/.gradle/caches/modules-2/files-2.1/org.apache.hive/hive-serde/0.13.1-cdh5.3.3/9cee47c844d726e9bcef6ab292e1319b7fbddaa3/hive-serde-0.13.1-cdh5.3.3.jar, file:/Users/hpatel/.gradle/caches/modules-2/files-2.1/org.apache.hadoop/hadoop-common/2.5.0-cdh5.3.3/f0862eb1dc33c1807ea29a248af75551e3c6836a/hadoop-common-2.5.0-cdh5.3.3.jar, file:/Users/hpatel/.gradle/caches/modules-2/files-2.1/org.apache.hive/hive-contrib/0.13.1-cdh5.3.3/bf89b429c9b173ac275dc0c1623f5c30e780ee98/hive-contrib-0.13.1-cdh5.3.3.jar, file:/Users/hpatel/.gradle/caches/modules-2/files-2.1/org.datanucleus/datanucleus-core/3.2.12/3212183bb5a2826cd5ff194b9a54619dd0bdf31f/datanucleus-core-3.2.12.jar, file:/Users/hpatel/.gradle/caches/modules-2/files-2.1/org.datanucleus/datanucleus-rdbms/3.2.11/5b053144c89fdff1505b853aa7f1e5ba7657da75/datanucleus-rdbms-3.2.11.jar, file:/Users/hpatel/.gradle/caches/modules-2/files-2.1/org.datanucleus/datanucleus-api-jdo/3.2.8/efc60221fbc91e95cf5758b98c6c5531660696cb/datanucleus-api-jdo-3.2.8.jar, file:/Users/hpatel/.gradle/caches/modules-2/files-2.1/org.apache.hive/hive-shims/0.13.1-cdh5.3.3/47b029532c0b9d45526dcdd858823e6f9634ab81/hive-shims-0.13.1-cdh5.3.3.jar, file:/Users/hpatel/.gradle/caches/modules-2/files-2.1/org.apache.commons/commons-lang3/3.3.1/6738a2da2202ce360f0af90aba005c1e05a2c4cd/commons-lang3-3.3.1.jar, file:/Users/hpatel/.gradle/caches/modules-2/files-2.1/joda-time/joda-time/2.3/56498efd17752898cfcc3868c1b6211a07b12b8f/joda-time-2.3.jar, file:/Users/hpatel/.gradle/caches/modules-2/files-2.1/org.apache.hadoop/hadoop-hdfs/2.5.0-cdh5.3.3/5dd5e2be13d89a9eaab89d3a33bcdf6677671aa9/hadoop-hdfs-2.5.0-cdh5.3.3.jar, file:/Users/hpatel/.gradle/caches/modules-2/files-2.1/org.apache.hadoop/hadoop-mapreduce-client-app/2.5.0-cdh5.3.3/579948f8fa6d9d72bf507bd021fa3dcc0670e95f/hadoop-mapreduce-client-app-2.5.0-cdh5.3.3.jar, file:/Users/hpatel/.gradle/caches/modules-2/files-2.1/org.apache.hadoop/hadoop-yarn-api/2.5.0-cdh5.3.3/a6d9b4b7cbcacd000350a3e33c70269101b5fc79/hadoop-yarn-api-2.5.0-cdh5.3.3.jar, file:/Users/hpatel/.gradle/caches/modules-2/files-2.1/org.apache.hadoop/hadoop-mapreduce-client-core/2.5.0-cdh5.3.3/f2c8eaa2b8a5839a7781f04cf59c4d1abfefec9e/hadoop-mapreduce-client-core-2.5.0-cdh5.3.3.jar, file:/Users/hpatel/.gradle/caches/modules-2/files-2.1/org.apache.hadoop/hadoop-mapreduce-client-jobclient/2.5.0-cdh5.3.3/f8baecab9a91245a97e29e4867a7f5ae128ef8a9/hadoop-mapreduce-client-jobclient-2.5.0-cdh5.3.3.jar, file:/Users/hpatel/.gradle/caches/modules-2/files-2.1/org.apache.hadoop/hadoop-aws/2.5.0-cdh5.3.3/f712d9cf59c859914254bed5c87ee4e5a2204e78/hadoop-aws-2.5.0-cdh5.3.3.jar, file:/Users/hpatel/.gradle/caches/modules-2/files-2.1/org.apache.hadoop/hadoop-annotations/2.5.0-cdh5.3.3/e3b40743127d82ff7a6f263d00419368a46ce608/hadoop-annotations-2.5.0-cdh5.3.3.jar, file:/Users/hpatel/.gradle/caches/modules-2/files-2.1/commons-collections/commons-collections/3.2.1/761ea405b9b37ced573d2df0d1e3a4e0f9edc668/commons-collections-3.2.1.jar, file:/Users/hpatel/.gradle/caches/modules-2/files-2.1/commons-configuration/commons-configuration/1.6/32cadde23955d7681b0d94a2715846d20b425235/commons-configuration-1.6.jar, file:/Users/hpatel/.gradle/caches/modules-2/files-2.1/jline/jline/0.9.94/99a18e9a44834afdebc467294e1138364c207402/jline-0.9.94.jar, file:/Users/hpatel/.gradle/caches/modules-2/files-2.1/commons-cli/commons-cli/1.2/2bf96b7aa8b611c177d329452af1dc933e14501c/commons-cli-1.2.jar, file:/Users/hpatel/.gradle/caches/modules-2/files-2.1/xmlenc/xmlenc/0.52/d82554efbe65906d83b3d97bd7509289e9db561a/xmlenc-0.52.jar, file:/Users/hpatel/.gradle/caches/modules-2/files-2.1/commons-httpclient/commons-httpclient/3.1/964cd74171f427720480efdec40a7c7f6e58426a/commons-httpclient-3.1.jar, file:/Users/hpatel/.gradle/caches/modules-2/files-2.1/commons-net/commons-net/3.1/2298164a7c2484406f2aa5ac85b205d39019896f/commons-net-3.1.jar, file:/Users/hpatel/.gradle/caches/modules-2/files-2.1/tomcat/jasper-runtime/5.5.23/96ca5528a93ab47b001476b74320c644beb89dde/jasper-runtime-5.5.23.jar, file:/Users/hpatel/.gradle/caches/modules-2/files-2.1/tomcat/jasper-compiler/5.5.23/6d35bd7fb8c4fbc1f5401fb3678aa976d2e4c241/jasper-compiler-5.5.23.jar, file:/Users/hpatel/.gradle/caches/modules-2/files-2.1/javax.servlet.jsp/jsp-api/2.1/63f943103f250ef1f3a4d5e94d145a0f961f5316/jsp-api-2.1.jar, file:/Users/hpatel/.gradle/caches/modules-2/files-2.1/commons-el/commons-el/1.0/1df2c042b3f2de0124750241ac6c886dbfa2cc2c/commons-el-1.0.jar, file:/Users/hpatel/.gradle/caches/modules-2/files-2.1/javax.servlet/servlet-api/2.5/5959582d97d8b61f4d154ca9e495aafd16726e34/servlet-api-2.5.jar, file:/Users/hpatel/.gradle/caches/modules-2/files-2.1/hsqldb/hsqldb/1.8.0.10/7e9978fdb754bce5fcd5161133e7734ecb683036/hsqldb-1.8.0.10.jar, file:/Users/hpatel/.gradle/caches/modules-2/files-2.1/org.eclipse.jdt/core/3.1.1/88c83ce444cf46d02494da37c9fa1eebc9ce9cea/core-3.1.1.jar, file:/Users/hpatel/.gradle/caches/modules-2/files-2.1/javassist/javassist/3.12.1.GA/526633327faa61aee448a519e8a4d53ec3057885/javassist-3.12.1.GA.jar, file:/Users/hpatel/.gradle/caches/modules-2/files-2.1/dom4j/dom4j/1.6.1/5d3ccc056b6f056dbf0dddfdf43894b9065a8f94/dom4j-1.6.1.jar, file:/Users/hpatel/.gradle/caches/modules-2/files-2.1/org.objenesis/objenesis/2.1/87c0ea803b69252868d09308b4618f766f135a96/objenesis-2.1.jar, file:/Users/hpatel/.gradle/caches/modules-2/files-2.1/commons-logging/commons-logging/1.1.3/f6f66e966c70a83ffbdb6f17a0919eaf7c8aca7f/commons-logging-1.1.3.jar, file:/Users/hpatel/.gradle/caches/modules-2/files-2.1/org.apache.hive/hive-common/0.13.1-cdh5.3.3/e3fbf24d30a553c50ae4d4eed23f81b0e1211c5a/hive-common-0.13.1-cdh5.3.3.jar, file:/Users/hpatel/.gradle/caches/modules-2/files-2.1/org.apache.avro/avro/1.7.6-cdh5.3.3/6d90271293977d199ed07002bf35e2805405cc64/avro-1.7.6-cdh5.3.3.jar, file:/Users/hpatel/.gradle/caches/modules-2/files-2.1/net.sf.opencsv/opencsv/2.3/c23708cdb9e80a144db433e23344a788a1fd6599/opencsv-2.3.jar, file:/Users/hpatel/.gradle/caches/modules-2/files-2.1/com.sun.jersey/jersey-servlet/1.14/4b87041a59ee152757b62e47a21d5b63fde20ffe/jersey-servlet-1.14.jar, file:/Users/hpatel/.gradle/caches/modules-2/files-2.1/org.slf4j/slf4j-log4j12/1.7.5/6edffc576ce104ec769d954618764f39f0f0f10d/slf4j-log4j12-1.7.5.jar, file:/Users/hpatel/.gradle/caches/modules-2/files-2.1/org.apache.commons/commons-math3/3.1.1/6719d757a98ff24a83d9d727bef9cec83f59b6e1/commons-math3-3.1.1.jar, file:/Users/hpatel/.gradle/caches/modules-2/files-2.1/commons-io/commons-io/2.4/b1b6ea3b7e4aa4f492509a4952029cd8e48019ad/commons-io-2.4.jar, file:/Users/hpatel/.gradle/caches/modules-2/files-2.1/com.sun.jersey/jersey-json/1.9/1aa73e1896bcc7013fed247157d7f676226eb432/jersey-json-1.9.jar, file:/Users/hpatel/.gradle/caches/modules-2/files-2.1/log4j/log4j/1.2.17/5af35056b4d257e4b64b9e8069c0746e8b08629f/log4j-1.2.17.jar, file:/Users/hpatel/.gradle/caches/modules-2/files-2.1/com.google.code.gson/gson/2.2.4/a60a5e993c98c864010053cb901b7eab25306568/gson-2.2.4.jar, file:/Users/hpatel/.gradle/caches/modules-2/files-2.1/org.apache.hadoop/hadoop-auth/2.5.0-cdh5.3.3/847eb288da72acfdd7d202da5149dec6cd20ceba/hadoop-auth-2.5.0-cdh5.3.3.jar, file:/Users/hpatel/.gradle/caches/modules-2/files-2.1/com.jcraft/jsch/0.1.42/a86104b0f2e0c0bab5b0df836065823a99b5e334/jsch-0.1.42.jar, file:/Users/hpatel/.gradle/caches/modules-2/files-2.1/org.apache.curator/curator-client/2.6.0/b9007c357ad1a78066fc6004e8b1feaa2318f6f3/curator-client-2.6.0.jar, file:/Users/hpatel/.gradle/caches/modules-2/files-2.1/org.apache.curator/curator-recipes/2.6.0/8736b0fc42e6bf006d585fe85c90aaa4ade5cbef/curator-recipes-2.6.0.jar, file:/Users/hpatel/.gradle/caches/modules-2/files-2.1/com.google.code.findbugs/jsr305/1.3.9/40719ea6961c0cb6afaeb6a921eaa1f6afd4cfdf/jsr305-1.3.9.jar, file:/Users/hpatel/.gradle/caches/modules-2/files-2.1/org.apache.commons/commons-compress/1.4.1/b02e84a993d88568417536240e970c4b809126fd/commons-compress-1.4.1.jar, file:/Users/hpatel/.gradle/caches/modules-2/files-2.1/org.apache.hive.shims/hive-shims-common/0.13.1-cdh5.3.3/3d9e5245018fbde18f52c4ab25fc35afdec2fc0a/hive-shims-common-0.13.1-cdh5.3.3.jar, file:/Users/hpatel/.gradle/caches/modules-2/files-2.1/org.apache.hive.shims/hive-shims-common-secure/0.13.1-cdh5.3.3/6b29a16b2a41b89bdbbc681c257ad7f766a90bcb/hive-shims-common-secure-0.13.1-cdh5.3.3.jar, file:/Users/hpatel/.gradle/caches/modules-2/files-2.1/org.apache.hive.shims/hive-shims-0.23/0.13.1-cdh5.3.3/7ab834955a767af200d1d9151c204751637d9ca9/hive-shims-0.23-0.13.1-cdh5.3.3.jar, file:/Users/hpatel/.gradle/caches/modules-2/files-2.1/org.apache.hive.shims/hive-shims-scheduler/0.13.1-cdh5.3.3/b6644420b74f936a838f7f3fd2fa19c19add0449/hive-shims-scheduler-0.13.1-cdh5.3.3.jar, file:/Users/hpatel/.gradle/caches/modules-2/files-2.1/org.apache.hadoop/hadoop-mapreduce-client-common/2.5.0-cdh5.3.3/f0d777bb76ca9f540c0c81a45934f0f5cf9975b8/hadoop-mapreduce-client-common-2.5.0-cdh5.3.3.jar, file:/Users/hpatel/.gradle/caches/modules-2/files-2.1/org.apache.hadoop/hadoop-mapreduce-client-shuffle/2.5.0-cdh5.3.3/b6c4316f6fcc406edf7e5bd77c50e46034ad5519/hadoop-mapreduce-client-shuffle-2.5.0-cdh5.3.3.jar, file:/Users/hpatel/.gradle/caches/modules-2/files-2.1/org.apache.hadoop/hadoop-yarn-common/2.5.0-cdh5.3.3/9499713b674eae1aa714fcd0e95e0d09daaf3824/hadoop-yarn-common-2.5.0-cdh5.3.3.jar, file:/Users/hpatel/.gradle/caches/modules-2/files-2.1/com.fasterxml.jackson.core/jackson-databind/2.2.3/3ae380888029daefb91d3ecdca3a37d8cb92bc9/jackson-databind-2.2.3.jar, file:/Users/hpatel/.gradle/caches/modules-2/files-2.1/com.fasterxml.jackson.core/jackson-annotations/2.2.3/527fece4f23a457070a36c371a26d6c0208e1c3/jackson-annotations-2.2.3.jar, file:/Users/hpatel/.gradle/caches/modules-2/files-2.1/com.amazonaws/aws-java-sdk/1.7.4/2c24ccb6f1ab845a7df971951d4b41c709a6517d/aws-java-sdk-1.7.4.jar, file:/Users/hpatel/.gradle/caches/modules-2/files-2.1/commons-digester/commons-digester/1.8/dc6a73fdbd1fa3f0944e8497c6c872fa21dca37e/commons-digester-1.8.jar, file:/Users/hpatel/.gradle/caches/modules-2/files-2.1/commons-beanutils/commons-beanutils-core/1.8.0/175dc721f87e4bc5cc0573f990e28c3cf9117508/commons-beanutils-core-1.8.0.jar, file:/Users/hpatel/.gradle/caches/modules-2/files-2.1/xml-apis/xml-apis/1.0.b2/3136ca936f64c9d68529f048c2618bd356bf85c9/xml-apis-1.0.b2.jar, file:/Users/hpatel/.gradle/caches/modules-2/files-2.1/com.thoughtworks.paranamer/paranamer/2.3/4a85963a752c0a2f715c3924bfc686865e7e1bc6/paranamer-2.3.jar, file:/Users/hpatel/.gradle/caches/modules-2/files-2.1/org.xerial.snappy/snappy-java/1.0.5/10cb4550360a0ec6b80f09a5209d00b6058e82bf/snappy-java-1.0.5.jar, file:/Users/hpatel/.gradle/caches/modules-2/files-2.1/org.codehaus.jettison/jettison/1.1/1a01a2a1218fcf9faa2cc2a6ced025bdea687262/jettison-1.1.jar, file:/Users/hpatel/.gradle/caches/modules-2/files-2.1/com.sun.xml.bind/jaxb-impl/2.2.3-1/56baae106392040a45a06d4a41099173425da1e6/jaxb-impl-2.2.3-1.jar, file:/Users/hpatel/.gradle/caches/modules-2/files-2.1/org.apache.directory.server/apacheds-kerberos-codec/2.0.0-M15/1c16e4e477183641c5f0dd5cdecd27ec331bacb5/apacheds-kerberos-codec-2.0.0-M15.jar, file:/Users/hpatel/.gradle/caches/modules-2/files-2.1/org.apache.curator/curator-framework/2.6.0/81a699c39d127b5b4ff97cc77da7650b53e5b5ed/curator-framework-2.6.0.jar, file:/Users/hpatel/.gradle/caches/modules-2/files-2.1/org.tukaani/xz/1.0/ecff5cb8b1189514c9d1d8d68eb77ac372e000c9/xz-1.0.jar, file:/Users/hpatel/.gradle/caches/modules-2/files-2.1/org.apache.hadoop/hadoop-yarn-client/2.5.0-cdh5.3.3/2d2ce5d0138d02b20aefcfc1ee8dd6f691911f63/hadoop-yarn-client-2.5.0-cdh5.3.3.jar, file:/Users/hpatel/.gradle/caches/modules-2/files-2.1/org.apache.hadoop/hadoop-yarn-server-common/2.5.0-cdh5.3.3/d099fcc19f56d477fa6b5b47ae4e06bb97538778/hadoop-yarn-server-common-2.5.0-cdh5.3.3.jar, file:/Users/hpatel/.gradle/caches/modules-2/files-2.1/org.apache.hadoop/hadoop-yarn-server-nodemanager/2.5.0-cdh5.3.3/278b2d7a6454ce57a94ab02a88c0b188afc8facc/hadoop-yarn-server-nodemanager-2.5.0-cdh5.3.3.jar, file:/Users/hpatel/.gradle/caches/modules-2/files-2.1/org.fusesource.leveldbjni/leveldbjni-all/1.8/707350a2eeb1fa2ed77a32ddb3893ed308e941db/leveldbjni-all-1.8.jar, file:/Users/hpatel/.gradle/caches/modules-2/files-2.1/javax.xml.bind/jaxb-api/2.2.2/aeb3021ca93dde265796d82015beecdcff95bf09/jaxb-api-2.2.2.jar, file:/Users/hpatel/.gradle/caches/modules-2/files-2.1/com.google.inject/guice/3.0/9d84f15fe35e2c716a02979fb62f50a29f38aefa/guice-3.0.jar, file:/Users/hpatel/.gradle/caches/modules-2/files-2.1/com.sun.jersey.contribs/jersey-guice/1.9/5963c28c47df7e5d6ad34cec80c071c368777f7b/jersey-guice-1.9.jar, file:/Users/hpatel/.gradle/caches/modules-2/files-2.1/com.fasterxml.jackson.core/jackson-core/2.2.3/1a0113da2cab5f4c216b4e5e7c1dbfaa67087e14/jackson-core-2.2.3.jar, file:/Users/hpatel/.gradle/caches/modules-2/files-2.1/commons-beanutils/commons-beanutils/1.7.0/5675fd96b29656504b86029551973d60fb41339b/commons-beanutils-1.7.0.jar, file:/Users/hpatel/.gradle/caches/modules-2/files-2.1/org.apache.directory.server/apacheds-i18n/2.0.0-M15/71c61c84683152ec2a6a65f3f96fe534e304fa22/apacheds-i18n-2.0.0-M15.jar, file:/Users/hpatel/.gradle/caches/modules-2/files-2.1/org.apache.directory.api/api-asn1-api/1.0.0-M20/5e6486ffa3125ba44dc410ead166e1d6ba8ac76d/api-asn1-api-1.0.0-M20.jar, file:/Users/hpatel/.gradle/caches/modules-2/files-2.1/org.apache.directory.api/api-util/1.0.0-M20/a871abf060b3cf83fc6dc4d7e3d151fce50ac3cb/api-util-1.0.0-M20.jar, file:/Users/hpatel/.gradle/caches/modules-2/files-2.1/com.sun.jersey/jersey-client/1.9/d3c4b2b5f89db32c96ceddcb863684821910a7bb/jersey-client-1.9.jar, file:/Users/hpatel/.gradle/caches/modules-2/files-2.1/javax.xml.stream/stax-api/1.0-2/d6337b0de8b25e53e81b922352fbea9f9f57ba0b/stax-api-1.0-2.jar, file:/Users/hpatel/.gradle/caches/modules-2/files-2.1/javax.activation/activation/1.1/e6cb541461c2834bdea3eb920f1884d1eb508b50/activation-1.1.jar, file:/Users/hpatel/.gradle/caches/modules-2/files-2.1/javax.inject/javax.inject/1/6975da39a7040257bd51d21a231b76c915872d38/javax.inject-1.jar, file:/Users/hpatel/.gradle/caches/modules-2/files-2.1/aopalliance/aopalliance/1.0/235ba8b489512805ac13a8f9ea77a1ca5ebe3e8/aopalliance-1.0.jar, file:/Users/hpatel/.gradle/caches/modules-2/files-2.1/org.sonatype.sisu.inject/cglib/2.2.1-v20090111/7ce5e983fd0e6c78346f4c9cbfa39d83049dda2/cglib-2.2.1-v20090111.jar, file:/Users/hpatel/.gradle/caches/modules-2/files-2.1/asm/asm/3.1/c157def142714c544bdea2e6144645702adf7097/asm-3.1.jar, file:/Users/hpatel/.gradle/caches/modules-2/files-2.1/org.apache.hive/hive-service/0.13.1-cdh5.3.3/c7979b4213bfb62823d43ba726e0fea58032dd1e/hive-service-0.13.1-cdh5.3.3.jar, file:/Users/hpatel/.gradle/caches/modules-2/files-2.1/net.sf.jpam/jpam/1.1/cb3d91c2dfda767518a371dbb02edfd6a4aa0600/jpam-1.1.jar, file:/Users/hpatel/.gradle/caches/modules-2/files-2.1/org.eclipse.jetty.aggregate/jetty-all/7.6.0.v20120127/47bb68e3837e5c6422138dd1e0d4d75c60dce87a/jetty-all-7.6.0.v20120127.jar, file:/Users/hpatel/.gradle/caches/modules-2/files-2.1/org.apache.thrift/libfb303/0.9.0/639bd69767fdbd7f658ce8233248fe1cea635164/libfb303-0.9.0.jar, file:/Users/hpatel/.gradle/caches/modules-2/files-2.1/org.apache.geronimo.specs/geronimo-jta_1.1_spec/1.1.1/aabab3165b8ea936b9360abbf448459c0d04a5a4/geronimo-jta_1.1_spec-1.1.1.jar, file:/Users/hpatel/.gradle/caches/modules-2/files-2.1/javax.mail/mail/1.4.1/8b7bc69010655425dabf091b51d1e90b4de36715/mail-1.4.1.jar, file:/Users/hpatel/.gradle/caches/modules-2/files-2.1/org.apache.geronimo.specs/geronimo-jaspic_1.0_spec/1.0/44b95be7dae1147716dce5336419eafade880756/geronimo-jaspic_1.0_spec-1.0.jar, file:/Users/hpatel/.gradle/caches/modules-2/files-2.1/org.apache.geronimo.specs/geronimo-annotation_1.0_spec/1.1.1/47caa799389f69d297b86bf90523d431599c3796/geronimo-annotation_1.0_spec-1.1.1.jar, file:/Users/hpatel/.gradle/caches/modules-2/files-2.1/asm/asm-commons/3.1/1b607fbfe7889c6fdff1b7c16439ade0a60869ac/asm-commons-3.1.jar, file:/Users/hpatel/.gradle/caches/modules-2/files-2.1/asm/asm-tree/3.1/c9a5d4334ddf194ea492f22107d45119a5c5322f/asm-tree-3.1.jar, file:/Users/hpatel/.gradle/caches/modules-2/files-2.1/commons-lang/commons-lang/2.6/ce1edb914c94ebc388f086c6827e8bdeec71ac2/commons-lang-2.6.jar, file:/Users/hpatel/.gradle/caches/modules-2/files-2.1/org.mortbay.jetty/jetty/6.1.26.cloudera.4/d59325a5ff8ff18f7543bc3fbb9d5efa0c0ff521/jetty-6.1.26.cloudera.4.jar, file:/Users/hpatel/.gradle/caches/modules-2/files-2.1/org.mortbay.jetty/jetty-util/6.1.26.cloudera.4/b8507b7c5d3fd9a3d01775272cbf1a63f530c19d/jetty-util-6.1.26.cloudera.4.jar, file:/Users/hpatel/.gradle/caches/modules-2/files-2.1/net.java.dev.jets3t/jets3t/0.9.0/792bc96ee7e57b89f472aa0cb5a31015b9f59c96/jets3t-0.9.0.jar, file:/Users/hpatel/.gradle/caches/modules-2/files-2.1/com.jamesmurty.utils/java-xmlbuilder/0.4/ac5962e48cdee3a0a6e1f8e00fcb594747ac5aaf/java-xmlbuilder-0.4.jar, file:/Users/hpatel/.gradle/caches/modules-2/files-2.1/com.google.protobuf/protobuf-java/2.5.0/a10732c76bfacdbd633a7eb0f7968b1059a65dfa/protobuf-java-2.5.0.jar, file:/Users/hpatel/.gradle/caches/modules-2/files-2.1/org.apache.hive/hive-exec/0.13.1-cdh5.3.3/4d935274127f47dd9c0875efcf317ba49aef1219/hive-exec-0.13.1-cdh5.3.3.jar, file:/Users/hpatel/.gradle/caches/modules-2/files-2.1/org.apache.hive/hive-ant/0.13.1-cdh5.3.3/86954e92a903253177cd6935798c50a6c32b7b81/hive-ant-0.13.1-cdh5.3.3.jar, file:/Users/hpatel/.gradle/caches/modules-2/files-2.1/org.antlr/antlr-runtime/3.4/8f011408269a8e42b8548687e137d8eeb56df4b4/antlr-runtime-3.4.jar, file:/Users/hpatel/.gradle/caches/modules-2/files-2.1/org.antlr/ST4/4.0.4/467a2aa12be6d0f0f68c70eecf6714ab733027ac/ST4-4.0.4.jar, file:/Users/hpatel/.gradle/caches/modules-2/files-2.1/org.apache.ant/ant/1.9.1/35900c96dbebc85dcfbd71f4661059ebcf93c077/ant-1.9.1.jar, file:/Users/hpatel/.gradle/caches/modules-2/files-2.1/org.codehaus.groovy/groovy-all/2.1.6/165b8246372a829c1915611646f6d964010656cf/groovy-all-2.1.6.jar, file:/Users/hpatel/.gradle/caches/modules-2/files-2.1/stax/stax-api/1.0.1/49c100caf72d658aca8e58bd74a4ba90fa2b0d70/stax-api-1.0.1.jar, file:/Users/hpatel/.gradle/caches/modules-2/files-2.1/org.apache.velocity/velocity/1.5/9f306baf7523ffc0e81a6353d08a584d254133b/velocity-1.5.jar, file:/Users/hpatel/.gradle/caches/modules-2/files-2.1/org.antlr/stringtemplate/3.2.1/59ec8083721eae215c6f3caee944c410d2be34de/stringtemplate-3.2.1.jar, file:/Users/hpatel/.gradle/caches/modules-2/files-2.1/antlr/antlr/2.7.7/83cd2cd674a217ade95a4bb83a8a14f351f48bd0/antlr-2.7.7.jar, file:/Users/hpatel/.gradle/caches/modules-2/files-2.1/org.apache.ant/ant-launcher/1.9.1/7c71043ca185eaada9e36391dd022d92859327de/ant-launcher-1.9.1.jar, file:/Users/hpatel/.gradle/caches/modules-2/files-2.1/oro/oro/2.0.8/5592374f834645c4ae250f4c9fbb314c9369d698/oro-2.0.8.jar, file:/Users/hpatel/.gradle/caches/modules-2/files-2.1/org.codehaus.jackson/jackson-core-asl/1.9.13/3c304d70f42f832e0a86d45bd437f692129299a4/jackson-core-asl-1.9.13.jar, file:/Users/hpatel/.gradle/caches/modules-2/files-2.1/org.codehaus.jackson/jackson-mapper-asl/1.9.13/1ee2f2bed0e5dd29d1cb155a166e6f8d50bbddb7/jackson-mapper-asl-1.9.13.jar, file:/Users/hpatel/.gradle/caches/modules-2/files-2.1/org.slf4j/slf4j-api/1.7.6/562424e36df3d2327e8e9301a76027fca17d54ea/slf4j-api-1.7.6.jar, file:/Users/hpatel/.gradle/caches/modules-2/files-2.1/com.sun.jersey/jersey-server/1.14/b1a21724c9b708ed54d42d41bb19ff45ae1d49d9/jersey-server-1.14.jar, file:/Users/hpatel/.gradle/caches/modules-2/files-2.1/org.apache.httpcomponents/httpclient/4.2.5/666e26e76f2e87d84e4f16acb546481ae1b8e9a6/httpclient-4.2.5.jar, file:/Users/hpatel/.gradle/caches/modules-2/files-2.1/org.apache.zookeeper/zookeeper/3.4.6/1b2502e29da1ebaade2357cd1de35a855fa3755/zookeeper-3.4.6.jar, file:/Users/hpatel/.gradle/caches/modules-2/files-2.1/com.google.guava/guava/16.0.1/5fa98cd1a63c99a44dd8d3b77e4762b066a5d0c5/guava-16.0.1.jar, file:/Users/hpatel/.gradle/caches/modules-2/files-2.1/org.codehaus.jackson/jackson-jaxrs/1.8.8/71b16055388e9bd3991c3c3834e8e55098b789f1/jackson-jaxrs-1.8.8.jar, file:/Users/hpatel/.gradle/caches/modules-2/files-2.1/org.codehaus.jackson/jackson-xc/1.8.8/52efa08bc1e4cfea168f552b9e3088297d9d0926/jackson-xc-1.8.8.jar, file:/Users/hpatel/.gradle/caches/modules-2/files-2.1/org.apache.hive/hive-metastore/0.13.1-cdh5.3.3/ca93686a17f064a5ab6587799721cddd7836e53a/hive-metastore-0.13.1-cdh5.3.3.jar, file:/Users/hpatel/.gradle/caches/modules-2/files-2.1/com.jolbox/bonecp/0.8.0.RELEASE/cec24ee9345b3678472bb1b8fdd6aa6b9428beb8/bonecp-0.8.0.RELEASE.jar, file:/Users/hpatel/.gradle/caches/modules-2/files-2.1/org.apache.derby/derby/10.10.1.1/9f6f910f0373adc1b23c10f9b4bb151b7e7449f/derby-10.10.1.1.jar, file:/Users/hpatel/.gradle/caches/modules-2/files-2.1/javax.jdo/jdo-api/3.0.1/58e7a538e020b73871e232eeb064835fd98a492/jdo-api-3.0.1.jar, file:/Users/hpatel/.gradle/caches/modules-2/files-2.1/javax.transaction/jta/1.1/2ca09f0b36ca7d71b762e14ea2ff09d5eac57558/jta-1.1.jar, file:/Users/hpatel/.gradle/caches/modules-2/files-2.1/org.apache.thrift/libthrift/0.9.0/9ba8df332b5db95ce7f3b7a83e44d796c3d014d3/libthrift-0.9.0.jar, file:/Users/hpatel/.gradle/caches/modules-2/files-2.1/org.apache.httpcomponents/httpcore/4.2.4/3b7f38df6de5dd8b500e602ae8c2dd5ee446f883/httpcore-4.2.4.jar, file:/Users/hpatel/.gradle/caches/modules-2/files-2.1/com.sun.jersey/jersey-core/1.14/693061de8b9b352b11e997b1dd4052677778852d/jersey-core-1.14.jar, file:/Users/hpatel/.gradle/caches/modules-2/files-2.1/commons-codec/commons-codec/1.6/b7f0fc8f61ecadeb3695f0b9464755eee44374d4/commons-codec-1.6.jar, file:/Users/hpatel/.gradle/caches/modules-2/files-2.1/io.netty/netty/3.7.0.Final/7a8c35599c68c0bf383df74469aa3e03d9aca87/netty-3.7.0.Final.jar]
15/09/06 13:13:50 INFO mr.ObjectCache: Ignoring retrieval request: __MAP_PLAN__
15/09/06 13:13:50 INFO mr.ObjectCache: Ignoring cache key: __MAP_PLAN__
15/09/06 13:13:50 INFO avro.AvroSerDe: Avro schema is {"type":"record","name":"DEALER_HIERARCHY_CORE","doc":"Sqoop import of DEALER_HIERARCHY","fields":[{"name":"File_Name","type":["string","null"],"columnName":"File_Name"},{"name":"GEN_ID","type":["string","null"],"columnName":"GEN_ID"},{"name":"DMS_SYSTEM","type":["string","null"],"columnName":"DMS_SYSTEM"},{"name":"DMS_VERSION","type":["string","null"],"columnName":"DMS_VERSION"},{"name":"TRANSMIT_TS","type":["string","null"],"columnName":"TRANSMIT_TS"},{"name":"ORIG_TRANSMIT_TS","type":["string","null"],"columnName":"TRANSMIT_TS"},{"name":"TRANSMIT_BY","type":["string","null"],"columnName":"TRANSMIT_BY"},{"name":"RECORD_STATUS","type":["string","null"],"columnName":"RECORD_STATUS"},{"name":"DEALER_UPDT_IND","type":["string","null"],"columnName":"DEALER_UPDT_IND","sqlType":"1"},{"name":"STORE_NUMBER","type":["string","null"],"columnName":"STORE_NUMBER"},{"name":"PART_TYPE","type":["string","null"],"columnName":"PART_TYPE"},{"name":"STORE_NAME","type":["string","null"],"columnName":"STORE_NAME"},{"name":"INVENTORY_STORE_NUMBER","type":["string","null"],"columnName":"INVENTORY_STORE_NUMBER"},{"name":"CAT_EMRG_DEALER_CODE","type":["string","null"],"columnName":"CAT_EMRG_DEALER_CODE"},{"name":"CAT_STOCK_DEALER_CODE","type":["string","null"],"columnName":"CAT_STOCK_DEALER_CODE"},{"name":"STOCK_REPLEN_STORE_NUMBER","type":["string","null"],"columnName":"STOCK_REPLEN_STORE_NUMBER"},{"name":"STOCK_REPLEN_LEAD_TIME","type":["string","null"],"columnName":"STOCK_REPLEN_LEAD_TIME"},{"name":"LST_UPDT_TS","type":["string","null"],"columnName":"LST_UPDT_TS"},{"name":"ORIG_LST_UPDT_TS","type":["string","null"],"columnName":"ORIG_LST_UPDT_TS"},{"name":"LST_UPDT_BY_ID","type":["string","null"],"columnName":"LST_UPDT_BY_ID"},{"name":"FILE_INS_TS","type":["string","null"],"columnName":"FILE_INS_TS"},{"name":"ORIG_FILE_INS_TS","type":["string","null"],"columnName":"ORIG_FILE_INS_TS"},{"name":"EXP_STOCK_PLAN_LEAD_TIME","type":["string","null"],"columnName":"EXP_STOCK_PLAN_LEAD_TIME"}],"tableName":"DEALER_HIERARCHY_CORE"}
15/09/06 13:13:50 INFO avro.AvroSerDe: Avro schema is {"type":"record","name":"DEALER_HIERARCHY_CORE","doc":"Sqoop import of DEALER_HIERARCHY","fields":[{"name":"File_Name","type":["string","null"],"columnName":"File_Name"},{"name":"GEN_ID","type":["string","null"],"columnName":"GEN_ID"},{"name":"DMS_SYSTEM","type":["string","null"],"columnName":"DMS_SYSTEM"},{"name":"DMS_VERSION","type":["string","null"],"columnName":"DMS_VERSION"},{"name":"TRANSMIT_TS","type":["string","null"],"columnName":"TRANSMIT_TS"},{"name":"ORIG_TRANSMIT_TS","type":["string","null"],"columnName":"TRANSMIT_TS"},{"name":"TRANSMIT_BY","type":["string","null"],"columnName":"TRANSMIT_BY"},{"name":"RECORD_STATUS","type":["string","null"],"columnName":"RECORD_STATUS"},{"name":"DEALER_UPDT_IND","type":["string","null"],"columnName":"DEALER_UPDT_IND","sqlType":"1"},{"name":"STORE_NUMBER","type":["string","null"],"columnName":"STORE_NUMBER"},{"name":"PART_TYPE","type":["string","null"],"columnName":"PART_TYPE"},{"name":"STORE_NAME","type":["string","null"],"columnName":"STORE_NAME"},{"name":"INVENTORY_STORE_NUMBER","type":["string","null"],"columnName":"INVENTORY_STORE_NUMBER"},{"name":"CAT_EMRG_DEALER_CODE","type":["string","null"],"columnName":"CAT_EMRG_DEALER_CODE"},{"name":"CAT_STOCK_DEALER_CODE","type":["string","null"],"columnName":"CAT_STOCK_DEALER_CODE"},{"name":"STOCK_REPLEN_STORE_NUMBER","type":["string","null"],"columnName":"STOCK_REPLEN_STORE_NUMBER"},{"name":"STOCK_REPLEN_LEAD_TIME","type":["string","null"],"columnName":"STOCK_REPLEN_LEAD_TIME"},{"name":"LST_UPDT_TS","type":["string","null"],"columnName":"LST_UPDT_TS"},{"name":"ORIG_LST_UPDT_TS","type":["string","null"],"columnName":"ORIG_LST_UPDT_TS"},{"name":"LST_UPDT_BY_ID","type":["string","null"],"columnName":"LST_UPDT_BY_ID"},{"name":"FILE_INS_TS","type":["string","null"],"columnName":"FILE_INS_TS"},{"name":"ORIG_FILE_INS_TS","type":["string","null"],"columnName":"ORIG_FILE_INS_TS"},{"name":"EXP_STOCK_PLAN_LEAD_TIME","type":["string","null"],"columnName":"EXP_STOCK_PLAN_LEAD_TIME"}],"tableName":"DEALER_HIERARCHY_CORE"}
15/09/06 13:13:50 INFO avro.AvroSerDe: Avro schema is {"type":"record","name":"DEALER_HIERARCHY_CORE","doc":"Sqoop import of DEALER_HIERARCHY","fields":[{"name":"File_Name","type":["string","null"],"columnName":"File_Name"},{"name":"GEN_ID","type":["string","null"],"columnName":"GEN_ID"},{"name":"DMS_SYSTEM","type":["string","null"],"columnName":"DMS_SYSTEM"},{"name":"DMS_VERSION","type":["string","null"],"columnName":"DMS_VERSION"},{"name":"TRANSMIT_TS","type":["string","null"],"columnName":"TRANSMIT_TS"},{"name":"ORIG_TRANSMIT_TS","type":["string","null"],"columnName":"TRANSMIT_TS"},{"name":"TRANSMIT_BY","type":["string","null"],"columnName":"TRANSMIT_BY"},{"name":"RECORD_STATUS","type":["string","null"],"columnName":"RECORD_STATUS"},{"name":"DEALER_UPDT_IND","type":["string","null"],"columnName":"DEALER_UPDT_IND","sqlType":"1"},{"name":"STORE_NUMBER","type":["string","null"],"columnName":"STORE_NUMBER"},{"name":"PART_TYPE","type":["string","null"],"columnName":"PART_TYPE"},{"name":"STORE_NAME","type":["string","null"],"columnName":"STORE_NAME"},{"name":"INVENTORY_STORE_NUMBER","type":["string","null"],"columnName":"INVENTORY_STORE_NUMBER"},{"name":"CAT_EMRG_DEALER_CODE","type":["string","null"],"columnName":"CAT_EMRG_DEALER_CODE"},{"name":"CAT_STOCK_DEALER_CODE","type":["string","null"],"columnName":"CAT_STOCK_DEALER_CODE"},{"name":"STOCK_REPLEN_STORE_NUMBER","type":["string","null"],"columnName":"STOCK_REPLEN_STORE_NUMBER"},{"name":"STOCK_REPLEN_LEAD_TIME","type":["string","null"],"columnName":"STOCK_REPLEN_LEAD_TIME"},{"name":"LST_UPDT_TS","type":["string","null"],"columnName":"LST_UPDT_TS"},{"name":"ORIG_LST_UPDT_TS","type":["string","null"],"columnName":"ORIG_LST_UPDT_TS"},{"name":"LST_UPDT_BY_ID","type":["string","null"],"columnName":"LST_UPDT_BY_ID"},{"name":"FILE_INS_TS","type":["string","null"],"columnName":"FILE_INS_TS"},{"name":"ORIG_FILE_INS_TS","type":["string","null"],"columnName":"ORIG_FILE_INS_TS"},{"name":"EXP_STOCK_PLAN_LEAD_TIME","type":["string","null"],"columnName":"EXP_STOCK_PLAN_LEAD_TIME"}],"tableName":"DEALER_HIERARCHY_CORE"}
15/09/06 13:13:50 INFO avro.AvroSerDe: Avro schema is {"type":"record","name":"DEALER_HIERARCHY_CORE","doc":"Sqoop import of DEALER_HIERARCHY","fields":[{"name":"File_Name","type":["string","null"],"columnName":"File_Name"},{"name":"GEN_ID","type":["string","null"],"columnName":"GEN_ID"},{"name":"DMS_SYSTEM","type":["string","null"],"columnName":"DMS_SYSTEM"},{"name":"DMS_VERSION","type":["string","null"],"columnName":"DMS_VERSION"},{"name":"TRANSMIT_TS","type":["string","null"],"columnName":"TRANSMIT_TS"},{"name":"ORIG_TRANSMIT_TS","type":["string","null"],"columnName":"TRANSMIT_TS"},{"name":"TRANSMIT_BY","type":["string","null"],"columnName":"TRANSMIT_BY"},{"name":"RECORD_STATUS","type":["string","null"],"columnName":"RECORD_STATUS"},{"name":"DEALER_UPDT_IND","type":["string","null"],"columnName":"DEALER_UPDT_IND","sqlType":"1"},{"name":"STORE_NUMBER","type":["string","null"],"columnName":"STORE_NUMBER"},{"name":"PART_TYPE","type":["string","null"],"columnName":"PART_TYPE"},{"name":"STORE_NAME","type":["string","null"],"columnName":"STORE_NAME"},{"name":"INVENTORY_STORE_NUMBER","type":["string","null"],"columnName":"INVENTORY_STORE_NUMBER"},{"name":"CAT_EMRG_DEALER_CODE","type":["string","null"],"columnName":"CAT_EMRG_DEALER_CODE"},{"name":"CAT_STOCK_DEALER_CODE","type":["string","null"],"columnName":"CAT_STOCK_DEALER_CODE"},{"name":"STOCK_REPLEN_STORE_NUMBER","type":["string","null"],"columnName":"STOCK_REPLEN_STORE_NUMBER"},{"name":"STOCK_REPLEN_LEAD_TIME","type":["string","null"],"columnName":"STOCK_REPLEN_LEAD_TIME"},{"name":"LST_UPDT_TS","type":["string","null"],"columnName":"LST_UPDT_TS"},{"name":"ORIG_LST_UPDT_TS","type":["string","null"],"columnName":"ORIG_LST_UPDT_TS"},{"name":"LST_UPDT_BY_ID","type":["string","null"],"columnName":"LST_UPDT_BY_ID"},{"name":"FILE_INS_TS","type":["string","null"],"columnName":"FILE_INS_TS"},{"name":"ORIG_FILE_INS_TS","type":["string","null"],"columnName":"ORIG_FILE_INS_TS"},{"name":"EXP_STOCK_PLAN_LEAD_TIME","type":["string","null"],"columnName":"EXP_STOCK_PLAN_LEAD_TIME"}],"tableName":"DEALER_HIERARCHY_CORE"}
15/09/06 13:13:50 INFO avro.AvroSerDe: Avro schema is {"type":"record","name":"DEALER_HIERARCHY_CORE","doc":"Sqoop import of DEALER_HIERARCHY","fields":[{"name":"File_Name","type":["string","null"],"columnName":"File_Name"},{"name":"GEN_ID","type":["string","null"],"columnName":"GEN_ID"},{"name":"DMS_SYSTEM","type":["string","null"],"columnName":"DMS_SYSTEM"},{"name":"DMS_VERSION","type":["string","null"],"columnName":"DMS_VERSION"},{"name":"TRANSMIT_TS","type":["string","null"],"columnName":"TRANSMIT_TS"},{"name":"ORIG_TRANSMIT_TS","type":["string","null"],"columnName":"TRANSMIT_TS"},{"name":"TRANSMIT_BY","type":["string","null"],"columnName":"TRANSMIT_BY"},{"name":"RECORD_STATUS","type":["string","null"],"columnName":"RECORD_STATUS"},{"name":"DEALER_UPDT_IND","type":["string","null"],"columnName":"DEALER_UPDT_IND","sqlType":"1"},{"name":"STORE_NUMBER","type":["string","null"],"columnName":"STORE_NUMBER"},{"name":"PART_TYPE","type":["string","null"],"columnName":"PART_TYPE"},{"name":"STORE_NAME","type":["string","null"],"columnName":"STORE_NAME"},{"name":"INVENTORY_STORE_NUMBER","type":["string","null"],"columnName":"INVENTORY_STORE_NUMBER"},{"name":"CAT_EMRG_DEALER_CODE","type":["string","null"],"columnName":"CAT_EMRG_DEALER_CODE"},{"name":"CAT_STOCK_DEALER_CODE","type":["string","null"],"columnName":"CAT_STOCK_DEALER_CODE"},{"name":"STOCK_REPLEN_STORE_NUMBER","type":["string","null"],"columnName":"STOCK_REPLEN_STORE_NUMBER"},{"name":"STOCK_REPLEN_LEAD_TIME","type":["string","null"],"columnName":"STOCK_REPLEN_LEAD_TIME"},{"name":"LST_UPDT_TS","type":["string","null"],"columnName":"LST_UPDT_TS"},{"name":"ORIG_LST_UPDT_TS","type":["string","null"],"columnName":"ORIG_LST_UPDT_TS"},{"name":"LST_UPDT_BY_ID","type":["string","null"],"columnName":"LST_UPDT_BY_ID"},{"name":"FILE_INS_TS","type":["string","null"],"columnName":"FILE_INS_TS"},{"name":"ORIG_FILE_INS_TS","type":["string","null"],"columnName":"ORIG_FILE_INS_TS"},{"name":"EXP_STOCK_PLAN_LEAD_TIME","type":["string","null"],"columnName":"EXP_STOCK_PLAN_LEAD_TIME"}],"tableName":"DEALER_HIERARCHY_CORE"}
15/09/06 13:13:50 INFO exec.MapOperator: dump TS struct<file_name:string,gen_id:string,dms_system:string,dms_version:string,transmit_ts:string,orig_transmit_ts:string,transmit_by:string,record_status:string,dealer_updt_ind:string,store_number:string,part_type:string,store_name:string,inventory_store_number:string,cat_emrg_dealer_code:string,cat_stock_dealer_code:string,stock_replen_store_number:string,stock_replen_lead_time:string,lst_updt_ts:string,orig_lst_updt_ts:string,lst_updt_by_id:string,file_ins_ts:string,orig_file_ins_ts:string,exp_stock_plan_lead_time:string,dealer_code:string>
15/09/06 13:13:50 INFO avro.AvroSerDe: Avro schema is {"type":"record","name":"DEALER_HIERARCHY_CORE","doc":"Sqoop import of DEALER_HIERARCHY","fields":[{"name":"File_Name","type":["string","null"],"columnName":"File_Name"},{"name":"GEN_ID","type":["string","null"],"columnName":"GEN_ID"},{"name":"DMS_SYSTEM","type":["string","null"],"columnName":"DMS_SYSTEM"},{"name":"DMS_VERSION","type":["string","null"],"columnName":"DMS_VERSION"},{"name":"TRANSMIT_TS","type":["string","null"],"columnName":"TRANSMIT_TS"},{"name":"ORIG_TRANSMIT_TS","type":["string","null"],"columnName":"TRANSMIT_TS"},{"name":"TRANSMIT_BY","type":["string","null"],"columnName":"TRANSMIT_BY"},{"name":"RECORD_STATUS","type":["string","null"],"columnName":"RECORD_STATUS"},{"name":"DEALER_UPDT_IND","type":["string","null"],"columnName":"DEALER_UPDT_IND","sqlType":"1"},{"name":"STORE_NUMBER","type":["string","null"],"columnName":"STORE_NUMBER"},{"name":"PART_TYPE","type":["string","null"],"columnName":"PART_TYPE"},{"name":"STORE_NAME","type":["string","null"],"columnName":"STORE_NAME"},{"name":"INVENTORY_STORE_NUMBER","type":["string","null"],"columnName":"INVENTORY_STORE_NUMBER"},{"name":"CAT_EMRG_DEALER_CODE","type":["string","null"],"columnName":"CAT_EMRG_DEALER_CODE"},{"name":"CAT_STOCK_DEALER_CODE","type":["string","null"],"columnName":"CAT_STOCK_DEALER_CODE"},{"name":"STOCK_REPLEN_STORE_NUMBER","type":["string","null"],"columnName":"STOCK_REPLEN_STORE_NUMBER"},{"name":"STOCK_REPLEN_LEAD_TIME","type":["string","null"],"columnName":"STOCK_REPLEN_LEAD_TIME"},{"name":"LST_UPDT_TS","type":["string","null"],"columnName":"LST_UPDT_TS"},{"name":"ORIG_LST_UPDT_TS","type":["string","null"],"columnName":"ORIG_LST_UPDT_TS"},{"name":"LST_UPDT_BY_ID","type":["string","null"],"columnName":"LST_UPDT_BY_ID"},{"name":"FILE_INS_TS","type":["string","null"],"columnName":"FILE_INS_TS"},{"name":"ORIG_FILE_INS_TS","type":["string","null"],"columnName":"ORIG_FILE_INS_TS"},{"name":"EXP_STOCK_PLAN_LEAD_TIME","type":["string","null"],"columnName":"EXP_STOCK_PLAN_LEAD_TIME"}],"tableName":"DEALER_HIERARCHY_CORE"}
15/09/06 13:13:50 INFO mr.ExecMapper: 
<MAP>Id =132
  <Children>
    <TS>Id =124
      <Children>
        <SEL>Id =125
          <Children>
            <GBY>Id =126
              <Children>
                <RS>Id =127
                  <Children>
                  <\Children>
                  <Parent>Id = 126 null<\Parent>
                <\RS>
              <\Children>
              <Parent>Id = 125 null<\Parent>
            <\GBY>
          <\Children>
          <Parent>Id = 124 null<\Parent>
        <\SEL>
      <\Children>
      <Parent>Id = 132 null<\Parent>
    <\TS>
  <\Children>
  <Parent><\Parent>
<\MAP>
15/09/06 13:13:50 INFO exec.MapOperator: Initializing Self 132 MAP
15/09/06 13:13:50 INFO exec.TableScanOperator: Initializing Self 124 TS
15/09/06 13:13:50 INFO exec.TableScanOperator: Operator 124 TS initialized
15/09/06 13:13:50 INFO exec.TableScanOperator: Initializing children of 124 TS
15/09/06 13:13:50 INFO exec.SelectOperator: Initializing child 125 SEL
15/09/06 13:13:50 INFO exec.SelectOperator: Initializing Self 125 SEL
15/09/06 13:13:50 INFO exec.SelectOperator: SELECT struct<file_name:string,gen_id:string,dms_system:string,dms_version:string,transmit_ts:string,orig_transmit_ts:string,transmit_by:string,record_status:string,dealer_updt_ind:string,store_number:string,part_type:string,store_name:string,inventory_store_number:string,cat_emrg_dealer_code:string,cat_stock_dealer_code:string,stock_replen_store_number:string,stock_replen_lead_time:string,lst_updt_ts:string,orig_lst_updt_ts:string,lst_updt_by_id:string,file_ins_ts:string,orig_file_ins_ts:string,exp_stock_plan_lead_time:string,dealer_code:string>
15/09/06 13:13:50 INFO exec.SelectOperator: Operator 125 SEL initialized
15/09/06 13:13:50 INFO exec.SelectOperator: Initializing children of 125 SEL
15/09/06 13:13:50 INFO exec.GroupByOperator: Initializing child 126 GBY
15/09/06 13:13:50 INFO exec.GroupByOperator: Initializing Self 126 GBY
15/09/06 13:13:50 INFO exec.GroupByOperator: Operator 126 GBY initialized
15/09/06 13:13:50 INFO exec.GroupByOperator: Initializing children of 126 GBY
15/09/06 13:13:50 INFO exec.ReduceSinkOperator: Initializing child 127 RS
15/09/06 13:13:50 INFO exec.ReduceSinkOperator: Initializing Self 127 RS
15/09/06 13:13:50 INFO exec.ReduceSinkOperator: Using tag = -1
15/09/06 13:13:50 INFO exec.ReduceSinkOperator: Operator 127 RS initialized
15/09/06 13:13:50 INFO exec.ReduceSinkOperator: Initialization Done 127 RS
15/09/06 13:13:50 INFO exec.GroupByOperator: Initialization Done 126 GBY
15/09/06 13:13:50 INFO exec.SelectOperator: Initialization Done 125 SEL
15/09/06 13:13:50 INFO exec.TableScanOperator: Initialization Done 124 TS
15/09/06 13:13:50 INFO exec.MapOperator: Initialization Done 132 MAP
15/09/06 13:13:50 INFO exec.MapOperator: Processing alias dealer_hierarchy_core for file file:/var/folders/y7/4_pz5fzx54ngcmghz3v6t3m00000gn/T/junit8690338365344900462/hadooptmp/dealer_hierarchy/core_data/dealer_code=AAAA
15/09/06 13:13:50 INFO avro.AvroDeserializer: Adding new valid RRID :-d3e18ac:14fa3dd38b8:-7ffe
15/09/06 13:13:50 INFO mr.ExecMapper: ExecMapper: processing 1 rows: used memory = 736039272
15/09/06 13:13:50 INFO avro.AvroGenericRecordReader: Matching partition file:/var/folders/y7/4_pz5fzx54ngcmghz3v6t3m00000gn/T/junit8690338365344900462/hadooptmp/dealer_hierarchy/core_data/dealer_code=ZZZZ with input split file:/var/folders/y7/4_pz5fzx54ngcmghz3v6t3m00000gn/T/junit8690338365344900462/hadooptmp/dealer_hierarchy/core_data/dealer_code=ZZZZ/000000_0:0+2803
15/09/06 13:13:50 INFO io.HiveContextAwareRecordReader: Processing file file:/var/folders/y7/4_pz5fzx54ngcmghz3v6t3m00000gn/T/junit8690338365344900462/hadooptmp/dealer_hierarchy/core_data/dealer_code=ZZZZ/000000_0
15/09/06 13:13:50 INFO exec.MapOperator: Processing alias dealer_hierarchy_core for file file:/var/folders/y7/4_pz5fzx54ngcmghz3v6t3m00000gn/T/junit8690338365344900462/hadooptmp/dealer_hierarchy/core_data/dealer_code=ZZZZ
15/09/06 13:13:50 INFO avro.AvroDeserializer: Adding new valid RRID :-d3e18ac:14fa3dd38b8:-7ffd
15/09/06 13:13:50 INFO exec.MapOperator: 132 finished. closing... 
15/09/06 13:13:50 INFO exec.MapOperator: DESERIALIZE_ERRORS:0
15/09/06 13:13:50 INFO exec.TableScanOperator: 124 finished. closing... 
15/09/06 13:13:50 INFO exec.SelectOperator: 125 finished. closing... 
15/09/06 13:13:50 INFO exec.GroupByOperator: 126 finished. closing... 
15/09/06 13:13:50 INFO exec.GroupByOperator: Begin Hash Table flush: size = 1
15/09/06 13:13:50 INFO exec.ReduceSinkOperator: 127 finished. closing... 
15/09/06 13:13:50 INFO exec.ReduceSinkOperator: 127 Close done
15/09/06 13:13:50 INFO exec.GroupByOperator: 126 Close done
15/09/06 13:13:50 INFO exec.SelectOperator: 125 Close done
15/09/06 13:13:50 INFO exec.TableScanOperator: 124 Close done
15/09/06 13:13:50 INFO exec.MapOperator: 132 Close done
15/09/06 13:13:50 INFO mr.ExecMapper: ExecMapper: processed 4 rows: used memory = 736039272
15/09/06 13:13:50 INFO mapred.MapTask: Starting flush of map output
15/09/06 13:13:50 INFO mapred.MapTask: Finished spill 0
15/09/06 13:13:50 INFO mapred.Task: Task:attempt_local595186156_0009_m_000000_0 is done. And is in the process of commiting
15/09/06 13:13:50 INFO mapred.LocalJobRunner: 
15/09/06 13:13:50 INFO mapred.Task: Task 'attempt_local595186156_0009_m_000000_0' done.
15/09/06 13:13:50 INFO mapred.LocalJobRunner: Finishing task: attempt_local595186156_0009_m_000000_0
15/09/06 13:13:50 INFO mapred.LocalJobRunner: Map task executor complete.
15/09/06 13:13:50 WARN mapreduce.Counters: Group org.apache.hadoop.mapred.Task$Counter is deprecated. Use org.apache.hadoop.mapreduce.TaskCounter instead
2015-09-06 13:13:50,957 Stage-1 map = 100%,  reduce = 0%
15/09/06 13:13:50 INFO exec.Task: 2015-09-06 13:13:50,957 Stage-1 map = 100%,  reduce = 0%
15/09/06 13:13:50 INFO mapred.Task:  Using ResourceCalculatorPlugin : null
15/09/06 13:13:50 INFO mapred.LocalJobRunner: 
15/09/06 13:13:50 INFO mapred.Merger: Merging 1 sorted segments
15/09/06 13:13:50 INFO mapred.Merger: Down to the last merge-pass, with 1 segments left of total size: 15 bytes
15/09/06 13:13:50 INFO mapred.LocalJobRunner: 
15/09/06 13:13:50 INFO ExecReducer: maximum memory = 3817865216
15/09/06 13:13:50 INFO ExecReducer: conf classpath = [file:/Users/hpatel/.gradle/caches/2.1/workerMain/gradle-worker.jar, file:/Users/hpatel/Tech/Projects/CAT/ddsw_dev/hive-test/build/classes/test/, file:/Users/hpatel/Tech/Projects/CAT/ddsw_dev/hive-test/build/resources/test/, file:/Users/hpatel/Tech/Projects/CAT/ddsw_dev/hive-test/build/classes/main/, file:/Users/hpatel/Tech/Projects/CAT/ddsw_dev/hive-test/build/resources/main, file:/Users/hpatel/.gradle/caches/modules-2/files-2.1/junit/junit/4.11/4e031bb61df09069aeb2bffb4019e7a5034a4ee0/junit-4.11.jar, file:/Users/hpatel/.gradle/caches/modules-2/files-2.1/com.klarna/hiverunner/1.0.0/e26bb0655fff4d88fab91f331793d9fc1db392cc/HiveRunner-1.0.0.jar, file:/Users/hpatel/Tech/Projects/CAT/ddsw_dev/custom-cat-udfs/build/libs/custom-cat-udfs-0.1.38-SNAPSHOT.jar, file:/Users/hpatel/.gradle/caches/modules-2/files-2.1/org.apache.hadoop/hadoop-client/2.5.0-cdh5.3.3/ec3cd6a8cb043e73a42918934c5d3a3f2747c78b/hadoop-client-2.5.0-cdh5.3.3.jar, file:/Users/hpatel/.gradle/caches/modules-2/files-2.1/org.hsqldb/hsqldb/2.3.1/bd7153caa30958e1c64a3dd38b93e5a7442d9a0e/hsqldb-2.3.1.jar, file:/Users/hpatel/.gradle/caches/modules-2/files-2.1/org.apache.hadoop/hadoop-core/2.5.0-mr1-cdh5.3.3/f6f4a77f818757da51ae0244310855779c04c4be/hadoop-core-2.5.0-mr1-cdh5.3.3.jar, file:/Users/hpatel/.gradle/caches/modules-2/files-2.1/org.reflections/reflections/0.9.8/f723abb59bf512952bfc503838f70f81487a6993/reflections-0.9.8.jar, file:/Users/hpatel/.gradle/caches/modules-2/files-2.1/org.mockito/mockito-core/1.10.19/e8546f5bef4e061d8dd73895b4e8f40e3fe6effe/mockito-core-1.10.19.jar, file:/Users/hpatel/.gradle/caches/modules-2/files-2.1/org.hamcrest/hamcrest-core/1.3/42a25dc3219429f0e5d060061f71acb49bf010a0/hamcrest-core-1.3.jar, file:/Users/hpatel/.gradle/caches/modules-2/files-2.1/org.pentaho/pentaho-aggdesigner-algorithm/5.1.5-jhyde/c52379c645c6c85300e645dff7c72653bf85baa2/pentaho-aggdesigner-algorithm-5.1.5-jhyde.jar, file:/Users/hpatel/.gradle/caches/modules-2/files-2.1/org.apache.hive/hive-serde/0.13.1-cdh5.3.3/9cee47c844d726e9bcef6ab292e1319b7fbddaa3/hive-serde-0.13.1-cdh5.3.3.jar, file:/Users/hpatel/.gradle/caches/modules-2/files-2.1/org.apache.hadoop/hadoop-common/2.5.0-cdh5.3.3/f0862eb1dc33c1807ea29a248af75551e3c6836a/hadoop-common-2.5.0-cdh5.3.3.jar, file:/Users/hpatel/.gradle/caches/modules-2/files-2.1/org.apache.hive/hive-contrib/0.13.1-cdh5.3.3/bf89b429c9b173ac275dc0c1623f5c30e780ee98/hive-contrib-0.13.1-cdh5.3.3.jar, file:/Users/hpatel/.gradle/caches/modules-2/files-2.1/org.datanucleus/datanucleus-core/3.2.12/3212183bb5a2826cd5ff194b9a54619dd0bdf31f/datanucleus-core-3.2.12.jar, file:/Users/hpatel/.gradle/caches/modules-2/files-2.1/org.datanucleus/datanucleus-rdbms/3.2.11/5b053144c89fdff1505b853aa7f1e5ba7657da75/datanucleus-rdbms-3.2.11.jar, file:/Users/hpatel/.gradle/caches/modules-2/files-2.1/org.datanucleus/datanucleus-api-jdo/3.2.8/efc60221fbc91e95cf5758b98c6c5531660696cb/datanucleus-api-jdo-3.2.8.jar, file:/Users/hpatel/.gradle/caches/modules-2/files-2.1/org.apache.hive/hive-shims/0.13.1-cdh5.3.3/47b029532c0b9d45526dcdd858823e6f9634ab81/hive-shims-0.13.1-cdh5.3.3.jar, file:/Users/hpatel/.gradle/caches/modules-2/files-2.1/org.apache.commons/commons-lang3/3.3.1/6738a2da2202ce360f0af90aba005c1e05a2c4cd/commons-lang3-3.3.1.jar, file:/Users/hpatel/.gradle/caches/modules-2/files-2.1/joda-time/joda-time/2.3/56498efd17752898cfcc3868c1b6211a07b12b8f/joda-time-2.3.jar, file:/Users/hpatel/.gradle/caches/modules-2/files-2.1/org.apache.hadoop/hadoop-hdfs/2.5.0-cdh5.3.3/5dd5e2be13d89a9eaab89d3a33bcdf6677671aa9/hadoop-hdfs-2.5.0-cdh5.3.3.jar, file:/Users/hpatel/.gradle/caches/modules-2/files-2.1/org.apache.hadoop/hadoop-mapreduce-client-app/2.5.0-cdh5.3.3/579948f8fa6d9d72bf507bd021fa3dcc0670e95f/hadoop-mapreduce-client-app-2.5.0-cdh5.3.3.jar, file:/Users/hpatel/.gradle/caches/modules-2/files-2.1/org.apache.hadoop/hadoop-yarn-api/2.5.0-cdh5.3.3/a6d9b4b7cbcacd000350a3e33c70269101b5fc79/hadoop-yarn-api-2.5.0-cdh5.3.3.jar, file:/Users/hpatel/.gradle/caches/modules-2/files-2.1/org.apache.hadoop/hadoop-mapreduce-client-core/2.5.0-cdh5.3.3/f2c8eaa2b8a5839a7781f04cf59c4d1abfefec9e/hadoop-mapreduce-client-core-2.5.0-cdh5.3.3.jar, file:/Users/hpatel/.gradle/caches/modules-2/files-2.1/org.apache.hadoop/hadoop-mapreduce-client-jobclient/2.5.0-cdh5.3.3/f8baecab9a91245a97e29e4867a7f5ae128ef8a9/hadoop-mapreduce-client-jobclient-2.5.0-cdh5.3.3.jar, file:/Users/hpatel/.gradle/caches/modules-2/files-2.1/org.apache.hadoop/hadoop-aws/2.5.0-cdh5.3.3/f712d9cf59c859914254bed5c87ee4e5a2204e78/hadoop-aws-2.5.0-cdh5.3.3.jar, file:/Users/hpatel/.gradle/caches/modules-2/files-2.1/org.apache.hadoop/hadoop-annotations/2.5.0-cdh5.3.3/e3b40743127d82ff7a6f263d00419368a46ce608/hadoop-annotations-2.5.0-cdh5.3.3.jar, file:/Users/hpatel/.gradle/caches/modules-2/files-2.1/commons-collections/commons-collections/3.2.1/761ea405b9b37ced573d2df0d1e3a4e0f9edc668/commons-collections-3.2.1.jar, file:/Users/hpatel/.gradle/caches/modules-2/files-2.1/commons-configuration/commons-configuration/1.6/32cadde23955d7681b0d94a2715846d20b425235/commons-configuration-1.6.jar, file:/Users/hpatel/.gradle/caches/modules-2/files-2.1/jline/jline/0.9.94/99a18e9a44834afdebc467294e1138364c207402/jline-0.9.94.jar, file:/Users/hpatel/.gradle/caches/modules-2/files-2.1/commons-cli/commons-cli/1.2/2bf96b7aa8b611c177d329452af1dc933e14501c/commons-cli-1.2.jar, file:/Users/hpatel/.gradle/caches/modules-2/files-2.1/xmlenc/xmlenc/0.52/d82554efbe65906d83b3d97bd7509289e9db561a/xmlenc-0.52.jar, file:/Users/hpatel/.gradle/caches/modules-2/files-2.1/commons-httpclient/commons-httpclient/3.1/964cd74171f427720480efdec40a7c7f6e58426a/commons-httpclient-3.1.jar, file:/Users/hpatel/.gradle/caches/modules-2/files-2.1/commons-net/commons-net/3.1/2298164a7c2484406f2aa5ac85b205d39019896f/commons-net-3.1.jar, file:/Users/hpatel/.gradle/caches/modules-2/files-2.1/tomcat/jasper-runtime/5.5.23/96ca5528a93ab47b001476b74320c644beb89dde/jasper-runtime-5.5.23.jar, file:/Users/hpatel/.gradle/caches/modules-2/files-2.1/tomcat/jasper-compiler/5.5.23/6d35bd7fb8c4fbc1f5401fb3678aa976d2e4c241/jasper-compiler-5.5.23.jar, file:/Users/hpatel/.gradle/caches/modules-2/files-2.1/javax.servlet.jsp/jsp-api/2.1/63f943103f250ef1f3a4d5e94d145a0f961f5316/jsp-api-2.1.jar, file:/Users/hpatel/.gradle/caches/modules-2/files-2.1/commons-el/commons-el/1.0/1df2c042b3f2de0124750241ac6c886dbfa2cc2c/commons-el-1.0.jar, file:/Users/hpatel/.gradle/caches/modules-2/files-2.1/javax.servlet/servlet-api/2.5/5959582d97d8b61f4d154ca9e495aafd16726e34/servlet-api-2.5.jar, file:/Users/hpatel/.gradle/caches/modules-2/files-2.1/hsqldb/hsqldb/1.8.0.10/7e9978fdb754bce5fcd5161133e7734ecb683036/hsqldb-1.8.0.10.jar, file:/Users/hpatel/.gradle/caches/modules-2/files-2.1/org.eclipse.jdt/core/3.1.1/88c83ce444cf46d02494da37c9fa1eebc9ce9cea/core-3.1.1.jar, file:/Users/hpatel/.gradle/caches/modules-2/files-2.1/javassist/javassist/3.12.1.GA/526633327faa61aee448a519e8a4d53ec3057885/javassist-3.12.1.GA.jar, file:/Users/hpatel/.gradle/caches/modules-2/files-2.1/dom4j/dom4j/1.6.1/5d3ccc056b6f056dbf0dddfdf43894b9065a8f94/dom4j-1.6.1.jar, file:/Users/hpatel/.gradle/caches/modules-2/files-2.1/org.objenesis/objenesis/2.1/87c0ea803b69252868d09308b4618f766f135a96/objenesis-2.1.jar, file:/Users/hpatel/.gradle/caches/modules-2/files-2.1/commons-logging/commons-logging/1.1.3/f6f66e966c70a83ffbdb6f17a0919eaf7c8aca7f/commons-logging-1.1.3.jar, file:/Users/hpatel/.gradle/caches/modules-2/files-2.1/org.apache.hive/hive-common/0.13.1-cdh5.3.3/e3fbf24d30a553c50ae4d4eed23f81b0e1211c5a/hive-common-0.13.1-cdh5.3.3.jar, file:/Users/hpatel/.gradle/caches/modules-2/files-2.1/org.apache.avro/avro/1.7.6-cdh5.3.3/6d90271293977d199ed07002bf35e2805405cc64/avro-1.7.6-cdh5.3.3.jar, file:/Users/hpatel/.gradle/caches/modules-2/files-2.1/net.sf.opencsv/opencsv/2.3/c23708cdb9e80a144db433e23344a788a1fd6599/opencsv-2.3.jar, file:/Users/hpatel/.gradle/caches/modules-2/files-2.1/com.sun.jersey/jersey-servlet/1.14/4b87041a59ee152757b62e47a21d5b63fde20ffe/jersey-servlet-1.14.jar, file:/Users/hpatel/.gradle/caches/modules-2/files-2.1/org.slf4j/slf4j-log4j12/1.7.5/6edffc576ce104ec769d954618764f39f0f0f10d/slf4j-log4j12-1.7.5.jar, file:/Users/hpatel/.gradle/caches/modules-2/files-2.1/org.apache.commons/commons-math3/3.1.1/6719d757a98ff24a83d9d727bef9cec83f59b6e1/commons-math3-3.1.1.jar, file:/Users/hpatel/.gradle/caches/modules-2/files-2.1/commons-io/commons-io/2.4/b1b6ea3b7e4aa4f492509a4952029cd8e48019ad/commons-io-2.4.jar, file:/Users/hpatel/.gradle/caches/modules-2/files-2.1/com.sun.jersey/jersey-json/1.9/1aa73e1896bcc7013fed247157d7f676226eb432/jersey-json-1.9.jar, file:/Users/hpatel/.gradle/caches/modules-2/files-2.1/log4j/log4j/1.2.17/5af35056b4d257e4b64b9e8069c0746e8b08629f/log4j-1.2.17.jar, file:/Users/hpatel/.gradle/caches/modules-2/files-2.1/com.google.code.gson/gson/2.2.4/a60a5e993c98c864010053cb901b7eab25306568/gson-2.2.4.jar, file:/Users/hpatel/.gradle/caches/modules-2/files-2.1/org.apache.hadoop/hadoop-auth/2.5.0-cdh5.3.3/847eb288da72acfdd7d202da5149dec6cd20ceba/hadoop-auth-2.5.0-cdh5.3.3.jar, file:/Users/hpatel/.gradle/caches/modules-2/files-2.1/com.jcraft/jsch/0.1.42/a86104b0f2e0c0bab5b0df836065823a99b5e334/jsch-0.1.42.jar, file:/Users/hpatel/.gradle/caches/modules-2/files-2.1/org.apache.curator/curator-client/2.6.0/b9007c357ad1a78066fc6004e8b1feaa2318f6f3/curator-client-2.6.0.jar, file:/Users/hpatel/.gradle/caches/modules-2/files-2.1/org.apache.curator/curator-recipes/2.6.0/8736b0fc42e6bf006d585fe85c90aaa4ade5cbef/curator-recipes-2.6.0.jar, file:/Users/hpatel/.gradle/caches/modules-2/files-2.1/com.google.code.findbugs/jsr305/1.3.9/40719ea6961c0cb6afaeb6a921eaa1f6afd4cfdf/jsr305-1.3.9.jar, file:/Users/hpatel/.gradle/caches/modules-2/files-2.1/org.apache.commons/commons-compress/1.4.1/b02e84a993d88568417536240e970c4b809126fd/commons-compress-1.4.1.jar, file:/Users/hpatel/.gradle/caches/modules-2/files-2.1/org.apache.hive.shims/hive-shims-common/0.13.1-cdh5.3.3/3d9e5245018fbde18f52c4ab25fc35afdec2fc0a/hive-shims-common-0.13.1-cdh5.3.3.jar, file:/Users/hpatel/.gradle/caches/modules-2/files-2.1/org.apache.hive.shims/hive-shims-common-secure/0.13.1-cdh5.3.3/6b29a16b2a41b89bdbbc681c257ad7f766a90bcb/hive-shims-common-secure-0.13.1-cdh5.3.3.jar, file:/Users/hpatel/.gradle/caches/modules-2/files-2.1/org.apache.hive.shims/hive-shims-0.23/0.13.1-cdh5.3.3/7ab834955a767af200d1d9151c204751637d9ca9/hive-shims-0.23-0.13.1-cdh5.3.3.jar, file:/Users/hpatel/.gradle/caches/modules-2/files-2.1/org.apache.hive.shims/hive-shims-scheduler/0.13.1-cdh5.3.3/b6644420b74f936a838f7f3fd2fa19c19add0449/hive-shims-scheduler-0.13.1-cdh5.3.3.jar, file:/Users/hpatel/.gradle/caches/modules-2/files-2.1/org.apache.hadoop/hadoop-mapreduce-client-common/2.5.0-cdh5.3.3/f0d777bb76ca9f540c0c81a45934f0f5cf9975b8/hadoop-mapreduce-client-common-2.5.0-cdh5.3.3.jar, file:/Users/hpatel/.gradle/caches/modules-2/files-2.1/org.apache.hadoop/hadoop-mapreduce-client-shuffle/2.5.0-cdh5.3.3/b6c4316f6fcc406edf7e5bd77c50e46034ad5519/hadoop-mapreduce-client-shuffle-2.5.0-cdh5.3.3.jar, file:/Users/hpatel/.gradle/caches/modules-2/files-2.1/org.apache.hadoop/hadoop-yarn-common/2.5.0-cdh5.3.3/9499713b674eae1aa714fcd0e95e0d09daaf3824/hadoop-yarn-common-2.5.0-cdh5.3.3.jar, file:/Users/hpatel/.gradle/caches/modules-2/files-2.1/com.fasterxml.jackson.core/jackson-databind/2.2.3/3ae380888029daefb91d3ecdca3a37d8cb92bc9/jackson-databind-2.2.3.jar, file:/Users/hpatel/.gradle/caches/modules-2/files-2.1/com.fasterxml.jackson.core/jackson-annotations/2.2.3/527fece4f23a457070a36c371a26d6c0208e1c3/jackson-annotations-2.2.3.jar, file:/Users/hpatel/.gradle/caches/modules-2/files-2.1/com.amazonaws/aws-java-sdk/1.7.4/2c24ccb6f1ab845a7df971951d4b41c709a6517d/aws-java-sdk-1.7.4.jar, file:/Users/hpatel/.gradle/caches/modules-2/files-2.1/commons-digester/commons-digester/1.8/dc6a73fdbd1fa3f0944e8497c6c872fa21dca37e/commons-digester-1.8.jar, file:/Users/hpatel/.gradle/caches/modules-2/files-2.1/commons-beanutils/commons-beanutils-core/1.8.0/175dc721f87e4bc5cc0573f990e28c3cf9117508/commons-beanutils-core-1.8.0.jar, file:/Users/hpatel/.gradle/caches/modules-2/files-2.1/xml-apis/xml-apis/1.0.b2/3136ca936f64c9d68529f048c2618bd356bf85c9/xml-apis-1.0.b2.jar, file:/Users/hpatel/.gradle/caches/modules-2/files-2.1/com.thoughtworks.paranamer/paranamer/2.3/4a85963a752c0a2f715c3924bfc686865e7e1bc6/paranamer-2.3.jar, file:/Users/hpatel/.gradle/caches/modules-2/files-2.1/org.xerial.snappy/snappy-java/1.0.5/10cb4550360a0ec6b80f09a5209d00b6058e82bf/snappy-java-1.0.5.jar, file:/Users/hpatel/.gradle/caches/modules-2/files-2.1/org.codehaus.jettison/jettison/1.1/1a01a2a1218fcf9faa2cc2a6ced025bdea687262/jettison-1.1.jar, file:/Users/hpatel/.gradle/caches/modules-2/files-2.1/com.sun.xml.bind/jaxb-impl/2.2.3-1/56baae106392040a45a06d4a41099173425da1e6/jaxb-impl-2.2.3-1.jar, file:/Users/hpatel/.gradle/caches/modules-2/files-2.1/org.apache.directory.server/apacheds-kerberos-codec/2.0.0-M15/1c16e4e477183641c5f0dd5cdecd27ec331bacb5/apacheds-kerberos-codec-2.0.0-M15.jar, file:/Users/hpatel/.gradle/caches/modules-2/files-2.1/org.apache.curator/curator-framework/2.6.0/81a699c39d127b5b4ff97cc77da7650b53e5b5ed/curator-framework-2.6.0.jar, file:/Users/hpatel/.gradle/caches/modules-2/files-2.1/org.tukaani/xz/1.0/ecff5cb8b1189514c9d1d8d68eb77ac372e000c9/xz-1.0.jar, file:/Users/hpatel/.gradle/caches/modules-2/files-2.1/org.apache.hadoop/hadoop-yarn-client/2.5.0-cdh5.3.3/2d2ce5d0138d02b20aefcfc1ee8dd6f691911f63/hadoop-yarn-client-2.5.0-cdh5.3.3.jar, file:/Users/hpatel/.gradle/caches/modules-2/files-2.1/org.apache.hadoop/hadoop-yarn-server-common/2.5.0-cdh5.3.3/d099fcc19f56d477fa6b5b47ae4e06bb97538778/hadoop-yarn-server-common-2.5.0-cdh5.3.3.jar, file:/Users/hpatel/.gradle/caches/modules-2/files-2.1/org.apache.hadoop/hadoop-yarn-server-nodemanager/2.5.0-cdh5.3.3/278b2d7a6454ce57a94ab02a88c0b188afc8facc/hadoop-yarn-server-nodemanager-2.5.0-cdh5.3.3.jar, file:/Users/hpatel/.gradle/caches/modules-2/files-2.1/org.fusesource.leveldbjni/leveldbjni-all/1.8/707350a2eeb1fa2ed77a32ddb3893ed308e941db/leveldbjni-all-1.8.jar, file:/Users/hpatel/.gradle/caches/modules-2/files-2.1/javax.xml.bind/jaxb-api/2.2.2/aeb3021ca93dde265796d82015beecdcff95bf09/jaxb-api-2.2.2.jar, file:/Users/hpatel/.gradle/caches/modules-2/files-2.1/com.google.inject/guice/3.0/9d84f15fe35e2c716a02979fb62f50a29f38aefa/guice-3.0.jar, file:/Users/hpatel/.gradle/caches/modules-2/files-2.1/com.sun.jersey.contribs/jersey-guice/1.9/5963c28c47df7e5d6ad34cec80c071c368777f7b/jersey-guice-1.9.jar, file:/Users/hpatel/.gradle/caches/modules-2/files-2.1/com.fasterxml.jackson.core/jackson-core/2.2.3/1a0113da2cab5f4c216b4e5e7c1dbfaa67087e14/jackson-core-2.2.3.jar, file:/Users/hpatel/.gradle/caches/modules-2/files-2.1/commons-beanutils/commons-beanutils/1.7.0/5675fd96b29656504b86029551973d60fb41339b/commons-beanutils-1.7.0.jar, file:/Users/hpatel/.gradle/caches/modules-2/files-2.1/org.apache.directory.server/apacheds-i18n/2.0.0-M15/71c61c84683152ec2a6a65f3f96fe534e304fa22/apacheds-i18n-2.0.0-M15.jar, file:/Users/hpatel/.gradle/caches/modules-2/files-2.1/org.apache.directory.api/api-asn1-api/1.0.0-M20/5e6486ffa3125ba44dc410ead166e1d6ba8ac76d/api-asn1-api-1.0.0-M20.jar, file:/Users/hpatel/.gradle/caches/modules-2/files-2.1/org.apache.directory.api/api-util/1.0.0-M20/a871abf060b3cf83fc6dc4d7e3d151fce50ac3cb/api-util-1.0.0-M20.jar, file:/Users/hpatel/.gradle/caches/modules-2/files-2.1/com.sun.jersey/jersey-client/1.9/d3c4b2b5f89db32c96ceddcb863684821910a7bb/jersey-client-1.9.jar, file:/Users/hpatel/.gradle/caches/modules-2/files-2.1/javax.xml.stream/stax-api/1.0-2/d6337b0de8b25e53e81b922352fbea9f9f57ba0b/stax-api-1.0-2.jar, file:/Users/hpatel/.gradle/caches/modules-2/files-2.1/javax.activation/activation/1.1/e6cb541461c2834bdea3eb920f1884d1eb508b50/activation-1.1.jar, file:/Users/hpatel/.gradle/caches/modules-2/files-2.1/javax.inject/javax.inject/1/6975da39a7040257bd51d21a231b76c915872d38/javax.inject-1.jar, file:/Users/hpatel/.gradle/caches/modules-2/files-2.1/aopalliance/aopalliance/1.0/235ba8b489512805ac13a8f9ea77a1ca5ebe3e8/aopalliance-1.0.jar, file:/Users/hpatel/.gradle/caches/modules-2/files-2.1/org.sonatype.sisu.inject/cglib/2.2.1-v20090111/7ce5e983fd0e6c78346f4c9cbfa39d83049dda2/cglib-2.2.1-v20090111.jar, file:/Users/hpatel/.gradle/caches/modules-2/files-2.1/asm/asm/3.1/c157def142714c544bdea2e6144645702adf7097/asm-3.1.jar, file:/Users/hpatel/.gradle/caches/modules-2/files-2.1/org.apache.hive/hive-service/0.13.1-cdh5.3.3/c7979b4213bfb62823d43ba726e0fea58032dd1e/hive-service-0.13.1-cdh5.3.3.jar, file:/Users/hpatel/.gradle/caches/modules-2/files-2.1/net.sf.jpam/jpam/1.1/cb3d91c2dfda767518a371dbb02edfd6a4aa0600/jpam-1.1.jar, file:/Users/hpatel/.gradle/caches/modules-2/files-2.1/org.eclipse.jetty.aggregate/jetty-all/7.6.0.v20120127/47bb68e3837e5c6422138dd1e0d4d75c60dce87a/jetty-all-7.6.0.v20120127.jar, file:/Users/hpatel/.gradle/caches/modules-2/files-2.1/org.apache.thrift/libfb303/0.9.0/639bd69767fdbd7f658ce8233248fe1cea635164/libfb303-0.9.0.jar, file:/Users/hpatel/.gradle/caches/modules-2/files-2.1/org.apache.geronimo.specs/geronimo-jta_1.1_spec/1.1.1/aabab3165b8ea936b9360abbf448459c0d04a5a4/geronimo-jta_1.1_spec-1.1.1.jar, file:/Users/hpatel/.gradle/caches/modules-2/files-2.1/javax.mail/mail/1.4.1/8b7bc69010655425dabf091b51d1e90b4de36715/mail-1.4.1.jar, file:/Users/hpatel/.gradle/caches/modules-2/files-2.1/org.apache.geronimo.specs/geronimo-jaspic_1.0_spec/1.0/44b95be7dae1147716dce5336419eafade880756/geronimo-jaspic_1.0_spec-1.0.jar, file:/Users/hpatel/.gradle/caches/modules-2/files-2.1/org.apache.geronimo.specs/geronimo-annotation_1.0_spec/1.1.1/47caa799389f69d297b86bf90523d431599c3796/geronimo-annotation_1.0_spec-1.1.1.jar, file:/Users/hpatel/.gradle/caches/modules-2/files-2.1/asm/asm-commons/3.1/1b607fbfe7889c6fdff1b7c16439ade0a60869ac/asm-commons-3.1.jar, file:/Users/hpatel/.gradle/caches/modules-2/files-2.1/asm/asm-tree/3.1/c9a5d4334ddf194ea492f22107d45119a5c5322f/asm-tree-3.1.jar, file:/Users/hpatel/.gradle/caches/modules-2/files-2.1/commons-lang/commons-lang/2.6/ce1edb914c94ebc388f086c6827e8bdeec71ac2/commons-lang-2.6.jar, file:/Users/hpatel/.gradle/caches/modules-2/files-2.1/org.mortbay.jetty/jetty/6.1.26.cloudera.4/d59325a5ff8ff18f7543bc3fbb9d5efa0c0ff521/jetty-6.1.26.cloudera.4.jar, file:/Users/hpatel/.gradle/caches/modules-2/files-2.1/org.mortbay.jetty/jetty-util/6.1.26.cloudera.4/b8507b7c5d3fd9a3d01775272cbf1a63f530c19d/jetty-util-6.1.26.cloudera.4.jar, file:/Users/hpatel/.gradle/caches/modules-2/files-2.1/net.java.dev.jets3t/jets3t/0.9.0/792bc96ee7e57b89f472aa0cb5a31015b9f59c96/jets3t-0.9.0.jar, file:/Users/hpatel/.gradle/caches/modules-2/files-2.1/com.jamesmurty.utils/java-xmlbuilder/0.4/ac5962e48cdee3a0a6e1f8e00fcb594747ac5aaf/java-xmlbuilder-0.4.jar, file:/Users/hpatel/.gradle/caches/modules-2/files-2.1/com.google.protobuf/protobuf-java/2.5.0/a10732c76bfacdbd633a7eb0f7968b1059a65dfa/protobuf-java-2.5.0.jar, file:/Users/hpatel/.gradle/caches/modules-2/files-2.1/org.apache.hive/hive-exec/0.13.1-cdh5.3.3/4d935274127f47dd9c0875efcf317ba49aef1219/hive-exec-0.13.1-cdh5.3.3.jar, file:/Users/hpatel/.gradle/caches/modules-2/files-2.1/org.apache.hive/hive-ant/0.13.1-cdh5.3.3/86954e92a903253177cd6935798c50a6c32b7b81/hive-ant-0.13.1-cdh5.3.3.jar, file:/Users/hpatel/.gradle/caches/modules-2/files-2.1/org.antlr/antlr-runtime/3.4/8f011408269a8e42b8548687e137d8eeb56df4b4/antlr-runtime-3.4.jar, file:/Users/hpatel/.gradle/caches/modules-2/files-2.1/org.antlr/ST4/4.0.4/467a2aa12be6d0f0f68c70eecf6714ab733027ac/ST4-4.0.4.jar, file:/Users/hpatel/.gradle/caches/modules-2/files-2.1/org.apache.ant/ant/1.9.1/35900c96dbebc85dcfbd71f4661059ebcf93c077/ant-1.9.1.jar, file:/Users/hpatel/.gradle/caches/modules-2/files-2.1/org.codehaus.groovy/groovy-all/2.1.6/165b8246372a829c1915611646f6d964010656cf/groovy-all-2.1.6.jar, file:/Users/hpatel/.gradle/caches/modules-2/files-2.1/stax/stax-api/1.0.1/49c100caf72d658aca8e58bd74a4ba90fa2b0d70/stax-api-1.0.1.jar, file:/Users/hpatel/.gradle/caches/modules-2/files-2.1/org.apache.velocity/velocity/1.5/9f306baf7523ffc0e81a6353d08a584d254133b/velocity-1.5.jar, file:/Users/hpatel/.gradle/caches/modules-2/files-2.1/org.antlr/stringtemplate/3.2.1/59ec8083721eae215c6f3caee944c410d2be34de/stringtemplate-3.2.1.jar, file:/Users/hpatel/.gradle/caches/modules-2/files-2.1/antlr/antlr/2.7.7/83cd2cd674a217ade95a4bb83a8a14f351f48bd0/antlr-2.7.7.jar, file:/Users/hpatel/.gradle/caches/modules-2/files-2.1/org.apache.ant/ant-launcher/1.9.1/7c71043ca185eaada9e36391dd022d92859327de/ant-launcher-1.9.1.jar, file:/Users/hpatel/.gradle/caches/modules-2/files-2.1/oro/oro/2.0.8/5592374f834645c4ae250f4c9fbb314c9369d698/oro-2.0.8.jar, file:/Users/hpatel/.gradle/caches/modules-2/files-2.1/org.codehaus.jackson/jackson-core-asl/1.9.13/3c304d70f42f832e0a86d45bd437f692129299a4/jackson-core-asl-1.9.13.jar, file:/Users/hpatel/.gradle/caches/modules-2/files-2.1/org.codehaus.jackson/jackson-mapper-asl/1.9.13/1ee2f2bed0e5dd29d1cb155a166e6f8d50bbddb7/jackson-mapper-asl-1.9.13.jar, file:/Users/hpatel/.gradle/caches/modules-2/files-2.1/org.slf4j/slf4j-api/1.7.6/562424e36df3d2327e8e9301a76027fca17d54ea/slf4j-api-1.7.6.jar, file:/Users/hpatel/.gradle/caches/modules-2/files-2.1/com.sun.jersey/jersey-server/1.14/b1a21724c9b708ed54d42d41bb19ff45ae1d49d9/jersey-server-1.14.jar, file:/Users/hpatel/.gradle/caches/modules-2/files-2.1/org.apache.httpcomponents/httpclient/4.2.5/666e26e76f2e87d84e4f16acb546481ae1b8e9a6/httpclient-4.2.5.jar, file:/Users/hpatel/.gradle/caches/modules-2/files-2.1/org.apache.zookeeper/zookeeper/3.4.6/1b2502e29da1ebaade2357cd1de35a855fa3755/zookeeper-3.4.6.jar, file:/Users/hpatel/.gradle/caches/modules-2/files-2.1/com.google.guava/guava/16.0.1/5fa98cd1a63c99a44dd8d3b77e4762b066a5d0c5/guava-16.0.1.jar, file:/Users/hpatel/.gradle/caches/modules-2/files-2.1/org.codehaus.jackson/jackson-jaxrs/1.8.8/71b16055388e9bd3991c3c3834e8e55098b789f1/jackson-jaxrs-1.8.8.jar, file:/Users/hpatel/.gradle/caches/modules-2/files-2.1/org.codehaus.jackson/jackson-xc/1.8.8/52efa08bc1e4cfea168f552b9e3088297d9d0926/jackson-xc-1.8.8.jar, file:/Users/hpatel/.gradle/caches/modules-2/files-2.1/org.apache.hive/hive-metastore/0.13.1-cdh5.3.3/ca93686a17f064a5ab6587799721cddd7836e53a/hive-metastore-0.13.1-cdh5.3.3.jar, file:/Users/hpatel/.gradle/caches/modules-2/files-2.1/com.jolbox/bonecp/0.8.0.RELEASE/cec24ee9345b3678472bb1b8fdd6aa6b9428beb8/bonecp-0.8.0.RELEASE.jar, file:/Users/hpatel/.gradle/caches/modules-2/files-2.1/org.apache.derby/derby/10.10.1.1/9f6f910f0373adc1b23c10f9b4bb151b7e7449f/derby-10.10.1.1.jar, file:/Users/hpatel/.gradle/caches/modules-2/files-2.1/javax.jdo/jdo-api/3.0.1/58e7a538e020b73871e232eeb064835fd98a492/jdo-api-3.0.1.jar, file:/Users/hpatel/.gradle/caches/modules-2/files-2.1/javax.transaction/jta/1.1/2ca09f0b36ca7d71b762e14ea2ff09d5eac57558/jta-1.1.jar, file:/Users/hpatel/.gradle/caches/modules-2/files-2.1/org.apache.thrift/libthrift/0.9.0/9ba8df332b5db95ce7f3b7a83e44d796c3d014d3/libthrift-0.9.0.jar, file:/Users/hpatel/.gradle/caches/modules-2/files-2.1/org.apache.httpcomponents/httpcore/4.2.4/3b7f38df6de5dd8b500e602ae8c2dd5ee446f883/httpcore-4.2.4.jar, file:/Users/hpatel/.gradle/caches/modules-2/files-2.1/com.sun.jersey/jersey-core/1.14/693061de8b9b352b11e997b1dd4052677778852d/jersey-core-1.14.jar, file:/Users/hpatel/.gradle/caches/modules-2/files-2.1/commons-codec/commons-codec/1.6/b7f0fc8f61ecadeb3695f0b9464755eee44374d4/commons-codec-1.6.jar, file:/Users/hpatel/.gradle/caches/modules-2/files-2.1/io.netty/netty/3.7.0.Final/7a8c35599c68c0bf383df74469aa3e03d9aca87/netty-3.7.0.Final.jar]
15/09/06 13:13:50 INFO ExecReducer: thread classpath = [file:/Users/hpatel/.gradle/caches/2.1/workerMain/gradle-worker.jar, file:/Users/hpatel/Tech/Projects/CAT/ddsw_dev/hive-test/build/classes/test/, file:/Users/hpatel/Tech/Projects/CAT/ddsw_dev/hive-test/build/resources/test/, file:/Users/hpatel/Tech/Projects/CAT/ddsw_dev/hive-test/build/classes/main/, file:/Users/hpatel/Tech/Projects/CAT/ddsw_dev/hive-test/build/resources/main, file:/Users/hpatel/.gradle/caches/modules-2/files-2.1/junit/junit/4.11/4e031bb61df09069aeb2bffb4019e7a5034a4ee0/junit-4.11.jar, file:/Users/hpatel/.gradle/caches/modules-2/files-2.1/com.klarna/hiverunner/1.0.0/e26bb0655fff4d88fab91f331793d9fc1db392cc/HiveRunner-1.0.0.jar, file:/Users/hpatel/Tech/Projects/CAT/ddsw_dev/custom-cat-udfs/build/libs/custom-cat-udfs-0.1.38-SNAPSHOT.jar, file:/Users/hpatel/.gradle/caches/modules-2/files-2.1/org.apache.hadoop/hadoop-client/2.5.0-cdh5.3.3/ec3cd6a8cb043e73a42918934c5d3a3f2747c78b/hadoop-client-2.5.0-cdh5.3.3.jar, file:/Users/hpatel/.gradle/caches/modules-2/files-2.1/org.hsqldb/hsqldb/2.3.1/bd7153caa30958e1c64a3dd38b93e5a7442d9a0e/hsqldb-2.3.1.jar, file:/Users/hpatel/.gradle/caches/modules-2/files-2.1/org.apache.hadoop/hadoop-core/2.5.0-mr1-cdh5.3.3/f6f4a77f818757da51ae0244310855779c04c4be/hadoop-core-2.5.0-mr1-cdh5.3.3.jar, file:/Users/hpatel/.gradle/caches/modules-2/files-2.1/org.reflections/reflections/0.9.8/f723abb59bf512952bfc503838f70f81487a6993/reflections-0.9.8.jar, file:/Users/hpatel/.gradle/caches/modules-2/files-2.1/org.mockito/mockito-core/1.10.19/e8546f5bef4e061d8dd73895b4e8f40e3fe6effe/mockito-core-1.10.19.jar, file:/Users/hpatel/.gradle/caches/modules-2/files-2.1/org.hamcrest/hamcrest-core/1.3/42a25dc3219429f0e5d060061f71acb49bf010a0/hamcrest-core-1.3.jar, file:/Users/hpatel/.gradle/caches/modules-2/files-2.1/org.pentaho/pentaho-aggdesigner-algorithm/5.1.5-jhyde/c52379c645c6c85300e645dff7c72653bf85baa2/pentaho-aggdesigner-algorithm-5.1.5-jhyde.jar, file:/Users/hpatel/.gradle/caches/modules-2/files-2.1/org.apache.hive/hive-serde/0.13.1-cdh5.3.3/9cee47c844d726e9bcef6ab292e1319b7fbddaa3/hive-serde-0.13.1-cdh5.3.3.jar, file:/Users/hpatel/.gradle/caches/modules-2/files-2.1/org.apache.hadoop/hadoop-common/2.5.0-cdh5.3.3/f0862eb1dc33c1807ea29a248af75551e3c6836a/hadoop-common-2.5.0-cdh5.3.3.jar, file:/Users/hpatel/.gradle/caches/modules-2/files-2.1/org.apache.hive/hive-contrib/0.13.1-cdh5.3.3/bf89b429c9b173ac275dc0c1623f5c30e780ee98/hive-contrib-0.13.1-cdh5.3.3.jar, file:/Users/hpatel/.gradle/caches/modules-2/files-2.1/org.datanucleus/datanucleus-core/3.2.12/3212183bb5a2826cd5ff194b9a54619dd0bdf31f/datanucleus-core-3.2.12.jar, file:/Users/hpatel/.gradle/caches/modules-2/files-2.1/org.datanucleus/datanucleus-rdbms/3.2.11/5b053144c89fdff1505b853aa7f1e5ba7657da75/datanucleus-rdbms-3.2.11.jar, file:/Users/hpatel/.gradle/caches/modules-2/files-2.1/org.datanucleus/datanucleus-api-jdo/3.2.8/efc60221fbc91e95cf5758b98c6c5531660696cb/datanucleus-api-jdo-3.2.8.jar, file:/Users/hpatel/.gradle/caches/modules-2/files-2.1/org.apache.hive/hive-shims/0.13.1-cdh5.3.3/47b029532c0b9d45526dcdd858823e6f9634ab81/hive-shims-0.13.1-cdh5.3.3.jar, file:/Users/hpatel/.gradle/caches/modules-2/files-2.1/org.apache.commons/commons-lang3/3.3.1/6738a2da2202ce360f0af90aba005c1e05a2c4cd/commons-lang3-3.3.1.jar, file:/Users/hpatel/.gradle/caches/modules-2/files-2.1/joda-time/joda-time/2.3/56498efd17752898cfcc3868c1b6211a07b12b8f/joda-time-2.3.jar, file:/Users/hpatel/.gradle/caches/modules-2/files-2.1/org.apache.hadoop/hadoop-hdfs/2.5.0-cdh5.3.3/5dd5e2be13d89a9eaab89d3a33bcdf6677671aa9/hadoop-hdfs-2.5.0-cdh5.3.3.jar, file:/Users/hpatel/.gradle/caches/modules-2/files-2.1/org.apache.hadoop/hadoop-mapreduce-client-app/2.5.0-cdh5.3.3/579948f8fa6d9d72bf507bd021fa3dcc0670e95f/hadoop-mapreduce-client-app-2.5.0-cdh5.3.3.jar, file:/Users/hpatel/.gradle/caches/modules-2/files-2.1/org.apache.hadoop/hadoop-yarn-api/2.5.0-cdh5.3.3/a6d9b4b7cbcacd000350a3e33c70269101b5fc79/hadoop-yarn-api-2.5.0-cdh5.3.3.jar, file:/Users/hpatel/.gradle/caches/modules-2/files-2.1/org.apache.hadoop/hadoop-mapreduce-client-core/2.5.0-cdh5.3.3/f2c8eaa2b8a5839a7781f04cf59c4d1abfefec9e/hadoop-mapreduce-client-core-2.5.0-cdh5.3.3.jar, file:/Users/hpatel/.gradle/caches/modules-2/files-2.1/org.apache.hadoop/hadoop-mapreduce-client-jobclient/2.5.0-cdh5.3.3/f8baecab9a91245a97e29e4867a7f5ae128ef8a9/hadoop-mapreduce-client-jobclient-2.5.0-cdh5.3.3.jar, file:/Users/hpatel/.gradle/caches/modules-2/files-2.1/org.apache.hadoop/hadoop-aws/2.5.0-cdh5.3.3/f712d9cf59c859914254bed5c87ee4e5a2204e78/hadoop-aws-2.5.0-cdh5.3.3.jar, file:/Users/hpatel/.gradle/caches/modules-2/files-2.1/org.apache.hadoop/hadoop-annotations/2.5.0-cdh5.3.3/e3b40743127d82ff7a6f263d00419368a46ce608/hadoop-annotations-2.5.0-cdh5.3.3.jar, file:/Users/hpatel/.gradle/caches/modules-2/files-2.1/commons-collections/commons-collections/3.2.1/761ea405b9b37ced573d2df0d1e3a4e0f9edc668/commons-collections-3.2.1.jar, file:/Users/hpatel/.gradle/caches/modules-2/files-2.1/commons-configuration/commons-configuration/1.6/32cadde23955d7681b0d94a2715846d20b425235/commons-configuration-1.6.jar, file:/Users/hpatel/.gradle/caches/modules-2/files-2.1/jline/jline/0.9.94/99a18e9a44834afdebc467294e1138364c207402/jline-0.9.94.jar, file:/Users/hpatel/.gradle/caches/modules-2/files-2.1/commons-cli/commons-cli/1.2/2bf96b7aa8b611c177d329452af1dc933e14501c/commons-cli-1.2.jar, file:/Users/hpatel/.gradle/caches/modules-2/files-2.1/xmlenc/xmlenc/0.52/d82554efbe65906d83b3d97bd7509289e9db561a/xmlenc-0.52.jar, file:/Users/hpatel/.gradle/caches/modules-2/files-2.1/commons-httpclient/commons-httpclient/3.1/964cd74171f427720480efdec40a7c7f6e58426a/commons-httpclient-3.1.jar, file:/Users/hpatel/.gradle/caches/modules-2/files-2.1/commons-net/commons-net/3.1/2298164a7c2484406f2aa5ac85b205d39019896f/commons-net-3.1.jar, file:/Users/hpatel/.gradle/caches/modules-2/files-2.1/tomcat/jasper-runtime/5.5.23/96ca5528a93ab47b001476b74320c644beb89dde/jasper-runtime-5.5.23.jar, file:/Users/hpatel/.gradle/caches/modules-2/files-2.1/tomcat/jasper-compiler/5.5.23/6d35bd7fb8c4fbc1f5401fb3678aa976d2e4c241/jasper-compiler-5.5.23.jar, file:/Users/hpatel/.gradle/caches/modules-2/files-2.1/javax.servlet.jsp/jsp-api/2.1/63f943103f250ef1f3a4d5e94d145a0f961f5316/jsp-api-2.1.jar, file:/Users/hpatel/.gradle/caches/modules-2/files-2.1/commons-el/commons-el/1.0/1df2c042b3f2de0124750241ac6c886dbfa2cc2c/commons-el-1.0.jar, file:/Users/hpatel/.gradle/caches/modules-2/files-2.1/javax.servlet/servlet-api/2.5/5959582d97d8b61f4d154ca9e495aafd16726e34/servlet-api-2.5.jar, file:/Users/hpatel/.gradle/caches/modules-2/files-2.1/hsqldb/hsqldb/1.8.0.10/7e9978fdb754bce5fcd5161133e7734ecb683036/hsqldb-1.8.0.10.jar, file:/Users/hpatel/.gradle/caches/modules-2/files-2.1/org.eclipse.jdt/core/3.1.1/88c83ce444cf46d02494da37c9fa1eebc9ce9cea/core-3.1.1.jar, file:/Users/hpatel/.gradle/caches/modules-2/files-2.1/javassist/javassist/3.12.1.GA/526633327faa61aee448a519e8a4d53ec3057885/javassist-3.12.1.GA.jar, file:/Users/hpatel/.gradle/caches/modules-2/files-2.1/dom4j/dom4j/1.6.1/5d3ccc056b6f056dbf0dddfdf43894b9065a8f94/dom4j-1.6.1.jar, file:/Users/hpatel/.gradle/caches/modules-2/files-2.1/org.objenesis/objenesis/2.1/87c0ea803b69252868d09308b4618f766f135a96/objenesis-2.1.jar, file:/Users/hpatel/.gradle/caches/modules-2/files-2.1/commons-logging/commons-logging/1.1.3/f6f66e966c70a83ffbdb6f17a0919eaf7c8aca7f/commons-logging-1.1.3.jar, file:/Users/hpatel/.gradle/caches/modules-2/files-2.1/org.apache.hive/hive-common/0.13.1-cdh5.3.3/e3fbf24d30a553c50ae4d4eed23f81b0e1211c5a/hive-common-0.13.1-cdh5.3.3.jar, file:/Users/hpatel/.gradle/caches/modules-2/files-2.1/org.apache.avro/avro/1.7.6-cdh5.3.3/6d90271293977d199ed07002bf35e2805405cc64/avro-1.7.6-cdh5.3.3.jar, file:/Users/hpatel/.gradle/caches/modules-2/files-2.1/net.sf.opencsv/opencsv/2.3/c23708cdb9e80a144db433e23344a788a1fd6599/opencsv-2.3.jar, file:/Users/hpatel/.gradle/caches/modules-2/files-2.1/com.sun.jersey/jersey-servlet/1.14/4b87041a59ee152757b62e47a21d5b63fde20ffe/jersey-servlet-1.14.jar, file:/Users/hpatel/.gradle/caches/modules-2/files-2.1/org.slf4j/slf4j-log4j12/1.7.5/6edffc576ce104ec769d954618764f39f0f0f10d/slf4j-log4j12-1.7.5.jar, file:/Users/hpatel/.gradle/caches/modules-2/files-2.1/org.apache.commons/commons-math3/3.1.1/6719d757a98ff24a83d9d727bef9cec83f59b6e1/commons-math3-3.1.1.jar, file:/Users/hpatel/.gradle/caches/modules-2/files-2.1/commons-io/commons-io/2.4/b1b6ea3b7e4aa4f492509a4952029cd8e48019ad/commons-io-2.4.jar, file:/Users/hpatel/.gradle/caches/modules-2/files-2.1/com.sun.jersey/jersey-json/1.9/1aa73e1896bcc7013fed247157d7f676226eb432/jersey-json-1.9.jar, file:/Users/hpatel/.gradle/caches/modules-2/files-2.1/log4j/log4j/1.2.17/5af35056b4d257e4b64b9e8069c0746e8b08629f/log4j-1.2.17.jar, file:/Users/hpatel/.gradle/caches/modules-2/files-2.1/com.google.code.gson/gson/2.2.4/a60a5e993c98c864010053cb901b7eab25306568/gson-2.2.4.jar, file:/Users/hpatel/.gradle/caches/modules-2/files-2.1/org.apache.hadoop/hadoop-auth/2.5.0-cdh5.3.3/847eb288da72acfdd7d202da5149dec6cd20ceba/hadoop-auth-2.5.0-cdh5.3.3.jar, file:/Users/hpatel/.gradle/caches/modules-2/files-2.1/com.jcraft/jsch/0.1.42/a86104b0f2e0c0bab5b0df836065823a99b5e334/jsch-0.1.42.jar, file:/Users/hpatel/.gradle/caches/modules-2/files-2.1/org.apache.curator/curator-client/2.6.0/b9007c357ad1a78066fc6004e8b1feaa2318f6f3/curator-client-2.6.0.jar, file:/Users/hpatel/.gradle/caches/modules-2/files-2.1/org.apache.curator/curator-recipes/2.6.0/8736b0fc42e6bf006d585fe85c90aaa4ade5cbef/curator-recipes-2.6.0.jar, file:/Users/hpatel/.gradle/caches/modules-2/files-2.1/com.google.code.findbugs/jsr305/1.3.9/40719ea6961c0cb6afaeb6a921eaa1f6afd4cfdf/jsr305-1.3.9.jar, file:/Users/hpatel/.gradle/caches/modules-2/files-2.1/org.apache.commons/commons-compress/1.4.1/b02e84a993d88568417536240e970c4b809126fd/commons-compress-1.4.1.jar, file:/Users/hpatel/.gradle/caches/modules-2/files-2.1/org.apache.hive.shims/hive-shims-common/0.13.1-cdh5.3.3/3d9e5245018fbde18f52c4ab25fc35afdec2fc0a/hive-shims-common-0.13.1-cdh5.3.3.jar, file:/Users/hpatel/.gradle/caches/modules-2/files-2.1/org.apache.hive.shims/hive-shims-common-secure/0.13.1-cdh5.3.3/6b29a16b2a41b89bdbbc681c257ad7f766a90bcb/hive-shims-common-secure-0.13.1-cdh5.3.3.jar, file:/Users/hpatel/.gradle/caches/modules-2/files-2.1/org.apache.hive.shims/hive-shims-0.23/0.13.1-cdh5.3.3/7ab834955a767af200d1d9151c204751637d9ca9/hive-shims-0.23-0.13.1-cdh5.3.3.jar, file:/Users/hpatel/.gradle/caches/modules-2/files-2.1/org.apache.hive.shims/hive-shims-scheduler/0.13.1-cdh5.3.3/b6644420b74f936a838f7f3fd2fa19c19add0449/hive-shims-scheduler-0.13.1-cdh5.3.3.jar, file:/Users/hpatel/.gradle/caches/modules-2/files-2.1/org.apache.hadoop/hadoop-mapreduce-client-common/2.5.0-cdh5.3.3/f0d777bb76ca9f540c0c81a45934f0f5cf9975b8/hadoop-mapreduce-client-common-2.5.0-cdh5.3.3.jar, file:/Users/hpatel/.gradle/caches/modules-2/files-2.1/org.apache.hadoop/hadoop-mapreduce-client-shuffle/2.5.0-cdh5.3.3/b6c4316f6fcc406edf7e5bd77c50e46034ad5519/hadoop-mapreduce-client-shuffle-2.5.0-cdh5.3.3.jar, file:/Users/hpatel/.gradle/caches/modules-2/files-2.1/org.apache.hadoop/hadoop-yarn-common/2.5.0-cdh5.3.3/9499713b674eae1aa714fcd0e95e0d09daaf3824/hadoop-yarn-common-2.5.0-cdh5.3.3.jar, file:/Users/hpatel/.gradle/caches/modules-2/files-2.1/com.fasterxml.jackson.core/jackson-databind/2.2.3/3ae380888029daefb91d3ecdca3a37d8cb92bc9/jackson-databind-2.2.3.jar, file:/Users/hpatel/.gradle/caches/modules-2/files-2.1/com.fasterxml.jackson.core/jackson-annotations/2.2.3/527fece4f23a457070a36c371a26d6c0208e1c3/jackson-annotations-2.2.3.jar, file:/Users/hpatel/.gradle/caches/modules-2/files-2.1/com.amazonaws/aws-java-sdk/1.7.4/2c24ccb6f1ab845a7df971951d4b41c709a6517d/aws-java-sdk-1.7.4.jar, file:/Users/hpatel/.gradle/caches/modules-2/files-2.1/commons-digester/commons-digester/1.8/dc6a73fdbd1fa3f0944e8497c6c872fa21dca37e/commons-digester-1.8.jar, file:/Users/hpatel/.gradle/caches/modules-2/files-2.1/commons-beanutils/commons-beanutils-core/1.8.0/175dc721f87e4bc5cc0573f990e28c3cf9117508/commons-beanutils-core-1.8.0.jar, file:/Users/hpatel/.gradle/caches/modules-2/files-2.1/xml-apis/xml-apis/1.0.b2/3136ca936f64c9d68529f048c2618bd356bf85c9/xml-apis-1.0.b2.jar, file:/Users/hpatel/.gradle/caches/modules-2/files-2.1/com.thoughtworks.paranamer/paranamer/2.3/4a85963a752c0a2f715c3924bfc686865e7e1bc6/paranamer-2.3.jar, file:/Users/hpatel/.gradle/caches/modules-2/files-2.1/org.xerial.snappy/snappy-java/1.0.5/10cb4550360a0ec6b80f09a5209d00b6058e82bf/snappy-java-1.0.5.jar, file:/Users/hpatel/.gradle/caches/modules-2/files-2.1/org.codehaus.jettison/jettison/1.1/1a01a2a1218fcf9faa2cc2a6ced025bdea687262/jettison-1.1.jar, file:/Users/hpatel/.gradle/caches/modules-2/files-2.1/com.sun.xml.bind/jaxb-impl/2.2.3-1/56baae106392040a45a06d4a41099173425da1e6/jaxb-impl-2.2.3-1.jar, file:/Users/hpatel/.gradle/caches/modules-2/files-2.1/org.apache.directory.server/apacheds-kerberos-codec/2.0.0-M15/1c16e4e477183641c5f0dd5cdecd27ec331bacb5/apacheds-kerberos-codec-2.0.0-M15.jar, file:/Users/hpatel/.gradle/caches/modules-2/files-2.1/org.apache.curator/curator-framework/2.6.0/81a699c39d127b5b4ff97cc77da7650b53e5b5ed/curator-framework-2.6.0.jar, file:/Users/hpatel/.gradle/caches/modules-2/files-2.1/org.tukaani/xz/1.0/ecff5cb8b1189514c9d1d8d68eb77ac372e000c9/xz-1.0.jar, file:/Users/hpatel/.gradle/caches/modules-2/files-2.1/org.apache.hadoop/hadoop-yarn-client/2.5.0-cdh5.3.3/2d2ce5d0138d02b20aefcfc1ee8dd6f691911f63/hadoop-yarn-client-2.5.0-cdh5.3.3.jar, file:/Users/hpatel/.gradle/caches/modules-2/files-2.1/org.apache.hadoop/hadoop-yarn-server-common/2.5.0-cdh5.3.3/d099fcc19f56d477fa6b5b47ae4e06bb97538778/hadoop-yarn-server-common-2.5.0-cdh5.3.3.jar, file:/Users/hpatel/.gradle/caches/modules-2/files-2.1/org.apache.hadoop/hadoop-yarn-server-nodemanager/2.5.0-cdh5.3.3/278b2d7a6454ce57a94ab02a88c0b188afc8facc/hadoop-yarn-server-nodemanager-2.5.0-cdh5.3.3.jar, file:/Users/hpatel/.gradle/caches/modules-2/files-2.1/org.fusesource.leveldbjni/leveldbjni-all/1.8/707350a2eeb1fa2ed77a32ddb3893ed308e941db/leveldbjni-all-1.8.jar, file:/Users/hpatel/.gradle/caches/modules-2/files-2.1/javax.xml.bind/jaxb-api/2.2.2/aeb3021ca93dde265796d82015beecdcff95bf09/jaxb-api-2.2.2.jar, file:/Users/hpatel/.gradle/caches/modules-2/files-2.1/com.google.inject/guice/3.0/9d84f15fe35e2c716a02979fb62f50a29f38aefa/guice-3.0.jar, file:/Users/hpatel/.gradle/caches/modules-2/files-2.1/com.sun.jersey.contribs/jersey-guice/1.9/5963c28c47df7e5d6ad34cec80c071c368777f7b/jersey-guice-1.9.jar, file:/Users/hpatel/.gradle/caches/modules-2/files-2.1/com.fasterxml.jackson.core/jackson-core/2.2.3/1a0113da2cab5f4c216b4e5e7c1dbfaa67087e14/jackson-core-2.2.3.jar, file:/Users/hpatel/.gradle/caches/modules-2/files-2.1/commons-beanutils/commons-beanutils/1.7.0/5675fd96b29656504b86029551973d60fb41339b/commons-beanutils-1.7.0.jar, file:/Users/hpatel/.gradle/caches/modules-2/files-2.1/org.apache.directory.server/apacheds-i18n/2.0.0-M15/71c61c84683152ec2a6a65f3f96fe534e304fa22/apacheds-i18n-2.0.0-M15.jar, file:/Users/hpatel/.gradle/caches/modules-2/files-2.1/org.apache.directory.api/api-asn1-api/1.0.0-M20/5e6486ffa3125ba44dc410ead166e1d6ba8ac76d/api-asn1-api-1.0.0-M20.jar, file:/Users/hpatel/.gradle/caches/modules-2/files-2.1/org.apache.directory.api/api-util/1.0.0-M20/a871abf060b3cf83fc6dc4d7e3d151fce50ac3cb/api-util-1.0.0-M20.jar, file:/Users/hpatel/.gradle/caches/modules-2/files-2.1/com.sun.jersey/jersey-client/1.9/d3c4b2b5f89db32c96ceddcb863684821910a7bb/jersey-client-1.9.jar, file:/Users/hpatel/.gradle/caches/modules-2/files-2.1/javax.xml.stream/stax-api/1.0-2/d6337b0de8b25e53e81b922352fbea9f9f57ba0b/stax-api-1.0-2.jar, file:/Users/hpatel/.gradle/caches/modules-2/files-2.1/javax.activation/activation/1.1/e6cb541461c2834bdea3eb920f1884d1eb508b50/activation-1.1.jar, file:/Users/hpatel/.gradle/caches/modules-2/files-2.1/javax.inject/javax.inject/1/6975da39a7040257bd51d21a231b76c915872d38/javax.inject-1.jar, file:/Users/hpatel/.gradle/caches/modules-2/files-2.1/aopalliance/aopalliance/1.0/235ba8b489512805ac13a8f9ea77a1ca5ebe3e8/aopalliance-1.0.jar, file:/Users/hpatel/.gradle/caches/modules-2/files-2.1/org.sonatype.sisu.inject/cglib/2.2.1-v20090111/7ce5e983fd0e6c78346f4c9cbfa39d83049dda2/cglib-2.2.1-v20090111.jar, file:/Users/hpatel/.gradle/caches/modules-2/files-2.1/asm/asm/3.1/c157def142714c544bdea2e6144645702adf7097/asm-3.1.jar, file:/Users/hpatel/.gradle/caches/modules-2/files-2.1/org.apache.hive/hive-service/0.13.1-cdh5.3.3/c7979b4213bfb62823d43ba726e0fea58032dd1e/hive-service-0.13.1-cdh5.3.3.jar, file:/Users/hpatel/.gradle/caches/modules-2/files-2.1/net.sf.jpam/jpam/1.1/cb3d91c2dfda767518a371dbb02edfd6a4aa0600/jpam-1.1.jar, file:/Users/hpatel/.gradle/caches/modules-2/files-2.1/org.eclipse.jetty.aggregate/jetty-all/7.6.0.v20120127/47bb68e3837e5c6422138dd1e0d4d75c60dce87a/jetty-all-7.6.0.v20120127.jar, file:/Users/hpatel/.gradle/caches/modules-2/files-2.1/org.apache.thrift/libfb303/0.9.0/639bd69767fdbd7f658ce8233248fe1cea635164/libfb303-0.9.0.jar, file:/Users/hpatel/.gradle/caches/modules-2/files-2.1/org.apache.geronimo.specs/geronimo-jta_1.1_spec/1.1.1/aabab3165b8ea936b9360abbf448459c0d04a5a4/geronimo-jta_1.1_spec-1.1.1.jar, file:/Users/hpatel/.gradle/caches/modules-2/files-2.1/javax.mail/mail/1.4.1/8b7bc69010655425dabf091b51d1e90b4de36715/mail-1.4.1.jar, file:/Users/hpatel/.gradle/caches/modules-2/files-2.1/org.apache.geronimo.specs/geronimo-jaspic_1.0_spec/1.0/44b95be7dae1147716dce5336419eafade880756/geronimo-jaspic_1.0_spec-1.0.jar, file:/Users/hpatel/.gradle/caches/modules-2/files-2.1/org.apache.geronimo.specs/geronimo-annotation_1.0_spec/1.1.1/47caa799389f69d297b86bf90523d431599c3796/geronimo-annotation_1.0_spec-1.1.1.jar, file:/Users/hpatel/.gradle/caches/modules-2/files-2.1/asm/asm-commons/3.1/1b607fbfe7889c6fdff1b7c16439ade0a60869ac/asm-commons-3.1.jar, file:/Users/hpatel/.gradle/caches/modules-2/files-2.1/asm/asm-tree/3.1/c9a5d4334ddf194ea492f22107d45119a5c5322f/asm-tree-3.1.jar, file:/Users/hpatel/.gradle/caches/modules-2/files-2.1/commons-lang/commons-lang/2.6/ce1edb914c94ebc388f086c6827e8bdeec71ac2/commons-lang-2.6.jar, file:/Users/hpatel/.gradle/caches/modules-2/files-2.1/org.mortbay.jetty/jetty/6.1.26.cloudera.4/d59325a5ff8ff18f7543bc3fbb9d5efa0c0ff521/jetty-6.1.26.cloudera.4.jar, file:/Users/hpatel/.gradle/caches/modules-2/files-2.1/org.mortbay.jetty/jetty-util/6.1.26.cloudera.4/b8507b7c5d3fd9a3d01775272cbf1a63f530c19d/jetty-util-6.1.26.cloudera.4.jar, file:/Users/hpatel/.gradle/caches/modules-2/files-2.1/net.java.dev.jets3t/jets3t/0.9.0/792bc96ee7e57b89f472aa0cb5a31015b9f59c96/jets3t-0.9.0.jar, file:/Users/hpatel/.gradle/caches/modules-2/files-2.1/com.jamesmurty.utils/java-xmlbuilder/0.4/ac5962e48cdee3a0a6e1f8e00fcb594747ac5aaf/java-xmlbuilder-0.4.jar, file:/Users/hpatel/.gradle/caches/modules-2/files-2.1/com.google.protobuf/protobuf-java/2.5.0/a10732c76bfacdbd633a7eb0f7968b1059a65dfa/protobuf-java-2.5.0.jar, file:/Users/hpatel/.gradle/caches/modules-2/files-2.1/org.apache.hive/hive-exec/0.13.1-cdh5.3.3/4d935274127f47dd9c0875efcf317ba49aef1219/hive-exec-0.13.1-cdh5.3.3.jar, file:/Users/hpatel/.gradle/caches/modules-2/files-2.1/org.apache.hive/hive-ant/0.13.1-cdh5.3.3/86954e92a903253177cd6935798c50a6c32b7b81/hive-ant-0.13.1-cdh5.3.3.jar, file:/Users/hpatel/.gradle/caches/modules-2/files-2.1/org.antlr/antlr-runtime/3.4/8f011408269a8e42b8548687e137d8eeb56df4b4/antlr-runtime-3.4.jar, file:/Users/hpatel/.gradle/caches/modules-2/files-2.1/org.antlr/ST4/4.0.4/467a2aa12be6d0f0f68c70eecf6714ab733027ac/ST4-4.0.4.jar, file:/Users/hpatel/.gradle/caches/modules-2/files-2.1/org.apache.ant/ant/1.9.1/35900c96dbebc85dcfbd71f4661059ebcf93c077/ant-1.9.1.jar, file:/Users/hpatel/.gradle/caches/modules-2/files-2.1/org.codehaus.groovy/groovy-all/2.1.6/165b8246372a829c1915611646f6d964010656cf/groovy-all-2.1.6.jar, file:/Users/hpatel/.gradle/caches/modules-2/files-2.1/stax/stax-api/1.0.1/49c100caf72d658aca8e58bd74a4ba90fa2b0d70/stax-api-1.0.1.jar, file:/Users/hpatel/.gradle/caches/modules-2/files-2.1/org.apache.velocity/velocity/1.5/9f306baf7523ffc0e81a6353d08a584d254133b/velocity-1.5.jar, file:/Users/hpatel/.gradle/caches/modules-2/files-2.1/org.antlr/stringtemplate/3.2.1/59ec8083721eae215c6f3caee944c410d2be34de/stringtemplate-3.2.1.jar, file:/Users/hpatel/.gradle/caches/modules-2/files-2.1/antlr/antlr/2.7.7/83cd2cd674a217ade95a4bb83a8a14f351f48bd0/antlr-2.7.7.jar, file:/Users/hpatel/.gradle/caches/modules-2/files-2.1/org.apache.ant/ant-launcher/1.9.1/7c71043ca185eaada9e36391dd022d92859327de/ant-launcher-1.9.1.jar, file:/Users/hpatel/.gradle/caches/modules-2/files-2.1/oro/oro/2.0.8/5592374f834645c4ae250f4c9fbb314c9369d698/oro-2.0.8.jar, file:/Users/hpatel/.gradle/caches/modules-2/files-2.1/org.codehaus.jackson/jackson-core-asl/1.9.13/3c304d70f42f832e0a86d45bd437f692129299a4/jackson-core-asl-1.9.13.jar, file:/Users/hpatel/.gradle/caches/modules-2/files-2.1/org.codehaus.jackson/jackson-mapper-asl/1.9.13/1ee2f2bed0e5dd29d1cb155a166e6f8d50bbddb7/jackson-mapper-asl-1.9.13.jar, file:/Users/hpatel/.gradle/caches/modules-2/files-2.1/org.slf4j/slf4j-api/1.7.6/562424e36df3d2327e8e9301a76027fca17d54ea/slf4j-api-1.7.6.jar, file:/Users/hpatel/.gradle/caches/modules-2/files-2.1/com.sun.jersey/jersey-server/1.14/b1a21724c9b708ed54d42d41bb19ff45ae1d49d9/jersey-server-1.14.jar, file:/Users/hpatel/.gradle/caches/modules-2/files-2.1/org.apache.httpcomponents/httpclient/4.2.5/666e26e76f2e87d84e4f16acb546481ae1b8e9a6/httpclient-4.2.5.jar, file:/Users/hpatel/.gradle/caches/modules-2/files-2.1/org.apache.zookeeper/zookeeper/3.4.6/1b2502e29da1ebaade2357cd1de35a855fa3755/zookeeper-3.4.6.jar, file:/Users/hpatel/.gradle/caches/modules-2/files-2.1/com.google.guava/guava/16.0.1/5fa98cd1a63c99a44dd8d3b77e4762b066a5d0c5/guava-16.0.1.jar, file:/Users/hpatel/.gradle/caches/modules-2/files-2.1/org.codehaus.jackson/jackson-jaxrs/1.8.8/71b16055388e9bd3991c3c3834e8e55098b789f1/jackson-jaxrs-1.8.8.jar, file:/Users/hpatel/.gradle/caches/modules-2/files-2.1/org.codehaus.jackson/jackson-xc/1.8.8/52efa08bc1e4cfea168f552b9e3088297d9d0926/jackson-xc-1.8.8.jar, file:/Users/hpatel/.gradle/caches/modules-2/files-2.1/org.apache.hive/hive-metastore/0.13.1-cdh5.3.3/ca93686a17f064a5ab6587799721cddd7836e53a/hive-metastore-0.13.1-cdh5.3.3.jar, file:/Users/hpatel/.gradle/caches/modules-2/files-2.1/com.jolbox/bonecp/0.8.0.RELEASE/cec24ee9345b3678472bb1b8fdd6aa6b9428beb8/bonecp-0.8.0.RELEASE.jar, file:/Users/hpatel/.gradle/caches/modules-2/files-2.1/org.apache.derby/derby/10.10.1.1/9f6f910f0373adc1b23c10f9b4bb151b7e7449f/derby-10.10.1.1.jar, file:/Users/hpatel/.gradle/caches/modules-2/files-2.1/javax.jdo/jdo-api/3.0.1/58e7a538e020b73871e232eeb064835fd98a492/jdo-api-3.0.1.jar, file:/Users/hpatel/.gradle/caches/modules-2/files-2.1/javax.transaction/jta/1.1/2ca09f0b36ca7d71b762e14ea2ff09d5eac57558/jta-1.1.jar, file:/Users/hpatel/.gradle/caches/modules-2/files-2.1/org.apache.thrift/libthrift/0.9.0/9ba8df332b5db95ce7f3b7a83e44d796c3d014d3/libthrift-0.9.0.jar, file:/Users/hpatel/.gradle/caches/modules-2/files-2.1/org.apache.httpcomponents/httpcore/4.2.4/3b7f38df6de5dd8b500e602ae8c2dd5ee446f883/httpcore-4.2.4.jar, file:/Users/hpatel/.gradle/caches/modules-2/files-2.1/com.sun.jersey/jersey-core/1.14/693061de8b9b352b11e997b1dd4052677778852d/jersey-core-1.14.jar, file:/Users/hpatel/.gradle/caches/modules-2/files-2.1/commons-codec/commons-codec/1.6/b7f0fc8f61ecadeb3695f0b9464755eee44374d4/commons-codec-1.6.jar, file:/Users/hpatel/.gradle/caches/modules-2/files-2.1/io.netty/netty/3.7.0.Final/7a8c35599c68c0bf383df74469aa3e03d9aca87/netty-3.7.0.Final.jar]
15/09/06 13:13:50 INFO mr.ObjectCache: Ignoring retrieval request: __REDUCE_PLAN__
15/09/06 13:13:50 INFO log.PerfLogger: <PERFLOG method=deserializePlan from=org.apache.hadoop.hive.ql.exec.Utilities>
15/09/06 13:13:50 INFO exec.Utilities: Deserializing ReduceWork via kryo
15/09/06 13:13:50 INFO log.PerfLogger: </PERFLOG method=deserializePlan start=1441563230961 end=1441563230971 duration=10 from=org.apache.hadoop.hive.ql.exec.Utilities>
15/09/06 13:13:50 INFO mr.ObjectCache: Ignoring cache key: __REDUCE_PLAN__
15/09/06 13:13:50 INFO ExecReducer: 
<GBY>Id =133
  <Children>
    <SEL>Id =134
      <Children>
        <FS>Id =135
          <Children>
          <\Children>
          <Parent>Id = 134 null<\Parent>
        <\FS>
      <\Children>
      <Parent>Id = 133 null<\Parent>
    <\SEL>
  <\Children>
  <Parent><\Parent>
<\GBY>
15/09/06 13:13:50 INFO exec.GroupByOperator: Initializing Self 133 GBY
15/09/06 13:13:50 INFO exec.GroupByOperator: Operator 133 GBY initialized
15/09/06 13:13:50 INFO exec.GroupByOperator: Initializing children of 133 GBY
15/09/06 13:13:50 INFO exec.SelectOperator: Initializing child 134 SEL
15/09/06 13:13:50 INFO exec.SelectOperator: Initializing Self 134 SEL
15/09/06 13:13:50 INFO exec.SelectOperator: SELECT struct<_col0:bigint>
15/09/06 13:13:50 INFO exec.SelectOperator: Operator 134 SEL initialized
15/09/06 13:13:50 INFO exec.SelectOperator: Initializing children of 134 SEL
15/09/06 13:13:50 INFO exec.FileSinkOperator: Initializing child 135 FS
15/09/06 13:13:50 INFO exec.FileSinkOperator: Initializing Self 135 FS
15/09/06 13:13:50 INFO exec.FileSinkOperator: Operator 135 FS initialized
15/09/06 13:13:50 INFO exec.FileSinkOperator: Initialization Done 135 FS
15/09/06 13:13:50 INFO exec.SelectOperator: Initialization Done 134 SEL
15/09/06 13:13:50 INFO exec.GroupByOperator: Initialization Done 133 GBY
15/09/06 13:13:50 INFO ExecReducer: ExecReducer: processing 1 rows: used memory = 741768056
15/09/06 13:13:50 INFO ExecReducer: ExecReducer: processed 1 rows: used memory = 741768056
15/09/06 13:13:50 INFO exec.GroupByOperator: 133 finished. closing... 
15/09/06 13:13:50 INFO exec.FileSinkOperator: Final Path: FS file:/var/folders/y7/4_pz5fzx54ngcmghz3v6t3m00000gn/T/junit8690338365344900462/scratchdir/hive_2015-09-06_13-13-50_648_4773574331209546989-1/-mr-10000/.hive-staging_hive_2015-09-06_13-13-50_648_4773574331209546989-1/_tmp.-ext-10001/000000_0
15/09/06 13:13:50 INFO exec.FileSinkOperator: Writing to temp file: FS file:/var/folders/y7/4_pz5fzx54ngcmghz3v6t3m00000gn/T/junit8690338365344900462/scratchdir/hive_2015-09-06_13-13-50_648_4773574331209546989-1/-mr-10000/.hive-staging_hive_2015-09-06_13-13-50_648_4773574331209546989-1/_task_tmp.-ext-10001/_tmp.000000_0
15/09/06 13:13:50 INFO exec.FileSinkOperator: New Final Path: FS file:/var/folders/y7/4_pz5fzx54ngcmghz3v6t3m00000gn/T/junit8690338365344900462/scratchdir/hive_2015-09-06_13-13-50_648_4773574331209546989-1/-mr-10000/.hive-staging_hive_2015-09-06_13-13-50_648_4773574331209546989-1/_tmp.-ext-10001/000000_0
15/09/06 13:13:50 INFO exec.SelectOperator: 134 finished. closing... 
15/09/06 13:13:50 INFO exec.FileSinkOperator: 135 finished. closing... 
15/09/06 13:13:50 INFO exec.FileSinkOperator: FS[135]: records written - 1
15/09/06 13:13:50 INFO exec.FileSinkOperator: RECORDS_OUT_0:1
15/09/06 13:13:50 INFO exec.FileSinkOperator: 135 Close done
15/09/06 13:13:50 INFO exec.SelectOperator: 134 Close done
15/09/06 13:13:50 INFO exec.GroupByOperator: 133 Close done
15/09/06 13:13:50 INFO mapred.Task: Task:attempt_local595186156_0009_r_000000_0 is done. And is in the process of commiting
15/09/06 13:13:50 INFO mapred.LocalJobRunner: reduce > reduce
15/09/06 13:13:50 INFO mapred.Task: Task 'attempt_local595186156_0009_r_000000_0' done.
2015-09-06 13:13:50,984 Stage-1 map = 100%,  reduce = 100%
15/09/06 13:13:50 INFO exec.Task: 2015-09-06 13:13:50,984 Stage-1 map = 100%,  reduce = 100%
Ended Job = job_local595186156_0009
15/09/06 13:13:50 INFO exec.Task: Ended Job = job_local595186156_0009
15/09/06 13:13:50 INFO exec.FileSinkOperator: Moving tmp dir: file:/var/folders/y7/4_pz5fzx54ngcmghz3v6t3m00000gn/T/junit8690338365344900462/scratchdir/hive_2015-09-06_13-13-50_648_4773574331209546989-1/-mr-10000/.hive-staging_hive_2015-09-06_13-13-50_648_4773574331209546989-1/_tmp.-ext-10001 to: file:/var/folders/y7/4_pz5fzx54ngcmghz3v6t3m00000gn/T/junit8690338365344900462/scratchdir/hive_2015-09-06_13-13-50_648_4773574331209546989-1/-mr-10000/.hive-staging_hive_2015-09-06_13-13-50_648_4773574331209546989-1/-ext-10001
15/09/06 13:13:50 INFO log.PerfLogger: </PERFLOG method=runTasks start=1441563230725 end=1441563230985 duration=260 from=org.apache.hadoop.hive.ql.Driver>
15/09/06 13:13:50 INFO log.PerfLogger: </PERFLOG method=Driver.execute start=1441563230724 end=1441563230986 duration=262 from=org.apache.hadoop.hive.ql.Driver>
MapReduce Jobs Launched: 
15/09/06 13:13:50 INFO ql.Driver: MapReduce Jobs Launched: 
Stage-Stage-1:  HDFS Read: 0 HDFS Write: 0 SUCCESS
15/09/06 13:13:50 INFO ql.Driver: Stage-Stage-1:  HDFS Read: 0 HDFS Write: 0 SUCCESS
Total MapReduce CPU Time Spent: 0 msec
15/09/06 13:13:50 INFO ql.Driver: Total MapReduce CPU Time Spent: 0 msec
OK
15/09/06 13:13:50 INFO ql.Driver: OK
15/09/06 13:13:50 INFO log.PerfLogger: <PERFLOG method=releaseLocks from=org.apache.hadoop.hive.ql.Driver>
15/09/06 13:13:50 INFO log.PerfLogger: </PERFLOG method=releaseLocks start=1441563230986 end=1441563230986 duration=0 from=org.apache.hadoop.hive.ql.Driver>
15/09/06 13:13:50 INFO log.PerfLogger: </PERFLOG method=Driver.run start=1441563230648 end=1441563230986 duration=338 from=org.apache.hadoop.hive.ql.Driver>
15/09/06 13:13:50 INFO mapred.FileInputFormat: Total input paths to process : 1
15/09/06 13:13:50 INFO service.HiveServer: Running the query: USE default
15/09/06 13:13:50 INFO exec.ListSinkOperator: 131 finished. closing... 
15/09/06 13:13:50 INFO exec.ListSinkOperator: 131 Close done
15/09/06 13:13:50 INFO log.PerfLogger: <PERFLOG method=Driver.run from=org.apache.hadoop.hive.ql.Driver>
15/09/06 13:13:50 INFO log.PerfLogger: <PERFLOG method=TimeToSubmit from=org.apache.hadoop.hive.ql.Driver>
15/09/06 13:13:50 INFO ql.Driver: Concurrency mode is disabled, not creating a lock manager
15/09/06 13:13:50 INFO log.PerfLogger: <PERFLOG method=compile from=org.apache.hadoop.hive.ql.Driver>
15/09/06 13:13:50 INFO log.PerfLogger: <PERFLOG method=parse from=org.apache.hadoop.hive.ql.Driver>
15/09/06 13:13:50 INFO parse.ParseDriver: Parsing command: USE default
15/09/06 13:13:50 INFO parse.ParseDriver: Parse Completed
15/09/06 13:13:50 INFO log.PerfLogger: </PERFLOG method=parse start=1441563230990 end=1441563230990 duration=0 from=org.apache.hadoop.hive.ql.Driver>
15/09/06 13:13:50 INFO log.PerfLogger: <PERFLOG method=semanticAnalyze from=org.apache.hadoop.hive.ql.Driver>
15/09/06 13:13:50 INFO ql.Driver: Semantic Analysis Completed
15/09/06 13:13:50 INFO log.PerfLogger: </PERFLOG method=semanticAnalyze start=1441563230990 end=1441563230990 duration=0 from=org.apache.hadoop.hive.ql.Driver>
15/09/06 13:13:50 INFO ql.Driver: Returning Hive schema: Schema(fieldSchemas:null, properties:null)
15/09/06 13:13:50 INFO log.PerfLogger: </PERFLOG method=compile start=1441563230989 end=1441563230990 duration=1 from=org.apache.hadoop.hive.ql.Driver>
15/09/06 13:13:50 INFO log.PerfLogger: <PERFLOG method=Driver.execute from=org.apache.hadoop.hive.ql.Driver>
15/09/06 13:13:50 INFO ql.Driver: Starting command: USE default
15/09/06 13:13:50 INFO log.PerfLogger: </PERFLOG method=TimeToSubmit start=1441563230989 end=1441563230991 duration=2 from=org.apache.hadoop.hive.ql.Driver>
15/09/06 13:13:50 INFO log.PerfLogger: <PERFLOG method=runTasks from=org.apache.hadoop.hive.ql.Driver>
15/09/06 13:13:50 INFO log.PerfLogger: <PERFLOG method=task.DDL.Stage-0 from=org.apache.hadoop.hive.ql.Driver>
15/09/06 13:13:50 INFO metastore.HiveMetaStore: 0: get_database: default
15/09/06 13:13:50 INFO HiveMetaStore.audit: ugi=hpatel	ip=unknown-ip-addr	cmd=get_database: default	
15/09/06 13:13:50 INFO metastore.HiveMetaStore: 0: get_database: default
15/09/06 13:13:50 INFO HiveMetaStore.audit: ugi=hpatel	ip=unknown-ip-addr	cmd=get_database: default	
15/09/06 13:13:50 INFO log.PerfLogger: </PERFLOG method=runTasks start=1441563230991 end=1441563230994 duration=3 from=org.apache.hadoop.hive.ql.Driver>
15/09/06 13:13:50 INFO log.PerfLogger: </PERFLOG method=Driver.execute start=1441563230990 end=1441563230994 duration=4 from=org.apache.hadoop.hive.ql.Driver>
OK
15/09/06 13:13:50 INFO ql.Driver: OK
15/09/06 13:13:50 INFO log.PerfLogger: <PERFLOG method=releaseLocks from=org.apache.hadoop.hive.ql.Driver>
15/09/06 13:13:50 INFO log.PerfLogger: </PERFLOG method=releaseLocks start=1441563230994 end=1441563230994 duration=0 from=org.apache.hadoop.hive.ql.Driver>
15/09/06 13:13:50 INFO log.PerfLogger: </PERFLOG method=Driver.run start=1441563230989 end=1441563230994 duration=5 from=org.apache.hadoop.hive.ql.Driver>
15/09/06 13:13:50 INFO metastore.HiveMetaStore: 0: Shutting down the object store...
15/09/06 13:13:50 INFO HiveMetaStore.audit: ugi=hpatel	ip=unknown-ip-addr	cmd=Shutting down the object store...	
15/09/06 13:13:50 INFO metastore.HiveMetaStore: 0: Metastore shutdown complete.
15/09/06 13:13:50 INFO HiveMetaStore.audit: ugi=hpatel	ip=unknown-ip-addr	cmd=Metastore shutdown complete.	
15/09/06 13:13:50 INFO hiverunner.HiveServerContainer: Tore down HiveServer instance
15/09/06 13:13:51 INFO metastore.HiveMetaStore: 0: Opening raw store with implemenation class:org.apache.hadoop.hive.metastore.ObjectStore
15/09/06 13:13:51 INFO metastore.ObjectStore: ObjectStore, initialize called
15/09/06 13:13:51 INFO DataNucleus.Persistence: Property datanucleus.cache.level2 unknown - will be ignored
15/09/06 13:13:51 INFO DataNucleus.Persistence: Property hive.metastore.integral.jdo.pushdown unknown - will be ignored
15/09/06 13:13:51 INFO metastore.ObjectStore: Setting MetaStore object pin classes with hive.metastore.cache.pinobjtypes="Table,StorageDescriptor,SerDeInfo,Partition,Database,Type,FieldSchema,Order"
15/09/06 13:13:51 INFO metastore.MetaStoreDirectSql: MySQL check failed, assuming we are not on mysql: unknown token: 
15/09/06 13:13:51 INFO DataNucleus.Datastore: The class "org.apache.hadoop.hive.metastore.model.MFieldSchema" is tagged as "embedded-only" so does not have its own datastore table.
15/09/06 13:13:51 INFO DataNucleus.Datastore: The class "org.apache.hadoop.hive.metastore.model.MOrder" is tagged as "embedded-only" so does not have its own datastore table.
15/09/06 13:13:51 INFO DataNucleus.Datastore: The class "org.apache.hadoop.hive.metastore.model.MFieldSchema" is tagged as "embedded-only" so does not have its own datastore table.
15/09/06 13:13:51 INFO DataNucleus.Datastore: The class "org.apache.hadoop.hive.metastore.model.MOrder" is tagged as "embedded-only" so does not have its own datastore table.
15/09/06 13:13:51 INFO metastore.ObjectStore: Initialized ObjectStore
15/09/06 13:13:51 INFO metastore.HiveMetaStore: No user is added in admin role, since config is empty
15/09/06 13:13:51 INFO metastore.HiveMetaStore: 0: Shutting down the object store...
15/09/06 13:13:51 INFO HiveMetaStore.audit: ugi=hpatel	ip=unknown-ip-addr	cmd=Shutting down the object store...	
15/09/06 13:13:51 INFO metastore.HiveMetaStore: 0: Metastore shutdown complete.
15/09/06 13:13:51 INFO HiveMetaStore.audit: ugi=hpatel	ip=unknown-ip-addr	cmd=Metastore shutdown complete.	
15/09/06 13:13:51 INFO metastore.HiveMetaStore: No user is added in admin role, since config is empty
15/09/06 13:13:51 INFO session.SessionState: No Tez session required at this point. hive.execution.engine=mr.
15/09/06 13:13:51 INFO service.HiveServer: Putting temp output to file /var/folders/y7/4_pz5fzx54ngcmghz3v6t3m00000gn/T/junit5910417261063589903/localscratchdir/04eac678-7a22-4807-a571-fd83aa47da806809867040091406140.pipeout
15/09/06 13:13:51 INFO service.HiveServer: Running the query: SHOW TABLES
15/09/06 13:13:51 INFO log.PerfLogger: <PERFLOG method=Driver.run from=org.apache.hadoop.hive.ql.Driver>
15/09/06 13:13:51 INFO log.PerfLogger: <PERFLOG method=TimeToSubmit from=org.apache.hadoop.hive.ql.Driver>
15/09/06 13:13:51 INFO ql.Driver: Concurrency mode is disabled, not creating a lock manager
15/09/06 13:13:51 INFO log.PerfLogger: <PERFLOG method=compile from=org.apache.hadoop.hive.ql.Driver>
15/09/06 13:13:51 INFO log.PerfLogger: <PERFLOG method=parse from=org.apache.hadoop.hive.ql.Driver>
15/09/06 13:13:51 INFO parse.ParseDriver: Parsing command: SHOW TABLES
15/09/06 13:13:51 INFO parse.ParseDriver: Parse Completed
15/09/06 13:13:51 INFO log.PerfLogger: </PERFLOG method=parse start=1441563231265 end=1441563231266 duration=1 from=org.apache.hadoop.hive.ql.Driver>
15/09/06 13:13:51 INFO log.PerfLogger: <PERFLOG method=semanticAnalyze from=org.apache.hadoop.hive.ql.Driver>
15/09/06 13:13:51 INFO ql.Driver: Semantic Analysis Completed
15/09/06 13:13:51 INFO log.PerfLogger: </PERFLOG method=semanticAnalyze start=1441563231266 end=1441563231270 duration=4 from=org.apache.hadoop.hive.ql.Driver>
15/09/06 13:13:51 INFO exec.ListSinkOperator: Initializing Self 140 OP
15/09/06 13:13:51 INFO exec.ListSinkOperator: Operator 140 OP initialized
15/09/06 13:13:51 INFO exec.ListSinkOperator: Initialization Done 140 OP
15/09/06 13:13:51 INFO ql.Driver: Returning Hive schema: Schema(fieldSchemas:[FieldSchema(name:tab_name, type:string, comment:from deserializer)], properties:null)
15/09/06 13:13:51 INFO log.PerfLogger: </PERFLOG method=compile start=1441563231265 end=1441563231271 duration=6 from=org.apache.hadoop.hive.ql.Driver>
15/09/06 13:13:51 INFO log.PerfLogger: <PERFLOG method=Driver.execute from=org.apache.hadoop.hive.ql.Driver>
15/09/06 13:13:51 INFO ql.Driver: Starting command: SHOW TABLES
15/09/06 13:13:51 INFO log.PerfLogger: </PERFLOG method=TimeToSubmit start=1441563231265 end=1441563231271 duration=6 from=org.apache.hadoop.hive.ql.Driver>
15/09/06 13:13:51 INFO log.PerfLogger: <PERFLOG method=runTasks from=org.apache.hadoop.hive.ql.Driver>
15/09/06 13:13:51 INFO log.PerfLogger: <PERFLOG method=task.DDL.Stage-0 from=org.apache.hadoop.hive.ql.Driver>
15/09/06 13:13:51 INFO metastore.HiveMetaStore: 0: get_database: default
15/09/06 13:13:51 INFO HiveMetaStore.audit: ugi=hpatel	ip=unknown-ip-addr	cmd=get_database: default	
15/09/06 13:13:51 INFO metastore.HiveMetaStore: 0: Opening raw store with implemenation class:org.apache.hadoop.hive.metastore.ObjectStore
15/09/06 13:13:51 INFO metastore.ObjectStore: ObjectStore, initialize called
15/09/06 13:13:51 INFO metastore.MetaStoreDirectSql: MySQL check failed, assuming we are not on mysql: unknown token: 
15/09/06 13:13:51 INFO DataNucleus.Query: Reading in results for query "org.datanucleus.store.rdbms.query.SQLQuery@0" since the connection used is closing
15/09/06 13:13:51 INFO metastore.ObjectStore: Initialized ObjectStore
15/09/06 13:13:51 INFO metastore.HiveMetaStore: 0: get_tables: db=default pat=.*
15/09/06 13:13:51 INFO HiveMetaStore.audit: ugi=hpatel	ip=unknown-ip-addr	cmd=get_tables: db=default pat=.*	
15/09/06 13:13:51 INFO log.PerfLogger: </PERFLOG method=runTasks start=1441563231271 end=1441563231283 duration=12 from=org.apache.hadoop.hive.ql.Driver>
15/09/06 13:13:51 INFO log.PerfLogger: </PERFLOG method=Driver.execute start=1441563231271 end=1441563231283 duration=12 from=org.apache.hadoop.hive.ql.Driver>
OK
15/09/06 13:13:51 INFO ql.Driver: OK
15/09/06 13:13:51 INFO log.PerfLogger: <PERFLOG method=releaseLocks from=org.apache.hadoop.hive.ql.Driver>
15/09/06 13:13:51 INFO log.PerfLogger: </PERFLOG method=releaseLocks start=1441563231283 end=1441563231283 duration=0 from=org.apache.hadoop.hive.ql.Driver>
15/09/06 13:13:51 INFO log.PerfLogger: </PERFLOG method=Driver.run start=1441563231265 end=1441563231283 duration=18 from=org.apache.hadoop.hive.ql.Driver>
15/09/06 13:13:51 INFO builder.HiveShellTearable: Executing script: CREATE TEMPORARY FUNCTION custom_utc_timestamp AS 'com.cloudera.sa.cat.udfs.CustomUTCTimestamp';
CREATE TEMPORARY FUNCTION format_mr_timestamp AS 'com.cloudera.sa.cat.udfs.FormatMRTimeStamp';

15/09/06 13:13:51 INFO service.HiveServer: Running the query: CREATE TEMPORARY FUNCTION custom_utc_timestamp AS 'com.cloudera.sa.cat.udfs.CustomUTCTimestamp'
15/09/06 13:13:51 INFO exec.ListSinkOperator: 140 finished. closing... 
15/09/06 13:13:51 INFO exec.ListSinkOperator: 140 Close done
15/09/06 13:13:51 INFO log.PerfLogger: <PERFLOG method=Driver.run from=org.apache.hadoop.hive.ql.Driver>
15/09/06 13:13:51 INFO log.PerfLogger: <PERFLOG method=TimeToSubmit from=org.apache.hadoop.hive.ql.Driver>
15/09/06 13:13:51 INFO ql.Driver: Concurrency mode is disabled, not creating a lock manager
15/09/06 13:13:51 INFO log.PerfLogger: <PERFLOG method=compile from=org.apache.hadoop.hive.ql.Driver>
15/09/06 13:13:51 INFO log.PerfLogger: <PERFLOG method=parse from=org.apache.hadoop.hive.ql.Driver>
15/09/06 13:13:51 INFO parse.ParseDriver: Parsing command: CREATE TEMPORARY FUNCTION custom_utc_timestamp AS 'com.cloudera.sa.cat.udfs.CustomUTCTimestamp'
15/09/06 13:13:51 INFO parse.ParseDriver: Parse Completed
15/09/06 13:13:51 INFO log.PerfLogger: </PERFLOG method=parse start=1441563231285 end=1441563231285 duration=0 from=org.apache.hadoop.hive.ql.Driver>
15/09/06 13:13:51 INFO log.PerfLogger: <PERFLOG method=semanticAnalyze from=org.apache.hadoop.hive.ql.Driver>
15/09/06 13:13:51 INFO metastore.HiveMetaStore: 0: get_database: default
15/09/06 13:13:51 INFO HiveMetaStore.audit: ugi=hpatel	ip=unknown-ip-addr	cmd=get_database: default	
15/09/06 13:13:51 INFO parse.FunctionSemanticAnalyzer: analyze done
15/09/06 13:13:51 INFO ql.Driver: Semantic Analysis Completed
15/09/06 13:13:51 INFO log.PerfLogger: </PERFLOG method=semanticAnalyze start=1441563231285 end=1441563231287 duration=2 from=org.apache.hadoop.hive.ql.Driver>
15/09/06 13:13:51 INFO ql.Driver: Returning Hive schema: Schema(fieldSchemas:null, properties:null)
15/09/06 13:13:51 INFO log.PerfLogger: </PERFLOG method=compile start=1441563231285 end=1441563231287 duration=2 from=org.apache.hadoop.hive.ql.Driver>
15/09/06 13:13:51 INFO log.PerfLogger: <PERFLOG method=Driver.execute from=org.apache.hadoop.hive.ql.Driver>
15/09/06 13:13:51 INFO ql.Driver: Starting command: CREATE TEMPORARY FUNCTION custom_utc_timestamp AS 'com.cloudera.sa.cat.udfs.CustomUTCTimestamp'
15/09/06 13:13:51 INFO log.PerfLogger: </PERFLOG method=TimeToSubmit start=1441563231284 end=1441563231288 duration=4 from=org.apache.hadoop.hive.ql.Driver>
15/09/06 13:13:51 INFO log.PerfLogger: <PERFLOG method=runTasks from=org.apache.hadoop.hive.ql.Driver>
15/09/06 13:13:51 INFO log.PerfLogger: <PERFLOG method=task.FUNCTION.Stage-0 from=org.apache.hadoop.hive.ql.Driver>
15/09/06 13:13:51 INFO log.PerfLogger: </PERFLOG method=runTasks start=1441563231288 end=1441563231288 duration=0 from=org.apache.hadoop.hive.ql.Driver>
15/09/06 13:13:51 INFO log.PerfLogger: </PERFLOG method=Driver.execute start=1441563231287 end=1441563231288 duration=1 from=org.apache.hadoop.hive.ql.Driver>
OK
15/09/06 13:13:51 INFO ql.Driver: OK
15/09/06 13:13:51 INFO log.PerfLogger: <PERFLOG method=releaseLocks from=org.apache.hadoop.hive.ql.Driver>
15/09/06 13:13:51 INFO log.PerfLogger: </PERFLOG method=releaseLocks start=1441563231288 end=1441563231288 duration=0 from=org.apache.hadoop.hive.ql.Driver>
15/09/06 13:13:51 INFO log.PerfLogger: </PERFLOG method=Driver.run start=1441563231284 end=1441563231288 duration=4 from=org.apache.hadoop.hive.ql.Driver>
15/09/06 13:13:51 INFO service.HiveServer: Running the query: 
CREATE TEMPORARY FUNCTION format_mr_timestamp AS 'com.cloudera.sa.cat.udfs.FormatMRTimeStamp'
15/09/06 13:13:51 INFO log.PerfLogger: <PERFLOG method=Driver.run from=org.apache.hadoop.hive.ql.Driver>
15/09/06 13:13:51 INFO log.PerfLogger: <PERFLOG method=TimeToSubmit from=org.apache.hadoop.hive.ql.Driver>
15/09/06 13:13:51 INFO ql.Driver: Concurrency mode is disabled, not creating a lock manager
15/09/06 13:13:51 INFO log.PerfLogger: <PERFLOG method=compile from=org.apache.hadoop.hive.ql.Driver>
15/09/06 13:13:51 INFO log.PerfLogger: <PERFLOG method=parse from=org.apache.hadoop.hive.ql.Driver>
15/09/06 13:13:51 INFO parse.ParseDriver: Parsing command: 
CREATE TEMPORARY FUNCTION format_mr_timestamp AS 'com.cloudera.sa.cat.udfs.FormatMRTimeStamp'
15/09/06 13:13:51 INFO parse.ParseDriver: Parse Completed
15/09/06 13:13:51 INFO log.PerfLogger: </PERFLOG method=parse start=1441563231288 end=1441563231289 duration=1 from=org.apache.hadoop.hive.ql.Driver>
15/09/06 13:13:51 INFO log.PerfLogger: <PERFLOG method=semanticAnalyze from=org.apache.hadoop.hive.ql.Driver>
15/09/06 13:13:51 INFO metastore.HiveMetaStore: 0: get_database: default
15/09/06 13:13:51 INFO HiveMetaStore.audit: ugi=hpatel	ip=unknown-ip-addr	cmd=get_database: default	
15/09/06 13:13:51 INFO parse.FunctionSemanticAnalyzer: analyze done
15/09/06 13:13:51 INFO ql.Driver: Semantic Analysis Completed
15/09/06 13:13:51 INFO log.PerfLogger: </PERFLOG method=semanticAnalyze start=1441563231289 end=1441563231290 duration=1 from=org.apache.hadoop.hive.ql.Driver>
15/09/06 13:13:51 INFO ql.Driver: Returning Hive schema: Schema(fieldSchemas:null, properties:null)
15/09/06 13:13:51 INFO log.PerfLogger: </PERFLOG method=compile start=1441563231288 end=1441563231290 duration=2 from=org.apache.hadoop.hive.ql.Driver>
15/09/06 13:13:51 INFO log.PerfLogger: <PERFLOG method=Driver.execute from=org.apache.hadoop.hive.ql.Driver>
15/09/06 13:13:51 INFO ql.Driver: Starting command: 
CREATE TEMPORARY FUNCTION format_mr_timestamp AS 'com.cloudera.sa.cat.udfs.FormatMRTimeStamp'
15/09/06 13:13:51 INFO log.PerfLogger: </PERFLOG method=TimeToSubmit start=1441563231288 end=1441563231291 duration=3 from=org.apache.hadoop.hive.ql.Driver>
15/09/06 13:13:51 INFO log.PerfLogger: <PERFLOG method=runTasks from=org.apache.hadoop.hive.ql.Driver>
15/09/06 13:13:51 INFO log.PerfLogger: <PERFLOG method=task.FUNCTION.Stage-0 from=org.apache.hadoop.hive.ql.Driver>
15/09/06 13:13:51 INFO log.PerfLogger: </PERFLOG method=runTasks start=1441563231291 end=1441563231291 duration=0 from=org.apache.hadoop.hive.ql.Driver>
15/09/06 13:13:51 INFO log.PerfLogger: </PERFLOG method=Driver.execute start=1441563231291 end=1441563231291 duration=0 from=org.apache.hadoop.hive.ql.Driver>
OK
15/09/06 13:13:51 INFO ql.Driver: OK
15/09/06 13:13:51 INFO log.PerfLogger: <PERFLOG method=releaseLocks from=org.apache.hadoop.hive.ql.Driver>
15/09/06 13:13:51 INFO log.PerfLogger: </PERFLOG method=releaseLocks start=1441563231291 end=1441563231291 duration=0 from=org.apache.hadoop.hive.ql.Driver>
15/09/06 13:13:51 INFO log.PerfLogger: </PERFLOG method=Driver.run start=1441563231288 end=1441563231291 duration=3 from=org.apache.hadoop.hive.ql.Driver>
15/09/06 13:13:51 INFO service.HiveServer: Running the query: 

15/09/06 13:13:51 INFO builder.HiveShellTearable: Executing script: SET mapreduce.job.queuename=ddsw;
SET hive.exec.drop.ignorenonexistent=true;
SET hive.exec.dynamic.partition=true;
SET hive.exec.dynamic.partition.mode=nonstrict;

CREATE DATABASE IF NOT EXISTS ddsw_dev;

USE ddsw_dev;

CREATE EXTERNAL TABLE IF NOT EXISTS dealer_hierarchy_temp_data
(
  file_name string,
  gen_id string,
  dms_system string,
  dms_version string,
  transmit_ts string,
  orig_transmit_ts string,
  transmit_by string,
  record_status string,
  dealer_updt_ind string,
  store_number string,
  part_type string,
  store_name string,
  inventory_store_number string,
  cat_emrg_dealer_code string,
  cat_stock_dealer_code string,
  stock_replen_store_number string,
  stock_replen_lead_time string,
  lst_updt_ts string,
  orig_lst_updt_ts string,
  lst_updt_by_id string,
  file_ins_ts string,
  orig_file_ins_ts string,
  exp_stock_plan_lead_time string
)
PARTITIONED BY (dealer_code string)
ROW FORMAT DELIMITED FIELDS TERMINATED BY '|'
STORED AS
  INPUTFORMAT 'org.apache.hadoop.mapred.TextInputFormat'
  OUTPUTFORMAT 'org.apache.hadoop.hive.ql.io.HiveIgnoreKeyTextOutputFormat'
LOCATION '${hiveconf:hadoop.tmp.dir.uri}/dealer_hierarchy/temp_data'
TBLPROPERTIES ('serialization.null.format'='')
;

15/09/06 13:13:51 INFO service.HiveServer: Running the query: SET mapreduce.job.queuename=ddsw
15/09/06 13:13:51 INFO service.HiveServer: Putting temp output to file /var/folders/y7/4_pz5fzx54ngcmghz3v6t3m00000gn/T/junit5910417261063589903/localscratchdir/04eac678-7a22-4807-a571-fd83aa47da806809867040091406140.pipeout
15/09/06 13:13:51 INFO service.HiveServer: Running the query: 
SET hive.exec.drop.ignorenonexistent=true
15/09/06 13:13:51 INFO service.HiveServer: Putting temp output to file /var/folders/y7/4_pz5fzx54ngcmghz3v6t3m00000gn/T/junit5910417261063589903/localscratchdir/04eac678-7a22-4807-a571-fd83aa47da806809867040091406140.pipeout
15/09/06 13:13:51 INFO service.HiveServer: Running the query: 
SET hive.exec.dynamic.partition=true
15/09/06 13:13:51 INFO service.HiveServer: Putting temp output to file /var/folders/y7/4_pz5fzx54ngcmghz3v6t3m00000gn/T/junit5910417261063589903/localscratchdir/04eac678-7a22-4807-a571-fd83aa47da806809867040091406140.pipeout
15/09/06 13:13:51 INFO service.HiveServer: Running the query: 
SET hive.exec.dynamic.partition.mode=nonstrict
15/09/06 13:13:51 INFO service.HiveServer: Putting temp output to file /var/folders/y7/4_pz5fzx54ngcmghz3v6t3m00000gn/T/junit5910417261063589903/localscratchdir/04eac678-7a22-4807-a571-fd83aa47da806809867040091406140.pipeout
15/09/06 13:13:51 INFO service.HiveServer: Running the query: 

CREATE DATABASE IF NOT EXISTS ddsw_dev
15/09/06 13:13:51 INFO log.PerfLogger: <PERFLOG method=Driver.run from=org.apache.hadoop.hive.ql.Driver>
15/09/06 13:13:51 INFO log.PerfLogger: <PERFLOG method=TimeToSubmit from=org.apache.hadoop.hive.ql.Driver>
15/09/06 13:13:51 INFO ql.Driver: Concurrency mode is disabled, not creating a lock manager
15/09/06 13:13:51 INFO log.PerfLogger: <PERFLOG method=compile from=org.apache.hadoop.hive.ql.Driver>
15/09/06 13:13:51 INFO log.PerfLogger: <PERFLOG method=parse from=org.apache.hadoop.hive.ql.Driver>
15/09/06 13:13:51 INFO parse.ParseDriver: Parsing command: 

CREATE DATABASE IF NOT EXISTS ddsw_dev
15/09/06 13:13:51 INFO parse.ParseDriver: Parse Completed
15/09/06 13:13:51 INFO log.PerfLogger: </PERFLOG method=parse start=1441563231366 end=1441563231366 duration=0 from=org.apache.hadoop.hive.ql.Driver>
15/09/06 13:13:51 INFO log.PerfLogger: <PERFLOG method=semanticAnalyze from=org.apache.hadoop.hive.ql.Driver>
15/09/06 13:13:51 INFO ql.Driver: Semantic Analysis Completed
15/09/06 13:13:51 INFO log.PerfLogger: </PERFLOG method=semanticAnalyze start=1441563231366 end=1441563231367 duration=1 from=org.apache.hadoop.hive.ql.Driver>
15/09/06 13:13:51 INFO ql.Driver: Returning Hive schema: Schema(fieldSchemas:null, properties:null)
15/09/06 13:13:51 INFO log.PerfLogger: </PERFLOG method=compile start=1441563231366 end=1441563231367 duration=1 from=org.apache.hadoop.hive.ql.Driver>
15/09/06 13:13:51 INFO log.PerfLogger: <PERFLOG method=Driver.execute from=org.apache.hadoop.hive.ql.Driver>
15/09/06 13:13:51 INFO ql.Driver: Starting command: 

CREATE DATABASE IF NOT EXISTS ddsw_dev
15/09/06 13:13:51 INFO log.PerfLogger: </PERFLOG method=TimeToSubmit start=1441563231366 end=1441563231367 duration=1 from=org.apache.hadoop.hive.ql.Driver>
15/09/06 13:13:51 INFO log.PerfLogger: <PERFLOG method=runTasks from=org.apache.hadoop.hive.ql.Driver>
15/09/06 13:13:51 INFO log.PerfLogger: <PERFLOG method=task.DDL.Stage-0 from=org.apache.hadoop.hive.ql.Driver>
15/09/06 13:13:51 INFO metastore.HiveMetaStore: 0: create_database: Database(name:ddsw_dev, description:null, locationUri:null, parameters:null, ownerName:hpatel, ownerType:USER)
15/09/06 13:13:51 INFO HiveMetaStore.audit: ugi=hpatel	ip=unknown-ip-addr	cmd=create_database: Database(name:ddsw_dev, description:null, locationUri:null, parameters:null, ownerName:hpatel, ownerType:USER)	
15/09/06 13:13:51 INFO metastore.HiveMetaStore: 0: get_database: ddsw_dev
15/09/06 13:13:51 INFO HiveMetaStore.audit: ugi=hpatel	ip=unknown-ip-addr	cmd=get_database: ddsw_dev	
15/09/06 13:13:51 INFO common.FileUtils: Creating directory if it doesn't exist: file:/var/folders/y7/4_pz5fzx54ngcmghz3v6t3m00000gn/T/junit5910417261063589903/warehouse/ddsw_dev.db
15/09/06 13:13:51 INFO log.PerfLogger: </PERFLOG method=runTasks start=1441563231367 end=1441563231403 duration=36 from=org.apache.hadoop.hive.ql.Driver>
15/09/06 13:13:51 INFO log.PerfLogger: </PERFLOG method=Driver.execute start=1441563231367 end=1441563231403 duration=36 from=org.apache.hadoop.hive.ql.Driver>
OK
15/09/06 13:13:51 INFO ql.Driver: OK
15/09/06 13:13:51 INFO log.PerfLogger: <PERFLOG method=releaseLocks from=org.apache.hadoop.hive.ql.Driver>
15/09/06 13:13:51 INFO log.PerfLogger: </PERFLOG method=releaseLocks start=1441563231403 end=1441563231403 duration=0 from=org.apache.hadoop.hive.ql.Driver>
15/09/06 13:13:51 INFO log.PerfLogger: </PERFLOG method=Driver.run start=1441563231366 end=1441563231403 duration=37 from=org.apache.hadoop.hive.ql.Driver>
15/09/06 13:13:51 INFO service.HiveServer: Running the query: 

USE ddsw_dev
15/09/06 13:13:51 INFO log.PerfLogger: <PERFLOG method=Driver.run from=org.apache.hadoop.hive.ql.Driver>
15/09/06 13:13:51 INFO log.PerfLogger: <PERFLOG method=TimeToSubmit from=org.apache.hadoop.hive.ql.Driver>
15/09/06 13:13:51 INFO ql.Driver: Concurrency mode is disabled, not creating a lock manager
15/09/06 13:13:51 INFO log.PerfLogger: <PERFLOG method=compile from=org.apache.hadoop.hive.ql.Driver>
15/09/06 13:13:51 INFO log.PerfLogger: <PERFLOG method=parse from=org.apache.hadoop.hive.ql.Driver>
15/09/06 13:13:51 INFO parse.ParseDriver: Parsing command: 

USE ddsw_dev
15/09/06 13:13:51 INFO parse.ParseDriver: Parse Completed
15/09/06 13:13:51 INFO log.PerfLogger: </PERFLOG method=parse start=1441563231404 end=1441563231404 duration=0 from=org.apache.hadoop.hive.ql.Driver>
15/09/06 13:13:51 INFO log.PerfLogger: <PERFLOG method=semanticAnalyze from=org.apache.hadoop.hive.ql.Driver>
15/09/06 13:13:51 INFO ql.Driver: Semantic Analysis Completed
15/09/06 13:13:51 INFO log.PerfLogger: </PERFLOG method=semanticAnalyze start=1441563231404 end=1441563231404 duration=0 from=org.apache.hadoop.hive.ql.Driver>
15/09/06 13:13:51 INFO ql.Driver: Returning Hive schema: Schema(fieldSchemas:null, properties:null)
15/09/06 13:13:51 INFO log.PerfLogger: </PERFLOG method=compile start=1441563231404 end=1441563231405 duration=1 from=org.apache.hadoop.hive.ql.Driver>
15/09/06 13:13:51 INFO log.PerfLogger: <PERFLOG method=Driver.execute from=org.apache.hadoop.hive.ql.Driver>
15/09/06 13:13:51 INFO ql.Driver: Starting command: 

USE ddsw_dev
15/09/06 13:13:51 INFO log.PerfLogger: </PERFLOG method=TimeToSubmit start=1441563231404 end=1441563231405 duration=1 from=org.apache.hadoop.hive.ql.Driver>
15/09/06 13:13:51 INFO log.PerfLogger: <PERFLOG method=runTasks from=org.apache.hadoop.hive.ql.Driver>
15/09/06 13:13:51 INFO log.PerfLogger: <PERFLOG method=task.DDL.Stage-0 from=org.apache.hadoop.hive.ql.Driver>
15/09/06 13:13:51 INFO metastore.HiveMetaStore: 0: get_database: ddsw_dev
15/09/06 13:13:51 INFO HiveMetaStore.audit: ugi=hpatel	ip=unknown-ip-addr	cmd=get_database: ddsw_dev	
15/09/06 13:13:51 INFO metastore.HiveMetaStore: 0: get_database: ddsw_dev
15/09/06 13:13:51 INFO HiveMetaStore.audit: ugi=hpatel	ip=unknown-ip-addr	cmd=get_database: ddsw_dev	
15/09/06 13:13:51 INFO log.PerfLogger: </PERFLOG method=runTasks start=1441563231405 end=1441563231408 duration=3 from=org.apache.hadoop.hive.ql.Driver>
15/09/06 13:13:51 INFO log.PerfLogger: </PERFLOG method=Driver.execute start=1441563231405 end=1441563231408 duration=3 from=org.apache.hadoop.hive.ql.Driver>
OK
15/09/06 13:13:51 INFO ql.Driver: OK
15/09/06 13:13:51 INFO log.PerfLogger: <PERFLOG method=releaseLocks from=org.apache.hadoop.hive.ql.Driver>
15/09/06 13:13:51 INFO log.PerfLogger: </PERFLOG method=releaseLocks start=1441563231408 end=1441563231408 duration=0 from=org.apache.hadoop.hive.ql.Driver>
15/09/06 13:13:51 INFO log.PerfLogger: </PERFLOG method=Driver.run start=1441563231404 end=1441563231408 duration=4 from=org.apache.hadoop.hive.ql.Driver>
15/09/06 13:13:51 INFO service.HiveServer: Running the query: 

CREATE EXTERNAL TABLE IF NOT EXISTS dealer_hierarchy_temp_data
(
  file_name string,
  gen_id string,
  dms_system string,
  dms_version string,
  transmit_ts string,
  orig_transmit_ts string,
  transmit_by string,
  record_status string,
  dealer_updt_ind string,
  store_number string,
  part_type string,
  store_name string,
  inventory_store_number string,
  cat_emrg_dealer_code string,
  cat_stock_dealer_code string,
  stock_replen_store_number string,
  stock_replen_lead_time string,
  lst_updt_ts string,
  orig_lst_updt_ts string,
  lst_updt_by_id string,
  file_ins_ts string,
  orig_file_ins_ts string,
  exp_stock_plan_lead_time string
)
PARTITIONED BY (dealer_code string)
ROW FORMAT DELIMITED FIELDS TERMINATED BY '|'
STORED AS
  INPUTFORMAT 'org.apache.hadoop.mapred.TextInputFormat'
  OUTPUTFORMAT 'org.apache.hadoop.hive.ql.io.HiveIgnoreKeyTextOutputFormat'
LOCATION '${hiveconf:hadoop.tmp.dir.uri}/dealer_hierarchy/temp_data'
TBLPROPERTIES ('serialization.null.format'='')

15/09/06 13:13:51 INFO log.PerfLogger: <PERFLOG method=Driver.run from=org.apache.hadoop.hive.ql.Driver>
15/09/06 13:13:51 INFO log.PerfLogger: <PERFLOG method=TimeToSubmit from=org.apache.hadoop.hive.ql.Driver>
15/09/06 13:13:51 INFO ql.Driver: Concurrency mode is disabled, not creating a lock manager
15/09/06 13:13:51 INFO log.PerfLogger: <PERFLOG method=compile from=org.apache.hadoop.hive.ql.Driver>
15/09/06 13:13:51 INFO log.PerfLogger: <PERFLOG method=parse from=org.apache.hadoop.hive.ql.Driver>
15/09/06 13:13:51 INFO parse.ParseDriver: Parsing command: 

CREATE EXTERNAL TABLE IF NOT EXISTS dealer_hierarchy_temp_data
(
  file_name string,
  gen_id string,
  dms_system string,
  dms_version string,
  transmit_ts string,
  orig_transmit_ts string,
  transmit_by string,
  record_status string,
  dealer_updt_ind string,
  store_number string,
  part_type string,
  store_name string,
  inventory_store_number string,
  cat_emrg_dealer_code string,
  cat_stock_dealer_code string,
  stock_replen_store_number string,
  stock_replen_lead_time string,
  lst_updt_ts string,
  orig_lst_updt_ts string,
  lst_updt_by_id string,
  file_ins_ts string,
  orig_file_ins_ts string,
  exp_stock_plan_lead_time string
)
PARTITIONED BY (dealer_code string)
ROW FORMAT DELIMITED FIELDS TERMINATED BY '|'
STORED AS
  INPUTFORMAT 'org.apache.hadoop.mapred.TextInputFormat'
  OUTPUTFORMAT 'org.apache.hadoop.hive.ql.io.HiveIgnoreKeyTextOutputFormat'
LOCATION 'file:///var/folders/y7/4_pz5fzx54ngcmghz3v6t3m00000gn/T/junit5910417261063589903/hadooptmp//dealer_hierarchy/temp_data'
TBLPROPERTIES ('serialization.null.format'='')

15/09/06 13:13:51 INFO parse.ParseDriver: Parse Completed
15/09/06 13:13:51 INFO log.PerfLogger: </PERFLOG method=parse start=1441563231409 end=1441563231412 duration=3 from=org.apache.hadoop.hive.ql.Driver>
15/09/06 13:13:51 INFO log.PerfLogger: <PERFLOG method=semanticAnalyze from=org.apache.hadoop.hive.ql.Driver>
15/09/06 13:13:51 INFO parse.SemanticAnalyzer: Starting Semantic Analysis
15/09/06 13:13:51 INFO parse.SemanticAnalyzer: Creating table dealer_hierarchy_temp_data position=36
15/09/06 13:13:51 INFO metastore.HiveMetaStore: 0: get_table : db=ddsw_dev tbl=dealer_hierarchy_temp_data
15/09/06 13:13:51 INFO HiveMetaStore.audit: ugi=hpatel	ip=unknown-ip-addr	cmd=get_table : db=ddsw_dev tbl=dealer_hierarchy_temp_data	
15/09/06 13:13:51 INFO metastore.HiveMetaStore: 0: get_database: ddsw_dev
15/09/06 13:13:51 INFO HiveMetaStore.audit: ugi=hpatel	ip=unknown-ip-addr	cmd=get_database: ddsw_dev	
15/09/06 13:13:51 INFO ql.Driver: Semantic Analysis Completed
15/09/06 13:13:51 INFO log.PerfLogger: </PERFLOG method=semanticAnalyze start=1441563231412 end=1441563231416 duration=4 from=org.apache.hadoop.hive.ql.Driver>
15/09/06 13:13:51 INFO ql.Driver: Returning Hive schema: Schema(fieldSchemas:null, properties:null)
15/09/06 13:13:51 INFO log.PerfLogger: </PERFLOG method=compile start=1441563231409 end=1441563231416 duration=7 from=org.apache.hadoop.hive.ql.Driver>
15/09/06 13:13:51 INFO log.PerfLogger: <PERFLOG method=Driver.execute from=org.apache.hadoop.hive.ql.Driver>
15/09/06 13:13:51 INFO ql.Driver: Starting command: 

CREATE EXTERNAL TABLE IF NOT EXISTS dealer_hierarchy_temp_data
(
  file_name string,
  gen_id string,
  dms_system string,
  dms_version string,
  transmit_ts string,
  orig_transmit_ts string,
  transmit_by string,
  record_status string,
  dealer_updt_ind string,
  store_number string,
  part_type string,
  store_name string,
  inventory_store_number string,
  cat_emrg_dealer_code string,
  cat_stock_dealer_code string,
  stock_replen_store_number string,
  stock_replen_lead_time string,
  lst_updt_ts string,
  orig_lst_updt_ts string,
  lst_updt_by_id string,
  file_ins_ts string,
  orig_file_ins_ts string,
  exp_stock_plan_lead_time string
)
PARTITIONED BY (dealer_code string)
ROW FORMAT DELIMITED FIELDS TERMINATED BY '|'
STORED AS
  INPUTFORMAT 'org.apache.hadoop.mapred.TextInputFormat'
  OUTPUTFORMAT 'org.apache.hadoop.hive.ql.io.HiveIgnoreKeyTextOutputFormat'
LOCATION 'file:///var/folders/y7/4_pz5fzx54ngcmghz3v6t3m00000gn/T/junit5910417261063589903/hadooptmp//dealer_hierarchy/temp_data'
TBLPROPERTIES ('serialization.null.format'='')

15/09/06 13:13:51 INFO log.PerfLogger: </PERFLOG method=TimeToSubmit start=1441563231409 end=1441563231417 duration=8 from=org.apache.hadoop.hive.ql.Driver>
15/09/06 13:13:51 INFO log.PerfLogger: <PERFLOG method=runTasks from=org.apache.hadoop.hive.ql.Driver>
15/09/06 13:13:51 INFO log.PerfLogger: <PERFLOG method=task.DDL.Stage-0 from=org.apache.hadoop.hive.ql.Driver>
15/09/06 13:13:51 INFO exec.DDLTask: Default to LazySimpleSerDe for table dealer_hierarchy_temp_data
15/09/06 13:13:51 INFO metastore.HiveMetaStore: 0: create_table: Table(tableName:dealer_hierarchy_temp_data, dbName:ddsw_dev, owner:hpatel, createTime:1441563231, lastAccessTime:0, retention:0, sd:StorageDescriptor(cols:[FieldSchema(name:file_name, type:string, comment:null), FieldSchema(name:gen_id, type:string, comment:null), FieldSchema(name:dms_system, type:string, comment:null), FieldSchema(name:dms_version, type:string, comment:null), FieldSchema(name:transmit_ts, type:string, comment:null), FieldSchema(name:orig_transmit_ts, type:string, comment:null), FieldSchema(name:transmit_by, type:string, comment:null), FieldSchema(name:record_status, type:string, comment:null), FieldSchema(name:dealer_updt_ind, type:string, comment:null), FieldSchema(name:store_number, type:string, comment:null), FieldSchema(name:part_type, type:string, comment:null), FieldSchema(name:store_name, type:string, comment:null), FieldSchema(name:inventory_store_number, type:string, comment:null), FieldSchema(name:cat_emrg_dealer_code, type:string, comment:null), FieldSchema(name:cat_stock_dealer_code, type:string, comment:null), FieldSchema(name:stock_replen_store_number, type:string, comment:null), FieldSchema(name:stock_replen_lead_time, type:string, comment:null), FieldSchema(name:lst_updt_ts, type:string, comment:null), FieldSchema(name:orig_lst_updt_ts, type:string, comment:null), FieldSchema(name:lst_updt_by_id, type:string, comment:null), FieldSchema(name:file_ins_ts, type:string, comment:null), FieldSchema(name:orig_file_ins_ts, type:string, comment:null), FieldSchema(name:exp_stock_plan_lead_time, type:string, comment:null)], location:file:/var/folders/y7/4_pz5fzx54ngcmghz3v6t3m00000gn/T/junit5910417261063589903/hadooptmp/dealer_hierarchy/temp_data, inputFormat:org.apache.hadoop.mapred.TextInputFormat, outputFormat:org.apache.hadoop.hive.ql.io.HiveIgnoreKeyTextOutputFormat, compressed:false, numBuckets:-1, serdeInfo:SerDeInfo(name:null, serializationLib:org.apache.hadoop.hive.serde2.lazy.LazySimpleSerDe, parameters:{serialization.format=|, field.delim=|}), bucketCols:[], sortCols:[], parameters:{}, skewedInfo:SkewedInfo(skewedColNames:[], skewedColValues:[], skewedColValueLocationMaps:{}), storedAsSubDirectories:false), partitionKeys:[FieldSchema(name:dealer_code, type:string, comment:null)], parameters:{EXTERNAL=TRUE, serialization.null.format=}, viewOriginalText:null, viewExpandedText:null, tableType:EXTERNAL_TABLE)
15/09/06 13:13:51 INFO HiveMetaStore.audit: ugi=hpatel	ip=unknown-ip-addr	cmd=create_table: Table(tableName:dealer_hierarchy_temp_data, dbName:ddsw_dev, owner:hpatel, createTime:1441563231, lastAccessTime:0, retention:0, sd:StorageDescriptor(cols:[FieldSchema(name:file_name, type:string, comment:null), FieldSchema(name:gen_id, type:string, comment:null), FieldSchema(name:dms_system, type:string, comment:null), FieldSchema(name:dms_version, type:string, comment:null), FieldSchema(name:transmit_ts, type:string, comment:null), FieldSchema(name:orig_transmit_ts, type:string, comment:null), FieldSchema(name:transmit_by, type:string, comment:null), FieldSchema(name:record_status, type:string, comment:null), FieldSchema(name:dealer_updt_ind, type:string, comment:null), FieldSchema(name:store_number, type:string, comment:null), FieldSchema(name:part_type, type:string, comment:null), FieldSchema(name:store_name, type:string, comment:null), FieldSchema(name:inventory_store_number, type:string, comment:null), FieldSchema(name:cat_emrg_dealer_code, type:string, comment:null), FieldSchema(name:cat_stock_dealer_code, type:string, comment:null), FieldSchema(name:stock_replen_store_number, type:string, comment:null), FieldSchema(name:stock_replen_lead_time, type:string, comment:null), FieldSchema(name:lst_updt_ts, type:string, comment:null), FieldSchema(name:orig_lst_updt_ts, type:string, comment:null), FieldSchema(name:lst_updt_by_id, type:string, comment:null), FieldSchema(name:file_ins_ts, type:string, comment:null), FieldSchema(name:orig_file_ins_ts, type:string, comment:null), FieldSchema(name:exp_stock_plan_lead_time, type:string, comment:null)], location:file:/var/folders/y7/4_pz5fzx54ngcmghz3v6t3m00000gn/T/junit5910417261063589903/hadooptmp/dealer_hierarchy/temp_data, inputFormat:org.apache.hadoop.mapred.TextInputFormat, outputFormat:org.apache.hadoop.hive.ql.io.HiveIgnoreKeyTextOutputFormat, compressed:false, numBuckets:-1, serdeInfo:SerDeInfo(name:null, serializationLib:org.apache.hadoop.hive.serde2.lazy.LazySimpleSerDe, parameters:{serialization.format=|, field.delim=|}), bucketCols:[], sortCols:[], parameters:{}, skewedInfo:SkewedInfo(skewedColNames:[], skewedColValues:[], skewedColValueLocationMaps:{}), storedAsSubDirectories:false), partitionKeys:[FieldSchema(name:dealer_code, type:string, comment:null)], parameters:{EXTERNAL=TRUE, serialization.null.format=}, viewOriginalText:null, viewExpandedText:null, tableType:EXTERNAL_TABLE)	
15/09/06 13:13:51 INFO common.FileUtils: Creating directory if it doesn't exist: file:/var/folders/y7/4_pz5fzx54ngcmghz3v6t3m00000gn/T/junit5910417261063589903/hadooptmp/dealer_hierarchy/temp_data
15/09/06 13:13:51 INFO log.PerfLogger: </PERFLOG method=runTasks start=1441563231417 end=1441563231459 duration=42 from=org.apache.hadoop.hive.ql.Driver>
15/09/06 13:13:51 INFO log.PerfLogger: </PERFLOG method=Driver.execute start=1441563231416 end=1441563231459 duration=43 from=org.apache.hadoop.hive.ql.Driver>
OK
15/09/06 13:13:51 INFO ql.Driver: OK
15/09/06 13:13:51 INFO log.PerfLogger: <PERFLOG method=releaseLocks from=org.apache.hadoop.hive.ql.Driver>
15/09/06 13:13:51 INFO log.PerfLogger: </PERFLOG method=releaseLocks start=1441563231460 end=1441563231460 duration=0 from=org.apache.hadoop.hive.ql.Driver>
15/09/06 13:13:51 INFO log.PerfLogger: </PERFLOG method=Driver.run start=1441563231409 end=1441563231460 duration=51 from=org.apache.hadoop.hive.ql.Driver>
15/09/06 13:13:51 INFO service.HiveServer: Running the query: 

15/09/06 13:13:51 INFO builder.HiveShellTearable: Executing script: SET mapreduce.job.queuename=ddsw;
SET hive.exec.drop.ignorenonexistent=true;
SET hive.exec.dynamic.partition=true;
SET hive.exec.dynamic.partition.mode=nonstrict;

USE ddsw_dev;

CREATE EXTERNAL TABLE DEALER_HIERARCHY_CORE
    PARTITIONED BY (dealer_code string)
    ROW FORMAT SERDE 'org.apache.hadoop.hive.serde2.avro.AvroSerDe'
    WITH SERDEPROPERTIES
    (
        'avro.schema.url'='./src/test/resources/dealer_hierarchy/schema/DEALER_HIERARCHY_CORE.avsc'
    )
    STORED AS
        INPUTFORMAT 'org.apache.hadoop.hive.ql.io.avro.AvroContainerInputFormat'
        OUTPUTFORMAT 'org.apache.hadoop.hive.ql.io.avro.AvroContainerOutputFormat'
    LOCATION '${hiveconf:hadoop.tmp.dir.uri}/dealer_hierarchy/core_data';

15/09/06 13:13:51 INFO service.HiveServer: Running the query: SET mapreduce.job.queuename=ddsw
15/09/06 13:13:51 INFO service.HiveServer: Putting temp output to file /var/folders/y7/4_pz5fzx54ngcmghz3v6t3m00000gn/T/junit5910417261063589903/localscratchdir/04eac678-7a22-4807-a571-fd83aa47da806809867040091406140.pipeout
15/09/06 13:13:51 INFO service.HiveServer: Running the query: 
SET hive.exec.drop.ignorenonexistent=true
15/09/06 13:13:51 INFO service.HiveServer: Putting temp output to file /var/folders/y7/4_pz5fzx54ngcmghz3v6t3m00000gn/T/junit5910417261063589903/localscratchdir/04eac678-7a22-4807-a571-fd83aa47da806809867040091406140.pipeout
15/09/06 13:13:51 INFO service.HiveServer: Running the query: 
SET hive.exec.dynamic.partition=true
15/09/06 13:13:51 INFO service.HiveServer: Putting temp output to file /var/folders/y7/4_pz5fzx54ngcmghz3v6t3m00000gn/T/junit5910417261063589903/localscratchdir/04eac678-7a22-4807-a571-fd83aa47da806809867040091406140.pipeout
15/09/06 13:13:51 INFO service.HiveServer: Running the query: 
SET hive.exec.dynamic.partition.mode=nonstrict
15/09/06 13:13:51 INFO service.HiveServer: Putting temp output to file /var/folders/y7/4_pz5fzx54ngcmghz3v6t3m00000gn/T/junit5910417261063589903/localscratchdir/04eac678-7a22-4807-a571-fd83aa47da806809867040091406140.pipeout
15/09/06 13:13:51 INFO service.HiveServer: Running the query: 

USE ddsw_dev
15/09/06 13:13:51 INFO log.PerfLogger: <PERFLOG method=Driver.run from=org.apache.hadoop.hive.ql.Driver>
15/09/06 13:13:51 INFO log.PerfLogger: <PERFLOG method=TimeToSubmit from=org.apache.hadoop.hive.ql.Driver>
15/09/06 13:13:51 INFO ql.Driver: Concurrency mode is disabled, not creating a lock manager
15/09/06 13:13:51 INFO log.PerfLogger: <PERFLOG method=compile from=org.apache.hadoop.hive.ql.Driver>
15/09/06 13:13:51 INFO log.PerfLogger: <PERFLOG method=parse from=org.apache.hadoop.hive.ql.Driver>
15/09/06 13:13:51 INFO parse.ParseDriver: Parsing command: 

USE ddsw_dev
15/09/06 13:13:51 INFO parse.ParseDriver: Parse Completed
15/09/06 13:13:51 INFO log.PerfLogger: </PERFLOG method=parse start=1441563231548 end=1441563231549 duration=1 from=org.apache.hadoop.hive.ql.Driver>
15/09/06 13:13:51 INFO log.PerfLogger: <PERFLOG method=semanticAnalyze from=org.apache.hadoop.hive.ql.Driver>
15/09/06 13:13:51 INFO ql.Driver: Semantic Analysis Completed
15/09/06 13:13:51 INFO log.PerfLogger: </PERFLOG method=semanticAnalyze start=1441563231549 end=1441563231549 duration=0 from=org.apache.hadoop.hive.ql.Driver>
15/09/06 13:13:51 INFO ql.Driver: Returning Hive schema: Schema(fieldSchemas:null, properties:null)
15/09/06 13:13:51 INFO log.PerfLogger: </PERFLOG method=compile start=1441563231548 end=1441563231549 duration=1 from=org.apache.hadoop.hive.ql.Driver>
15/09/06 13:13:51 INFO log.PerfLogger: <PERFLOG method=Driver.execute from=org.apache.hadoop.hive.ql.Driver>
15/09/06 13:13:51 INFO ql.Driver: Starting command: 

USE ddsw_dev
15/09/06 13:13:51 INFO log.PerfLogger: </PERFLOG method=TimeToSubmit start=1441563231548 end=1441563231549 duration=1 from=org.apache.hadoop.hive.ql.Driver>
15/09/06 13:13:51 INFO log.PerfLogger: <PERFLOG method=runTasks from=org.apache.hadoop.hive.ql.Driver>
15/09/06 13:13:51 INFO log.PerfLogger: <PERFLOG method=task.DDL.Stage-0 from=org.apache.hadoop.hive.ql.Driver>
15/09/06 13:13:51 INFO metastore.HiveMetaStore: 0: get_database: ddsw_dev
15/09/06 13:13:51 INFO HiveMetaStore.audit: ugi=hpatel	ip=unknown-ip-addr	cmd=get_database: ddsw_dev	
15/09/06 13:13:51 INFO metastore.HiveMetaStore: 0: get_database: ddsw_dev
15/09/06 13:13:51 INFO HiveMetaStore.audit: ugi=hpatel	ip=unknown-ip-addr	cmd=get_database: ddsw_dev	
15/09/06 13:13:51 INFO log.PerfLogger: </PERFLOG method=runTasks start=1441563231549 end=1441563231553 duration=4 from=org.apache.hadoop.hive.ql.Driver>
15/09/06 13:13:51 INFO log.PerfLogger: </PERFLOG method=Driver.execute start=1441563231549 end=1441563231553 duration=4 from=org.apache.hadoop.hive.ql.Driver>
OK
15/09/06 13:13:51 INFO ql.Driver: OK
15/09/06 13:13:51 INFO log.PerfLogger: <PERFLOG method=releaseLocks from=org.apache.hadoop.hive.ql.Driver>
15/09/06 13:13:51 INFO log.PerfLogger: </PERFLOG method=releaseLocks start=1441563231553 end=1441563231553 duration=0 from=org.apache.hadoop.hive.ql.Driver>
15/09/06 13:13:51 INFO log.PerfLogger: </PERFLOG method=Driver.run start=1441563231548 end=1441563231553 duration=5 from=org.apache.hadoop.hive.ql.Driver>
15/09/06 13:13:51 INFO service.HiveServer: Running the query: 

CREATE EXTERNAL TABLE DEALER_HIERARCHY_CORE
    PARTITIONED BY (dealer_code string)
    ROW FORMAT SERDE 'org.apache.hadoop.hive.serde2.avro.AvroSerDe'
    WITH SERDEPROPERTIES
    (
        'avro.schema.url'='./src/test/resources/dealer_hierarchy/schema/DEALER_HIERARCHY_CORE.avsc'
    )
    STORED AS
        INPUTFORMAT 'org.apache.hadoop.hive.ql.io.avro.AvroContainerInputFormat'
        OUTPUTFORMAT 'org.apache.hadoop.hive.ql.io.avro.AvroContainerOutputFormat'
    LOCATION '${hiveconf:hadoop.tmp.dir.uri}/dealer_hierarchy/core_data'
15/09/06 13:13:51 INFO log.PerfLogger: <PERFLOG method=Driver.run from=org.apache.hadoop.hive.ql.Driver>
15/09/06 13:13:51 INFO log.PerfLogger: <PERFLOG method=TimeToSubmit from=org.apache.hadoop.hive.ql.Driver>
15/09/06 13:13:51 INFO ql.Driver: Concurrency mode is disabled, not creating a lock manager
15/09/06 13:13:51 INFO log.PerfLogger: <PERFLOG method=compile from=org.apache.hadoop.hive.ql.Driver>
15/09/06 13:13:51 INFO log.PerfLogger: <PERFLOG method=parse from=org.apache.hadoop.hive.ql.Driver>
15/09/06 13:13:51 INFO parse.ParseDriver: Parsing command: 

CREATE EXTERNAL TABLE DEALER_HIERARCHY_CORE
    PARTITIONED BY (dealer_code string)
    ROW FORMAT SERDE 'org.apache.hadoop.hive.serde2.avro.AvroSerDe'
    WITH SERDEPROPERTIES
    (
        'avro.schema.url'='./src/test/resources/dealer_hierarchy/schema/DEALER_HIERARCHY_CORE.avsc'
    )
    STORED AS
        INPUTFORMAT 'org.apache.hadoop.hive.ql.io.avro.AvroContainerInputFormat'
        OUTPUTFORMAT 'org.apache.hadoop.hive.ql.io.avro.AvroContainerOutputFormat'
    LOCATION 'file:///var/folders/y7/4_pz5fzx54ngcmghz3v6t3m00000gn/T/junit5910417261063589903/hadooptmp//dealer_hierarchy/core_data'
15/09/06 13:13:51 INFO parse.ParseDriver: Parse Completed
15/09/06 13:13:51 INFO log.PerfLogger: </PERFLOG method=parse start=1441563231554 end=1441563231555 duration=1 from=org.apache.hadoop.hive.ql.Driver>
15/09/06 13:13:51 INFO log.PerfLogger: <PERFLOG method=semanticAnalyze from=org.apache.hadoop.hive.ql.Driver>
15/09/06 13:13:51 INFO parse.SemanticAnalyzer: Starting Semantic Analysis
15/09/06 13:13:51 INFO parse.SemanticAnalyzer: Creating table DEALER_HIERARCHY_CORE position=22
15/09/06 13:13:51 INFO metastore.HiveMetaStore: 0: get_database: ddsw_dev
15/09/06 13:13:51 INFO HiveMetaStore.audit: ugi=hpatel	ip=unknown-ip-addr	cmd=get_database: ddsw_dev	
15/09/06 13:13:51 INFO ql.Driver: Semantic Analysis Completed
15/09/06 13:13:51 INFO log.PerfLogger: </PERFLOG method=semanticAnalyze start=1441563231555 end=1441563231557 duration=2 from=org.apache.hadoop.hive.ql.Driver>
15/09/06 13:13:51 INFO ql.Driver: Returning Hive schema: Schema(fieldSchemas:null, properties:null)
15/09/06 13:13:51 INFO log.PerfLogger: </PERFLOG method=compile start=1441563231553 end=1441563231557 duration=4 from=org.apache.hadoop.hive.ql.Driver>
15/09/06 13:13:51 INFO log.PerfLogger: <PERFLOG method=Driver.execute from=org.apache.hadoop.hive.ql.Driver>
15/09/06 13:13:51 INFO ql.Driver: Starting command: 

CREATE EXTERNAL TABLE DEALER_HIERARCHY_CORE
    PARTITIONED BY (dealer_code string)
    ROW FORMAT SERDE 'org.apache.hadoop.hive.serde2.avro.AvroSerDe'
    WITH SERDEPROPERTIES
    (
        'avro.schema.url'='./src/test/resources/dealer_hierarchy/schema/DEALER_HIERARCHY_CORE.avsc'
    )
    STORED AS
        INPUTFORMAT 'org.apache.hadoop.hive.ql.io.avro.AvroContainerInputFormat'
        OUTPUTFORMAT 'org.apache.hadoop.hive.ql.io.avro.AvroContainerOutputFormat'
    LOCATION 'file:///var/folders/y7/4_pz5fzx54ngcmghz3v6t3m00000gn/T/junit5910417261063589903/hadooptmp//dealer_hierarchy/core_data'
15/09/06 13:13:51 INFO log.PerfLogger: </PERFLOG method=TimeToSubmit start=1441563231553 end=1441563231558 duration=5 from=org.apache.hadoop.hive.ql.Driver>
15/09/06 13:13:51 INFO log.PerfLogger: <PERFLOG method=runTasks from=org.apache.hadoop.hive.ql.Driver>
15/09/06 13:13:51 INFO log.PerfLogger: <PERFLOG method=task.DDL.Stage-0 from=org.apache.hadoop.hive.ql.Driver>
15/09/06 13:13:51 INFO avro.AvroSerDe: Avro schema is {"type":"record","name":"DEALER_HIERARCHY_CORE","doc":"Sqoop import of DEALER_HIERARCHY","fields":[{"name":"File_Name","type":["string","null"],"columnName":"File_Name"},{"name":"GEN_ID","type":["string","null"],"columnName":"GEN_ID"},{"name":"DMS_SYSTEM","type":["string","null"],"columnName":"DMS_SYSTEM"},{"name":"DMS_VERSION","type":["string","null"],"columnName":"DMS_VERSION"},{"name":"TRANSMIT_TS","type":["string","null"],"columnName":"TRANSMIT_TS"},{"name":"ORIG_TRANSMIT_TS","type":["string","null"],"columnName":"TRANSMIT_TS"},{"name":"TRANSMIT_BY","type":["string","null"],"columnName":"TRANSMIT_BY"},{"name":"RECORD_STATUS","type":["string","null"],"columnName":"RECORD_STATUS"},{"name":"DEALER_UPDT_IND","type":["string","null"],"columnName":"DEALER_UPDT_IND","sqlType":"1"},{"name":"STORE_NUMBER","type":["string","null"],"columnName":"STORE_NUMBER"},{"name":"PART_TYPE","type":["string","null"],"columnName":"PART_TYPE"},{"name":"STORE_NAME","type":["string","null"],"columnName":"STORE_NAME"},{"name":"INVENTORY_STORE_NUMBER","type":["string","null"],"columnName":"INVENTORY_STORE_NUMBER"},{"name":"CAT_EMRG_DEALER_CODE","type":["string","null"],"columnName":"CAT_EMRG_DEALER_CODE"},{"name":"CAT_STOCK_DEALER_CODE","type":["string","null"],"columnName":"CAT_STOCK_DEALER_CODE"},{"name":"STOCK_REPLEN_STORE_NUMBER","type":["string","null"],"columnName":"STOCK_REPLEN_STORE_NUMBER"},{"name":"STOCK_REPLEN_LEAD_TIME","type":["string","null"],"columnName":"STOCK_REPLEN_LEAD_TIME"},{"name":"LST_UPDT_TS","type":["string","null"],"columnName":"LST_UPDT_TS"},{"name":"ORIG_LST_UPDT_TS","type":["string","null"],"columnName":"ORIG_LST_UPDT_TS"},{"name":"LST_UPDT_BY_ID","type":["string","null"],"columnName":"LST_UPDT_BY_ID"},{"name":"FILE_INS_TS","type":["string","null"],"columnName":"FILE_INS_TS"},{"name":"ORIG_FILE_INS_TS","type":["string","null"],"columnName":"ORIG_FILE_INS_TS"},{"name":"EXP_STOCK_PLAN_LEAD_TIME","type":["string","null"],"columnName":"EXP_STOCK_PLAN_LEAD_TIME"}],"tableName":"DEALER_HIERARCHY_CORE"}
15/09/06 13:13:51 INFO avro.AvroSerDe: Avro schema is {"type":"record","name":"DEALER_HIERARCHY_CORE","doc":"Sqoop import of DEALER_HIERARCHY","fields":[{"name":"File_Name","type":["string","null"],"columnName":"File_Name"},{"name":"GEN_ID","type":["string","null"],"columnName":"GEN_ID"},{"name":"DMS_SYSTEM","type":["string","null"],"columnName":"DMS_SYSTEM"},{"name":"DMS_VERSION","type":["string","null"],"columnName":"DMS_VERSION"},{"name":"TRANSMIT_TS","type":["string","null"],"columnName":"TRANSMIT_TS"},{"name":"ORIG_TRANSMIT_TS","type":["string","null"],"columnName":"TRANSMIT_TS"},{"name":"TRANSMIT_BY","type":["string","null"],"columnName":"TRANSMIT_BY"},{"name":"RECORD_STATUS","type":["string","null"],"columnName":"RECORD_STATUS"},{"name":"DEALER_UPDT_IND","type":["string","null"],"columnName":"DEALER_UPDT_IND","sqlType":"1"},{"name":"STORE_NUMBER","type":["string","null"],"columnName":"STORE_NUMBER"},{"name":"PART_TYPE","type":["string","null"],"columnName":"PART_TYPE"},{"name":"STORE_NAME","type":["string","null"],"columnName":"STORE_NAME"},{"name":"INVENTORY_STORE_NUMBER","type":["string","null"],"columnName":"INVENTORY_STORE_NUMBER"},{"name":"CAT_EMRG_DEALER_CODE","type":["string","null"],"columnName":"CAT_EMRG_DEALER_CODE"},{"name":"CAT_STOCK_DEALER_CODE","type":["string","null"],"columnName":"CAT_STOCK_DEALER_CODE"},{"name":"STOCK_REPLEN_STORE_NUMBER","type":["string","null"],"columnName":"STOCK_REPLEN_STORE_NUMBER"},{"name":"STOCK_REPLEN_LEAD_TIME","type":["string","null"],"columnName":"STOCK_REPLEN_LEAD_TIME"},{"name":"LST_UPDT_TS","type":["string","null"],"columnName":"LST_UPDT_TS"},{"name":"ORIG_LST_UPDT_TS","type":["string","null"],"columnName":"ORIG_LST_UPDT_TS"},{"name":"LST_UPDT_BY_ID","type":["string","null"],"columnName":"LST_UPDT_BY_ID"},{"name":"FILE_INS_TS","type":["string","null"],"columnName":"FILE_INS_TS"},{"name":"ORIG_FILE_INS_TS","type":["string","null"],"columnName":"ORIG_FILE_INS_TS"},{"name":"EXP_STOCK_PLAN_LEAD_TIME","type":["string","null"],"columnName":"EXP_STOCK_PLAN_LEAD_TIME"}],"tableName":"DEALER_HIERARCHY_CORE"}
15/09/06 13:13:51 INFO metastore.HiveMetaStore: 0: create_table: Table(tableName:DEALER_HIERARCHY_CORE, dbName:ddsw_dev, owner:hpatel, createTime:1441563231, lastAccessTime:0, retention:0, sd:StorageDescriptor(cols:[FieldSchema(name:file_name, type:string, comment:from deserializer), FieldSchema(name:gen_id, type:string, comment:from deserializer), FieldSchema(name:dms_system, type:string, comment:from deserializer), FieldSchema(name:dms_version, type:string, comment:from deserializer), FieldSchema(name:transmit_ts, type:string, comment:from deserializer), FieldSchema(name:orig_transmit_ts, type:string, comment:from deserializer), FieldSchema(name:transmit_by, type:string, comment:from deserializer), FieldSchema(name:record_status, type:string, comment:from deserializer), FieldSchema(name:dealer_updt_ind, type:string, comment:from deserializer), FieldSchema(name:store_number, type:string, comment:from deserializer), FieldSchema(name:part_type, type:string, comment:from deserializer), FieldSchema(name:store_name, type:string, comment:from deserializer), FieldSchema(name:inventory_store_number, type:string, comment:from deserializer), FieldSchema(name:cat_emrg_dealer_code, type:string, comment:from deserializer), FieldSchema(name:cat_stock_dealer_code, type:string, comment:from deserializer), FieldSchema(name:stock_replen_store_number, type:string, comment:from deserializer), FieldSchema(name:stock_replen_lead_time, type:string, comment:from deserializer), FieldSchema(name:lst_updt_ts, type:string, comment:from deserializer), FieldSchema(name:orig_lst_updt_ts, type:string, comment:from deserializer), FieldSchema(name:lst_updt_by_id, type:string, comment:from deserializer), FieldSchema(name:file_ins_ts, type:string, comment:from deserializer), FieldSchema(name:orig_file_ins_ts, type:string, comment:from deserializer), FieldSchema(name:exp_stock_plan_lead_time, type:string, comment:from deserializer)], location:file:/var/folders/y7/4_pz5fzx54ngcmghz3v6t3m00000gn/T/junit5910417261063589903/hadooptmp/dealer_hierarchy/core_data, inputFormat:org.apache.hadoop.hive.ql.io.avro.AvroContainerInputFormat, outputFormat:org.apache.hadoop.hive.ql.io.avro.AvroContainerOutputFormat, compressed:false, numBuckets:-1, serdeInfo:SerDeInfo(name:null, serializationLib:org.apache.hadoop.hive.serde2.avro.AvroSerDe, parameters:{avro.schema.url=./src/test/resources/dealer_hierarchy/schema/DEALER_HIERARCHY_CORE.avsc, serialization.format=1}), bucketCols:[], sortCols:[], parameters:{}, skewedInfo:SkewedInfo(skewedColNames:[], skewedColValues:[], skewedColValueLocationMaps:{}), storedAsSubDirectories:false), partitionKeys:[FieldSchema(name:dealer_code, type:string, comment:null)], parameters:{EXTERNAL=TRUE}, viewOriginalText:null, viewExpandedText:null, tableType:EXTERNAL_TABLE)
15/09/06 13:13:51 INFO HiveMetaStore.audit: ugi=hpatel	ip=unknown-ip-addr	cmd=create_table: Table(tableName:DEALER_HIERARCHY_CORE, dbName:ddsw_dev, owner:hpatel, createTime:1441563231, lastAccessTime:0, retention:0, sd:StorageDescriptor(cols:[FieldSchema(name:file_name, type:string, comment:from deserializer), FieldSchema(name:gen_id, type:string, comment:from deserializer), FieldSchema(name:dms_system, type:string, comment:from deserializer), FieldSchema(name:dms_version, type:string, comment:from deserializer), FieldSchema(name:transmit_ts, type:string, comment:from deserializer), FieldSchema(name:orig_transmit_ts, type:string, comment:from deserializer), FieldSchema(name:transmit_by, type:string, comment:from deserializer), FieldSchema(name:record_status, type:string, comment:from deserializer), FieldSchema(name:dealer_updt_ind, type:string, comment:from deserializer), FieldSchema(name:store_number, type:string, comment:from deserializer), FieldSchema(name:part_type, type:string, comment:from deserializer), FieldSchema(name:store_name, type:string, comment:from deserializer), FieldSchema(name:inventory_store_number, type:string, comment:from deserializer), FieldSchema(name:cat_emrg_dealer_code, type:string, comment:from deserializer), FieldSchema(name:cat_stock_dealer_code, type:string, comment:from deserializer), FieldSchema(name:stock_replen_store_number, type:string, comment:from deserializer), FieldSchema(name:stock_replen_lead_time, type:string, comment:from deserializer), FieldSchema(name:lst_updt_ts, type:string, comment:from deserializer), FieldSchema(name:orig_lst_updt_ts, type:string, comment:from deserializer), FieldSchema(name:lst_updt_by_id, type:string, comment:from deserializer), FieldSchema(name:file_ins_ts, type:string, comment:from deserializer), FieldSchema(name:orig_file_ins_ts, type:string, comment:from deserializer), FieldSchema(name:exp_stock_plan_lead_time, type:string, comment:from deserializer)], location:file:/var/folders/y7/4_pz5fzx54ngcmghz3v6t3m00000gn/T/junit5910417261063589903/hadooptmp/dealer_hierarchy/core_data, inputFormat:org.apache.hadoop.hive.ql.io.avro.AvroContainerInputFormat, outputFormat:org.apache.hadoop.hive.ql.io.avro.AvroContainerOutputFormat, compressed:false, numBuckets:-1, serdeInfo:SerDeInfo(name:null, serializationLib:org.apache.hadoop.hive.serde2.avro.AvroSerDe, parameters:{avro.schema.url=./src/test/resources/dealer_hierarchy/schema/DEALER_HIERARCHY_CORE.avsc, serialization.format=1}), bucketCols:[], sortCols:[], parameters:{}, skewedInfo:SkewedInfo(skewedColNames:[], skewedColValues:[], skewedColValueLocationMaps:{}), storedAsSubDirectories:false), partitionKeys:[FieldSchema(name:dealer_code, type:string, comment:null)], parameters:{EXTERNAL=TRUE}, viewOriginalText:null, viewExpandedText:null, tableType:EXTERNAL_TABLE)	
15/09/06 13:13:51 INFO common.FileUtils: Creating directory if it doesn't exist: file:/var/folders/y7/4_pz5fzx54ngcmghz3v6t3m00000gn/T/junit5910417261063589903/hadooptmp/dealer_hierarchy/core_data
15/09/06 13:13:51 INFO log.PerfLogger: </PERFLOG method=runTasks start=1441563231558 end=1441563231609 duration=51 from=org.apache.hadoop.hive.ql.Driver>
15/09/06 13:13:51 INFO log.PerfLogger: </PERFLOG method=Driver.execute start=1441563231557 end=1441563231609 duration=52 from=org.apache.hadoop.hive.ql.Driver>
OK
15/09/06 13:13:51 INFO ql.Driver: OK
15/09/06 13:13:51 INFO log.PerfLogger: <PERFLOG method=releaseLocks from=org.apache.hadoop.hive.ql.Driver>
15/09/06 13:13:51 INFO log.PerfLogger: </PERFLOG method=releaseLocks start=1441563231609 end=1441563231609 duration=0 from=org.apache.hadoop.hive.ql.Driver>
15/09/06 13:13:51 INFO log.PerfLogger: </PERFLOG method=Driver.run start=1441563231553 end=1441563231609 duration=56 from=org.apache.hadoop.hive.ql.Driver>
15/09/06 13:13:51 INFO service.HiveServer: Running the query: 

15/09/06 13:13:51 INFO builder.HiveShellTearable: Created hive resource /var/folders/y7/4_pz5fzx54ngcmghz3v6t3m00000gn/T/junit5910417261063589903/hadooptmp/dealer_hierarchy/temp_data/dealer_code=AAAA/temp_data_from_string.csv
15/09/06 13:13:51 INFO builder.HiveShellTearable: Created hive resource /var/folders/y7/4_pz5fzx54ngcmghz3v6t3m00000gn/T/junit5910417261063589903/hadooptmp/dealer_hierarchy/temp_data/dealer_code=ZZZZ/temp_data_from_file.csv
15/09/06 13:13:51 INFO service.HiveServer: Running the query: MSCK REPAIR TABLE dealer_hierarchy_core
15/09/06 13:13:51 INFO log.PerfLogger: <PERFLOG method=Driver.run from=org.apache.hadoop.hive.ql.Driver>
15/09/06 13:13:51 INFO log.PerfLogger: <PERFLOG method=TimeToSubmit from=org.apache.hadoop.hive.ql.Driver>
15/09/06 13:13:51 INFO ql.Driver: Concurrency mode is disabled, not creating a lock manager
15/09/06 13:13:51 INFO log.PerfLogger: <PERFLOG method=compile from=org.apache.hadoop.hive.ql.Driver>
15/09/06 13:13:51 INFO log.PerfLogger: <PERFLOG method=parse from=org.apache.hadoop.hive.ql.Driver>
15/09/06 13:13:51 INFO parse.ParseDriver: Parsing command: MSCK REPAIR TABLE dealer_hierarchy_core
15/09/06 13:13:51 INFO parse.ParseDriver: Parse Completed
15/09/06 13:13:51 INFO log.PerfLogger: </PERFLOG method=parse start=1441563231610 end=1441563231611 duration=1 from=org.apache.hadoop.hive.ql.Driver>
15/09/06 13:13:51 INFO log.PerfLogger: <PERFLOG method=semanticAnalyze from=org.apache.hadoop.hive.ql.Driver>
15/09/06 13:13:51 INFO ql.Driver: Semantic Analysis Completed
15/09/06 13:13:51 INFO log.PerfLogger: </PERFLOG method=semanticAnalyze start=1441563231611 end=1441563231615 duration=4 from=org.apache.hadoop.hive.ql.Driver>
15/09/06 13:13:51 INFO ql.Driver: Returning Hive schema: Schema(fieldSchemas:null, properties:null)
15/09/06 13:13:51 INFO log.PerfLogger: </PERFLOG method=compile start=1441563231610 end=1441563231615 duration=5 from=org.apache.hadoop.hive.ql.Driver>
15/09/06 13:13:51 INFO log.PerfLogger: <PERFLOG method=Driver.execute from=org.apache.hadoop.hive.ql.Driver>
15/09/06 13:13:51 INFO ql.Driver: Starting command: MSCK REPAIR TABLE dealer_hierarchy_core
15/09/06 13:13:51 INFO log.PerfLogger: </PERFLOG method=TimeToSubmit start=1441563231610 end=1441563231615 duration=5 from=org.apache.hadoop.hive.ql.Driver>
15/09/06 13:13:51 INFO log.PerfLogger: <PERFLOG method=runTasks from=org.apache.hadoop.hive.ql.Driver>
15/09/06 13:13:51 INFO log.PerfLogger: <PERFLOG method=task.DDL.Stage-0 from=org.apache.hadoop.hive.ql.Driver>
15/09/06 13:13:51 INFO metastore.HiveMetaStore: 0: get_table : db=ddsw_dev tbl=dealer_hierarchy_core
15/09/06 13:13:51 INFO HiveMetaStore.audit: ugi=hpatel	ip=unknown-ip-addr	cmd=get_table : db=ddsw_dev tbl=dealer_hierarchy_core	
15/09/06 13:13:51 INFO avro.AvroSerDe: Avro schema is {"type":"record","name":"DEALER_HIERARCHY_CORE","doc":"Sqoop import of DEALER_HIERARCHY","fields":[{"name":"File_Name","type":["string","null"],"columnName":"File_Name"},{"name":"GEN_ID","type":["string","null"],"columnName":"GEN_ID"},{"name":"DMS_SYSTEM","type":["string","null"],"columnName":"DMS_SYSTEM"},{"name":"DMS_VERSION","type":["string","null"],"columnName":"DMS_VERSION"},{"name":"TRANSMIT_TS","type":["string","null"],"columnName":"TRANSMIT_TS"},{"name":"ORIG_TRANSMIT_TS","type":["string","null"],"columnName":"TRANSMIT_TS"},{"name":"TRANSMIT_BY","type":["string","null"],"columnName":"TRANSMIT_BY"},{"name":"RECORD_STATUS","type":["string","null"],"columnName":"RECORD_STATUS"},{"name":"DEALER_UPDT_IND","type":["string","null"],"columnName":"DEALER_UPDT_IND","sqlType":"1"},{"name":"STORE_NUMBER","type":["string","null"],"columnName":"STORE_NUMBER"},{"name":"PART_TYPE","type":["string","null"],"columnName":"PART_TYPE"},{"name":"STORE_NAME","type":["string","null"],"columnName":"STORE_NAME"},{"name":"INVENTORY_STORE_NUMBER","type":["string","null"],"columnName":"INVENTORY_STORE_NUMBER"},{"name":"CAT_EMRG_DEALER_CODE","type":["string","null"],"columnName":"CAT_EMRG_DEALER_CODE"},{"name":"CAT_STOCK_DEALER_CODE","type":["string","null"],"columnName":"CAT_STOCK_DEALER_CODE"},{"name":"STOCK_REPLEN_STORE_NUMBER","type":["string","null"],"columnName":"STOCK_REPLEN_STORE_NUMBER"},{"name":"STOCK_REPLEN_LEAD_TIME","type":["string","null"],"columnName":"STOCK_REPLEN_LEAD_TIME"},{"name":"LST_UPDT_TS","type":["string","null"],"columnName":"LST_UPDT_TS"},{"name":"ORIG_LST_UPDT_TS","type":["string","null"],"columnName":"ORIG_LST_UPDT_TS"},{"name":"LST_UPDT_BY_ID","type":["string","null"],"columnName":"LST_UPDT_BY_ID"},{"name":"FILE_INS_TS","type":["string","null"],"columnName":"FILE_INS_TS"},{"name":"ORIG_FILE_INS_TS","type":["string","null"],"columnName":"ORIG_FILE_INS_TS"},{"name":"EXP_STOCK_PLAN_LEAD_TIME","type":["string","null"],"columnName":"EXP_STOCK_PLAN_LEAD_TIME"}],"tableName":"DEALER_HIERARCHY_CORE"}
15/09/06 13:13:51 INFO avro.AvroSerDe: Avro schema is {"type":"record","name":"DEALER_HIERARCHY_CORE","doc":"Sqoop import of DEALER_HIERARCHY","fields":[{"name":"File_Name","type":["string","null"],"columnName":"File_Name"},{"name":"GEN_ID","type":["string","null"],"columnName":"GEN_ID"},{"name":"DMS_SYSTEM","type":["string","null"],"columnName":"DMS_SYSTEM"},{"name":"DMS_VERSION","type":["string","null"],"columnName":"DMS_VERSION"},{"name":"TRANSMIT_TS","type":["string","null"],"columnName":"TRANSMIT_TS"},{"name":"ORIG_TRANSMIT_TS","type":["string","null"],"columnName":"TRANSMIT_TS"},{"name":"TRANSMIT_BY","type":["string","null"],"columnName":"TRANSMIT_BY"},{"name":"RECORD_STATUS","type":["string","null"],"columnName":"RECORD_STATUS"},{"name":"DEALER_UPDT_IND","type":["string","null"],"columnName":"DEALER_UPDT_IND","sqlType":"1"},{"name":"STORE_NUMBER","type":["string","null"],"columnName":"STORE_NUMBER"},{"name":"PART_TYPE","type":["string","null"],"columnName":"PART_TYPE"},{"name":"STORE_NAME","type":["string","null"],"columnName":"STORE_NAME"},{"name":"INVENTORY_STORE_NUMBER","type":["string","null"],"columnName":"INVENTORY_STORE_NUMBER"},{"name":"CAT_EMRG_DEALER_CODE","type":["string","null"],"columnName":"CAT_EMRG_DEALER_CODE"},{"name":"CAT_STOCK_DEALER_CODE","type":["string","null"],"columnName":"CAT_STOCK_DEALER_CODE"},{"name":"STOCK_REPLEN_STORE_NUMBER","type":["string","null"],"columnName":"STOCK_REPLEN_STORE_NUMBER"},{"name":"STOCK_REPLEN_LEAD_TIME","type":["string","null"],"columnName":"STOCK_REPLEN_LEAD_TIME"},{"name":"LST_UPDT_TS","type":["string","null"],"columnName":"LST_UPDT_TS"},{"name":"ORIG_LST_UPDT_TS","type":["string","null"],"columnName":"ORIG_LST_UPDT_TS"},{"name":"LST_UPDT_BY_ID","type":["string","null"],"columnName":"LST_UPDT_BY_ID"},{"name":"FILE_INS_TS","type":["string","null"],"columnName":"FILE_INS_TS"},{"name":"ORIG_FILE_INS_TS","type":["string","null"],"columnName":"ORIG_FILE_INS_TS"},{"name":"EXP_STOCK_PLAN_LEAD_TIME","type":["string","null"],"columnName":"EXP_STOCK_PLAN_LEAD_TIME"}],"tableName":"DEALER_HIERARCHY_CORE"}
15/09/06 13:13:51 INFO metastore.HiveMetaStore: 0: get_partitions_with_auth : db=ddsw_dev tbl=dealer_hierarchy_core
15/09/06 13:13:51 INFO HiveMetaStore.audit: ugi=hpatel	ip=unknown-ip-addr	cmd=get_partitions_with_auth : db=ddsw_dev tbl=dealer_hierarchy_core	
15/09/06 13:13:51 INFO log.PerfLogger: </PERFLOG method=runTasks start=1441563231615 end=1441563231649 duration=34 from=org.apache.hadoop.hive.ql.Driver>
15/09/06 13:13:51 INFO log.PerfLogger: </PERFLOG method=Driver.execute start=1441563231615 end=1441563231650 duration=35 from=org.apache.hadoop.hive.ql.Driver>
OK
15/09/06 13:13:51 INFO ql.Driver: OK
15/09/06 13:13:51 INFO log.PerfLogger: <PERFLOG method=releaseLocks from=org.apache.hadoop.hive.ql.Driver>
15/09/06 13:13:51 INFO log.PerfLogger: </PERFLOG method=releaseLocks start=1441563231650 end=1441563231650 duration=0 from=org.apache.hadoop.hive.ql.Driver>
15/09/06 13:13:51 INFO log.PerfLogger: </PERFLOG method=Driver.run start=1441563231610 end=1441563231650 duration=40 from=org.apache.hadoop.hive.ql.Driver>
15/09/06 13:13:51 INFO service.HiveServer: Running the query: MSCK REPAIR TABLE dealer_hierarchy_temp_data
15/09/06 13:13:51 INFO log.PerfLogger: <PERFLOG method=Driver.run from=org.apache.hadoop.hive.ql.Driver>
15/09/06 13:13:51 INFO log.PerfLogger: <PERFLOG method=TimeToSubmit from=org.apache.hadoop.hive.ql.Driver>
15/09/06 13:13:51 INFO ql.Driver: Concurrency mode is disabled, not creating a lock manager
15/09/06 13:13:51 INFO log.PerfLogger: <PERFLOG method=compile from=org.apache.hadoop.hive.ql.Driver>
15/09/06 13:13:51 INFO log.PerfLogger: <PERFLOG method=parse from=org.apache.hadoop.hive.ql.Driver>
15/09/06 13:13:51 INFO parse.ParseDriver: Parsing command: MSCK REPAIR TABLE dealer_hierarchy_temp_data
15/09/06 13:13:51 INFO parse.ParseDriver: Parse Completed
15/09/06 13:13:51 INFO log.PerfLogger: </PERFLOG method=parse start=1441563231651 end=1441563231651 duration=0 from=org.apache.hadoop.hive.ql.Driver>
15/09/06 13:13:51 INFO log.PerfLogger: <PERFLOG method=semanticAnalyze from=org.apache.hadoop.hive.ql.Driver>
15/09/06 13:13:51 INFO ql.Driver: Semantic Analysis Completed
15/09/06 13:13:51 INFO log.PerfLogger: </PERFLOG method=semanticAnalyze start=1441563231651 end=1441563231655 duration=4 from=org.apache.hadoop.hive.ql.Driver>
15/09/06 13:13:51 INFO ql.Driver: Returning Hive schema: Schema(fieldSchemas:null, properties:null)
15/09/06 13:13:51 INFO log.PerfLogger: </PERFLOG method=compile start=1441563231650 end=1441563231655 duration=5 from=org.apache.hadoop.hive.ql.Driver>
15/09/06 13:13:51 INFO log.PerfLogger: <PERFLOG method=Driver.execute from=org.apache.hadoop.hive.ql.Driver>
15/09/06 13:13:51 INFO ql.Driver: Starting command: MSCK REPAIR TABLE dealer_hierarchy_temp_data
15/09/06 13:13:51 INFO log.PerfLogger: </PERFLOG method=TimeToSubmit start=1441563231650 end=1441563231655 duration=5 from=org.apache.hadoop.hive.ql.Driver>
15/09/06 13:13:51 INFO log.PerfLogger: <PERFLOG method=runTasks from=org.apache.hadoop.hive.ql.Driver>
15/09/06 13:13:51 INFO log.PerfLogger: <PERFLOG method=task.DDL.Stage-0 from=org.apache.hadoop.hive.ql.Driver>
15/09/06 13:13:51 INFO metastore.HiveMetaStore: 0: get_table : db=ddsw_dev tbl=dealer_hierarchy_temp_data
15/09/06 13:13:51 INFO HiveMetaStore.audit: ugi=hpatel	ip=unknown-ip-addr	cmd=get_table : db=ddsw_dev tbl=dealer_hierarchy_temp_data	
15/09/06 13:13:51 INFO metastore.HiveMetaStore: 0: get_partitions_with_auth : db=ddsw_dev tbl=dealer_hierarchy_temp_data
15/09/06 13:13:51 INFO HiveMetaStore.audit: ugi=hpatel	ip=unknown-ip-addr	cmd=get_partitions_with_auth : db=ddsw_dev tbl=dealer_hierarchy_temp_data	
15/09/06 13:13:51 INFO metastore.HiveMetaStore: 0: get_table : db=ddsw_dev tbl=dealer_hierarchy_temp_data
15/09/06 13:13:51 INFO HiveMetaStore.audit: ugi=hpatel	ip=unknown-ip-addr	cmd=get_table : db=ddsw_dev tbl=dealer_hierarchy_temp_data	
15/09/06 13:13:51 INFO metastore.HiveMetaStore: 0: get_table : db=ddsw_dev tbl=dealer_hierarchy_temp_data
15/09/06 13:13:51 INFO HiveMetaStore.audit: ugi=hpatel	ip=unknown-ip-addr	cmd=get_table : db=ddsw_dev tbl=dealer_hierarchy_temp_data	
15/09/06 13:13:51 INFO metastore.HiveMetaStore: 0: add_partitions
15/09/06 13:13:51 INFO HiveMetaStore.audit: ugi=hpatel	ip=unknown-ip-addr	cmd=add_partitions	
15/09/06 13:13:51 INFO log.PerfLogger: </PERFLOG method=runTasks start=1441563231655 end=1441563231713 duration=58 from=org.apache.hadoop.hive.ql.Driver>
15/09/06 13:13:51 INFO log.PerfLogger: </PERFLOG method=Driver.execute start=1441563231655 end=1441563231713 duration=58 from=org.apache.hadoop.hive.ql.Driver>
OK
15/09/06 13:13:51 INFO ql.Driver: OK
15/09/06 13:13:51 INFO log.PerfLogger: <PERFLOG method=releaseLocks from=org.apache.hadoop.hive.ql.Driver>
15/09/06 13:13:51 INFO log.PerfLogger: </PERFLOG method=releaseLocks start=1441563231713 end=1441563231714 duration=1 from=org.apache.hadoop.hive.ql.Driver>
15/09/06 13:13:51 INFO log.PerfLogger: </PERFLOG method=Driver.run start=1441563231650 end=1441563231714 duration=64 from=org.apache.hadoop.hive.ql.Driver>
15/09/06 13:13:51 INFO service.HiveServer: Running the query: 
INSERT INTO TABLE DEALER_HIERARCHY_CORE
  PARTITION (DEALER_CODE)
  SELECT
    dh.FILE_NAME,
    dh.GEN_ID,
    dh.DMS_SYSTEM,
    dh.DMS_VERSION,
    custom_utc_timestamp(format_mr_timestamp(dh.TRANSMIT_TS)) AS TRANSMIT_TS,
    format_mr_timestamp(dh.ORIG_TRANSMIT_TS) AS ORIG_TRANSMIT_TS,
    dh.TRANSMIT_BY,
    dh.RECORD_STATUS,
    dh.DEALER_UPDT_IND,
    trim(dh.STORE_NUMBER) as STORE_NUMBER,
    trim(dh.PART_TYPE) as PART_TYPE,
    dh.STORE_NAME,
    dh.INVENTORY_STORE_NUMBER,
    trim(dh.CAT_EMRG_DEALER_CODE) as CAT_EMRG_DEALER_CODE,
    trim(dh.CAT_STOCK_DEALER_CODE) as CAT_STOCK_DEALER_CODE,
    trim(dh.STOCK_REPLEN_STORE_NUMBER) as STOCK_REPLEN_STORE_NUMBER,
    dh.STOCK_REPLEN_LEAD_TIME,
    dh.LST_UPDT_TS,
    dh.ORIG_LST_UPDT_TS,
    dh.LST_UPDT_BY_ID,
    dh.file_ins_ts,
    dh.ORIG_file_ins_TS,
    dh.EXP_STOCK_PLAN_LEAD_TIME,
    trim(dh.DEALER_CODE) as DEALER_CODE
  FROM
    dealer_hierarchy_temp_data dh

15/09/06 13:13:51 INFO log.PerfLogger: <PERFLOG method=Driver.run from=org.apache.hadoop.hive.ql.Driver>
15/09/06 13:13:51 INFO log.PerfLogger: <PERFLOG method=TimeToSubmit from=org.apache.hadoop.hive.ql.Driver>
15/09/06 13:13:51 INFO ql.Driver: Concurrency mode is disabled, not creating a lock manager
15/09/06 13:13:51 INFO log.PerfLogger: <PERFLOG method=compile from=org.apache.hadoop.hive.ql.Driver>
15/09/06 13:13:51 INFO log.PerfLogger: <PERFLOG method=parse from=org.apache.hadoop.hive.ql.Driver>
15/09/06 13:13:51 INFO parse.ParseDriver: Parsing command: 
INSERT INTO TABLE DEALER_HIERARCHY_CORE
  PARTITION (DEALER_CODE)
  SELECT
    dh.FILE_NAME,
    dh.GEN_ID,
    dh.DMS_SYSTEM,
    dh.DMS_VERSION,
    custom_utc_timestamp(format_mr_timestamp(dh.TRANSMIT_TS)) AS TRANSMIT_TS,
    format_mr_timestamp(dh.ORIG_TRANSMIT_TS) AS ORIG_TRANSMIT_TS,
    dh.TRANSMIT_BY,
    dh.RECORD_STATUS,
    dh.DEALER_UPDT_IND,
    trim(dh.STORE_NUMBER) as STORE_NUMBER,
    trim(dh.PART_TYPE) as PART_TYPE,
    dh.STORE_NAME,
    dh.INVENTORY_STORE_NUMBER,
    trim(dh.CAT_EMRG_DEALER_CODE) as CAT_EMRG_DEALER_CODE,
    trim(dh.CAT_STOCK_DEALER_CODE) as CAT_STOCK_DEALER_CODE,
    trim(dh.STOCK_REPLEN_STORE_NUMBER) as STOCK_REPLEN_STORE_NUMBER,
    dh.STOCK_REPLEN_LEAD_TIME,
    dh.LST_UPDT_TS,
    dh.ORIG_LST_UPDT_TS,
    dh.LST_UPDT_BY_ID,
    dh.file_ins_ts,
    dh.ORIG_file_ins_TS,
    dh.EXP_STOCK_PLAN_LEAD_TIME,
    trim(dh.DEALER_CODE) as DEALER_CODE
  FROM
    dealer_hierarchy_temp_data dh

15/09/06 13:13:51 INFO parse.ParseDriver: Parse Completed
15/09/06 13:13:51 INFO log.PerfLogger: </PERFLOG method=parse start=1441563231715 end=1441563231721 duration=6 from=org.apache.hadoop.hive.ql.Driver>
15/09/06 13:13:51 INFO log.PerfLogger: <PERFLOG method=semanticAnalyze from=org.apache.hadoop.hive.ql.Driver>
15/09/06 13:13:51 INFO parse.SemanticAnalyzer: Starting Semantic Analysis
15/09/06 13:13:51 INFO parse.SemanticAnalyzer: Completed phase 1 of Semantic Analysis
15/09/06 13:13:51 INFO parse.SemanticAnalyzer: Get metadata for source tables
15/09/06 13:13:51 INFO metastore.HiveMetaStore: 0: get_table : db=ddsw_dev tbl=dealer_hierarchy_temp_data
15/09/06 13:13:51 INFO HiveMetaStore.audit: ugi=hpatel	ip=unknown-ip-addr	cmd=get_table : db=ddsw_dev tbl=dealer_hierarchy_temp_data	
15/09/06 13:13:51 INFO parse.SemanticAnalyzer: Get metadata for subqueries
15/09/06 13:13:51 INFO parse.SemanticAnalyzer: Get metadata for destination tables
15/09/06 13:13:51 INFO metastore.HiveMetaStore: 0: get_table : db=ddsw_dev tbl=DEALER_HIERARCHY_CORE
15/09/06 13:13:51 INFO HiveMetaStore.audit: ugi=hpatel	ip=unknown-ip-addr	cmd=get_table : db=ddsw_dev tbl=DEALER_HIERARCHY_CORE	
15/09/06 13:13:51 INFO avro.AvroSerDe: Avro schema is {"type":"record","name":"DEALER_HIERARCHY_CORE","doc":"Sqoop import of DEALER_HIERARCHY","fields":[{"name":"File_Name","type":["string","null"],"columnName":"File_Name"},{"name":"GEN_ID","type":["string","null"],"columnName":"GEN_ID"},{"name":"DMS_SYSTEM","type":["string","null"],"columnName":"DMS_SYSTEM"},{"name":"DMS_VERSION","type":["string","null"],"columnName":"DMS_VERSION"},{"name":"TRANSMIT_TS","type":["string","null"],"columnName":"TRANSMIT_TS"},{"name":"ORIG_TRANSMIT_TS","type":["string","null"],"columnName":"TRANSMIT_TS"},{"name":"TRANSMIT_BY","type":["string","null"],"columnName":"TRANSMIT_BY"},{"name":"RECORD_STATUS","type":["string","null"],"columnName":"RECORD_STATUS"},{"name":"DEALER_UPDT_IND","type":["string","null"],"columnName":"DEALER_UPDT_IND","sqlType":"1"},{"name":"STORE_NUMBER","type":["string","null"],"columnName":"STORE_NUMBER"},{"name":"PART_TYPE","type":["string","null"],"columnName":"PART_TYPE"},{"name":"STORE_NAME","type":["string","null"],"columnName":"STORE_NAME"},{"name":"INVENTORY_STORE_NUMBER","type":["string","null"],"columnName":"INVENTORY_STORE_NUMBER"},{"name":"CAT_EMRG_DEALER_CODE","type":["string","null"],"columnName":"CAT_EMRG_DEALER_CODE"},{"name":"CAT_STOCK_DEALER_CODE","type":["string","null"],"columnName":"CAT_STOCK_DEALER_CODE"},{"name":"STOCK_REPLEN_STORE_NUMBER","type":["string","null"],"columnName":"STOCK_REPLEN_STORE_NUMBER"},{"name":"STOCK_REPLEN_LEAD_TIME","type":["string","null"],"columnName":"STOCK_REPLEN_LEAD_TIME"},{"name":"LST_UPDT_TS","type":["string","null"],"columnName":"LST_UPDT_TS"},{"name":"ORIG_LST_UPDT_TS","type":["string","null"],"columnName":"ORIG_LST_UPDT_TS"},{"name":"LST_UPDT_BY_ID","type":["string","null"],"columnName":"LST_UPDT_BY_ID"},{"name":"FILE_INS_TS","type":["string","null"],"columnName":"FILE_INS_TS"},{"name":"ORIG_FILE_INS_TS","type":["string","null"],"columnName":"ORIG_FILE_INS_TS"},{"name":"EXP_STOCK_PLAN_LEAD_TIME","type":["string","null"],"columnName":"EXP_STOCK_PLAN_LEAD_TIME"}],"tableName":"DEALER_HIERARCHY_CORE"}
15/09/06 13:13:51 INFO avro.AvroSerDe: Avro schema is {"type":"record","name":"DEALER_HIERARCHY_CORE","doc":"Sqoop import of DEALER_HIERARCHY","fields":[{"name":"File_Name","type":["string","null"],"columnName":"File_Name"},{"name":"GEN_ID","type":["string","null"],"columnName":"GEN_ID"},{"name":"DMS_SYSTEM","type":["string","null"],"columnName":"DMS_SYSTEM"},{"name":"DMS_VERSION","type":["string","null"],"columnName":"DMS_VERSION"},{"name":"TRANSMIT_TS","type":["string","null"],"columnName":"TRANSMIT_TS"},{"name":"ORIG_TRANSMIT_TS","type":["string","null"],"columnName":"TRANSMIT_TS"},{"name":"TRANSMIT_BY","type":["string","null"],"columnName":"TRANSMIT_BY"},{"name":"RECORD_STATUS","type":["string","null"],"columnName":"RECORD_STATUS"},{"name":"DEALER_UPDT_IND","type":["string","null"],"columnName":"DEALER_UPDT_IND","sqlType":"1"},{"name":"STORE_NUMBER","type":["string","null"],"columnName":"STORE_NUMBER"},{"name":"PART_TYPE","type":["string","null"],"columnName":"PART_TYPE"},{"name":"STORE_NAME","type":["string","null"],"columnName":"STORE_NAME"},{"name":"INVENTORY_STORE_NUMBER","type":["string","null"],"columnName":"INVENTORY_STORE_NUMBER"},{"name":"CAT_EMRG_DEALER_CODE","type":["string","null"],"columnName":"CAT_EMRG_DEALER_CODE"},{"name":"CAT_STOCK_DEALER_CODE","type":["string","null"],"columnName":"CAT_STOCK_DEALER_CODE"},{"name":"STOCK_REPLEN_STORE_NUMBER","type":["string","null"],"columnName":"STOCK_REPLEN_STORE_NUMBER"},{"name":"STOCK_REPLEN_LEAD_TIME","type":["string","null"],"columnName":"STOCK_REPLEN_LEAD_TIME"},{"name":"LST_UPDT_TS","type":["string","null"],"columnName":"LST_UPDT_TS"},{"name":"ORIG_LST_UPDT_TS","type":["string","null"],"columnName":"ORIG_LST_UPDT_TS"},{"name":"LST_UPDT_BY_ID","type":["string","null"],"columnName":"LST_UPDT_BY_ID"},{"name":"FILE_INS_TS","type":["string","null"],"columnName":"FILE_INS_TS"},{"name":"ORIG_FILE_INS_TS","type":["string","null"],"columnName":"ORIG_FILE_INS_TS"},{"name":"EXP_STOCK_PLAN_LEAD_TIME","type":["string","null"],"columnName":"EXP_STOCK_PLAN_LEAD_TIME"}],"tableName":"DEALER_HIERARCHY_CORE"}
15/09/06 13:13:51 WARN parse.BaseSemanticAnalyzer: Dynamic partitioning is used; only validating 0 columns
15/09/06 13:13:51 INFO parse.SemanticAnalyzer: Completed getting MetaData in Semantic Analysis
15/09/06 13:13:51 INFO common.FileUtils: Creating directory if it doesn't exist: file:/var/folders/y7/4_pz5fzx54ngcmghz3v6t3m00000gn/T/junit5910417261063589903/hadooptmp/dealer_hierarchy/core_data/.hive-staging_hive_2015-09-06_13-13-51_715_4995113190555269638-1
15/09/06 13:13:51 INFO avro.AvroSerDe: Avro schema is {"type":"record","name":"DEALER_HIERARCHY_CORE","doc":"Sqoop import of DEALER_HIERARCHY","fields":[{"name":"File_Name","type":["string","null"],"columnName":"File_Name"},{"name":"GEN_ID","type":["string","null"],"columnName":"GEN_ID"},{"name":"DMS_SYSTEM","type":["string","null"],"columnName":"DMS_SYSTEM"},{"name":"DMS_VERSION","type":["string","null"],"columnName":"DMS_VERSION"},{"name":"TRANSMIT_TS","type":["string","null"],"columnName":"TRANSMIT_TS"},{"name":"ORIG_TRANSMIT_TS","type":["string","null"],"columnName":"TRANSMIT_TS"},{"name":"TRANSMIT_BY","type":["string","null"],"columnName":"TRANSMIT_BY"},{"name":"RECORD_STATUS","type":["string","null"],"columnName":"RECORD_STATUS"},{"name":"DEALER_UPDT_IND","type":["string","null"],"columnName":"DEALER_UPDT_IND","sqlType":"1"},{"name":"STORE_NUMBER","type":["string","null"],"columnName":"STORE_NUMBER"},{"name":"PART_TYPE","type":["string","null"],"columnName":"PART_TYPE"},{"name":"STORE_NAME","type":["string","null"],"columnName":"STORE_NAME"},{"name":"INVENTORY_STORE_NUMBER","type":["string","null"],"columnName":"INVENTORY_STORE_NUMBER"},{"name":"CAT_EMRG_DEALER_CODE","type":["string","null"],"columnName":"CAT_EMRG_DEALER_CODE"},{"name":"CAT_STOCK_DEALER_CODE","type":["string","null"],"columnName":"CAT_STOCK_DEALER_CODE"},{"name":"STOCK_REPLEN_STORE_NUMBER","type":["string","null"],"columnName":"STOCK_REPLEN_STORE_NUMBER"},{"name":"STOCK_REPLEN_LEAD_TIME","type":["string","null"],"columnName":"STOCK_REPLEN_LEAD_TIME"},{"name":"LST_UPDT_TS","type":["string","null"],"columnName":"LST_UPDT_TS"},{"name":"ORIG_LST_UPDT_TS","type":["string","null"],"columnName":"ORIG_LST_UPDT_TS"},{"name":"LST_UPDT_BY_ID","type":["string","null"],"columnName":"LST_UPDT_BY_ID"},{"name":"FILE_INS_TS","type":["string","null"],"columnName":"FILE_INS_TS"},{"name":"ORIG_FILE_INS_TS","type":["string","null"],"columnName":"ORIG_FILE_INS_TS"},{"name":"EXP_STOCK_PLAN_LEAD_TIME","type":["string","null"],"columnName":"EXP_STOCK_PLAN_LEAD_TIME"}],"tableName":"DEALER_HIERARCHY_CORE"}
15/09/06 13:13:51 INFO avro.AvroSerDe: Avro schema is {"type":"record","name":"DEALER_HIERARCHY_CORE","doc":"Sqoop import of DEALER_HIERARCHY","fields":[{"name":"File_Name","type":["string","null"],"columnName":"File_Name"},{"name":"GEN_ID","type":["string","null"],"columnName":"GEN_ID"},{"name":"DMS_SYSTEM","type":["string","null"],"columnName":"DMS_SYSTEM"},{"name":"DMS_VERSION","type":["string","null"],"columnName":"DMS_VERSION"},{"name":"TRANSMIT_TS","type":["string","null"],"columnName":"TRANSMIT_TS"},{"name":"ORIG_TRANSMIT_TS","type":["string","null"],"columnName":"TRANSMIT_TS"},{"name":"TRANSMIT_BY","type":["string","null"],"columnName":"TRANSMIT_BY"},{"name":"RECORD_STATUS","type":["string","null"],"columnName":"RECORD_STATUS"},{"name":"DEALER_UPDT_IND","type":["string","null"],"columnName":"DEALER_UPDT_IND","sqlType":"1"},{"name":"STORE_NUMBER","type":["string","null"],"columnName":"STORE_NUMBER"},{"name":"PART_TYPE","type":["string","null"],"columnName":"PART_TYPE"},{"name":"STORE_NAME","type":["string","null"],"columnName":"STORE_NAME"},{"name":"INVENTORY_STORE_NUMBER","type":["string","null"],"columnName":"INVENTORY_STORE_NUMBER"},{"name":"CAT_EMRG_DEALER_CODE","type":["string","null"],"columnName":"CAT_EMRG_DEALER_CODE"},{"name":"CAT_STOCK_DEALER_CODE","type":["string","null"],"columnName":"CAT_STOCK_DEALER_CODE"},{"name":"STOCK_REPLEN_STORE_NUMBER","type":["string","null"],"columnName":"STOCK_REPLEN_STORE_NUMBER"},{"name":"STOCK_REPLEN_LEAD_TIME","type":["string","null"],"columnName":"STOCK_REPLEN_LEAD_TIME"},{"name":"LST_UPDT_TS","type":["string","null"],"columnName":"LST_UPDT_TS"},{"name":"ORIG_LST_UPDT_TS","type":["string","null"],"columnName":"ORIG_LST_UPDT_TS"},{"name":"LST_UPDT_BY_ID","type":["string","null"],"columnName":"LST_UPDT_BY_ID"},{"name":"FILE_INS_TS","type":["string","null"],"columnName":"FILE_INS_TS"},{"name":"ORIG_FILE_INS_TS","type":["string","null"],"columnName":"ORIG_FILE_INS_TS"},{"name":"EXP_STOCK_PLAN_LEAD_TIME","type":["string","null"],"columnName":"EXP_STOCK_PLAN_LEAD_TIME"}],"tableName":"DEALER_HIERARCHY_CORE"}
15/09/06 13:13:51 INFO avro.AvroSerDe: Configuration null, not inserting schema
15/09/06 13:13:51 INFO parse.SemanticAnalyzer: Set stats collection dir : file:/var/folders/y7/4_pz5fzx54ngcmghz3v6t3m00000gn/T/junit5910417261063589903/hadooptmp/dealer_hierarchy/core_data/.hive-staging_hive_2015-09-06_13-13-51_715_4995113190555269638-1/-ext-10001
15/09/06 13:13:51 INFO ppd.OpProcFactory: Processing for FS(143)
15/09/06 13:13:51 INFO ppd.OpProcFactory: Processing for SEL(142)
15/09/06 13:13:51 INFO ppd.OpProcFactory: Processing for TS(141)
15/09/06 13:13:51 INFO optimizer.SortedDynPartitionOptimizer: Sorted dynamic partitioning optimization kicked in..
15/09/06 13:13:51 INFO optimizer.SortedDynPartitionOptimizer: Inserted RS_144 and EX_145 as parent of FS_143 and child of SEL_142
15/09/06 13:13:51 INFO log.PerfLogger: <PERFLOG method=partition-retrieving from=org.apache.hadoop.hive.ql.optimizer.ppr.PartitionPruner>
15/09/06 13:13:51 INFO metastore.HiveMetaStore: 0: get_partitions : db=ddsw_dev tbl=dealer_hierarchy_temp_data
15/09/06 13:13:51 INFO HiveMetaStore.audit: ugi=hpatel	ip=unknown-ip-addr	cmd=get_partitions : db=ddsw_dev tbl=dealer_hierarchy_temp_data	
15/09/06 13:13:51 INFO log.PerfLogger: </PERFLOG method=partition-retrieving start=1441563231809 end=1441563231815 duration=6 from=org.apache.hadoop.hive.ql.optimizer.ppr.PartitionPruner>
15/09/06 13:13:51 INFO parse.SemanticAnalyzer: Completed plan generation
15/09/06 13:13:51 INFO ql.Driver: Semantic Analysis Completed
15/09/06 13:13:51 INFO log.PerfLogger: </PERFLOG method=semanticAnalyze start=1441563231721 end=1441563231816 duration=95 from=org.apache.hadoop.hive.ql.Driver>
15/09/06 13:13:51 INFO ql.Driver: Returning Hive schema: Schema(fieldSchemas:[FieldSchema(name:dh.file_name, type:string, comment:null), FieldSchema(name:dh.gen_id, type:string, comment:null), FieldSchema(name:dh.dms_system, type:string, comment:null), FieldSchema(name:dh.dms_version, type:string, comment:null), FieldSchema(name:transmit_ts, type:string, comment:null), FieldSchema(name:orig_transmit_ts, type:string, comment:null), FieldSchema(name:dh.transmit_by, type:string, comment:null), FieldSchema(name:dh.record_status, type:string, comment:null), FieldSchema(name:dh.dealer_updt_ind, type:string, comment:null), FieldSchema(name:store_number, type:string, comment:null), FieldSchema(name:part_type, type:string, comment:null), FieldSchema(name:dh.store_name, type:string, comment:null), FieldSchema(name:dh.inventory_store_number, type:string, comment:null), FieldSchema(name:cat_emrg_dealer_code, type:string, comment:null), FieldSchema(name:cat_stock_dealer_code, type:string, comment:null), FieldSchema(name:stock_replen_store_number, type:string, comment:null), FieldSchema(name:dh.stock_replen_lead_time, type:string, comment:null), FieldSchema(name:dh.lst_updt_ts, type:string, comment:null), FieldSchema(name:dh.orig_lst_updt_ts, type:string, comment:null), FieldSchema(name:dh.lst_updt_by_id, type:string, comment:null), FieldSchema(name:dh.file_ins_ts, type:string, comment:null), FieldSchema(name:dh.orig_file_ins_ts, type:string, comment:null), FieldSchema(name:dh.exp_stock_plan_lead_time, type:string, comment:null), FieldSchema(name:dealer_code, type:string, comment:null)], properties:null)
15/09/06 13:13:51 INFO log.PerfLogger: </PERFLOG method=compile start=1441563231715 end=1441563231817 duration=102 from=org.apache.hadoop.hive.ql.Driver>
15/09/06 13:13:51 INFO log.PerfLogger: <PERFLOG method=Driver.execute from=org.apache.hadoop.hive.ql.Driver>
15/09/06 13:13:51 INFO ql.Driver: Starting command: 
INSERT INTO TABLE DEALER_HIERARCHY_CORE
  PARTITION (DEALER_CODE)
  SELECT
    dh.FILE_NAME,
    dh.GEN_ID,
    dh.DMS_SYSTEM,
    dh.DMS_VERSION,
    custom_utc_timestamp(format_mr_timestamp(dh.TRANSMIT_TS)) AS TRANSMIT_TS,
    format_mr_timestamp(dh.ORIG_TRANSMIT_TS) AS ORIG_TRANSMIT_TS,
    dh.TRANSMIT_BY,
    dh.RECORD_STATUS,
    dh.DEALER_UPDT_IND,
    trim(dh.STORE_NUMBER) as STORE_NUMBER,
    trim(dh.PART_TYPE) as PART_TYPE,
    dh.STORE_NAME,
    dh.INVENTORY_STORE_NUMBER,
    trim(dh.CAT_EMRG_DEALER_CODE) as CAT_EMRG_DEALER_CODE,
    trim(dh.CAT_STOCK_DEALER_CODE) as CAT_STOCK_DEALER_CODE,
    trim(dh.STOCK_REPLEN_STORE_NUMBER) as STOCK_REPLEN_STORE_NUMBER,
    dh.STOCK_REPLEN_LEAD_TIME,
    dh.LST_UPDT_TS,
    dh.ORIG_LST_UPDT_TS,
    dh.LST_UPDT_BY_ID,
    dh.file_ins_ts,
    dh.ORIG_file_ins_TS,
    dh.EXP_STOCK_PLAN_LEAD_TIME,
    trim(dh.DEALER_CODE) as DEALER_CODE
  FROM
    dealer_hierarchy_temp_data dh

Total jobs = 1
15/09/06 13:13:51 INFO ql.Driver: Total jobs = 1
15/09/06 13:13:51 INFO log.PerfLogger: </PERFLOG method=TimeToSubmit start=1441563231715 end=1441563231817 duration=102 from=org.apache.hadoop.hive.ql.Driver>
15/09/06 13:13:51 INFO log.PerfLogger: <PERFLOG method=runTasks from=org.apache.hadoop.hive.ql.Driver>
15/09/06 13:13:51 INFO log.PerfLogger: <PERFLOG method=task.MAPRED.Stage-1 from=org.apache.hadoop.hive.ql.Driver>
Launching Job 1 out of 1
15/09/06 13:13:51 INFO ql.Driver: Launching Job 1 out of 1
Number of reduce tasks not specified. Defaulting to jobconf value of: 1
15/09/06 13:13:51 INFO exec.Task: Number of reduce tasks not specified. Defaulting to jobconf value of: 1
In order to change the average load for a reducer (in bytes):
15/09/06 13:13:51 INFO exec.Task: In order to change the average load for a reducer (in bytes):
  set hive.exec.reducers.bytes.per.reducer=<number>
15/09/06 13:13:51 INFO exec.Task:   set hive.exec.reducers.bytes.per.reducer=<number>
In order to limit the maximum number of reducers:
15/09/06 13:13:51 INFO exec.Task: In order to limit the maximum number of reducers:
  set hive.exec.reducers.max=<number>
15/09/06 13:13:51 INFO exec.Task:   set hive.exec.reducers.max=<number>
In order to set a constant number of reducers:
15/09/06 13:13:51 INFO exec.Task: In order to set a constant number of reducers:
  set mapreduce.job.reduces=<number>
15/09/06 13:13:51 INFO exec.Task:   set mapreduce.job.reduces=<number>
15/09/06 13:13:51 INFO ql.Context: New scratch dir is file:/var/folders/y7/4_pz5fzx54ngcmghz3v6t3m00000gn/T/junit5910417261063589903/scratchdir/hive_2015-09-06_13-13-51_715_4995113190555269638-1
15/09/06 13:13:51 INFO mr.ExecDriver: Using org.apache.hadoop.hive.ql.io.CombineHiveInputFormat
15/09/06 13:13:51 INFO exec.Utilities: Processing alias dh
15/09/06 13:13:51 INFO exec.Utilities: Adding input file file:/var/folders/y7/4_pz5fzx54ngcmghz3v6t3m00000gn/T/junit5910417261063589903/hadooptmp/dealer_hierarchy/temp_data/dealer_code=AAAA
15/09/06 13:13:51 INFO exec.Utilities: Content Summary not cached for file:/var/folders/y7/4_pz5fzx54ngcmghz3v6t3m00000gn/T/junit5910417261063589903/hadooptmp/dealer_hierarchy/temp_data/dealer_code=AAAA
15/09/06 13:13:51 INFO exec.Utilities: Adding input file file:/var/folders/y7/4_pz5fzx54ngcmghz3v6t3m00000gn/T/junit5910417261063589903/hadooptmp/dealer_hierarchy/temp_data/dealer_code=ZZZZ
15/09/06 13:13:51 INFO exec.Utilities: Content Summary not cached for file:/var/folders/y7/4_pz5fzx54ngcmghz3v6t3m00000gn/T/junit5910417261063589903/hadooptmp/dealer_hierarchy/temp_data/dealer_code=ZZZZ
15/09/06 13:13:51 INFO ql.Context: New scratch dir is file:/var/folders/y7/4_pz5fzx54ngcmghz3v6t3m00000gn/T/junit5910417261063589903/scratchdir/hive_2015-09-06_13-13-51_715_4995113190555269638-1
15/09/06 13:13:51 INFO log.PerfLogger: <PERFLOG method=serializePlan from=org.apache.hadoop.hive.ql.exec.Utilities>
15/09/06 13:13:51 INFO exec.Utilities: Serializing MapWork via kryo
15/09/06 13:13:51 INFO log.PerfLogger: </PERFLOG method=serializePlan start=1441563231826 end=1441563231828 duration=2 from=org.apache.hadoop.hive.ql.exec.Utilities>
15/09/06 13:13:51 INFO exec.Utilities: Setting plan: /var/folders/y7/4_pz5fzx54ngcmghz3v6t3m00000gn/T/junit5910417261063589903/scratchdir/hive_2015-09-06_13-13-51_715_4995113190555269638-1/-mr-10003/b5d7445f-3535-45c3-af7e-d412cd8171bc/map.xml
15/09/06 13:13:51 INFO log.PerfLogger: <PERFLOG method=serializePlan from=org.apache.hadoop.hive.ql.exec.Utilities>
15/09/06 13:13:51 INFO exec.Utilities: Serializing ReduceWork via kryo
15/09/06 13:13:51 INFO log.PerfLogger: </PERFLOG method=serializePlan start=1441563231828 end=1441563231830 duration=2 from=org.apache.hadoop.hive.ql.exec.Utilities>
15/09/06 13:13:51 INFO exec.Utilities: Setting plan: /var/folders/y7/4_pz5fzx54ngcmghz3v6t3m00000gn/T/junit5910417261063589903/scratchdir/hive_2015-09-06_13-13-51_715_4995113190555269638-1/-mr-10003/b5d7445f-3535-45c3-af7e-d412cd8171bc/reduce.xml
15/09/06 13:13:51 INFO jvm.JvmMetrics: Cannot initialize JVM Metrics with processName=JobTracker, sessionId= - already initialized
15/09/06 13:13:51 WARN mapred.JobClient: Use GenericOptionsParser for parsing the arguments. Applications should implement Tool for the same.
15/09/06 13:13:51 INFO log.PerfLogger: <PERFLOG method=getSplits from=org.apache.hadoop.hive.ql.io.CombineHiveInputFormat>
15/09/06 13:13:51 INFO io.CombineHiveInputFormat: CombineHiveInputSplit creating pool for file:/var/folders/y7/4_pz5fzx54ngcmghz3v6t3m00000gn/T/junit5910417261063589903/hadooptmp/dealer_hierarchy/temp_data/dealer_code=AAAA; using filter path file:/var/folders/y7/4_pz5fzx54ngcmghz3v6t3m00000gn/T/junit5910417261063589903/hadooptmp/dealer_hierarchy/temp_data/dealer_code=AAAA
15/09/06 13:13:51 INFO io.CombineHiveInputFormat: CombineHiveInputSplit: pool is already created for file:/var/folders/y7/4_pz5fzx54ngcmghz3v6t3m00000gn/T/junit5910417261063589903/hadooptmp/dealer_hierarchy/temp_data/dealer_code=ZZZZ; using filter path file:/var/folders/y7/4_pz5fzx54ngcmghz3v6t3m00000gn/T/junit5910417261063589903/hadooptmp/dealer_hierarchy/temp_data/dealer_code=ZZZZ
15/09/06 13:13:51 INFO mapred.FileInputFormat: Total input paths to process : 2
15/09/06 13:13:51 INFO io.CombineHiveInputFormat: number of splits 1
15/09/06 13:13:51 INFO log.PerfLogger: </PERFLOG method=getSplits start=1441563231913 end=1441563231917 duration=4 from=org.apache.hadoop.hive.ql.io.CombineHiveInputFormat>
Starting Job = job_local203494007_0010, Tracking URL = http://localhost:8080/
15/09/06 13:13:51 INFO mapred.LocalJobRunner: OutputCommitter set in config org.apache.hadoop.hive.shims.HadoopShimsSecure$NullOutputCommitter
15/09/06 13:13:51 INFO exec.Task: Starting Job = job_local203494007_0010, Tracking URL = http://localhost:8080/
15/09/06 13:13:51 INFO mapred.LocalJobRunner: OutputCommitter is org.apache.hadoop.hive.shims.HadoopShimsSecure$NullOutputCommitter
Kill Command = NO_BIN! job  -kill job_local203494007_0010
15/09/06 13:13:51 INFO exec.Task: Kill Command = NO_BIN! job  -kill job_local203494007_0010
15/09/06 13:13:51 INFO mapred.LocalJobRunner: Waiting for map tasks
15/09/06 13:13:51 INFO mapred.LocalJobRunner: Starting task: attempt_local203494007_0010_m_000000_0
15/09/06 13:13:51 WARN mapreduce.Counters: Group org.apache.hadoop.mapred.Task$Counter is deprecated. Use org.apache.hadoop.mapreduce.TaskCounter instead
15/09/06 13:13:51 INFO mapred.Task:  Using ResourceCalculatorPlugin : null
Hadoop job information for Stage-1: number of mappers: 0; number of reducers: 0
15/09/06 13:13:51 INFO exec.Task: Hadoop job information for Stage-1: number of mappers: 0; number of reducers: 0
15/09/06 13:13:51 WARN mapreduce.Counters: Group org.apache.hadoop.mapred.Task$Counter is deprecated. Use org.apache.hadoop.mapreduce.TaskCounter instead
2015-09-06 13:13:51,966 Stage-1 map = 0%,  reduce = 0%
15/09/06 13:13:51 INFO exec.Task: 2015-09-06 13:13:51,966 Stage-1 map = 0%,  reduce = 0%
15/09/06 13:13:51 INFO mapred.MapTask: Processing split: Paths:/var/folders/y7/4_pz5fzx54ngcmghz3v6t3m00000gn/T/junit5910417261063589903/hadooptmp/dealer_hierarchy/temp_data/dealer_code=AAAA/temp_data_from_string.csv:0+216,/var/folders/y7/4_pz5fzx54ngcmghz3v6t3m00000gn/T/junit5910417261063589903/hadooptmp/dealer_hierarchy/temp_data/dealer_code=ZZZZ/temp_data_from_file.csv:0+626InputFormatClass: org.apache.hadoop.mapred.TextInputFormat

15/09/06 13:13:51 INFO io.HiveContextAwareRecordReader: Processing file file:/var/folders/y7/4_pz5fzx54ngcmghz3v6t3m00000gn/T/junit5910417261063589903/hadooptmp/dealer_hierarchy/temp_data/dealer_code=AAAA/temp_data_from_string.csv
15/09/06 13:13:51 WARN mapreduce.Counters: Counter name MAP_INPUT_BYTES is deprecated. Use FileInputFormatCounters as group name and  BYTES_READ as counter name instead
15/09/06 13:13:51 INFO mapred.MapTask: numReduceTasks: 1
15/09/06 13:13:51 INFO mapred.MapTask: Map output collector class = org.apache.hadoop.mapred.MapTask$MapOutputBuffer
15/09/06 13:13:51 INFO mapred.MapTask: io.sort.mb = 100
15/09/06 13:13:51 INFO mapred.MapTask: data buffer = 79691776/99614720
15/09/06 13:13:51 INFO mapred.MapTask: record buffer = 262144/327680
15/09/06 13:13:51 INFO mr.ExecMapper: maximum memory = 3817865216
15/09/06 13:13:51 INFO mr.ExecMapper: conf classpath = [file:/Users/hpatel/.gradle/caches/2.1/workerMain/gradle-worker.jar, file:/Users/hpatel/Tech/Projects/CAT/ddsw_dev/hive-test/build/classes/test/, file:/Users/hpatel/Tech/Projects/CAT/ddsw_dev/hive-test/build/resources/test/, file:/Users/hpatel/Tech/Projects/CAT/ddsw_dev/hive-test/build/classes/main/, file:/Users/hpatel/Tech/Projects/CAT/ddsw_dev/hive-test/build/resources/main, file:/Users/hpatel/.gradle/caches/modules-2/files-2.1/junit/junit/4.11/4e031bb61df09069aeb2bffb4019e7a5034a4ee0/junit-4.11.jar, file:/Users/hpatel/.gradle/caches/modules-2/files-2.1/com.klarna/hiverunner/1.0.0/e26bb0655fff4d88fab91f331793d9fc1db392cc/HiveRunner-1.0.0.jar, file:/Users/hpatel/Tech/Projects/CAT/ddsw_dev/custom-cat-udfs/build/libs/custom-cat-udfs-0.1.38-SNAPSHOT.jar, file:/Users/hpatel/.gradle/caches/modules-2/files-2.1/org.apache.hadoop/hadoop-client/2.5.0-cdh5.3.3/ec3cd6a8cb043e73a42918934c5d3a3f2747c78b/hadoop-client-2.5.0-cdh5.3.3.jar, file:/Users/hpatel/.gradle/caches/modules-2/files-2.1/org.hsqldb/hsqldb/2.3.1/bd7153caa30958e1c64a3dd38b93e5a7442d9a0e/hsqldb-2.3.1.jar, file:/Users/hpatel/.gradle/caches/modules-2/files-2.1/org.apache.hadoop/hadoop-core/2.5.0-mr1-cdh5.3.3/f6f4a77f818757da51ae0244310855779c04c4be/hadoop-core-2.5.0-mr1-cdh5.3.3.jar, file:/Users/hpatel/.gradle/caches/modules-2/files-2.1/org.reflections/reflections/0.9.8/f723abb59bf512952bfc503838f70f81487a6993/reflections-0.9.8.jar, file:/Users/hpatel/.gradle/caches/modules-2/files-2.1/org.mockito/mockito-core/1.10.19/e8546f5bef4e061d8dd73895b4e8f40e3fe6effe/mockito-core-1.10.19.jar, file:/Users/hpatel/.gradle/caches/modules-2/files-2.1/org.hamcrest/hamcrest-core/1.3/42a25dc3219429f0e5d060061f71acb49bf010a0/hamcrest-core-1.3.jar, file:/Users/hpatel/.gradle/caches/modules-2/files-2.1/org.pentaho/pentaho-aggdesigner-algorithm/5.1.5-jhyde/c52379c645c6c85300e645dff7c72653bf85baa2/pentaho-aggdesigner-algorithm-5.1.5-jhyde.jar, file:/Users/hpatel/.gradle/caches/modules-2/files-2.1/org.apache.hive/hive-serde/0.13.1-cdh5.3.3/9cee47c844d726e9bcef6ab292e1319b7fbddaa3/hive-serde-0.13.1-cdh5.3.3.jar, file:/Users/hpatel/.gradle/caches/modules-2/files-2.1/org.apache.hadoop/hadoop-common/2.5.0-cdh5.3.3/f0862eb1dc33c1807ea29a248af75551e3c6836a/hadoop-common-2.5.0-cdh5.3.3.jar, file:/Users/hpatel/.gradle/caches/modules-2/files-2.1/org.apache.hive/hive-contrib/0.13.1-cdh5.3.3/bf89b429c9b173ac275dc0c1623f5c30e780ee98/hive-contrib-0.13.1-cdh5.3.3.jar, file:/Users/hpatel/.gradle/caches/modules-2/files-2.1/org.datanucleus/datanucleus-core/3.2.12/3212183bb5a2826cd5ff194b9a54619dd0bdf31f/datanucleus-core-3.2.12.jar, file:/Users/hpatel/.gradle/caches/modules-2/files-2.1/org.datanucleus/datanucleus-rdbms/3.2.11/5b053144c89fdff1505b853aa7f1e5ba7657da75/datanucleus-rdbms-3.2.11.jar, file:/Users/hpatel/.gradle/caches/modules-2/files-2.1/org.datanucleus/datanucleus-api-jdo/3.2.8/efc60221fbc91e95cf5758b98c6c5531660696cb/datanucleus-api-jdo-3.2.8.jar, file:/Users/hpatel/.gradle/caches/modules-2/files-2.1/org.apache.hive/hive-shims/0.13.1-cdh5.3.3/47b029532c0b9d45526dcdd858823e6f9634ab81/hive-shims-0.13.1-cdh5.3.3.jar, file:/Users/hpatel/.gradle/caches/modules-2/files-2.1/org.apache.commons/commons-lang3/3.3.1/6738a2da2202ce360f0af90aba005c1e05a2c4cd/commons-lang3-3.3.1.jar, file:/Users/hpatel/.gradle/caches/modules-2/files-2.1/joda-time/joda-time/2.3/56498efd17752898cfcc3868c1b6211a07b12b8f/joda-time-2.3.jar, file:/Users/hpatel/.gradle/caches/modules-2/files-2.1/org.apache.hadoop/hadoop-hdfs/2.5.0-cdh5.3.3/5dd5e2be13d89a9eaab89d3a33bcdf6677671aa9/hadoop-hdfs-2.5.0-cdh5.3.3.jar, file:/Users/hpatel/.gradle/caches/modules-2/files-2.1/org.apache.hadoop/hadoop-mapreduce-client-app/2.5.0-cdh5.3.3/579948f8fa6d9d72bf507bd021fa3dcc0670e95f/hadoop-mapreduce-client-app-2.5.0-cdh5.3.3.jar, file:/Users/hpatel/.gradle/caches/modules-2/files-2.1/org.apache.hadoop/hadoop-yarn-api/2.5.0-cdh5.3.3/a6d9b4b7cbcacd000350a3e33c70269101b5fc79/hadoop-yarn-api-2.5.0-cdh5.3.3.jar, file:/Users/hpatel/.gradle/caches/modules-2/files-2.1/org.apache.hadoop/hadoop-mapreduce-client-core/2.5.0-cdh5.3.3/f2c8eaa2b8a5839a7781f04cf59c4d1abfefec9e/hadoop-mapreduce-client-core-2.5.0-cdh5.3.3.jar, file:/Users/hpatel/.gradle/caches/modules-2/files-2.1/org.apache.hadoop/hadoop-mapreduce-client-jobclient/2.5.0-cdh5.3.3/f8baecab9a91245a97e29e4867a7f5ae128ef8a9/hadoop-mapreduce-client-jobclient-2.5.0-cdh5.3.3.jar, file:/Users/hpatel/.gradle/caches/modules-2/files-2.1/org.apache.hadoop/hadoop-aws/2.5.0-cdh5.3.3/f712d9cf59c859914254bed5c87ee4e5a2204e78/hadoop-aws-2.5.0-cdh5.3.3.jar, file:/Users/hpatel/.gradle/caches/modules-2/files-2.1/org.apache.hadoop/hadoop-annotations/2.5.0-cdh5.3.3/e3b40743127d82ff7a6f263d00419368a46ce608/hadoop-annotations-2.5.0-cdh5.3.3.jar, file:/Users/hpatel/.gradle/caches/modules-2/files-2.1/commons-collections/commons-collections/3.2.1/761ea405b9b37ced573d2df0d1e3a4e0f9edc668/commons-collections-3.2.1.jar, file:/Users/hpatel/.gradle/caches/modules-2/files-2.1/commons-configuration/commons-configuration/1.6/32cadde23955d7681b0d94a2715846d20b425235/commons-configuration-1.6.jar, file:/Users/hpatel/.gradle/caches/modules-2/files-2.1/jline/jline/0.9.94/99a18e9a44834afdebc467294e1138364c207402/jline-0.9.94.jar, file:/Users/hpatel/.gradle/caches/modules-2/files-2.1/commons-cli/commons-cli/1.2/2bf96b7aa8b611c177d329452af1dc933e14501c/commons-cli-1.2.jar, file:/Users/hpatel/.gradle/caches/modules-2/files-2.1/xmlenc/xmlenc/0.52/d82554efbe65906d83b3d97bd7509289e9db561a/xmlenc-0.52.jar, file:/Users/hpatel/.gradle/caches/modules-2/files-2.1/commons-httpclient/commons-httpclient/3.1/964cd74171f427720480efdec40a7c7f6e58426a/commons-httpclient-3.1.jar, file:/Users/hpatel/.gradle/caches/modules-2/files-2.1/commons-net/commons-net/3.1/2298164a7c2484406f2aa5ac85b205d39019896f/commons-net-3.1.jar, file:/Users/hpatel/.gradle/caches/modules-2/files-2.1/tomcat/jasper-runtime/5.5.23/96ca5528a93ab47b001476b74320c644beb89dde/jasper-runtime-5.5.23.jar, file:/Users/hpatel/.gradle/caches/modules-2/files-2.1/tomcat/jasper-compiler/5.5.23/6d35bd7fb8c4fbc1f5401fb3678aa976d2e4c241/jasper-compiler-5.5.23.jar, file:/Users/hpatel/.gradle/caches/modules-2/files-2.1/javax.servlet.jsp/jsp-api/2.1/63f943103f250ef1f3a4d5e94d145a0f961f5316/jsp-api-2.1.jar, file:/Users/hpatel/.gradle/caches/modules-2/files-2.1/commons-el/commons-el/1.0/1df2c042b3f2de0124750241ac6c886dbfa2cc2c/commons-el-1.0.jar, file:/Users/hpatel/.gradle/caches/modules-2/files-2.1/javax.servlet/servlet-api/2.5/5959582d97d8b61f4d154ca9e495aafd16726e34/servlet-api-2.5.jar, file:/Users/hpatel/.gradle/caches/modules-2/files-2.1/hsqldb/hsqldb/1.8.0.10/7e9978fdb754bce5fcd5161133e7734ecb683036/hsqldb-1.8.0.10.jar, file:/Users/hpatel/.gradle/caches/modules-2/files-2.1/org.eclipse.jdt/core/3.1.1/88c83ce444cf46d02494da37c9fa1eebc9ce9cea/core-3.1.1.jar, file:/Users/hpatel/.gradle/caches/modules-2/files-2.1/javassist/javassist/3.12.1.GA/526633327faa61aee448a519e8a4d53ec3057885/javassist-3.12.1.GA.jar, file:/Users/hpatel/.gradle/caches/modules-2/files-2.1/dom4j/dom4j/1.6.1/5d3ccc056b6f056dbf0dddfdf43894b9065a8f94/dom4j-1.6.1.jar, file:/Users/hpatel/.gradle/caches/modules-2/files-2.1/org.objenesis/objenesis/2.1/87c0ea803b69252868d09308b4618f766f135a96/objenesis-2.1.jar, file:/Users/hpatel/.gradle/caches/modules-2/files-2.1/commons-logging/commons-logging/1.1.3/f6f66e966c70a83ffbdb6f17a0919eaf7c8aca7f/commons-logging-1.1.3.jar, file:/Users/hpatel/.gradle/caches/modules-2/files-2.1/org.apache.hive/hive-common/0.13.1-cdh5.3.3/e3fbf24d30a553c50ae4d4eed23f81b0e1211c5a/hive-common-0.13.1-cdh5.3.3.jar, file:/Users/hpatel/.gradle/caches/modules-2/files-2.1/org.apache.avro/avro/1.7.6-cdh5.3.3/6d90271293977d199ed07002bf35e2805405cc64/avro-1.7.6-cdh5.3.3.jar, file:/Users/hpatel/.gradle/caches/modules-2/files-2.1/net.sf.opencsv/opencsv/2.3/c23708cdb9e80a144db433e23344a788a1fd6599/opencsv-2.3.jar, file:/Users/hpatel/.gradle/caches/modules-2/files-2.1/com.sun.jersey/jersey-servlet/1.14/4b87041a59ee152757b62e47a21d5b63fde20ffe/jersey-servlet-1.14.jar, file:/Users/hpatel/.gradle/caches/modules-2/files-2.1/org.slf4j/slf4j-log4j12/1.7.5/6edffc576ce104ec769d954618764f39f0f0f10d/slf4j-log4j12-1.7.5.jar, file:/Users/hpatel/.gradle/caches/modules-2/files-2.1/org.apache.commons/commons-math3/3.1.1/6719d757a98ff24a83d9d727bef9cec83f59b6e1/commons-math3-3.1.1.jar, file:/Users/hpatel/.gradle/caches/modules-2/files-2.1/commons-io/commons-io/2.4/b1b6ea3b7e4aa4f492509a4952029cd8e48019ad/commons-io-2.4.jar, file:/Users/hpatel/.gradle/caches/modules-2/files-2.1/com.sun.jersey/jersey-json/1.9/1aa73e1896bcc7013fed247157d7f676226eb432/jersey-json-1.9.jar, file:/Users/hpatel/.gradle/caches/modules-2/files-2.1/log4j/log4j/1.2.17/5af35056b4d257e4b64b9e8069c0746e8b08629f/log4j-1.2.17.jar, file:/Users/hpatel/.gradle/caches/modules-2/files-2.1/com.google.code.gson/gson/2.2.4/a60a5e993c98c864010053cb901b7eab25306568/gson-2.2.4.jar, file:/Users/hpatel/.gradle/caches/modules-2/files-2.1/org.apache.hadoop/hadoop-auth/2.5.0-cdh5.3.3/847eb288da72acfdd7d202da5149dec6cd20ceba/hadoop-auth-2.5.0-cdh5.3.3.jar, file:/Users/hpatel/.gradle/caches/modules-2/files-2.1/com.jcraft/jsch/0.1.42/a86104b0f2e0c0bab5b0df836065823a99b5e334/jsch-0.1.42.jar, file:/Users/hpatel/.gradle/caches/modules-2/files-2.1/org.apache.curator/curator-client/2.6.0/b9007c357ad1a78066fc6004e8b1feaa2318f6f3/curator-client-2.6.0.jar, file:/Users/hpatel/.gradle/caches/modules-2/files-2.1/org.apache.curator/curator-recipes/2.6.0/8736b0fc42e6bf006d585fe85c90aaa4ade5cbef/curator-recipes-2.6.0.jar, file:/Users/hpatel/.gradle/caches/modules-2/files-2.1/com.google.code.findbugs/jsr305/1.3.9/40719ea6961c0cb6afaeb6a921eaa1f6afd4cfdf/jsr305-1.3.9.jar, file:/Users/hpatel/.gradle/caches/modules-2/files-2.1/org.apache.commons/commons-compress/1.4.1/b02e84a993d88568417536240e970c4b809126fd/commons-compress-1.4.1.jar, file:/Users/hpatel/.gradle/caches/modules-2/files-2.1/org.apache.hive.shims/hive-shims-common/0.13.1-cdh5.3.3/3d9e5245018fbde18f52c4ab25fc35afdec2fc0a/hive-shims-common-0.13.1-cdh5.3.3.jar, file:/Users/hpatel/.gradle/caches/modules-2/files-2.1/org.apache.hive.shims/hive-shims-common-secure/0.13.1-cdh5.3.3/6b29a16b2a41b89bdbbc681c257ad7f766a90bcb/hive-shims-common-secure-0.13.1-cdh5.3.3.jar, file:/Users/hpatel/.gradle/caches/modules-2/files-2.1/org.apache.hive.shims/hive-shims-0.23/0.13.1-cdh5.3.3/7ab834955a767af200d1d9151c204751637d9ca9/hive-shims-0.23-0.13.1-cdh5.3.3.jar, file:/Users/hpatel/.gradle/caches/modules-2/files-2.1/org.apache.hive.shims/hive-shims-scheduler/0.13.1-cdh5.3.3/b6644420b74f936a838f7f3fd2fa19c19add0449/hive-shims-scheduler-0.13.1-cdh5.3.3.jar, file:/Users/hpatel/.gradle/caches/modules-2/files-2.1/org.apache.hadoop/hadoop-mapreduce-client-common/2.5.0-cdh5.3.3/f0d777bb76ca9f540c0c81a45934f0f5cf9975b8/hadoop-mapreduce-client-common-2.5.0-cdh5.3.3.jar, file:/Users/hpatel/.gradle/caches/modules-2/files-2.1/org.apache.hadoop/hadoop-mapreduce-client-shuffle/2.5.0-cdh5.3.3/b6c4316f6fcc406edf7e5bd77c50e46034ad5519/hadoop-mapreduce-client-shuffle-2.5.0-cdh5.3.3.jar, file:/Users/hpatel/.gradle/caches/modules-2/files-2.1/org.apache.hadoop/hadoop-yarn-common/2.5.0-cdh5.3.3/9499713b674eae1aa714fcd0e95e0d09daaf3824/hadoop-yarn-common-2.5.0-cdh5.3.3.jar, file:/Users/hpatel/.gradle/caches/modules-2/files-2.1/com.fasterxml.jackson.core/jackson-databind/2.2.3/3ae380888029daefb91d3ecdca3a37d8cb92bc9/jackson-databind-2.2.3.jar, file:/Users/hpatel/.gradle/caches/modules-2/files-2.1/com.fasterxml.jackson.core/jackson-annotations/2.2.3/527fece4f23a457070a36c371a26d6c0208e1c3/jackson-annotations-2.2.3.jar, file:/Users/hpatel/.gradle/caches/modules-2/files-2.1/com.amazonaws/aws-java-sdk/1.7.4/2c24ccb6f1ab845a7df971951d4b41c709a6517d/aws-java-sdk-1.7.4.jar, file:/Users/hpatel/.gradle/caches/modules-2/files-2.1/commons-digester/commons-digester/1.8/dc6a73fdbd1fa3f0944e8497c6c872fa21dca37e/commons-digester-1.8.jar, file:/Users/hpatel/.gradle/caches/modules-2/files-2.1/commons-beanutils/commons-beanutils-core/1.8.0/175dc721f87e4bc5cc0573f990e28c3cf9117508/commons-beanutils-core-1.8.0.jar, file:/Users/hpatel/.gradle/caches/modules-2/files-2.1/xml-apis/xml-apis/1.0.b2/3136ca936f64c9d68529f048c2618bd356bf85c9/xml-apis-1.0.b2.jar, file:/Users/hpatel/.gradle/caches/modules-2/files-2.1/com.thoughtworks.paranamer/paranamer/2.3/4a85963a752c0a2f715c3924bfc686865e7e1bc6/paranamer-2.3.jar, file:/Users/hpatel/.gradle/caches/modules-2/files-2.1/org.xerial.snappy/snappy-java/1.0.5/10cb4550360a0ec6b80f09a5209d00b6058e82bf/snappy-java-1.0.5.jar, file:/Users/hpatel/.gradle/caches/modules-2/files-2.1/org.codehaus.jettison/jettison/1.1/1a01a2a1218fcf9faa2cc2a6ced025bdea687262/jettison-1.1.jar, file:/Users/hpatel/.gradle/caches/modules-2/files-2.1/com.sun.xml.bind/jaxb-impl/2.2.3-1/56baae106392040a45a06d4a41099173425da1e6/jaxb-impl-2.2.3-1.jar, file:/Users/hpatel/.gradle/caches/modules-2/files-2.1/org.apache.directory.server/apacheds-kerberos-codec/2.0.0-M15/1c16e4e477183641c5f0dd5cdecd27ec331bacb5/apacheds-kerberos-codec-2.0.0-M15.jar, file:/Users/hpatel/.gradle/caches/modules-2/files-2.1/org.apache.curator/curator-framework/2.6.0/81a699c39d127b5b4ff97cc77da7650b53e5b5ed/curator-framework-2.6.0.jar, file:/Users/hpatel/.gradle/caches/modules-2/files-2.1/org.tukaani/xz/1.0/ecff5cb8b1189514c9d1d8d68eb77ac372e000c9/xz-1.0.jar, file:/Users/hpatel/.gradle/caches/modules-2/files-2.1/org.apache.hadoop/hadoop-yarn-client/2.5.0-cdh5.3.3/2d2ce5d0138d02b20aefcfc1ee8dd6f691911f63/hadoop-yarn-client-2.5.0-cdh5.3.3.jar, file:/Users/hpatel/.gradle/caches/modules-2/files-2.1/org.apache.hadoop/hadoop-yarn-server-common/2.5.0-cdh5.3.3/d099fcc19f56d477fa6b5b47ae4e06bb97538778/hadoop-yarn-server-common-2.5.0-cdh5.3.3.jar, file:/Users/hpatel/.gradle/caches/modules-2/files-2.1/org.apache.hadoop/hadoop-yarn-server-nodemanager/2.5.0-cdh5.3.3/278b2d7a6454ce57a94ab02a88c0b188afc8facc/hadoop-yarn-server-nodemanager-2.5.0-cdh5.3.3.jar, file:/Users/hpatel/.gradle/caches/modules-2/files-2.1/org.fusesource.leveldbjni/leveldbjni-all/1.8/707350a2eeb1fa2ed77a32ddb3893ed308e941db/leveldbjni-all-1.8.jar, file:/Users/hpatel/.gradle/caches/modules-2/files-2.1/javax.xml.bind/jaxb-api/2.2.2/aeb3021ca93dde265796d82015beecdcff95bf09/jaxb-api-2.2.2.jar, file:/Users/hpatel/.gradle/caches/modules-2/files-2.1/com.google.inject/guice/3.0/9d84f15fe35e2c716a02979fb62f50a29f38aefa/guice-3.0.jar, file:/Users/hpatel/.gradle/caches/modules-2/files-2.1/com.sun.jersey.contribs/jersey-guice/1.9/5963c28c47df7e5d6ad34cec80c071c368777f7b/jersey-guice-1.9.jar, file:/Users/hpatel/.gradle/caches/modules-2/files-2.1/com.fasterxml.jackson.core/jackson-core/2.2.3/1a0113da2cab5f4c216b4e5e7c1dbfaa67087e14/jackson-core-2.2.3.jar, file:/Users/hpatel/.gradle/caches/modules-2/files-2.1/commons-beanutils/commons-beanutils/1.7.0/5675fd96b29656504b86029551973d60fb41339b/commons-beanutils-1.7.0.jar, file:/Users/hpatel/.gradle/caches/modules-2/files-2.1/org.apache.directory.server/apacheds-i18n/2.0.0-M15/71c61c84683152ec2a6a65f3f96fe534e304fa22/apacheds-i18n-2.0.0-M15.jar, file:/Users/hpatel/.gradle/caches/modules-2/files-2.1/org.apache.directory.api/api-asn1-api/1.0.0-M20/5e6486ffa3125ba44dc410ead166e1d6ba8ac76d/api-asn1-api-1.0.0-M20.jar, file:/Users/hpatel/.gradle/caches/modules-2/files-2.1/org.apache.directory.api/api-util/1.0.0-M20/a871abf060b3cf83fc6dc4d7e3d151fce50ac3cb/api-util-1.0.0-M20.jar, file:/Users/hpatel/.gradle/caches/modules-2/files-2.1/com.sun.jersey/jersey-client/1.9/d3c4b2b5f89db32c96ceddcb863684821910a7bb/jersey-client-1.9.jar, file:/Users/hpatel/.gradle/caches/modules-2/files-2.1/javax.xml.stream/stax-api/1.0-2/d6337b0de8b25e53e81b922352fbea9f9f57ba0b/stax-api-1.0-2.jar, file:/Users/hpatel/.gradle/caches/modules-2/files-2.1/javax.activation/activation/1.1/e6cb541461c2834bdea3eb920f1884d1eb508b50/activation-1.1.jar, file:/Users/hpatel/.gradle/caches/modules-2/files-2.1/javax.inject/javax.inject/1/6975da39a7040257bd51d21a231b76c915872d38/javax.inject-1.jar, file:/Users/hpatel/.gradle/caches/modules-2/files-2.1/aopalliance/aopalliance/1.0/235ba8b489512805ac13a8f9ea77a1ca5ebe3e8/aopalliance-1.0.jar, file:/Users/hpatel/.gradle/caches/modules-2/files-2.1/org.sonatype.sisu.inject/cglib/2.2.1-v20090111/7ce5e983fd0e6c78346f4c9cbfa39d83049dda2/cglib-2.2.1-v20090111.jar, file:/Users/hpatel/.gradle/caches/modules-2/files-2.1/asm/asm/3.1/c157def142714c544bdea2e6144645702adf7097/asm-3.1.jar, file:/Users/hpatel/.gradle/caches/modules-2/files-2.1/org.apache.hive/hive-service/0.13.1-cdh5.3.3/c7979b4213bfb62823d43ba726e0fea58032dd1e/hive-service-0.13.1-cdh5.3.3.jar, file:/Users/hpatel/.gradle/caches/modules-2/files-2.1/net.sf.jpam/jpam/1.1/cb3d91c2dfda767518a371dbb02edfd6a4aa0600/jpam-1.1.jar, file:/Users/hpatel/.gradle/caches/modules-2/files-2.1/org.eclipse.jetty.aggregate/jetty-all/7.6.0.v20120127/47bb68e3837e5c6422138dd1e0d4d75c60dce87a/jetty-all-7.6.0.v20120127.jar, file:/Users/hpatel/.gradle/caches/modules-2/files-2.1/org.apache.thrift/libfb303/0.9.0/639bd69767fdbd7f658ce8233248fe1cea635164/libfb303-0.9.0.jar, file:/Users/hpatel/.gradle/caches/modules-2/files-2.1/org.apache.geronimo.specs/geronimo-jta_1.1_spec/1.1.1/aabab3165b8ea936b9360abbf448459c0d04a5a4/geronimo-jta_1.1_spec-1.1.1.jar, file:/Users/hpatel/.gradle/caches/modules-2/files-2.1/javax.mail/mail/1.4.1/8b7bc69010655425dabf091b51d1e90b4de36715/mail-1.4.1.jar, file:/Users/hpatel/.gradle/caches/modules-2/files-2.1/org.apache.geronimo.specs/geronimo-jaspic_1.0_spec/1.0/44b95be7dae1147716dce5336419eafade880756/geronimo-jaspic_1.0_spec-1.0.jar, file:/Users/hpatel/.gradle/caches/modules-2/files-2.1/org.apache.geronimo.specs/geronimo-annotation_1.0_spec/1.1.1/47caa799389f69d297b86bf90523d431599c3796/geronimo-annotation_1.0_spec-1.1.1.jar, file:/Users/hpatel/.gradle/caches/modules-2/files-2.1/asm/asm-commons/3.1/1b607fbfe7889c6fdff1b7c16439ade0a60869ac/asm-commons-3.1.jar, file:/Users/hpatel/.gradle/caches/modules-2/files-2.1/asm/asm-tree/3.1/c9a5d4334ddf194ea492f22107d45119a5c5322f/asm-tree-3.1.jar, file:/Users/hpatel/.gradle/caches/modules-2/files-2.1/commons-lang/commons-lang/2.6/ce1edb914c94ebc388f086c6827e8bdeec71ac2/commons-lang-2.6.jar, file:/Users/hpatel/.gradle/caches/modules-2/files-2.1/org.mortbay.jetty/jetty/6.1.26.cloudera.4/d59325a5ff8ff18f7543bc3fbb9d5efa0c0ff521/jetty-6.1.26.cloudera.4.jar, file:/Users/hpatel/.gradle/caches/modules-2/files-2.1/org.mortbay.jetty/jetty-util/6.1.26.cloudera.4/b8507b7c5d3fd9a3d01775272cbf1a63f530c19d/jetty-util-6.1.26.cloudera.4.jar, file:/Users/hpatel/.gradle/caches/modules-2/files-2.1/net.java.dev.jets3t/jets3t/0.9.0/792bc96ee7e57b89f472aa0cb5a31015b9f59c96/jets3t-0.9.0.jar, file:/Users/hpatel/.gradle/caches/modules-2/files-2.1/com.jamesmurty.utils/java-xmlbuilder/0.4/ac5962e48cdee3a0a6e1f8e00fcb594747ac5aaf/java-xmlbuilder-0.4.jar, file:/Users/hpatel/.gradle/caches/modules-2/files-2.1/com.google.protobuf/protobuf-java/2.5.0/a10732c76bfacdbd633a7eb0f7968b1059a65dfa/protobuf-java-2.5.0.jar, file:/Users/hpatel/.gradle/caches/modules-2/files-2.1/org.apache.hive/hive-exec/0.13.1-cdh5.3.3/4d935274127f47dd9c0875efcf317ba49aef1219/hive-exec-0.13.1-cdh5.3.3.jar, file:/Users/hpatel/.gradle/caches/modules-2/files-2.1/org.apache.hive/hive-ant/0.13.1-cdh5.3.3/86954e92a903253177cd6935798c50a6c32b7b81/hive-ant-0.13.1-cdh5.3.3.jar, file:/Users/hpatel/.gradle/caches/modules-2/files-2.1/org.antlr/antlr-runtime/3.4/8f011408269a8e42b8548687e137d8eeb56df4b4/antlr-runtime-3.4.jar, file:/Users/hpatel/.gradle/caches/modules-2/files-2.1/org.antlr/ST4/4.0.4/467a2aa12be6d0f0f68c70eecf6714ab733027ac/ST4-4.0.4.jar, file:/Users/hpatel/.gradle/caches/modules-2/files-2.1/org.apache.ant/ant/1.9.1/35900c96dbebc85dcfbd71f4661059ebcf93c077/ant-1.9.1.jar, file:/Users/hpatel/.gradle/caches/modules-2/files-2.1/org.codehaus.groovy/groovy-all/2.1.6/165b8246372a829c1915611646f6d964010656cf/groovy-all-2.1.6.jar, file:/Users/hpatel/.gradle/caches/modules-2/files-2.1/stax/stax-api/1.0.1/49c100caf72d658aca8e58bd74a4ba90fa2b0d70/stax-api-1.0.1.jar, file:/Users/hpatel/.gradle/caches/modules-2/files-2.1/org.apache.velocity/velocity/1.5/9f306baf7523ffc0e81a6353d08a584d254133b/velocity-1.5.jar, file:/Users/hpatel/.gradle/caches/modules-2/files-2.1/org.antlr/stringtemplate/3.2.1/59ec8083721eae215c6f3caee944c410d2be34de/stringtemplate-3.2.1.jar, file:/Users/hpatel/.gradle/caches/modules-2/files-2.1/antlr/antlr/2.7.7/83cd2cd674a217ade95a4bb83a8a14f351f48bd0/antlr-2.7.7.jar, file:/Users/hpatel/.gradle/caches/modules-2/files-2.1/org.apache.ant/ant-launcher/1.9.1/7c71043ca185eaada9e36391dd022d92859327de/ant-launcher-1.9.1.jar, file:/Users/hpatel/.gradle/caches/modules-2/files-2.1/oro/oro/2.0.8/5592374f834645c4ae250f4c9fbb314c9369d698/oro-2.0.8.jar, file:/Users/hpatel/.gradle/caches/modules-2/files-2.1/org.codehaus.jackson/jackson-core-asl/1.9.13/3c304d70f42f832e0a86d45bd437f692129299a4/jackson-core-asl-1.9.13.jar, file:/Users/hpatel/.gradle/caches/modules-2/files-2.1/org.codehaus.jackson/jackson-mapper-asl/1.9.13/1ee2f2bed0e5dd29d1cb155a166e6f8d50bbddb7/jackson-mapper-asl-1.9.13.jar, file:/Users/hpatel/.gradle/caches/modules-2/files-2.1/org.slf4j/slf4j-api/1.7.6/562424e36df3d2327e8e9301a76027fca17d54ea/slf4j-api-1.7.6.jar, file:/Users/hpatel/.gradle/caches/modules-2/files-2.1/com.sun.jersey/jersey-server/1.14/b1a21724c9b708ed54d42d41bb19ff45ae1d49d9/jersey-server-1.14.jar, file:/Users/hpatel/.gradle/caches/modules-2/files-2.1/org.apache.httpcomponents/httpclient/4.2.5/666e26e76f2e87d84e4f16acb546481ae1b8e9a6/httpclient-4.2.5.jar, file:/Users/hpatel/.gradle/caches/modules-2/files-2.1/org.apache.zookeeper/zookeeper/3.4.6/1b2502e29da1ebaade2357cd1de35a855fa3755/zookeeper-3.4.6.jar, file:/Users/hpatel/.gradle/caches/modules-2/files-2.1/com.google.guava/guava/16.0.1/5fa98cd1a63c99a44dd8d3b77e4762b066a5d0c5/guava-16.0.1.jar, file:/Users/hpatel/.gradle/caches/modules-2/files-2.1/org.codehaus.jackson/jackson-jaxrs/1.8.8/71b16055388e9bd3991c3c3834e8e55098b789f1/jackson-jaxrs-1.8.8.jar, file:/Users/hpatel/.gradle/caches/modules-2/files-2.1/org.codehaus.jackson/jackson-xc/1.8.8/52efa08bc1e4cfea168f552b9e3088297d9d0926/jackson-xc-1.8.8.jar, file:/Users/hpatel/.gradle/caches/modules-2/files-2.1/org.apache.hive/hive-metastore/0.13.1-cdh5.3.3/ca93686a17f064a5ab6587799721cddd7836e53a/hive-metastore-0.13.1-cdh5.3.3.jar, file:/Users/hpatel/.gradle/caches/modules-2/files-2.1/com.jolbox/bonecp/0.8.0.RELEASE/cec24ee9345b3678472bb1b8fdd6aa6b9428beb8/bonecp-0.8.0.RELEASE.jar, file:/Users/hpatel/.gradle/caches/modules-2/files-2.1/org.apache.derby/derby/10.10.1.1/9f6f910f0373adc1b23c10f9b4bb151b7e7449f/derby-10.10.1.1.jar, file:/Users/hpatel/.gradle/caches/modules-2/files-2.1/javax.jdo/jdo-api/3.0.1/58e7a538e020b73871e232eeb064835fd98a492/jdo-api-3.0.1.jar, file:/Users/hpatel/.gradle/caches/modules-2/files-2.1/javax.transaction/jta/1.1/2ca09f0b36ca7d71b762e14ea2ff09d5eac57558/jta-1.1.jar, file:/Users/hpatel/.gradle/caches/modules-2/files-2.1/org.apache.thrift/libthrift/0.9.0/9ba8df332b5db95ce7f3b7a83e44d796c3d014d3/libthrift-0.9.0.jar, file:/Users/hpatel/.gradle/caches/modules-2/files-2.1/org.apache.httpcomponents/httpcore/4.2.4/3b7f38df6de5dd8b500e602ae8c2dd5ee446f883/httpcore-4.2.4.jar, file:/Users/hpatel/.gradle/caches/modules-2/files-2.1/com.sun.jersey/jersey-core/1.14/693061de8b9b352b11e997b1dd4052677778852d/jersey-core-1.14.jar, file:/Users/hpatel/.gradle/caches/modules-2/files-2.1/commons-codec/commons-codec/1.6/b7f0fc8f61ecadeb3695f0b9464755eee44374d4/commons-codec-1.6.jar, file:/Users/hpatel/.gradle/caches/modules-2/files-2.1/io.netty/netty/3.7.0.Final/7a8c35599c68c0bf383df74469aa3e03d9aca87/netty-3.7.0.Final.jar]
15/09/06 13:13:51 INFO mr.ExecMapper: thread classpath = [file:/Users/hpatel/.gradle/caches/2.1/workerMain/gradle-worker.jar, file:/Users/hpatel/Tech/Projects/CAT/ddsw_dev/hive-test/build/classes/test/, file:/Users/hpatel/Tech/Projects/CAT/ddsw_dev/hive-test/build/resources/test/, file:/Users/hpatel/Tech/Projects/CAT/ddsw_dev/hive-test/build/classes/main/, file:/Users/hpatel/Tech/Projects/CAT/ddsw_dev/hive-test/build/resources/main, file:/Users/hpatel/.gradle/caches/modules-2/files-2.1/junit/junit/4.11/4e031bb61df09069aeb2bffb4019e7a5034a4ee0/junit-4.11.jar, file:/Users/hpatel/.gradle/caches/modules-2/files-2.1/com.klarna/hiverunner/1.0.0/e26bb0655fff4d88fab91f331793d9fc1db392cc/HiveRunner-1.0.0.jar, file:/Users/hpatel/Tech/Projects/CAT/ddsw_dev/custom-cat-udfs/build/libs/custom-cat-udfs-0.1.38-SNAPSHOT.jar, file:/Users/hpatel/.gradle/caches/modules-2/files-2.1/org.apache.hadoop/hadoop-client/2.5.0-cdh5.3.3/ec3cd6a8cb043e73a42918934c5d3a3f2747c78b/hadoop-client-2.5.0-cdh5.3.3.jar, file:/Users/hpatel/.gradle/caches/modules-2/files-2.1/org.hsqldb/hsqldb/2.3.1/bd7153caa30958e1c64a3dd38b93e5a7442d9a0e/hsqldb-2.3.1.jar, file:/Users/hpatel/.gradle/caches/modules-2/files-2.1/org.apache.hadoop/hadoop-core/2.5.0-mr1-cdh5.3.3/f6f4a77f818757da51ae0244310855779c04c4be/hadoop-core-2.5.0-mr1-cdh5.3.3.jar, file:/Users/hpatel/.gradle/caches/modules-2/files-2.1/org.reflections/reflections/0.9.8/f723abb59bf512952bfc503838f70f81487a6993/reflections-0.9.8.jar, file:/Users/hpatel/.gradle/caches/modules-2/files-2.1/org.mockito/mockito-core/1.10.19/e8546f5bef4e061d8dd73895b4e8f40e3fe6effe/mockito-core-1.10.19.jar, file:/Users/hpatel/.gradle/caches/modules-2/files-2.1/org.hamcrest/hamcrest-core/1.3/42a25dc3219429f0e5d060061f71acb49bf010a0/hamcrest-core-1.3.jar, file:/Users/hpatel/.gradle/caches/modules-2/files-2.1/org.pentaho/pentaho-aggdesigner-algorithm/5.1.5-jhyde/c52379c645c6c85300e645dff7c72653bf85baa2/pentaho-aggdesigner-algorithm-5.1.5-jhyde.jar, file:/Users/hpatel/.gradle/caches/modules-2/files-2.1/org.apache.hive/hive-serde/0.13.1-cdh5.3.3/9cee47c844d726e9bcef6ab292e1319b7fbddaa3/hive-serde-0.13.1-cdh5.3.3.jar, file:/Users/hpatel/.gradle/caches/modules-2/files-2.1/org.apache.hadoop/hadoop-common/2.5.0-cdh5.3.3/f0862eb1dc33c1807ea29a248af75551e3c6836a/hadoop-common-2.5.0-cdh5.3.3.jar, file:/Users/hpatel/.gradle/caches/modules-2/files-2.1/org.apache.hive/hive-contrib/0.13.1-cdh5.3.3/bf89b429c9b173ac275dc0c1623f5c30e780ee98/hive-contrib-0.13.1-cdh5.3.3.jar, file:/Users/hpatel/.gradle/caches/modules-2/files-2.1/org.datanucleus/datanucleus-core/3.2.12/3212183bb5a2826cd5ff194b9a54619dd0bdf31f/datanucleus-core-3.2.12.jar, file:/Users/hpatel/.gradle/caches/modules-2/files-2.1/org.datanucleus/datanucleus-rdbms/3.2.11/5b053144c89fdff1505b853aa7f1e5ba7657da75/datanucleus-rdbms-3.2.11.jar, file:/Users/hpatel/.gradle/caches/modules-2/files-2.1/org.datanucleus/datanucleus-api-jdo/3.2.8/efc60221fbc91e95cf5758b98c6c5531660696cb/datanucleus-api-jdo-3.2.8.jar, file:/Users/hpatel/.gradle/caches/modules-2/files-2.1/org.apache.hive/hive-shims/0.13.1-cdh5.3.3/47b029532c0b9d45526dcdd858823e6f9634ab81/hive-shims-0.13.1-cdh5.3.3.jar, file:/Users/hpatel/.gradle/caches/modules-2/files-2.1/org.apache.commons/commons-lang3/3.3.1/6738a2da2202ce360f0af90aba005c1e05a2c4cd/commons-lang3-3.3.1.jar, file:/Users/hpatel/.gradle/caches/modules-2/files-2.1/joda-time/joda-time/2.3/56498efd17752898cfcc3868c1b6211a07b12b8f/joda-time-2.3.jar, file:/Users/hpatel/.gradle/caches/modules-2/files-2.1/org.apache.hadoop/hadoop-hdfs/2.5.0-cdh5.3.3/5dd5e2be13d89a9eaab89d3a33bcdf6677671aa9/hadoop-hdfs-2.5.0-cdh5.3.3.jar, file:/Users/hpatel/.gradle/caches/modules-2/files-2.1/org.apache.hadoop/hadoop-mapreduce-client-app/2.5.0-cdh5.3.3/579948f8fa6d9d72bf507bd021fa3dcc0670e95f/hadoop-mapreduce-client-app-2.5.0-cdh5.3.3.jar, file:/Users/hpatel/.gradle/caches/modules-2/files-2.1/org.apache.hadoop/hadoop-yarn-api/2.5.0-cdh5.3.3/a6d9b4b7cbcacd000350a3e33c70269101b5fc79/hadoop-yarn-api-2.5.0-cdh5.3.3.jar, file:/Users/hpatel/.gradle/caches/modules-2/files-2.1/org.apache.hadoop/hadoop-mapreduce-client-core/2.5.0-cdh5.3.3/f2c8eaa2b8a5839a7781f04cf59c4d1abfefec9e/hadoop-mapreduce-client-core-2.5.0-cdh5.3.3.jar, file:/Users/hpatel/.gradle/caches/modules-2/files-2.1/org.apache.hadoop/hadoop-mapreduce-client-jobclient/2.5.0-cdh5.3.3/f8baecab9a91245a97e29e4867a7f5ae128ef8a9/hadoop-mapreduce-client-jobclient-2.5.0-cdh5.3.3.jar, file:/Users/hpatel/.gradle/caches/modules-2/files-2.1/org.apache.hadoop/hadoop-aws/2.5.0-cdh5.3.3/f712d9cf59c859914254bed5c87ee4e5a2204e78/hadoop-aws-2.5.0-cdh5.3.3.jar, file:/Users/hpatel/.gradle/caches/modules-2/files-2.1/org.apache.hadoop/hadoop-annotations/2.5.0-cdh5.3.3/e3b40743127d82ff7a6f263d00419368a46ce608/hadoop-annotations-2.5.0-cdh5.3.3.jar, file:/Users/hpatel/.gradle/caches/modules-2/files-2.1/commons-collections/commons-collections/3.2.1/761ea405b9b37ced573d2df0d1e3a4e0f9edc668/commons-collections-3.2.1.jar, file:/Users/hpatel/.gradle/caches/modules-2/files-2.1/commons-configuration/commons-configuration/1.6/32cadde23955d7681b0d94a2715846d20b425235/commons-configuration-1.6.jar, file:/Users/hpatel/.gradle/caches/modules-2/files-2.1/jline/jline/0.9.94/99a18e9a44834afdebc467294e1138364c207402/jline-0.9.94.jar, file:/Users/hpatel/.gradle/caches/modules-2/files-2.1/commons-cli/commons-cli/1.2/2bf96b7aa8b611c177d329452af1dc933e14501c/commons-cli-1.2.jar, file:/Users/hpatel/.gradle/caches/modules-2/files-2.1/xmlenc/xmlenc/0.52/d82554efbe65906d83b3d97bd7509289e9db561a/xmlenc-0.52.jar, file:/Users/hpatel/.gradle/caches/modules-2/files-2.1/commons-httpclient/commons-httpclient/3.1/964cd74171f427720480efdec40a7c7f6e58426a/commons-httpclient-3.1.jar, file:/Users/hpatel/.gradle/caches/modules-2/files-2.1/commons-net/commons-net/3.1/2298164a7c2484406f2aa5ac85b205d39019896f/commons-net-3.1.jar, file:/Users/hpatel/.gradle/caches/modules-2/files-2.1/tomcat/jasper-runtime/5.5.23/96ca5528a93ab47b001476b74320c644beb89dde/jasper-runtime-5.5.23.jar, file:/Users/hpatel/.gradle/caches/modules-2/files-2.1/tomcat/jasper-compiler/5.5.23/6d35bd7fb8c4fbc1f5401fb3678aa976d2e4c241/jasper-compiler-5.5.23.jar, file:/Users/hpatel/.gradle/caches/modules-2/files-2.1/javax.servlet.jsp/jsp-api/2.1/63f943103f250ef1f3a4d5e94d145a0f961f5316/jsp-api-2.1.jar, file:/Users/hpatel/.gradle/caches/modules-2/files-2.1/commons-el/commons-el/1.0/1df2c042b3f2de0124750241ac6c886dbfa2cc2c/commons-el-1.0.jar, file:/Users/hpatel/.gradle/caches/modules-2/files-2.1/javax.servlet/servlet-api/2.5/5959582d97d8b61f4d154ca9e495aafd16726e34/servlet-api-2.5.jar, file:/Users/hpatel/.gradle/caches/modules-2/files-2.1/hsqldb/hsqldb/1.8.0.10/7e9978fdb754bce5fcd5161133e7734ecb683036/hsqldb-1.8.0.10.jar, file:/Users/hpatel/.gradle/caches/modules-2/files-2.1/org.eclipse.jdt/core/3.1.1/88c83ce444cf46d02494da37c9fa1eebc9ce9cea/core-3.1.1.jar, file:/Users/hpatel/.gradle/caches/modules-2/files-2.1/javassist/javassist/3.12.1.GA/526633327faa61aee448a519e8a4d53ec3057885/javassist-3.12.1.GA.jar, file:/Users/hpatel/.gradle/caches/modules-2/files-2.1/dom4j/dom4j/1.6.1/5d3ccc056b6f056dbf0dddfdf43894b9065a8f94/dom4j-1.6.1.jar, file:/Users/hpatel/.gradle/caches/modules-2/files-2.1/org.objenesis/objenesis/2.1/87c0ea803b69252868d09308b4618f766f135a96/objenesis-2.1.jar, file:/Users/hpatel/.gradle/caches/modules-2/files-2.1/commons-logging/commons-logging/1.1.3/f6f66e966c70a83ffbdb6f17a0919eaf7c8aca7f/commons-logging-1.1.3.jar, file:/Users/hpatel/.gradle/caches/modules-2/files-2.1/org.apache.hive/hive-common/0.13.1-cdh5.3.3/e3fbf24d30a553c50ae4d4eed23f81b0e1211c5a/hive-common-0.13.1-cdh5.3.3.jar, file:/Users/hpatel/.gradle/caches/modules-2/files-2.1/org.apache.avro/avro/1.7.6-cdh5.3.3/6d90271293977d199ed07002bf35e2805405cc64/avro-1.7.6-cdh5.3.3.jar, file:/Users/hpatel/.gradle/caches/modules-2/files-2.1/net.sf.opencsv/opencsv/2.3/c23708cdb9e80a144db433e23344a788a1fd6599/opencsv-2.3.jar, file:/Users/hpatel/.gradle/caches/modules-2/files-2.1/com.sun.jersey/jersey-servlet/1.14/4b87041a59ee152757b62e47a21d5b63fde20ffe/jersey-servlet-1.14.jar, file:/Users/hpatel/.gradle/caches/modules-2/files-2.1/org.slf4j/slf4j-log4j12/1.7.5/6edffc576ce104ec769d954618764f39f0f0f10d/slf4j-log4j12-1.7.5.jar, file:/Users/hpatel/.gradle/caches/modules-2/files-2.1/org.apache.commons/commons-math3/3.1.1/6719d757a98ff24a83d9d727bef9cec83f59b6e1/commons-math3-3.1.1.jar, file:/Users/hpatel/.gradle/caches/modules-2/files-2.1/commons-io/commons-io/2.4/b1b6ea3b7e4aa4f492509a4952029cd8e48019ad/commons-io-2.4.jar, file:/Users/hpatel/.gradle/caches/modules-2/files-2.1/com.sun.jersey/jersey-json/1.9/1aa73e1896bcc7013fed247157d7f676226eb432/jersey-json-1.9.jar, file:/Users/hpatel/.gradle/caches/modules-2/files-2.1/log4j/log4j/1.2.17/5af35056b4d257e4b64b9e8069c0746e8b08629f/log4j-1.2.17.jar, file:/Users/hpatel/.gradle/caches/modules-2/files-2.1/com.google.code.gson/gson/2.2.4/a60a5e993c98c864010053cb901b7eab25306568/gson-2.2.4.jar, file:/Users/hpatel/.gradle/caches/modules-2/files-2.1/org.apache.hadoop/hadoop-auth/2.5.0-cdh5.3.3/847eb288da72acfdd7d202da5149dec6cd20ceba/hadoop-auth-2.5.0-cdh5.3.3.jar, file:/Users/hpatel/.gradle/caches/modules-2/files-2.1/com.jcraft/jsch/0.1.42/a86104b0f2e0c0bab5b0df836065823a99b5e334/jsch-0.1.42.jar, file:/Users/hpatel/.gradle/caches/modules-2/files-2.1/org.apache.curator/curator-client/2.6.0/b9007c357ad1a78066fc6004e8b1feaa2318f6f3/curator-client-2.6.0.jar, file:/Users/hpatel/.gradle/caches/modules-2/files-2.1/org.apache.curator/curator-recipes/2.6.0/8736b0fc42e6bf006d585fe85c90aaa4ade5cbef/curator-recipes-2.6.0.jar, file:/Users/hpatel/.gradle/caches/modules-2/files-2.1/com.google.code.findbugs/jsr305/1.3.9/40719ea6961c0cb6afaeb6a921eaa1f6afd4cfdf/jsr305-1.3.9.jar, file:/Users/hpatel/.gradle/caches/modules-2/files-2.1/org.apache.commons/commons-compress/1.4.1/b02e84a993d88568417536240e970c4b809126fd/commons-compress-1.4.1.jar, file:/Users/hpatel/.gradle/caches/modules-2/files-2.1/org.apache.hive.shims/hive-shims-common/0.13.1-cdh5.3.3/3d9e5245018fbde18f52c4ab25fc35afdec2fc0a/hive-shims-common-0.13.1-cdh5.3.3.jar, file:/Users/hpatel/.gradle/caches/modules-2/files-2.1/org.apache.hive.shims/hive-shims-common-secure/0.13.1-cdh5.3.3/6b29a16b2a41b89bdbbc681c257ad7f766a90bcb/hive-shims-common-secure-0.13.1-cdh5.3.3.jar, file:/Users/hpatel/.gradle/caches/modules-2/files-2.1/org.apache.hive.shims/hive-shims-0.23/0.13.1-cdh5.3.3/7ab834955a767af200d1d9151c204751637d9ca9/hive-shims-0.23-0.13.1-cdh5.3.3.jar, file:/Users/hpatel/.gradle/caches/modules-2/files-2.1/org.apache.hive.shims/hive-shims-scheduler/0.13.1-cdh5.3.3/b6644420b74f936a838f7f3fd2fa19c19add0449/hive-shims-scheduler-0.13.1-cdh5.3.3.jar, file:/Users/hpatel/.gradle/caches/modules-2/files-2.1/org.apache.hadoop/hadoop-mapreduce-client-common/2.5.0-cdh5.3.3/f0d777bb76ca9f540c0c81a45934f0f5cf9975b8/hadoop-mapreduce-client-common-2.5.0-cdh5.3.3.jar, file:/Users/hpatel/.gradle/caches/modules-2/files-2.1/org.apache.hadoop/hadoop-mapreduce-client-shuffle/2.5.0-cdh5.3.3/b6c4316f6fcc406edf7e5bd77c50e46034ad5519/hadoop-mapreduce-client-shuffle-2.5.0-cdh5.3.3.jar, file:/Users/hpatel/.gradle/caches/modules-2/files-2.1/org.apache.hadoop/hadoop-yarn-common/2.5.0-cdh5.3.3/9499713b674eae1aa714fcd0e95e0d09daaf3824/hadoop-yarn-common-2.5.0-cdh5.3.3.jar, file:/Users/hpatel/.gradle/caches/modules-2/files-2.1/com.fasterxml.jackson.core/jackson-databind/2.2.3/3ae380888029daefb91d3ecdca3a37d8cb92bc9/jackson-databind-2.2.3.jar, file:/Users/hpatel/.gradle/caches/modules-2/files-2.1/com.fasterxml.jackson.core/jackson-annotations/2.2.3/527fece4f23a457070a36c371a26d6c0208e1c3/jackson-annotations-2.2.3.jar, file:/Users/hpatel/.gradle/caches/modules-2/files-2.1/com.amazonaws/aws-java-sdk/1.7.4/2c24ccb6f1ab845a7df971951d4b41c709a6517d/aws-java-sdk-1.7.4.jar, file:/Users/hpatel/.gradle/caches/modules-2/files-2.1/commons-digester/commons-digester/1.8/dc6a73fdbd1fa3f0944e8497c6c872fa21dca37e/commons-digester-1.8.jar, file:/Users/hpatel/.gradle/caches/modules-2/files-2.1/commons-beanutils/commons-beanutils-core/1.8.0/175dc721f87e4bc5cc0573f990e28c3cf9117508/commons-beanutils-core-1.8.0.jar, file:/Users/hpatel/.gradle/caches/modules-2/files-2.1/xml-apis/xml-apis/1.0.b2/3136ca936f64c9d68529f048c2618bd356bf85c9/xml-apis-1.0.b2.jar, file:/Users/hpatel/.gradle/caches/modules-2/files-2.1/com.thoughtworks.paranamer/paranamer/2.3/4a85963a752c0a2f715c3924bfc686865e7e1bc6/paranamer-2.3.jar, file:/Users/hpatel/.gradle/caches/modules-2/files-2.1/org.xerial.snappy/snappy-java/1.0.5/10cb4550360a0ec6b80f09a5209d00b6058e82bf/snappy-java-1.0.5.jar, file:/Users/hpatel/.gradle/caches/modules-2/files-2.1/org.codehaus.jettison/jettison/1.1/1a01a2a1218fcf9faa2cc2a6ced025bdea687262/jettison-1.1.jar, file:/Users/hpatel/.gradle/caches/modules-2/files-2.1/com.sun.xml.bind/jaxb-impl/2.2.3-1/56baae106392040a45a06d4a41099173425da1e6/jaxb-impl-2.2.3-1.jar, file:/Users/hpatel/.gradle/caches/modules-2/files-2.1/org.apache.directory.server/apacheds-kerberos-codec/2.0.0-M15/1c16e4e477183641c5f0dd5cdecd27ec331bacb5/apacheds-kerberos-codec-2.0.0-M15.jar, file:/Users/hpatel/.gradle/caches/modules-2/files-2.1/org.apache.curator/curator-framework/2.6.0/81a699c39d127b5b4ff97cc77da7650b53e5b5ed/curator-framework-2.6.0.jar, file:/Users/hpatel/.gradle/caches/modules-2/files-2.1/org.tukaani/xz/1.0/ecff5cb8b1189514c9d1d8d68eb77ac372e000c9/xz-1.0.jar, file:/Users/hpatel/.gradle/caches/modules-2/files-2.1/org.apache.hadoop/hadoop-yarn-client/2.5.0-cdh5.3.3/2d2ce5d0138d02b20aefcfc1ee8dd6f691911f63/hadoop-yarn-client-2.5.0-cdh5.3.3.jar, file:/Users/hpatel/.gradle/caches/modules-2/files-2.1/org.apache.hadoop/hadoop-yarn-server-common/2.5.0-cdh5.3.3/d099fcc19f56d477fa6b5b47ae4e06bb97538778/hadoop-yarn-server-common-2.5.0-cdh5.3.3.jar, file:/Users/hpatel/.gradle/caches/modules-2/files-2.1/org.apache.hadoop/hadoop-yarn-server-nodemanager/2.5.0-cdh5.3.3/278b2d7a6454ce57a94ab02a88c0b188afc8facc/hadoop-yarn-server-nodemanager-2.5.0-cdh5.3.3.jar, file:/Users/hpatel/.gradle/caches/modules-2/files-2.1/org.fusesource.leveldbjni/leveldbjni-all/1.8/707350a2eeb1fa2ed77a32ddb3893ed308e941db/leveldbjni-all-1.8.jar, file:/Users/hpatel/.gradle/caches/modules-2/files-2.1/javax.xml.bind/jaxb-api/2.2.2/aeb3021ca93dde265796d82015beecdcff95bf09/jaxb-api-2.2.2.jar, file:/Users/hpatel/.gradle/caches/modules-2/files-2.1/com.google.inject/guice/3.0/9d84f15fe35e2c716a02979fb62f50a29f38aefa/guice-3.0.jar, file:/Users/hpatel/.gradle/caches/modules-2/files-2.1/com.sun.jersey.contribs/jersey-guice/1.9/5963c28c47df7e5d6ad34cec80c071c368777f7b/jersey-guice-1.9.jar, file:/Users/hpatel/.gradle/caches/modules-2/files-2.1/com.fasterxml.jackson.core/jackson-core/2.2.3/1a0113da2cab5f4c216b4e5e7c1dbfaa67087e14/jackson-core-2.2.3.jar, file:/Users/hpatel/.gradle/caches/modules-2/files-2.1/commons-beanutils/commons-beanutils/1.7.0/5675fd96b29656504b86029551973d60fb41339b/commons-beanutils-1.7.0.jar, file:/Users/hpatel/.gradle/caches/modules-2/files-2.1/org.apache.directory.server/apacheds-i18n/2.0.0-M15/71c61c84683152ec2a6a65f3f96fe534e304fa22/apacheds-i18n-2.0.0-M15.jar, file:/Users/hpatel/.gradle/caches/modules-2/files-2.1/org.apache.directory.api/api-asn1-api/1.0.0-M20/5e6486ffa3125ba44dc410ead166e1d6ba8ac76d/api-asn1-api-1.0.0-M20.jar, file:/Users/hpatel/.gradle/caches/modules-2/files-2.1/org.apache.directory.api/api-util/1.0.0-M20/a871abf060b3cf83fc6dc4d7e3d151fce50ac3cb/api-util-1.0.0-M20.jar, file:/Users/hpatel/.gradle/caches/modules-2/files-2.1/com.sun.jersey/jersey-client/1.9/d3c4b2b5f89db32c96ceddcb863684821910a7bb/jersey-client-1.9.jar, file:/Users/hpatel/.gradle/caches/modules-2/files-2.1/javax.xml.stream/stax-api/1.0-2/d6337b0de8b25e53e81b922352fbea9f9f57ba0b/stax-api-1.0-2.jar, file:/Users/hpatel/.gradle/caches/modules-2/files-2.1/javax.activation/activation/1.1/e6cb541461c2834bdea3eb920f1884d1eb508b50/activation-1.1.jar, file:/Users/hpatel/.gradle/caches/modules-2/files-2.1/javax.inject/javax.inject/1/6975da39a7040257bd51d21a231b76c915872d38/javax.inject-1.jar, file:/Users/hpatel/.gradle/caches/modules-2/files-2.1/aopalliance/aopalliance/1.0/235ba8b489512805ac13a8f9ea77a1ca5ebe3e8/aopalliance-1.0.jar, file:/Users/hpatel/.gradle/caches/modules-2/files-2.1/org.sonatype.sisu.inject/cglib/2.2.1-v20090111/7ce5e983fd0e6c78346f4c9cbfa39d83049dda2/cglib-2.2.1-v20090111.jar, file:/Users/hpatel/.gradle/caches/modules-2/files-2.1/asm/asm/3.1/c157def142714c544bdea2e6144645702adf7097/asm-3.1.jar, file:/Users/hpatel/.gradle/caches/modules-2/files-2.1/org.apache.hive/hive-service/0.13.1-cdh5.3.3/c7979b4213bfb62823d43ba726e0fea58032dd1e/hive-service-0.13.1-cdh5.3.3.jar, file:/Users/hpatel/.gradle/caches/modules-2/files-2.1/net.sf.jpam/jpam/1.1/cb3d91c2dfda767518a371dbb02edfd6a4aa0600/jpam-1.1.jar, file:/Users/hpatel/.gradle/caches/modules-2/files-2.1/org.eclipse.jetty.aggregate/jetty-all/7.6.0.v20120127/47bb68e3837e5c6422138dd1e0d4d75c60dce87a/jetty-all-7.6.0.v20120127.jar, file:/Users/hpatel/.gradle/caches/modules-2/files-2.1/org.apache.thrift/libfb303/0.9.0/639bd69767fdbd7f658ce8233248fe1cea635164/libfb303-0.9.0.jar, file:/Users/hpatel/.gradle/caches/modules-2/files-2.1/org.apache.geronimo.specs/geronimo-jta_1.1_spec/1.1.1/aabab3165b8ea936b9360abbf448459c0d04a5a4/geronimo-jta_1.1_spec-1.1.1.jar, file:/Users/hpatel/.gradle/caches/modules-2/files-2.1/javax.mail/mail/1.4.1/8b7bc69010655425dabf091b51d1e90b4de36715/mail-1.4.1.jar, file:/Users/hpatel/.gradle/caches/modules-2/files-2.1/org.apache.geronimo.specs/geronimo-jaspic_1.0_spec/1.0/44b95be7dae1147716dce5336419eafade880756/geronimo-jaspic_1.0_spec-1.0.jar, file:/Users/hpatel/.gradle/caches/modules-2/files-2.1/org.apache.geronimo.specs/geronimo-annotation_1.0_spec/1.1.1/47caa799389f69d297b86bf90523d431599c3796/geronimo-annotation_1.0_spec-1.1.1.jar, file:/Users/hpatel/.gradle/caches/modules-2/files-2.1/asm/asm-commons/3.1/1b607fbfe7889c6fdff1b7c16439ade0a60869ac/asm-commons-3.1.jar, file:/Users/hpatel/.gradle/caches/modules-2/files-2.1/asm/asm-tree/3.1/c9a5d4334ddf194ea492f22107d45119a5c5322f/asm-tree-3.1.jar, file:/Users/hpatel/.gradle/caches/modules-2/files-2.1/commons-lang/commons-lang/2.6/ce1edb914c94ebc388f086c6827e8bdeec71ac2/commons-lang-2.6.jar, file:/Users/hpatel/.gradle/caches/modules-2/files-2.1/org.mortbay.jetty/jetty/6.1.26.cloudera.4/d59325a5ff8ff18f7543bc3fbb9d5efa0c0ff521/jetty-6.1.26.cloudera.4.jar, file:/Users/hpatel/.gradle/caches/modules-2/files-2.1/org.mortbay.jetty/jetty-util/6.1.26.cloudera.4/b8507b7c5d3fd9a3d01775272cbf1a63f530c19d/jetty-util-6.1.26.cloudera.4.jar, file:/Users/hpatel/.gradle/caches/modules-2/files-2.1/net.java.dev.jets3t/jets3t/0.9.0/792bc96ee7e57b89f472aa0cb5a31015b9f59c96/jets3t-0.9.0.jar, file:/Users/hpatel/.gradle/caches/modules-2/files-2.1/com.jamesmurty.utils/java-xmlbuilder/0.4/ac5962e48cdee3a0a6e1f8e00fcb594747ac5aaf/java-xmlbuilder-0.4.jar, file:/Users/hpatel/.gradle/caches/modules-2/files-2.1/com.google.protobuf/protobuf-java/2.5.0/a10732c76bfacdbd633a7eb0f7968b1059a65dfa/protobuf-java-2.5.0.jar, file:/Users/hpatel/.gradle/caches/modules-2/files-2.1/org.apache.hive/hive-exec/0.13.1-cdh5.3.3/4d935274127f47dd9c0875efcf317ba49aef1219/hive-exec-0.13.1-cdh5.3.3.jar, file:/Users/hpatel/.gradle/caches/modules-2/files-2.1/org.apache.hive/hive-ant/0.13.1-cdh5.3.3/86954e92a903253177cd6935798c50a6c32b7b81/hive-ant-0.13.1-cdh5.3.3.jar, file:/Users/hpatel/.gradle/caches/modules-2/files-2.1/org.antlr/antlr-runtime/3.4/8f011408269a8e42b8548687e137d8eeb56df4b4/antlr-runtime-3.4.jar, file:/Users/hpatel/.gradle/caches/modules-2/files-2.1/org.antlr/ST4/4.0.4/467a2aa12be6d0f0f68c70eecf6714ab733027ac/ST4-4.0.4.jar, file:/Users/hpatel/.gradle/caches/modules-2/files-2.1/org.apache.ant/ant/1.9.1/35900c96dbebc85dcfbd71f4661059ebcf93c077/ant-1.9.1.jar, file:/Users/hpatel/.gradle/caches/modules-2/files-2.1/org.codehaus.groovy/groovy-all/2.1.6/165b8246372a829c1915611646f6d964010656cf/groovy-all-2.1.6.jar, file:/Users/hpatel/.gradle/caches/modules-2/files-2.1/stax/stax-api/1.0.1/49c100caf72d658aca8e58bd74a4ba90fa2b0d70/stax-api-1.0.1.jar, file:/Users/hpatel/.gradle/caches/modules-2/files-2.1/org.apache.velocity/velocity/1.5/9f306baf7523ffc0e81a6353d08a584d254133b/velocity-1.5.jar, file:/Users/hpatel/.gradle/caches/modules-2/files-2.1/org.antlr/stringtemplate/3.2.1/59ec8083721eae215c6f3caee944c410d2be34de/stringtemplate-3.2.1.jar, file:/Users/hpatel/.gradle/caches/modules-2/files-2.1/antlr/antlr/2.7.7/83cd2cd674a217ade95a4bb83a8a14f351f48bd0/antlr-2.7.7.jar, file:/Users/hpatel/.gradle/caches/modules-2/files-2.1/org.apache.ant/ant-launcher/1.9.1/7c71043ca185eaada9e36391dd022d92859327de/ant-launcher-1.9.1.jar, file:/Users/hpatel/.gradle/caches/modules-2/files-2.1/oro/oro/2.0.8/5592374f834645c4ae250f4c9fbb314c9369d698/oro-2.0.8.jar, file:/Users/hpatel/.gradle/caches/modules-2/files-2.1/org.codehaus.jackson/jackson-core-asl/1.9.13/3c304d70f42f832e0a86d45bd437f692129299a4/jackson-core-asl-1.9.13.jar, file:/Users/hpatel/.gradle/caches/modules-2/files-2.1/org.codehaus.jackson/jackson-mapper-asl/1.9.13/1ee2f2bed0e5dd29d1cb155a166e6f8d50bbddb7/jackson-mapper-asl-1.9.13.jar, file:/Users/hpatel/.gradle/caches/modules-2/files-2.1/org.slf4j/slf4j-api/1.7.6/562424e36df3d2327e8e9301a76027fca17d54ea/slf4j-api-1.7.6.jar, file:/Users/hpatel/.gradle/caches/modules-2/files-2.1/com.sun.jersey/jersey-server/1.14/b1a21724c9b708ed54d42d41bb19ff45ae1d49d9/jersey-server-1.14.jar, file:/Users/hpatel/.gradle/caches/modules-2/files-2.1/org.apache.httpcomponents/httpclient/4.2.5/666e26e76f2e87d84e4f16acb546481ae1b8e9a6/httpclient-4.2.5.jar, file:/Users/hpatel/.gradle/caches/modules-2/files-2.1/org.apache.zookeeper/zookeeper/3.4.6/1b2502e29da1ebaade2357cd1de35a855fa3755/zookeeper-3.4.6.jar, file:/Users/hpatel/.gradle/caches/modules-2/files-2.1/com.google.guava/guava/16.0.1/5fa98cd1a63c99a44dd8d3b77e4762b066a5d0c5/guava-16.0.1.jar, file:/Users/hpatel/.gradle/caches/modules-2/files-2.1/org.codehaus.jackson/jackson-jaxrs/1.8.8/71b16055388e9bd3991c3c3834e8e55098b789f1/jackson-jaxrs-1.8.8.jar, file:/Users/hpatel/.gradle/caches/modules-2/files-2.1/org.codehaus.jackson/jackson-xc/1.8.8/52efa08bc1e4cfea168f552b9e3088297d9d0926/jackson-xc-1.8.8.jar, file:/Users/hpatel/.gradle/caches/modules-2/files-2.1/org.apache.hive/hive-metastore/0.13.1-cdh5.3.3/ca93686a17f064a5ab6587799721cddd7836e53a/hive-metastore-0.13.1-cdh5.3.3.jar, file:/Users/hpatel/.gradle/caches/modules-2/files-2.1/com.jolbox/bonecp/0.8.0.RELEASE/cec24ee9345b3678472bb1b8fdd6aa6b9428beb8/bonecp-0.8.0.RELEASE.jar, file:/Users/hpatel/.gradle/caches/modules-2/files-2.1/org.apache.derby/derby/10.10.1.1/9f6f910f0373adc1b23c10f9b4bb151b7e7449f/derby-10.10.1.1.jar, file:/Users/hpatel/.gradle/caches/modules-2/files-2.1/javax.jdo/jdo-api/3.0.1/58e7a538e020b73871e232eeb064835fd98a492/jdo-api-3.0.1.jar, file:/Users/hpatel/.gradle/caches/modules-2/files-2.1/javax.transaction/jta/1.1/2ca09f0b36ca7d71b762e14ea2ff09d5eac57558/jta-1.1.jar, file:/Users/hpatel/.gradle/caches/modules-2/files-2.1/org.apache.thrift/libthrift/0.9.0/9ba8df332b5db95ce7f3b7a83e44d796c3d014d3/libthrift-0.9.0.jar, file:/Users/hpatel/.gradle/caches/modules-2/files-2.1/org.apache.httpcomponents/httpcore/4.2.4/3b7f38df6de5dd8b500e602ae8c2dd5ee446f883/httpcore-4.2.4.jar, file:/Users/hpatel/.gradle/caches/modules-2/files-2.1/com.sun.jersey/jersey-core/1.14/693061de8b9b352b11e997b1dd4052677778852d/jersey-core-1.14.jar, file:/Users/hpatel/.gradle/caches/modules-2/files-2.1/commons-codec/commons-codec/1.6/b7f0fc8f61ecadeb3695f0b9464755eee44374d4/commons-codec-1.6.jar, file:/Users/hpatel/.gradle/caches/modules-2/files-2.1/io.netty/netty/3.7.0.Final/7a8c35599c68c0bf383df74469aa3e03d9aca87/netty-3.7.0.Final.jar]
15/09/06 13:13:51 INFO mr.ObjectCache: Ignoring retrieval request: __MAP_PLAN__
15/09/06 13:13:51 INFO mr.ObjectCache: Ignoring cache key: __MAP_PLAN__
15/09/06 13:13:51 INFO exec.MapOperator: dump TS struct<file_name:string,gen_id:string,dms_system:string,dms_version:string,transmit_ts:string,orig_transmit_ts:string,transmit_by:string,record_status:string,dealer_updt_ind:string,store_number:string,part_type:string,store_name:string,inventory_store_number:string,cat_emrg_dealer_code:string,cat_stock_dealer_code:string,stock_replen_store_number:string,stock_replen_lead_time:string,lst_updt_ts:string,orig_lst_updt_ts:string,lst_updt_by_id:string,file_ins_ts:string,orig_file_ins_ts:string,exp_stock_plan_lead_time:string,dealer_code:string>
15/09/06 13:13:51 INFO mr.ExecMapper: 
<MAP>Id =146
  <Children>
    <TS>Id =141
      <Children>
        <SEL>Id =142
          <Children>
            <RS>Id =144
              <Children>
              <\Children>
              <Parent>Id = 142 null<\Parent>
            <\RS>
          <\Children>
          <Parent>Id = 141 null<\Parent>
        <\SEL>
      <\Children>
      <Parent>Id = 146 null<\Parent>
    <\TS>
  <\Children>
  <Parent><\Parent>
<\MAP>
15/09/06 13:13:51 INFO exec.MapOperator: Initializing Self 146 MAP
15/09/06 13:13:51 INFO exec.TableScanOperator: Initializing Self 141 TS
15/09/06 13:13:51 INFO exec.TableScanOperator: Operator 141 TS initialized
15/09/06 13:13:51 INFO exec.TableScanOperator: Initializing children of 141 TS
15/09/06 13:13:51 INFO exec.SelectOperator: Initializing child 142 SEL
15/09/06 13:13:51 INFO exec.SelectOperator: Initializing Self 142 SEL
15/09/06 13:13:51 INFO exec.SelectOperator: SELECT struct<file_name:string,gen_id:string,dms_system:string,dms_version:string,transmit_ts:string,orig_transmit_ts:string,transmit_by:string,record_status:string,dealer_updt_ind:string,store_number:string,part_type:string,store_name:string,inventory_store_number:string,cat_emrg_dealer_code:string,cat_stock_dealer_code:string,stock_replen_store_number:string,stock_replen_lead_time:string,lst_updt_ts:string,orig_lst_updt_ts:string,lst_updt_by_id:string,file_ins_ts:string,orig_file_ins_ts:string,exp_stock_plan_lead_time:string,dealer_code:string>
15/09/06 13:13:51 INFO exec.SelectOperator: Operator 142 SEL initialized
15/09/06 13:13:51 INFO exec.SelectOperator: Initializing children of 142 SEL
15/09/06 13:13:51 INFO exec.ReduceSinkOperator: Initializing child 144 RS
15/09/06 13:13:51 INFO exec.ReduceSinkOperator: Initializing Self 144 RS
15/09/06 13:13:51 INFO exec.ReduceSinkOperator: Using tag = -1
15/09/06 13:13:51 INFO exec.ReduceSinkOperator: Operator 144 RS initialized
15/09/06 13:13:51 INFO exec.ReduceSinkOperator: Initialization Done 144 RS
15/09/06 13:13:51 INFO exec.SelectOperator: Initialization Done 142 SEL
15/09/06 13:13:51 INFO exec.TableScanOperator: Initialization Done 141 TS
15/09/06 13:13:51 INFO exec.MapOperator: Initialization Done 146 MAP
15/09/06 13:13:51 INFO exec.MapOperator: Processing alias dh for file file:/var/folders/y7/4_pz5fzx54ngcmghz3v6t3m00000gn/T/junit5910417261063589903/hadooptmp/dealer_hierarchy/temp_data/dealer_code=AAAA
15/09/06 13:13:51 WARN lazy.LazyStruct: Extra bytes detected at the end of the row! Ignoring similar problems.
15/09/06 13:13:51 INFO mr.ExecMapper: ExecMapper: processing 1 rows: used memory = 473919696
15/09/06 13:13:51 INFO io.HiveContextAwareRecordReader: Processing file file:/var/folders/y7/4_pz5fzx54ngcmghz3v6t3m00000gn/T/junit5910417261063589903/hadooptmp/dealer_hierarchy/temp_data/dealer_code=ZZZZ/temp_data_from_file.csv
15/09/06 13:13:51 INFO exec.MapOperator: Processing alias dh for file file:/var/folders/y7/4_pz5fzx54ngcmghz3v6t3m00000gn/T/junit5910417261063589903/hadooptmp/dealer_hierarchy/temp_data/dealer_code=ZZZZ
15/09/06 13:13:51 WARN lazy.LazyStruct: Extra bytes detected at the end of the row! Ignoring similar problems.
15/09/06 13:13:51 INFO exec.MapOperator: 146 finished. closing... 
15/09/06 13:13:51 INFO exec.MapOperator: DESERIALIZE_ERRORS:0
15/09/06 13:13:51 INFO exec.TableScanOperator: 141 finished. closing... 
15/09/06 13:13:51 INFO exec.SelectOperator: 142 finished. closing... 
15/09/06 13:13:51 INFO exec.ReduceSinkOperator: 144 finished. closing... 
15/09/06 13:13:51 INFO exec.ReduceSinkOperator: 144 Close done
15/09/06 13:13:51 INFO exec.SelectOperator: 142 Close done
15/09/06 13:13:51 INFO exec.TableScanOperator: 141 Close done
15/09/06 13:13:51 INFO exec.MapOperator: 146 Close done
15/09/06 13:13:51 INFO mr.ExecMapper: ExecMapper: processed 4 rows: used memory = 473919696
15/09/06 13:13:51 INFO mapred.MapTask: Starting flush of map output
15/09/06 13:13:51 INFO mapred.MapTask: Finished spill 0
15/09/06 13:13:51 INFO mapred.Task: Task:attempt_local203494007_0010_m_000000_0 is done. And is in the process of commiting
15/09/06 13:13:51 INFO mapred.LocalJobRunner: file:/var/folders/y7/4_pz5fzx54ngcmghz3v6t3m00000gn/T/junit5910417261063589903/hadooptmp/dealer_hierarchy/temp_data/dealer_code=ZZZZ/temp_data_from_file.csv:0+626
15/09/06 13:13:51 INFO mapred.Task: Task 'attempt_local203494007_0010_m_000000_0' done.
15/09/06 13:13:51 INFO mapred.LocalJobRunner: Finishing task: attempt_local203494007_0010_m_000000_0
15/09/06 13:13:51 INFO mapred.LocalJobRunner: Map task executor complete.
15/09/06 13:13:51 WARN mapreduce.Counters: Group org.apache.hadoop.mapred.Task$Counter is deprecated. Use org.apache.hadoop.mapreduce.TaskCounter instead
2015-09-06 13:13:51,993 Stage-1 map = 100%,  reduce = 0%
15/09/06 13:13:51 INFO exec.Task: 2015-09-06 13:13:51,993 Stage-1 map = 100%,  reduce = 0%
15/09/06 13:13:51 INFO mapred.Task:  Using ResourceCalculatorPlugin : null
15/09/06 13:13:51 INFO mapred.LocalJobRunner: 
15/09/06 13:13:51 INFO mapred.Merger: Merging 1 sorted segments
15/09/06 13:13:51 INFO mapred.Merger: Down to the last merge-pass, with 1 segments left of total size: 974 bytes
15/09/06 13:13:51 INFO mapred.LocalJobRunner: 
15/09/06 13:13:51 INFO ExecReducer: maximum memory = 3817865216
15/09/06 13:13:51 INFO ExecReducer: conf classpath = [file:/Users/hpatel/.gradle/caches/2.1/workerMain/gradle-worker.jar, file:/Users/hpatel/Tech/Projects/CAT/ddsw_dev/hive-test/build/classes/test/, file:/Users/hpatel/Tech/Projects/CAT/ddsw_dev/hive-test/build/resources/test/, file:/Users/hpatel/Tech/Projects/CAT/ddsw_dev/hive-test/build/classes/main/, file:/Users/hpatel/Tech/Projects/CAT/ddsw_dev/hive-test/build/resources/main, file:/Users/hpatel/.gradle/caches/modules-2/files-2.1/junit/junit/4.11/4e031bb61df09069aeb2bffb4019e7a5034a4ee0/junit-4.11.jar, file:/Users/hpatel/.gradle/caches/modules-2/files-2.1/com.klarna/hiverunner/1.0.0/e26bb0655fff4d88fab91f331793d9fc1db392cc/HiveRunner-1.0.0.jar, file:/Users/hpatel/Tech/Projects/CAT/ddsw_dev/custom-cat-udfs/build/libs/custom-cat-udfs-0.1.38-SNAPSHOT.jar, file:/Users/hpatel/.gradle/caches/modules-2/files-2.1/org.apache.hadoop/hadoop-client/2.5.0-cdh5.3.3/ec3cd6a8cb043e73a42918934c5d3a3f2747c78b/hadoop-client-2.5.0-cdh5.3.3.jar, file:/Users/hpatel/.gradle/caches/modules-2/files-2.1/org.hsqldb/hsqldb/2.3.1/bd7153caa30958e1c64a3dd38b93e5a7442d9a0e/hsqldb-2.3.1.jar, file:/Users/hpatel/.gradle/caches/modules-2/files-2.1/org.apache.hadoop/hadoop-core/2.5.0-mr1-cdh5.3.3/f6f4a77f818757da51ae0244310855779c04c4be/hadoop-core-2.5.0-mr1-cdh5.3.3.jar, file:/Users/hpatel/.gradle/caches/modules-2/files-2.1/org.reflections/reflections/0.9.8/f723abb59bf512952bfc503838f70f81487a6993/reflections-0.9.8.jar, file:/Users/hpatel/.gradle/caches/modules-2/files-2.1/org.mockito/mockito-core/1.10.19/e8546f5bef4e061d8dd73895b4e8f40e3fe6effe/mockito-core-1.10.19.jar, file:/Users/hpatel/.gradle/caches/modules-2/files-2.1/org.hamcrest/hamcrest-core/1.3/42a25dc3219429f0e5d060061f71acb49bf010a0/hamcrest-core-1.3.jar, file:/Users/hpatel/.gradle/caches/modules-2/files-2.1/org.pentaho/pentaho-aggdesigner-algorithm/5.1.5-jhyde/c52379c645c6c85300e645dff7c72653bf85baa2/pentaho-aggdesigner-algorithm-5.1.5-jhyde.jar, file:/Users/hpatel/.gradle/caches/modules-2/files-2.1/org.apache.hive/hive-serde/0.13.1-cdh5.3.3/9cee47c844d726e9bcef6ab292e1319b7fbddaa3/hive-serde-0.13.1-cdh5.3.3.jar, file:/Users/hpatel/.gradle/caches/modules-2/files-2.1/org.apache.hadoop/hadoop-common/2.5.0-cdh5.3.3/f0862eb1dc33c1807ea29a248af75551e3c6836a/hadoop-common-2.5.0-cdh5.3.3.jar, file:/Users/hpatel/.gradle/caches/modules-2/files-2.1/org.apache.hive/hive-contrib/0.13.1-cdh5.3.3/bf89b429c9b173ac275dc0c1623f5c30e780ee98/hive-contrib-0.13.1-cdh5.3.3.jar, file:/Users/hpatel/.gradle/caches/modules-2/files-2.1/org.datanucleus/datanucleus-core/3.2.12/3212183bb5a2826cd5ff194b9a54619dd0bdf31f/datanucleus-core-3.2.12.jar, file:/Users/hpatel/.gradle/caches/modules-2/files-2.1/org.datanucleus/datanucleus-rdbms/3.2.11/5b053144c89fdff1505b853aa7f1e5ba7657da75/datanucleus-rdbms-3.2.11.jar, file:/Users/hpatel/.gradle/caches/modules-2/files-2.1/org.datanucleus/datanucleus-api-jdo/3.2.8/efc60221fbc91e95cf5758b98c6c5531660696cb/datanucleus-api-jdo-3.2.8.jar, file:/Users/hpatel/.gradle/caches/modules-2/files-2.1/org.apache.hive/hive-shims/0.13.1-cdh5.3.3/47b029532c0b9d45526dcdd858823e6f9634ab81/hive-shims-0.13.1-cdh5.3.3.jar, file:/Users/hpatel/.gradle/caches/modules-2/files-2.1/org.apache.commons/commons-lang3/3.3.1/6738a2da2202ce360f0af90aba005c1e05a2c4cd/commons-lang3-3.3.1.jar, file:/Users/hpatel/.gradle/caches/modules-2/files-2.1/joda-time/joda-time/2.3/56498efd17752898cfcc3868c1b6211a07b12b8f/joda-time-2.3.jar, file:/Users/hpatel/.gradle/caches/modules-2/files-2.1/org.apache.hadoop/hadoop-hdfs/2.5.0-cdh5.3.3/5dd5e2be13d89a9eaab89d3a33bcdf6677671aa9/hadoop-hdfs-2.5.0-cdh5.3.3.jar, file:/Users/hpatel/.gradle/caches/modules-2/files-2.1/org.apache.hadoop/hadoop-mapreduce-client-app/2.5.0-cdh5.3.3/579948f8fa6d9d72bf507bd021fa3dcc0670e95f/hadoop-mapreduce-client-app-2.5.0-cdh5.3.3.jar, file:/Users/hpatel/.gradle/caches/modules-2/files-2.1/org.apache.hadoop/hadoop-yarn-api/2.5.0-cdh5.3.3/a6d9b4b7cbcacd000350a3e33c70269101b5fc79/hadoop-yarn-api-2.5.0-cdh5.3.3.jar, file:/Users/hpatel/.gradle/caches/modules-2/files-2.1/org.apache.hadoop/hadoop-mapreduce-client-core/2.5.0-cdh5.3.3/f2c8eaa2b8a5839a7781f04cf59c4d1abfefec9e/hadoop-mapreduce-client-core-2.5.0-cdh5.3.3.jar, file:/Users/hpatel/.gradle/caches/modules-2/files-2.1/org.apache.hadoop/hadoop-mapreduce-client-jobclient/2.5.0-cdh5.3.3/f8baecab9a91245a97e29e4867a7f5ae128ef8a9/hadoop-mapreduce-client-jobclient-2.5.0-cdh5.3.3.jar, file:/Users/hpatel/.gradle/caches/modules-2/files-2.1/org.apache.hadoop/hadoop-aws/2.5.0-cdh5.3.3/f712d9cf59c859914254bed5c87ee4e5a2204e78/hadoop-aws-2.5.0-cdh5.3.3.jar, file:/Users/hpatel/.gradle/caches/modules-2/files-2.1/org.apache.hadoop/hadoop-annotations/2.5.0-cdh5.3.3/e3b40743127d82ff7a6f263d00419368a46ce608/hadoop-annotations-2.5.0-cdh5.3.3.jar, file:/Users/hpatel/.gradle/caches/modules-2/files-2.1/commons-collections/commons-collections/3.2.1/761ea405b9b37ced573d2df0d1e3a4e0f9edc668/commons-collections-3.2.1.jar, file:/Users/hpatel/.gradle/caches/modules-2/files-2.1/commons-configuration/commons-configuration/1.6/32cadde23955d7681b0d94a2715846d20b425235/commons-configuration-1.6.jar, file:/Users/hpatel/.gradle/caches/modules-2/files-2.1/jline/jline/0.9.94/99a18e9a44834afdebc467294e1138364c207402/jline-0.9.94.jar, file:/Users/hpatel/.gradle/caches/modules-2/files-2.1/commons-cli/commons-cli/1.2/2bf96b7aa8b611c177d329452af1dc933e14501c/commons-cli-1.2.jar, file:/Users/hpatel/.gradle/caches/modules-2/files-2.1/xmlenc/xmlenc/0.52/d82554efbe65906d83b3d97bd7509289e9db561a/xmlenc-0.52.jar, file:/Users/hpatel/.gradle/caches/modules-2/files-2.1/commons-httpclient/commons-httpclient/3.1/964cd74171f427720480efdec40a7c7f6e58426a/commons-httpclient-3.1.jar, file:/Users/hpatel/.gradle/caches/modules-2/files-2.1/commons-net/commons-net/3.1/2298164a7c2484406f2aa5ac85b205d39019896f/commons-net-3.1.jar, file:/Users/hpatel/.gradle/caches/modules-2/files-2.1/tomcat/jasper-runtime/5.5.23/96ca5528a93ab47b001476b74320c644beb89dde/jasper-runtime-5.5.23.jar, file:/Users/hpatel/.gradle/caches/modules-2/files-2.1/tomcat/jasper-compiler/5.5.23/6d35bd7fb8c4fbc1f5401fb3678aa976d2e4c241/jasper-compiler-5.5.23.jar, file:/Users/hpatel/.gradle/caches/modules-2/files-2.1/javax.servlet.jsp/jsp-api/2.1/63f943103f250ef1f3a4d5e94d145a0f961f5316/jsp-api-2.1.jar, file:/Users/hpatel/.gradle/caches/modules-2/files-2.1/commons-el/commons-el/1.0/1df2c042b3f2de0124750241ac6c886dbfa2cc2c/commons-el-1.0.jar, file:/Users/hpatel/.gradle/caches/modules-2/files-2.1/javax.servlet/servlet-api/2.5/5959582d97d8b61f4d154ca9e495aafd16726e34/servlet-api-2.5.jar, file:/Users/hpatel/.gradle/caches/modules-2/files-2.1/hsqldb/hsqldb/1.8.0.10/7e9978fdb754bce5fcd5161133e7734ecb683036/hsqldb-1.8.0.10.jar, file:/Users/hpatel/.gradle/caches/modules-2/files-2.1/org.eclipse.jdt/core/3.1.1/88c83ce444cf46d02494da37c9fa1eebc9ce9cea/core-3.1.1.jar, file:/Users/hpatel/.gradle/caches/modules-2/files-2.1/javassist/javassist/3.12.1.GA/526633327faa61aee448a519e8a4d53ec3057885/javassist-3.12.1.GA.jar, file:/Users/hpatel/.gradle/caches/modules-2/files-2.1/dom4j/dom4j/1.6.1/5d3ccc056b6f056dbf0dddfdf43894b9065a8f94/dom4j-1.6.1.jar, file:/Users/hpatel/.gradle/caches/modules-2/files-2.1/org.objenesis/objenesis/2.1/87c0ea803b69252868d09308b4618f766f135a96/objenesis-2.1.jar, file:/Users/hpatel/.gradle/caches/modules-2/files-2.1/commons-logging/commons-logging/1.1.3/f6f66e966c70a83ffbdb6f17a0919eaf7c8aca7f/commons-logging-1.1.3.jar, file:/Users/hpatel/.gradle/caches/modules-2/files-2.1/org.apache.hive/hive-common/0.13.1-cdh5.3.3/e3fbf24d30a553c50ae4d4eed23f81b0e1211c5a/hive-common-0.13.1-cdh5.3.3.jar, file:/Users/hpatel/.gradle/caches/modules-2/files-2.1/org.apache.avro/avro/1.7.6-cdh5.3.3/6d90271293977d199ed07002bf35e2805405cc64/avro-1.7.6-cdh5.3.3.jar, file:/Users/hpatel/.gradle/caches/modules-2/files-2.1/net.sf.opencsv/opencsv/2.3/c23708cdb9e80a144db433e23344a788a1fd6599/opencsv-2.3.jar, file:/Users/hpatel/.gradle/caches/modules-2/files-2.1/com.sun.jersey/jersey-servlet/1.14/4b87041a59ee152757b62e47a21d5b63fde20ffe/jersey-servlet-1.14.jar, file:/Users/hpatel/.gradle/caches/modules-2/files-2.1/org.slf4j/slf4j-log4j12/1.7.5/6edffc576ce104ec769d954618764f39f0f0f10d/slf4j-log4j12-1.7.5.jar, file:/Users/hpatel/.gradle/caches/modules-2/files-2.1/org.apache.commons/commons-math3/3.1.1/6719d757a98ff24a83d9d727bef9cec83f59b6e1/commons-math3-3.1.1.jar, file:/Users/hpatel/.gradle/caches/modules-2/files-2.1/commons-io/commons-io/2.4/b1b6ea3b7e4aa4f492509a4952029cd8e48019ad/commons-io-2.4.jar, file:/Users/hpatel/.gradle/caches/modules-2/files-2.1/com.sun.jersey/jersey-json/1.9/1aa73e1896bcc7013fed247157d7f676226eb432/jersey-json-1.9.jar, file:/Users/hpatel/.gradle/caches/modules-2/files-2.1/log4j/log4j/1.2.17/5af35056b4d257e4b64b9e8069c0746e8b08629f/log4j-1.2.17.jar, file:/Users/hpatel/.gradle/caches/modules-2/files-2.1/com.google.code.gson/gson/2.2.4/a60a5e993c98c864010053cb901b7eab25306568/gson-2.2.4.jar, file:/Users/hpatel/.gradle/caches/modules-2/files-2.1/org.apache.hadoop/hadoop-auth/2.5.0-cdh5.3.3/847eb288da72acfdd7d202da5149dec6cd20ceba/hadoop-auth-2.5.0-cdh5.3.3.jar, file:/Users/hpatel/.gradle/caches/modules-2/files-2.1/com.jcraft/jsch/0.1.42/a86104b0f2e0c0bab5b0df836065823a99b5e334/jsch-0.1.42.jar, file:/Users/hpatel/.gradle/caches/modules-2/files-2.1/org.apache.curator/curator-client/2.6.0/b9007c357ad1a78066fc6004e8b1feaa2318f6f3/curator-client-2.6.0.jar, file:/Users/hpatel/.gradle/caches/modules-2/files-2.1/org.apache.curator/curator-recipes/2.6.0/8736b0fc42e6bf006d585fe85c90aaa4ade5cbef/curator-recipes-2.6.0.jar, file:/Users/hpatel/.gradle/caches/modules-2/files-2.1/com.google.code.findbugs/jsr305/1.3.9/40719ea6961c0cb6afaeb6a921eaa1f6afd4cfdf/jsr305-1.3.9.jar, file:/Users/hpatel/.gradle/caches/modules-2/files-2.1/org.apache.commons/commons-compress/1.4.1/b02e84a993d88568417536240e970c4b809126fd/commons-compress-1.4.1.jar, file:/Users/hpatel/.gradle/caches/modules-2/files-2.1/org.apache.hive.shims/hive-shims-common/0.13.1-cdh5.3.3/3d9e5245018fbde18f52c4ab25fc35afdec2fc0a/hive-shims-common-0.13.1-cdh5.3.3.jar, file:/Users/hpatel/.gradle/caches/modules-2/files-2.1/org.apache.hive.shims/hive-shims-common-secure/0.13.1-cdh5.3.3/6b29a16b2a41b89bdbbc681c257ad7f766a90bcb/hive-shims-common-secure-0.13.1-cdh5.3.3.jar, file:/Users/hpatel/.gradle/caches/modules-2/files-2.1/org.apache.hive.shims/hive-shims-0.23/0.13.1-cdh5.3.3/7ab834955a767af200d1d9151c204751637d9ca9/hive-shims-0.23-0.13.1-cdh5.3.3.jar, file:/Users/hpatel/.gradle/caches/modules-2/files-2.1/org.apache.hive.shims/hive-shims-scheduler/0.13.1-cdh5.3.3/b6644420b74f936a838f7f3fd2fa19c19add0449/hive-shims-scheduler-0.13.1-cdh5.3.3.jar, file:/Users/hpatel/.gradle/caches/modules-2/files-2.1/org.apache.hadoop/hadoop-mapreduce-client-common/2.5.0-cdh5.3.3/f0d777bb76ca9f540c0c81a45934f0f5cf9975b8/hadoop-mapreduce-client-common-2.5.0-cdh5.3.3.jar, file:/Users/hpatel/.gradle/caches/modules-2/files-2.1/org.apache.hadoop/hadoop-mapreduce-client-shuffle/2.5.0-cdh5.3.3/b6c4316f6fcc406edf7e5bd77c50e46034ad5519/hadoop-mapreduce-client-shuffle-2.5.0-cdh5.3.3.jar, file:/Users/hpatel/.gradle/caches/modules-2/files-2.1/org.apache.hadoop/hadoop-yarn-common/2.5.0-cdh5.3.3/9499713b674eae1aa714fcd0e95e0d09daaf3824/hadoop-yarn-common-2.5.0-cdh5.3.3.jar, file:/Users/hpatel/.gradle/caches/modules-2/files-2.1/com.fasterxml.jackson.core/jackson-databind/2.2.3/3ae380888029daefb91d3ecdca3a37d8cb92bc9/jackson-databind-2.2.3.jar, file:/Users/hpatel/.gradle/caches/modules-2/files-2.1/com.fasterxml.jackson.core/jackson-annotations/2.2.3/527fece4f23a457070a36c371a26d6c0208e1c3/jackson-annotations-2.2.3.jar, file:/Users/hpatel/.gradle/caches/modules-2/files-2.1/com.amazonaws/aws-java-sdk/1.7.4/2c24ccb6f1ab845a7df971951d4b41c709a6517d/aws-java-sdk-1.7.4.jar, file:/Users/hpatel/.gradle/caches/modules-2/files-2.1/commons-digester/commons-digester/1.8/dc6a73fdbd1fa3f0944e8497c6c872fa21dca37e/commons-digester-1.8.jar, file:/Users/hpatel/.gradle/caches/modules-2/files-2.1/commons-beanutils/commons-beanutils-core/1.8.0/175dc721f87e4bc5cc0573f990e28c3cf9117508/commons-beanutils-core-1.8.0.jar, file:/Users/hpatel/.gradle/caches/modules-2/files-2.1/xml-apis/xml-apis/1.0.b2/3136ca936f64c9d68529f048c2618bd356bf85c9/xml-apis-1.0.b2.jar, file:/Users/hpatel/.gradle/caches/modules-2/files-2.1/com.thoughtworks.paranamer/paranamer/2.3/4a85963a752c0a2f715c3924bfc686865e7e1bc6/paranamer-2.3.jar, file:/Users/hpatel/.gradle/caches/modules-2/files-2.1/org.xerial.snappy/snappy-java/1.0.5/10cb4550360a0ec6b80f09a5209d00b6058e82bf/snappy-java-1.0.5.jar, file:/Users/hpatel/.gradle/caches/modules-2/files-2.1/org.codehaus.jettison/jettison/1.1/1a01a2a1218fcf9faa2cc2a6ced025bdea687262/jettison-1.1.jar, file:/Users/hpatel/.gradle/caches/modules-2/files-2.1/com.sun.xml.bind/jaxb-impl/2.2.3-1/56baae106392040a45a06d4a41099173425da1e6/jaxb-impl-2.2.3-1.jar, file:/Users/hpatel/.gradle/caches/modules-2/files-2.1/org.apache.directory.server/apacheds-kerberos-codec/2.0.0-M15/1c16e4e477183641c5f0dd5cdecd27ec331bacb5/apacheds-kerberos-codec-2.0.0-M15.jar, file:/Users/hpatel/.gradle/caches/modules-2/files-2.1/org.apache.curator/curator-framework/2.6.0/81a699c39d127b5b4ff97cc77da7650b53e5b5ed/curator-framework-2.6.0.jar, file:/Users/hpatel/.gradle/caches/modules-2/files-2.1/org.tukaani/xz/1.0/ecff5cb8b1189514c9d1d8d68eb77ac372e000c9/xz-1.0.jar, file:/Users/hpatel/.gradle/caches/modules-2/files-2.1/org.apache.hadoop/hadoop-yarn-client/2.5.0-cdh5.3.3/2d2ce5d0138d02b20aefcfc1ee8dd6f691911f63/hadoop-yarn-client-2.5.0-cdh5.3.3.jar, file:/Users/hpatel/.gradle/caches/modules-2/files-2.1/org.apache.hadoop/hadoop-yarn-server-common/2.5.0-cdh5.3.3/d099fcc19f56d477fa6b5b47ae4e06bb97538778/hadoop-yarn-server-common-2.5.0-cdh5.3.3.jar, file:/Users/hpatel/.gradle/caches/modules-2/files-2.1/org.apache.hadoop/hadoop-yarn-server-nodemanager/2.5.0-cdh5.3.3/278b2d7a6454ce57a94ab02a88c0b188afc8facc/hadoop-yarn-server-nodemanager-2.5.0-cdh5.3.3.jar, file:/Users/hpatel/.gradle/caches/modules-2/files-2.1/org.fusesource.leveldbjni/leveldbjni-all/1.8/707350a2eeb1fa2ed77a32ddb3893ed308e941db/leveldbjni-all-1.8.jar, file:/Users/hpatel/.gradle/caches/modules-2/files-2.1/javax.xml.bind/jaxb-api/2.2.2/aeb3021ca93dde265796d82015beecdcff95bf09/jaxb-api-2.2.2.jar, file:/Users/hpatel/.gradle/caches/modules-2/files-2.1/com.google.inject/guice/3.0/9d84f15fe35e2c716a02979fb62f50a29f38aefa/guice-3.0.jar, file:/Users/hpatel/.gradle/caches/modules-2/files-2.1/com.sun.jersey.contribs/jersey-guice/1.9/5963c28c47df7e5d6ad34cec80c071c368777f7b/jersey-guice-1.9.jar, file:/Users/hpatel/.gradle/caches/modules-2/files-2.1/com.fasterxml.jackson.core/jackson-core/2.2.3/1a0113da2cab5f4c216b4e5e7c1dbfaa67087e14/jackson-core-2.2.3.jar, file:/Users/hpatel/.gradle/caches/modules-2/files-2.1/commons-beanutils/commons-beanutils/1.7.0/5675fd96b29656504b86029551973d60fb41339b/commons-beanutils-1.7.0.jar, file:/Users/hpatel/.gradle/caches/modules-2/files-2.1/org.apache.directory.server/apacheds-i18n/2.0.0-M15/71c61c84683152ec2a6a65f3f96fe534e304fa22/apacheds-i18n-2.0.0-M15.jar, file:/Users/hpatel/.gradle/caches/modules-2/files-2.1/org.apache.directory.api/api-asn1-api/1.0.0-M20/5e6486ffa3125ba44dc410ead166e1d6ba8ac76d/api-asn1-api-1.0.0-M20.jar, file:/Users/hpatel/.gradle/caches/modules-2/files-2.1/org.apache.directory.api/api-util/1.0.0-M20/a871abf060b3cf83fc6dc4d7e3d151fce50ac3cb/api-util-1.0.0-M20.jar, file:/Users/hpatel/.gradle/caches/modules-2/files-2.1/com.sun.jersey/jersey-client/1.9/d3c4b2b5f89db32c96ceddcb863684821910a7bb/jersey-client-1.9.jar, file:/Users/hpatel/.gradle/caches/modules-2/files-2.1/javax.xml.stream/stax-api/1.0-2/d6337b0de8b25e53e81b922352fbea9f9f57ba0b/stax-api-1.0-2.jar, file:/Users/hpatel/.gradle/caches/modules-2/files-2.1/javax.activation/activation/1.1/e6cb541461c2834bdea3eb920f1884d1eb508b50/activation-1.1.jar, file:/Users/hpatel/.gradle/caches/modules-2/files-2.1/javax.inject/javax.inject/1/6975da39a7040257bd51d21a231b76c915872d38/javax.inject-1.jar, file:/Users/hpatel/.gradle/caches/modules-2/files-2.1/aopalliance/aopalliance/1.0/235ba8b489512805ac13a8f9ea77a1ca5ebe3e8/aopalliance-1.0.jar, file:/Users/hpatel/.gradle/caches/modules-2/files-2.1/org.sonatype.sisu.inject/cglib/2.2.1-v20090111/7ce5e983fd0e6c78346f4c9cbfa39d83049dda2/cglib-2.2.1-v20090111.jar, file:/Users/hpatel/.gradle/caches/modules-2/files-2.1/asm/asm/3.1/c157def142714c544bdea2e6144645702adf7097/asm-3.1.jar, file:/Users/hpatel/.gradle/caches/modules-2/files-2.1/org.apache.hive/hive-service/0.13.1-cdh5.3.3/c7979b4213bfb62823d43ba726e0fea58032dd1e/hive-service-0.13.1-cdh5.3.3.jar, file:/Users/hpatel/.gradle/caches/modules-2/files-2.1/net.sf.jpam/jpam/1.1/cb3d91c2dfda767518a371dbb02edfd6a4aa0600/jpam-1.1.jar, file:/Users/hpatel/.gradle/caches/modules-2/files-2.1/org.eclipse.jetty.aggregate/jetty-all/7.6.0.v20120127/47bb68e3837e5c6422138dd1e0d4d75c60dce87a/jetty-all-7.6.0.v20120127.jar, file:/Users/hpatel/.gradle/caches/modules-2/files-2.1/org.apache.thrift/libfb303/0.9.0/639bd69767fdbd7f658ce8233248fe1cea635164/libfb303-0.9.0.jar, file:/Users/hpatel/.gradle/caches/modules-2/files-2.1/org.apache.geronimo.specs/geronimo-jta_1.1_spec/1.1.1/aabab3165b8ea936b9360abbf448459c0d04a5a4/geronimo-jta_1.1_spec-1.1.1.jar, file:/Users/hpatel/.gradle/caches/modules-2/files-2.1/javax.mail/mail/1.4.1/8b7bc69010655425dabf091b51d1e90b4de36715/mail-1.4.1.jar, file:/Users/hpatel/.gradle/caches/modules-2/files-2.1/org.apache.geronimo.specs/geronimo-jaspic_1.0_spec/1.0/44b95be7dae1147716dce5336419eafade880756/geronimo-jaspic_1.0_spec-1.0.jar, file:/Users/hpatel/.gradle/caches/modules-2/files-2.1/org.apache.geronimo.specs/geronimo-annotation_1.0_spec/1.1.1/47caa799389f69d297b86bf90523d431599c3796/geronimo-annotation_1.0_spec-1.1.1.jar, file:/Users/hpatel/.gradle/caches/modules-2/files-2.1/asm/asm-commons/3.1/1b607fbfe7889c6fdff1b7c16439ade0a60869ac/asm-commons-3.1.jar, file:/Users/hpatel/.gradle/caches/modules-2/files-2.1/asm/asm-tree/3.1/c9a5d4334ddf194ea492f22107d45119a5c5322f/asm-tree-3.1.jar, file:/Users/hpatel/.gradle/caches/modules-2/files-2.1/commons-lang/commons-lang/2.6/ce1edb914c94ebc388f086c6827e8bdeec71ac2/commons-lang-2.6.jar, file:/Users/hpatel/.gradle/caches/modules-2/files-2.1/org.mortbay.jetty/jetty/6.1.26.cloudera.4/d59325a5ff8ff18f7543bc3fbb9d5efa0c0ff521/jetty-6.1.26.cloudera.4.jar, file:/Users/hpatel/.gradle/caches/modules-2/files-2.1/org.mortbay.jetty/jetty-util/6.1.26.cloudera.4/b8507b7c5d3fd9a3d01775272cbf1a63f530c19d/jetty-util-6.1.26.cloudera.4.jar, file:/Users/hpatel/.gradle/caches/modules-2/files-2.1/net.java.dev.jets3t/jets3t/0.9.0/792bc96ee7e57b89f472aa0cb5a31015b9f59c96/jets3t-0.9.0.jar, file:/Users/hpatel/.gradle/caches/modules-2/files-2.1/com.jamesmurty.utils/java-xmlbuilder/0.4/ac5962e48cdee3a0a6e1f8e00fcb594747ac5aaf/java-xmlbuilder-0.4.jar, file:/Users/hpatel/.gradle/caches/modules-2/files-2.1/com.google.protobuf/protobuf-java/2.5.0/a10732c76bfacdbd633a7eb0f7968b1059a65dfa/protobuf-java-2.5.0.jar, file:/Users/hpatel/.gradle/caches/modules-2/files-2.1/org.apache.hive/hive-exec/0.13.1-cdh5.3.3/4d935274127f47dd9c0875efcf317ba49aef1219/hive-exec-0.13.1-cdh5.3.3.jar, file:/Users/hpatel/.gradle/caches/modules-2/files-2.1/org.apache.hive/hive-ant/0.13.1-cdh5.3.3/86954e92a903253177cd6935798c50a6c32b7b81/hive-ant-0.13.1-cdh5.3.3.jar, file:/Users/hpatel/.gradle/caches/modules-2/files-2.1/org.antlr/antlr-runtime/3.4/8f011408269a8e42b8548687e137d8eeb56df4b4/antlr-runtime-3.4.jar, file:/Users/hpatel/.gradle/caches/modules-2/files-2.1/org.antlr/ST4/4.0.4/467a2aa12be6d0f0f68c70eecf6714ab733027ac/ST4-4.0.4.jar, file:/Users/hpatel/.gradle/caches/modules-2/files-2.1/org.apache.ant/ant/1.9.1/35900c96dbebc85dcfbd71f4661059ebcf93c077/ant-1.9.1.jar, file:/Users/hpatel/.gradle/caches/modules-2/files-2.1/org.codehaus.groovy/groovy-all/2.1.6/165b8246372a829c1915611646f6d964010656cf/groovy-all-2.1.6.jar, file:/Users/hpatel/.gradle/caches/modules-2/files-2.1/stax/stax-api/1.0.1/49c100caf72d658aca8e58bd74a4ba90fa2b0d70/stax-api-1.0.1.jar, file:/Users/hpatel/.gradle/caches/modules-2/files-2.1/org.apache.velocity/velocity/1.5/9f306baf7523ffc0e81a6353d08a584d254133b/velocity-1.5.jar, file:/Users/hpatel/.gradle/caches/modules-2/files-2.1/org.antlr/stringtemplate/3.2.1/59ec8083721eae215c6f3caee944c410d2be34de/stringtemplate-3.2.1.jar, file:/Users/hpatel/.gradle/caches/modules-2/files-2.1/antlr/antlr/2.7.7/83cd2cd674a217ade95a4bb83a8a14f351f48bd0/antlr-2.7.7.jar, file:/Users/hpatel/.gradle/caches/modules-2/files-2.1/org.apache.ant/ant-launcher/1.9.1/7c71043ca185eaada9e36391dd022d92859327de/ant-launcher-1.9.1.jar, file:/Users/hpatel/.gradle/caches/modules-2/files-2.1/oro/oro/2.0.8/5592374f834645c4ae250f4c9fbb314c9369d698/oro-2.0.8.jar, file:/Users/hpatel/.gradle/caches/modules-2/files-2.1/org.codehaus.jackson/jackson-core-asl/1.9.13/3c304d70f42f832e0a86d45bd437f692129299a4/jackson-core-asl-1.9.13.jar, file:/Users/hpatel/.gradle/caches/modules-2/files-2.1/org.codehaus.jackson/jackson-mapper-asl/1.9.13/1ee2f2bed0e5dd29d1cb155a166e6f8d50bbddb7/jackson-mapper-asl-1.9.13.jar, file:/Users/hpatel/.gradle/caches/modules-2/files-2.1/org.slf4j/slf4j-api/1.7.6/562424e36df3d2327e8e9301a76027fca17d54ea/slf4j-api-1.7.6.jar, file:/Users/hpatel/.gradle/caches/modules-2/files-2.1/com.sun.jersey/jersey-server/1.14/b1a21724c9b708ed54d42d41bb19ff45ae1d49d9/jersey-server-1.14.jar, file:/Users/hpatel/.gradle/caches/modules-2/files-2.1/org.apache.httpcomponents/httpclient/4.2.5/666e26e76f2e87d84e4f16acb546481ae1b8e9a6/httpclient-4.2.5.jar, file:/Users/hpatel/.gradle/caches/modules-2/files-2.1/org.apache.zookeeper/zookeeper/3.4.6/1b2502e29da1ebaade2357cd1de35a855fa3755/zookeeper-3.4.6.jar, file:/Users/hpatel/.gradle/caches/modules-2/files-2.1/com.google.guava/guava/16.0.1/5fa98cd1a63c99a44dd8d3b77e4762b066a5d0c5/guava-16.0.1.jar, file:/Users/hpatel/.gradle/caches/modules-2/files-2.1/org.codehaus.jackson/jackson-jaxrs/1.8.8/71b16055388e9bd3991c3c3834e8e55098b789f1/jackson-jaxrs-1.8.8.jar, file:/Users/hpatel/.gradle/caches/modules-2/files-2.1/org.codehaus.jackson/jackson-xc/1.8.8/52efa08bc1e4cfea168f552b9e3088297d9d0926/jackson-xc-1.8.8.jar, file:/Users/hpatel/.gradle/caches/modules-2/files-2.1/org.apache.hive/hive-metastore/0.13.1-cdh5.3.3/ca93686a17f064a5ab6587799721cddd7836e53a/hive-metastore-0.13.1-cdh5.3.3.jar, file:/Users/hpatel/.gradle/caches/modules-2/files-2.1/com.jolbox/bonecp/0.8.0.RELEASE/cec24ee9345b3678472bb1b8fdd6aa6b9428beb8/bonecp-0.8.0.RELEASE.jar, file:/Users/hpatel/.gradle/caches/modules-2/files-2.1/org.apache.derby/derby/10.10.1.1/9f6f910f0373adc1b23c10f9b4bb151b7e7449f/derby-10.10.1.1.jar, file:/Users/hpatel/.gradle/caches/modules-2/files-2.1/javax.jdo/jdo-api/3.0.1/58e7a538e020b73871e232eeb064835fd98a492/jdo-api-3.0.1.jar, file:/Users/hpatel/.gradle/caches/modules-2/files-2.1/javax.transaction/jta/1.1/2ca09f0b36ca7d71b762e14ea2ff09d5eac57558/jta-1.1.jar, file:/Users/hpatel/.gradle/caches/modules-2/files-2.1/org.apache.thrift/libthrift/0.9.0/9ba8df332b5db95ce7f3b7a83e44d796c3d014d3/libthrift-0.9.0.jar, file:/Users/hpatel/.gradle/caches/modules-2/files-2.1/org.apache.httpcomponents/httpcore/4.2.4/3b7f38df6de5dd8b500e602ae8c2dd5ee446f883/httpcore-4.2.4.jar, file:/Users/hpatel/.gradle/caches/modules-2/files-2.1/com.sun.jersey/jersey-core/1.14/693061de8b9b352b11e997b1dd4052677778852d/jersey-core-1.14.jar, file:/Users/hpatel/.gradle/caches/modules-2/files-2.1/commons-codec/commons-codec/1.6/b7f0fc8f61ecadeb3695f0b9464755eee44374d4/commons-codec-1.6.jar, file:/Users/hpatel/.gradle/caches/modules-2/files-2.1/io.netty/netty/3.7.0.Final/7a8c35599c68c0bf383df74469aa3e03d9aca87/netty-3.7.0.Final.jar]
15/09/06 13:13:51 INFO ExecReducer: thread classpath = [file:/Users/hpatel/.gradle/caches/2.1/workerMain/gradle-worker.jar, file:/Users/hpatel/Tech/Projects/CAT/ddsw_dev/hive-test/build/classes/test/, file:/Users/hpatel/Tech/Projects/CAT/ddsw_dev/hive-test/build/resources/test/, file:/Users/hpatel/Tech/Projects/CAT/ddsw_dev/hive-test/build/classes/main/, file:/Users/hpatel/Tech/Projects/CAT/ddsw_dev/hive-test/build/resources/main, file:/Users/hpatel/.gradle/caches/modules-2/files-2.1/junit/junit/4.11/4e031bb61df09069aeb2bffb4019e7a5034a4ee0/junit-4.11.jar, file:/Users/hpatel/.gradle/caches/modules-2/files-2.1/com.klarna/hiverunner/1.0.0/e26bb0655fff4d88fab91f331793d9fc1db392cc/HiveRunner-1.0.0.jar, file:/Users/hpatel/Tech/Projects/CAT/ddsw_dev/custom-cat-udfs/build/libs/custom-cat-udfs-0.1.38-SNAPSHOT.jar, file:/Users/hpatel/.gradle/caches/modules-2/files-2.1/org.apache.hadoop/hadoop-client/2.5.0-cdh5.3.3/ec3cd6a8cb043e73a42918934c5d3a3f2747c78b/hadoop-client-2.5.0-cdh5.3.3.jar, file:/Users/hpatel/.gradle/caches/modules-2/files-2.1/org.hsqldb/hsqldb/2.3.1/bd7153caa30958e1c64a3dd38b93e5a7442d9a0e/hsqldb-2.3.1.jar, file:/Users/hpatel/.gradle/caches/modules-2/files-2.1/org.apache.hadoop/hadoop-core/2.5.0-mr1-cdh5.3.3/f6f4a77f818757da51ae0244310855779c04c4be/hadoop-core-2.5.0-mr1-cdh5.3.3.jar, file:/Users/hpatel/.gradle/caches/modules-2/files-2.1/org.reflections/reflections/0.9.8/f723abb59bf512952bfc503838f70f81487a6993/reflections-0.9.8.jar, file:/Users/hpatel/.gradle/caches/modules-2/files-2.1/org.mockito/mockito-core/1.10.19/e8546f5bef4e061d8dd73895b4e8f40e3fe6effe/mockito-core-1.10.19.jar, file:/Users/hpatel/.gradle/caches/modules-2/files-2.1/org.hamcrest/hamcrest-core/1.3/42a25dc3219429f0e5d060061f71acb49bf010a0/hamcrest-core-1.3.jar, file:/Users/hpatel/.gradle/caches/modules-2/files-2.1/org.pentaho/pentaho-aggdesigner-algorithm/5.1.5-jhyde/c52379c645c6c85300e645dff7c72653bf85baa2/pentaho-aggdesigner-algorithm-5.1.5-jhyde.jar, file:/Users/hpatel/.gradle/caches/modules-2/files-2.1/org.apache.hive/hive-serde/0.13.1-cdh5.3.3/9cee47c844d726e9bcef6ab292e1319b7fbddaa3/hive-serde-0.13.1-cdh5.3.3.jar, file:/Users/hpatel/.gradle/caches/modules-2/files-2.1/org.apache.hadoop/hadoop-common/2.5.0-cdh5.3.3/f0862eb1dc33c1807ea29a248af75551e3c6836a/hadoop-common-2.5.0-cdh5.3.3.jar, file:/Users/hpatel/.gradle/caches/modules-2/files-2.1/org.apache.hive/hive-contrib/0.13.1-cdh5.3.3/bf89b429c9b173ac275dc0c1623f5c30e780ee98/hive-contrib-0.13.1-cdh5.3.3.jar, file:/Users/hpatel/.gradle/caches/modules-2/files-2.1/org.datanucleus/datanucleus-core/3.2.12/3212183bb5a2826cd5ff194b9a54619dd0bdf31f/datanucleus-core-3.2.12.jar, file:/Users/hpatel/.gradle/caches/modules-2/files-2.1/org.datanucleus/datanucleus-rdbms/3.2.11/5b053144c89fdff1505b853aa7f1e5ba7657da75/datanucleus-rdbms-3.2.11.jar, file:/Users/hpatel/.gradle/caches/modules-2/files-2.1/org.datanucleus/datanucleus-api-jdo/3.2.8/efc60221fbc91e95cf5758b98c6c5531660696cb/datanucleus-api-jdo-3.2.8.jar, file:/Users/hpatel/.gradle/caches/modules-2/files-2.1/org.apache.hive/hive-shims/0.13.1-cdh5.3.3/47b029532c0b9d45526dcdd858823e6f9634ab81/hive-shims-0.13.1-cdh5.3.3.jar, file:/Users/hpatel/.gradle/caches/modules-2/files-2.1/org.apache.commons/commons-lang3/3.3.1/6738a2da2202ce360f0af90aba005c1e05a2c4cd/commons-lang3-3.3.1.jar, file:/Users/hpatel/.gradle/caches/modules-2/files-2.1/joda-time/joda-time/2.3/56498efd17752898cfcc3868c1b6211a07b12b8f/joda-time-2.3.jar, file:/Users/hpatel/.gradle/caches/modules-2/files-2.1/org.apache.hadoop/hadoop-hdfs/2.5.0-cdh5.3.3/5dd5e2be13d89a9eaab89d3a33bcdf6677671aa9/hadoop-hdfs-2.5.0-cdh5.3.3.jar, file:/Users/hpatel/.gradle/caches/modules-2/files-2.1/org.apache.hadoop/hadoop-mapreduce-client-app/2.5.0-cdh5.3.3/579948f8fa6d9d72bf507bd021fa3dcc0670e95f/hadoop-mapreduce-client-app-2.5.0-cdh5.3.3.jar, file:/Users/hpatel/.gradle/caches/modules-2/files-2.1/org.apache.hadoop/hadoop-yarn-api/2.5.0-cdh5.3.3/a6d9b4b7cbcacd000350a3e33c70269101b5fc79/hadoop-yarn-api-2.5.0-cdh5.3.3.jar, file:/Users/hpatel/.gradle/caches/modules-2/files-2.1/org.apache.hadoop/hadoop-mapreduce-client-core/2.5.0-cdh5.3.3/f2c8eaa2b8a5839a7781f04cf59c4d1abfefec9e/hadoop-mapreduce-client-core-2.5.0-cdh5.3.3.jar, file:/Users/hpatel/.gradle/caches/modules-2/files-2.1/org.apache.hadoop/hadoop-mapreduce-client-jobclient/2.5.0-cdh5.3.3/f8baecab9a91245a97e29e4867a7f5ae128ef8a9/hadoop-mapreduce-client-jobclient-2.5.0-cdh5.3.3.jar, file:/Users/hpatel/.gradle/caches/modules-2/files-2.1/org.apache.hadoop/hadoop-aws/2.5.0-cdh5.3.3/f712d9cf59c859914254bed5c87ee4e5a2204e78/hadoop-aws-2.5.0-cdh5.3.3.jar, file:/Users/hpatel/.gradle/caches/modules-2/files-2.1/org.apache.hadoop/hadoop-annotations/2.5.0-cdh5.3.3/e3b40743127d82ff7a6f263d00419368a46ce608/hadoop-annotations-2.5.0-cdh5.3.3.jar, file:/Users/hpatel/.gradle/caches/modules-2/files-2.1/commons-collections/commons-collections/3.2.1/761ea405b9b37ced573d2df0d1e3a4e0f9edc668/commons-collections-3.2.1.jar, file:/Users/hpatel/.gradle/caches/modules-2/files-2.1/commons-configuration/commons-configuration/1.6/32cadde23955d7681b0d94a2715846d20b425235/commons-configuration-1.6.jar, file:/Users/hpatel/.gradle/caches/modules-2/files-2.1/jline/jline/0.9.94/99a18e9a44834afdebc467294e1138364c207402/jline-0.9.94.jar, file:/Users/hpatel/.gradle/caches/modules-2/files-2.1/commons-cli/commons-cli/1.2/2bf96b7aa8b611c177d329452af1dc933e14501c/commons-cli-1.2.jar, file:/Users/hpatel/.gradle/caches/modules-2/files-2.1/xmlenc/xmlenc/0.52/d82554efbe65906d83b3d97bd7509289e9db561a/xmlenc-0.52.jar, file:/Users/hpatel/.gradle/caches/modules-2/files-2.1/commons-httpclient/commons-httpclient/3.1/964cd74171f427720480efdec40a7c7f6e58426a/commons-httpclient-3.1.jar, file:/Users/hpatel/.gradle/caches/modules-2/files-2.1/commons-net/commons-net/3.1/2298164a7c2484406f2aa5ac85b205d39019896f/commons-net-3.1.jar, file:/Users/hpatel/.gradle/caches/modules-2/files-2.1/tomcat/jasper-runtime/5.5.23/96ca5528a93ab47b001476b74320c644beb89dde/jasper-runtime-5.5.23.jar, file:/Users/hpatel/.gradle/caches/modules-2/files-2.1/tomcat/jasper-compiler/5.5.23/6d35bd7fb8c4fbc1f5401fb3678aa976d2e4c241/jasper-compiler-5.5.23.jar, file:/Users/hpatel/.gradle/caches/modules-2/files-2.1/javax.servlet.jsp/jsp-api/2.1/63f943103f250ef1f3a4d5e94d145a0f961f5316/jsp-api-2.1.jar, file:/Users/hpatel/.gradle/caches/modules-2/files-2.1/commons-el/commons-el/1.0/1df2c042b3f2de0124750241ac6c886dbfa2cc2c/commons-el-1.0.jar, file:/Users/hpatel/.gradle/caches/modules-2/files-2.1/javax.servlet/servlet-api/2.5/5959582d97d8b61f4d154ca9e495aafd16726e34/servlet-api-2.5.jar, file:/Users/hpatel/.gradle/caches/modules-2/files-2.1/hsqldb/hsqldb/1.8.0.10/7e9978fdb754bce5fcd5161133e7734ecb683036/hsqldb-1.8.0.10.jar, file:/Users/hpatel/.gradle/caches/modules-2/files-2.1/org.eclipse.jdt/core/3.1.1/88c83ce444cf46d02494da37c9fa1eebc9ce9cea/core-3.1.1.jar, file:/Users/hpatel/.gradle/caches/modules-2/files-2.1/javassist/javassist/3.12.1.GA/526633327faa61aee448a519e8a4d53ec3057885/javassist-3.12.1.GA.jar, file:/Users/hpatel/.gradle/caches/modules-2/files-2.1/dom4j/dom4j/1.6.1/5d3ccc056b6f056dbf0dddfdf43894b9065a8f94/dom4j-1.6.1.jar, file:/Users/hpatel/.gradle/caches/modules-2/files-2.1/org.objenesis/objenesis/2.1/87c0ea803b69252868d09308b4618f766f135a96/objenesis-2.1.jar, file:/Users/hpatel/.gradle/caches/modules-2/files-2.1/commons-logging/commons-logging/1.1.3/f6f66e966c70a83ffbdb6f17a0919eaf7c8aca7f/commons-logging-1.1.3.jar, file:/Users/hpatel/.gradle/caches/modules-2/files-2.1/org.apache.hive/hive-common/0.13.1-cdh5.3.3/e3fbf24d30a553c50ae4d4eed23f81b0e1211c5a/hive-common-0.13.1-cdh5.3.3.jar, file:/Users/hpatel/.gradle/caches/modules-2/files-2.1/org.apache.avro/avro/1.7.6-cdh5.3.3/6d90271293977d199ed07002bf35e2805405cc64/avro-1.7.6-cdh5.3.3.jar, file:/Users/hpatel/.gradle/caches/modules-2/files-2.1/net.sf.opencsv/opencsv/2.3/c23708cdb9e80a144db433e23344a788a1fd6599/opencsv-2.3.jar, file:/Users/hpatel/.gradle/caches/modules-2/files-2.1/com.sun.jersey/jersey-servlet/1.14/4b87041a59ee152757b62e47a21d5b63fde20ffe/jersey-servlet-1.14.jar, file:/Users/hpatel/.gradle/caches/modules-2/files-2.1/org.slf4j/slf4j-log4j12/1.7.5/6edffc576ce104ec769d954618764f39f0f0f10d/slf4j-log4j12-1.7.5.jar, file:/Users/hpatel/.gradle/caches/modules-2/files-2.1/org.apache.commons/commons-math3/3.1.1/6719d757a98ff24a83d9d727bef9cec83f59b6e1/commons-math3-3.1.1.jar, file:/Users/hpatel/.gradle/caches/modules-2/files-2.1/commons-io/commons-io/2.4/b1b6ea3b7e4aa4f492509a4952029cd8e48019ad/commons-io-2.4.jar, file:/Users/hpatel/.gradle/caches/modules-2/files-2.1/com.sun.jersey/jersey-json/1.9/1aa73e1896bcc7013fed247157d7f676226eb432/jersey-json-1.9.jar, file:/Users/hpatel/.gradle/caches/modules-2/files-2.1/log4j/log4j/1.2.17/5af35056b4d257e4b64b9e8069c0746e8b08629f/log4j-1.2.17.jar, file:/Users/hpatel/.gradle/caches/modules-2/files-2.1/com.google.code.gson/gson/2.2.4/a60a5e993c98c864010053cb901b7eab25306568/gson-2.2.4.jar, file:/Users/hpatel/.gradle/caches/modules-2/files-2.1/org.apache.hadoop/hadoop-auth/2.5.0-cdh5.3.3/847eb288da72acfdd7d202da5149dec6cd20ceba/hadoop-auth-2.5.0-cdh5.3.3.jar, file:/Users/hpatel/.gradle/caches/modules-2/files-2.1/com.jcraft/jsch/0.1.42/a86104b0f2e0c0bab5b0df836065823a99b5e334/jsch-0.1.42.jar, file:/Users/hpatel/.gradle/caches/modules-2/files-2.1/org.apache.curator/curator-client/2.6.0/b9007c357ad1a78066fc6004e8b1feaa2318f6f3/curator-client-2.6.0.jar, file:/Users/hpatel/.gradle/caches/modules-2/files-2.1/org.apache.curator/curator-recipes/2.6.0/8736b0fc42e6bf006d585fe85c90aaa4ade5cbef/curator-recipes-2.6.0.jar, file:/Users/hpatel/.gradle/caches/modules-2/files-2.1/com.google.code.findbugs/jsr305/1.3.9/40719ea6961c0cb6afaeb6a921eaa1f6afd4cfdf/jsr305-1.3.9.jar, file:/Users/hpatel/.gradle/caches/modules-2/files-2.1/org.apache.commons/commons-compress/1.4.1/b02e84a993d88568417536240e970c4b809126fd/commons-compress-1.4.1.jar, file:/Users/hpatel/.gradle/caches/modules-2/files-2.1/org.apache.hive.shims/hive-shims-common/0.13.1-cdh5.3.3/3d9e5245018fbde18f52c4ab25fc35afdec2fc0a/hive-shims-common-0.13.1-cdh5.3.3.jar, file:/Users/hpatel/.gradle/caches/modules-2/files-2.1/org.apache.hive.shims/hive-shims-common-secure/0.13.1-cdh5.3.3/6b29a16b2a41b89bdbbc681c257ad7f766a90bcb/hive-shims-common-secure-0.13.1-cdh5.3.3.jar, file:/Users/hpatel/.gradle/caches/modules-2/files-2.1/org.apache.hive.shims/hive-shims-0.23/0.13.1-cdh5.3.3/7ab834955a767af200d1d9151c204751637d9ca9/hive-shims-0.23-0.13.1-cdh5.3.3.jar, file:/Users/hpatel/.gradle/caches/modules-2/files-2.1/org.apache.hive.shims/hive-shims-scheduler/0.13.1-cdh5.3.3/b6644420b74f936a838f7f3fd2fa19c19add0449/hive-shims-scheduler-0.13.1-cdh5.3.3.jar, file:/Users/hpatel/.gradle/caches/modules-2/files-2.1/org.apache.hadoop/hadoop-mapreduce-client-common/2.5.0-cdh5.3.3/f0d777bb76ca9f540c0c81a45934f0f5cf9975b8/hadoop-mapreduce-client-common-2.5.0-cdh5.3.3.jar, file:/Users/hpatel/.gradle/caches/modules-2/files-2.1/org.apache.hadoop/hadoop-mapreduce-client-shuffle/2.5.0-cdh5.3.3/b6c4316f6fcc406edf7e5bd77c50e46034ad5519/hadoop-mapreduce-client-shuffle-2.5.0-cdh5.3.3.jar, file:/Users/hpatel/.gradle/caches/modules-2/files-2.1/org.apache.hadoop/hadoop-yarn-common/2.5.0-cdh5.3.3/9499713b674eae1aa714fcd0e95e0d09daaf3824/hadoop-yarn-common-2.5.0-cdh5.3.3.jar, file:/Users/hpatel/.gradle/caches/modules-2/files-2.1/com.fasterxml.jackson.core/jackson-databind/2.2.3/3ae380888029daefb91d3ecdca3a37d8cb92bc9/jackson-databind-2.2.3.jar, file:/Users/hpatel/.gradle/caches/modules-2/files-2.1/com.fasterxml.jackson.core/jackson-annotations/2.2.3/527fece4f23a457070a36c371a26d6c0208e1c3/jackson-annotations-2.2.3.jar, file:/Users/hpatel/.gradle/caches/modules-2/files-2.1/com.amazonaws/aws-java-sdk/1.7.4/2c24ccb6f1ab845a7df971951d4b41c709a6517d/aws-java-sdk-1.7.4.jar, file:/Users/hpatel/.gradle/caches/modules-2/files-2.1/commons-digester/commons-digester/1.8/dc6a73fdbd1fa3f0944e8497c6c872fa21dca37e/commons-digester-1.8.jar, file:/Users/hpatel/.gradle/caches/modules-2/files-2.1/commons-beanutils/commons-beanutils-core/1.8.0/175dc721f87e4bc5cc0573f990e28c3cf9117508/commons-beanutils-core-1.8.0.jar, file:/Users/hpatel/.gradle/caches/modules-2/files-2.1/xml-apis/xml-apis/1.0.b2/3136ca936f64c9d68529f048c2618bd356bf85c9/xml-apis-1.0.b2.jar, file:/Users/hpatel/.gradle/caches/modules-2/files-2.1/com.thoughtworks.paranamer/paranamer/2.3/4a85963a752c0a2f715c3924bfc686865e7e1bc6/paranamer-2.3.jar, file:/Users/hpatel/.gradle/caches/modules-2/files-2.1/org.xerial.snappy/snappy-java/1.0.5/10cb4550360a0ec6b80f09a5209d00b6058e82bf/snappy-java-1.0.5.jar, file:/Users/hpatel/.gradle/caches/modules-2/files-2.1/org.codehaus.jettison/jettison/1.1/1a01a2a1218fcf9faa2cc2a6ced025bdea687262/jettison-1.1.jar, file:/Users/hpatel/.gradle/caches/modules-2/files-2.1/com.sun.xml.bind/jaxb-impl/2.2.3-1/56baae106392040a45a06d4a41099173425da1e6/jaxb-impl-2.2.3-1.jar, file:/Users/hpatel/.gradle/caches/modules-2/files-2.1/org.apache.directory.server/apacheds-kerberos-codec/2.0.0-M15/1c16e4e477183641c5f0dd5cdecd27ec331bacb5/apacheds-kerberos-codec-2.0.0-M15.jar, file:/Users/hpatel/.gradle/caches/modules-2/files-2.1/org.apache.curator/curator-framework/2.6.0/81a699c39d127b5b4ff97cc77da7650b53e5b5ed/curator-framework-2.6.0.jar, file:/Users/hpatel/.gradle/caches/modules-2/files-2.1/org.tukaani/xz/1.0/ecff5cb8b1189514c9d1d8d68eb77ac372e000c9/xz-1.0.jar, file:/Users/hpatel/.gradle/caches/modules-2/files-2.1/org.apache.hadoop/hadoop-yarn-client/2.5.0-cdh5.3.3/2d2ce5d0138d02b20aefcfc1ee8dd6f691911f63/hadoop-yarn-client-2.5.0-cdh5.3.3.jar, file:/Users/hpatel/.gradle/caches/modules-2/files-2.1/org.apache.hadoop/hadoop-yarn-server-common/2.5.0-cdh5.3.3/d099fcc19f56d477fa6b5b47ae4e06bb97538778/hadoop-yarn-server-common-2.5.0-cdh5.3.3.jar, file:/Users/hpatel/.gradle/caches/modules-2/files-2.1/org.apache.hadoop/hadoop-yarn-server-nodemanager/2.5.0-cdh5.3.3/278b2d7a6454ce57a94ab02a88c0b188afc8facc/hadoop-yarn-server-nodemanager-2.5.0-cdh5.3.3.jar, file:/Users/hpatel/.gradle/caches/modules-2/files-2.1/org.fusesource.leveldbjni/leveldbjni-all/1.8/707350a2eeb1fa2ed77a32ddb3893ed308e941db/leveldbjni-all-1.8.jar, file:/Users/hpatel/.gradle/caches/modules-2/files-2.1/javax.xml.bind/jaxb-api/2.2.2/aeb3021ca93dde265796d82015beecdcff95bf09/jaxb-api-2.2.2.jar, file:/Users/hpatel/.gradle/caches/modules-2/files-2.1/com.google.inject/guice/3.0/9d84f15fe35e2c716a02979fb62f50a29f38aefa/guice-3.0.jar, file:/Users/hpatel/.gradle/caches/modules-2/files-2.1/com.sun.jersey.contribs/jersey-guice/1.9/5963c28c47df7e5d6ad34cec80c071c368777f7b/jersey-guice-1.9.jar, file:/Users/hpatel/.gradle/caches/modules-2/files-2.1/com.fasterxml.jackson.core/jackson-core/2.2.3/1a0113da2cab5f4c216b4e5e7c1dbfaa67087e14/jackson-core-2.2.3.jar, file:/Users/hpatel/.gradle/caches/modules-2/files-2.1/commons-beanutils/commons-beanutils/1.7.0/5675fd96b29656504b86029551973d60fb41339b/commons-beanutils-1.7.0.jar, file:/Users/hpatel/.gradle/caches/modules-2/files-2.1/org.apache.directory.server/apacheds-i18n/2.0.0-M15/71c61c84683152ec2a6a65f3f96fe534e304fa22/apacheds-i18n-2.0.0-M15.jar, file:/Users/hpatel/.gradle/caches/modules-2/files-2.1/org.apache.directory.api/api-asn1-api/1.0.0-M20/5e6486ffa3125ba44dc410ead166e1d6ba8ac76d/api-asn1-api-1.0.0-M20.jar, file:/Users/hpatel/.gradle/caches/modules-2/files-2.1/org.apache.directory.api/api-util/1.0.0-M20/a871abf060b3cf83fc6dc4d7e3d151fce50ac3cb/api-util-1.0.0-M20.jar, file:/Users/hpatel/.gradle/caches/modules-2/files-2.1/com.sun.jersey/jersey-client/1.9/d3c4b2b5f89db32c96ceddcb863684821910a7bb/jersey-client-1.9.jar, file:/Users/hpatel/.gradle/caches/modules-2/files-2.1/javax.xml.stream/stax-api/1.0-2/d6337b0de8b25e53e81b922352fbea9f9f57ba0b/stax-api-1.0-2.jar, file:/Users/hpatel/.gradle/caches/modules-2/files-2.1/javax.activation/activation/1.1/e6cb541461c2834bdea3eb920f1884d1eb508b50/activation-1.1.jar, file:/Users/hpatel/.gradle/caches/modules-2/files-2.1/javax.inject/javax.inject/1/6975da39a7040257bd51d21a231b76c915872d38/javax.inject-1.jar, file:/Users/hpatel/.gradle/caches/modules-2/files-2.1/aopalliance/aopalliance/1.0/235ba8b489512805ac13a8f9ea77a1ca5ebe3e8/aopalliance-1.0.jar, file:/Users/hpatel/.gradle/caches/modules-2/files-2.1/org.sonatype.sisu.inject/cglib/2.2.1-v20090111/7ce5e983fd0e6c78346f4c9cbfa39d83049dda2/cglib-2.2.1-v20090111.jar, file:/Users/hpatel/.gradle/caches/modules-2/files-2.1/asm/asm/3.1/c157def142714c544bdea2e6144645702adf7097/asm-3.1.jar, file:/Users/hpatel/.gradle/caches/modules-2/files-2.1/org.apache.hive/hive-service/0.13.1-cdh5.3.3/c7979b4213bfb62823d43ba726e0fea58032dd1e/hive-service-0.13.1-cdh5.3.3.jar, file:/Users/hpatel/.gradle/caches/modules-2/files-2.1/net.sf.jpam/jpam/1.1/cb3d91c2dfda767518a371dbb02edfd6a4aa0600/jpam-1.1.jar, file:/Users/hpatel/.gradle/caches/modules-2/files-2.1/org.eclipse.jetty.aggregate/jetty-all/7.6.0.v20120127/47bb68e3837e5c6422138dd1e0d4d75c60dce87a/jetty-all-7.6.0.v20120127.jar, file:/Users/hpatel/.gradle/caches/modules-2/files-2.1/org.apache.thrift/libfb303/0.9.0/639bd69767fdbd7f658ce8233248fe1cea635164/libfb303-0.9.0.jar, file:/Users/hpatel/.gradle/caches/modules-2/files-2.1/org.apache.geronimo.specs/geronimo-jta_1.1_spec/1.1.1/aabab3165b8ea936b9360abbf448459c0d04a5a4/geronimo-jta_1.1_spec-1.1.1.jar, file:/Users/hpatel/.gradle/caches/modules-2/files-2.1/javax.mail/mail/1.4.1/8b7bc69010655425dabf091b51d1e90b4de36715/mail-1.4.1.jar, file:/Users/hpatel/.gradle/caches/modules-2/files-2.1/org.apache.geronimo.specs/geronimo-jaspic_1.0_spec/1.0/44b95be7dae1147716dce5336419eafade880756/geronimo-jaspic_1.0_spec-1.0.jar, file:/Users/hpatel/.gradle/caches/modules-2/files-2.1/org.apache.geronimo.specs/geronimo-annotation_1.0_spec/1.1.1/47caa799389f69d297b86bf90523d431599c3796/geronimo-annotation_1.0_spec-1.1.1.jar, file:/Users/hpatel/.gradle/caches/modules-2/files-2.1/asm/asm-commons/3.1/1b607fbfe7889c6fdff1b7c16439ade0a60869ac/asm-commons-3.1.jar, file:/Users/hpatel/.gradle/caches/modules-2/files-2.1/asm/asm-tree/3.1/c9a5d4334ddf194ea492f22107d45119a5c5322f/asm-tree-3.1.jar, file:/Users/hpatel/.gradle/caches/modules-2/files-2.1/commons-lang/commons-lang/2.6/ce1edb914c94ebc388f086c6827e8bdeec71ac2/commons-lang-2.6.jar, file:/Users/hpatel/.gradle/caches/modules-2/files-2.1/org.mortbay.jetty/jetty/6.1.26.cloudera.4/d59325a5ff8ff18f7543bc3fbb9d5efa0c0ff521/jetty-6.1.26.cloudera.4.jar, file:/Users/hpatel/.gradle/caches/modules-2/files-2.1/org.mortbay.jetty/jetty-util/6.1.26.cloudera.4/b8507b7c5d3fd9a3d01775272cbf1a63f530c19d/jetty-util-6.1.26.cloudera.4.jar, file:/Users/hpatel/.gradle/caches/modules-2/files-2.1/net.java.dev.jets3t/jets3t/0.9.0/792bc96ee7e57b89f472aa0cb5a31015b9f59c96/jets3t-0.9.0.jar, file:/Users/hpatel/.gradle/caches/modules-2/files-2.1/com.jamesmurty.utils/java-xmlbuilder/0.4/ac5962e48cdee3a0a6e1f8e00fcb594747ac5aaf/java-xmlbuilder-0.4.jar, file:/Users/hpatel/.gradle/caches/modules-2/files-2.1/com.google.protobuf/protobuf-java/2.5.0/a10732c76bfacdbd633a7eb0f7968b1059a65dfa/protobuf-java-2.5.0.jar, file:/Users/hpatel/.gradle/caches/modules-2/files-2.1/org.apache.hive/hive-exec/0.13.1-cdh5.3.3/4d935274127f47dd9c0875efcf317ba49aef1219/hive-exec-0.13.1-cdh5.3.3.jar, file:/Users/hpatel/.gradle/caches/modules-2/files-2.1/org.apache.hive/hive-ant/0.13.1-cdh5.3.3/86954e92a903253177cd6935798c50a6c32b7b81/hive-ant-0.13.1-cdh5.3.3.jar, file:/Users/hpatel/.gradle/caches/modules-2/files-2.1/org.antlr/antlr-runtime/3.4/8f011408269a8e42b8548687e137d8eeb56df4b4/antlr-runtime-3.4.jar, file:/Users/hpatel/.gradle/caches/modules-2/files-2.1/org.antlr/ST4/4.0.4/467a2aa12be6d0f0f68c70eecf6714ab733027ac/ST4-4.0.4.jar, file:/Users/hpatel/.gradle/caches/modules-2/files-2.1/org.apache.ant/ant/1.9.1/35900c96dbebc85dcfbd71f4661059ebcf93c077/ant-1.9.1.jar, file:/Users/hpatel/.gradle/caches/modules-2/files-2.1/org.codehaus.groovy/groovy-all/2.1.6/165b8246372a829c1915611646f6d964010656cf/groovy-all-2.1.6.jar, file:/Users/hpatel/.gradle/caches/modules-2/files-2.1/stax/stax-api/1.0.1/49c100caf72d658aca8e58bd74a4ba90fa2b0d70/stax-api-1.0.1.jar, file:/Users/hpatel/.gradle/caches/modules-2/files-2.1/org.apache.velocity/velocity/1.5/9f306baf7523ffc0e81a6353d08a584d254133b/velocity-1.5.jar, file:/Users/hpatel/.gradle/caches/modules-2/files-2.1/org.antlr/stringtemplate/3.2.1/59ec8083721eae215c6f3caee944c410d2be34de/stringtemplate-3.2.1.jar, file:/Users/hpatel/.gradle/caches/modules-2/files-2.1/antlr/antlr/2.7.7/83cd2cd674a217ade95a4bb83a8a14f351f48bd0/antlr-2.7.7.jar, file:/Users/hpatel/.gradle/caches/modules-2/files-2.1/org.apache.ant/ant-launcher/1.9.1/7c71043ca185eaada9e36391dd022d92859327de/ant-launcher-1.9.1.jar, file:/Users/hpatel/.gradle/caches/modules-2/files-2.1/oro/oro/2.0.8/5592374f834645c4ae250f4c9fbb314c9369d698/oro-2.0.8.jar, file:/Users/hpatel/.gradle/caches/modules-2/files-2.1/org.codehaus.jackson/jackson-core-asl/1.9.13/3c304d70f42f832e0a86d45bd437f692129299a4/jackson-core-asl-1.9.13.jar, file:/Users/hpatel/.gradle/caches/modules-2/files-2.1/org.codehaus.jackson/jackson-mapper-asl/1.9.13/1ee2f2bed0e5dd29d1cb155a166e6f8d50bbddb7/jackson-mapper-asl-1.9.13.jar, file:/Users/hpatel/.gradle/caches/modules-2/files-2.1/org.slf4j/slf4j-api/1.7.6/562424e36df3d2327e8e9301a76027fca17d54ea/slf4j-api-1.7.6.jar, file:/Users/hpatel/.gradle/caches/modules-2/files-2.1/com.sun.jersey/jersey-server/1.14/b1a21724c9b708ed54d42d41bb19ff45ae1d49d9/jersey-server-1.14.jar, file:/Users/hpatel/.gradle/caches/modules-2/files-2.1/org.apache.httpcomponents/httpclient/4.2.5/666e26e76f2e87d84e4f16acb546481ae1b8e9a6/httpclient-4.2.5.jar, file:/Users/hpatel/.gradle/caches/modules-2/files-2.1/org.apache.zookeeper/zookeeper/3.4.6/1b2502e29da1ebaade2357cd1de35a855fa3755/zookeeper-3.4.6.jar, file:/Users/hpatel/.gradle/caches/modules-2/files-2.1/com.google.guava/guava/16.0.1/5fa98cd1a63c99a44dd8d3b77e4762b066a5d0c5/guava-16.0.1.jar, file:/Users/hpatel/.gradle/caches/modules-2/files-2.1/org.codehaus.jackson/jackson-jaxrs/1.8.8/71b16055388e9bd3991c3c3834e8e55098b789f1/jackson-jaxrs-1.8.8.jar, file:/Users/hpatel/.gradle/caches/modules-2/files-2.1/org.codehaus.jackson/jackson-xc/1.8.8/52efa08bc1e4cfea168f552b9e3088297d9d0926/jackson-xc-1.8.8.jar, file:/Users/hpatel/.gradle/caches/modules-2/files-2.1/org.apache.hive/hive-metastore/0.13.1-cdh5.3.3/ca93686a17f064a5ab6587799721cddd7836e53a/hive-metastore-0.13.1-cdh5.3.3.jar, file:/Users/hpatel/.gradle/caches/modules-2/files-2.1/com.jolbox/bonecp/0.8.0.RELEASE/cec24ee9345b3678472bb1b8fdd6aa6b9428beb8/bonecp-0.8.0.RELEASE.jar, file:/Users/hpatel/.gradle/caches/modules-2/files-2.1/org.apache.derby/derby/10.10.1.1/9f6f910f0373adc1b23c10f9b4bb151b7e7449f/derby-10.10.1.1.jar, file:/Users/hpatel/.gradle/caches/modules-2/files-2.1/javax.jdo/jdo-api/3.0.1/58e7a538e020b73871e232eeb064835fd98a492/jdo-api-3.0.1.jar, file:/Users/hpatel/.gradle/caches/modules-2/files-2.1/javax.transaction/jta/1.1/2ca09f0b36ca7d71b762e14ea2ff09d5eac57558/jta-1.1.jar, file:/Users/hpatel/.gradle/caches/modules-2/files-2.1/org.apache.thrift/libthrift/0.9.0/9ba8df332b5db95ce7f3b7a83e44d796c3d014d3/libthrift-0.9.0.jar, file:/Users/hpatel/.gradle/caches/modules-2/files-2.1/org.apache.httpcomponents/httpcore/4.2.4/3b7f38df6de5dd8b500e602ae8c2dd5ee446f883/httpcore-4.2.4.jar, file:/Users/hpatel/.gradle/caches/modules-2/files-2.1/com.sun.jersey/jersey-core/1.14/693061de8b9b352b11e997b1dd4052677778852d/jersey-core-1.14.jar, file:/Users/hpatel/.gradle/caches/modules-2/files-2.1/commons-codec/commons-codec/1.6/b7f0fc8f61ecadeb3695f0b9464755eee44374d4/commons-codec-1.6.jar, file:/Users/hpatel/.gradle/caches/modules-2/files-2.1/io.netty/netty/3.7.0.Final/7a8c35599c68c0bf383df74469aa3e03d9aca87/netty-3.7.0.Final.jar]
15/09/06 13:13:51 INFO mr.ObjectCache: Ignoring retrieval request: __REDUCE_PLAN__
15/09/06 13:13:51 INFO log.PerfLogger: <PERFLOG method=deserializePlan from=org.apache.hadoop.hive.ql.exec.Utilities>
15/09/06 13:13:51 INFO exec.Utilities: Deserializing ReduceWork via kryo
15/09/06 13:13:52 INFO log.PerfLogger: </PERFLOG method=deserializePlan start=1441563231997 end=1441563232009 duration=12 from=org.apache.hadoop.hive.ql.exec.Utilities>
15/09/06 13:13:52 INFO mr.ObjectCache: Ignoring cache key: __REDUCE_PLAN__
15/09/06 13:13:52 INFO ExecReducer: 
<EX>Id =147
  <Children>
    <FS>Id =148
      <Children>
      <\Children>
      <Parent>Id = 147 null<\Parent>
    <\FS>
  <\Children>
  <Parent><\Parent>
<\EX>
15/09/06 13:13:52 INFO exec.ExtractOperator: Initializing Self 147 EX
15/09/06 13:13:52 INFO exec.ExtractOperator: Operator 147 EX initialized
15/09/06 13:13:52 INFO exec.ExtractOperator: Initializing children of 147 EX
15/09/06 13:13:52 INFO exec.FileSinkOperator: Initializing child 148 FS
15/09/06 13:13:52 INFO exec.FileSinkOperator: Initializing Self 148 FS
15/09/06 13:13:52 INFO avro.AvroSerDe: Avro schema is {"type":"record","name":"DEALER_HIERARCHY_CORE","doc":"Sqoop import of DEALER_HIERARCHY","fields":[{"name":"File_Name","type":["string","null"],"columnName":"File_Name"},{"name":"GEN_ID","type":["string","null"],"columnName":"GEN_ID"},{"name":"DMS_SYSTEM","type":["string","null"],"columnName":"DMS_SYSTEM"},{"name":"DMS_VERSION","type":["string","null"],"columnName":"DMS_VERSION"},{"name":"TRANSMIT_TS","type":["string","null"],"columnName":"TRANSMIT_TS"},{"name":"ORIG_TRANSMIT_TS","type":["string","null"],"columnName":"TRANSMIT_TS"},{"name":"TRANSMIT_BY","type":["string","null"],"columnName":"TRANSMIT_BY"},{"name":"RECORD_STATUS","type":["string","null"],"columnName":"RECORD_STATUS"},{"name":"DEALER_UPDT_IND","type":["string","null"],"columnName":"DEALER_UPDT_IND","sqlType":"1"},{"name":"STORE_NUMBER","type":["string","null"],"columnName":"STORE_NUMBER"},{"name":"PART_TYPE","type":["string","null"],"columnName":"PART_TYPE"},{"name":"STORE_NAME","type":["string","null"],"columnName":"STORE_NAME"},{"name":"INVENTORY_STORE_NUMBER","type":["string","null"],"columnName":"INVENTORY_STORE_NUMBER"},{"name":"CAT_EMRG_DEALER_CODE","type":["string","null"],"columnName":"CAT_EMRG_DEALER_CODE"},{"name":"CAT_STOCK_DEALER_CODE","type":["string","null"],"columnName":"CAT_STOCK_DEALER_CODE"},{"name":"STOCK_REPLEN_STORE_NUMBER","type":["string","null"],"columnName":"STOCK_REPLEN_STORE_NUMBER"},{"name":"STOCK_REPLEN_LEAD_TIME","type":["string","null"],"columnName":"STOCK_REPLEN_LEAD_TIME"},{"name":"LST_UPDT_TS","type":["string","null"],"columnName":"LST_UPDT_TS"},{"name":"ORIG_LST_UPDT_TS","type":["string","null"],"columnName":"ORIG_LST_UPDT_TS"},{"name":"LST_UPDT_BY_ID","type":["string","null"],"columnName":"LST_UPDT_BY_ID"},{"name":"FILE_INS_TS","type":["string","null"],"columnName":"FILE_INS_TS"},{"name":"ORIG_FILE_INS_TS","type":["string","null"],"columnName":"ORIG_FILE_INS_TS"},{"name":"EXP_STOCK_PLAN_LEAD_TIME","type":["string","null"],"columnName":"EXP_STOCK_PLAN_LEAD_TIME"}],"tableName":"DEALER_HIERARCHY_CORE"}
15/09/06 13:13:52 INFO avro.AvroSerDe: Configuration null, not inserting schema
15/09/06 13:13:52 INFO exec.FileSinkOperator: Operator 148 FS initialized
15/09/06 13:13:52 INFO exec.FileSinkOperator: Initialization Done 148 FS
15/09/06 13:13:52 INFO exec.ExtractOperator: Initialization Done 147 EX
15/09/06 13:13:52 INFO exec.FileSinkOperator: Final Path: FS file:/var/folders/y7/4_pz5fzx54ngcmghz3v6t3m00000gn/T/junit5910417261063589903/hadooptmp/dealer_hierarchy/core_data/.hive-staging_hive_2015-09-06_13-13-51_715_4995113190555269638-1/_tmp.-ext-10000/dealer_code=AAAA/000000_0
15/09/06 13:13:52 INFO exec.FileSinkOperator: Writing to temp file: FS file:/var/folders/y7/4_pz5fzx54ngcmghz3v6t3m00000gn/T/junit5910417261063589903/hadooptmp/dealer_hierarchy/core_data/.hive-staging_hive_2015-09-06_13-13-51_715_4995113190555269638-1/_task_tmp.-ext-10000/dealer_code=AAAA/_tmp.000000_0
15/09/06 13:13:52 INFO exec.FileSinkOperator: New Final Path: FS file:/var/folders/y7/4_pz5fzx54ngcmghz3v6t3m00000gn/T/junit5910417261063589903/hadooptmp/dealer_hierarchy/core_data/.hive-staging_hive_2015-09-06_13-13-51_715_4995113190555269638-1/_tmp.-ext-10000/dealer_code=AAAA/000000_0
15/09/06 13:13:52 INFO ExecReducer: ExecReducer: processing 1 rows: used memory = 494548072
15/09/06 13:13:52 INFO lazybinary.LazyBinaryStruct: Missing fields! Expected 24 fields but only got 24! Ignoring similar problems.
15/09/06 13:13:52 INFO exec.FileSinkOperator: Final Path: FS file:/var/folders/y7/4_pz5fzx54ngcmghz3v6t3m00000gn/T/junit5910417261063589903/hadooptmp/dealer_hierarchy/core_data/.hive-staging_hive_2015-09-06_13-13-51_715_4995113190555269638-1/_tmp.-ext-10000/dealer_code=ZZZZ/000000_0
15/09/06 13:13:52 INFO exec.FileSinkOperator: Writing to temp file: FS file:/var/folders/y7/4_pz5fzx54ngcmghz3v6t3m00000gn/T/junit5910417261063589903/hadooptmp/dealer_hierarchy/core_data/.hive-staging_hive_2015-09-06_13-13-51_715_4995113190555269638-1/_task_tmp.-ext-10000/dealer_code=ZZZZ/_tmp.000000_0
15/09/06 13:13:52 INFO exec.FileSinkOperator: New Final Path: FS file:/var/folders/y7/4_pz5fzx54ngcmghz3v6t3m00000gn/T/junit5910417261063589903/hadooptmp/dealer_hierarchy/core_data/.hive-staging_hive_2015-09-06_13-13-51_715_4995113190555269638-1/_tmp.-ext-10000/dealer_code=ZZZZ/000000_0
15/09/06 13:13:52 INFO ExecReducer: ExecReducer: processed 4 rows: used memory = 501424184
15/09/06 13:13:52 INFO exec.ExtractOperator: 147 finished. closing... 
15/09/06 13:13:52 INFO exec.FileSinkOperator: 148 finished. closing... 
15/09/06 13:13:52 INFO exec.FileSinkOperator: FS[148]: records written - 4
15/09/06 13:13:52 INFO exec.FileSinkOperator: RECORDS_OUT_1:4
15/09/06 13:13:52 INFO exec.FileSinkOperator: 148 Close done
15/09/06 13:13:52 INFO exec.ExtractOperator: 147 Close done
15/09/06 13:13:52 INFO mapred.Task: Task:attempt_local203494007_0010_r_000000_0 is done. And is in the process of commiting
15/09/06 13:13:52 INFO mapred.LocalJobRunner: reduce > reduce
15/09/06 13:13:52 INFO mapred.Task: Task 'attempt_local203494007_0010_r_000000_0' done.
2015-09-06 13:13:52,049 Stage-1 map = 100%,  reduce = 100%
15/09/06 13:13:52 INFO exec.Task: 2015-09-06 13:13:52,049 Stage-1 map = 100%,  reduce = 100%
Ended Job = job_local203494007_0010
15/09/06 13:13:52 INFO exec.Task: Ended Job = job_local203494007_0010
15/09/06 13:13:52 INFO exec.FileSinkOperator: Moving tmp dir: file:/var/folders/y7/4_pz5fzx54ngcmghz3v6t3m00000gn/T/junit5910417261063589903/hadooptmp/dealer_hierarchy/core_data/.hive-staging_hive_2015-09-06_13-13-51_715_4995113190555269638-1/_tmp.-ext-10000 to: file:/var/folders/y7/4_pz5fzx54ngcmghz3v6t3m00000gn/T/junit5910417261063589903/hadooptmp/dealer_hierarchy/core_data/.hive-staging_hive_2015-09-06_13-13-51_715_4995113190555269638-1/-ext-10000
15/09/06 13:13:52 INFO log.PerfLogger: <PERFLOG method=task.MOVE.Stage-0 from=org.apache.hadoop.hive.ql.Driver>
Loading data to table ddsw_dev.dealer_hierarchy_core partition (dealer_code=null)
15/09/06 13:13:52 INFO exec.Task: Loading data to table ddsw_dev.dealer_hierarchy_core partition (dealer_code=null) from file:/var/folders/y7/4_pz5fzx54ngcmghz3v6t3m00000gn/T/junit5910417261063589903/hadooptmp/dealer_hierarchy/core_data/.hive-staging_hive_2015-09-06_13-13-51_715_4995113190555269638-1/-ext-10000
15/09/06 13:13:52 INFO metastore.HiveMetaStore: 0: get_table : db=ddsw_dev tbl=dealer_hierarchy_core
15/09/06 13:13:52 INFO HiveMetaStore.audit: ugi=hpatel	ip=unknown-ip-addr	cmd=get_table : db=ddsw_dev tbl=dealer_hierarchy_core	
15/09/06 13:13:52 INFO avro.AvroSerDe: Avro schema is {"type":"record","name":"DEALER_HIERARCHY_CORE","doc":"Sqoop import of DEALER_HIERARCHY","fields":[{"name":"File_Name","type":["string","null"],"columnName":"File_Name"},{"name":"GEN_ID","type":["string","null"],"columnName":"GEN_ID"},{"name":"DMS_SYSTEM","type":["string","null"],"columnName":"DMS_SYSTEM"},{"name":"DMS_VERSION","type":["string","null"],"columnName":"DMS_VERSION"},{"name":"TRANSMIT_TS","type":["string","null"],"columnName":"TRANSMIT_TS"},{"name":"ORIG_TRANSMIT_TS","type":["string","null"],"columnName":"TRANSMIT_TS"},{"name":"TRANSMIT_BY","type":["string","null"],"columnName":"TRANSMIT_BY"},{"name":"RECORD_STATUS","type":["string","null"],"columnName":"RECORD_STATUS"},{"name":"DEALER_UPDT_IND","type":["string","null"],"columnName":"DEALER_UPDT_IND","sqlType":"1"},{"name":"STORE_NUMBER","type":["string","null"],"columnName":"STORE_NUMBER"},{"name":"PART_TYPE","type":["string","null"],"columnName":"PART_TYPE"},{"name":"STORE_NAME","type":["string","null"],"columnName":"STORE_NAME"},{"name":"INVENTORY_STORE_NUMBER","type":["string","null"],"columnName":"INVENTORY_STORE_NUMBER"},{"name":"CAT_EMRG_DEALER_CODE","type":["string","null"],"columnName":"CAT_EMRG_DEALER_CODE"},{"name":"CAT_STOCK_DEALER_CODE","type":["string","null"],"columnName":"CAT_STOCK_DEALER_CODE"},{"name":"STOCK_REPLEN_STORE_NUMBER","type":["string","null"],"columnName":"STOCK_REPLEN_STORE_NUMBER"},{"name":"STOCK_REPLEN_LEAD_TIME","type":["string","null"],"columnName":"STOCK_REPLEN_LEAD_TIME"},{"name":"LST_UPDT_TS","type":["string","null"],"columnName":"LST_UPDT_TS"},{"name":"ORIG_LST_UPDT_TS","type":["string","null"],"columnName":"ORIG_LST_UPDT_TS"},{"name":"LST_UPDT_BY_ID","type":["string","null"],"columnName":"LST_UPDT_BY_ID"},{"name":"FILE_INS_TS","type":["string","null"],"columnName":"FILE_INS_TS"},{"name":"ORIG_FILE_INS_TS","type":["string","null"],"columnName":"ORIG_FILE_INS_TS"},{"name":"EXP_STOCK_PLAN_LEAD_TIME","type":["string","null"],"columnName":"EXP_STOCK_PLAN_LEAD_TIME"}],"tableName":"DEALER_HIERARCHY_CORE"}
15/09/06 13:13:52 INFO avro.AvroSerDe: Avro schema is {"type":"record","name":"DEALER_HIERARCHY_CORE","doc":"Sqoop import of DEALER_HIERARCHY","fields":[{"name":"File_Name","type":["string","null"],"columnName":"File_Name"},{"name":"GEN_ID","type":["string","null"],"columnName":"GEN_ID"},{"name":"DMS_SYSTEM","type":["string","null"],"columnName":"DMS_SYSTEM"},{"name":"DMS_VERSION","type":["string","null"],"columnName":"DMS_VERSION"},{"name":"TRANSMIT_TS","type":["string","null"],"columnName":"TRANSMIT_TS"},{"name":"ORIG_TRANSMIT_TS","type":["string","null"],"columnName":"TRANSMIT_TS"},{"name":"TRANSMIT_BY","type":["string","null"],"columnName":"TRANSMIT_BY"},{"name":"RECORD_STATUS","type":["string","null"],"columnName":"RECORD_STATUS"},{"name":"DEALER_UPDT_IND","type":["string","null"],"columnName":"DEALER_UPDT_IND","sqlType":"1"},{"name":"STORE_NUMBER","type":["string","null"],"columnName":"STORE_NUMBER"},{"name":"PART_TYPE","type":["string","null"],"columnName":"PART_TYPE"},{"name":"STORE_NAME","type":["string","null"],"columnName":"STORE_NAME"},{"name":"INVENTORY_STORE_NUMBER","type":["string","null"],"columnName":"INVENTORY_STORE_NUMBER"},{"name":"CAT_EMRG_DEALER_CODE","type":["string","null"],"columnName":"CAT_EMRG_DEALER_CODE"},{"name":"CAT_STOCK_DEALER_CODE","type":["string","null"],"columnName":"CAT_STOCK_DEALER_CODE"},{"name":"STOCK_REPLEN_STORE_NUMBER","type":["string","null"],"columnName":"STOCK_REPLEN_STORE_NUMBER"},{"name":"STOCK_REPLEN_LEAD_TIME","type":["string","null"],"columnName":"STOCK_REPLEN_LEAD_TIME"},{"name":"LST_UPDT_TS","type":["string","null"],"columnName":"LST_UPDT_TS"},{"name":"ORIG_LST_UPDT_TS","type":["string","null"],"columnName":"ORIG_LST_UPDT_TS"},{"name":"LST_UPDT_BY_ID","type":["string","null"],"columnName":"LST_UPDT_BY_ID"},{"name":"FILE_INS_TS","type":["string","null"],"columnName":"FILE_INS_TS"},{"name":"ORIG_FILE_INS_TS","type":["string","null"],"columnName":"ORIG_FILE_INS_TS"},{"name":"EXP_STOCK_PLAN_LEAD_TIME","type":["string","null"],"columnName":"EXP_STOCK_PLAN_LEAD_TIME"}],"tableName":"DEALER_HIERARCHY_CORE"}
15/09/06 13:13:52 INFO exec.MoveTask: Partition is: {dealer_code=null}
15/09/06 13:13:52 INFO metastore.HiveMetaStore: 0: partition_name_has_valid_characters
15/09/06 13:13:52 INFO HiveMetaStore.audit: ugi=hpatel	ip=unknown-ip-addr	cmd=partition_name_has_valid_characters	
15/09/06 13:13:52 INFO metastore.HiveMetaStore: 0: partition_name_has_valid_characters
15/09/06 13:13:52 INFO HiveMetaStore.audit: ugi=hpatel	ip=unknown-ip-addr	cmd=partition_name_has_valid_characters	
15/09/06 13:13:52 INFO metastore.HiveMetaStore: 0: get_table : db=ddsw_dev tbl=dealer_hierarchy_core
15/09/06 13:13:52 INFO HiveMetaStore.audit: ugi=hpatel	ip=unknown-ip-addr	cmd=get_table : db=ddsw_dev tbl=dealer_hierarchy_core	
15/09/06 13:13:52 INFO avro.AvroSerDe: Avro schema is {"type":"record","name":"DEALER_HIERARCHY_CORE","doc":"Sqoop import of DEALER_HIERARCHY","fields":[{"name":"File_Name","type":["string","null"],"columnName":"File_Name"},{"name":"GEN_ID","type":["string","null"],"columnName":"GEN_ID"},{"name":"DMS_SYSTEM","type":["string","null"],"columnName":"DMS_SYSTEM"},{"name":"DMS_VERSION","type":["string","null"],"columnName":"DMS_VERSION"},{"name":"TRANSMIT_TS","type":["string","null"],"columnName":"TRANSMIT_TS"},{"name":"ORIG_TRANSMIT_TS","type":["string","null"],"columnName":"TRANSMIT_TS"},{"name":"TRANSMIT_BY","type":["string","null"],"columnName":"TRANSMIT_BY"},{"name":"RECORD_STATUS","type":["string","null"],"columnName":"RECORD_STATUS"},{"name":"DEALER_UPDT_IND","type":["string","null"],"columnName":"DEALER_UPDT_IND","sqlType":"1"},{"name":"STORE_NUMBER","type":["string","null"],"columnName":"STORE_NUMBER"},{"name":"PART_TYPE","type":["string","null"],"columnName":"PART_TYPE"},{"name":"STORE_NAME","type":["string","null"],"columnName":"STORE_NAME"},{"name":"INVENTORY_STORE_NUMBER","type":["string","null"],"columnName":"INVENTORY_STORE_NUMBER"},{"name":"CAT_EMRG_DEALER_CODE","type":["string","null"],"columnName":"CAT_EMRG_DEALER_CODE"},{"name":"CAT_STOCK_DEALER_CODE","type":["string","null"],"columnName":"CAT_STOCK_DEALER_CODE"},{"name":"STOCK_REPLEN_STORE_NUMBER","type":["string","null"],"columnName":"STOCK_REPLEN_STORE_NUMBER"},{"name":"STOCK_REPLEN_LEAD_TIME","type":["string","null"],"columnName":"STOCK_REPLEN_LEAD_TIME"},{"name":"LST_UPDT_TS","type":["string","null"],"columnName":"LST_UPDT_TS"},{"name":"ORIG_LST_UPDT_TS","type":["string","null"],"columnName":"ORIG_LST_UPDT_TS"},{"name":"LST_UPDT_BY_ID","type":["string","null"],"columnName":"LST_UPDT_BY_ID"},{"name":"FILE_INS_TS","type":["string","null"],"columnName":"FILE_INS_TS"},{"name":"ORIG_FILE_INS_TS","type":["string","null"],"columnName":"ORIG_FILE_INS_TS"},{"name":"EXP_STOCK_PLAN_LEAD_TIME","type":["string","null"],"columnName":"EXP_STOCK_PLAN_LEAD_TIME"}],"tableName":"DEALER_HIERARCHY_CORE"}
15/09/06 13:13:52 INFO avro.AvroSerDe: Avro schema is {"type":"record","name":"DEALER_HIERARCHY_CORE","doc":"Sqoop import of DEALER_HIERARCHY","fields":[{"name":"File_Name","type":["string","null"],"columnName":"File_Name"},{"name":"GEN_ID","type":["string","null"],"columnName":"GEN_ID"},{"name":"DMS_SYSTEM","type":["string","null"],"columnName":"DMS_SYSTEM"},{"name":"DMS_VERSION","type":["string","null"],"columnName":"DMS_VERSION"},{"name":"TRANSMIT_TS","type":["string","null"],"columnName":"TRANSMIT_TS"},{"name":"ORIG_TRANSMIT_TS","type":["string","null"],"columnName":"TRANSMIT_TS"},{"name":"TRANSMIT_BY","type":["string","null"],"columnName":"TRANSMIT_BY"},{"name":"RECORD_STATUS","type":["string","null"],"columnName":"RECORD_STATUS"},{"name":"DEALER_UPDT_IND","type":["string","null"],"columnName":"DEALER_UPDT_IND","sqlType":"1"},{"name":"STORE_NUMBER","type":["string","null"],"columnName":"STORE_NUMBER"},{"name":"PART_TYPE","type":["string","null"],"columnName":"PART_TYPE"},{"name":"STORE_NAME","type":["string","null"],"columnName":"STORE_NAME"},{"name":"INVENTORY_STORE_NUMBER","type":["string","null"],"columnName":"INVENTORY_STORE_NUMBER"},{"name":"CAT_EMRG_DEALER_CODE","type":["string","null"],"columnName":"CAT_EMRG_DEALER_CODE"},{"name":"CAT_STOCK_DEALER_CODE","type":["string","null"],"columnName":"CAT_STOCK_DEALER_CODE"},{"name":"STOCK_REPLEN_STORE_NUMBER","type":["string","null"],"columnName":"STOCK_REPLEN_STORE_NUMBER"},{"name":"STOCK_REPLEN_LEAD_TIME","type":["string","null"],"columnName":"STOCK_REPLEN_LEAD_TIME"},{"name":"LST_UPDT_TS","type":["string","null"],"columnName":"LST_UPDT_TS"},{"name":"ORIG_LST_UPDT_TS","type":["string","null"],"columnName":"ORIG_LST_UPDT_TS"},{"name":"LST_UPDT_BY_ID","type":["string","null"],"columnName":"LST_UPDT_BY_ID"},{"name":"FILE_INS_TS","type":["string","null"],"columnName":"FILE_INS_TS"},{"name":"ORIG_FILE_INS_TS","type":["string","null"],"columnName":"ORIG_FILE_INS_TS"},{"name":"EXP_STOCK_PLAN_LEAD_TIME","type":["string","null"],"columnName":"EXP_STOCK_PLAN_LEAD_TIME"}],"tableName":"DEALER_HIERARCHY_CORE"}
15/09/06 13:13:52 INFO metastore.HiveMetaStore: 0: get_partition_with_auth : db=ddsw_dev tbl=dealer_hierarchy_core[ZZZZ]
15/09/06 13:13:52 INFO HiveMetaStore.audit: ugi=hpatel	ip=unknown-ip-addr	cmd=get_partition_with_auth : db=ddsw_dev tbl=dealer_hierarchy_core[ZZZZ]	
15/09/06 13:13:52 INFO common.FileUtils: Creating directory if it doesn't exist: file:/var/folders/y7/4_pz5fzx54ngcmghz3v6t3m00000gn/T/junit5910417261063589903/hadooptmp/dealer_hierarchy/core_data/dealer_code=ZZZZ
15/09/06 13:13:52 INFO session.SessionState: Could not get hdfsEncryptionShim, it is only applicable to hdfs filesystem.
15/09/06 13:13:52 INFO metadata.Hive: Renaming src: file:/var/folders/y7/4_pz5fzx54ngcmghz3v6t3m00000gn/T/junit5910417261063589903/hadooptmp/dealer_hierarchy/core_data/.hive-staging_hive_2015-09-06_13-13-51_715_4995113190555269638-1/-ext-10000/dealer_code=ZZZZ/000000_0, dest: file:/var/folders/y7/4_pz5fzx54ngcmghz3v6t3m00000gn/T/junit5910417261063589903/hadooptmp/dealer_hierarchy/core_data/dealer_code=ZZZZ/000000_0, Status:true
15/09/06 13:13:52 INFO metastore.HiveMetaStore: 0: get_partition_with_auth : db=ddsw_dev tbl=dealer_hierarchy_core[ZZZZ]
15/09/06 13:13:52 INFO HiveMetaStore.audit: ugi=hpatel	ip=unknown-ip-addr	cmd=get_partition_with_auth : db=ddsw_dev tbl=dealer_hierarchy_core[ZZZZ]	
15/09/06 13:13:52 INFO metastore.HiveMetaStore: 0: append_partition : db=ddsw_dev tbl=dealer_hierarchy_core[ZZZZ]
15/09/06 13:13:52 INFO HiveMetaStore.audit: ugi=hpatel	ip=unknown-ip-addr	cmd=append_partition : db=ddsw_dev tbl=dealer_hierarchy_core[ZZZZ]	
15/09/06 13:13:52 INFO metadata.Hive: New loading path = file:/var/folders/y7/4_pz5fzx54ngcmghz3v6t3m00000gn/T/junit5910417261063589903/hadooptmp/dealer_hierarchy/core_data/.hive-staging_hive_2015-09-06_13-13-51_715_4995113190555269638-1/-ext-10000/dealer_code=ZZZZ with partSpec {dealer_code=ZZZZ}
15/09/06 13:13:52 INFO metastore.HiveMetaStore: 0: get_table : db=ddsw_dev tbl=dealer_hierarchy_core
15/09/06 13:13:52 INFO HiveMetaStore.audit: ugi=hpatel	ip=unknown-ip-addr	cmd=get_table : db=ddsw_dev tbl=dealer_hierarchy_core	
15/09/06 13:13:52 INFO avro.AvroSerDe: Avro schema is {"type":"record","name":"DEALER_HIERARCHY_CORE","doc":"Sqoop import of DEALER_HIERARCHY","fields":[{"name":"File_Name","type":["string","null"],"columnName":"File_Name"},{"name":"GEN_ID","type":["string","null"],"columnName":"GEN_ID"},{"name":"DMS_SYSTEM","type":["string","null"],"columnName":"DMS_SYSTEM"},{"name":"DMS_VERSION","type":["string","null"],"columnName":"DMS_VERSION"},{"name":"TRANSMIT_TS","type":["string","null"],"columnName":"TRANSMIT_TS"},{"name":"ORIG_TRANSMIT_TS","type":["string","null"],"columnName":"TRANSMIT_TS"},{"name":"TRANSMIT_BY","type":["string","null"],"columnName":"TRANSMIT_BY"},{"name":"RECORD_STATUS","type":["string","null"],"columnName":"RECORD_STATUS"},{"name":"DEALER_UPDT_IND","type":["string","null"],"columnName":"DEALER_UPDT_IND","sqlType":"1"},{"name":"STORE_NUMBER","type":["string","null"],"columnName":"STORE_NUMBER"},{"name":"PART_TYPE","type":["string","null"],"columnName":"PART_TYPE"},{"name":"STORE_NAME","type":["string","null"],"columnName":"STORE_NAME"},{"name":"INVENTORY_STORE_NUMBER","type":["string","null"],"columnName":"INVENTORY_STORE_NUMBER"},{"name":"CAT_EMRG_DEALER_CODE","type":["string","null"],"columnName":"CAT_EMRG_DEALER_CODE"},{"name":"CAT_STOCK_DEALER_CODE","type":["string","null"],"columnName":"CAT_STOCK_DEALER_CODE"},{"name":"STOCK_REPLEN_STORE_NUMBER","type":["string","null"],"columnName":"STOCK_REPLEN_STORE_NUMBER"},{"name":"STOCK_REPLEN_LEAD_TIME","type":["string","null"],"columnName":"STOCK_REPLEN_LEAD_TIME"},{"name":"LST_UPDT_TS","type":["string","null"],"columnName":"LST_UPDT_TS"},{"name":"ORIG_LST_UPDT_TS","type":["string","null"],"columnName":"ORIG_LST_UPDT_TS"},{"name":"LST_UPDT_BY_ID","type":["string","null"],"columnName":"LST_UPDT_BY_ID"},{"name":"FILE_INS_TS","type":["string","null"],"columnName":"FILE_INS_TS"},{"name":"ORIG_FILE_INS_TS","type":["string","null"],"columnName":"ORIG_FILE_INS_TS"},{"name":"EXP_STOCK_PLAN_LEAD_TIME","type":["string","null"],"columnName":"EXP_STOCK_PLAN_LEAD_TIME"}],"tableName":"DEALER_HIERARCHY_CORE"}
15/09/06 13:13:52 INFO avro.AvroSerDe: Avro schema is {"type":"record","name":"DEALER_HIERARCHY_CORE","doc":"Sqoop import of DEALER_HIERARCHY","fields":[{"name":"File_Name","type":["string","null"],"columnName":"File_Name"},{"name":"GEN_ID","type":["string","null"],"columnName":"GEN_ID"},{"name":"DMS_SYSTEM","type":["string","null"],"columnName":"DMS_SYSTEM"},{"name":"DMS_VERSION","type":["string","null"],"columnName":"DMS_VERSION"},{"name":"TRANSMIT_TS","type":["string","null"],"columnName":"TRANSMIT_TS"},{"name":"ORIG_TRANSMIT_TS","type":["string","null"],"columnName":"TRANSMIT_TS"},{"name":"TRANSMIT_BY","type":["string","null"],"columnName":"TRANSMIT_BY"},{"name":"RECORD_STATUS","type":["string","null"],"columnName":"RECORD_STATUS"},{"name":"DEALER_UPDT_IND","type":["string","null"],"columnName":"DEALER_UPDT_IND","sqlType":"1"},{"name":"STORE_NUMBER","type":["string","null"],"columnName":"STORE_NUMBER"},{"name":"PART_TYPE","type":["string","null"],"columnName":"PART_TYPE"},{"name":"STORE_NAME","type":["string","null"],"columnName":"STORE_NAME"},{"name":"INVENTORY_STORE_NUMBER","type":["string","null"],"columnName":"INVENTORY_STORE_NUMBER"},{"name":"CAT_EMRG_DEALER_CODE","type":["string","null"],"columnName":"CAT_EMRG_DEALER_CODE"},{"name":"CAT_STOCK_DEALER_CODE","type":["string","null"],"columnName":"CAT_STOCK_DEALER_CODE"},{"name":"STOCK_REPLEN_STORE_NUMBER","type":["string","null"],"columnName":"STOCK_REPLEN_STORE_NUMBER"},{"name":"STOCK_REPLEN_LEAD_TIME","type":["string","null"],"columnName":"STOCK_REPLEN_LEAD_TIME"},{"name":"LST_UPDT_TS","type":["string","null"],"columnName":"LST_UPDT_TS"},{"name":"ORIG_LST_UPDT_TS","type":["string","null"],"columnName":"ORIG_LST_UPDT_TS"},{"name":"LST_UPDT_BY_ID","type":["string","null"],"columnName":"LST_UPDT_BY_ID"},{"name":"FILE_INS_TS","type":["string","null"],"columnName":"FILE_INS_TS"},{"name":"ORIG_FILE_INS_TS","type":["string","null"],"columnName":"ORIG_FILE_INS_TS"},{"name":"EXP_STOCK_PLAN_LEAD_TIME","type":["string","null"],"columnName":"EXP_STOCK_PLAN_LEAD_TIME"}],"tableName":"DEALER_HIERARCHY_CORE"}
15/09/06 13:13:52 INFO metastore.HiveMetaStore: 0: get_partition_with_auth : db=ddsw_dev tbl=dealer_hierarchy_core[AAAA]
15/09/06 13:13:52 INFO HiveMetaStore.audit: ugi=hpatel	ip=unknown-ip-addr	cmd=get_partition_with_auth : db=ddsw_dev tbl=dealer_hierarchy_core[AAAA]	
15/09/06 13:13:52 INFO common.FileUtils: Creating directory if it doesn't exist: file:/var/folders/y7/4_pz5fzx54ngcmghz3v6t3m00000gn/T/junit5910417261063589903/hadooptmp/dealer_hierarchy/core_data/dealer_code=AAAA
15/09/06 13:13:52 INFO session.SessionState: Could not get hdfsEncryptionShim, it is only applicable to hdfs filesystem.
15/09/06 13:13:52 INFO metadata.Hive: Renaming src: file:/var/folders/y7/4_pz5fzx54ngcmghz3v6t3m00000gn/T/junit5910417261063589903/hadooptmp/dealer_hierarchy/core_data/.hive-staging_hive_2015-09-06_13-13-51_715_4995113190555269638-1/-ext-10000/dealer_code=AAAA/000000_0, dest: file:/var/folders/y7/4_pz5fzx54ngcmghz3v6t3m00000gn/T/junit5910417261063589903/hadooptmp/dealer_hierarchy/core_data/dealer_code=AAAA/000000_0, Status:true
15/09/06 13:13:52 INFO metastore.HiveMetaStore: 0: get_partition_with_auth : db=ddsw_dev tbl=dealer_hierarchy_core[AAAA]
15/09/06 13:13:52 INFO HiveMetaStore.audit: ugi=hpatel	ip=unknown-ip-addr	cmd=get_partition_with_auth : db=ddsw_dev tbl=dealer_hierarchy_core[AAAA]	
15/09/06 13:13:52 INFO metastore.HiveMetaStore: 0: append_partition : db=ddsw_dev tbl=dealer_hierarchy_core[AAAA]
15/09/06 13:13:52 INFO HiveMetaStore.audit: ugi=hpatel	ip=unknown-ip-addr	cmd=append_partition : db=ddsw_dev tbl=dealer_hierarchy_core[AAAA]	
15/09/06 13:13:52 INFO metadata.Hive: New loading path = file:/var/folders/y7/4_pz5fzx54ngcmghz3v6t3m00000gn/T/junit5910417261063589903/hadooptmp/dealer_hierarchy/core_data/.hive-staging_hive_2015-09-06_13-13-51_715_4995113190555269638-1/-ext-10000/dealer_code=AAAA with partSpec {dealer_code=AAAA}
15/09/06 13:13:52 INFO metastore.HiveMetaStore: 0: get_partition_with_auth : db=ddsw_dev tbl=dealer_hierarchy_core[ZZZZ]
15/09/06 13:13:52 INFO HiveMetaStore.audit: ugi=hpatel	ip=unknown-ip-addr	cmd=get_partition_with_auth : db=ddsw_dev tbl=dealer_hierarchy_core[ZZZZ]	
	Loading partition {dealer_code=ZZZZ}
15/09/06 13:13:52 INFO exec.Task: 	Loading partition {dealer_code=ZZZZ}
15/09/06 13:13:52 INFO metastore.HiveMetaStore: 0: get_partition_with_auth : db=ddsw_dev tbl=dealer_hierarchy_core[AAAA]
15/09/06 13:13:52 INFO HiveMetaStore.audit: ugi=hpatel	ip=unknown-ip-addr	cmd=get_partition_with_auth : db=ddsw_dev tbl=dealer_hierarchy_core[AAAA]	
	Loading partition {dealer_code=AAAA}
15/09/06 13:13:52 INFO exec.Task: 	Loading partition {dealer_code=AAAA}
15/09/06 13:13:52 INFO log.PerfLogger: </PERFLOG method=runTasks start=1441563231817 end=1441563232257 duration=440 from=org.apache.hadoop.hive.ql.Driver>
15/09/06 13:13:52 INFO log.PerfLogger: </PERFLOG method=Driver.execute start=1441563231817 end=1441563232257 duration=440 from=org.apache.hadoop.hive.ql.Driver>
MapReduce Jobs Launched: 
15/09/06 13:13:52 INFO ql.Driver: MapReduce Jobs Launched: 
Stage-Stage-1:  HDFS Read: 0 HDFS Write: 0 SUCCESS
15/09/06 13:13:52 INFO ql.Driver: Stage-Stage-1:  HDFS Read: 0 HDFS Write: 0 SUCCESS
Total MapReduce CPU Time Spent: 0 msec
15/09/06 13:13:52 INFO ql.Driver: Total MapReduce CPU Time Spent: 0 msec
OK
15/09/06 13:13:52 INFO ql.Driver: OK
15/09/06 13:13:52 INFO log.PerfLogger: <PERFLOG method=releaseLocks from=org.apache.hadoop.hive.ql.Driver>
15/09/06 13:13:52 INFO log.PerfLogger: </PERFLOG method=releaseLocks start=1441563232257 end=1441563232258 duration=1 from=org.apache.hadoop.hive.ql.Driver>
15/09/06 13:13:52 INFO log.PerfLogger: </PERFLOG method=Driver.run start=1441563231715 end=1441563232258 duration=543 from=org.apache.hadoop.hive.ql.Driver>
15/09/06 13:13:52 INFO service.HiveServer: Running the query: USE default
15/09/06 13:13:52 INFO log.PerfLogger: <PERFLOG method=Driver.run from=org.apache.hadoop.hive.ql.Driver>
15/09/06 13:13:52 INFO log.PerfLogger: <PERFLOG method=TimeToSubmit from=org.apache.hadoop.hive.ql.Driver>
15/09/06 13:13:52 INFO ql.Driver: Concurrency mode is disabled, not creating a lock manager
15/09/06 13:13:52 INFO log.PerfLogger: <PERFLOG method=compile from=org.apache.hadoop.hive.ql.Driver>
15/09/06 13:13:52 INFO log.PerfLogger: <PERFLOG method=parse from=org.apache.hadoop.hive.ql.Driver>
15/09/06 13:13:52 INFO parse.ParseDriver: Parsing command: USE default
15/09/06 13:13:52 INFO parse.ParseDriver: Parse Completed
15/09/06 13:13:52 INFO log.PerfLogger: </PERFLOG method=parse start=1441563232259 end=1441563232259 duration=0 from=org.apache.hadoop.hive.ql.Driver>
15/09/06 13:13:52 INFO log.PerfLogger: <PERFLOG method=semanticAnalyze from=org.apache.hadoop.hive.ql.Driver>
15/09/06 13:13:52 INFO ql.Driver: Semantic Analysis Completed
15/09/06 13:13:52 INFO log.PerfLogger: </PERFLOG method=semanticAnalyze start=1441563232259 end=1441563232259 duration=0 from=org.apache.hadoop.hive.ql.Driver>
15/09/06 13:13:52 INFO ql.Driver: Returning Hive schema: Schema(fieldSchemas:null, properties:null)
15/09/06 13:13:52 INFO log.PerfLogger: </PERFLOG method=compile start=1441563232259 end=1441563232260 duration=1 from=org.apache.hadoop.hive.ql.Driver>
15/09/06 13:13:52 INFO log.PerfLogger: <PERFLOG method=Driver.execute from=org.apache.hadoop.hive.ql.Driver>
15/09/06 13:13:52 INFO ql.Driver: Starting command: USE default
15/09/06 13:13:52 INFO log.PerfLogger: </PERFLOG method=TimeToSubmit start=1441563232259 end=1441563232260 duration=1 from=org.apache.hadoop.hive.ql.Driver>
15/09/06 13:13:52 INFO log.PerfLogger: <PERFLOG method=runTasks from=org.apache.hadoop.hive.ql.Driver>
15/09/06 13:13:52 INFO log.PerfLogger: <PERFLOG method=task.DDL.Stage-0 from=org.apache.hadoop.hive.ql.Driver>
15/09/06 13:13:52 INFO metastore.HiveMetaStore: 0: get_database: default
15/09/06 13:13:52 INFO HiveMetaStore.audit: ugi=hpatel	ip=unknown-ip-addr	cmd=get_database: default	
15/09/06 13:13:52 INFO metastore.HiveMetaStore: 0: get_database: default
15/09/06 13:13:52 INFO HiveMetaStore.audit: ugi=hpatel	ip=unknown-ip-addr	cmd=get_database: default	
15/09/06 13:13:52 INFO log.PerfLogger: </PERFLOG method=runTasks start=1441563232260 end=1441563232263 duration=3 from=org.apache.hadoop.hive.ql.Driver>
15/09/06 13:13:52 INFO log.PerfLogger: </PERFLOG method=Driver.execute start=1441563232260 end=1441563232263 duration=3 from=org.apache.hadoop.hive.ql.Driver>
OK
15/09/06 13:13:52 INFO ql.Driver: OK
15/09/06 13:13:52 INFO log.PerfLogger: <PERFLOG method=releaseLocks from=org.apache.hadoop.hive.ql.Driver>
15/09/06 13:13:52 INFO log.PerfLogger: </PERFLOG method=releaseLocks start=1441563232263 end=1441563232263 duration=0 from=org.apache.hadoop.hive.ql.Driver>
15/09/06 13:13:52 INFO log.PerfLogger: </PERFLOG method=Driver.run start=1441563232259 end=1441563232263 duration=4 from=org.apache.hadoop.hive.ql.Driver>
15/09/06 13:13:52 INFO metastore.HiveMetaStore: 0: Shutting down the object store...
15/09/06 13:13:52 INFO HiveMetaStore.audit: ugi=hpatel	ip=unknown-ip-addr	cmd=Shutting down the object store...	
15/09/06 13:13:52 INFO metastore.HiveMetaStore: 0: Metastore shutdown complete.
15/09/06 13:13:52 INFO HiveMetaStore.audit: ugi=hpatel	ip=unknown-ip-addr	cmd=Metastore shutdown complete.	
15/09/06 13:13:52 INFO hiverunner.HiveServerContainer: Tore down HiveServer instance
15/09/06 13:13:52 INFO metastore.HiveMetaStore: 0: Opening raw store with implemenation class:org.apache.hadoop.hive.metastore.ObjectStore
15/09/06 13:13:52 INFO metastore.ObjectStore: ObjectStore, initialize called
15/09/06 13:13:52 INFO DataNucleus.Persistence: Property datanucleus.cache.level2 unknown - will be ignored
15/09/06 13:13:52 INFO DataNucleus.Persistence: Property hive.metastore.integral.jdo.pushdown unknown - will be ignored
15/09/06 13:13:52 INFO metastore.ObjectStore: Setting MetaStore object pin classes with hive.metastore.cache.pinobjtypes="Table,StorageDescriptor,SerDeInfo,Partition,Database,Type,FieldSchema,Order"
15/09/06 13:13:52 INFO metastore.MetaStoreDirectSql: MySQL check failed, assuming we are not on mysql: unknown token: 
15/09/06 13:13:52 INFO DataNucleus.Datastore: The class "org.apache.hadoop.hive.metastore.model.MFieldSchema" is tagged as "embedded-only" so does not have its own datastore table.
15/09/06 13:13:52 INFO DataNucleus.Datastore: The class "org.apache.hadoop.hive.metastore.model.MOrder" is tagged as "embedded-only" so does not have its own datastore table.
15/09/06 13:13:52 INFO DataNucleus.Datastore: The class "org.apache.hadoop.hive.metastore.model.MFieldSchema" is tagged as "embedded-only" so does not have its own datastore table.
15/09/06 13:13:52 INFO DataNucleus.Datastore: The class "org.apache.hadoop.hive.metastore.model.MOrder" is tagged as "embedded-only" so does not have its own datastore table.
15/09/06 13:13:52 INFO metastore.ObjectStore: Initialized ObjectStore
15/09/06 13:13:52 INFO metastore.HiveMetaStore: No user is added in admin role, since config is empty
15/09/06 13:13:52 INFO metastore.HiveMetaStore: 0: Shutting down the object store...
15/09/06 13:13:52 INFO HiveMetaStore.audit: ugi=hpatel	ip=unknown-ip-addr	cmd=Shutting down the object store...	
15/09/06 13:13:52 INFO metastore.HiveMetaStore: 0: Metastore shutdown complete.
15/09/06 13:13:52 INFO HiveMetaStore.audit: ugi=hpatel	ip=unknown-ip-addr	cmd=Metastore shutdown complete.	
15/09/06 13:13:52 INFO metastore.HiveMetaStore: No user is added in admin role, since config is empty
15/09/06 13:13:52 INFO session.SessionState: No Tez session required at this point. hive.execution.engine=mr.
15/09/06 13:13:52 INFO service.HiveServer: Putting temp output to file /var/folders/y7/4_pz5fzx54ngcmghz3v6t3m00000gn/T/junit5531707031763717248/localscratchdir/2e575a84-7ee8-48c4-8ea4-1a7b63535d6f6230010318001699602.pipeout
15/09/06 13:13:52 INFO service.HiveServer: Running the query: SHOW TABLES
15/09/06 13:13:52 INFO log.PerfLogger: <PERFLOG method=Driver.run from=org.apache.hadoop.hive.ql.Driver>
15/09/06 13:13:52 INFO log.PerfLogger: <PERFLOG method=TimeToSubmit from=org.apache.hadoop.hive.ql.Driver>
15/09/06 13:13:52 INFO ql.Driver: Concurrency mode is disabled, not creating a lock manager
15/09/06 13:13:52 INFO log.PerfLogger: <PERFLOG method=compile from=org.apache.hadoop.hive.ql.Driver>
15/09/06 13:13:52 INFO log.PerfLogger: <PERFLOG method=parse from=org.apache.hadoop.hive.ql.Driver>
15/09/06 13:13:52 INFO parse.ParseDriver: Parsing command: SHOW TABLES
15/09/06 13:13:52 INFO parse.ParseDriver: Parse Completed
15/09/06 13:13:52 INFO log.PerfLogger: </PERFLOG method=parse start=1441563232495 end=1441563232495 duration=0 from=org.apache.hadoop.hive.ql.Driver>
15/09/06 13:13:52 INFO log.PerfLogger: <PERFLOG method=semanticAnalyze from=org.apache.hadoop.hive.ql.Driver>
15/09/06 13:13:52 INFO ql.Driver: Semantic Analysis Completed
15/09/06 13:13:52 INFO log.PerfLogger: </PERFLOG method=semanticAnalyze start=1441563232495 end=1441563232501 duration=6 from=org.apache.hadoop.hive.ql.Driver>
15/09/06 13:13:52 INFO exec.ListSinkOperator: Initializing Self 152 OP
15/09/06 13:13:52 INFO exec.ListSinkOperator: Operator 152 OP initialized
15/09/06 13:13:52 INFO exec.ListSinkOperator: Initialization Done 152 OP
15/09/06 13:13:52 INFO ql.Driver: Returning Hive schema: Schema(fieldSchemas:[FieldSchema(name:tab_name, type:string, comment:from deserializer)], properties:null)
15/09/06 13:13:52 INFO log.PerfLogger: </PERFLOG method=compile start=1441563232495 end=1441563232502 duration=7 from=org.apache.hadoop.hive.ql.Driver>
15/09/06 13:13:52 INFO log.PerfLogger: <PERFLOG method=Driver.execute from=org.apache.hadoop.hive.ql.Driver>
15/09/06 13:13:52 INFO ql.Driver: Starting command: SHOW TABLES
15/09/06 13:13:52 INFO log.PerfLogger: </PERFLOG method=TimeToSubmit start=1441563232495 end=1441563232502 duration=7 from=org.apache.hadoop.hive.ql.Driver>
15/09/06 13:13:52 INFO log.PerfLogger: <PERFLOG method=runTasks from=org.apache.hadoop.hive.ql.Driver>
15/09/06 13:13:52 INFO log.PerfLogger: <PERFLOG method=task.DDL.Stage-0 from=org.apache.hadoop.hive.ql.Driver>
15/09/06 13:13:52 INFO metastore.HiveMetaStore: 0: get_database: default
15/09/06 13:13:52 INFO HiveMetaStore.audit: ugi=hpatel	ip=unknown-ip-addr	cmd=get_database: default	
15/09/06 13:13:52 INFO metastore.HiveMetaStore: 0: Opening raw store with implemenation class:org.apache.hadoop.hive.metastore.ObjectStore
15/09/06 13:13:52 INFO metastore.ObjectStore: ObjectStore, initialize called
15/09/06 13:13:52 INFO metastore.MetaStoreDirectSql: MySQL check failed, assuming we are not on mysql: unknown token: 
15/09/06 13:13:52 INFO DataNucleus.Query: Reading in results for query "org.datanucleus.store.rdbms.query.SQLQuery@0" since the connection used is closing
15/09/06 13:13:52 INFO metastore.ObjectStore: Initialized ObjectStore
15/09/06 13:13:52 INFO metastore.HiveMetaStore: 0: get_tables: db=default pat=.*
15/09/06 13:13:52 INFO HiveMetaStore.audit: ugi=hpatel	ip=unknown-ip-addr	cmd=get_tables: db=default pat=.*	
15/09/06 13:13:52 INFO log.PerfLogger: </PERFLOG method=runTasks start=1441563232502 end=1441563232512 duration=10 from=org.apache.hadoop.hive.ql.Driver>
15/09/06 13:13:52 INFO log.PerfLogger: </PERFLOG method=Driver.execute start=1441563232502 end=1441563232512 duration=10 from=org.apache.hadoop.hive.ql.Driver>
OK
15/09/06 13:13:52 INFO ql.Driver: OK
15/09/06 13:13:52 INFO log.PerfLogger: <PERFLOG method=releaseLocks from=org.apache.hadoop.hive.ql.Driver>
15/09/06 13:13:52 INFO log.PerfLogger: </PERFLOG method=releaseLocks start=1441563232512 end=1441563232512 duration=0 from=org.apache.hadoop.hive.ql.Driver>
15/09/06 13:13:52 INFO log.PerfLogger: </PERFLOG method=Driver.run start=1441563232495 end=1441563232512 duration=17 from=org.apache.hadoop.hive.ql.Driver>
15/09/06 13:13:52 INFO builder.HiveShellTearable: Executing script: CREATE TEMPORARY FUNCTION custom_utc_timestamp AS 'com.cloudera.sa.cat.udfs.CustomUTCTimestamp';
CREATE TEMPORARY FUNCTION format_mr_timestamp AS 'com.cloudera.sa.cat.udfs.FormatMRTimeStamp';

15/09/06 13:13:52 INFO service.HiveServer: Running the query: CREATE TEMPORARY FUNCTION custom_utc_timestamp AS 'com.cloudera.sa.cat.udfs.CustomUTCTimestamp'
15/09/06 13:13:52 INFO exec.ListSinkOperator: 152 finished. closing... 
15/09/06 13:13:52 INFO exec.ListSinkOperator: 152 Close done
15/09/06 13:13:52 INFO log.PerfLogger: <PERFLOG method=Driver.run from=org.apache.hadoop.hive.ql.Driver>
15/09/06 13:13:52 INFO log.PerfLogger: <PERFLOG method=TimeToSubmit from=org.apache.hadoop.hive.ql.Driver>
15/09/06 13:13:52 INFO ql.Driver: Concurrency mode is disabled, not creating a lock manager
15/09/06 13:13:52 INFO log.PerfLogger: <PERFLOG method=compile from=org.apache.hadoop.hive.ql.Driver>
15/09/06 13:13:52 INFO log.PerfLogger: <PERFLOG method=parse from=org.apache.hadoop.hive.ql.Driver>
15/09/06 13:13:52 INFO parse.ParseDriver: Parsing command: CREATE TEMPORARY FUNCTION custom_utc_timestamp AS 'com.cloudera.sa.cat.udfs.CustomUTCTimestamp'
15/09/06 13:13:52 INFO parse.ParseDriver: Parse Completed
15/09/06 13:13:52 INFO log.PerfLogger: </PERFLOG method=parse start=1441563232513 end=1441563232514 duration=1 from=org.apache.hadoop.hive.ql.Driver>
15/09/06 13:13:52 INFO log.PerfLogger: <PERFLOG method=semanticAnalyze from=org.apache.hadoop.hive.ql.Driver>
15/09/06 13:13:52 INFO metastore.HiveMetaStore: 0: get_database: default
15/09/06 13:13:52 INFO HiveMetaStore.audit: ugi=hpatel	ip=unknown-ip-addr	cmd=get_database: default	
15/09/06 13:13:52 INFO parse.FunctionSemanticAnalyzer: analyze done
15/09/06 13:13:52 INFO ql.Driver: Semantic Analysis Completed
15/09/06 13:13:52 INFO log.PerfLogger: </PERFLOG method=semanticAnalyze start=1441563232514 end=1441563232515 duration=1 from=org.apache.hadoop.hive.ql.Driver>
15/09/06 13:13:52 INFO ql.Driver: Returning Hive schema: Schema(fieldSchemas:null, properties:null)
15/09/06 13:13:52 INFO log.PerfLogger: </PERFLOG method=compile start=1441563232513 end=1441563232515 duration=2 from=org.apache.hadoop.hive.ql.Driver>
15/09/06 13:13:52 INFO log.PerfLogger: <PERFLOG method=Driver.execute from=org.apache.hadoop.hive.ql.Driver>
15/09/06 13:13:52 INFO ql.Driver: Starting command: CREATE TEMPORARY FUNCTION custom_utc_timestamp AS 'com.cloudera.sa.cat.udfs.CustomUTCTimestamp'
15/09/06 13:13:52 INFO log.PerfLogger: </PERFLOG method=TimeToSubmit start=1441563232513 end=1441563232516 duration=3 from=org.apache.hadoop.hive.ql.Driver>
15/09/06 13:13:52 INFO log.PerfLogger: <PERFLOG method=runTasks from=org.apache.hadoop.hive.ql.Driver>
15/09/06 13:13:52 INFO log.PerfLogger: <PERFLOG method=task.FUNCTION.Stage-0 from=org.apache.hadoop.hive.ql.Driver>
15/09/06 13:13:52 INFO log.PerfLogger: </PERFLOG method=runTasks start=1441563232516 end=1441563232516 duration=0 from=org.apache.hadoop.hive.ql.Driver>
15/09/06 13:13:52 INFO log.PerfLogger: </PERFLOG method=Driver.execute start=1441563232516 end=1441563232516 duration=0 from=org.apache.hadoop.hive.ql.Driver>
OK
15/09/06 13:13:52 INFO ql.Driver: OK
15/09/06 13:13:52 INFO log.PerfLogger: <PERFLOG method=releaseLocks from=org.apache.hadoop.hive.ql.Driver>
15/09/06 13:13:52 INFO log.PerfLogger: </PERFLOG method=releaseLocks start=1441563232516 end=1441563232516 duration=0 from=org.apache.hadoop.hive.ql.Driver>
15/09/06 13:13:52 INFO log.PerfLogger: </PERFLOG method=Driver.run start=1441563232513 end=1441563232516 duration=3 from=org.apache.hadoop.hive.ql.Driver>
15/09/06 13:13:52 INFO service.HiveServer: Running the query: 
CREATE TEMPORARY FUNCTION format_mr_timestamp AS 'com.cloudera.sa.cat.udfs.FormatMRTimeStamp'
15/09/06 13:13:52 INFO log.PerfLogger: <PERFLOG method=Driver.run from=org.apache.hadoop.hive.ql.Driver>
15/09/06 13:13:52 INFO log.PerfLogger: <PERFLOG method=TimeToSubmit from=org.apache.hadoop.hive.ql.Driver>
15/09/06 13:13:52 INFO ql.Driver: Concurrency mode is disabled, not creating a lock manager
15/09/06 13:13:52 INFO log.PerfLogger: <PERFLOG method=compile from=org.apache.hadoop.hive.ql.Driver>
15/09/06 13:13:52 INFO log.PerfLogger: <PERFLOG method=parse from=org.apache.hadoop.hive.ql.Driver>
15/09/06 13:13:52 INFO parse.ParseDriver: Parsing command: 
CREATE TEMPORARY FUNCTION format_mr_timestamp AS 'com.cloudera.sa.cat.udfs.FormatMRTimeStamp'
15/09/06 13:13:52 INFO parse.ParseDriver: Parse Completed
15/09/06 13:13:52 INFO log.PerfLogger: </PERFLOG method=parse start=1441563232516 end=1441563232517 duration=1 from=org.apache.hadoop.hive.ql.Driver>
15/09/06 13:13:52 INFO log.PerfLogger: <PERFLOG method=semanticAnalyze from=org.apache.hadoop.hive.ql.Driver>
15/09/06 13:13:52 INFO metastore.HiveMetaStore: 0: get_database: default
15/09/06 13:13:52 INFO HiveMetaStore.audit: ugi=hpatel	ip=unknown-ip-addr	cmd=get_database: default	
15/09/06 13:13:52 INFO parse.FunctionSemanticAnalyzer: analyze done
15/09/06 13:13:52 INFO ql.Driver: Semantic Analysis Completed
15/09/06 13:13:52 INFO log.PerfLogger: </PERFLOG method=semanticAnalyze start=1441563232517 end=1441563232518 duration=1 from=org.apache.hadoop.hive.ql.Driver>
15/09/06 13:13:52 INFO ql.Driver: Returning Hive schema: Schema(fieldSchemas:null, properties:null)
15/09/06 13:13:52 INFO log.PerfLogger: </PERFLOG method=compile start=1441563232516 end=1441563232518 duration=2 from=org.apache.hadoop.hive.ql.Driver>
15/09/06 13:13:52 INFO log.PerfLogger: <PERFLOG method=Driver.execute from=org.apache.hadoop.hive.ql.Driver>
15/09/06 13:13:52 INFO ql.Driver: Starting command: 
CREATE TEMPORARY FUNCTION format_mr_timestamp AS 'com.cloudera.sa.cat.udfs.FormatMRTimeStamp'
15/09/06 13:13:52 INFO log.PerfLogger: </PERFLOG method=TimeToSubmit start=1441563232516 end=1441563232518 duration=2 from=org.apache.hadoop.hive.ql.Driver>
15/09/06 13:13:52 INFO log.PerfLogger: <PERFLOG method=runTasks from=org.apache.hadoop.hive.ql.Driver>
15/09/06 13:13:52 INFO log.PerfLogger: <PERFLOG method=task.FUNCTION.Stage-0 from=org.apache.hadoop.hive.ql.Driver>
15/09/06 13:13:52 INFO log.PerfLogger: </PERFLOG method=runTasks start=1441563232518 end=1441563232518 duration=0 from=org.apache.hadoop.hive.ql.Driver>
15/09/06 13:13:52 INFO log.PerfLogger: </PERFLOG method=Driver.execute start=1441563232518 end=1441563232519 duration=1 from=org.apache.hadoop.hive.ql.Driver>
OK
15/09/06 13:13:52 INFO ql.Driver: OK
15/09/06 13:13:52 INFO log.PerfLogger: <PERFLOG method=releaseLocks from=org.apache.hadoop.hive.ql.Driver>
15/09/06 13:13:52 INFO log.PerfLogger: </PERFLOG method=releaseLocks start=1441563232519 end=1441563232519 duration=0 from=org.apache.hadoop.hive.ql.Driver>
15/09/06 13:13:52 INFO log.PerfLogger: </PERFLOG method=Driver.run start=1441563232516 end=1441563232519 duration=3 from=org.apache.hadoop.hive.ql.Driver>
15/09/06 13:13:52 INFO service.HiveServer: Running the query: 

15/09/06 13:13:52 INFO builder.HiveShellTearable: Executing script: SET mapreduce.job.queuename=ddsw;
SET hive.exec.drop.ignorenonexistent=true;
SET hive.exec.dynamic.partition=true;
SET hive.exec.dynamic.partition.mode=nonstrict;

CREATE DATABASE IF NOT EXISTS ddsw_dev;

USE ddsw_dev;

CREATE EXTERNAL TABLE IF NOT EXISTS dealer_hierarchy_temp_data
(
  file_name string,
  gen_id string,
  dms_system string,
  dms_version string,
  transmit_ts string,
  orig_transmit_ts string,
  transmit_by string,
  record_status string,
  dealer_updt_ind string,
  store_number string,
  part_type string,
  store_name string,
  inventory_store_number string,
  cat_emrg_dealer_code string,
  cat_stock_dealer_code string,
  stock_replen_store_number string,
  stock_replen_lead_time string,
  lst_updt_ts string,
  orig_lst_updt_ts string,
  lst_updt_by_id string,
  file_ins_ts string,
  orig_file_ins_ts string,
  exp_stock_plan_lead_time string
)
PARTITIONED BY (dealer_code string)
ROW FORMAT DELIMITED FIELDS TERMINATED BY '|'
STORED AS
  INPUTFORMAT 'org.apache.hadoop.mapred.TextInputFormat'
  OUTPUTFORMAT 'org.apache.hadoop.hive.ql.io.HiveIgnoreKeyTextOutputFormat'
LOCATION '${hiveconf:hadoop.tmp.dir.uri}/dealer_hierarchy/temp_data'
TBLPROPERTIES ('serialization.null.format'='')
;

15/09/06 13:13:52 INFO service.HiveServer: Running the query: SET mapreduce.job.queuename=ddsw
15/09/06 13:13:52 INFO service.HiveServer: Putting temp output to file /var/folders/y7/4_pz5fzx54ngcmghz3v6t3m00000gn/T/junit5531707031763717248/localscratchdir/2e575a84-7ee8-48c4-8ea4-1a7b63535d6f6230010318001699602.pipeout
15/09/06 13:13:52 INFO service.HiveServer: Running the query: 
SET hive.exec.drop.ignorenonexistent=true
15/09/06 13:13:52 INFO service.HiveServer: Putting temp output to file /var/folders/y7/4_pz5fzx54ngcmghz3v6t3m00000gn/T/junit5531707031763717248/localscratchdir/2e575a84-7ee8-48c4-8ea4-1a7b63535d6f6230010318001699602.pipeout
15/09/06 13:13:52 INFO service.HiveServer: Running the query: 
SET hive.exec.dynamic.partition=true
15/09/06 13:13:52 INFO service.HiveServer: Putting temp output to file /var/folders/y7/4_pz5fzx54ngcmghz3v6t3m00000gn/T/junit5531707031763717248/localscratchdir/2e575a84-7ee8-48c4-8ea4-1a7b63535d6f6230010318001699602.pipeout
15/09/06 13:13:52 INFO service.HiveServer: Running the query: 
SET hive.exec.dynamic.partition.mode=nonstrict
15/09/06 13:13:52 INFO service.HiveServer: Putting temp output to file /var/folders/y7/4_pz5fzx54ngcmghz3v6t3m00000gn/T/junit5531707031763717248/localscratchdir/2e575a84-7ee8-48c4-8ea4-1a7b63535d6f6230010318001699602.pipeout
15/09/06 13:13:52 INFO service.HiveServer: Running the query: 

CREATE DATABASE IF NOT EXISTS ddsw_dev
15/09/06 13:13:52 INFO log.PerfLogger: <PERFLOG method=Driver.run from=org.apache.hadoop.hive.ql.Driver>
15/09/06 13:13:52 INFO log.PerfLogger: <PERFLOG method=TimeToSubmit from=org.apache.hadoop.hive.ql.Driver>
15/09/06 13:13:52 INFO ql.Driver: Concurrency mode is disabled, not creating a lock manager
15/09/06 13:13:52 INFO log.PerfLogger: <PERFLOG method=compile from=org.apache.hadoop.hive.ql.Driver>
15/09/06 13:13:52 INFO log.PerfLogger: <PERFLOG method=parse from=org.apache.hadoop.hive.ql.Driver>
15/09/06 13:13:52 INFO parse.ParseDriver: Parsing command: 

CREATE DATABASE IF NOT EXISTS ddsw_dev
15/09/06 13:13:52 INFO parse.ParseDriver: Parse Completed
15/09/06 13:13:52 INFO log.PerfLogger: </PERFLOG method=parse start=1441563232595 end=1441563232595 duration=0 from=org.apache.hadoop.hive.ql.Driver>
15/09/06 13:13:52 INFO log.PerfLogger: <PERFLOG method=semanticAnalyze from=org.apache.hadoop.hive.ql.Driver>
15/09/06 13:13:52 INFO ql.Driver: Semantic Analysis Completed
15/09/06 13:13:52 INFO log.PerfLogger: </PERFLOG method=semanticAnalyze start=1441563232595 end=1441563232595 duration=0 from=org.apache.hadoop.hive.ql.Driver>
15/09/06 13:13:52 INFO ql.Driver: Returning Hive schema: Schema(fieldSchemas:null, properties:null)
15/09/06 13:13:52 INFO log.PerfLogger: </PERFLOG method=compile start=1441563232594 end=1441563232595 duration=1 from=org.apache.hadoop.hive.ql.Driver>
15/09/06 13:13:52 INFO log.PerfLogger: <PERFLOG method=Driver.execute from=org.apache.hadoop.hive.ql.Driver>
15/09/06 13:13:52 INFO ql.Driver: Starting command: 

CREATE DATABASE IF NOT EXISTS ddsw_dev
15/09/06 13:13:52 INFO log.PerfLogger: </PERFLOG method=TimeToSubmit start=1441563232594 end=1441563232596 duration=2 from=org.apache.hadoop.hive.ql.Driver>
15/09/06 13:13:52 INFO log.PerfLogger: <PERFLOG method=runTasks from=org.apache.hadoop.hive.ql.Driver>
15/09/06 13:13:52 INFO log.PerfLogger: <PERFLOG method=task.DDL.Stage-0 from=org.apache.hadoop.hive.ql.Driver>
15/09/06 13:13:52 INFO metastore.HiveMetaStore: 0: create_database: Database(name:ddsw_dev, description:null, locationUri:null, parameters:null, ownerName:hpatel, ownerType:USER)
15/09/06 13:13:52 INFO HiveMetaStore.audit: ugi=hpatel	ip=unknown-ip-addr	cmd=create_database: Database(name:ddsw_dev, description:null, locationUri:null, parameters:null, ownerName:hpatel, ownerType:USER)	
15/09/06 13:13:52 INFO metastore.HiveMetaStore: 0: get_database: ddsw_dev
15/09/06 13:13:52 INFO HiveMetaStore.audit: ugi=hpatel	ip=unknown-ip-addr	cmd=get_database: ddsw_dev	
15/09/06 13:13:52 INFO common.FileUtils: Creating directory if it doesn't exist: file:/var/folders/y7/4_pz5fzx54ngcmghz3v6t3m00000gn/T/junit5531707031763717248/warehouse/ddsw_dev.db
15/09/06 13:13:52 INFO log.PerfLogger: </PERFLOG method=runTasks start=1441563232596 end=1441563232628 duration=32 from=org.apache.hadoop.hive.ql.Driver>
15/09/06 13:13:52 INFO log.PerfLogger: </PERFLOG method=Driver.execute start=1441563232595 end=1441563232628 duration=33 from=org.apache.hadoop.hive.ql.Driver>
OK
15/09/06 13:13:52 INFO ql.Driver: OK
15/09/06 13:13:52 INFO log.PerfLogger: <PERFLOG method=releaseLocks from=org.apache.hadoop.hive.ql.Driver>
15/09/06 13:13:52 INFO log.PerfLogger: </PERFLOG method=releaseLocks start=1441563232628 end=1441563232628 duration=0 from=org.apache.hadoop.hive.ql.Driver>
15/09/06 13:13:52 INFO log.PerfLogger: </PERFLOG method=Driver.run start=1441563232594 end=1441563232628 duration=34 from=org.apache.hadoop.hive.ql.Driver>
15/09/06 13:13:52 INFO service.HiveServer: Running the query: 

USE ddsw_dev
15/09/06 13:13:52 INFO log.PerfLogger: <PERFLOG method=Driver.run from=org.apache.hadoop.hive.ql.Driver>
15/09/06 13:13:52 INFO log.PerfLogger: <PERFLOG method=TimeToSubmit from=org.apache.hadoop.hive.ql.Driver>
15/09/06 13:13:52 INFO ql.Driver: Concurrency mode is disabled, not creating a lock manager
15/09/06 13:13:52 INFO log.PerfLogger: <PERFLOG method=compile from=org.apache.hadoop.hive.ql.Driver>
15/09/06 13:13:52 INFO log.PerfLogger: <PERFLOG method=parse from=org.apache.hadoop.hive.ql.Driver>
15/09/06 13:13:52 INFO parse.ParseDriver: Parsing command: 

USE ddsw_dev
15/09/06 13:13:52 INFO parse.ParseDriver: Parse Completed
15/09/06 13:13:52 INFO log.PerfLogger: </PERFLOG method=parse start=1441563232628 end=1441563232628 duration=0 from=org.apache.hadoop.hive.ql.Driver>
15/09/06 13:13:52 INFO log.PerfLogger: <PERFLOG method=semanticAnalyze from=org.apache.hadoop.hive.ql.Driver>
15/09/06 13:13:52 INFO ql.Driver: Semantic Analysis Completed
15/09/06 13:13:52 INFO log.PerfLogger: </PERFLOG method=semanticAnalyze start=1441563232629 end=1441563232629 duration=0 from=org.apache.hadoop.hive.ql.Driver>
15/09/06 13:13:52 INFO ql.Driver: Returning Hive schema: Schema(fieldSchemas:null, properties:null)
15/09/06 13:13:52 INFO log.PerfLogger: </PERFLOG method=compile start=1441563232628 end=1441563232629 duration=1 from=org.apache.hadoop.hive.ql.Driver>
15/09/06 13:13:52 INFO log.PerfLogger: <PERFLOG method=Driver.execute from=org.apache.hadoop.hive.ql.Driver>
15/09/06 13:13:52 INFO ql.Driver: Starting command: 

USE ddsw_dev
15/09/06 13:13:52 INFO log.PerfLogger: </PERFLOG method=TimeToSubmit start=1441563232628 end=1441563232629 duration=1 from=org.apache.hadoop.hive.ql.Driver>
15/09/06 13:13:52 INFO log.PerfLogger: <PERFLOG method=runTasks from=org.apache.hadoop.hive.ql.Driver>
15/09/06 13:13:52 INFO log.PerfLogger: <PERFLOG method=task.DDL.Stage-0 from=org.apache.hadoop.hive.ql.Driver>
15/09/06 13:13:52 INFO metastore.HiveMetaStore: 0: get_database: ddsw_dev
15/09/06 13:13:52 INFO HiveMetaStore.audit: ugi=hpatel	ip=unknown-ip-addr	cmd=get_database: ddsw_dev	
15/09/06 13:13:52 INFO metastore.HiveMetaStore: 0: get_database: ddsw_dev
15/09/06 13:13:52 INFO HiveMetaStore.audit: ugi=hpatel	ip=unknown-ip-addr	cmd=get_database: ddsw_dev	
15/09/06 13:13:52 INFO log.PerfLogger: </PERFLOG method=runTasks start=1441563232629 end=1441563232632 duration=3 from=org.apache.hadoop.hive.ql.Driver>
15/09/06 13:13:52 INFO log.PerfLogger: </PERFLOG method=Driver.execute start=1441563232629 end=1441563232632 duration=3 from=org.apache.hadoop.hive.ql.Driver>
OK
15/09/06 13:13:52 INFO ql.Driver: OK
15/09/06 13:13:52 INFO log.PerfLogger: <PERFLOG method=releaseLocks from=org.apache.hadoop.hive.ql.Driver>
15/09/06 13:13:52 INFO log.PerfLogger: </PERFLOG method=releaseLocks start=1441563232632 end=1441563232632 duration=0 from=org.apache.hadoop.hive.ql.Driver>
15/09/06 13:13:52 INFO log.PerfLogger: </PERFLOG method=Driver.run start=1441563232628 end=1441563232632 duration=4 from=org.apache.hadoop.hive.ql.Driver>
15/09/06 13:13:52 INFO service.HiveServer: Running the query: 

CREATE EXTERNAL TABLE IF NOT EXISTS dealer_hierarchy_temp_data
(
  file_name string,
  gen_id string,
  dms_system string,
  dms_version string,
  transmit_ts string,
  orig_transmit_ts string,
  transmit_by string,
  record_status string,
  dealer_updt_ind string,
  store_number string,
  part_type string,
  store_name string,
  inventory_store_number string,
  cat_emrg_dealer_code string,
  cat_stock_dealer_code string,
  stock_replen_store_number string,
  stock_replen_lead_time string,
  lst_updt_ts string,
  orig_lst_updt_ts string,
  lst_updt_by_id string,
  file_ins_ts string,
  orig_file_ins_ts string,
  exp_stock_plan_lead_time string
)
PARTITIONED BY (dealer_code string)
ROW FORMAT DELIMITED FIELDS TERMINATED BY '|'
STORED AS
  INPUTFORMAT 'org.apache.hadoop.mapred.TextInputFormat'
  OUTPUTFORMAT 'org.apache.hadoop.hive.ql.io.HiveIgnoreKeyTextOutputFormat'
LOCATION '${hiveconf:hadoop.tmp.dir.uri}/dealer_hierarchy/temp_data'
TBLPROPERTIES ('serialization.null.format'='')

15/09/06 13:13:52 INFO log.PerfLogger: <PERFLOG method=Driver.run from=org.apache.hadoop.hive.ql.Driver>
15/09/06 13:13:52 INFO log.PerfLogger: <PERFLOG method=TimeToSubmit from=org.apache.hadoop.hive.ql.Driver>
15/09/06 13:13:52 INFO ql.Driver: Concurrency mode is disabled, not creating a lock manager
15/09/06 13:13:52 INFO log.PerfLogger: <PERFLOG method=compile from=org.apache.hadoop.hive.ql.Driver>
15/09/06 13:13:52 INFO log.PerfLogger: <PERFLOG method=parse from=org.apache.hadoop.hive.ql.Driver>
15/09/06 13:13:52 INFO parse.ParseDriver: Parsing command: 

CREATE EXTERNAL TABLE IF NOT EXISTS dealer_hierarchy_temp_data
(
  file_name string,
  gen_id string,
  dms_system string,
  dms_version string,
  transmit_ts string,
  orig_transmit_ts string,
  transmit_by string,
  record_status string,
  dealer_updt_ind string,
  store_number string,
  part_type string,
  store_name string,
  inventory_store_number string,
  cat_emrg_dealer_code string,
  cat_stock_dealer_code string,
  stock_replen_store_number string,
  stock_replen_lead_time string,
  lst_updt_ts string,
  orig_lst_updt_ts string,
  lst_updt_by_id string,
  file_ins_ts string,
  orig_file_ins_ts string,
  exp_stock_plan_lead_time string
)
PARTITIONED BY (dealer_code string)
ROW FORMAT DELIMITED FIELDS TERMINATED BY '|'
STORED AS
  INPUTFORMAT 'org.apache.hadoop.mapred.TextInputFormat'
  OUTPUTFORMAT 'org.apache.hadoop.hive.ql.io.HiveIgnoreKeyTextOutputFormat'
LOCATION 'file:///var/folders/y7/4_pz5fzx54ngcmghz3v6t3m00000gn/T/junit5531707031763717248/hadooptmp//dealer_hierarchy/temp_data'
TBLPROPERTIES ('serialization.null.format'='')

15/09/06 13:13:52 INFO parse.ParseDriver: Parse Completed
15/09/06 13:13:52 INFO log.PerfLogger: </PERFLOG method=parse start=1441563232633 end=1441563232636 duration=3 from=org.apache.hadoop.hive.ql.Driver>
15/09/06 13:13:52 INFO log.PerfLogger: <PERFLOG method=semanticAnalyze from=org.apache.hadoop.hive.ql.Driver>
15/09/06 13:13:52 INFO parse.SemanticAnalyzer: Starting Semantic Analysis
15/09/06 13:13:52 INFO parse.SemanticAnalyzer: Creating table dealer_hierarchy_temp_data position=36
15/09/06 13:13:52 INFO metastore.HiveMetaStore: 0: get_table : db=ddsw_dev tbl=dealer_hierarchy_temp_data
15/09/06 13:13:52 INFO HiveMetaStore.audit: ugi=hpatel	ip=unknown-ip-addr	cmd=get_table : db=ddsw_dev tbl=dealer_hierarchy_temp_data	
15/09/06 13:13:52 INFO metastore.HiveMetaStore: 0: get_database: ddsw_dev
15/09/06 13:13:52 INFO HiveMetaStore.audit: ugi=hpatel	ip=unknown-ip-addr	cmd=get_database: ddsw_dev	
15/09/06 13:13:52 INFO ql.Driver: Semantic Analysis Completed
15/09/06 13:13:52 INFO log.PerfLogger: </PERFLOG method=semanticAnalyze start=1441563232636 end=1441563232639 duration=3 from=org.apache.hadoop.hive.ql.Driver>
15/09/06 13:13:52 INFO ql.Driver: Returning Hive schema: Schema(fieldSchemas:null, properties:null)
15/09/06 13:13:52 INFO log.PerfLogger: </PERFLOG method=compile start=1441563232632 end=1441563232640 duration=8 from=org.apache.hadoop.hive.ql.Driver>
15/09/06 13:13:52 INFO log.PerfLogger: <PERFLOG method=Driver.execute from=org.apache.hadoop.hive.ql.Driver>
15/09/06 13:13:52 INFO ql.Driver: Starting command: 

CREATE EXTERNAL TABLE IF NOT EXISTS dealer_hierarchy_temp_data
(
  file_name string,
  gen_id string,
  dms_system string,
  dms_version string,
  transmit_ts string,
  orig_transmit_ts string,
  transmit_by string,
  record_status string,
  dealer_updt_ind string,
  store_number string,
  part_type string,
  store_name string,
  inventory_store_number string,
  cat_emrg_dealer_code string,
  cat_stock_dealer_code string,
  stock_replen_store_number string,
  stock_replen_lead_time string,
  lst_updt_ts string,
  orig_lst_updt_ts string,
  lst_updt_by_id string,
  file_ins_ts string,
  orig_file_ins_ts string,
  exp_stock_plan_lead_time string
)
PARTITIONED BY (dealer_code string)
ROW FORMAT DELIMITED FIELDS TERMINATED BY '|'
STORED AS
  INPUTFORMAT 'org.apache.hadoop.mapred.TextInputFormat'
  OUTPUTFORMAT 'org.apache.hadoop.hive.ql.io.HiveIgnoreKeyTextOutputFormat'
LOCATION 'file:///var/folders/y7/4_pz5fzx54ngcmghz3v6t3m00000gn/T/junit5531707031763717248/hadooptmp//dealer_hierarchy/temp_data'
TBLPROPERTIES ('serialization.null.format'='')

15/09/06 13:13:52 INFO log.PerfLogger: </PERFLOG method=TimeToSubmit start=1441563232632 end=1441563232640 duration=8 from=org.apache.hadoop.hive.ql.Driver>
15/09/06 13:13:52 INFO log.PerfLogger: <PERFLOG method=runTasks from=org.apache.hadoop.hive.ql.Driver>
15/09/06 13:13:52 INFO log.PerfLogger: <PERFLOG method=task.DDL.Stage-0 from=org.apache.hadoop.hive.ql.Driver>
15/09/06 13:13:52 INFO exec.DDLTask: Default to LazySimpleSerDe for table dealer_hierarchy_temp_data
15/09/06 13:13:52 INFO metastore.HiveMetaStore: 0: create_table: Table(tableName:dealer_hierarchy_temp_data, dbName:ddsw_dev, owner:hpatel, createTime:1441563232, lastAccessTime:0, retention:0, sd:StorageDescriptor(cols:[FieldSchema(name:file_name, type:string, comment:null), FieldSchema(name:gen_id, type:string, comment:null), FieldSchema(name:dms_system, type:string, comment:null), FieldSchema(name:dms_version, type:string, comment:null), FieldSchema(name:transmit_ts, type:string, comment:null), FieldSchema(name:orig_transmit_ts, type:string, comment:null), FieldSchema(name:transmit_by, type:string, comment:null), FieldSchema(name:record_status, type:string, comment:null), FieldSchema(name:dealer_updt_ind, type:string, comment:null), FieldSchema(name:store_number, type:string, comment:null), FieldSchema(name:part_type, type:string, comment:null), FieldSchema(name:store_name, type:string, comment:null), FieldSchema(name:inventory_store_number, type:string, comment:null), FieldSchema(name:cat_emrg_dealer_code, type:string, comment:null), FieldSchema(name:cat_stock_dealer_code, type:string, comment:null), FieldSchema(name:stock_replen_store_number, type:string, comment:null), FieldSchema(name:stock_replen_lead_time, type:string, comment:null), FieldSchema(name:lst_updt_ts, type:string, comment:null), FieldSchema(name:orig_lst_updt_ts, type:string, comment:null), FieldSchema(name:lst_updt_by_id, type:string, comment:null), FieldSchema(name:file_ins_ts, type:string, comment:null), FieldSchema(name:orig_file_ins_ts, type:string, comment:null), FieldSchema(name:exp_stock_plan_lead_time, type:string, comment:null)], location:file:/var/folders/y7/4_pz5fzx54ngcmghz3v6t3m00000gn/T/junit5531707031763717248/hadooptmp/dealer_hierarchy/temp_data, inputFormat:org.apache.hadoop.mapred.TextInputFormat, outputFormat:org.apache.hadoop.hive.ql.io.HiveIgnoreKeyTextOutputFormat, compressed:false, numBuckets:-1, serdeInfo:SerDeInfo(name:null, serializationLib:org.apache.hadoop.hive.serde2.lazy.LazySimpleSerDe, parameters:{serialization.format=|, field.delim=|}), bucketCols:[], sortCols:[], parameters:{}, skewedInfo:SkewedInfo(skewedColNames:[], skewedColValues:[], skewedColValueLocationMaps:{}), storedAsSubDirectories:false), partitionKeys:[FieldSchema(name:dealer_code, type:string, comment:null)], parameters:{EXTERNAL=TRUE, serialization.null.format=}, viewOriginalText:null, viewExpandedText:null, tableType:EXTERNAL_TABLE)
15/09/06 13:13:52 INFO HiveMetaStore.audit: ugi=hpatel	ip=unknown-ip-addr	cmd=create_table: Table(tableName:dealer_hierarchy_temp_data, dbName:ddsw_dev, owner:hpatel, createTime:1441563232, lastAccessTime:0, retention:0, sd:StorageDescriptor(cols:[FieldSchema(name:file_name, type:string, comment:null), FieldSchema(name:gen_id, type:string, comment:null), FieldSchema(name:dms_system, type:string, comment:null), FieldSchema(name:dms_version, type:string, comment:null), FieldSchema(name:transmit_ts, type:string, comment:null), FieldSchema(name:orig_transmit_ts, type:string, comment:null), FieldSchema(name:transmit_by, type:string, comment:null), FieldSchema(name:record_status, type:string, comment:null), FieldSchema(name:dealer_updt_ind, type:string, comment:null), FieldSchema(name:store_number, type:string, comment:null), FieldSchema(name:part_type, type:string, comment:null), FieldSchema(name:store_name, type:string, comment:null), FieldSchema(name:inventory_store_number, type:string, comment:null), FieldSchema(name:cat_emrg_dealer_code, type:string, comment:null), FieldSchema(name:cat_stock_dealer_code, type:string, comment:null), FieldSchema(name:stock_replen_store_number, type:string, comment:null), FieldSchema(name:stock_replen_lead_time, type:string, comment:null), FieldSchema(name:lst_updt_ts, type:string, comment:null), FieldSchema(name:orig_lst_updt_ts, type:string, comment:null), FieldSchema(name:lst_updt_by_id, type:string, comment:null), FieldSchema(name:file_ins_ts, type:string, comment:null), FieldSchema(name:orig_file_ins_ts, type:string, comment:null), FieldSchema(name:exp_stock_plan_lead_time, type:string, comment:null)], location:file:/var/folders/y7/4_pz5fzx54ngcmghz3v6t3m00000gn/T/junit5531707031763717248/hadooptmp/dealer_hierarchy/temp_data, inputFormat:org.apache.hadoop.mapred.TextInputFormat, outputFormat:org.apache.hadoop.hive.ql.io.HiveIgnoreKeyTextOutputFormat, compressed:false, numBuckets:-1, serdeInfo:SerDeInfo(name:null, serializationLib:org.apache.hadoop.hive.serde2.lazy.LazySimpleSerDe, parameters:{serialization.format=|, field.delim=|}), bucketCols:[], sortCols:[], parameters:{}, skewedInfo:SkewedInfo(skewedColNames:[], skewedColValues:[], skewedColValueLocationMaps:{}), storedAsSubDirectories:false), partitionKeys:[FieldSchema(name:dealer_code, type:string, comment:null)], parameters:{EXTERNAL=TRUE, serialization.null.format=}, viewOriginalText:null, viewExpandedText:null, tableType:EXTERNAL_TABLE)	
15/09/06 13:13:52 INFO common.FileUtils: Creating directory if it doesn't exist: file:/var/folders/y7/4_pz5fzx54ngcmghz3v6t3m00000gn/T/junit5531707031763717248/hadooptmp/dealer_hierarchy/temp_data
15/09/06 13:13:52 INFO log.PerfLogger: </PERFLOG method=runTasks start=1441563232640 end=1441563232680 duration=40 from=org.apache.hadoop.hive.ql.Driver>
15/09/06 13:13:52 INFO log.PerfLogger: </PERFLOG method=Driver.execute start=1441563232640 end=1441563232680 duration=40 from=org.apache.hadoop.hive.ql.Driver>
OK
15/09/06 13:13:52 INFO ql.Driver: OK
15/09/06 13:13:52 INFO log.PerfLogger: <PERFLOG method=releaseLocks from=org.apache.hadoop.hive.ql.Driver>
15/09/06 13:13:52 INFO log.PerfLogger: </PERFLOG method=releaseLocks start=1441563232680 end=1441563232680 duration=0 from=org.apache.hadoop.hive.ql.Driver>
15/09/06 13:13:52 INFO log.PerfLogger: </PERFLOG method=Driver.run start=1441563232632 end=1441563232681 duration=49 from=org.apache.hadoop.hive.ql.Driver>
15/09/06 13:13:52 INFO service.HiveServer: Running the query: 

15/09/06 13:13:52 INFO builder.HiveShellTearable: Executing script: SET mapreduce.job.queuename=ddsw;
SET hive.exec.drop.ignorenonexistent=true;
SET hive.exec.dynamic.partition=true;
SET hive.exec.dynamic.partition.mode=nonstrict;

USE ddsw_dev;

CREATE EXTERNAL TABLE DEALER_HIERARCHY_CORE
    PARTITIONED BY (dealer_code string)
    ROW FORMAT SERDE 'org.apache.hadoop.hive.serde2.avro.AvroSerDe'
    WITH SERDEPROPERTIES
    (
        'avro.schema.url'='./src/test/resources/dealer_hierarchy/schema/DEALER_HIERARCHY_CORE.avsc'
    )
    STORED AS
        INPUTFORMAT 'org.apache.hadoop.hive.ql.io.avro.AvroContainerInputFormat'
        OUTPUTFORMAT 'org.apache.hadoop.hive.ql.io.avro.AvroContainerOutputFormat'
    LOCATION '${hiveconf:hadoop.tmp.dir.uri}/dealer_hierarchy/core_data';

15/09/06 13:13:52 INFO service.HiveServer: Running the query: SET mapreduce.job.queuename=ddsw
15/09/06 13:13:52 INFO service.HiveServer: Putting temp output to file /var/folders/y7/4_pz5fzx54ngcmghz3v6t3m00000gn/T/junit5531707031763717248/localscratchdir/2e575a84-7ee8-48c4-8ea4-1a7b63535d6f6230010318001699602.pipeout
15/09/06 13:13:52 INFO service.HiveServer: Running the query: 
SET hive.exec.drop.ignorenonexistent=true
15/09/06 13:13:52 INFO service.HiveServer: Putting temp output to file /var/folders/y7/4_pz5fzx54ngcmghz3v6t3m00000gn/T/junit5531707031763717248/localscratchdir/2e575a84-7ee8-48c4-8ea4-1a7b63535d6f6230010318001699602.pipeout
15/09/06 13:13:52 INFO service.HiveServer: Running the query: 
SET hive.exec.dynamic.partition=true
15/09/06 13:13:52 INFO service.HiveServer: Putting temp output to file /var/folders/y7/4_pz5fzx54ngcmghz3v6t3m00000gn/T/junit5531707031763717248/localscratchdir/2e575a84-7ee8-48c4-8ea4-1a7b63535d6f6230010318001699602.pipeout
15/09/06 13:13:52 INFO service.HiveServer: Running the query: 
SET hive.exec.dynamic.partition.mode=nonstrict
15/09/06 13:13:52 INFO service.HiveServer: Putting temp output to file /var/folders/y7/4_pz5fzx54ngcmghz3v6t3m00000gn/T/junit5531707031763717248/localscratchdir/2e575a84-7ee8-48c4-8ea4-1a7b63535d6f6230010318001699602.pipeout
15/09/06 13:13:52 INFO service.HiveServer: Running the query: 

USE ddsw_dev
15/09/06 13:13:52 INFO log.PerfLogger: <PERFLOG method=Driver.run from=org.apache.hadoop.hive.ql.Driver>
15/09/06 13:13:52 INFO log.PerfLogger: <PERFLOG method=TimeToSubmit from=org.apache.hadoop.hive.ql.Driver>
15/09/06 13:13:52 INFO ql.Driver: Concurrency mode is disabled, not creating a lock manager
15/09/06 13:13:52 INFO log.PerfLogger: <PERFLOG method=compile from=org.apache.hadoop.hive.ql.Driver>
15/09/06 13:13:52 INFO log.PerfLogger: <PERFLOG method=parse from=org.apache.hadoop.hive.ql.Driver>
15/09/06 13:13:52 INFO parse.ParseDriver: Parsing command: 

USE ddsw_dev
15/09/06 13:13:52 INFO parse.ParseDriver: Parse Completed
15/09/06 13:13:52 INFO log.PerfLogger: </PERFLOG method=parse start=1441563232752 end=1441563232752 duration=0 from=org.apache.hadoop.hive.ql.Driver>
15/09/06 13:13:52 INFO log.PerfLogger: <PERFLOG method=semanticAnalyze from=org.apache.hadoop.hive.ql.Driver>
15/09/06 13:13:52 INFO ql.Driver: Semantic Analysis Completed
15/09/06 13:13:52 INFO log.PerfLogger: </PERFLOG method=semanticAnalyze start=1441563232752 end=1441563232752 duration=0 from=org.apache.hadoop.hive.ql.Driver>
15/09/06 13:13:52 INFO ql.Driver: Returning Hive schema: Schema(fieldSchemas:null, properties:null)
15/09/06 13:13:52 INFO log.PerfLogger: </PERFLOG method=compile start=1441563232752 end=1441563232753 duration=1 from=org.apache.hadoop.hive.ql.Driver>
15/09/06 13:13:52 INFO log.PerfLogger: <PERFLOG method=Driver.execute from=org.apache.hadoop.hive.ql.Driver>
15/09/06 13:13:52 INFO ql.Driver: Starting command: 

USE ddsw_dev
15/09/06 13:13:52 INFO log.PerfLogger: </PERFLOG method=TimeToSubmit start=1441563232752 end=1441563232753 duration=1 from=org.apache.hadoop.hive.ql.Driver>
15/09/06 13:13:52 INFO log.PerfLogger: <PERFLOG method=runTasks from=org.apache.hadoop.hive.ql.Driver>
15/09/06 13:13:52 INFO log.PerfLogger: <PERFLOG method=task.DDL.Stage-0 from=org.apache.hadoop.hive.ql.Driver>
15/09/06 13:13:52 INFO metastore.HiveMetaStore: 0: get_database: ddsw_dev
15/09/06 13:13:52 INFO HiveMetaStore.audit: ugi=hpatel	ip=unknown-ip-addr	cmd=get_database: ddsw_dev	
15/09/06 13:13:52 INFO metastore.HiveMetaStore: 0: get_database: ddsw_dev
15/09/06 13:13:52 INFO HiveMetaStore.audit: ugi=hpatel	ip=unknown-ip-addr	cmd=get_database: ddsw_dev	
15/09/06 13:13:52 INFO log.PerfLogger: </PERFLOG method=runTasks start=1441563232753 end=1441563232756 duration=3 from=org.apache.hadoop.hive.ql.Driver>
15/09/06 13:13:52 INFO log.PerfLogger: </PERFLOG method=Driver.execute start=1441563232753 end=1441563232756 duration=3 from=org.apache.hadoop.hive.ql.Driver>
OK
15/09/06 13:13:52 INFO ql.Driver: OK
15/09/06 13:13:52 INFO log.PerfLogger: <PERFLOG method=releaseLocks from=org.apache.hadoop.hive.ql.Driver>
15/09/06 13:13:52 INFO log.PerfLogger: </PERFLOG method=releaseLocks start=1441563232756 end=1441563232756 duration=0 from=org.apache.hadoop.hive.ql.Driver>
15/09/06 13:13:52 INFO log.PerfLogger: </PERFLOG method=Driver.run start=1441563232751 end=1441563232756 duration=5 from=org.apache.hadoop.hive.ql.Driver>
15/09/06 13:13:52 INFO service.HiveServer: Running the query: 

CREATE EXTERNAL TABLE DEALER_HIERARCHY_CORE
    PARTITIONED BY (dealer_code string)
    ROW FORMAT SERDE 'org.apache.hadoop.hive.serde2.avro.AvroSerDe'
    WITH SERDEPROPERTIES
    (
        'avro.schema.url'='./src/test/resources/dealer_hierarchy/schema/DEALER_HIERARCHY_CORE.avsc'
    )
    STORED AS
        INPUTFORMAT 'org.apache.hadoop.hive.ql.io.avro.AvroContainerInputFormat'
        OUTPUTFORMAT 'org.apache.hadoop.hive.ql.io.avro.AvroContainerOutputFormat'
    LOCATION '${hiveconf:hadoop.tmp.dir.uri}/dealer_hierarchy/core_data'
15/09/06 13:13:52 INFO log.PerfLogger: <PERFLOG method=Driver.run from=org.apache.hadoop.hive.ql.Driver>
15/09/06 13:13:52 INFO log.PerfLogger: <PERFLOG method=TimeToSubmit from=org.apache.hadoop.hive.ql.Driver>
15/09/06 13:13:52 INFO ql.Driver: Concurrency mode is disabled, not creating a lock manager
15/09/06 13:13:52 INFO log.PerfLogger: <PERFLOG method=compile from=org.apache.hadoop.hive.ql.Driver>
15/09/06 13:13:52 INFO log.PerfLogger: <PERFLOG method=parse from=org.apache.hadoop.hive.ql.Driver>
15/09/06 13:13:52 INFO parse.ParseDriver: Parsing command: 

CREATE EXTERNAL TABLE DEALER_HIERARCHY_CORE
    PARTITIONED BY (dealer_code string)
    ROW FORMAT SERDE 'org.apache.hadoop.hive.serde2.avro.AvroSerDe'
    WITH SERDEPROPERTIES
    (
        'avro.schema.url'='./src/test/resources/dealer_hierarchy/schema/DEALER_HIERARCHY_CORE.avsc'
    )
    STORED AS
        INPUTFORMAT 'org.apache.hadoop.hive.ql.io.avro.AvroContainerInputFormat'
        OUTPUTFORMAT 'org.apache.hadoop.hive.ql.io.avro.AvroContainerOutputFormat'
    LOCATION 'file:///var/folders/y7/4_pz5fzx54ngcmghz3v6t3m00000gn/T/junit5531707031763717248/hadooptmp//dealer_hierarchy/core_data'
15/09/06 13:13:52 INFO parse.ParseDriver: Parse Completed
15/09/06 13:13:52 INFO log.PerfLogger: </PERFLOG method=parse start=1441563232757 end=1441563232758 duration=1 from=org.apache.hadoop.hive.ql.Driver>
15/09/06 13:13:52 INFO log.PerfLogger: <PERFLOG method=semanticAnalyze from=org.apache.hadoop.hive.ql.Driver>
15/09/06 13:13:52 INFO parse.SemanticAnalyzer: Starting Semantic Analysis
15/09/06 13:13:52 INFO parse.SemanticAnalyzer: Creating table DEALER_HIERARCHY_CORE position=22
15/09/06 13:13:52 INFO metastore.HiveMetaStore: 0: get_database: ddsw_dev
15/09/06 13:13:52 INFO HiveMetaStore.audit: ugi=hpatel	ip=unknown-ip-addr	cmd=get_database: ddsw_dev	
15/09/06 13:13:52 INFO ql.Driver: Semantic Analysis Completed
15/09/06 13:13:52 INFO log.PerfLogger: </PERFLOG method=semanticAnalyze start=1441563232758 end=1441563232760 duration=2 from=org.apache.hadoop.hive.ql.Driver>
15/09/06 13:13:52 INFO ql.Driver: Returning Hive schema: Schema(fieldSchemas:null, properties:null)
15/09/06 13:13:52 INFO log.PerfLogger: </PERFLOG method=compile start=1441563232756 end=1441563232760 duration=4 from=org.apache.hadoop.hive.ql.Driver>
15/09/06 13:13:52 INFO log.PerfLogger: <PERFLOG method=Driver.execute from=org.apache.hadoop.hive.ql.Driver>
15/09/06 13:13:52 INFO ql.Driver: Starting command: 

CREATE EXTERNAL TABLE DEALER_HIERARCHY_CORE
    PARTITIONED BY (dealer_code string)
    ROW FORMAT SERDE 'org.apache.hadoop.hive.serde2.avro.AvroSerDe'
    WITH SERDEPROPERTIES
    (
        'avro.schema.url'='./src/test/resources/dealer_hierarchy/schema/DEALER_HIERARCHY_CORE.avsc'
    )
    STORED AS
        INPUTFORMAT 'org.apache.hadoop.hive.ql.io.avro.AvroContainerInputFormat'
        OUTPUTFORMAT 'org.apache.hadoop.hive.ql.io.avro.AvroContainerOutputFormat'
    LOCATION 'file:///var/folders/y7/4_pz5fzx54ngcmghz3v6t3m00000gn/T/junit5531707031763717248/hadooptmp//dealer_hierarchy/core_data'
15/09/06 13:13:52 INFO log.PerfLogger: </PERFLOG method=TimeToSubmit start=1441563232756 end=1441563232760 duration=4 from=org.apache.hadoop.hive.ql.Driver>
15/09/06 13:13:52 INFO log.PerfLogger: <PERFLOG method=runTasks from=org.apache.hadoop.hive.ql.Driver>
15/09/06 13:13:52 INFO log.PerfLogger: <PERFLOG method=task.DDL.Stage-0 from=org.apache.hadoop.hive.ql.Driver>
15/09/06 13:13:52 INFO avro.AvroSerDe: Avro schema is {"type":"record","name":"DEALER_HIERARCHY_CORE","doc":"Sqoop import of DEALER_HIERARCHY","fields":[{"name":"File_Name","type":["string","null"],"columnName":"File_Name"},{"name":"GEN_ID","type":["string","null"],"columnName":"GEN_ID"},{"name":"DMS_SYSTEM","type":["string","null"],"columnName":"DMS_SYSTEM"},{"name":"DMS_VERSION","type":["string","null"],"columnName":"DMS_VERSION"},{"name":"TRANSMIT_TS","type":["string","null"],"columnName":"TRANSMIT_TS"},{"name":"ORIG_TRANSMIT_TS","type":["string","null"],"columnName":"TRANSMIT_TS"},{"name":"TRANSMIT_BY","type":["string","null"],"columnName":"TRANSMIT_BY"},{"name":"RECORD_STATUS","type":["string","null"],"columnName":"RECORD_STATUS"},{"name":"DEALER_UPDT_IND","type":["string","null"],"columnName":"DEALER_UPDT_IND","sqlType":"1"},{"name":"STORE_NUMBER","type":["string","null"],"columnName":"STORE_NUMBER"},{"name":"PART_TYPE","type":["string","null"],"columnName":"PART_TYPE"},{"name":"STORE_NAME","type":["string","null"],"columnName":"STORE_NAME"},{"name":"INVENTORY_STORE_NUMBER","type":["string","null"],"columnName":"INVENTORY_STORE_NUMBER"},{"name":"CAT_EMRG_DEALER_CODE","type":["string","null"],"columnName":"CAT_EMRG_DEALER_CODE"},{"name":"CAT_STOCK_DEALER_CODE","type":["string","null"],"columnName":"CAT_STOCK_DEALER_CODE"},{"name":"STOCK_REPLEN_STORE_NUMBER","type":["string","null"],"columnName":"STOCK_REPLEN_STORE_NUMBER"},{"name":"STOCK_REPLEN_LEAD_TIME","type":["string","null"],"columnName":"STOCK_REPLEN_LEAD_TIME"},{"name":"LST_UPDT_TS","type":["string","null"],"columnName":"LST_UPDT_TS"},{"name":"ORIG_LST_UPDT_TS","type":["string","null"],"columnName":"ORIG_LST_UPDT_TS"},{"name":"LST_UPDT_BY_ID","type":["string","null"],"columnName":"LST_UPDT_BY_ID"},{"name":"FILE_INS_TS","type":["string","null"],"columnName":"FILE_INS_TS"},{"name":"ORIG_FILE_INS_TS","type":["string","null"],"columnName":"ORIG_FILE_INS_TS"},{"name":"EXP_STOCK_PLAN_LEAD_TIME","type":["string","null"],"columnName":"EXP_STOCK_PLAN_LEAD_TIME"}],"tableName":"DEALER_HIERARCHY_CORE"}
15/09/06 13:13:52 INFO avro.AvroSerDe: Avro schema is {"type":"record","name":"DEALER_HIERARCHY_CORE","doc":"Sqoop import of DEALER_HIERARCHY","fields":[{"name":"File_Name","type":["string","null"],"columnName":"File_Name"},{"name":"GEN_ID","type":["string","null"],"columnName":"GEN_ID"},{"name":"DMS_SYSTEM","type":["string","null"],"columnName":"DMS_SYSTEM"},{"name":"DMS_VERSION","type":["string","null"],"columnName":"DMS_VERSION"},{"name":"TRANSMIT_TS","type":["string","null"],"columnName":"TRANSMIT_TS"},{"name":"ORIG_TRANSMIT_TS","type":["string","null"],"columnName":"TRANSMIT_TS"},{"name":"TRANSMIT_BY","type":["string","null"],"columnName":"TRANSMIT_BY"},{"name":"RECORD_STATUS","type":["string","null"],"columnName":"RECORD_STATUS"},{"name":"DEALER_UPDT_IND","type":["string","null"],"columnName":"DEALER_UPDT_IND","sqlType":"1"},{"name":"STORE_NUMBER","type":["string","null"],"columnName":"STORE_NUMBER"},{"name":"PART_TYPE","type":["string","null"],"columnName":"PART_TYPE"},{"name":"STORE_NAME","type":["string","null"],"columnName":"STORE_NAME"},{"name":"INVENTORY_STORE_NUMBER","type":["string","null"],"columnName":"INVENTORY_STORE_NUMBER"},{"name":"CAT_EMRG_DEALER_CODE","type":["string","null"],"columnName":"CAT_EMRG_DEALER_CODE"},{"name":"CAT_STOCK_DEALER_CODE","type":["string","null"],"columnName":"CAT_STOCK_DEALER_CODE"},{"name":"STOCK_REPLEN_STORE_NUMBER","type":["string","null"],"columnName":"STOCK_REPLEN_STORE_NUMBER"},{"name":"STOCK_REPLEN_LEAD_TIME","type":["string","null"],"columnName":"STOCK_REPLEN_LEAD_TIME"},{"name":"LST_UPDT_TS","type":["string","null"],"columnName":"LST_UPDT_TS"},{"name":"ORIG_LST_UPDT_TS","type":["string","null"],"columnName":"ORIG_LST_UPDT_TS"},{"name":"LST_UPDT_BY_ID","type":["string","null"],"columnName":"LST_UPDT_BY_ID"},{"name":"FILE_INS_TS","type":["string","null"],"columnName":"FILE_INS_TS"},{"name":"ORIG_FILE_INS_TS","type":["string","null"],"columnName":"ORIG_FILE_INS_TS"},{"name":"EXP_STOCK_PLAN_LEAD_TIME","type":["string","null"],"columnName":"EXP_STOCK_PLAN_LEAD_TIME"}],"tableName":"DEALER_HIERARCHY_CORE"}
15/09/06 13:13:52 INFO metastore.HiveMetaStore: 0: create_table: Table(tableName:DEALER_HIERARCHY_CORE, dbName:ddsw_dev, owner:hpatel, createTime:1441563232, lastAccessTime:0, retention:0, sd:StorageDescriptor(cols:[FieldSchema(name:file_name, type:string, comment:from deserializer), FieldSchema(name:gen_id, type:string, comment:from deserializer), FieldSchema(name:dms_system, type:string, comment:from deserializer), FieldSchema(name:dms_version, type:string, comment:from deserializer), FieldSchema(name:transmit_ts, type:string, comment:from deserializer), FieldSchema(name:orig_transmit_ts, type:string, comment:from deserializer), FieldSchema(name:transmit_by, type:string, comment:from deserializer), FieldSchema(name:record_status, type:string, comment:from deserializer), FieldSchema(name:dealer_updt_ind, type:string, comment:from deserializer), FieldSchema(name:store_number, type:string, comment:from deserializer), FieldSchema(name:part_type, type:string, comment:from deserializer), FieldSchema(name:store_name, type:string, comment:from deserializer), FieldSchema(name:inventory_store_number, type:string, comment:from deserializer), FieldSchema(name:cat_emrg_dealer_code, type:string, comment:from deserializer), FieldSchema(name:cat_stock_dealer_code, type:string, comment:from deserializer), FieldSchema(name:stock_replen_store_number, type:string, comment:from deserializer), FieldSchema(name:stock_replen_lead_time, type:string, comment:from deserializer), FieldSchema(name:lst_updt_ts, type:string, comment:from deserializer), FieldSchema(name:orig_lst_updt_ts, type:string, comment:from deserializer), FieldSchema(name:lst_updt_by_id, type:string, comment:from deserializer), FieldSchema(name:file_ins_ts, type:string, comment:from deserializer), FieldSchema(name:orig_file_ins_ts, type:string, comment:from deserializer), FieldSchema(name:exp_stock_plan_lead_time, type:string, comment:from deserializer)], location:file:/var/folders/y7/4_pz5fzx54ngcmghz3v6t3m00000gn/T/junit5531707031763717248/hadooptmp/dealer_hierarchy/core_data, inputFormat:org.apache.hadoop.hive.ql.io.avro.AvroContainerInputFormat, outputFormat:org.apache.hadoop.hive.ql.io.avro.AvroContainerOutputFormat, compressed:false, numBuckets:-1, serdeInfo:SerDeInfo(name:null, serializationLib:org.apache.hadoop.hive.serde2.avro.AvroSerDe, parameters:{avro.schema.url=./src/test/resources/dealer_hierarchy/schema/DEALER_HIERARCHY_CORE.avsc, serialization.format=1}), bucketCols:[], sortCols:[], parameters:{}, skewedInfo:SkewedInfo(skewedColNames:[], skewedColValues:[], skewedColValueLocationMaps:{}), storedAsSubDirectories:false), partitionKeys:[FieldSchema(name:dealer_code, type:string, comment:null)], parameters:{EXTERNAL=TRUE}, viewOriginalText:null, viewExpandedText:null, tableType:EXTERNAL_TABLE)
15/09/06 13:13:52 INFO HiveMetaStore.audit: ugi=hpatel	ip=unknown-ip-addr	cmd=create_table: Table(tableName:DEALER_HIERARCHY_CORE, dbName:ddsw_dev, owner:hpatel, createTime:1441563232, lastAccessTime:0, retention:0, sd:StorageDescriptor(cols:[FieldSchema(name:file_name, type:string, comment:from deserializer), FieldSchema(name:gen_id, type:string, comment:from deserializer), FieldSchema(name:dms_system, type:string, comment:from deserializer), FieldSchema(name:dms_version, type:string, comment:from deserializer), FieldSchema(name:transmit_ts, type:string, comment:from deserializer), FieldSchema(name:orig_transmit_ts, type:string, comment:from deserializer), FieldSchema(name:transmit_by, type:string, comment:from deserializer), FieldSchema(name:record_status, type:string, comment:from deserializer), FieldSchema(name:dealer_updt_ind, type:string, comment:from deserializer), FieldSchema(name:store_number, type:string, comment:from deserializer), FieldSchema(name:part_type, type:string, comment:from deserializer), FieldSchema(name:store_name, type:string, comment:from deserializer), FieldSchema(name:inventory_store_number, type:string, comment:from deserializer), FieldSchema(name:cat_emrg_dealer_code, type:string, comment:from deserializer), FieldSchema(name:cat_stock_dealer_code, type:string, comment:from deserializer), FieldSchema(name:stock_replen_store_number, type:string, comment:from deserializer), FieldSchema(name:stock_replen_lead_time, type:string, comment:from deserializer), FieldSchema(name:lst_updt_ts, type:string, comment:from deserializer), FieldSchema(name:orig_lst_updt_ts, type:string, comment:from deserializer), FieldSchema(name:lst_updt_by_id, type:string, comment:from deserializer), FieldSchema(name:file_ins_ts, type:string, comment:from deserializer), FieldSchema(name:orig_file_ins_ts, type:string, comment:from deserializer), FieldSchema(name:exp_stock_plan_lead_time, type:string, comment:from deserializer)], location:file:/var/folders/y7/4_pz5fzx54ngcmghz3v6t3m00000gn/T/junit5531707031763717248/hadooptmp/dealer_hierarchy/core_data, inputFormat:org.apache.hadoop.hive.ql.io.avro.AvroContainerInputFormat, outputFormat:org.apache.hadoop.hive.ql.io.avro.AvroContainerOutputFormat, compressed:false, numBuckets:-1, serdeInfo:SerDeInfo(name:null, serializationLib:org.apache.hadoop.hive.serde2.avro.AvroSerDe, parameters:{avro.schema.url=./src/test/resources/dealer_hierarchy/schema/DEALER_HIERARCHY_CORE.avsc, serialization.format=1}), bucketCols:[], sortCols:[], parameters:{}, skewedInfo:SkewedInfo(skewedColNames:[], skewedColValues:[], skewedColValueLocationMaps:{}), storedAsSubDirectories:false), partitionKeys:[FieldSchema(name:dealer_code, type:string, comment:null)], parameters:{EXTERNAL=TRUE}, viewOriginalText:null, viewExpandedText:null, tableType:EXTERNAL_TABLE)	
15/09/06 13:13:52 INFO common.FileUtils: Creating directory if it doesn't exist: file:/var/folders/y7/4_pz5fzx54ngcmghz3v6t3m00000gn/T/junit5531707031763717248/hadooptmp/dealer_hierarchy/core_data
15/09/06 13:13:52 INFO log.PerfLogger: </PERFLOG method=runTasks start=1441563232760 end=1441563232800 duration=40 from=org.apache.hadoop.hive.ql.Driver>
15/09/06 13:13:52 INFO log.PerfLogger: </PERFLOG method=Driver.execute start=1441563232760 end=1441563232800 duration=40 from=org.apache.hadoop.hive.ql.Driver>
OK
15/09/06 13:13:52 INFO ql.Driver: OK
15/09/06 13:13:52 INFO log.PerfLogger: <PERFLOG method=releaseLocks from=org.apache.hadoop.hive.ql.Driver>
15/09/06 13:13:52 INFO log.PerfLogger: </PERFLOG method=releaseLocks start=1441563232800 end=1441563232800 duration=0 from=org.apache.hadoop.hive.ql.Driver>
15/09/06 13:13:52 INFO log.PerfLogger: </PERFLOG method=Driver.run start=1441563232756 end=1441563232800 duration=44 from=org.apache.hadoop.hive.ql.Driver>
15/09/06 13:13:52 INFO service.HiveServer: Running the query: 

15/09/06 13:13:52 INFO builder.HiveShellTearable: Created hive resource /var/folders/y7/4_pz5fzx54ngcmghz3v6t3m00000gn/T/junit5531707031763717248/hadooptmp/dealer_hierarchy/temp_data/dealer_code=AAAA/temp_data_from_string.csv
15/09/06 13:13:52 INFO builder.HiveShellTearable: Created hive resource /var/folders/y7/4_pz5fzx54ngcmghz3v6t3m00000gn/T/junit5531707031763717248/hadooptmp/dealer_hierarchy/temp_data/dealer_code=ZZZZ/temp_data_from_file.csv
15/09/06 13:13:52 INFO service.HiveServer: Running the query: MSCK REPAIR TABLE dealer_hierarchy_core
15/09/06 13:13:52 INFO log.PerfLogger: <PERFLOG method=Driver.run from=org.apache.hadoop.hive.ql.Driver>
15/09/06 13:13:52 INFO log.PerfLogger: <PERFLOG method=TimeToSubmit from=org.apache.hadoop.hive.ql.Driver>
15/09/06 13:13:52 INFO ql.Driver: Concurrency mode is disabled, not creating a lock manager
15/09/06 13:13:52 INFO log.PerfLogger: <PERFLOG method=compile from=org.apache.hadoop.hive.ql.Driver>
15/09/06 13:13:52 INFO log.PerfLogger: <PERFLOG method=parse from=org.apache.hadoop.hive.ql.Driver>
15/09/06 13:13:52 INFO parse.ParseDriver: Parsing command: MSCK REPAIR TABLE dealer_hierarchy_core
15/09/06 13:13:52 INFO parse.ParseDriver: Parse Completed
15/09/06 13:13:52 INFO log.PerfLogger: </PERFLOG method=parse start=1441563232802 end=1441563232802 duration=0 from=org.apache.hadoop.hive.ql.Driver>
15/09/06 13:13:52 INFO log.PerfLogger: <PERFLOG method=semanticAnalyze from=org.apache.hadoop.hive.ql.Driver>
15/09/06 13:13:52 INFO ql.Driver: Semantic Analysis Completed
15/09/06 13:13:52 INFO log.PerfLogger: </PERFLOG method=semanticAnalyze start=1441563232802 end=1441563232806 duration=4 from=org.apache.hadoop.hive.ql.Driver>
15/09/06 13:13:52 INFO ql.Driver: Returning Hive schema: Schema(fieldSchemas:null, properties:null)
15/09/06 13:13:52 INFO log.PerfLogger: </PERFLOG method=compile start=1441563232802 end=1441563232807 duration=5 from=org.apache.hadoop.hive.ql.Driver>
15/09/06 13:13:52 INFO log.PerfLogger: <PERFLOG method=Driver.execute from=org.apache.hadoop.hive.ql.Driver>
15/09/06 13:13:52 INFO ql.Driver: Starting command: MSCK REPAIR TABLE dealer_hierarchy_core
15/09/06 13:13:52 INFO log.PerfLogger: </PERFLOG method=TimeToSubmit start=1441563232801 end=1441563232807 duration=6 from=org.apache.hadoop.hive.ql.Driver>
15/09/06 13:13:52 INFO log.PerfLogger: <PERFLOG method=runTasks from=org.apache.hadoop.hive.ql.Driver>
15/09/06 13:13:52 INFO log.PerfLogger: <PERFLOG method=task.DDL.Stage-0 from=org.apache.hadoop.hive.ql.Driver>
15/09/06 13:13:52 INFO metastore.HiveMetaStore: 0: get_table : db=ddsw_dev tbl=dealer_hierarchy_core
15/09/06 13:13:52 INFO HiveMetaStore.audit: ugi=hpatel	ip=unknown-ip-addr	cmd=get_table : db=ddsw_dev tbl=dealer_hierarchy_core	
15/09/06 13:13:52 INFO avro.AvroSerDe: Avro schema is {"type":"record","name":"DEALER_HIERARCHY_CORE","doc":"Sqoop import of DEALER_HIERARCHY","fields":[{"name":"File_Name","type":["string","null"],"columnName":"File_Name"},{"name":"GEN_ID","type":["string","null"],"columnName":"GEN_ID"},{"name":"DMS_SYSTEM","type":["string","null"],"columnName":"DMS_SYSTEM"},{"name":"DMS_VERSION","type":["string","null"],"columnName":"DMS_VERSION"},{"name":"TRANSMIT_TS","type":["string","null"],"columnName":"TRANSMIT_TS"},{"name":"ORIG_TRANSMIT_TS","type":["string","null"],"columnName":"TRANSMIT_TS"},{"name":"TRANSMIT_BY","type":["string","null"],"columnName":"TRANSMIT_BY"},{"name":"RECORD_STATUS","type":["string","null"],"columnName":"RECORD_STATUS"},{"name":"DEALER_UPDT_IND","type":["string","null"],"columnName":"DEALER_UPDT_IND","sqlType":"1"},{"name":"STORE_NUMBER","type":["string","null"],"columnName":"STORE_NUMBER"},{"name":"PART_TYPE","type":["string","null"],"columnName":"PART_TYPE"},{"name":"STORE_NAME","type":["string","null"],"columnName":"STORE_NAME"},{"name":"INVENTORY_STORE_NUMBER","type":["string","null"],"columnName":"INVENTORY_STORE_NUMBER"},{"name":"CAT_EMRG_DEALER_CODE","type":["string","null"],"columnName":"CAT_EMRG_DEALER_CODE"},{"name":"CAT_STOCK_DEALER_CODE","type":["string","null"],"columnName":"CAT_STOCK_DEALER_CODE"},{"name":"STOCK_REPLEN_STORE_NUMBER","type":["string","null"],"columnName":"STOCK_REPLEN_STORE_NUMBER"},{"name":"STOCK_REPLEN_LEAD_TIME","type":["string","null"],"columnName":"STOCK_REPLEN_LEAD_TIME"},{"name":"LST_UPDT_TS","type":["string","null"],"columnName":"LST_UPDT_TS"},{"name":"ORIG_LST_UPDT_TS","type":["string","null"],"columnName":"ORIG_LST_UPDT_TS"},{"name":"LST_UPDT_BY_ID","type":["string","null"],"columnName":"LST_UPDT_BY_ID"},{"name":"FILE_INS_TS","type":["string","null"],"columnName":"FILE_INS_TS"},{"name":"ORIG_FILE_INS_TS","type":["string","null"],"columnName":"ORIG_FILE_INS_TS"},{"name":"EXP_STOCK_PLAN_LEAD_TIME","type":["string","null"],"columnName":"EXP_STOCK_PLAN_LEAD_TIME"}],"tableName":"DEALER_HIERARCHY_CORE"}
15/09/06 13:13:52 INFO avro.AvroSerDe: Avro schema is {"type":"record","name":"DEALER_HIERARCHY_CORE","doc":"Sqoop import of DEALER_HIERARCHY","fields":[{"name":"File_Name","type":["string","null"],"columnName":"File_Name"},{"name":"GEN_ID","type":["string","null"],"columnName":"GEN_ID"},{"name":"DMS_SYSTEM","type":["string","null"],"columnName":"DMS_SYSTEM"},{"name":"DMS_VERSION","type":["string","null"],"columnName":"DMS_VERSION"},{"name":"TRANSMIT_TS","type":["string","null"],"columnName":"TRANSMIT_TS"},{"name":"ORIG_TRANSMIT_TS","type":["string","null"],"columnName":"TRANSMIT_TS"},{"name":"TRANSMIT_BY","type":["string","null"],"columnName":"TRANSMIT_BY"},{"name":"RECORD_STATUS","type":["string","null"],"columnName":"RECORD_STATUS"},{"name":"DEALER_UPDT_IND","type":["string","null"],"columnName":"DEALER_UPDT_IND","sqlType":"1"},{"name":"STORE_NUMBER","type":["string","null"],"columnName":"STORE_NUMBER"},{"name":"PART_TYPE","type":["string","null"],"columnName":"PART_TYPE"},{"name":"STORE_NAME","type":["string","null"],"columnName":"STORE_NAME"},{"name":"INVENTORY_STORE_NUMBER","type":["string","null"],"columnName":"INVENTORY_STORE_NUMBER"},{"name":"CAT_EMRG_DEALER_CODE","type":["string","null"],"columnName":"CAT_EMRG_DEALER_CODE"},{"name":"CAT_STOCK_DEALER_CODE","type":["string","null"],"columnName":"CAT_STOCK_DEALER_CODE"},{"name":"STOCK_REPLEN_STORE_NUMBER","type":["string","null"],"columnName":"STOCK_REPLEN_STORE_NUMBER"},{"name":"STOCK_REPLEN_LEAD_TIME","type":["string","null"],"columnName":"STOCK_REPLEN_LEAD_TIME"},{"name":"LST_UPDT_TS","type":["string","null"],"columnName":"LST_UPDT_TS"},{"name":"ORIG_LST_UPDT_TS","type":["string","null"],"columnName":"ORIG_LST_UPDT_TS"},{"name":"LST_UPDT_BY_ID","type":["string","null"],"columnName":"LST_UPDT_BY_ID"},{"name":"FILE_INS_TS","type":["string","null"],"columnName":"FILE_INS_TS"},{"name":"ORIG_FILE_INS_TS","type":["string","null"],"columnName":"ORIG_FILE_INS_TS"},{"name":"EXP_STOCK_PLAN_LEAD_TIME","type":["string","null"],"columnName":"EXP_STOCK_PLAN_LEAD_TIME"}],"tableName":"DEALER_HIERARCHY_CORE"}
15/09/06 13:13:52 INFO metastore.HiveMetaStore: 0: get_partitions_with_auth : db=ddsw_dev tbl=dealer_hierarchy_core
15/09/06 13:13:52 INFO HiveMetaStore.audit: ugi=hpatel	ip=unknown-ip-addr	cmd=get_partitions_with_auth : db=ddsw_dev tbl=dealer_hierarchy_core	
15/09/06 13:13:52 INFO log.PerfLogger: </PERFLOG method=runTasks start=1441563232807 end=1441563232838 duration=31 from=org.apache.hadoop.hive.ql.Driver>
15/09/06 13:13:52 INFO log.PerfLogger: </PERFLOG method=Driver.execute start=1441563232807 end=1441563232839 duration=32 from=org.apache.hadoop.hive.ql.Driver>
OK
15/09/06 13:13:52 INFO ql.Driver: OK
15/09/06 13:13:52 INFO log.PerfLogger: <PERFLOG method=releaseLocks from=org.apache.hadoop.hive.ql.Driver>
15/09/06 13:13:52 INFO log.PerfLogger: </PERFLOG method=releaseLocks start=1441563232839 end=1441563232839 duration=0 from=org.apache.hadoop.hive.ql.Driver>
15/09/06 13:13:52 INFO log.PerfLogger: </PERFLOG method=Driver.run start=1441563232801 end=1441563232839 duration=38 from=org.apache.hadoop.hive.ql.Driver>
15/09/06 13:13:52 INFO service.HiveServer: Running the query: MSCK REPAIR TABLE dealer_hierarchy_temp_data
15/09/06 13:13:52 INFO log.PerfLogger: <PERFLOG method=Driver.run from=org.apache.hadoop.hive.ql.Driver>
15/09/06 13:13:52 INFO log.PerfLogger: <PERFLOG method=TimeToSubmit from=org.apache.hadoop.hive.ql.Driver>
15/09/06 13:13:52 INFO ql.Driver: Concurrency mode is disabled, not creating a lock manager
15/09/06 13:13:52 INFO log.PerfLogger: <PERFLOG method=compile from=org.apache.hadoop.hive.ql.Driver>
15/09/06 13:13:52 INFO log.PerfLogger: <PERFLOG method=parse from=org.apache.hadoop.hive.ql.Driver>
15/09/06 13:13:52 INFO parse.ParseDriver: Parsing command: MSCK REPAIR TABLE dealer_hierarchy_temp_data
15/09/06 13:13:52 INFO parse.ParseDriver: Parse Completed
15/09/06 13:13:52 INFO log.PerfLogger: </PERFLOG method=parse start=1441563232840 end=1441563232840 duration=0 from=org.apache.hadoop.hive.ql.Driver>
15/09/06 13:13:52 INFO log.PerfLogger: <PERFLOG method=semanticAnalyze from=org.apache.hadoop.hive.ql.Driver>
15/09/06 13:13:52 INFO ql.Driver: Semantic Analysis Completed
15/09/06 13:13:52 INFO log.PerfLogger: </PERFLOG method=semanticAnalyze start=1441563232840 end=1441563232845 duration=5 from=org.apache.hadoop.hive.ql.Driver>
15/09/06 13:13:52 INFO ql.Driver: Returning Hive schema: Schema(fieldSchemas:null, properties:null)
15/09/06 13:13:52 INFO log.PerfLogger: </PERFLOG method=compile start=1441563232840 end=1441563232845 duration=5 from=org.apache.hadoop.hive.ql.Driver>
15/09/06 13:13:52 INFO log.PerfLogger: <PERFLOG method=Driver.execute from=org.apache.hadoop.hive.ql.Driver>
15/09/06 13:13:52 INFO ql.Driver: Starting command: MSCK REPAIR TABLE dealer_hierarchy_temp_data
15/09/06 13:13:52 INFO log.PerfLogger: </PERFLOG method=TimeToSubmit start=1441563232840 end=1441563232845 duration=5 from=org.apache.hadoop.hive.ql.Driver>
15/09/06 13:13:52 INFO log.PerfLogger: <PERFLOG method=runTasks from=org.apache.hadoop.hive.ql.Driver>
15/09/06 13:13:52 INFO log.PerfLogger: <PERFLOG method=task.DDL.Stage-0 from=org.apache.hadoop.hive.ql.Driver>
15/09/06 13:13:52 INFO metastore.HiveMetaStore: 0: get_table : db=ddsw_dev tbl=dealer_hierarchy_temp_data
15/09/06 13:13:52 INFO HiveMetaStore.audit: ugi=hpatel	ip=unknown-ip-addr	cmd=get_table : db=ddsw_dev tbl=dealer_hierarchy_temp_data	
15/09/06 13:13:52 INFO metastore.HiveMetaStore: 0: get_partitions_with_auth : db=ddsw_dev tbl=dealer_hierarchy_temp_data
15/09/06 13:13:52 INFO HiveMetaStore.audit: ugi=hpatel	ip=unknown-ip-addr	cmd=get_partitions_with_auth : db=ddsw_dev tbl=dealer_hierarchy_temp_data	
15/09/06 13:13:52 INFO metastore.HiveMetaStore: 0: get_table : db=ddsw_dev tbl=dealer_hierarchy_temp_data
15/09/06 13:13:52 INFO HiveMetaStore.audit: ugi=hpatel	ip=unknown-ip-addr	cmd=get_table : db=ddsw_dev tbl=dealer_hierarchy_temp_data	
15/09/06 13:13:52 INFO metastore.HiveMetaStore: 0: get_table : db=ddsw_dev tbl=dealer_hierarchy_temp_data
15/09/06 13:13:52 INFO HiveMetaStore.audit: ugi=hpatel	ip=unknown-ip-addr	cmd=get_table : db=ddsw_dev tbl=dealer_hierarchy_temp_data	
15/09/06 13:13:52 INFO metastore.HiveMetaStore: 0: add_partitions
15/09/06 13:13:52 INFO HiveMetaStore.audit: ugi=hpatel	ip=unknown-ip-addr	cmd=add_partitions	
15/09/06 13:13:52 INFO log.PerfLogger: </PERFLOG method=runTasks start=1441563232845 end=1441563232896 duration=51 from=org.apache.hadoop.hive.ql.Driver>
15/09/06 13:13:52 INFO log.PerfLogger: </PERFLOG method=Driver.execute start=1441563232845 end=1441563232896 duration=51 from=org.apache.hadoop.hive.ql.Driver>
OK
15/09/06 13:13:52 INFO ql.Driver: OK
15/09/06 13:13:52 INFO log.PerfLogger: <PERFLOG method=releaseLocks from=org.apache.hadoop.hive.ql.Driver>
15/09/06 13:13:52 INFO log.PerfLogger: </PERFLOG method=releaseLocks start=1441563232896 end=1441563232896 duration=0 from=org.apache.hadoop.hive.ql.Driver>
15/09/06 13:13:52 INFO log.PerfLogger: </PERFLOG method=Driver.run start=1441563232840 end=1441563232896 duration=56 from=org.apache.hadoop.hive.ql.Driver>
15/09/06 13:13:52 INFO service.HiveServer: Running the query: 
INSERT INTO TABLE DEALER_HIERARCHY_CORE
  PARTITION (DEALER_CODE)
  SELECT
    dh.FILE_NAME,
    dh.GEN_ID,
    dh.DMS_SYSTEM,
    dh.DMS_VERSION,
    custom_utc_timestamp(format_mr_timestamp(dh.TRANSMIT_TS)) AS TRANSMIT_TS,
    format_mr_timestamp(dh.ORIG_TRANSMIT_TS) AS ORIG_TRANSMIT_TS,
    dh.TRANSMIT_BY,
    dh.RECORD_STATUS,
    dh.DEALER_UPDT_IND,
    trim(dh.STORE_NUMBER) as STORE_NUMBER,
    trim(dh.PART_TYPE) as PART_TYPE,
    dh.STORE_NAME,
    dh.INVENTORY_STORE_NUMBER,
    trim(dh.CAT_EMRG_DEALER_CODE) as CAT_EMRG_DEALER_CODE,
    trim(dh.CAT_STOCK_DEALER_CODE) as CAT_STOCK_DEALER_CODE,
    trim(dh.STOCK_REPLEN_STORE_NUMBER) as STOCK_REPLEN_STORE_NUMBER,
    dh.STOCK_REPLEN_LEAD_TIME,
    dh.LST_UPDT_TS,
    dh.ORIG_LST_UPDT_TS,
    dh.LST_UPDT_BY_ID,
    dh.file_ins_ts,
    dh.ORIG_file_ins_TS,
    dh.EXP_STOCK_PLAN_LEAD_TIME,
    trim(dh.DEALER_CODE) as DEALER_CODE
  FROM
    dealer_hierarchy_temp_data dh

15/09/06 13:13:52 INFO log.PerfLogger: <PERFLOG method=Driver.run from=org.apache.hadoop.hive.ql.Driver>
15/09/06 13:13:52 INFO log.PerfLogger: <PERFLOG method=TimeToSubmit from=org.apache.hadoop.hive.ql.Driver>
15/09/06 13:13:52 INFO ql.Driver: Concurrency mode is disabled, not creating a lock manager
15/09/06 13:13:52 INFO log.PerfLogger: <PERFLOG method=compile from=org.apache.hadoop.hive.ql.Driver>
15/09/06 13:13:52 INFO log.PerfLogger: <PERFLOG method=parse from=org.apache.hadoop.hive.ql.Driver>
15/09/06 13:13:52 INFO parse.ParseDriver: Parsing command: 
INSERT INTO TABLE DEALER_HIERARCHY_CORE
  PARTITION (DEALER_CODE)
  SELECT
    dh.FILE_NAME,
    dh.GEN_ID,
    dh.DMS_SYSTEM,
    dh.DMS_VERSION,
    custom_utc_timestamp(format_mr_timestamp(dh.TRANSMIT_TS)) AS TRANSMIT_TS,
    format_mr_timestamp(dh.ORIG_TRANSMIT_TS) AS ORIG_TRANSMIT_TS,
    dh.TRANSMIT_BY,
    dh.RECORD_STATUS,
    dh.DEALER_UPDT_IND,
    trim(dh.STORE_NUMBER) as STORE_NUMBER,
    trim(dh.PART_TYPE) as PART_TYPE,
    dh.STORE_NAME,
    dh.INVENTORY_STORE_NUMBER,
    trim(dh.CAT_EMRG_DEALER_CODE) as CAT_EMRG_DEALER_CODE,
    trim(dh.CAT_STOCK_DEALER_CODE) as CAT_STOCK_DEALER_CODE,
    trim(dh.STOCK_REPLEN_STORE_NUMBER) as STOCK_REPLEN_STORE_NUMBER,
    dh.STOCK_REPLEN_LEAD_TIME,
    dh.LST_UPDT_TS,
    dh.ORIG_LST_UPDT_TS,
    dh.LST_UPDT_BY_ID,
    dh.file_ins_ts,
    dh.ORIG_file_ins_TS,
    dh.EXP_STOCK_PLAN_LEAD_TIME,
    trim(dh.DEALER_CODE) as DEALER_CODE
  FROM
    dealer_hierarchy_temp_data dh

15/09/06 13:13:52 INFO parse.ParseDriver: Parse Completed
15/09/06 13:13:52 INFO log.PerfLogger: </PERFLOG method=parse start=1441563232898 end=1441563232903 duration=5 from=org.apache.hadoop.hive.ql.Driver>
15/09/06 13:13:52 INFO log.PerfLogger: <PERFLOG method=semanticAnalyze from=org.apache.hadoop.hive.ql.Driver>
15/09/06 13:13:52 INFO parse.SemanticAnalyzer: Starting Semantic Analysis
15/09/06 13:13:52 INFO parse.SemanticAnalyzer: Completed phase 1 of Semantic Analysis
15/09/06 13:13:52 INFO parse.SemanticAnalyzer: Get metadata for source tables
15/09/06 13:13:52 INFO metastore.HiveMetaStore: 0: get_table : db=ddsw_dev tbl=dealer_hierarchy_temp_data
15/09/06 13:13:52 INFO HiveMetaStore.audit: ugi=hpatel	ip=unknown-ip-addr	cmd=get_table : db=ddsw_dev tbl=dealer_hierarchy_temp_data	
15/09/06 13:13:52 INFO parse.SemanticAnalyzer: Get metadata for subqueries
15/09/06 13:13:52 INFO parse.SemanticAnalyzer: Get metadata for destination tables
15/09/06 13:13:52 INFO metastore.HiveMetaStore: 0: get_table : db=ddsw_dev tbl=DEALER_HIERARCHY_CORE
15/09/06 13:13:52 INFO HiveMetaStore.audit: ugi=hpatel	ip=unknown-ip-addr	cmd=get_table : db=ddsw_dev tbl=DEALER_HIERARCHY_CORE	
15/09/06 13:13:52 INFO avro.AvroSerDe: Avro schema is {"type":"record","name":"DEALER_HIERARCHY_CORE","doc":"Sqoop import of DEALER_HIERARCHY","fields":[{"name":"File_Name","type":["string","null"],"columnName":"File_Name"},{"name":"GEN_ID","type":["string","null"],"columnName":"GEN_ID"},{"name":"DMS_SYSTEM","type":["string","null"],"columnName":"DMS_SYSTEM"},{"name":"DMS_VERSION","type":["string","null"],"columnName":"DMS_VERSION"},{"name":"TRANSMIT_TS","type":["string","null"],"columnName":"TRANSMIT_TS"},{"name":"ORIG_TRANSMIT_TS","type":["string","null"],"columnName":"TRANSMIT_TS"},{"name":"TRANSMIT_BY","type":["string","null"],"columnName":"TRANSMIT_BY"},{"name":"RECORD_STATUS","type":["string","null"],"columnName":"RECORD_STATUS"},{"name":"DEALER_UPDT_IND","type":["string","null"],"columnName":"DEALER_UPDT_IND","sqlType":"1"},{"name":"STORE_NUMBER","type":["string","null"],"columnName":"STORE_NUMBER"},{"name":"PART_TYPE","type":["string","null"],"columnName":"PART_TYPE"},{"name":"STORE_NAME","type":["string","null"],"columnName":"STORE_NAME"},{"name":"INVENTORY_STORE_NUMBER","type":["string","null"],"columnName":"INVENTORY_STORE_NUMBER"},{"name":"CAT_EMRG_DEALER_CODE","type":["string","null"],"columnName":"CAT_EMRG_DEALER_CODE"},{"name":"CAT_STOCK_DEALER_CODE","type":["string","null"],"columnName":"CAT_STOCK_DEALER_CODE"},{"name":"STOCK_REPLEN_STORE_NUMBER","type":["string","null"],"columnName":"STOCK_REPLEN_STORE_NUMBER"},{"name":"STOCK_REPLEN_LEAD_TIME","type":["string","null"],"columnName":"STOCK_REPLEN_LEAD_TIME"},{"name":"LST_UPDT_TS","type":["string","null"],"columnName":"LST_UPDT_TS"},{"name":"ORIG_LST_UPDT_TS","type":["string","null"],"columnName":"ORIG_LST_UPDT_TS"},{"name":"LST_UPDT_BY_ID","type":["string","null"],"columnName":"LST_UPDT_BY_ID"},{"name":"FILE_INS_TS","type":["string","null"],"columnName":"FILE_INS_TS"},{"name":"ORIG_FILE_INS_TS","type":["string","null"],"columnName":"ORIG_FILE_INS_TS"},{"name":"EXP_STOCK_PLAN_LEAD_TIME","type":["string","null"],"columnName":"EXP_STOCK_PLAN_LEAD_TIME"}],"tableName":"DEALER_HIERARCHY_CORE"}
15/09/06 13:13:52 INFO avro.AvroSerDe: Avro schema is {"type":"record","name":"DEALER_HIERARCHY_CORE","doc":"Sqoop import of DEALER_HIERARCHY","fields":[{"name":"File_Name","type":["string","null"],"columnName":"File_Name"},{"name":"GEN_ID","type":["string","null"],"columnName":"GEN_ID"},{"name":"DMS_SYSTEM","type":["string","null"],"columnName":"DMS_SYSTEM"},{"name":"DMS_VERSION","type":["string","null"],"columnName":"DMS_VERSION"},{"name":"TRANSMIT_TS","type":["string","null"],"columnName":"TRANSMIT_TS"},{"name":"ORIG_TRANSMIT_TS","type":["string","null"],"columnName":"TRANSMIT_TS"},{"name":"TRANSMIT_BY","type":["string","null"],"columnName":"TRANSMIT_BY"},{"name":"RECORD_STATUS","type":["string","null"],"columnName":"RECORD_STATUS"},{"name":"DEALER_UPDT_IND","type":["string","null"],"columnName":"DEALER_UPDT_IND","sqlType":"1"},{"name":"STORE_NUMBER","type":["string","null"],"columnName":"STORE_NUMBER"},{"name":"PART_TYPE","type":["string","null"],"columnName":"PART_TYPE"},{"name":"STORE_NAME","type":["string","null"],"columnName":"STORE_NAME"},{"name":"INVENTORY_STORE_NUMBER","type":["string","null"],"columnName":"INVENTORY_STORE_NUMBER"},{"name":"CAT_EMRG_DEALER_CODE","type":["string","null"],"columnName":"CAT_EMRG_DEALER_CODE"},{"name":"CAT_STOCK_DEALER_CODE","type":["string","null"],"columnName":"CAT_STOCK_DEALER_CODE"},{"name":"STOCK_REPLEN_STORE_NUMBER","type":["string","null"],"columnName":"STOCK_REPLEN_STORE_NUMBER"},{"name":"STOCK_REPLEN_LEAD_TIME","type":["string","null"],"columnName":"STOCK_REPLEN_LEAD_TIME"},{"name":"LST_UPDT_TS","type":["string","null"],"columnName":"LST_UPDT_TS"},{"name":"ORIG_LST_UPDT_TS","type":["string","null"],"columnName":"ORIG_LST_UPDT_TS"},{"name":"LST_UPDT_BY_ID","type":["string","null"],"columnName":"LST_UPDT_BY_ID"},{"name":"FILE_INS_TS","type":["string","null"],"columnName":"FILE_INS_TS"},{"name":"ORIG_FILE_INS_TS","type":["string","null"],"columnName":"ORIG_FILE_INS_TS"},{"name":"EXP_STOCK_PLAN_LEAD_TIME","type":["string","null"],"columnName":"EXP_STOCK_PLAN_LEAD_TIME"}],"tableName":"DEALER_HIERARCHY_CORE"}
15/09/06 13:13:52 WARN parse.BaseSemanticAnalyzer: Dynamic partitioning is used; only validating 0 columns
15/09/06 13:13:52 INFO parse.SemanticAnalyzer: Completed getting MetaData in Semantic Analysis
15/09/06 13:13:52 INFO common.FileUtils: Creating directory if it doesn't exist: file:/var/folders/y7/4_pz5fzx54ngcmghz3v6t3m00000gn/T/junit5531707031763717248/hadooptmp/dealer_hierarchy/core_data/.hive-staging_hive_2015-09-06_13-13-52_898_7412113165392456531-1
15/09/06 13:13:52 INFO avro.AvroSerDe: Avro schema is {"type":"record","name":"DEALER_HIERARCHY_CORE","doc":"Sqoop import of DEALER_HIERARCHY","fields":[{"name":"File_Name","type":["string","null"],"columnName":"File_Name"},{"name":"GEN_ID","type":["string","null"],"columnName":"GEN_ID"},{"name":"DMS_SYSTEM","type":["string","null"],"columnName":"DMS_SYSTEM"},{"name":"DMS_VERSION","type":["string","null"],"columnName":"DMS_VERSION"},{"name":"TRANSMIT_TS","type":["string","null"],"columnName":"TRANSMIT_TS"},{"name":"ORIG_TRANSMIT_TS","type":["string","null"],"columnName":"TRANSMIT_TS"},{"name":"TRANSMIT_BY","type":["string","null"],"columnName":"TRANSMIT_BY"},{"name":"RECORD_STATUS","type":["string","null"],"columnName":"RECORD_STATUS"},{"name":"DEALER_UPDT_IND","type":["string","null"],"columnName":"DEALER_UPDT_IND","sqlType":"1"},{"name":"STORE_NUMBER","type":["string","null"],"columnName":"STORE_NUMBER"},{"name":"PART_TYPE","type":["string","null"],"columnName":"PART_TYPE"},{"name":"STORE_NAME","type":["string","null"],"columnName":"STORE_NAME"},{"name":"INVENTORY_STORE_NUMBER","type":["string","null"],"columnName":"INVENTORY_STORE_NUMBER"},{"name":"CAT_EMRG_DEALER_CODE","type":["string","null"],"columnName":"CAT_EMRG_DEALER_CODE"},{"name":"CAT_STOCK_DEALER_CODE","type":["string","null"],"columnName":"CAT_STOCK_DEALER_CODE"},{"name":"STOCK_REPLEN_STORE_NUMBER","type":["string","null"],"columnName":"STOCK_REPLEN_STORE_NUMBER"},{"name":"STOCK_REPLEN_LEAD_TIME","type":["string","null"],"columnName":"STOCK_REPLEN_LEAD_TIME"},{"name":"LST_UPDT_TS","type":["string","null"],"columnName":"LST_UPDT_TS"},{"name":"ORIG_LST_UPDT_TS","type":["string","null"],"columnName":"ORIG_LST_UPDT_TS"},{"name":"LST_UPDT_BY_ID","type":["string","null"],"columnName":"LST_UPDT_BY_ID"},{"name":"FILE_INS_TS","type":["string","null"],"columnName":"FILE_INS_TS"},{"name":"ORIG_FILE_INS_TS","type":["string","null"],"columnName":"ORIG_FILE_INS_TS"},{"name":"EXP_STOCK_PLAN_LEAD_TIME","type":["string","null"],"columnName":"EXP_STOCK_PLAN_LEAD_TIME"}],"tableName":"DEALER_HIERARCHY_CORE"}
15/09/06 13:13:52 INFO avro.AvroSerDe: Avro schema is {"type":"record","name":"DEALER_HIERARCHY_CORE","doc":"Sqoop import of DEALER_HIERARCHY","fields":[{"name":"File_Name","type":["string","null"],"columnName":"File_Name"},{"name":"GEN_ID","type":["string","null"],"columnName":"GEN_ID"},{"name":"DMS_SYSTEM","type":["string","null"],"columnName":"DMS_SYSTEM"},{"name":"DMS_VERSION","type":["string","null"],"columnName":"DMS_VERSION"},{"name":"TRANSMIT_TS","type":["string","null"],"columnName":"TRANSMIT_TS"},{"name":"ORIG_TRANSMIT_TS","type":["string","null"],"columnName":"TRANSMIT_TS"},{"name":"TRANSMIT_BY","type":["string","null"],"columnName":"TRANSMIT_BY"},{"name":"RECORD_STATUS","type":["string","null"],"columnName":"RECORD_STATUS"},{"name":"DEALER_UPDT_IND","type":["string","null"],"columnName":"DEALER_UPDT_IND","sqlType":"1"},{"name":"STORE_NUMBER","type":["string","null"],"columnName":"STORE_NUMBER"},{"name":"PART_TYPE","type":["string","null"],"columnName":"PART_TYPE"},{"name":"STORE_NAME","type":["string","null"],"columnName":"STORE_NAME"},{"name":"INVENTORY_STORE_NUMBER","type":["string","null"],"columnName":"INVENTORY_STORE_NUMBER"},{"name":"CAT_EMRG_DEALER_CODE","type":["string","null"],"columnName":"CAT_EMRG_DEALER_CODE"},{"name":"CAT_STOCK_DEALER_CODE","type":["string","null"],"columnName":"CAT_STOCK_DEALER_CODE"},{"name":"STOCK_REPLEN_STORE_NUMBER","type":["string","null"],"columnName":"STOCK_REPLEN_STORE_NUMBER"},{"name":"STOCK_REPLEN_LEAD_TIME","type":["string","null"],"columnName":"STOCK_REPLEN_LEAD_TIME"},{"name":"LST_UPDT_TS","type":["string","null"],"columnName":"LST_UPDT_TS"},{"name":"ORIG_LST_UPDT_TS","type":["string","null"],"columnName":"ORIG_LST_UPDT_TS"},{"name":"LST_UPDT_BY_ID","type":["string","null"],"columnName":"LST_UPDT_BY_ID"},{"name":"FILE_INS_TS","type":["string","null"],"columnName":"FILE_INS_TS"},{"name":"ORIG_FILE_INS_TS","type":["string","null"],"columnName":"ORIG_FILE_INS_TS"},{"name":"EXP_STOCK_PLAN_LEAD_TIME","type":["string","null"],"columnName":"EXP_STOCK_PLAN_LEAD_TIME"}],"tableName":"DEALER_HIERARCHY_CORE"}
15/09/06 13:13:52 INFO avro.AvroSerDe: Configuration null, not inserting schema
15/09/06 13:13:52 INFO parse.SemanticAnalyzer: Set stats collection dir : file:/var/folders/y7/4_pz5fzx54ngcmghz3v6t3m00000gn/T/junit5531707031763717248/hadooptmp/dealer_hierarchy/core_data/.hive-staging_hive_2015-09-06_13-13-52_898_7412113165392456531-1/-ext-10001
15/09/06 13:13:52 INFO ppd.OpProcFactory: Processing for FS(155)
15/09/06 13:13:52 INFO ppd.OpProcFactory: Processing for SEL(154)
15/09/06 13:13:52 INFO ppd.OpProcFactory: Processing for TS(153)
15/09/06 13:13:52 INFO optimizer.SortedDynPartitionOptimizer: Sorted dynamic partitioning optimization kicked in..
15/09/06 13:13:52 INFO optimizer.SortedDynPartitionOptimizer: Inserted RS_156 and EX_157 as parent of FS_155 and child of SEL_154
15/09/06 13:13:52 INFO log.PerfLogger: <PERFLOG method=partition-retrieving from=org.apache.hadoop.hive.ql.optimizer.ppr.PartitionPruner>
15/09/06 13:13:52 INFO metastore.HiveMetaStore: 0: get_partitions : db=ddsw_dev tbl=dealer_hierarchy_temp_data
15/09/06 13:13:52 INFO HiveMetaStore.audit: ugi=hpatel	ip=unknown-ip-addr	cmd=get_partitions : db=ddsw_dev tbl=dealer_hierarchy_temp_data	
15/09/06 13:13:52 INFO log.PerfLogger: </PERFLOG method=partition-retrieving start=1441563232976 end=1441563232980 duration=4 from=org.apache.hadoop.hive.ql.optimizer.ppr.PartitionPruner>
15/09/06 13:13:52 INFO parse.SemanticAnalyzer: Completed plan generation
15/09/06 13:13:52 INFO ql.Driver: Semantic Analysis Completed
15/09/06 13:13:52 INFO log.PerfLogger: </PERFLOG method=semanticAnalyze start=1441563232903 end=1441563232981 duration=78 from=org.apache.hadoop.hive.ql.Driver>
15/09/06 13:13:52 INFO ql.Driver: Returning Hive schema: Schema(fieldSchemas:[FieldSchema(name:dh.file_name, type:string, comment:null), FieldSchema(name:dh.gen_id, type:string, comment:null), FieldSchema(name:dh.dms_system, type:string, comment:null), FieldSchema(name:dh.dms_version, type:string, comment:null), FieldSchema(name:transmit_ts, type:string, comment:null), FieldSchema(name:orig_transmit_ts, type:string, comment:null), FieldSchema(name:dh.transmit_by, type:string, comment:null), FieldSchema(name:dh.record_status, type:string, comment:null), FieldSchema(name:dh.dealer_updt_ind, type:string, comment:null), FieldSchema(name:store_number, type:string, comment:null), FieldSchema(name:part_type, type:string, comment:null), FieldSchema(name:dh.store_name, type:string, comment:null), FieldSchema(name:dh.inventory_store_number, type:string, comment:null), FieldSchema(name:cat_emrg_dealer_code, type:string, comment:null), FieldSchema(name:cat_stock_dealer_code, type:string, comment:null), FieldSchema(name:stock_replen_store_number, type:string, comment:null), FieldSchema(name:dh.stock_replen_lead_time, type:string, comment:null), FieldSchema(name:dh.lst_updt_ts, type:string, comment:null), FieldSchema(name:dh.orig_lst_updt_ts, type:string, comment:null), FieldSchema(name:dh.lst_updt_by_id, type:string, comment:null), FieldSchema(name:dh.file_ins_ts, type:string, comment:null), FieldSchema(name:dh.orig_file_ins_ts, type:string, comment:null), FieldSchema(name:dh.exp_stock_plan_lead_time, type:string, comment:null), FieldSchema(name:dealer_code, type:string, comment:null)], properties:null)
15/09/06 13:13:52 INFO log.PerfLogger: </PERFLOG method=compile start=1441563232898 end=1441563232981 duration=83 from=org.apache.hadoop.hive.ql.Driver>
15/09/06 13:13:52 INFO log.PerfLogger: <PERFLOG method=Driver.execute from=org.apache.hadoop.hive.ql.Driver>
15/09/06 13:13:52 INFO ql.Driver: Starting command: 
INSERT INTO TABLE DEALER_HIERARCHY_CORE
  PARTITION (DEALER_CODE)
  SELECT
    dh.FILE_NAME,
    dh.GEN_ID,
    dh.DMS_SYSTEM,
    dh.DMS_VERSION,
    custom_utc_timestamp(format_mr_timestamp(dh.TRANSMIT_TS)) AS TRANSMIT_TS,
    format_mr_timestamp(dh.ORIG_TRANSMIT_TS) AS ORIG_TRANSMIT_TS,
    dh.TRANSMIT_BY,
    dh.RECORD_STATUS,
    dh.DEALER_UPDT_IND,
    trim(dh.STORE_NUMBER) as STORE_NUMBER,
    trim(dh.PART_TYPE) as PART_TYPE,
    dh.STORE_NAME,
    dh.INVENTORY_STORE_NUMBER,
    trim(dh.CAT_EMRG_DEALER_CODE) as CAT_EMRG_DEALER_CODE,
    trim(dh.CAT_STOCK_DEALER_CODE) as CAT_STOCK_DEALER_CODE,
    trim(dh.STOCK_REPLEN_STORE_NUMBER) as STOCK_REPLEN_STORE_NUMBER,
    dh.STOCK_REPLEN_LEAD_TIME,
    dh.LST_UPDT_TS,
    dh.ORIG_LST_UPDT_TS,
    dh.LST_UPDT_BY_ID,
    dh.file_ins_ts,
    dh.ORIG_file_ins_TS,
    dh.EXP_STOCK_PLAN_LEAD_TIME,
    trim(dh.DEALER_CODE) as DEALER_CODE
  FROM
    dealer_hierarchy_temp_data dh

Total jobs = 1
15/09/06 13:13:52 INFO ql.Driver: Total jobs = 1
15/09/06 13:13:52 INFO log.PerfLogger: </PERFLOG method=TimeToSubmit start=1441563232898 end=1441563232982 duration=84 from=org.apache.hadoop.hive.ql.Driver>
15/09/06 13:13:52 INFO log.PerfLogger: <PERFLOG method=runTasks from=org.apache.hadoop.hive.ql.Driver>
15/09/06 13:13:52 INFO log.PerfLogger: <PERFLOG method=task.MAPRED.Stage-1 from=org.apache.hadoop.hive.ql.Driver>
Launching Job 1 out of 1
15/09/06 13:13:52 INFO ql.Driver: Launching Job 1 out of 1
Number of reduce tasks not specified. Defaulting to jobconf value of: 1
15/09/06 13:13:52 INFO exec.Task: Number of reduce tasks not specified. Defaulting to jobconf value of: 1
In order to change the average load for a reducer (in bytes):
15/09/06 13:13:52 INFO exec.Task: In order to change the average load for a reducer (in bytes):
  set hive.exec.reducers.bytes.per.reducer=<number>
15/09/06 13:13:52 INFO exec.Task:   set hive.exec.reducers.bytes.per.reducer=<number>
In order to limit the maximum number of reducers:
15/09/06 13:13:52 INFO exec.Task: In order to limit the maximum number of reducers:
  set hive.exec.reducers.max=<number>
15/09/06 13:13:52 INFO exec.Task:   set hive.exec.reducers.max=<number>
In order to set a constant number of reducers:
15/09/06 13:13:52 INFO exec.Task: In order to set a constant number of reducers:
  set mapreduce.job.reduces=<number>
15/09/06 13:13:52 INFO exec.Task:   set mapreduce.job.reduces=<number>
15/09/06 13:13:52 INFO ql.Context: New scratch dir is file:/var/folders/y7/4_pz5fzx54ngcmghz3v6t3m00000gn/T/junit5531707031763717248/scratchdir/hive_2015-09-06_13-13-52_898_7412113165392456531-1
15/09/06 13:13:52 INFO mr.ExecDriver: Using org.apache.hadoop.hive.ql.io.CombineHiveInputFormat
15/09/06 13:13:52 INFO exec.Utilities: Processing alias dh
15/09/06 13:13:52 INFO exec.Utilities: Adding input file file:/var/folders/y7/4_pz5fzx54ngcmghz3v6t3m00000gn/T/junit5531707031763717248/hadooptmp/dealer_hierarchy/temp_data/dealer_code=AAAA
15/09/06 13:13:52 INFO exec.Utilities: Content Summary not cached for file:/var/folders/y7/4_pz5fzx54ngcmghz3v6t3m00000gn/T/junit5531707031763717248/hadooptmp/dealer_hierarchy/temp_data/dealer_code=AAAA
15/09/06 13:13:52 INFO exec.Utilities: Adding input file file:/var/folders/y7/4_pz5fzx54ngcmghz3v6t3m00000gn/T/junit5531707031763717248/hadooptmp/dealer_hierarchy/temp_data/dealer_code=ZZZZ
15/09/06 13:13:52 INFO exec.Utilities: Content Summary not cached for file:/var/folders/y7/4_pz5fzx54ngcmghz3v6t3m00000gn/T/junit5531707031763717248/hadooptmp/dealer_hierarchy/temp_data/dealer_code=ZZZZ
15/09/06 13:13:52 INFO ql.Context: New scratch dir is file:/var/folders/y7/4_pz5fzx54ngcmghz3v6t3m00000gn/T/junit5531707031763717248/scratchdir/hive_2015-09-06_13-13-52_898_7412113165392456531-1
15/09/06 13:13:52 INFO log.PerfLogger: <PERFLOG method=serializePlan from=org.apache.hadoop.hive.ql.exec.Utilities>
15/09/06 13:13:52 INFO exec.Utilities: Serializing MapWork via kryo
15/09/06 13:13:52 INFO log.PerfLogger: </PERFLOG method=serializePlan start=1441563232990 end=1441563232992 duration=2 from=org.apache.hadoop.hive.ql.exec.Utilities>
15/09/06 13:13:52 INFO exec.Utilities: Setting plan: /var/folders/y7/4_pz5fzx54ngcmghz3v6t3m00000gn/T/junit5531707031763717248/scratchdir/hive_2015-09-06_13-13-52_898_7412113165392456531-1/-mr-10003/354ee937-3f82-4658-9166-16c297f2bbad/map.xml
15/09/06 13:13:52 INFO log.PerfLogger: <PERFLOG method=serializePlan from=org.apache.hadoop.hive.ql.exec.Utilities>
15/09/06 13:13:52 INFO exec.Utilities: Serializing ReduceWork via kryo
15/09/06 13:13:52 INFO log.PerfLogger: </PERFLOG method=serializePlan start=1441563232992 end=1441563232994 duration=2 from=org.apache.hadoop.hive.ql.exec.Utilities>
15/09/06 13:13:52 INFO exec.Utilities: Setting plan: /var/folders/y7/4_pz5fzx54ngcmghz3v6t3m00000gn/T/junit5531707031763717248/scratchdir/hive_2015-09-06_13-13-52_898_7412113165392456531-1/-mr-10003/354ee937-3f82-4658-9166-16c297f2bbad/reduce.xml
15/09/06 13:13:52 INFO jvm.JvmMetrics: Cannot initialize JVM Metrics with processName=JobTracker, sessionId= - already initialized
15/09/06 13:13:53 WARN mapred.JobClient: Use GenericOptionsParser for parsing the arguments. Applications should implement Tool for the same.
15/09/06 13:13:53 INFO log.PerfLogger: <PERFLOG method=getSplits from=org.apache.hadoop.hive.ql.io.CombineHiveInputFormat>
15/09/06 13:13:53 INFO io.CombineHiveInputFormat: CombineHiveInputSplit creating pool for file:/var/folders/y7/4_pz5fzx54ngcmghz3v6t3m00000gn/T/junit5531707031763717248/hadooptmp/dealer_hierarchy/temp_data/dealer_code=AAAA; using filter path file:/var/folders/y7/4_pz5fzx54ngcmghz3v6t3m00000gn/T/junit5531707031763717248/hadooptmp/dealer_hierarchy/temp_data/dealer_code=AAAA
15/09/06 13:13:53 INFO io.CombineHiveInputFormat: CombineHiveInputSplit: pool is already created for file:/var/folders/y7/4_pz5fzx54ngcmghz3v6t3m00000gn/T/junit5531707031763717248/hadooptmp/dealer_hierarchy/temp_data/dealer_code=ZZZZ; using filter path file:/var/folders/y7/4_pz5fzx54ngcmghz3v6t3m00000gn/T/junit5531707031763717248/hadooptmp/dealer_hierarchy/temp_data/dealer_code=ZZZZ
15/09/06 13:13:53 INFO mapred.FileInputFormat: Total input paths to process : 2
15/09/06 13:13:53 INFO io.CombineHiveInputFormat: number of splits 1
15/09/06 13:13:53 INFO log.PerfLogger: </PERFLOG method=getSplits start=1441563233055 end=1441563233057 duration=2 from=org.apache.hadoop.hive.ql.io.CombineHiveInputFormat>
Starting Job = job_local918099288_0011, Tracking URL = http://localhost:8080/
15/09/06 13:13:53 INFO mapred.LocalJobRunner: OutputCommitter set in config org.apache.hadoop.hive.shims.HadoopShimsSecure$NullOutputCommitter
15/09/06 13:13:53 INFO exec.Task: Starting Job = job_local918099288_0011, Tracking URL = http://localhost:8080/
15/09/06 13:13:53 INFO mapred.LocalJobRunner: OutputCommitter is org.apache.hadoop.hive.shims.HadoopShimsSecure$NullOutputCommitter
Kill Command = NO_BIN! job  -kill job_local918099288_0011
15/09/06 13:13:53 INFO exec.Task: Kill Command = NO_BIN! job  -kill job_local918099288_0011
15/09/06 13:13:53 INFO mapred.LocalJobRunner: Waiting for map tasks
15/09/06 13:13:53 INFO mapred.LocalJobRunner: Starting task: attempt_local918099288_0011_m_000000_0
15/09/06 13:13:53 WARN mapreduce.Counters: Group org.apache.hadoop.mapred.Task$Counter is deprecated. Use org.apache.hadoop.mapreduce.TaskCounter instead
Hadoop job information for Stage-1: number of mappers: 0; number of reducers: 015/09/06 13:13:53 INFO mapred.Task:  Using ResourceCalculatorPlugin : null

15/09/06 13:13:53 INFO exec.Task: Hadoop job information for Stage-1: number of mappers: 0; number of reducers: 0
15/09/06 13:13:53 WARN mapreduce.Counters: Group org.apache.hadoop.mapred.Task$Counter is deprecated. Use org.apache.hadoop.mapreduce.TaskCounter instead
2015-09-06 13:13:53,106 Stage-1 map = 0%,  reduce = 0%
15/09/06 13:13:53 INFO exec.Task: 2015-09-06 13:13:53,106 Stage-1 map = 0%,  reduce = 0%
15/09/06 13:13:53 INFO mapred.MapTask: Processing split: Paths:/var/folders/y7/4_pz5fzx54ngcmghz3v6t3m00000gn/T/junit5531707031763717248/hadooptmp/dealer_hierarchy/temp_data/dealer_code=AAAA/temp_data_from_string.csv:0+216,/var/folders/y7/4_pz5fzx54ngcmghz3v6t3m00000gn/T/junit5531707031763717248/hadooptmp/dealer_hierarchy/temp_data/dealer_code=ZZZZ/temp_data_from_file.csv:0+626InputFormatClass: org.apache.hadoop.mapred.TextInputFormat

15/09/06 13:13:53 INFO io.HiveContextAwareRecordReader: Processing file file:/var/folders/y7/4_pz5fzx54ngcmghz3v6t3m00000gn/T/junit5531707031763717248/hadooptmp/dealer_hierarchy/temp_data/dealer_code=AAAA/temp_data_from_string.csv
15/09/06 13:13:53 WARN mapreduce.Counters: Counter name MAP_INPUT_BYTES is deprecated. Use FileInputFormatCounters as group name and  BYTES_READ as counter name instead
15/09/06 13:13:53 INFO mapred.MapTask: numReduceTasks: 1
15/09/06 13:13:53 INFO mapred.MapTask: Map output collector class = org.apache.hadoop.mapred.MapTask$MapOutputBuffer
15/09/06 13:13:53 INFO mapred.MapTask: io.sort.mb = 100
15/09/06 13:13:53 INFO mapred.MapTask: data buffer = 79691776/99614720
15/09/06 13:13:53 INFO mapred.MapTask: record buffer = 262144/327680
15/09/06 13:13:53 INFO mr.ExecMapper: maximum memory = 3817865216
15/09/06 13:13:53 INFO mr.ExecMapper: conf classpath = [file:/Users/hpatel/.gradle/caches/2.1/workerMain/gradle-worker.jar, file:/Users/hpatel/Tech/Projects/CAT/ddsw_dev/hive-test/build/classes/test/, file:/Users/hpatel/Tech/Projects/CAT/ddsw_dev/hive-test/build/resources/test/, file:/Users/hpatel/Tech/Projects/CAT/ddsw_dev/hive-test/build/classes/main/, file:/Users/hpatel/Tech/Projects/CAT/ddsw_dev/hive-test/build/resources/main, file:/Users/hpatel/.gradle/caches/modules-2/files-2.1/junit/junit/4.11/4e031bb61df09069aeb2bffb4019e7a5034a4ee0/junit-4.11.jar, file:/Users/hpatel/.gradle/caches/modules-2/files-2.1/com.klarna/hiverunner/1.0.0/e26bb0655fff4d88fab91f331793d9fc1db392cc/HiveRunner-1.0.0.jar, file:/Users/hpatel/Tech/Projects/CAT/ddsw_dev/custom-cat-udfs/build/libs/custom-cat-udfs-0.1.38-SNAPSHOT.jar, file:/Users/hpatel/.gradle/caches/modules-2/files-2.1/org.apache.hadoop/hadoop-client/2.5.0-cdh5.3.3/ec3cd6a8cb043e73a42918934c5d3a3f2747c78b/hadoop-client-2.5.0-cdh5.3.3.jar, file:/Users/hpatel/.gradle/caches/modules-2/files-2.1/org.hsqldb/hsqldb/2.3.1/bd7153caa30958e1c64a3dd38b93e5a7442d9a0e/hsqldb-2.3.1.jar, file:/Users/hpatel/.gradle/caches/modules-2/files-2.1/org.apache.hadoop/hadoop-core/2.5.0-mr1-cdh5.3.3/f6f4a77f818757da51ae0244310855779c04c4be/hadoop-core-2.5.0-mr1-cdh5.3.3.jar, file:/Users/hpatel/.gradle/caches/modules-2/files-2.1/org.reflections/reflections/0.9.8/f723abb59bf512952bfc503838f70f81487a6993/reflections-0.9.8.jar, file:/Users/hpatel/.gradle/caches/modules-2/files-2.1/org.mockito/mockito-core/1.10.19/e8546f5bef4e061d8dd73895b4e8f40e3fe6effe/mockito-core-1.10.19.jar, file:/Users/hpatel/.gradle/caches/modules-2/files-2.1/org.hamcrest/hamcrest-core/1.3/42a25dc3219429f0e5d060061f71acb49bf010a0/hamcrest-core-1.3.jar, file:/Users/hpatel/.gradle/caches/modules-2/files-2.1/org.pentaho/pentaho-aggdesigner-algorithm/5.1.5-jhyde/c52379c645c6c85300e645dff7c72653bf85baa2/pentaho-aggdesigner-algorithm-5.1.5-jhyde.jar, file:/Users/hpatel/.gradle/caches/modules-2/files-2.1/org.apache.hive/hive-serde/0.13.1-cdh5.3.3/9cee47c844d726e9bcef6ab292e1319b7fbddaa3/hive-serde-0.13.1-cdh5.3.3.jar, file:/Users/hpatel/.gradle/caches/modules-2/files-2.1/org.apache.hadoop/hadoop-common/2.5.0-cdh5.3.3/f0862eb1dc33c1807ea29a248af75551e3c6836a/hadoop-common-2.5.0-cdh5.3.3.jar, file:/Users/hpatel/.gradle/caches/modules-2/files-2.1/org.apache.hive/hive-contrib/0.13.1-cdh5.3.3/bf89b429c9b173ac275dc0c1623f5c30e780ee98/hive-contrib-0.13.1-cdh5.3.3.jar, file:/Users/hpatel/.gradle/caches/modules-2/files-2.1/org.datanucleus/datanucleus-core/3.2.12/3212183bb5a2826cd5ff194b9a54619dd0bdf31f/datanucleus-core-3.2.12.jar, file:/Users/hpatel/.gradle/caches/modules-2/files-2.1/org.datanucleus/datanucleus-rdbms/3.2.11/5b053144c89fdff1505b853aa7f1e5ba7657da75/datanucleus-rdbms-3.2.11.jar, file:/Users/hpatel/.gradle/caches/modules-2/files-2.1/org.datanucleus/datanucleus-api-jdo/3.2.8/efc60221fbc91e95cf5758b98c6c5531660696cb/datanucleus-api-jdo-3.2.8.jar, file:/Users/hpatel/.gradle/caches/modules-2/files-2.1/org.apache.hive/hive-shims/0.13.1-cdh5.3.3/47b029532c0b9d45526dcdd858823e6f9634ab81/hive-shims-0.13.1-cdh5.3.3.jar, file:/Users/hpatel/.gradle/caches/modules-2/files-2.1/org.apache.commons/commons-lang3/3.3.1/6738a2da2202ce360f0af90aba005c1e05a2c4cd/commons-lang3-3.3.1.jar, file:/Users/hpatel/.gradle/caches/modules-2/files-2.1/joda-time/joda-time/2.3/56498efd17752898cfcc3868c1b6211a07b12b8f/joda-time-2.3.jar, file:/Users/hpatel/.gradle/caches/modules-2/files-2.1/org.apache.hadoop/hadoop-hdfs/2.5.0-cdh5.3.3/5dd5e2be13d89a9eaab89d3a33bcdf6677671aa9/hadoop-hdfs-2.5.0-cdh5.3.3.jar, file:/Users/hpatel/.gradle/caches/modules-2/files-2.1/org.apache.hadoop/hadoop-mapreduce-client-app/2.5.0-cdh5.3.3/579948f8fa6d9d72bf507bd021fa3dcc0670e95f/hadoop-mapreduce-client-app-2.5.0-cdh5.3.3.jar, file:/Users/hpatel/.gradle/caches/modules-2/files-2.1/org.apache.hadoop/hadoop-yarn-api/2.5.0-cdh5.3.3/a6d9b4b7cbcacd000350a3e33c70269101b5fc79/hadoop-yarn-api-2.5.0-cdh5.3.3.jar, file:/Users/hpatel/.gradle/caches/modules-2/files-2.1/org.apache.hadoop/hadoop-mapreduce-client-core/2.5.0-cdh5.3.3/f2c8eaa2b8a5839a7781f04cf59c4d1abfefec9e/hadoop-mapreduce-client-core-2.5.0-cdh5.3.3.jar, file:/Users/hpatel/.gradle/caches/modules-2/files-2.1/org.apache.hadoop/hadoop-mapreduce-client-jobclient/2.5.0-cdh5.3.3/f8baecab9a91245a97e29e4867a7f5ae128ef8a9/hadoop-mapreduce-client-jobclient-2.5.0-cdh5.3.3.jar, file:/Users/hpatel/.gradle/caches/modules-2/files-2.1/org.apache.hadoop/hadoop-aws/2.5.0-cdh5.3.3/f712d9cf59c859914254bed5c87ee4e5a2204e78/hadoop-aws-2.5.0-cdh5.3.3.jar, file:/Users/hpatel/.gradle/caches/modules-2/files-2.1/org.apache.hadoop/hadoop-annotations/2.5.0-cdh5.3.3/e3b40743127d82ff7a6f263d00419368a46ce608/hadoop-annotations-2.5.0-cdh5.3.3.jar, file:/Users/hpatel/.gradle/caches/modules-2/files-2.1/commons-collections/commons-collections/3.2.1/761ea405b9b37ced573d2df0d1e3a4e0f9edc668/commons-collections-3.2.1.jar, file:/Users/hpatel/.gradle/caches/modules-2/files-2.1/commons-configuration/commons-configuration/1.6/32cadde23955d7681b0d94a2715846d20b425235/commons-configuration-1.6.jar, file:/Users/hpatel/.gradle/caches/modules-2/files-2.1/jline/jline/0.9.94/99a18e9a44834afdebc467294e1138364c207402/jline-0.9.94.jar, file:/Users/hpatel/.gradle/caches/modules-2/files-2.1/commons-cli/commons-cli/1.2/2bf96b7aa8b611c177d329452af1dc933e14501c/commons-cli-1.2.jar, file:/Users/hpatel/.gradle/caches/modules-2/files-2.1/xmlenc/xmlenc/0.52/d82554efbe65906d83b3d97bd7509289e9db561a/xmlenc-0.52.jar, file:/Users/hpatel/.gradle/caches/modules-2/files-2.1/commons-httpclient/commons-httpclient/3.1/964cd74171f427720480efdec40a7c7f6e58426a/commons-httpclient-3.1.jar, file:/Users/hpatel/.gradle/caches/modules-2/files-2.1/commons-net/commons-net/3.1/2298164a7c2484406f2aa5ac85b205d39019896f/commons-net-3.1.jar, file:/Users/hpatel/.gradle/caches/modules-2/files-2.1/tomcat/jasper-runtime/5.5.23/96ca5528a93ab47b001476b74320c644beb89dde/jasper-runtime-5.5.23.jar, file:/Users/hpatel/.gradle/caches/modules-2/files-2.1/tomcat/jasper-compiler/5.5.23/6d35bd7fb8c4fbc1f5401fb3678aa976d2e4c241/jasper-compiler-5.5.23.jar, file:/Users/hpatel/.gradle/caches/modules-2/files-2.1/javax.servlet.jsp/jsp-api/2.1/63f943103f250ef1f3a4d5e94d145a0f961f5316/jsp-api-2.1.jar, file:/Users/hpatel/.gradle/caches/modules-2/files-2.1/commons-el/commons-el/1.0/1df2c042b3f2de0124750241ac6c886dbfa2cc2c/commons-el-1.0.jar, file:/Users/hpatel/.gradle/caches/modules-2/files-2.1/javax.servlet/servlet-api/2.5/5959582d97d8b61f4d154ca9e495aafd16726e34/servlet-api-2.5.jar, file:/Users/hpatel/.gradle/caches/modules-2/files-2.1/hsqldb/hsqldb/1.8.0.10/7e9978fdb754bce5fcd5161133e7734ecb683036/hsqldb-1.8.0.10.jar, file:/Users/hpatel/.gradle/caches/modules-2/files-2.1/org.eclipse.jdt/core/3.1.1/88c83ce444cf46d02494da37c9fa1eebc9ce9cea/core-3.1.1.jar, file:/Users/hpatel/.gradle/caches/modules-2/files-2.1/javassist/javassist/3.12.1.GA/526633327faa61aee448a519e8a4d53ec3057885/javassist-3.12.1.GA.jar, file:/Users/hpatel/.gradle/caches/modules-2/files-2.1/dom4j/dom4j/1.6.1/5d3ccc056b6f056dbf0dddfdf43894b9065a8f94/dom4j-1.6.1.jar, file:/Users/hpatel/.gradle/caches/modules-2/files-2.1/org.objenesis/objenesis/2.1/87c0ea803b69252868d09308b4618f766f135a96/objenesis-2.1.jar, file:/Users/hpatel/.gradle/caches/modules-2/files-2.1/commons-logging/commons-logging/1.1.3/f6f66e966c70a83ffbdb6f17a0919eaf7c8aca7f/commons-logging-1.1.3.jar, file:/Users/hpatel/.gradle/caches/modules-2/files-2.1/org.apache.hive/hive-common/0.13.1-cdh5.3.3/e3fbf24d30a553c50ae4d4eed23f81b0e1211c5a/hive-common-0.13.1-cdh5.3.3.jar, file:/Users/hpatel/.gradle/caches/modules-2/files-2.1/org.apache.avro/avro/1.7.6-cdh5.3.3/6d90271293977d199ed07002bf35e2805405cc64/avro-1.7.6-cdh5.3.3.jar, file:/Users/hpatel/.gradle/caches/modules-2/files-2.1/net.sf.opencsv/opencsv/2.3/c23708cdb9e80a144db433e23344a788a1fd6599/opencsv-2.3.jar, file:/Users/hpatel/.gradle/caches/modules-2/files-2.1/com.sun.jersey/jersey-servlet/1.14/4b87041a59ee152757b62e47a21d5b63fde20ffe/jersey-servlet-1.14.jar, file:/Users/hpatel/.gradle/caches/modules-2/files-2.1/org.slf4j/slf4j-log4j12/1.7.5/6edffc576ce104ec769d954618764f39f0f0f10d/slf4j-log4j12-1.7.5.jar, file:/Users/hpatel/.gradle/caches/modules-2/files-2.1/org.apache.commons/commons-math3/3.1.1/6719d757a98ff24a83d9d727bef9cec83f59b6e1/commons-math3-3.1.1.jar, file:/Users/hpatel/.gradle/caches/modules-2/files-2.1/commons-io/commons-io/2.4/b1b6ea3b7e4aa4f492509a4952029cd8e48019ad/commons-io-2.4.jar, file:/Users/hpatel/.gradle/caches/modules-2/files-2.1/com.sun.jersey/jersey-json/1.9/1aa73e1896bcc7013fed247157d7f676226eb432/jersey-json-1.9.jar, file:/Users/hpatel/.gradle/caches/modules-2/files-2.1/log4j/log4j/1.2.17/5af35056b4d257e4b64b9e8069c0746e8b08629f/log4j-1.2.17.jar, file:/Users/hpatel/.gradle/caches/modules-2/files-2.1/com.google.code.gson/gson/2.2.4/a60a5e993c98c864010053cb901b7eab25306568/gson-2.2.4.jar, file:/Users/hpatel/.gradle/caches/modules-2/files-2.1/org.apache.hadoop/hadoop-auth/2.5.0-cdh5.3.3/847eb288da72acfdd7d202da5149dec6cd20ceba/hadoop-auth-2.5.0-cdh5.3.3.jar, file:/Users/hpatel/.gradle/caches/modules-2/files-2.1/com.jcraft/jsch/0.1.42/a86104b0f2e0c0bab5b0df836065823a99b5e334/jsch-0.1.42.jar, file:/Users/hpatel/.gradle/caches/modules-2/files-2.1/org.apache.curator/curator-client/2.6.0/b9007c357ad1a78066fc6004e8b1feaa2318f6f3/curator-client-2.6.0.jar, file:/Users/hpatel/.gradle/caches/modules-2/files-2.1/org.apache.curator/curator-recipes/2.6.0/8736b0fc42e6bf006d585fe85c90aaa4ade5cbef/curator-recipes-2.6.0.jar, file:/Users/hpatel/.gradle/caches/modules-2/files-2.1/com.google.code.findbugs/jsr305/1.3.9/40719ea6961c0cb6afaeb6a921eaa1f6afd4cfdf/jsr305-1.3.9.jar, file:/Users/hpatel/.gradle/caches/modules-2/files-2.1/org.apache.commons/commons-compress/1.4.1/b02e84a993d88568417536240e970c4b809126fd/commons-compress-1.4.1.jar, file:/Users/hpatel/.gradle/caches/modules-2/files-2.1/org.apache.hive.shims/hive-shims-common/0.13.1-cdh5.3.3/3d9e5245018fbde18f52c4ab25fc35afdec2fc0a/hive-shims-common-0.13.1-cdh5.3.3.jar, file:/Users/hpatel/.gradle/caches/modules-2/files-2.1/org.apache.hive.shims/hive-shims-common-secure/0.13.1-cdh5.3.3/6b29a16b2a41b89bdbbc681c257ad7f766a90bcb/hive-shims-common-secure-0.13.1-cdh5.3.3.jar, file:/Users/hpatel/.gradle/caches/modules-2/files-2.1/org.apache.hive.shims/hive-shims-0.23/0.13.1-cdh5.3.3/7ab834955a767af200d1d9151c204751637d9ca9/hive-shims-0.23-0.13.1-cdh5.3.3.jar, file:/Users/hpatel/.gradle/caches/modules-2/files-2.1/org.apache.hive.shims/hive-shims-scheduler/0.13.1-cdh5.3.3/b6644420b74f936a838f7f3fd2fa19c19add0449/hive-shims-scheduler-0.13.1-cdh5.3.3.jar, file:/Users/hpatel/.gradle/caches/modules-2/files-2.1/org.apache.hadoop/hadoop-mapreduce-client-common/2.5.0-cdh5.3.3/f0d777bb76ca9f540c0c81a45934f0f5cf9975b8/hadoop-mapreduce-client-common-2.5.0-cdh5.3.3.jar, file:/Users/hpatel/.gradle/caches/modules-2/files-2.1/org.apache.hadoop/hadoop-mapreduce-client-shuffle/2.5.0-cdh5.3.3/b6c4316f6fcc406edf7e5bd77c50e46034ad5519/hadoop-mapreduce-client-shuffle-2.5.0-cdh5.3.3.jar, file:/Users/hpatel/.gradle/caches/modules-2/files-2.1/org.apache.hadoop/hadoop-yarn-common/2.5.0-cdh5.3.3/9499713b674eae1aa714fcd0e95e0d09daaf3824/hadoop-yarn-common-2.5.0-cdh5.3.3.jar, file:/Users/hpatel/.gradle/caches/modules-2/files-2.1/com.fasterxml.jackson.core/jackson-databind/2.2.3/3ae380888029daefb91d3ecdca3a37d8cb92bc9/jackson-databind-2.2.3.jar, file:/Users/hpatel/.gradle/caches/modules-2/files-2.1/com.fasterxml.jackson.core/jackson-annotations/2.2.3/527fece4f23a457070a36c371a26d6c0208e1c3/jackson-annotations-2.2.3.jar, file:/Users/hpatel/.gradle/caches/modules-2/files-2.1/com.amazonaws/aws-java-sdk/1.7.4/2c24ccb6f1ab845a7df971951d4b41c709a6517d/aws-java-sdk-1.7.4.jar, file:/Users/hpatel/.gradle/caches/modules-2/files-2.1/commons-digester/commons-digester/1.8/dc6a73fdbd1fa3f0944e8497c6c872fa21dca37e/commons-digester-1.8.jar, file:/Users/hpatel/.gradle/caches/modules-2/files-2.1/commons-beanutils/commons-beanutils-core/1.8.0/175dc721f87e4bc5cc0573f990e28c3cf9117508/commons-beanutils-core-1.8.0.jar, file:/Users/hpatel/.gradle/caches/modules-2/files-2.1/xml-apis/xml-apis/1.0.b2/3136ca936f64c9d68529f048c2618bd356bf85c9/xml-apis-1.0.b2.jar, file:/Users/hpatel/.gradle/caches/modules-2/files-2.1/com.thoughtworks.paranamer/paranamer/2.3/4a85963a752c0a2f715c3924bfc686865e7e1bc6/paranamer-2.3.jar, file:/Users/hpatel/.gradle/caches/modules-2/files-2.1/org.xerial.snappy/snappy-java/1.0.5/10cb4550360a0ec6b80f09a5209d00b6058e82bf/snappy-java-1.0.5.jar, file:/Users/hpatel/.gradle/caches/modules-2/files-2.1/org.codehaus.jettison/jettison/1.1/1a01a2a1218fcf9faa2cc2a6ced025bdea687262/jettison-1.1.jar, file:/Users/hpatel/.gradle/caches/modules-2/files-2.1/com.sun.xml.bind/jaxb-impl/2.2.3-1/56baae106392040a45a06d4a41099173425da1e6/jaxb-impl-2.2.3-1.jar, file:/Users/hpatel/.gradle/caches/modules-2/files-2.1/org.apache.directory.server/apacheds-kerberos-codec/2.0.0-M15/1c16e4e477183641c5f0dd5cdecd27ec331bacb5/apacheds-kerberos-codec-2.0.0-M15.jar, file:/Users/hpatel/.gradle/caches/modules-2/files-2.1/org.apache.curator/curator-framework/2.6.0/81a699c39d127b5b4ff97cc77da7650b53e5b5ed/curator-framework-2.6.0.jar, file:/Users/hpatel/.gradle/caches/modules-2/files-2.1/org.tukaani/xz/1.0/ecff5cb8b1189514c9d1d8d68eb77ac372e000c9/xz-1.0.jar, file:/Users/hpatel/.gradle/caches/modules-2/files-2.1/org.apache.hadoop/hadoop-yarn-client/2.5.0-cdh5.3.3/2d2ce5d0138d02b20aefcfc1ee8dd6f691911f63/hadoop-yarn-client-2.5.0-cdh5.3.3.jar, file:/Users/hpatel/.gradle/caches/modules-2/files-2.1/org.apache.hadoop/hadoop-yarn-server-common/2.5.0-cdh5.3.3/d099fcc19f56d477fa6b5b47ae4e06bb97538778/hadoop-yarn-server-common-2.5.0-cdh5.3.3.jar, file:/Users/hpatel/.gradle/caches/modules-2/files-2.1/org.apache.hadoop/hadoop-yarn-server-nodemanager/2.5.0-cdh5.3.3/278b2d7a6454ce57a94ab02a88c0b188afc8facc/hadoop-yarn-server-nodemanager-2.5.0-cdh5.3.3.jar, file:/Users/hpatel/.gradle/caches/modules-2/files-2.1/org.fusesource.leveldbjni/leveldbjni-all/1.8/707350a2eeb1fa2ed77a32ddb3893ed308e941db/leveldbjni-all-1.8.jar, file:/Users/hpatel/.gradle/caches/modules-2/files-2.1/javax.xml.bind/jaxb-api/2.2.2/aeb3021ca93dde265796d82015beecdcff95bf09/jaxb-api-2.2.2.jar, file:/Users/hpatel/.gradle/caches/modules-2/files-2.1/com.google.inject/guice/3.0/9d84f15fe35e2c716a02979fb62f50a29f38aefa/guice-3.0.jar, file:/Users/hpatel/.gradle/caches/modules-2/files-2.1/com.sun.jersey.contribs/jersey-guice/1.9/5963c28c47df7e5d6ad34cec80c071c368777f7b/jersey-guice-1.9.jar, file:/Users/hpatel/.gradle/caches/modules-2/files-2.1/com.fasterxml.jackson.core/jackson-core/2.2.3/1a0113da2cab5f4c216b4e5e7c1dbfaa67087e14/jackson-core-2.2.3.jar, file:/Users/hpatel/.gradle/caches/modules-2/files-2.1/commons-beanutils/commons-beanutils/1.7.0/5675fd96b29656504b86029551973d60fb41339b/commons-beanutils-1.7.0.jar, file:/Users/hpatel/.gradle/caches/modules-2/files-2.1/org.apache.directory.server/apacheds-i18n/2.0.0-M15/71c61c84683152ec2a6a65f3f96fe534e304fa22/apacheds-i18n-2.0.0-M15.jar, file:/Users/hpatel/.gradle/caches/modules-2/files-2.1/org.apache.directory.api/api-asn1-api/1.0.0-M20/5e6486ffa3125ba44dc410ead166e1d6ba8ac76d/api-asn1-api-1.0.0-M20.jar, file:/Users/hpatel/.gradle/caches/modules-2/files-2.1/org.apache.directory.api/api-util/1.0.0-M20/a871abf060b3cf83fc6dc4d7e3d151fce50ac3cb/api-util-1.0.0-M20.jar, file:/Users/hpatel/.gradle/caches/modules-2/files-2.1/com.sun.jersey/jersey-client/1.9/d3c4b2b5f89db32c96ceddcb863684821910a7bb/jersey-client-1.9.jar, file:/Users/hpatel/.gradle/caches/modules-2/files-2.1/javax.xml.stream/stax-api/1.0-2/d6337b0de8b25e53e81b922352fbea9f9f57ba0b/stax-api-1.0-2.jar, file:/Users/hpatel/.gradle/caches/modules-2/files-2.1/javax.activation/activation/1.1/e6cb541461c2834bdea3eb920f1884d1eb508b50/activation-1.1.jar, file:/Users/hpatel/.gradle/caches/modules-2/files-2.1/javax.inject/javax.inject/1/6975da39a7040257bd51d21a231b76c915872d38/javax.inject-1.jar, file:/Users/hpatel/.gradle/caches/modules-2/files-2.1/aopalliance/aopalliance/1.0/235ba8b489512805ac13a8f9ea77a1ca5ebe3e8/aopalliance-1.0.jar, file:/Users/hpatel/.gradle/caches/modules-2/files-2.1/org.sonatype.sisu.inject/cglib/2.2.1-v20090111/7ce5e983fd0e6c78346f4c9cbfa39d83049dda2/cglib-2.2.1-v20090111.jar, file:/Users/hpatel/.gradle/caches/modules-2/files-2.1/asm/asm/3.1/c157def142714c544bdea2e6144645702adf7097/asm-3.1.jar, file:/Users/hpatel/.gradle/caches/modules-2/files-2.1/org.apache.hive/hive-service/0.13.1-cdh5.3.3/c7979b4213bfb62823d43ba726e0fea58032dd1e/hive-service-0.13.1-cdh5.3.3.jar, file:/Users/hpatel/.gradle/caches/modules-2/files-2.1/net.sf.jpam/jpam/1.1/cb3d91c2dfda767518a371dbb02edfd6a4aa0600/jpam-1.1.jar, file:/Users/hpatel/.gradle/caches/modules-2/files-2.1/org.eclipse.jetty.aggregate/jetty-all/7.6.0.v20120127/47bb68e3837e5c6422138dd1e0d4d75c60dce87a/jetty-all-7.6.0.v20120127.jar, file:/Users/hpatel/.gradle/caches/modules-2/files-2.1/org.apache.thrift/libfb303/0.9.0/639bd69767fdbd7f658ce8233248fe1cea635164/libfb303-0.9.0.jar, file:/Users/hpatel/.gradle/caches/modules-2/files-2.1/org.apache.geronimo.specs/geronimo-jta_1.1_spec/1.1.1/aabab3165b8ea936b9360abbf448459c0d04a5a4/geronimo-jta_1.1_spec-1.1.1.jar, file:/Users/hpatel/.gradle/caches/modules-2/files-2.1/javax.mail/mail/1.4.1/8b7bc69010655425dabf091b51d1e90b4de36715/mail-1.4.1.jar, file:/Users/hpatel/.gradle/caches/modules-2/files-2.1/org.apache.geronimo.specs/geronimo-jaspic_1.0_spec/1.0/44b95be7dae1147716dce5336419eafade880756/geronimo-jaspic_1.0_spec-1.0.jar, file:/Users/hpatel/.gradle/caches/modules-2/files-2.1/org.apache.geronimo.specs/geronimo-annotation_1.0_spec/1.1.1/47caa799389f69d297b86bf90523d431599c3796/geronimo-annotation_1.0_spec-1.1.1.jar, file:/Users/hpatel/.gradle/caches/modules-2/files-2.1/asm/asm-commons/3.1/1b607fbfe7889c6fdff1b7c16439ade0a60869ac/asm-commons-3.1.jar, file:/Users/hpatel/.gradle/caches/modules-2/files-2.1/asm/asm-tree/3.1/c9a5d4334ddf194ea492f22107d45119a5c5322f/asm-tree-3.1.jar, file:/Users/hpatel/.gradle/caches/modules-2/files-2.1/commons-lang/commons-lang/2.6/ce1edb914c94ebc388f086c6827e8bdeec71ac2/commons-lang-2.6.jar, file:/Users/hpatel/.gradle/caches/modules-2/files-2.1/org.mortbay.jetty/jetty/6.1.26.cloudera.4/d59325a5ff8ff18f7543bc3fbb9d5efa0c0ff521/jetty-6.1.26.cloudera.4.jar, file:/Users/hpatel/.gradle/caches/modules-2/files-2.1/org.mortbay.jetty/jetty-util/6.1.26.cloudera.4/b8507b7c5d3fd9a3d01775272cbf1a63f530c19d/jetty-util-6.1.26.cloudera.4.jar, file:/Users/hpatel/.gradle/caches/modules-2/files-2.1/net.java.dev.jets3t/jets3t/0.9.0/792bc96ee7e57b89f472aa0cb5a31015b9f59c96/jets3t-0.9.0.jar, file:/Users/hpatel/.gradle/caches/modules-2/files-2.1/com.jamesmurty.utils/java-xmlbuilder/0.4/ac5962e48cdee3a0a6e1f8e00fcb594747ac5aaf/java-xmlbuilder-0.4.jar, file:/Users/hpatel/.gradle/caches/modules-2/files-2.1/com.google.protobuf/protobuf-java/2.5.0/a10732c76bfacdbd633a7eb0f7968b1059a65dfa/protobuf-java-2.5.0.jar, file:/Users/hpatel/.gradle/caches/modules-2/files-2.1/org.apache.hive/hive-exec/0.13.1-cdh5.3.3/4d935274127f47dd9c0875efcf317ba49aef1219/hive-exec-0.13.1-cdh5.3.3.jar, file:/Users/hpatel/.gradle/caches/modules-2/files-2.1/org.apache.hive/hive-ant/0.13.1-cdh5.3.3/86954e92a903253177cd6935798c50a6c32b7b81/hive-ant-0.13.1-cdh5.3.3.jar, file:/Users/hpatel/.gradle/caches/modules-2/files-2.1/org.antlr/antlr-runtime/3.4/8f011408269a8e42b8548687e137d8eeb56df4b4/antlr-runtime-3.4.jar, file:/Users/hpatel/.gradle/caches/modules-2/files-2.1/org.antlr/ST4/4.0.4/467a2aa12be6d0f0f68c70eecf6714ab733027ac/ST4-4.0.4.jar, file:/Users/hpatel/.gradle/caches/modules-2/files-2.1/org.apache.ant/ant/1.9.1/35900c96dbebc85dcfbd71f4661059ebcf93c077/ant-1.9.1.jar, file:/Users/hpatel/.gradle/caches/modules-2/files-2.1/org.codehaus.groovy/groovy-all/2.1.6/165b8246372a829c1915611646f6d964010656cf/groovy-all-2.1.6.jar, file:/Users/hpatel/.gradle/caches/modules-2/files-2.1/stax/stax-api/1.0.1/49c100caf72d658aca8e58bd74a4ba90fa2b0d70/stax-api-1.0.1.jar, file:/Users/hpatel/.gradle/caches/modules-2/files-2.1/org.apache.velocity/velocity/1.5/9f306baf7523ffc0e81a6353d08a584d254133b/velocity-1.5.jar, file:/Users/hpatel/.gradle/caches/modules-2/files-2.1/org.antlr/stringtemplate/3.2.1/59ec8083721eae215c6f3caee944c410d2be34de/stringtemplate-3.2.1.jar, file:/Users/hpatel/.gradle/caches/modules-2/files-2.1/antlr/antlr/2.7.7/83cd2cd674a217ade95a4bb83a8a14f351f48bd0/antlr-2.7.7.jar, file:/Users/hpatel/.gradle/caches/modules-2/files-2.1/org.apache.ant/ant-launcher/1.9.1/7c71043ca185eaada9e36391dd022d92859327de/ant-launcher-1.9.1.jar, file:/Users/hpatel/.gradle/caches/modules-2/files-2.1/oro/oro/2.0.8/5592374f834645c4ae250f4c9fbb314c9369d698/oro-2.0.8.jar, file:/Users/hpatel/.gradle/caches/modules-2/files-2.1/org.codehaus.jackson/jackson-core-asl/1.9.13/3c304d70f42f832e0a86d45bd437f692129299a4/jackson-core-asl-1.9.13.jar, file:/Users/hpatel/.gradle/caches/modules-2/files-2.1/org.codehaus.jackson/jackson-mapper-asl/1.9.13/1ee2f2bed0e5dd29d1cb155a166e6f8d50bbddb7/jackson-mapper-asl-1.9.13.jar, file:/Users/hpatel/.gradle/caches/modules-2/files-2.1/org.slf4j/slf4j-api/1.7.6/562424e36df3d2327e8e9301a76027fca17d54ea/slf4j-api-1.7.6.jar, file:/Users/hpatel/.gradle/caches/modules-2/files-2.1/com.sun.jersey/jersey-server/1.14/b1a21724c9b708ed54d42d41bb19ff45ae1d49d9/jersey-server-1.14.jar, file:/Users/hpatel/.gradle/caches/modules-2/files-2.1/org.apache.httpcomponents/httpclient/4.2.5/666e26e76f2e87d84e4f16acb546481ae1b8e9a6/httpclient-4.2.5.jar, file:/Users/hpatel/.gradle/caches/modules-2/files-2.1/org.apache.zookeeper/zookeeper/3.4.6/1b2502e29da1ebaade2357cd1de35a855fa3755/zookeeper-3.4.6.jar, file:/Users/hpatel/.gradle/caches/modules-2/files-2.1/com.google.guava/guava/16.0.1/5fa98cd1a63c99a44dd8d3b77e4762b066a5d0c5/guava-16.0.1.jar, file:/Users/hpatel/.gradle/caches/modules-2/files-2.1/org.codehaus.jackson/jackson-jaxrs/1.8.8/71b16055388e9bd3991c3c3834e8e55098b789f1/jackson-jaxrs-1.8.8.jar, file:/Users/hpatel/.gradle/caches/modules-2/files-2.1/org.codehaus.jackson/jackson-xc/1.8.8/52efa08bc1e4cfea168f552b9e3088297d9d0926/jackson-xc-1.8.8.jar, file:/Users/hpatel/.gradle/caches/modules-2/files-2.1/org.apache.hive/hive-metastore/0.13.1-cdh5.3.3/ca93686a17f064a5ab6587799721cddd7836e53a/hive-metastore-0.13.1-cdh5.3.3.jar, file:/Users/hpatel/.gradle/caches/modules-2/files-2.1/com.jolbox/bonecp/0.8.0.RELEASE/cec24ee9345b3678472bb1b8fdd6aa6b9428beb8/bonecp-0.8.0.RELEASE.jar, file:/Users/hpatel/.gradle/caches/modules-2/files-2.1/org.apache.derby/derby/10.10.1.1/9f6f910f0373adc1b23c10f9b4bb151b7e7449f/derby-10.10.1.1.jar, file:/Users/hpatel/.gradle/caches/modules-2/files-2.1/javax.jdo/jdo-api/3.0.1/58e7a538e020b73871e232eeb064835fd98a492/jdo-api-3.0.1.jar, file:/Users/hpatel/.gradle/caches/modules-2/files-2.1/javax.transaction/jta/1.1/2ca09f0b36ca7d71b762e14ea2ff09d5eac57558/jta-1.1.jar, file:/Users/hpatel/.gradle/caches/modules-2/files-2.1/org.apache.thrift/libthrift/0.9.0/9ba8df332b5db95ce7f3b7a83e44d796c3d014d3/libthrift-0.9.0.jar, file:/Users/hpatel/.gradle/caches/modules-2/files-2.1/org.apache.httpcomponents/httpcore/4.2.4/3b7f38df6de5dd8b500e602ae8c2dd5ee446f883/httpcore-4.2.4.jar, file:/Users/hpatel/.gradle/caches/modules-2/files-2.1/com.sun.jersey/jersey-core/1.14/693061de8b9b352b11e997b1dd4052677778852d/jersey-core-1.14.jar, file:/Users/hpatel/.gradle/caches/modules-2/files-2.1/commons-codec/commons-codec/1.6/b7f0fc8f61ecadeb3695f0b9464755eee44374d4/commons-codec-1.6.jar, file:/Users/hpatel/.gradle/caches/modules-2/files-2.1/io.netty/netty/3.7.0.Final/7a8c35599c68c0bf383df74469aa3e03d9aca87/netty-3.7.0.Final.jar]
15/09/06 13:13:53 INFO mr.ExecMapper: thread classpath = [file:/Users/hpatel/.gradle/caches/2.1/workerMain/gradle-worker.jar, file:/Users/hpatel/Tech/Projects/CAT/ddsw_dev/hive-test/build/classes/test/, file:/Users/hpatel/Tech/Projects/CAT/ddsw_dev/hive-test/build/resources/test/, file:/Users/hpatel/Tech/Projects/CAT/ddsw_dev/hive-test/build/classes/main/, file:/Users/hpatel/Tech/Projects/CAT/ddsw_dev/hive-test/build/resources/main, file:/Users/hpatel/.gradle/caches/modules-2/files-2.1/junit/junit/4.11/4e031bb61df09069aeb2bffb4019e7a5034a4ee0/junit-4.11.jar, file:/Users/hpatel/.gradle/caches/modules-2/files-2.1/com.klarna/hiverunner/1.0.0/e26bb0655fff4d88fab91f331793d9fc1db392cc/HiveRunner-1.0.0.jar, file:/Users/hpatel/Tech/Projects/CAT/ddsw_dev/custom-cat-udfs/build/libs/custom-cat-udfs-0.1.38-SNAPSHOT.jar, file:/Users/hpatel/.gradle/caches/modules-2/files-2.1/org.apache.hadoop/hadoop-client/2.5.0-cdh5.3.3/ec3cd6a8cb043e73a42918934c5d3a3f2747c78b/hadoop-client-2.5.0-cdh5.3.3.jar, file:/Users/hpatel/.gradle/caches/modules-2/files-2.1/org.hsqldb/hsqldb/2.3.1/bd7153caa30958e1c64a3dd38b93e5a7442d9a0e/hsqldb-2.3.1.jar, file:/Users/hpatel/.gradle/caches/modules-2/files-2.1/org.apache.hadoop/hadoop-core/2.5.0-mr1-cdh5.3.3/f6f4a77f818757da51ae0244310855779c04c4be/hadoop-core-2.5.0-mr1-cdh5.3.3.jar, file:/Users/hpatel/.gradle/caches/modules-2/files-2.1/org.reflections/reflections/0.9.8/f723abb59bf512952bfc503838f70f81487a6993/reflections-0.9.8.jar, file:/Users/hpatel/.gradle/caches/modules-2/files-2.1/org.mockito/mockito-core/1.10.19/e8546f5bef4e061d8dd73895b4e8f40e3fe6effe/mockito-core-1.10.19.jar, file:/Users/hpatel/.gradle/caches/modules-2/files-2.1/org.hamcrest/hamcrest-core/1.3/42a25dc3219429f0e5d060061f71acb49bf010a0/hamcrest-core-1.3.jar, file:/Users/hpatel/.gradle/caches/modules-2/files-2.1/org.pentaho/pentaho-aggdesigner-algorithm/5.1.5-jhyde/c52379c645c6c85300e645dff7c72653bf85baa2/pentaho-aggdesigner-algorithm-5.1.5-jhyde.jar, file:/Users/hpatel/.gradle/caches/modules-2/files-2.1/org.apache.hive/hive-serde/0.13.1-cdh5.3.3/9cee47c844d726e9bcef6ab292e1319b7fbddaa3/hive-serde-0.13.1-cdh5.3.3.jar, file:/Users/hpatel/.gradle/caches/modules-2/files-2.1/org.apache.hadoop/hadoop-common/2.5.0-cdh5.3.3/f0862eb1dc33c1807ea29a248af75551e3c6836a/hadoop-common-2.5.0-cdh5.3.3.jar, file:/Users/hpatel/.gradle/caches/modules-2/files-2.1/org.apache.hive/hive-contrib/0.13.1-cdh5.3.3/bf89b429c9b173ac275dc0c1623f5c30e780ee98/hive-contrib-0.13.1-cdh5.3.3.jar, file:/Users/hpatel/.gradle/caches/modules-2/files-2.1/org.datanucleus/datanucleus-core/3.2.12/3212183bb5a2826cd5ff194b9a54619dd0bdf31f/datanucleus-core-3.2.12.jar, file:/Users/hpatel/.gradle/caches/modules-2/files-2.1/org.datanucleus/datanucleus-rdbms/3.2.11/5b053144c89fdff1505b853aa7f1e5ba7657da75/datanucleus-rdbms-3.2.11.jar, file:/Users/hpatel/.gradle/caches/modules-2/files-2.1/org.datanucleus/datanucleus-api-jdo/3.2.8/efc60221fbc91e95cf5758b98c6c5531660696cb/datanucleus-api-jdo-3.2.8.jar, file:/Users/hpatel/.gradle/caches/modules-2/files-2.1/org.apache.hive/hive-shims/0.13.1-cdh5.3.3/47b029532c0b9d45526dcdd858823e6f9634ab81/hive-shims-0.13.1-cdh5.3.3.jar, file:/Users/hpatel/.gradle/caches/modules-2/files-2.1/org.apache.commons/commons-lang3/3.3.1/6738a2da2202ce360f0af90aba005c1e05a2c4cd/commons-lang3-3.3.1.jar, file:/Users/hpatel/.gradle/caches/modules-2/files-2.1/joda-time/joda-time/2.3/56498efd17752898cfcc3868c1b6211a07b12b8f/joda-time-2.3.jar, file:/Users/hpatel/.gradle/caches/modules-2/files-2.1/org.apache.hadoop/hadoop-hdfs/2.5.0-cdh5.3.3/5dd5e2be13d89a9eaab89d3a33bcdf6677671aa9/hadoop-hdfs-2.5.0-cdh5.3.3.jar, file:/Users/hpatel/.gradle/caches/modules-2/files-2.1/org.apache.hadoop/hadoop-mapreduce-client-app/2.5.0-cdh5.3.3/579948f8fa6d9d72bf507bd021fa3dcc0670e95f/hadoop-mapreduce-client-app-2.5.0-cdh5.3.3.jar, file:/Users/hpatel/.gradle/caches/modules-2/files-2.1/org.apache.hadoop/hadoop-yarn-api/2.5.0-cdh5.3.3/a6d9b4b7cbcacd000350a3e33c70269101b5fc79/hadoop-yarn-api-2.5.0-cdh5.3.3.jar, file:/Users/hpatel/.gradle/caches/modules-2/files-2.1/org.apache.hadoop/hadoop-mapreduce-client-core/2.5.0-cdh5.3.3/f2c8eaa2b8a5839a7781f04cf59c4d1abfefec9e/hadoop-mapreduce-client-core-2.5.0-cdh5.3.3.jar, file:/Users/hpatel/.gradle/caches/modules-2/files-2.1/org.apache.hadoop/hadoop-mapreduce-client-jobclient/2.5.0-cdh5.3.3/f8baecab9a91245a97e29e4867a7f5ae128ef8a9/hadoop-mapreduce-client-jobclient-2.5.0-cdh5.3.3.jar, file:/Users/hpatel/.gradle/caches/modules-2/files-2.1/org.apache.hadoop/hadoop-aws/2.5.0-cdh5.3.3/f712d9cf59c859914254bed5c87ee4e5a2204e78/hadoop-aws-2.5.0-cdh5.3.3.jar, file:/Users/hpatel/.gradle/caches/modules-2/files-2.1/org.apache.hadoop/hadoop-annotations/2.5.0-cdh5.3.3/e3b40743127d82ff7a6f263d00419368a46ce608/hadoop-annotations-2.5.0-cdh5.3.3.jar, file:/Users/hpatel/.gradle/caches/modules-2/files-2.1/commons-collections/commons-collections/3.2.1/761ea405b9b37ced573d2df0d1e3a4e0f9edc668/commons-collections-3.2.1.jar, file:/Users/hpatel/.gradle/caches/modules-2/files-2.1/commons-configuration/commons-configuration/1.6/32cadde23955d7681b0d94a2715846d20b425235/commons-configuration-1.6.jar, file:/Users/hpatel/.gradle/caches/modules-2/files-2.1/jline/jline/0.9.94/99a18e9a44834afdebc467294e1138364c207402/jline-0.9.94.jar, file:/Users/hpatel/.gradle/caches/modules-2/files-2.1/commons-cli/commons-cli/1.2/2bf96b7aa8b611c177d329452af1dc933e14501c/commons-cli-1.2.jar, file:/Users/hpatel/.gradle/caches/modules-2/files-2.1/xmlenc/xmlenc/0.52/d82554efbe65906d83b3d97bd7509289e9db561a/xmlenc-0.52.jar, file:/Users/hpatel/.gradle/caches/modules-2/files-2.1/commons-httpclient/commons-httpclient/3.1/964cd74171f427720480efdec40a7c7f6e58426a/commons-httpclient-3.1.jar, file:/Users/hpatel/.gradle/caches/modules-2/files-2.1/commons-net/commons-net/3.1/2298164a7c2484406f2aa5ac85b205d39019896f/commons-net-3.1.jar, file:/Users/hpatel/.gradle/caches/modules-2/files-2.1/tomcat/jasper-runtime/5.5.23/96ca5528a93ab47b001476b74320c644beb89dde/jasper-runtime-5.5.23.jar, file:/Users/hpatel/.gradle/caches/modules-2/files-2.1/tomcat/jasper-compiler/5.5.23/6d35bd7fb8c4fbc1f5401fb3678aa976d2e4c241/jasper-compiler-5.5.23.jar, file:/Users/hpatel/.gradle/caches/modules-2/files-2.1/javax.servlet.jsp/jsp-api/2.1/63f943103f250ef1f3a4d5e94d145a0f961f5316/jsp-api-2.1.jar, file:/Users/hpatel/.gradle/caches/modules-2/files-2.1/commons-el/commons-el/1.0/1df2c042b3f2de0124750241ac6c886dbfa2cc2c/commons-el-1.0.jar, file:/Users/hpatel/.gradle/caches/modules-2/files-2.1/javax.servlet/servlet-api/2.5/5959582d97d8b61f4d154ca9e495aafd16726e34/servlet-api-2.5.jar, file:/Users/hpatel/.gradle/caches/modules-2/files-2.1/hsqldb/hsqldb/1.8.0.10/7e9978fdb754bce5fcd5161133e7734ecb683036/hsqldb-1.8.0.10.jar, file:/Users/hpatel/.gradle/caches/modules-2/files-2.1/org.eclipse.jdt/core/3.1.1/88c83ce444cf46d02494da37c9fa1eebc9ce9cea/core-3.1.1.jar, file:/Users/hpatel/.gradle/caches/modules-2/files-2.1/javassist/javassist/3.12.1.GA/526633327faa61aee448a519e8a4d53ec3057885/javassist-3.12.1.GA.jar, file:/Users/hpatel/.gradle/caches/modules-2/files-2.1/dom4j/dom4j/1.6.1/5d3ccc056b6f056dbf0dddfdf43894b9065a8f94/dom4j-1.6.1.jar, file:/Users/hpatel/.gradle/caches/modules-2/files-2.1/org.objenesis/objenesis/2.1/87c0ea803b69252868d09308b4618f766f135a96/objenesis-2.1.jar, file:/Users/hpatel/.gradle/caches/modules-2/files-2.1/commons-logging/commons-logging/1.1.3/f6f66e966c70a83ffbdb6f17a0919eaf7c8aca7f/commons-logging-1.1.3.jar, file:/Users/hpatel/.gradle/caches/modules-2/files-2.1/org.apache.hive/hive-common/0.13.1-cdh5.3.3/e3fbf24d30a553c50ae4d4eed23f81b0e1211c5a/hive-common-0.13.1-cdh5.3.3.jar, file:/Users/hpatel/.gradle/caches/modules-2/files-2.1/org.apache.avro/avro/1.7.6-cdh5.3.3/6d90271293977d199ed07002bf35e2805405cc64/avro-1.7.6-cdh5.3.3.jar, file:/Users/hpatel/.gradle/caches/modules-2/files-2.1/net.sf.opencsv/opencsv/2.3/c23708cdb9e80a144db433e23344a788a1fd6599/opencsv-2.3.jar, file:/Users/hpatel/.gradle/caches/modules-2/files-2.1/com.sun.jersey/jersey-servlet/1.14/4b87041a59ee152757b62e47a21d5b63fde20ffe/jersey-servlet-1.14.jar, file:/Users/hpatel/.gradle/caches/modules-2/files-2.1/org.slf4j/slf4j-log4j12/1.7.5/6edffc576ce104ec769d954618764f39f0f0f10d/slf4j-log4j12-1.7.5.jar, file:/Users/hpatel/.gradle/caches/modules-2/files-2.1/org.apache.commons/commons-math3/3.1.1/6719d757a98ff24a83d9d727bef9cec83f59b6e1/commons-math3-3.1.1.jar, file:/Users/hpatel/.gradle/caches/modules-2/files-2.1/commons-io/commons-io/2.4/b1b6ea3b7e4aa4f492509a4952029cd8e48019ad/commons-io-2.4.jar, file:/Users/hpatel/.gradle/caches/modules-2/files-2.1/com.sun.jersey/jersey-json/1.9/1aa73e1896bcc7013fed247157d7f676226eb432/jersey-json-1.9.jar, file:/Users/hpatel/.gradle/caches/modules-2/files-2.1/log4j/log4j/1.2.17/5af35056b4d257e4b64b9e8069c0746e8b08629f/log4j-1.2.17.jar, file:/Users/hpatel/.gradle/caches/modules-2/files-2.1/com.google.code.gson/gson/2.2.4/a60a5e993c98c864010053cb901b7eab25306568/gson-2.2.4.jar, file:/Users/hpatel/.gradle/caches/modules-2/files-2.1/org.apache.hadoop/hadoop-auth/2.5.0-cdh5.3.3/847eb288da72acfdd7d202da5149dec6cd20ceba/hadoop-auth-2.5.0-cdh5.3.3.jar, file:/Users/hpatel/.gradle/caches/modules-2/files-2.1/com.jcraft/jsch/0.1.42/a86104b0f2e0c0bab5b0df836065823a99b5e334/jsch-0.1.42.jar, file:/Users/hpatel/.gradle/caches/modules-2/files-2.1/org.apache.curator/curator-client/2.6.0/b9007c357ad1a78066fc6004e8b1feaa2318f6f3/curator-client-2.6.0.jar, file:/Users/hpatel/.gradle/caches/modules-2/files-2.1/org.apache.curator/curator-recipes/2.6.0/8736b0fc42e6bf006d585fe85c90aaa4ade5cbef/curator-recipes-2.6.0.jar, file:/Users/hpatel/.gradle/caches/modules-2/files-2.1/com.google.code.findbugs/jsr305/1.3.9/40719ea6961c0cb6afaeb6a921eaa1f6afd4cfdf/jsr305-1.3.9.jar, file:/Users/hpatel/.gradle/caches/modules-2/files-2.1/org.apache.commons/commons-compress/1.4.1/b02e84a993d88568417536240e970c4b809126fd/commons-compress-1.4.1.jar, file:/Users/hpatel/.gradle/caches/modules-2/files-2.1/org.apache.hive.shims/hive-shims-common/0.13.1-cdh5.3.3/3d9e5245018fbde18f52c4ab25fc35afdec2fc0a/hive-shims-common-0.13.1-cdh5.3.3.jar, file:/Users/hpatel/.gradle/caches/modules-2/files-2.1/org.apache.hive.shims/hive-shims-common-secure/0.13.1-cdh5.3.3/6b29a16b2a41b89bdbbc681c257ad7f766a90bcb/hive-shims-common-secure-0.13.1-cdh5.3.3.jar, file:/Users/hpatel/.gradle/caches/modules-2/files-2.1/org.apache.hive.shims/hive-shims-0.23/0.13.1-cdh5.3.3/7ab834955a767af200d1d9151c204751637d9ca9/hive-shims-0.23-0.13.1-cdh5.3.3.jar, file:/Users/hpatel/.gradle/caches/modules-2/files-2.1/org.apache.hive.shims/hive-shims-scheduler/0.13.1-cdh5.3.3/b6644420b74f936a838f7f3fd2fa19c19add0449/hive-shims-scheduler-0.13.1-cdh5.3.3.jar, file:/Users/hpatel/.gradle/caches/modules-2/files-2.1/org.apache.hadoop/hadoop-mapreduce-client-common/2.5.0-cdh5.3.3/f0d777bb76ca9f540c0c81a45934f0f5cf9975b8/hadoop-mapreduce-client-common-2.5.0-cdh5.3.3.jar, file:/Users/hpatel/.gradle/caches/modules-2/files-2.1/org.apache.hadoop/hadoop-mapreduce-client-shuffle/2.5.0-cdh5.3.3/b6c4316f6fcc406edf7e5bd77c50e46034ad5519/hadoop-mapreduce-client-shuffle-2.5.0-cdh5.3.3.jar, file:/Users/hpatel/.gradle/caches/modules-2/files-2.1/org.apache.hadoop/hadoop-yarn-common/2.5.0-cdh5.3.3/9499713b674eae1aa714fcd0e95e0d09daaf3824/hadoop-yarn-common-2.5.0-cdh5.3.3.jar, file:/Users/hpatel/.gradle/caches/modules-2/files-2.1/com.fasterxml.jackson.core/jackson-databind/2.2.3/3ae380888029daefb91d3ecdca3a37d8cb92bc9/jackson-databind-2.2.3.jar, file:/Users/hpatel/.gradle/caches/modules-2/files-2.1/com.fasterxml.jackson.core/jackson-annotations/2.2.3/527fece4f23a457070a36c371a26d6c0208e1c3/jackson-annotations-2.2.3.jar, file:/Users/hpatel/.gradle/caches/modules-2/files-2.1/com.amazonaws/aws-java-sdk/1.7.4/2c24ccb6f1ab845a7df971951d4b41c709a6517d/aws-java-sdk-1.7.4.jar, file:/Users/hpatel/.gradle/caches/modules-2/files-2.1/commons-digester/commons-digester/1.8/dc6a73fdbd1fa3f0944e8497c6c872fa21dca37e/commons-digester-1.8.jar, file:/Users/hpatel/.gradle/caches/modules-2/files-2.1/commons-beanutils/commons-beanutils-core/1.8.0/175dc721f87e4bc5cc0573f990e28c3cf9117508/commons-beanutils-core-1.8.0.jar, file:/Users/hpatel/.gradle/caches/modules-2/files-2.1/xml-apis/xml-apis/1.0.b2/3136ca936f64c9d68529f048c2618bd356bf85c9/xml-apis-1.0.b2.jar, file:/Users/hpatel/.gradle/caches/modules-2/files-2.1/com.thoughtworks.paranamer/paranamer/2.3/4a85963a752c0a2f715c3924bfc686865e7e1bc6/paranamer-2.3.jar, file:/Users/hpatel/.gradle/caches/modules-2/files-2.1/org.xerial.snappy/snappy-java/1.0.5/10cb4550360a0ec6b80f09a5209d00b6058e82bf/snappy-java-1.0.5.jar, file:/Users/hpatel/.gradle/caches/modules-2/files-2.1/org.codehaus.jettison/jettison/1.1/1a01a2a1218fcf9faa2cc2a6ced025bdea687262/jettison-1.1.jar, file:/Users/hpatel/.gradle/caches/modules-2/files-2.1/com.sun.xml.bind/jaxb-impl/2.2.3-1/56baae106392040a45a06d4a41099173425da1e6/jaxb-impl-2.2.3-1.jar, file:/Users/hpatel/.gradle/caches/modules-2/files-2.1/org.apache.directory.server/apacheds-kerberos-codec/2.0.0-M15/1c16e4e477183641c5f0dd5cdecd27ec331bacb5/apacheds-kerberos-codec-2.0.0-M15.jar, file:/Users/hpatel/.gradle/caches/modules-2/files-2.1/org.apache.curator/curator-framework/2.6.0/81a699c39d127b5b4ff97cc77da7650b53e5b5ed/curator-framework-2.6.0.jar, file:/Users/hpatel/.gradle/caches/modules-2/files-2.1/org.tukaani/xz/1.0/ecff5cb8b1189514c9d1d8d68eb77ac372e000c9/xz-1.0.jar, file:/Users/hpatel/.gradle/caches/modules-2/files-2.1/org.apache.hadoop/hadoop-yarn-client/2.5.0-cdh5.3.3/2d2ce5d0138d02b20aefcfc1ee8dd6f691911f63/hadoop-yarn-client-2.5.0-cdh5.3.3.jar, file:/Users/hpatel/.gradle/caches/modules-2/files-2.1/org.apache.hadoop/hadoop-yarn-server-common/2.5.0-cdh5.3.3/d099fcc19f56d477fa6b5b47ae4e06bb97538778/hadoop-yarn-server-common-2.5.0-cdh5.3.3.jar, file:/Users/hpatel/.gradle/caches/modules-2/files-2.1/org.apache.hadoop/hadoop-yarn-server-nodemanager/2.5.0-cdh5.3.3/278b2d7a6454ce57a94ab02a88c0b188afc8facc/hadoop-yarn-server-nodemanager-2.5.0-cdh5.3.3.jar, file:/Users/hpatel/.gradle/caches/modules-2/files-2.1/org.fusesource.leveldbjni/leveldbjni-all/1.8/707350a2eeb1fa2ed77a32ddb3893ed308e941db/leveldbjni-all-1.8.jar, file:/Users/hpatel/.gradle/caches/modules-2/files-2.1/javax.xml.bind/jaxb-api/2.2.2/aeb3021ca93dde265796d82015beecdcff95bf09/jaxb-api-2.2.2.jar, file:/Users/hpatel/.gradle/caches/modules-2/files-2.1/com.google.inject/guice/3.0/9d84f15fe35e2c716a02979fb62f50a29f38aefa/guice-3.0.jar, file:/Users/hpatel/.gradle/caches/modules-2/files-2.1/com.sun.jersey.contribs/jersey-guice/1.9/5963c28c47df7e5d6ad34cec80c071c368777f7b/jersey-guice-1.9.jar, file:/Users/hpatel/.gradle/caches/modules-2/files-2.1/com.fasterxml.jackson.core/jackson-core/2.2.3/1a0113da2cab5f4c216b4e5e7c1dbfaa67087e14/jackson-core-2.2.3.jar, file:/Users/hpatel/.gradle/caches/modules-2/files-2.1/commons-beanutils/commons-beanutils/1.7.0/5675fd96b29656504b86029551973d60fb41339b/commons-beanutils-1.7.0.jar, file:/Users/hpatel/.gradle/caches/modules-2/files-2.1/org.apache.directory.server/apacheds-i18n/2.0.0-M15/71c61c84683152ec2a6a65f3f96fe534e304fa22/apacheds-i18n-2.0.0-M15.jar, file:/Users/hpatel/.gradle/caches/modules-2/files-2.1/org.apache.directory.api/api-asn1-api/1.0.0-M20/5e6486ffa3125ba44dc410ead166e1d6ba8ac76d/api-asn1-api-1.0.0-M20.jar, file:/Users/hpatel/.gradle/caches/modules-2/files-2.1/org.apache.directory.api/api-util/1.0.0-M20/a871abf060b3cf83fc6dc4d7e3d151fce50ac3cb/api-util-1.0.0-M20.jar, file:/Users/hpatel/.gradle/caches/modules-2/files-2.1/com.sun.jersey/jersey-client/1.9/d3c4b2b5f89db32c96ceddcb863684821910a7bb/jersey-client-1.9.jar, file:/Users/hpatel/.gradle/caches/modules-2/files-2.1/javax.xml.stream/stax-api/1.0-2/d6337b0de8b25e53e81b922352fbea9f9f57ba0b/stax-api-1.0-2.jar, file:/Users/hpatel/.gradle/caches/modules-2/files-2.1/javax.activation/activation/1.1/e6cb541461c2834bdea3eb920f1884d1eb508b50/activation-1.1.jar, file:/Users/hpatel/.gradle/caches/modules-2/files-2.1/javax.inject/javax.inject/1/6975da39a7040257bd51d21a231b76c915872d38/javax.inject-1.jar, file:/Users/hpatel/.gradle/caches/modules-2/files-2.1/aopalliance/aopalliance/1.0/235ba8b489512805ac13a8f9ea77a1ca5ebe3e8/aopalliance-1.0.jar, file:/Users/hpatel/.gradle/caches/modules-2/files-2.1/org.sonatype.sisu.inject/cglib/2.2.1-v20090111/7ce5e983fd0e6c78346f4c9cbfa39d83049dda2/cglib-2.2.1-v20090111.jar, file:/Users/hpatel/.gradle/caches/modules-2/files-2.1/asm/asm/3.1/c157def142714c544bdea2e6144645702adf7097/asm-3.1.jar, file:/Users/hpatel/.gradle/caches/modules-2/files-2.1/org.apache.hive/hive-service/0.13.1-cdh5.3.3/c7979b4213bfb62823d43ba726e0fea58032dd1e/hive-service-0.13.1-cdh5.3.3.jar, file:/Users/hpatel/.gradle/caches/modules-2/files-2.1/net.sf.jpam/jpam/1.1/cb3d91c2dfda767518a371dbb02edfd6a4aa0600/jpam-1.1.jar, file:/Users/hpatel/.gradle/caches/modules-2/files-2.1/org.eclipse.jetty.aggregate/jetty-all/7.6.0.v20120127/47bb68e3837e5c6422138dd1e0d4d75c60dce87a/jetty-all-7.6.0.v20120127.jar, file:/Users/hpatel/.gradle/caches/modules-2/files-2.1/org.apache.thrift/libfb303/0.9.0/639bd69767fdbd7f658ce8233248fe1cea635164/libfb303-0.9.0.jar, file:/Users/hpatel/.gradle/caches/modules-2/files-2.1/org.apache.geronimo.specs/geronimo-jta_1.1_spec/1.1.1/aabab3165b8ea936b9360abbf448459c0d04a5a4/geronimo-jta_1.1_spec-1.1.1.jar, file:/Users/hpatel/.gradle/caches/modules-2/files-2.1/javax.mail/mail/1.4.1/8b7bc69010655425dabf091b51d1e90b4de36715/mail-1.4.1.jar, file:/Users/hpatel/.gradle/caches/modules-2/files-2.1/org.apache.geronimo.specs/geronimo-jaspic_1.0_spec/1.0/44b95be7dae1147716dce5336419eafade880756/geronimo-jaspic_1.0_spec-1.0.jar, file:/Users/hpatel/.gradle/caches/modules-2/files-2.1/org.apache.geronimo.specs/geronimo-annotation_1.0_spec/1.1.1/47caa799389f69d297b86bf90523d431599c3796/geronimo-annotation_1.0_spec-1.1.1.jar, file:/Users/hpatel/.gradle/caches/modules-2/files-2.1/asm/asm-commons/3.1/1b607fbfe7889c6fdff1b7c16439ade0a60869ac/asm-commons-3.1.jar, file:/Users/hpatel/.gradle/caches/modules-2/files-2.1/asm/asm-tree/3.1/c9a5d4334ddf194ea492f22107d45119a5c5322f/asm-tree-3.1.jar, file:/Users/hpatel/.gradle/caches/modules-2/files-2.1/commons-lang/commons-lang/2.6/ce1edb914c94ebc388f086c6827e8bdeec71ac2/commons-lang-2.6.jar, file:/Users/hpatel/.gradle/caches/modules-2/files-2.1/org.mortbay.jetty/jetty/6.1.26.cloudera.4/d59325a5ff8ff18f7543bc3fbb9d5efa0c0ff521/jetty-6.1.26.cloudera.4.jar, file:/Users/hpatel/.gradle/caches/modules-2/files-2.1/org.mortbay.jetty/jetty-util/6.1.26.cloudera.4/b8507b7c5d3fd9a3d01775272cbf1a63f530c19d/jetty-util-6.1.26.cloudera.4.jar, file:/Users/hpatel/.gradle/caches/modules-2/files-2.1/net.java.dev.jets3t/jets3t/0.9.0/792bc96ee7e57b89f472aa0cb5a31015b9f59c96/jets3t-0.9.0.jar, file:/Users/hpatel/.gradle/caches/modules-2/files-2.1/com.jamesmurty.utils/java-xmlbuilder/0.4/ac5962e48cdee3a0a6e1f8e00fcb594747ac5aaf/java-xmlbuilder-0.4.jar, file:/Users/hpatel/.gradle/caches/modules-2/files-2.1/com.google.protobuf/protobuf-java/2.5.0/a10732c76bfacdbd633a7eb0f7968b1059a65dfa/protobuf-java-2.5.0.jar, file:/Users/hpatel/.gradle/caches/modules-2/files-2.1/org.apache.hive/hive-exec/0.13.1-cdh5.3.3/4d935274127f47dd9c0875efcf317ba49aef1219/hive-exec-0.13.1-cdh5.3.3.jar, file:/Users/hpatel/.gradle/caches/modules-2/files-2.1/org.apache.hive/hive-ant/0.13.1-cdh5.3.3/86954e92a903253177cd6935798c50a6c32b7b81/hive-ant-0.13.1-cdh5.3.3.jar, file:/Users/hpatel/.gradle/caches/modules-2/files-2.1/org.antlr/antlr-runtime/3.4/8f011408269a8e42b8548687e137d8eeb56df4b4/antlr-runtime-3.4.jar, file:/Users/hpatel/.gradle/caches/modules-2/files-2.1/org.antlr/ST4/4.0.4/467a2aa12be6d0f0f68c70eecf6714ab733027ac/ST4-4.0.4.jar, file:/Users/hpatel/.gradle/caches/modules-2/files-2.1/org.apache.ant/ant/1.9.1/35900c96dbebc85dcfbd71f4661059ebcf93c077/ant-1.9.1.jar, file:/Users/hpatel/.gradle/caches/modules-2/files-2.1/org.codehaus.groovy/groovy-all/2.1.6/165b8246372a829c1915611646f6d964010656cf/groovy-all-2.1.6.jar, file:/Users/hpatel/.gradle/caches/modules-2/files-2.1/stax/stax-api/1.0.1/49c100caf72d658aca8e58bd74a4ba90fa2b0d70/stax-api-1.0.1.jar, file:/Users/hpatel/.gradle/caches/modules-2/files-2.1/org.apache.velocity/velocity/1.5/9f306baf7523ffc0e81a6353d08a584d254133b/velocity-1.5.jar, file:/Users/hpatel/.gradle/caches/modules-2/files-2.1/org.antlr/stringtemplate/3.2.1/59ec8083721eae215c6f3caee944c410d2be34de/stringtemplate-3.2.1.jar, file:/Users/hpatel/.gradle/caches/modules-2/files-2.1/antlr/antlr/2.7.7/83cd2cd674a217ade95a4bb83a8a14f351f48bd0/antlr-2.7.7.jar, file:/Users/hpatel/.gradle/caches/modules-2/files-2.1/org.apache.ant/ant-launcher/1.9.1/7c71043ca185eaada9e36391dd022d92859327de/ant-launcher-1.9.1.jar, file:/Users/hpatel/.gradle/caches/modules-2/files-2.1/oro/oro/2.0.8/5592374f834645c4ae250f4c9fbb314c9369d698/oro-2.0.8.jar, file:/Users/hpatel/.gradle/caches/modules-2/files-2.1/org.codehaus.jackson/jackson-core-asl/1.9.13/3c304d70f42f832e0a86d45bd437f692129299a4/jackson-core-asl-1.9.13.jar, file:/Users/hpatel/.gradle/caches/modules-2/files-2.1/org.codehaus.jackson/jackson-mapper-asl/1.9.13/1ee2f2bed0e5dd29d1cb155a166e6f8d50bbddb7/jackson-mapper-asl-1.9.13.jar, file:/Users/hpatel/.gradle/caches/modules-2/files-2.1/org.slf4j/slf4j-api/1.7.6/562424e36df3d2327e8e9301a76027fca17d54ea/slf4j-api-1.7.6.jar, file:/Users/hpatel/.gradle/caches/modules-2/files-2.1/com.sun.jersey/jersey-server/1.14/b1a21724c9b708ed54d42d41bb19ff45ae1d49d9/jersey-server-1.14.jar, file:/Users/hpatel/.gradle/caches/modules-2/files-2.1/org.apache.httpcomponents/httpclient/4.2.5/666e26e76f2e87d84e4f16acb546481ae1b8e9a6/httpclient-4.2.5.jar, file:/Users/hpatel/.gradle/caches/modules-2/files-2.1/org.apache.zookeeper/zookeeper/3.4.6/1b2502e29da1ebaade2357cd1de35a855fa3755/zookeeper-3.4.6.jar, file:/Users/hpatel/.gradle/caches/modules-2/files-2.1/com.google.guava/guava/16.0.1/5fa98cd1a63c99a44dd8d3b77e4762b066a5d0c5/guava-16.0.1.jar, file:/Users/hpatel/.gradle/caches/modules-2/files-2.1/org.codehaus.jackson/jackson-jaxrs/1.8.8/71b16055388e9bd3991c3c3834e8e55098b789f1/jackson-jaxrs-1.8.8.jar, file:/Users/hpatel/.gradle/caches/modules-2/files-2.1/org.codehaus.jackson/jackson-xc/1.8.8/52efa08bc1e4cfea168f552b9e3088297d9d0926/jackson-xc-1.8.8.jar, file:/Users/hpatel/.gradle/caches/modules-2/files-2.1/org.apache.hive/hive-metastore/0.13.1-cdh5.3.3/ca93686a17f064a5ab6587799721cddd7836e53a/hive-metastore-0.13.1-cdh5.3.3.jar, file:/Users/hpatel/.gradle/caches/modules-2/files-2.1/com.jolbox/bonecp/0.8.0.RELEASE/cec24ee9345b3678472bb1b8fdd6aa6b9428beb8/bonecp-0.8.0.RELEASE.jar, file:/Users/hpatel/.gradle/caches/modules-2/files-2.1/org.apache.derby/derby/10.10.1.1/9f6f910f0373adc1b23c10f9b4bb151b7e7449f/derby-10.10.1.1.jar, file:/Users/hpatel/.gradle/caches/modules-2/files-2.1/javax.jdo/jdo-api/3.0.1/58e7a538e020b73871e232eeb064835fd98a492/jdo-api-3.0.1.jar, file:/Users/hpatel/.gradle/caches/modules-2/files-2.1/javax.transaction/jta/1.1/2ca09f0b36ca7d71b762e14ea2ff09d5eac57558/jta-1.1.jar, file:/Users/hpatel/.gradle/caches/modules-2/files-2.1/org.apache.thrift/libthrift/0.9.0/9ba8df332b5db95ce7f3b7a83e44d796c3d014d3/libthrift-0.9.0.jar, file:/Users/hpatel/.gradle/caches/modules-2/files-2.1/org.apache.httpcomponents/httpcore/4.2.4/3b7f38df6de5dd8b500e602ae8c2dd5ee446f883/httpcore-4.2.4.jar, file:/Users/hpatel/.gradle/caches/modules-2/files-2.1/com.sun.jersey/jersey-core/1.14/693061de8b9b352b11e997b1dd4052677778852d/jersey-core-1.14.jar, file:/Users/hpatel/.gradle/caches/modules-2/files-2.1/commons-codec/commons-codec/1.6/b7f0fc8f61ecadeb3695f0b9464755eee44374d4/commons-codec-1.6.jar, file:/Users/hpatel/.gradle/caches/modules-2/files-2.1/io.netty/netty/3.7.0.Final/7a8c35599c68c0bf383df74469aa3e03d9aca87/netty-3.7.0.Final.jar]
15/09/06 13:13:53 INFO mr.ObjectCache: Ignoring retrieval request: __MAP_PLAN__
15/09/06 13:13:53 INFO mr.ObjectCache: Ignoring cache key: __MAP_PLAN__
15/09/06 13:13:53 INFO exec.MapOperator: dump TS struct<file_name:string,gen_id:string,dms_system:string,dms_version:string,transmit_ts:string,orig_transmit_ts:string,transmit_by:string,record_status:string,dealer_updt_ind:string,store_number:string,part_type:string,store_name:string,inventory_store_number:string,cat_emrg_dealer_code:string,cat_stock_dealer_code:string,stock_replen_store_number:string,stock_replen_lead_time:string,lst_updt_ts:string,orig_lst_updt_ts:string,lst_updt_by_id:string,file_ins_ts:string,orig_file_ins_ts:string,exp_stock_plan_lead_time:string,dealer_code:string>
15/09/06 13:13:53 INFO mr.ExecMapper: 
<MAP>Id =158
  <Children>
    <TS>Id =153
      <Children>
        <SEL>Id =154
          <Children>
            <RS>Id =156
              <Children>
              <\Children>
              <Parent>Id = 154 null<\Parent>
            <\RS>
          <\Children>
          <Parent>Id = 153 null<\Parent>
        <\SEL>
      <\Children>
      <Parent>Id = 158 null<\Parent>
    <\TS>
  <\Children>
  <Parent><\Parent>
<\MAP>
15/09/06 13:13:53 INFO exec.MapOperator: Initializing Self 158 MAP
15/09/06 13:13:53 INFO exec.TableScanOperator: Initializing Self 153 TS
15/09/06 13:13:53 INFO exec.TableScanOperator: Operator 153 TS initialized
15/09/06 13:13:53 INFO exec.TableScanOperator: Initializing children of 153 TS
15/09/06 13:13:53 INFO exec.SelectOperator: Initializing child 154 SEL
15/09/06 13:13:53 INFO exec.SelectOperator: Initializing Self 154 SEL
15/09/06 13:13:53 INFO exec.SelectOperator: SELECT struct<file_name:string,gen_id:string,dms_system:string,dms_version:string,transmit_ts:string,orig_transmit_ts:string,transmit_by:string,record_status:string,dealer_updt_ind:string,store_number:string,part_type:string,store_name:string,inventory_store_number:string,cat_emrg_dealer_code:string,cat_stock_dealer_code:string,stock_replen_store_number:string,stock_replen_lead_time:string,lst_updt_ts:string,orig_lst_updt_ts:string,lst_updt_by_id:string,file_ins_ts:string,orig_file_ins_ts:string,exp_stock_plan_lead_time:string,dealer_code:string>
15/09/06 13:13:53 INFO exec.SelectOperator: Operator 154 SEL initialized
15/09/06 13:13:53 INFO exec.SelectOperator: Initializing children of 154 SEL
15/09/06 13:13:53 INFO exec.ReduceSinkOperator: Initializing child 156 RS
15/09/06 13:13:53 INFO exec.ReduceSinkOperator: Initializing Self 156 RS
15/09/06 13:13:53 INFO exec.ReduceSinkOperator: Using tag = -1
15/09/06 13:13:53 INFO exec.ReduceSinkOperator: Operator 156 RS initialized
15/09/06 13:13:53 INFO exec.ReduceSinkOperator: Initialization Done 156 RS
15/09/06 13:13:53 INFO exec.SelectOperator: Initialization Done 154 SEL
15/09/06 13:13:53 INFO exec.TableScanOperator: Initialization Done 153 TS
15/09/06 13:13:53 INFO exec.MapOperator: Initialization Done 158 MAP
15/09/06 13:13:53 INFO exec.MapOperator: Processing alias dh for file file:/var/folders/y7/4_pz5fzx54ngcmghz3v6t3m00000gn/T/junit5531707031763717248/hadooptmp/dealer_hierarchy/temp_data/dealer_code=AAAA
15/09/06 13:13:53 WARN lazy.LazyStruct: Extra bytes detected at the end of the row! Ignoring similar problems.
15/09/06 13:13:53 INFO mr.ExecMapper: ExecMapper: processing 1 rows: used memory = 1212312240
15/09/06 13:13:53 INFO io.HiveContextAwareRecordReader: Processing file file:/var/folders/y7/4_pz5fzx54ngcmghz3v6t3m00000gn/T/junit5531707031763717248/hadooptmp/dealer_hierarchy/temp_data/dealer_code=ZZZZ/temp_data_from_file.csv
15/09/06 13:13:53 INFO exec.MapOperator: Processing alias dh for file file:/var/folders/y7/4_pz5fzx54ngcmghz3v6t3m00000gn/T/junit5531707031763717248/hadooptmp/dealer_hierarchy/temp_data/dealer_code=ZZZZ
15/09/06 13:13:53 WARN lazy.LazyStruct: Extra bytes detected at the end of the row! Ignoring similar problems.
15/09/06 13:13:53 INFO exec.MapOperator: 158 finished. closing... 
15/09/06 13:13:53 INFO exec.MapOperator: DESERIALIZE_ERRORS:0
15/09/06 13:13:53 INFO exec.TableScanOperator: 153 finished. closing... 
15/09/06 13:13:53 INFO exec.SelectOperator: 154 finished. closing... 
15/09/06 13:13:53 INFO exec.ReduceSinkOperator: 156 finished. closing... 
15/09/06 13:13:53 INFO exec.ReduceSinkOperator: 156 Close done
15/09/06 13:13:53 INFO exec.SelectOperator: 154 Close done
15/09/06 13:13:53 INFO exec.TableScanOperator: 153 Close done
15/09/06 13:13:53 INFO exec.MapOperator: 158 Close done
15/09/06 13:13:53 INFO mr.ExecMapper: ExecMapper: processed 4 rows: used memory = 1212312240
15/09/06 13:13:53 INFO mapred.MapTask: Starting flush of map output
15/09/06 13:13:53 INFO mapred.MapTask: Finished spill 0
15/09/06 13:13:53 INFO mapred.Task: Task:attempt_local918099288_0011_m_000000_0 is done. And is in the process of commiting
15/09/06 13:13:53 INFO mapred.LocalJobRunner: file:/var/folders/y7/4_pz5fzx54ngcmghz3v6t3m00000gn/T/junit5531707031763717248/hadooptmp/dealer_hierarchy/temp_data/dealer_code=ZZZZ/temp_data_from_file.csv:0+626
15/09/06 13:13:53 INFO mapred.Task: Task 'attempt_local918099288_0011_m_000000_0' done.
15/09/06 13:13:53 INFO mapred.LocalJobRunner: Finishing task: attempt_local918099288_0011_m_000000_0
15/09/06 13:13:53 INFO mapred.LocalJobRunner: Map task executor complete.
15/09/06 13:13:53 WARN mapreduce.Counters: Group org.apache.hadoop.mapred.Task$Counter is deprecated. Use org.apache.hadoop.mapreduce.TaskCounter instead
2015-09-06 13:13:53,158 Stage-1 map = 100%,  reduce = 0%
15/09/06 13:13:53 INFO exec.Task: 2015-09-06 13:13:53,158 Stage-1 map = 100%,  reduce = 0%
15/09/06 13:13:53 INFO mapred.Task:  Using ResourceCalculatorPlugin : null
15/09/06 13:13:53 INFO mapred.LocalJobRunner: 
15/09/06 13:13:53 INFO mapred.Merger: Merging 1 sorted segments
15/09/06 13:13:53 INFO mapred.Merger: Down to the last merge-pass, with 1 segments left of total size: 974 bytes
15/09/06 13:13:53 INFO mapred.LocalJobRunner: 
15/09/06 13:13:53 INFO ExecReducer: maximum memory = 3817865216
15/09/06 13:13:53 INFO ExecReducer: conf classpath = [file:/Users/hpatel/.gradle/caches/2.1/workerMain/gradle-worker.jar, file:/Users/hpatel/Tech/Projects/CAT/ddsw_dev/hive-test/build/classes/test/, file:/Users/hpatel/Tech/Projects/CAT/ddsw_dev/hive-test/build/resources/test/, file:/Users/hpatel/Tech/Projects/CAT/ddsw_dev/hive-test/build/classes/main/, file:/Users/hpatel/Tech/Projects/CAT/ddsw_dev/hive-test/build/resources/main, file:/Users/hpatel/.gradle/caches/modules-2/files-2.1/junit/junit/4.11/4e031bb61df09069aeb2bffb4019e7a5034a4ee0/junit-4.11.jar, file:/Users/hpatel/.gradle/caches/modules-2/files-2.1/com.klarna/hiverunner/1.0.0/e26bb0655fff4d88fab91f331793d9fc1db392cc/HiveRunner-1.0.0.jar, file:/Users/hpatel/Tech/Projects/CAT/ddsw_dev/custom-cat-udfs/build/libs/custom-cat-udfs-0.1.38-SNAPSHOT.jar, file:/Users/hpatel/.gradle/caches/modules-2/files-2.1/org.apache.hadoop/hadoop-client/2.5.0-cdh5.3.3/ec3cd6a8cb043e73a42918934c5d3a3f2747c78b/hadoop-client-2.5.0-cdh5.3.3.jar, file:/Users/hpatel/.gradle/caches/modules-2/files-2.1/org.hsqldb/hsqldb/2.3.1/bd7153caa30958e1c64a3dd38b93e5a7442d9a0e/hsqldb-2.3.1.jar, file:/Users/hpatel/.gradle/caches/modules-2/files-2.1/org.apache.hadoop/hadoop-core/2.5.0-mr1-cdh5.3.3/f6f4a77f818757da51ae0244310855779c04c4be/hadoop-core-2.5.0-mr1-cdh5.3.3.jar, file:/Users/hpatel/.gradle/caches/modules-2/files-2.1/org.reflections/reflections/0.9.8/f723abb59bf512952bfc503838f70f81487a6993/reflections-0.9.8.jar, file:/Users/hpatel/.gradle/caches/modules-2/files-2.1/org.mockito/mockito-core/1.10.19/e8546f5bef4e061d8dd73895b4e8f40e3fe6effe/mockito-core-1.10.19.jar, file:/Users/hpatel/.gradle/caches/modules-2/files-2.1/org.hamcrest/hamcrest-core/1.3/42a25dc3219429f0e5d060061f71acb49bf010a0/hamcrest-core-1.3.jar, file:/Users/hpatel/.gradle/caches/modules-2/files-2.1/org.pentaho/pentaho-aggdesigner-algorithm/5.1.5-jhyde/c52379c645c6c85300e645dff7c72653bf85baa2/pentaho-aggdesigner-algorithm-5.1.5-jhyde.jar, file:/Users/hpatel/.gradle/caches/modules-2/files-2.1/org.apache.hive/hive-serde/0.13.1-cdh5.3.3/9cee47c844d726e9bcef6ab292e1319b7fbddaa3/hive-serde-0.13.1-cdh5.3.3.jar, file:/Users/hpatel/.gradle/caches/modules-2/files-2.1/org.apache.hadoop/hadoop-common/2.5.0-cdh5.3.3/f0862eb1dc33c1807ea29a248af75551e3c6836a/hadoop-common-2.5.0-cdh5.3.3.jar, file:/Users/hpatel/.gradle/caches/modules-2/files-2.1/org.apache.hive/hive-contrib/0.13.1-cdh5.3.3/bf89b429c9b173ac275dc0c1623f5c30e780ee98/hive-contrib-0.13.1-cdh5.3.3.jar, file:/Users/hpatel/.gradle/caches/modules-2/files-2.1/org.datanucleus/datanucleus-core/3.2.12/3212183bb5a2826cd5ff194b9a54619dd0bdf31f/datanucleus-core-3.2.12.jar, file:/Users/hpatel/.gradle/caches/modules-2/files-2.1/org.datanucleus/datanucleus-rdbms/3.2.11/5b053144c89fdff1505b853aa7f1e5ba7657da75/datanucleus-rdbms-3.2.11.jar, file:/Users/hpatel/.gradle/caches/modules-2/files-2.1/org.datanucleus/datanucleus-api-jdo/3.2.8/efc60221fbc91e95cf5758b98c6c5531660696cb/datanucleus-api-jdo-3.2.8.jar, file:/Users/hpatel/.gradle/caches/modules-2/files-2.1/org.apache.hive/hive-shims/0.13.1-cdh5.3.3/47b029532c0b9d45526dcdd858823e6f9634ab81/hive-shims-0.13.1-cdh5.3.3.jar, file:/Users/hpatel/.gradle/caches/modules-2/files-2.1/org.apache.commons/commons-lang3/3.3.1/6738a2da2202ce360f0af90aba005c1e05a2c4cd/commons-lang3-3.3.1.jar, file:/Users/hpatel/.gradle/caches/modules-2/files-2.1/joda-time/joda-time/2.3/56498efd17752898cfcc3868c1b6211a07b12b8f/joda-time-2.3.jar, file:/Users/hpatel/.gradle/caches/modules-2/files-2.1/org.apache.hadoop/hadoop-hdfs/2.5.0-cdh5.3.3/5dd5e2be13d89a9eaab89d3a33bcdf6677671aa9/hadoop-hdfs-2.5.0-cdh5.3.3.jar, file:/Users/hpatel/.gradle/caches/modules-2/files-2.1/org.apache.hadoop/hadoop-mapreduce-client-app/2.5.0-cdh5.3.3/579948f8fa6d9d72bf507bd021fa3dcc0670e95f/hadoop-mapreduce-client-app-2.5.0-cdh5.3.3.jar, file:/Users/hpatel/.gradle/caches/modules-2/files-2.1/org.apache.hadoop/hadoop-yarn-api/2.5.0-cdh5.3.3/a6d9b4b7cbcacd000350a3e33c70269101b5fc79/hadoop-yarn-api-2.5.0-cdh5.3.3.jar, file:/Users/hpatel/.gradle/caches/modules-2/files-2.1/org.apache.hadoop/hadoop-mapreduce-client-core/2.5.0-cdh5.3.3/f2c8eaa2b8a5839a7781f04cf59c4d1abfefec9e/hadoop-mapreduce-client-core-2.5.0-cdh5.3.3.jar, file:/Users/hpatel/.gradle/caches/modules-2/files-2.1/org.apache.hadoop/hadoop-mapreduce-client-jobclient/2.5.0-cdh5.3.3/f8baecab9a91245a97e29e4867a7f5ae128ef8a9/hadoop-mapreduce-client-jobclient-2.5.0-cdh5.3.3.jar, file:/Users/hpatel/.gradle/caches/modules-2/files-2.1/org.apache.hadoop/hadoop-aws/2.5.0-cdh5.3.3/f712d9cf59c859914254bed5c87ee4e5a2204e78/hadoop-aws-2.5.0-cdh5.3.3.jar, file:/Users/hpatel/.gradle/caches/modules-2/files-2.1/org.apache.hadoop/hadoop-annotations/2.5.0-cdh5.3.3/e3b40743127d82ff7a6f263d00419368a46ce608/hadoop-annotations-2.5.0-cdh5.3.3.jar, file:/Users/hpatel/.gradle/caches/modules-2/files-2.1/commons-collections/commons-collections/3.2.1/761ea405b9b37ced573d2df0d1e3a4e0f9edc668/commons-collections-3.2.1.jar, file:/Users/hpatel/.gradle/caches/modules-2/files-2.1/commons-configuration/commons-configuration/1.6/32cadde23955d7681b0d94a2715846d20b425235/commons-configuration-1.6.jar, file:/Users/hpatel/.gradle/caches/modules-2/files-2.1/jline/jline/0.9.94/99a18e9a44834afdebc467294e1138364c207402/jline-0.9.94.jar, file:/Users/hpatel/.gradle/caches/modules-2/files-2.1/commons-cli/commons-cli/1.2/2bf96b7aa8b611c177d329452af1dc933e14501c/commons-cli-1.2.jar, file:/Users/hpatel/.gradle/caches/modules-2/files-2.1/xmlenc/xmlenc/0.52/d82554efbe65906d83b3d97bd7509289e9db561a/xmlenc-0.52.jar, file:/Users/hpatel/.gradle/caches/modules-2/files-2.1/commons-httpclient/commons-httpclient/3.1/964cd74171f427720480efdec40a7c7f6e58426a/commons-httpclient-3.1.jar, file:/Users/hpatel/.gradle/caches/modules-2/files-2.1/commons-net/commons-net/3.1/2298164a7c2484406f2aa5ac85b205d39019896f/commons-net-3.1.jar, file:/Users/hpatel/.gradle/caches/modules-2/files-2.1/tomcat/jasper-runtime/5.5.23/96ca5528a93ab47b001476b74320c644beb89dde/jasper-runtime-5.5.23.jar, file:/Users/hpatel/.gradle/caches/modules-2/files-2.1/tomcat/jasper-compiler/5.5.23/6d35bd7fb8c4fbc1f5401fb3678aa976d2e4c241/jasper-compiler-5.5.23.jar, file:/Users/hpatel/.gradle/caches/modules-2/files-2.1/javax.servlet.jsp/jsp-api/2.1/63f943103f250ef1f3a4d5e94d145a0f961f5316/jsp-api-2.1.jar, file:/Users/hpatel/.gradle/caches/modules-2/files-2.1/commons-el/commons-el/1.0/1df2c042b3f2de0124750241ac6c886dbfa2cc2c/commons-el-1.0.jar, file:/Users/hpatel/.gradle/caches/modules-2/files-2.1/javax.servlet/servlet-api/2.5/5959582d97d8b61f4d154ca9e495aafd16726e34/servlet-api-2.5.jar, file:/Users/hpatel/.gradle/caches/modules-2/files-2.1/hsqldb/hsqldb/1.8.0.10/7e9978fdb754bce5fcd5161133e7734ecb683036/hsqldb-1.8.0.10.jar, file:/Users/hpatel/.gradle/caches/modules-2/files-2.1/org.eclipse.jdt/core/3.1.1/88c83ce444cf46d02494da37c9fa1eebc9ce9cea/core-3.1.1.jar, file:/Users/hpatel/.gradle/caches/modules-2/files-2.1/javassist/javassist/3.12.1.GA/526633327faa61aee448a519e8a4d53ec3057885/javassist-3.12.1.GA.jar, file:/Users/hpatel/.gradle/caches/modules-2/files-2.1/dom4j/dom4j/1.6.1/5d3ccc056b6f056dbf0dddfdf43894b9065a8f94/dom4j-1.6.1.jar, file:/Users/hpatel/.gradle/caches/modules-2/files-2.1/org.objenesis/objenesis/2.1/87c0ea803b69252868d09308b4618f766f135a96/objenesis-2.1.jar, file:/Users/hpatel/.gradle/caches/modules-2/files-2.1/commons-logging/commons-logging/1.1.3/f6f66e966c70a83ffbdb6f17a0919eaf7c8aca7f/commons-logging-1.1.3.jar, file:/Users/hpatel/.gradle/caches/modules-2/files-2.1/org.apache.hive/hive-common/0.13.1-cdh5.3.3/e3fbf24d30a553c50ae4d4eed23f81b0e1211c5a/hive-common-0.13.1-cdh5.3.3.jar, file:/Users/hpatel/.gradle/caches/modules-2/files-2.1/org.apache.avro/avro/1.7.6-cdh5.3.3/6d90271293977d199ed07002bf35e2805405cc64/avro-1.7.6-cdh5.3.3.jar, file:/Users/hpatel/.gradle/caches/modules-2/files-2.1/net.sf.opencsv/opencsv/2.3/c23708cdb9e80a144db433e23344a788a1fd6599/opencsv-2.3.jar, file:/Users/hpatel/.gradle/caches/modules-2/files-2.1/com.sun.jersey/jersey-servlet/1.14/4b87041a59ee152757b62e47a21d5b63fde20ffe/jersey-servlet-1.14.jar, file:/Users/hpatel/.gradle/caches/modules-2/files-2.1/org.slf4j/slf4j-log4j12/1.7.5/6edffc576ce104ec769d954618764f39f0f0f10d/slf4j-log4j12-1.7.5.jar, file:/Users/hpatel/.gradle/caches/modules-2/files-2.1/org.apache.commons/commons-math3/3.1.1/6719d757a98ff24a83d9d727bef9cec83f59b6e1/commons-math3-3.1.1.jar, file:/Users/hpatel/.gradle/caches/modules-2/files-2.1/commons-io/commons-io/2.4/b1b6ea3b7e4aa4f492509a4952029cd8e48019ad/commons-io-2.4.jar, file:/Users/hpatel/.gradle/caches/modules-2/files-2.1/com.sun.jersey/jersey-json/1.9/1aa73e1896bcc7013fed247157d7f676226eb432/jersey-json-1.9.jar, file:/Users/hpatel/.gradle/caches/modules-2/files-2.1/log4j/log4j/1.2.17/5af35056b4d257e4b64b9e8069c0746e8b08629f/log4j-1.2.17.jar, file:/Users/hpatel/.gradle/caches/modules-2/files-2.1/com.google.code.gson/gson/2.2.4/a60a5e993c98c864010053cb901b7eab25306568/gson-2.2.4.jar, file:/Users/hpatel/.gradle/caches/modules-2/files-2.1/org.apache.hadoop/hadoop-auth/2.5.0-cdh5.3.3/847eb288da72acfdd7d202da5149dec6cd20ceba/hadoop-auth-2.5.0-cdh5.3.3.jar, file:/Users/hpatel/.gradle/caches/modules-2/files-2.1/com.jcraft/jsch/0.1.42/a86104b0f2e0c0bab5b0df836065823a99b5e334/jsch-0.1.42.jar, file:/Users/hpatel/.gradle/caches/modules-2/files-2.1/org.apache.curator/curator-client/2.6.0/b9007c357ad1a78066fc6004e8b1feaa2318f6f3/curator-client-2.6.0.jar, file:/Users/hpatel/.gradle/caches/modules-2/files-2.1/org.apache.curator/curator-recipes/2.6.0/8736b0fc42e6bf006d585fe85c90aaa4ade5cbef/curator-recipes-2.6.0.jar, file:/Users/hpatel/.gradle/caches/modules-2/files-2.1/com.google.code.findbugs/jsr305/1.3.9/40719ea6961c0cb6afaeb6a921eaa1f6afd4cfdf/jsr305-1.3.9.jar, file:/Users/hpatel/.gradle/caches/modules-2/files-2.1/org.apache.commons/commons-compress/1.4.1/b02e84a993d88568417536240e970c4b809126fd/commons-compress-1.4.1.jar, file:/Users/hpatel/.gradle/caches/modules-2/files-2.1/org.apache.hive.shims/hive-shims-common/0.13.1-cdh5.3.3/3d9e5245018fbde18f52c4ab25fc35afdec2fc0a/hive-shims-common-0.13.1-cdh5.3.3.jar, file:/Users/hpatel/.gradle/caches/modules-2/files-2.1/org.apache.hive.shims/hive-shims-common-secure/0.13.1-cdh5.3.3/6b29a16b2a41b89bdbbc681c257ad7f766a90bcb/hive-shims-common-secure-0.13.1-cdh5.3.3.jar, file:/Users/hpatel/.gradle/caches/modules-2/files-2.1/org.apache.hive.shims/hive-shims-0.23/0.13.1-cdh5.3.3/7ab834955a767af200d1d9151c204751637d9ca9/hive-shims-0.23-0.13.1-cdh5.3.3.jar, file:/Users/hpatel/.gradle/caches/modules-2/files-2.1/org.apache.hive.shims/hive-shims-scheduler/0.13.1-cdh5.3.3/b6644420b74f936a838f7f3fd2fa19c19add0449/hive-shims-scheduler-0.13.1-cdh5.3.3.jar, file:/Users/hpatel/.gradle/caches/modules-2/files-2.1/org.apache.hadoop/hadoop-mapreduce-client-common/2.5.0-cdh5.3.3/f0d777bb76ca9f540c0c81a45934f0f5cf9975b8/hadoop-mapreduce-client-common-2.5.0-cdh5.3.3.jar, file:/Users/hpatel/.gradle/caches/modules-2/files-2.1/org.apache.hadoop/hadoop-mapreduce-client-shuffle/2.5.0-cdh5.3.3/b6c4316f6fcc406edf7e5bd77c50e46034ad5519/hadoop-mapreduce-client-shuffle-2.5.0-cdh5.3.3.jar, file:/Users/hpatel/.gradle/caches/modules-2/files-2.1/org.apache.hadoop/hadoop-yarn-common/2.5.0-cdh5.3.3/9499713b674eae1aa714fcd0e95e0d09daaf3824/hadoop-yarn-common-2.5.0-cdh5.3.3.jar, file:/Users/hpatel/.gradle/caches/modules-2/files-2.1/com.fasterxml.jackson.core/jackson-databind/2.2.3/3ae380888029daefb91d3ecdca3a37d8cb92bc9/jackson-databind-2.2.3.jar, file:/Users/hpatel/.gradle/caches/modules-2/files-2.1/com.fasterxml.jackson.core/jackson-annotations/2.2.3/527fece4f23a457070a36c371a26d6c0208e1c3/jackson-annotations-2.2.3.jar, file:/Users/hpatel/.gradle/caches/modules-2/files-2.1/com.amazonaws/aws-java-sdk/1.7.4/2c24ccb6f1ab845a7df971951d4b41c709a6517d/aws-java-sdk-1.7.4.jar, file:/Users/hpatel/.gradle/caches/modules-2/files-2.1/commons-digester/commons-digester/1.8/dc6a73fdbd1fa3f0944e8497c6c872fa21dca37e/commons-digester-1.8.jar, file:/Users/hpatel/.gradle/caches/modules-2/files-2.1/commons-beanutils/commons-beanutils-core/1.8.0/175dc721f87e4bc5cc0573f990e28c3cf9117508/commons-beanutils-core-1.8.0.jar, file:/Users/hpatel/.gradle/caches/modules-2/files-2.1/xml-apis/xml-apis/1.0.b2/3136ca936f64c9d68529f048c2618bd356bf85c9/xml-apis-1.0.b2.jar, file:/Users/hpatel/.gradle/caches/modules-2/files-2.1/com.thoughtworks.paranamer/paranamer/2.3/4a85963a752c0a2f715c3924bfc686865e7e1bc6/paranamer-2.3.jar, file:/Users/hpatel/.gradle/caches/modules-2/files-2.1/org.xerial.snappy/snappy-java/1.0.5/10cb4550360a0ec6b80f09a5209d00b6058e82bf/snappy-java-1.0.5.jar, file:/Users/hpatel/.gradle/caches/modules-2/files-2.1/org.codehaus.jettison/jettison/1.1/1a01a2a1218fcf9faa2cc2a6ced025bdea687262/jettison-1.1.jar, file:/Users/hpatel/.gradle/caches/modules-2/files-2.1/com.sun.xml.bind/jaxb-impl/2.2.3-1/56baae106392040a45a06d4a41099173425da1e6/jaxb-impl-2.2.3-1.jar, file:/Users/hpatel/.gradle/caches/modules-2/files-2.1/org.apache.directory.server/apacheds-kerberos-codec/2.0.0-M15/1c16e4e477183641c5f0dd5cdecd27ec331bacb5/apacheds-kerberos-codec-2.0.0-M15.jar, file:/Users/hpatel/.gradle/caches/modules-2/files-2.1/org.apache.curator/curator-framework/2.6.0/81a699c39d127b5b4ff97cc77da7650b53e5b5ed/curator-framework-2.6.0.jar, file:/Users/hpatel/.gradle/caches/modules-2/files-2.1/org.tukaani/xz/1.0/ecff5cb8b1189514c9d1d8d68eb77ac372e000c9/xz-1.0.jar, file:/Users/hpatel/.gradle/caches/modules-2/files-2.1/org.apache.hadoop/hadoop-yarn-client/2.5.0-cdh5.3.3/2d2ce5d0138d02b20aefcfc1ee8dd6f691911f63/hadoop-yarn-client-2.5.0-cdh5.3.3.jar, file:/Users/hpatel/.gradle/caches/modules-2/files-2.1/org.apache.hadoop/hadoop-yarn-server-common/2.5.0-cdh5.3.3/d099fcc19f56d477fa6b5b47ae4e06bb97538778/hadoop-yarn-server-common-2.5.0-cdh5.3.3.jar, file:/Users/hpatel/.gradle/caches/modules-2/files-2.1/org.apache.hadoop/hadoop-yarn-server-nodemanager/2.5.0-cdh5.3.3/278b2d7a6454ce57a94ab02a88c0b188afc8facc/hadoop-yarn-server-nodemanager-2.5.0-cdh5.3.3.jar, file:/Users/hpatel/.gradle/caches/modules-2/files-2.1/org.fusesource.leveldbjni/leveldbjni-all/1.8/707350a2eeb1fa2ed77a32ddb3893ed308e941db/leveldbjni-all-1.8.jar, file:/Users/hpatel/.gradle/caches/modules-2/files-2.1/javax.xml.bind/jaxb-api/2.2.2/aeb3021ca93dde265796d82015beecdcff95bf09/jaxb-api-2.2.2.jar, file:/Users/hpatel/.gradle/caches/modules-2/files-2.1/com.google.inject/guice/3.0/9d84f15fe35e2c716a02979fb62f50a29f38aefa/guice-3.0.jar, file:/Users/hpatel/.gradle/caches/modules-2/files-2.1/com.sun.jersey.contribs/jersey-guice/1.9/5963c28c47df7e5d6ad34cec80c071c368777f7b/jersey-guice-1.9.jar, file:/Users/hpatel/.gradle/caches/modules-2/files-2.1/com.fasterxml.jackson.core/jackson-core/2.2.3/1a0113da2cab5f4c216b4e5e7c1dbfaa67087e14/jackson-core-2.2.3.jar, file:/Users/hpatel/.gradle/caches/modules-2/files-2.1/commons-beanutils/commons-beanutils/1.7.0/5675fd96b29656504b86029551973d60fb41339b/commons-beanutils-1.7.0.jar, file:/Users/hpatel/.gradle/caches/modules-2/files-2.1/org.apache.directory.server/apacheds-i18n/2.0.0-M15/71c61c84683152ec2a6a65f3f96fe534e304fa22/apacheds-i18n-2.0.0-M15.jar, file:/Users/hpatel/.gradle/caches/modules-2/files-2.1/org.apache.directory.api/api-asn1-api/1.0.0-M20/5e6486ffa3125ba44dc410ead166e1d6ba8ac76d/api-asn1-api-1.0.0-M20.jar, file:/Users/hpatel/.gradle/caches/modules-2/files-2.1/org.apache.directory.api/api-util/1.0.0-M20/a871abf060b3cf83fc6dc4d7e3d151fce50ac3cb/api-util-1.0.0-M20.jar, file:/Users/hpatel/.gradle/caches/modules-2/files-2.1/com.sun.jersey/jersey-client/1.9/d3c4b2b5f89db32c96ceddcb863684821910a7bb/jersey-client-1.9.jar, file:/Users/hpatel/.gradle/caches/modules-2/files-2.1/javax.xml.stream/stax-api/1.0-2/d6337b0de8b25e53e81b922352fbea9f9f57ba0b/stax-api-1.0-2.jar, file:/Users/hpatel/.gradle/caches/modules-2/files-2.1/javax.activation/activation/1.1/e6cb541461c2834bdea3eb920f1884d1eb508b50/activation-1.1.jar, file:/Users/hpatel/.gradle/caches/modules-2/files-2.1/javax.inject/javax.inject/1/6975da39a7040257bd51d21a231b76c915872d38/javax.inject-1.jar, file:/Users/hpatel/.gradle/caches/modules-2/files-2.1/aopalliance/aopalliance/1.0/235ba8b489512805ac13a8f9ea77a1ca5ebe3e8/aopalliance-1.0.jar, file:/Users/hpatel/.gradle/caches/modules-2/files-2.1/org.sonatype.sisu.inject/cglib/2.2.1-v20090111/7ce5e983fd0e6c78346f4c9cbfa39d83049dda2/cglib-2.2.1-v20090111.jar, file:/Users/hpatel/.gradle/caches/modules-2/files-2.1/asm/asm/3.1/c157def142714c544bdea2e6144645702adf7097/asm-3.1.jar, file:/Users/hpatel/.gradle/caches/modules-2/files-2.1/org.apache.hive/hive-service/0.13.1-cdh5.3.3/c7979b4213bfb62823d43ba726e0fea58032dd1e/hive-service-0.13.1-cdh5.3.3.jar, file:/Users/hpatel/.gradle/caches/modules-2/files-2.1/net.sf.jpam/jpam/1.1/cb3d91c2dfda767518a371dbb02edfd6a4aa0600/jpam-1.1.jar, file:/Users/hpatel/.gradle/caches/modules-2/files-2.1/org.eclipse.jetty.aggregate/jetty-all/7.6.0.v20120127/47bb68e3837e5c6422138dd1e0d4d75c60dce87a/jetty-all-7.6.0.v20120127.jar, file:/Users/hpatel/.gradle/caches/modules-2/files-2.1/org.apache.thrift/libfb303/0.9.0/639bd69767fdbd7f658ce8233248fe1cea635164/libfb303-0.9.0.jar, file:/Users/hpatel/.gradle/caches/modules-2/files-2.1/org.apache.geronimo.specs/geronimo-jta_1.1_spec/1.1.1/aabab3165b8ea936b9360abbf448459c0d04a5a4/geronimo-jta_1.1_spec-1.1.1.jar, file:/Users/hpatel/.gradle/caches/modules-2/files-2.1/javax.mail/mail/1.4.1/8b7bc69010655425dabf091b51d1e90b4de36715/mail-1.4.1.jar, file:/Users/hpatel/.gradle/caches/modules-2/files-2.1/org.apache.geronimo.specs/geronimo-jaspic_1.0_spec/1.0/44b95be7dae1147716dce5336419eafade880756/geronimo-jaspic_1.0_spec-1.0.jar, file:/Users/hpatel/.gradle/caches/modules-2/files-2.1/org.apache.geronimo.specs/geronimo-annotation_1.0_spec/1.1.1/47caa799389f69d297b86bf90523d431599c3796/geronimo-annotation_1.0_spec-1.1.1.jar, file:/Users/hpatel/.gradle/caches/modules-2/files-2.1/asm/asm-commons/3.1/1b607fbfe7889c6fdff1b7c16439ade0a60869ac/asm-commons-3.1.jar, file:/Users/hpatel/.gradle/caches/modules-2/files-2.1/asm/asm-tree/3.1/c9a5d4334ddf194ea492f22107d45119a5c5322f/asm-tree-3.1.jar, file:/Users/hpatel/.gradle/caches/modules-2/files-2.1/commons-lang/commons-lang/2.6/ce1edb914c94ebc388f086c6827e8bdeec71ac2/commons-lang-2.6.jar, file:/Users/hpatel/.gradle/caches/modules-2/files-2.1/org.mortbay.jetty/jetty/6.1.26.cloudera.4/d59325a5ff8ff18f7543bc3fbb9d5efa0c0ff521/jetty-6.1.26.cloudera.4.jar, file:/Users/hpatel/.gradle/caches/modules-2/files-2.1/org.mortbay.jetty/jetty-util/6.1.26.cloudera.4/b8507b7c5d3fd9a3d01775272cbf1a63f530c19d/jetty-util-6.1.26.cloudera.4.jar, file:/Users/hpatel/.gradle/caches/modules-2/files-2.1/net.java.dev.jets3t/jets3t/0.9.0/792bc96ee7e57b89f472aa0cb5a31015b9f59c96/jets3t-0.9.0.jar, file:/Users/hpatel/.gradle/caches/modules-2/files-2.1/com.jamesmurty.utils/java-xmlbuilder/0.4/ac5962e48cdee3a0a6e1f8e00fcb594747ac5aaf/java-xmlbuilder-0.4.jar, file:/Users/hpatel/.gradle/caches/modules-2/files-2.1/com.google.protobuf/protobuf-java/2.5.0/a10732c76bfacdbd633a7eb0f7968b1059a65dfa/protobuf-java-2.5.0.jar, file:/Users/hpatel/.gradle/caches/modules-2/files-2.1/org.apache.hive/hive-exec/0.13.1-cdh5.3.3/4d935274127f47dd9c0875efcf317ba49aef1219/hive-exec-0.13.1-cdh5.3.3.jar, file:/Users/hpatel/.gradle/caches/modules-2/files-2.1/org.apache.hive/hive-ant/0.13.1-cdh5.3.3/86954e92a903253177cd6935798c50a6c32b7b81/hive-ant-0.13.1-cdh5.3.3.jar, file:/Users/hpatel/.gradle/caches/modules-2/files-2.1/org.antlr/antlr-runtime/3.4/8f011408269a8e42b8548687e137d8eeb56df4b4/antlr-runtime-3.4.jar, file:/Users/hpatel/.gradle/caches/modules-2/files-2.1/org.antlr/ST4/4.0.4/467a2aa12be6d0f0f68c70eecf6714ab733027ac/ST4-4.0.4.jar, file:/Users/hpatel/.gradle/caches/modules-2/files-2.1/org.apache.ant/ant/1.9.1/35900c96dbebc85dcfbd71f4661059ebcf93c077/ant-1.9.1.jar, file:/Users/hpatel/.gradle/caches/modules-2/files-2.1/org.codehaus.groovy/groovy-all/2.1.6/165b8246372a829c1915611646f6d964010656cf/groovy-all-2.1.6.jar, file:/Users/hpatel/.gradle/caches/modules-2/files-2.1/stax/stax-api/1.0.1/49c100caf72d658aca8e58bd74a4ba90fa2b0d70/stax-api-1.0.1.jar, file:/Users/hpatel/.gradle/caches/modules-2/files-2.1/org.apache.velocity/velocity/1.5/9f306baf7523ffc0e81a6353d08a584d254133b/velocity-1.5.jar, file:/Users/hpatel/.gradle/caches/modules-2/files-2.1/org.antlr/stringtemplate/3.2.1/59ec8083721eae215c6f3caee944c410d2be34de/stringtemplate-3.2.1.jar, file:/Users/hpatel/.gradle/caches/modules-2/files-2.1/antlr/antlr/2.7.7/83cd2cd674a217ade95a4bb83a8a14f351f48bd0/antlr-2.7.7.jar, file:/Users/hpatel/.gradle/caches/modules-2/files-2.1/org.apache.ant/ant-launcher/1.9.1/7c71043ca185eaada9e36391dd022d92859327de/ant-launcher-1.9.1.jar, file:/Users/hpatel/.gradle/caches/modules-2/files-2.1/oro/oro/2.0.8/5592374f834645c4ae250f4c9fbb314c9369d698/oro-2.0.8.jar, file:/Users/hpatel/.gradle/caches/modules-2/files-2.1/org.codehaus.jackson/jackson-core-asl/1.9.13/3c304d70f42f832e0a86d45bd437f692129299a4/jackson-core-asl-1.9.13.jar, file:/Users/hpatel/.gradle/caches/modules-2/files-2.1/org.codehaus.jackson/jackson-mapper-asl/1.9.13/1ee2f2bed0e5dd29d1cb155a166e6f8d50bbddb7/jackson-mapper-asl-1.9.13.jar, file:/Users/hpatel/.gradle/caches/modules-2/files-2.1/org.slf4j/slf4j-api/1.7.6/562424e36df3d2327e8e9301a76027fca17d54ea/slf4j-api-1.7.6.jar, file:/Users/hpatel/.gradle/caches/modules-2/files-2.1/com.sun.jersey/jersey-server/1.14/b1a21724c9b708ed54d42d41bb19ff45ae1d49d9/jersey-server-1.14.jar, file:/Users/hpatel/.gradle/caches/modules-2/files-2.1/org.apache.httpcomponents/httpclient/4.2.5/666e26e76f2e87d84e4f16acb546481ae1b8e9a6/httpclient-4.2.5.jar, file:/Users/hpatel/.gradle/caches/modules-2/files-2.1/org.apache.zookeeper/zookeeper/3.4.6/1b2502e29da1ebaade2357cd1de35a855fa3755/zookeeper-3.4.6.jar, file:/Users/hpatel/.gradle/caches/modules-2/files-2.1/com.google.guava/guava/16.0.1/5fa98cd1a63c99a44dd8d3b77e4762b066a5d0c5/guava-16.0.1.jar, file:/Users/hpatel/.gradle/caches/modules-2/files-2.1/org.codehaus.jackson/jackson-jaxrs/1.8.8/71b16055388e9bd3991c3c3834e8e55098b789f1/jackson-jaxrs-1.8.8.jar, file:/Users/hpatel/.gradle/caches/modules-2/files-2.1/org.codehaus.jackson/jackson-xc/1.8.8/52efa08bc1e4cfea168f552b9e3088297d9d0926/jackson-xc-1.8.8.jar, file:/Users/hpatel/.gradle/caches/modules-2/files-2.1/org.apache.hive/hive-metastore/0.13.1-cdh5.3.3/ca93686a17f064a5ab6587799721cddd7836e53a/hive-metastore-0.13.1-cdh5.3.3.jar, file:/Users/hpatel/.gradle/caches/modules-2/files-2.1/com.jolbox/bonecp/0.8.0.RELEASE/cec24ee9345b3678472bb1b8fdd6aa6b9428beb8/bonecp-0.8.0.RELEASE.jar, file:/Users/hpatel/.gradle/caches/modules-2/files-2.1/org.apache.derby/derby/10.10.1.1/9f6f910f0373adc1b23c10f9b4bb151b7e7449f/derby-10.10.1.1.jar, file:/Users/hpatel/.gradle/caches/modules-2/files-2.1/javax.jdo/jdo-api/3.0.1/58e7a538e020b73871e232eeb064835fd98a492/jdo-api-3.0.1.jar, file:/Users/hpatel/.gradle/caches/modules-2/files-2.1/javax.transaction/jta/1.1/2ca09f0b36ca7d71b762e14ea2ff09d5eac57558/jta-1.1.jar, file:/Users/hpatel/.gradle/caches/modules-2/files-2.1/org.apache.thrift/libthrift/0.9.0/9ba8df332b5db95ce7f3b7a83e44d796c3d014d3/libthrift-0.9.0.jar, file:/Users/hpatel/.gradle/caches/modules-2/files-2.1/org.apache.httpcomponents/httpcore/4.2.4/3b7f38df6de5dd8b500e602ae8c2dd5ee446f883/httpcore-4.2.4.jar, file:/Users/hpatel/.gradle/caches/modules-2/files-2.1/com.sun.jersey/jersey-core/1.14/693061de8b9b352b11e997b1dd4052677778852d/jersey-core-1.14.jar, file:/Users/hpatel/.gradle/caches/modules-2/files-2.1/commons-codec/commons-codec/1.6/b7f0fc8f61ecadeb3695f0b9464755eee44374d4/commons-codec-1.6.jar, file:/Users/hpatel/.gradle/caches/modules-2/files-2.1/io.netty/netty/3.7.0.Final/7a8c35599c68c0bf383df74469aa3e03d9aca87/netty-3.7.0.Final.jar]
15/09/06 13:13:53 INFO ExecReducer: thread classpath = [file:/Users/hpatel/.gradle/caches/2.1/workerMain/gradle-worker.jar, file:/Users/hpatel/Tech/Projects/CAT/ddsw_dev/hive-test/build/classes/test/, file:/Users/hpatel/Tech/Projects/CAT/ddsw_dev/hive-test/build/resources/test/, file:/Users/hpatel/Tech/Projects/CAT/ddsw_dev/hive-test/build/classes/main/, file:/Users/hpatel/Tech/Projects/CAT/ddsw_dev/hive-test/build/resources/main, file:/Users/hpatel/.gradle/caches/modules-2/files-2.1/junit/junit/4.11/4e031bb61df09069aeb2bffb4019e7a5034a4ee0/junit-4.11.jar, file:/Users/hpatel/.gradle/caches/modules-2/files-2.1/com.klarna/hiverunner/1.0.0/e26bb0655fff4d88fab91f331793d9fc1db392cc/HiveRunner-1.0.0.jar, file:/Users/hpatel/Tech/Projects/CAT/ddsw_dev/custom-cat-udfs/build/libs/custom-cat-udfs-0.1.38-SNAPSHOT.jar, file:/Users/hpatel/.gradle/caches/modules-2/files-2.1/org.apache.hadoop/hadoop-client/2.5.0-cdh5.3.3/ec3cd6a8cb043e73a42918934c5d3a3f2747c78b/hadoop-client-2.5.0-cdh5.3.3.jar, file:/Users/hpatel/.gradle/caches/modules-2/files-2.1/org.hsqldb/hsqldb/2.3.1/bd7153caa30958e1c64a3dd38b93e5a7442d9a0e/hsqldb-2.3.1.jar, file:/Users/hpatel/.gradle/caches/modules-2/files-2.1/org.apache.hadoop/hadoop-core/2.5.0-mr1-cdh5.3.3/f6f4a77f818757da51ae0244310855779c04c4be/hadoop-core-2.5.0-mr1-cdh5.3.3.jar, file:/Users/hpatel/.gradle/caches/modules-2/files-2.1/org.reflections/reflections/0.9.8/f723abb59bf512952bfc503838f70f81487a6993/reflections-0.9.8.jar, file:/Users/hpatel/.gradle/caches/modules-2/files-2.1/org.mockito/mockito-core/1.10.19/e8546f5bef4e061d8dd73895b4e8f40e3fe6effe/mockito-core-1.10.19.jar, file:/Users/hpatel/.gradle/caches/modules-2/files-2.1/org.hamcrest/hamcrest-core/1.3/42a25dc3219429f0e5d060061f71acb49bf010a0/hamcrest-core-1.3.jar, file:/Users/hpatel/.gradle/caches/modules-2/files-2.1/org.pentaho/pentaho-aggdesigner-algorithm/5.1.5-jhyde/c52379c645c6c85300e645dff7c72653bf85baa2/pentaho-aggdesigner-algorithm-5.1.5-jhyde.jar, file:/Users/hpatel/.gradle/caches/modules-2/files-2.1/org.apache.hive/hive-serde/0.13.1-cdh5.3.3/9cee47c844d726e9bcef6ab292e1319b7fbddaa3/hive-serde-0.13.1-cdh5.3.3.jar, file:/Users/hpatel/.gradle/caches/modules-2/files-2.1/org.apache.hadoop/hadoop-common/2.5.0-cdh5.3.3/f0862eb1dc33c1807ea29a248af75551e3c6836a/hadoop-common-2.5.0-cdh5.3.3.jar, file:/Users/hpatel/.gradle/caches/modules-2/files-2.1/org.apache.hive/hive-contrib/0.13.1-cdh5.3.3/bf89b429c9b173ac275dc0c1623f5c30e780ee98/hive-contrib-0.13.1-cdh5.3.3.jar, file:/Users/hpatel/.gradle/caches/modules-2/files-2.1/org.datanucleus/datanucleus-core/3.2.12/3212183bb5a2826cd5ff194b9a54619dd0bdf31f/datanucleus-core-3.2.12.jar, file:/Users/hpatel/.gradle/caches/modules-2/files-2.1/org.datanucleus/datanucleus-rdbms/3.2.11/5b053144c89fdff1505b853aa7f1e5ba7657da75/datanucleus-rdbms-3.2.11.jar, file:/Users/hpatel/.gradle/caches/modules-2/files-2.1/org.datanucleus/datanucleus-api-jdo/3.2.8/efc60221fbc91e95cf5758b98c6c5531660696cb/datanucleus-api-jdo-3.2.8.jar, file:/Users/hpatel/.gradle/caches/modules-2/files-2.1/org.apache.hive/hive-shims/0.13.1-cdh5.3.3/47b029532c0b9d45526dcdd858823e6f9634ab81/hive-shims-0.13.1-cdh5.3.3.jar, file:/Users/hpatel/.gradle/caches/modules-2/files-2.1/org.apache.commons/commons-lang3/3.3.1/6738a2da2202ce360f0af90aba005c1e05a2c4cd/commons-lang3-3.3.1.jar, file:/Users/hpatel/.gradle/caches/modules-2/files-2.1/joda-time/joda-time/2.3/56498efd17752898cfcc3868c1b6211a07b12b8f/joda-time-2.3.jar, file:/Users/hpatel/.gradle/caches/modules-2/files-2.1/org.apache.hadoop/hadoop-hdfs/2.5.0-cdh5.3.3/5dd5e2be13d89a9eaab89d3a33bcdf6677671aa9/hadoop-hdfs-2.5.0-cdh5.3.3.jar, file:/Users/hpatel/.gradle/caches/modules-2/files-2.1/org.apache.hadoop/hadoop-mapreduce-client-app/2.5.0-cdh5.3.3/579948f8fa6d9d72bf507bd021fa3dcc0670e95f/hadoop-mapreduce-client-app-2.5.0-cdh5.3.3.jar, file:/Users/hpatel/.gradle/caches/modules-2/files-2.1/org.apache.hadoop/hadoop-yarn-api/2.5.0-cdh5.3.3/a6d9b4b7cbcacd000350a3e33c70269101b5fc79/hadoop-yarn-api-2.5.0-cdh5.3.3.jar, file:/Users/hpatel/.gradle/caches/modules-2/files-2.1/org.apache.hadoop/hadoop-mapreduce-client-core/2.5.0-cdh5.3.3/f2c8eaa2b8a5839a7781f04cf59c4d1abfefec9e/hadoop-mapreduce-client-core-2.5.0-cdh5.3.3.jar, file:/Users/hpatel/.gradle/caches/modules-2/files-2.1/org.apache.hadoop/hadoop-mapreduce-client-jobclient/2.5.0-cdh5.3.3/f8baecab9a91245a97e29e4867a7f5ae128ef8a9/hadoop-mapreduce-client-jobclient-2.5.0-cdh5.3.3.jar, file:/Users/hpatel/.gradle/caches/modules-2/files-2.1/org.apache.hadoop/hadoop-aws/2.5.0-cdh5.3.3/f712d9cf59c859914254bed5c87ee4e5a2204e78/hadoop-aws-2.5.0-cdh5.3.3.jar, file:/Users/hpatel/.gradle/caches/modules-2/files-2.1/org.apache.hadoop/hadoop-annotations/2.5.0-cdh5.3.3/e3b40743127d82ff7a6f263d00419368a46ce608/hadoop-annotations-2.5.0-cdh5.3.3.jar, file:/Users/hpatel/.gradle/caches/modules-2/files-2.1/commons-collections/commons-collections/3.2.1/761ea405b9b37ced573d2df0d1e3a4e0f9edc668/commons-collections-3.2.1.jar, file:/Users/hpatel/.gradle/caches/modules-2/files-2.1/commons-configuration/commons-configuration/1.6/32cadde23955d7681b0d94a2715846d20b425235/commons-configuration-1.6.jar, file:/Users/hpatel/.gradle/caches/modules-2/files-2.1/jline/jline/0.9.94/99a18e9a44834afdebc467294e1138364c207402/jline-0.9.94.jar, file:/Users/hpatel/.gradle/caches/modules-2/files-2.1/commons-cli/commons-cli/1.2/2bf96b7aa8b611c177d329452af1dc933e14501c/commons-cli-1.2.jar, file:/Users/hpatel/.gradle/caches/modules-2/files-2.1/xmlenc/xmlenc/0.52/d82554efbe65906d83b3d97bd7509289e9db561a/xmlenc-0.52.jar, file:/Users/hpatel/.gradle/caches/modules-2/files-2.1/commons-httpclient/commons-httpclient/3.1/964cd74171f427720480efdec40a7c7f6e58426a/commons-httpclient-3.1.jar, file:/Users/hpatel/.gradle/caches/modules-2/files-2.1/commons-net/commons-net/3.1/2298164a7c2484406f2aa5ac85b205d39019896f/commons-net-3.1.jar, file:/Users/hpatel/.gradle/caches/modules-2/files-2.1/tomcat/jasper-runtime/5.5.23/96ca5528a93ab47b001476b74320c644beb89dde/jasper-runtime-5.5.23.jar, file:/Users/hpatel/.gradle/caches/modules-2/files-2.1/tomcat/jasper-compiler/5.5.23/6d35bd7fb8c4fbc1f5401fb3678aa976d2e4c241/jasper-compiler-5.5.23.jar, file:/Users/hpatel/.gradle/caches/modules-2/files-2.1/javax.servlet.jsp/jsp-api/2.1/63f943103f250ef1f3a4d5e94d145a0f961f5316/jsp-api-2.1.jar, file:/Users/hpatel/.gradle/caches/modules-2/files-2.1/commons-el/commons-el/1.0/1df2c042b3f2de0124750241ac6c886dbfa2cc2c/commons-el-1.0.jar, file:/Users/hpatel/.gradle/caches/modules-2/files-2.1/javax.servlet/servlet-api/2.5/5959582d97d8b61f4d154ca9e495aafd16726e34/servlet-api-2.5.jar, file:/Users/hpatel/.gradle/caches/modules-2/files-2.1/hsqldb/hsqldb/1.8.0.10/7e9978fdb754bce5fcd5161133e7734ecb683036/hsqldb-1.8.0.10.jar, file:/Users/hpatel/.gradle/caches/modules-2/files-2.1/org.eclipse.jdt/core/3.1.1/88c83ce444cf46d02494da37c9fa1eebc9ce9cea/core-3.1.1.jar, file:/Users/hpatel/.gradle/caches/modules-2/files-2.1/javassist/javassist/3.12.1.GA/526633327faa61aee448a519e8a4d53ec3057885/javassist-3.12.1.GA.jar, file:/Users/hpatel/.gradle/caches/modules-2/files-2.1/dom4j/dom4j/1.6.1/5d3ccc056b6f056dbf0dddfdf43894b9065a8f94/dom4j-1.6.1.jar, file:/Users/hpatel/.gradle/caches/modules-2/files-2.1/org.objenesis/objenesis/2.1/87c0ea803b69252868d09308b4618f766f135a96/objenesis-2.1.jar, file:/Users/hpatel/.gradle/caches/modules-2/files-2.1/commons-logging/commons-logging/1.1.3/f6f66e966c70a83ffbdb6f17a0919eaf7c8aca7f/commons-logging-1.1.3.jar, file:/Users/hpatel/.gradle/caches/modules-2/files-2.1/org.apache.hive/hive-common/0.13.1-cdh5.3.3/e3fbf24d30a553c50ae4d4eed23f81b0e1211c5a/hive-common-0.13.1-cdh5.3.3.jar, file:/Users/hpatel/.gradle/caches/modules-2/files-2.1/org.apache.avro/avro/1.7.6-cdh5.3.3/6d90271293977d199ed07002bf35e2805405cc64/avro-1.7.6-cdh5.3.3.jar, file:/Users/hpatel/.gradle/caches/modules-2/files-2.1/net.sf.opencsv/opencsv/2.3/c23708cdb9e80a144db433e23344a788a1fd6599/opencsv-2.3.jar, file:/Users/hpatel/.gradle/caches/modules-2/files-2.1/com.sun.jersey/jersey-servlet/1.14/4b87041a59ee152757b62e47a21d5b63fde20ffe/jersey-servlet-1.14.jar, file:/Users/hpatel/.gradle/caches/modules-2/files-2.1/org.slf4j/slf4j-log4j12/1.7.5/6edffc576ce104ec769d954618764f39f0f0f10d/slf4j-log4j12-1.7.5.jar, file:/Users/hpatel/.gradle/caches/modules-2/files-2.1/org.apache.commons/commons-math3/3.1.1/6719d757a98ff24a83d9d727bef9cec83f59b6e1/commons-math3-3.1.1.jar, file:/Users/hpatel/.gradle/caches/modules-2/files-2.1/commons-io/commons-io/2.4/b1b6ea3b7e4aa4f492509a4952029cd8e48019ad/commons-io-2.4.jar, file:/Users/hpatel/.gradle/caches/modules-2/files-2.1/com.sun.jersey/jersey-json/1.9/1aa73e1896bcc7013fed247157d7f676226eb432/jersey-json-1.9.jar, file:/Users/hpatel/.gradle/caches/modules-2/files-2.1/log4j/log4j/1.2.17/5af35056b4d257e4b64b9e8069c0746e8b08629f/log4j-1.2.17.jar, file:/Users/hpatel/.gradle/caches/modules-2/files-2.1/com.google.code.gson/gson/2.2.4/a60a5e993c98c864010053cb901b7eab25306568/gson-2.2.4.jar, file:/Users/hpatel/.gradle/caches/modules-2/files-2.1/org.apache.hadoop/hadoop-auth/2.5.0-cdh5.3.3/847eb288da72acfdd7d202da5149dec6cd20ceba/hadoop-auth-2.5.0-cdh5.3.3.jar, file:/Users/hpatel/.gradle/caches/modules-2/files-2.1/com.jcraft/jsch/0.1.42/a86104b0f2e0c0bab5b0df836065823a99b5e334/jsch-0.1.42.jar, file:/Users/hpatel/.gradle/caches/modules-2/files-2.1/org.apache.curator/curator-client/2.6.0/b9007c357ad1a78066fc6004e8b1feaa2318f6f3/curator-client-2.6.0.jar, file:/Users/hpatel/.gradle/caches/modules-2/files-2.1/org.apache.curator/curator-recipes/2.6.0/8736b0fc42e6bf006d585fe85c90aaa4ade5cbef/curator-recipes-2.6.0.jar, file:/Users/hpatel/.gradle/caches/modules-2/files-2.1/com.google.code.findbugs/jsr305/1.3.9/40719ea6961c0cb6afaeb6a921eaa1f6afd4cfdf/jsr305-1.3.9.jar, file:/Users/hpatel/.gradle/caches/modules-2/files-2.1/org.apache.commons/commons-compress/1.4.1/b02e84a993d88568417536240e970c4b809126fd/commons-compress-1.4.1.jar, file:/Users/hpatel/.gradle/caches/modules-2/files-2.1/org.apache.hive.shims/hive-shims-common/0.13.1-cdh5.3.3/3d9e5245018fbde18f52c4ab25fc35afdec2fc0a/hive-shims-common-0.13.1-cdh5.3.3.jar, file:/Users/hpatel/.gradle/caches/modules-2/files-2.1/org.apache.hive.shims/hive-shims-common-secure/0.13.1-cdh5.3.3/6b29a16b2a41b89bdbbc681c257ad7f766a90bcb/hive-shims-common-secure-0.13.1-cdh5.3.3.jar, file:/Users/hpatel/.gradle/caches/modules-2/files-2.1/org.apache.hive.shims/hive-shims-0.23/0.13.1-cdh5.3.3/7ab834955a767af200d1d9151c204751637d9ca9/hive-shims-0.23-0.13.1-cdh5.3.3.jar, file:/Users/hpatel/.gradle/caches/modules-2/files-2.1/org.apache.hive.shims/hive-shims-scheduler/0.13.1-cdh5.3.3/b6644420b74f936a838f7f3fd2fa19c19add0449/hive-shims-scheduler-0.13.1-cdh5.3.3.jar, file:/Users/hpatel/.gradle/caches/modules-2/files-2.1/org.apache.hadoop/hadoop-mapreduce-client-common/2.5.0-cdh5.3.3/f0d777bb76ca9f540c0c81a45934f0f5cf9975b8/hadoop-mapreduce-client-common-2.5.0-cdh5.3.3.jar, file:/Users/hpatel/.gradle/caches/modules-2/files-2.1/org.apache.hadoop/hadoop-mapreduce-client-shuffle/2.5.0-cdh5.3.3/b6c4316f6fcc406edf7e5bd77c50e46034ad5519/hadoop-mapreduce-client-shuffle-2.5.0-cdh5.3.3.jar, file:/Users/hpatel/.gradle/caches/modules-2/files-2.1/org.apache.hadoop/hadoop-yarn-common/2.5.0-cdh5.3.3/9499713b674eae1aa714fcd0e95e0d09daaf3824/hadoop-yarn-common-2.5.0-cdh5.3.3.jar, file:/Users/hpatel/.gradle/caches/modules-2/files-2.1/com.fasterxml.jackson.core/jackson-databind/2.2.3/3ae380888029daefb91d3ecdca3a37d8cb92bc9/jackson-databind-2.2.3.jar, file:/Users/hpatel/.gradle/caches/modules-2/files-2.1/com.fasterxml.jackson.core/jackson-annotations/2.2.3/527fece4f23a457070a36c371a26d6c0208e1c3/jackson-annotations-2.2.3.jar, file:/Users/hpatel/.gradle/caches/modules-2/files-2.1/com.amazonaws/aws-java-sdk/1.7.4/2c24ccb6f1ab845a7df971951d4b41c709a6517d/aws-java-sdk-1.7.4.jar, file:/Users/hpatel/.gradle/caches/modules-2/files-2.1/commons-digester/commons-digester/1.8/dc6a73fdbd1fa3f0944e8497c6c872fa21dca37e/commons-digester-1.8.jar, file:/Users/hpatel/.gradle/caches/modules-2/files-2.1/commons-beanutils/commons-beanutils-core/1.8.0/175dc721f87e4bc5cc0573f990e28c3cf9117508/commons-beanutils-core-1.8.0.jar, file:/Users/hpatel/.gradle/caches/modules-2/files-2.1/xml-apis/xml-apis/1.0.b2/3136ca936f64c9d68529f048c2618bd356bf85c9/xml-apis-1.0.b2.jar, file:/Users/hpatel/.gradle/caches/modules-2/files-2.1/com.thoughtworks.paranamer/paranamer/2.3/4a85963a752c0a2f715c3924bfc686865e7e1bc6/paranamer-2.3.jar, file:/Users/hpatel/.gradle/caches/modules-2/files-2.1/org.xerial.snappy/snappy-java/1.0.5/10cb4550360a0ec6b80f09a5209d00b6058e82bf/snappy-java-1.0.5.jar, file:/Users/hpatel/.gradle/caches/modules-2/files-2.1/org.codehaus.jettison/jettison/1.1/1a01a2a1218fcf9faa2cc2a6ced025bdea687262/jettison-1.1.jar, file:/Users/hpatel/.gradle/caches/modules-2/files-2.1/com.sun.xml.bind/jaxb-impl/2.2.3-1/56baae106392040a45a06d4a41099173425da1e6/jaxb-impl-2.2.3-1.jar, file:/Users/hpatel/.gradle/caches/modules-2/files-2.1/org.apache.directory.server/apacheds-kerberos-codec/2.0.0-M15/1c16e4e477183641c5f0dd5cdecd27ec331bacb5/apacheds-kerberos-codec-2.0.0-M15.jar, file:/Users/hpatel/.gradle/caches/modules-2/files-2.1/org.apache.curator/curator-framework/2.6.0/81a699c39d127b5b4ff97cc77da7650b53e5b5ed/curator-framework-2.6.0.jar, file:/Users/hpatel/.gradle/caches/modules-2/files-2.1/org.tukaani/xz/1.0/ecff5cb8b1189514c9d1d8d68eb77ac372e000c9/xz-1.0.jar, file:/Users/hpatel/.gradle/caches/modules-2/files-2.1/org.apache.hadoop/hadoop-yarn-client/2.5.0-cdh5.3.3/2d2ce5d0138d02b20aefcfc1ee8dd6f691911f63/hadoop-yarn-client-2.5.0-cdh5.3.3.jar, file:/Users/hpatel/.gradle/caches/modules-2/files-2.1/org.apache.hadoop/hadoop-yarn-server-common/2.5.0-cdh5.3.3/d099fcc19f56d477fa6b5b47ae4e06bb97538778/hadoop-yarn-server-common-2.5.0-cdh5.3.3.jar, file:/Users/hpatel/.gradle/caches/modules-2/files-2.1/org.apache.hadoop/hadoop-yarn-server-nodemanager/2.5.0-cdh5.3.3/278b2d7a6454ce57a94ab02a88c0b188afc8facc/hadoop-yarn-server-nodemanager-2.5.0-cdh5.3.3.jar, file:/Users/hpatel/.gradle/caches/modules-2/files-2.1/org.fusesource.leveldbjni/leveldbjni-all/1.8/707350a2eeb1fa2ed77a32ddb3893ed308e941db/leveldbjni-all-1.8.jar, file:/Users/hpatel/.gradle/caches/modules-2/files-2.1/javax.xml.bind/jaxb-api/2.2.2/aeb3021ca93dde265796d82015beecdcff95bf09/jaxb-api-2.2.2.jar, file:/Users/hpatel/.gradle/caches/modules-2/files-2.1/com.google.inject/guice/3.0/9d84f15fe35e2c716a02979fb62f50a29f38aefa/guice-3.0.jar, file:/Users/hpatel/.gradle/caches/modules-2/files-2.1/com.sun.jersey.contribs/jersey-guice/1.9/5963c28c47df7e5d6ad34cec80c071c368777f7b/jersey-guice-1.9.jar, file:/Users/hpatel/.gradle/caches/modules-2/files-2.1/com.fasterxml.jackson.core/jackson-core/2.2.3/1a0113da2cab5f4c216b4e5e7c1dbfaa67087e14/jackson-core-2.2.3.jar, file:/Users/hpatel/.gradle/caches/modules-2/files-2.1/commons-beanutils/commons-beanutils/1.7.0/5675fd96b29656504b86029551973d60fb41339b/commons-beanutils-1.7.0.jar, file:/Users/hpatel/.gradle/caches/modules-2/files-2.1/org.apache.directory.server/apacheds-i18n/2.0.0-M15/71c61c84683152ec2a6a65f3f96fe534e304fa22/apacheds-i18n-2.0.0-M15.jar, file:/Users/hpatel/.gradle/caches/modules-2/files-2.1/org.apache.directory.api/api-asn1-api/1.0.0-M20/5e6486ffa3125ba44dc410ead166e1d6ba8ac76d/api-asn1-api-1.0.0-M20.jar, file:/Users/hpatel/.gradle/caches/modules-2/files-2.1/org.apache.directory.api/api-util/1.0.0-M20/a871abf060b3cf83fc6dc4d7e3d151fce50ac3cb/api-util-1.0.0-M20.jar, file:/Users/hpatel/.gradle/caches/modules-2/files-2.1/com.sun.jersey/jersey-client/1.9/d3c4b2b5f89db32c96ceddcb863684821910a7bb/jersey-client-1.9.jar, file:/Users/hpatel/.gradle/caches/modules-2/files-2.1/javax.xml.stream/stax-api/1.0-2/d6337b0de8b25e53e81b922352fbea9f9f57ba0b/stax-api-1.0-2.jar, file:/Users/hpatel/.gradle/caches/modules-2/files-2.1/javax.activation/activation/1.1/e6cb541461c2834bdea3eb920f1884d1eb508b50/activation-1.1.jar, file:/Users/hpatel/.gradle/caches/modules-2/files-2.1/javax.inject/javax.inject/1/6975da39a7040257bd51d21a231b76c915872d38/javax.inject-1.jar, file:/Users/hpatel/.gradle/caches/modules-2/files-2.1/aopalliance/aopalliance/1.0/235ba8b489512805ac13a8f9ea77a1ca5ebe3e8/aopalliance-1.0.jar, file:/Users/hpatel/.gradle/caches/modules-2/files-2.1/org.sonatype.sisu.inject/cglib/2.2.1-v20090111/7ce5e983fd0e6c78346f4c9cbfa39d83049dda2/cglib-2.2.1-v20090111.jar, file:/Users/hpatel/.gradle/caches/modules-2/files-2.1/asm/asm/3.1/c157def142714c544bdea2e6144645702adf7097/asm-3.1.jar, file:/Users/hpatel/.gradle/caches/modules-2/files-2.1/org.apache.hive/hive-service/0.13.1-cdh5.3.3/c7979b4213bfb62823d43ba726e0fea58032dd1e/hive-service-0.13.1-cdh5.3.3.jar, file:/Users/hpatel/.gradle/caches/modules-2/files-2.1/net.sf.jpam/jpam/1.1/cb3d91c2dfda767518a371dbb02edfd6a4aa0600/jpam-1.1.jar, file:/Users/hpatel/.gradle/caches/modules-2/files-2.1/org.eclipse.jetty.aggregate/jetty-all/7.6.0.v20120127/47bb68e3837e5c6422138dd1e0d4d75c60dce87a/jetty-all-7.6.0.v20120127.jar, file:/Users/hpatel/.gradle/caches/modules-2/files-2.1/org.apache.thrift/libfb303/0.9.0/639bd69767fdbd7f658ce8233248fe1cea635164/libfb303-0.9.0.jar, file:/Users/hpatel/.gradle/caches/modules-2/files-2.1/org.apache.geronimo.specs/geronimo-jta_1.1_spec/1.1.1/aabab3165b8ea936b9360abbf448459c0d04a5a4/geronimo-jta_1.1_spec-1.1.1.jar, file:/Users/hpatel/.gradle/caches/modules-2/files-2.1/javax.mail/mail/1.4.1/8b7bc69010655425dabf091b51d1e90b4de36715/mail-1.4.1.jar, file:/Users/hpatel/.gradle/caches/modules-2/files-2.1/org.apache.geronimo.specs/geronimo-jaspic_1.0_spec/1.0/44b95be7dae1147716dce5336419eafade880756/geronimo-jaspic_1.0_spec-1.0.jar, file:/Users/hpatel/.gradle/caches/modules-2/files-2.1/org.apache.geronimo.specs/geronimo-annotation_1.0_spec/1.1.1/47caa799389f69d297b86bf90523d431599c3796/geronimo-annotation_1.0_spec-1.1.1.jar, file:/Users/hpatel/.gradle/caches/modules-2/files-2.1/asm/asm-commons/3.1/1b607fbfe7889c6fdff1b7c16439ade0a60869ac/asm-commons-3.1.jar, file:/Users/hpatel/.gradle/caches/modules-2/files-2.1/asm/asm-tree/3.1/c9a5d4334ddf194ea492f22107d45119a5c5322f/asm-tree-3.1.jar, file:/Users/hpatel/.gradle/caches/modules-2/files-2.1/commons-lang/commons-lang/2.6/ce1edb914c94ebc388f086c6827e8bdeec71ac2/commons-lang-2.6.jar, file:/Users/hpatel/.gradle/caches/modules-2/files-2.1/org.mortbay.jetty/jetty/6.1.26.cloudera.4/d59325a5ff8ff18f7543bc3fbb9d5efa0c0ff521/jetty-6.1.26.cloudera.4.jar, file:/Users/hpatel/.gradle/caches/modules-2/files-2.1/org.mortbay.jetty/jetty-util/6.1.26.cloudera.4/b8507b7c5d3fd9a3d01775272cbf1a63f530c19d/jetty-util-6.1.26.cloudera.4.jar, file:/Users/hpatel/.gradle/caches/modules-2/files-2.1/net.java.dev.jets3t/jets3t/0.9.0/792bc96ee7e57b89f472aa0cb5a31015b9f59c96/jets3t-0.9.0.jar, file:/Users/hpatel/.gradle/caches/modules-2/files-2.1/com.jamesmurty.utils/java-xmlbuilder/0.4/ac5962e48cdee3a0a6e1f8e00fcb594747ac5aaf/java-xmlbuilder-0.4.jar, file:/Users/hpatel/.gradle/caches/modules-2/files-2.1/com.google.protobuf/protobuf-java/2.5.0/a10732c76bfacdbd633a7eb0f7968b1059a65dfa/protobuf-java-2.5.0.jar, file:/Users/hpatel/.gradle/caches/modules-2/files-2.1/org.apache.hive/hive-exec/0.13.1-cdh5.3.3/4d935274127f47dd9c0875efcf317ba49aef1219/hive-exec-0.13.1-cdh5.3.3.jar, file:/Users/hpatel/.gradle/caches/modules-2/files-2.1/org.apache.hive/hive-ant/0.13.1-cdh5.3.3/86954e92a903253177cd6935798c50a6c32b7b81/hive-ant-0.13.1-cdh5.3.3.jar, file:/Users/hpatel/.gradle/caches/modules-2/files-2.1/org.antlr/antlr-runtime/3.4/8f011408269a8e42b8548687e137d8eeb56df4b4/antlr-runtime-3.4.jar, file:/Users/hpatel/.gradle/caches/modules-2/files-2.1/org.antlr/ST4/4.0.4/467a2aa12be6d0f0f68c70eecf6714ab733027ac/ST4-4.0.4.jar, file:/Users/hpatel/.gradle/caches/modules-2/files-2.1/org.apache.ant/ant/1.9.1/35900c96dbebc85dcfbd71f4661059ebcf93c077/ant-1.9.1.jar, file:/Users/hpatel/.gradle/caches/modules-2/files-2.1/org.codehaus.groovy/groovy-all/2.1.6/165b8246372a829c1915611646f6d964010656cf/groovy-all-2.1.6.jar, file:/Users/hpatel/.gradle/caches/modules-2/files-2.1/stax/stax-api/1.0.1/49c100caf72d658aca8e58bd74a4ba90fa2b0d70/stax-api-1.0.1.jar, file:/Users/hpatel/.gradle/caches/modules-2/files-2.1/org.apache.velocity/velocity/1.5/9f306baf7523ffc0e81a6353d08a584d254133b/velocity-1.5.jar, file:/Users/hpatel/.gradle/caches/modules-2/files-2.1/org.antlr/stringtemplate/3.2.1/59ec8083721eae215c6f3caee944c410d2be34de/stringtemplate-3.2.1.jar, file:/Users/hpatel/.gradle/caches/modules-2/files-2.1/antlr/antlr/2.7.7/83cd2cd674a217ade95a4bb83a8a14f351f48bd0/antlr-2.7.7.jar, file:/Users/hpatel/.gradle/caches/modules-2/files-2.1/org.apache.ant/ant-launcher/1.9.1/7c71043ca185eaada9e36391dd022d92859327de/ant-launcher-1.9.1.jar, file:/Users/hpatel/.gradle/caches/modules-2/files-2.1/oro/oro/2.0.8/5592374f834645c4ae250f4c9fbb314c9369d698/oro-2.0.8.jar, file:/Users/hpatel/.gradle/caches/modules-2/files-2.1/org.codehaus.jackson/jackson-core-asl/1.9.13/3c304d70f42f832e0a86d45bd437f692129299a4/jackson-core-asl-1.9.13.jar, file:/Users/hpatel/.gradle/caches/modules-2/files-2.1/org.codehaus.jackson/jackson-mapper-asl/1.9.13/1ee2f2bed0e5dd29d1cb155a166e6f8d50bbddb7/jackson-mapper-asl-1.9.13.jar, file:/Users/hpatel/.gradle/caches/modules-2/files-2.1/org.slf4j/slf4j-api/1.7.6/562424e36df3d2327e8e9301a76027fca17d54ea/slf4j-api-1.7.6.jar, file:/Users/hpatel/.gradle/caches/modules-2/files-2.1/com.sun.jersey/jersey-server/1.14/b1a21724c9b708ed54d42d41bb19ff45ae1d49d9/jersey-server-1.14.jar, file:/Users/hpatel/.gradle/caches/modules-2/files-2.1/org.apache.httpcomponents/httpclient/4.2.5/666e26e76f2e87d84e4f16acb546481ae1b8e9a6/httpclient-4.2.5.jar, file:/Users/hpatel/.gradle/caches/modules-2/files-2.1/org.apache.zookeeper/zookeeper/3.4.6/1b2502e29da1ebaade2357cd1de35a855fa3755/zookeeper-3.4.6.jar, file:/Users/hpatel/.gradle/caches/modules-2/files-2.1/com.google.guava/guava/16.0.1/5fa98cd1a63c99a44dd8d3b77e4762b066a5d0c5/guava-16.0.1.jar, file:/Users/hpatel/.gradle/caches/modules-2/files-2.1/org.codehaus.jackson/jackson-jaxrs/1.8.8/71b16055388e9bd3991c3c3834e8e55098b789f1/jackson-jaxrs-1.8.8.jar, file:/Users/hpatel/.gradle/caches/modules-2/files-2.1/org.codehaus.jackson/jackson-xc/1.8.8/52efa08bc1e4cfea168f552b9e3088297d9d0926/jackson-xc-1.8.8.jar, file:/Users/hpatel/.gradle/caches/modules-2/files-2.1/org.apache.hive/hive-metastore/0.13.1-cdh5.3.3/ca93686a17f064a5ab6587799721cddd7836e53a/hive-metastore-0.13.1-cdh5.3.3.jar, file:/Users/hpatel/.gradle/caches/modules-2/files-2.1/com.jolbox/bonecp/0.8.0.RELEASE/cec24ee9345b3678472bb1b8fdd6aa6b9428beb8/bonecp-0.8.0.RELEASE.jar, file:/Users/hpatel/.gradle/caches/modules-2/files-2.1/org.apache.derby/derby/10.10.1.1/9f6f910f0373adc1b23c10f9b4bb151b7e7449f/derby-10.10.1.1.jar, file:/Users/hpatel/.gradle/caches/modules-2/files-2.1/javax.jdo/jdo-api/3.0.1/58e7a538e020b73871e232eeb064835fd98a492/jdo-api-3.0.1.jar, file:/Users/hpatel/.gradle/caches/modules-2/files-2.1/javax.transaction/jta/1.1/2ca09f0b36ca7d71b762e14ea2ff09d5eac57558/jta-1.1.jar, file:/Users/hpatel/.gradle/caches/modules-2/files-2.1/org.apache.thrift/libthrift/0.9.0/9ba8df332b5db95ce7f3b7a83e44d796c3d014d3/libthrift-0.9.0.jar, file:/Users/hpatel/.gradle/caches/modules-2/files-2.1/org.apache.httpcomponents/httpcore/4.2.4/3b7f38df6de5dd8b500e602ae8c2dd5ee446f883/httpcore-4.2.4.jar, file:/Users/hpatel/.gradle/caches/modules-2/files-2.1/com.sun.jersey/jersey-core/1.14/693061de8b9b352b11e997b1dd4052677778852d/jersey-core-1.14.jar, file:/Users/hpatel/.gradle/caches/modules-2/files-2.1/commons-codec/commons-codec/1.6/b7f0fc8f61ecadeb3695f0b9464755eee44374d4/commons-codec-1.6.jar, file:/Users/hpatel/.gradle/caches/modules-2/files-2.1/io.netty/netty/3.7.0.Final/7a8c35599c68c0bf383df74469aa3e03d9aca87/netty-3.7.0.Final.jar]
15/09/06 13:13:53 INFO mr.ObjectCache: Ignoring retrieval request: __REDUCE_PLAN__
15/09/06 13:13:53 INFO log.PerfLogger: <PERFLOG method=deserializePlan from=org.apache.hadoop.hive.ql.exec.Utilities>
15/09/06 13:13:53 INFO exec.Utilities: Deserializing ReduceWork via kryo
15/09/06 13:13:53 INFO log.PerfLogger: </PERFLOG method=deserializePlan start=1441563233161 end=1441563233171 duration=10 from=org.apache.hadoop.hive.ql.exec.Utilities>
15/09/06 13:13:53 INFO mr.ObjectCache: Ignoring cache key: __REDUCE_PLAN__
15/09/06 13:13:53 INFO ExecReducer: 
<EX>Id =159
  <Children>
    <FS>Id =160
      <Children>
      <\Children>
      <Parent>Id = 159 null<\Parent>
    <\FS>
  <\Children>
  <Parent><\Parent>
<\EX>
15/09/06 13:13:53 INFO exec.ExtractOperator: Initializing Self 159 EX
15/09/06 13:13:53 INFO exec.ExtractOperator: Operator 159 EX initialized
15/09/06 13:13:53 INFO exec.ExtractOperator: Initializing children of 159 EX
15/09/06 13:13:53 INFO exec.FileSinkOperator: Initializing child 160 FS
15/09/06 13:13:53 INFO exec.FileSinkOperator: Initializing Self 160 FS
15/09/06 13:13:53 INFO avro.AvroSerDe: Avro schema is {"type":"record","name":"DEALER_HIERARCHY_CORE","doc":"Sqoop import of DEALER_HIERARCHY","fields":[{"name":"File_Name","type":["string","null"],"columnName":"File_Name"},{"name":"GEN_ID","type":["string","null"],"columnName":"GEN_ID"},{"name":"DMS_SYSTEM","type":["string","null"],"columnName":"DMS_SYSTEM"},{"name":"DMS_VERSION","type":["string","null"],"columnName":"DMS_VERSION"},{"name":"TRANSMIT_TS","type":["string","null"],"columnName":"TRANSMIT_TS"},{"name":"ORIG_TRANSMIT_TS","type":["string","null"],"columnName":"TRANSMIT_TS"},{"name":"TRANSMIT_BY","type":["string","null"],"columnName":"TRANSMIT_BY"},{"name":"RECORD_STATUS","type":["string","null"],"columnName":"RECORD_STATUS"},{"name":"DEALER_UPDT_IND","type":["string","null"],"columnName":"DEALER_UPDT_IND","sqlType":"1"},{"name":"STORE_NUMBER","type":["string","null"],"columnName":"STORE_NUMBER"},{"name":"PART_TYPE","type":["string","null"],"columnName":"PART_TYPE"},{"name":"STORE_NAME","type":["string","null"],"columnName":"STORE_NAME"},{"name":"INVENTORY_STORE_NUMBER","type":["string","null"],"columnName":"INVENTORY_STORE_NUMBER"},{"name":"CAT_EMRG_DEALER_CODE","type":["string","null"],"columnName":"CAT_EMRG_DEALER_CODE"},{"name":"CAT_STOCK_DEALER_CODE","type":["string","null"],"columnName":"CAT_STOCK_DEALER_CODE"},{"name":"STOCK_REPLEN_STORE_NUMBER","type":["string","null"],"columnName":"STOCK_REPLEN_STORE_NUMBER"},{"name":"STOCK_REPLEN_LEAD_TIME","type":["string","null"],"columnName":"STOCK_REPLEN_LEAD_TIME"},{"name":"LST_UPDT_TS","type":["string","null"],"columnName":"LST_UPDT_TS"},{"name":"ORIG_LST_UPDT_TS","type":["string","null"],"columnName":"ORIG_LST_UPDT_TS"},{"name":"LST_UPDT_BY_ID","type":["string","null"],"columnName":"LST_UPDT_BY_ID"},{"name":"FILE_INS_TS","type":["string","null"],"columnName":"FILE_INS_TS"},{"name":"ORIG_FILE_INS_TS","type":["string","null"],"columnName":"ORIG_FILE_INS_TS"},{"name":"EXP_STOCK_PLAN_LEAD_TIME","type":["string","null"],"columnName":"EXP_STOCK_PLAN_LEAD_TIME"}],"tableName":"DEALER_HIERARCHY_CORE"}
15/09/06 13:13:53 INFO avro.AvroSerDe: Configuration null, not inserting schema
15/09/06 13:13:53 INFO exec.FileSinkOperator: Operator 160 FS initialized
15/09/06 13:13:53 INFO exec.FileSinkOperator: Initialization Done 160 FS
15/09/06 13:13:53 INFO exec.ExtractOperator: Initialization Done 159 EX
15/09/06 13:13:53 INFO exec.FileSinkOperator: Final Path: FS file:/var/folders/y7/4_pz5fzx54ngcmghz3v6t3m00000gn/T/junit5531707031763717248/hadooptmp/dealer_hierarchy/core_data/.hive-staging_hive_2015-09-06_13-13-52_898_7412113165392456531-1/_tmp.-ext-10000/dealer_code=AAAA/000000_0
15/09/06 13:13:53 INFO exec.FileSinkOperator: Writing to temp file: FS file:/var/folders/y7/4_pz5fzx54ngcmghz3v6t3m00000gn/T/junit5531707031763717248/hadooptmp/dealer_hierarchy/core_data/.hive-staging_hive_2015-09-06_13-13-52_898_7412113165392456531-1/_task_tmp.-ext-10000/dealer_code=AAAA/_tmp.000000_0
15/09/06 13:13:53 INFO exec.FileSinkOperator: New Final Path: FS file:/var/folders/y7/4_pz5fzx54ngcmghz3v6t3m00000gn/T/junit5531707031763717248/hadooptmp/dealer_hierarchy/core_data/.hive-staging_hive_2015-09-06_13-13-52_898_7412113165392456531-1/_tmp.-ext-10000/dealer_code=AAAA/000000_0
15/09/06 13:13:53 INFO ExecReducer: ExecReducer: processing 1 rows: used memory = 1243225368
15/09/06 13:13:53 INFO lazybinary.LazyBinaryStruct: Missing fields! Expected 24 fields but only got 24! Ignoring similar problems.
15/09/06 13:13:53 INFO exec.FileSinkOperator: Final Path: FS file:/var/folders/y7/4_pz5fzx54ngcmghz3v6t3m00000gn/T/junit5531707031763717248/hadooptmp/dealer_hierarchy/core_data/.hive-staging_hive_2015-09-06_13-13-52_898_7412113165392456531-1/_tmp.-ext-10000/dealer_code=ZZZZ/000000_0
15/09/06 13:13:53 INFO exec.FileSinkOperator: Writing to temp file: FS file:/var/folders/y7/4_pz5fzx54ngcmghz3v6t3m00000gn/T/junit5531707031763717248/hadooptmp/dealer_hierarchy/core_data/.hive-staging_hive_2015-09-06_13-13-52_898_7412113165392456531-1/_task_tmp.-ext-10000/dealer_code=ZZZZ/_tmp.000000_0
15/09/06 13:13:53 INFO exec.FileSinkOperator: New Final Path: FS file:/var/folders/y7/4_pz5fzx54ngcmghz3v6t3m00000gn/T/junit5531707031763717248/hadooptmp/dealer_hierarchy/core_data/.hive-staging_hive_2015-09-06_13-13-52_898_7412113165392456531-1/_tmp.-ext-10000/dealer_code=ZZZZ/000000_0
15/09/06 13:13:53 INFO ExecReducer: ExecReducer: processed 4 rows: used memory = 1250101480
15/09/06 13:13:53 INFO exec.ExtractOperator: 159 finished. closing... 
15/09/06 13:13:53 INFO exec.FileSinkOperator: 160 finished. closing... 
15/09/06 13:13:53 INFO exec.FileSinkOperator: FS[160]: records written - 4
15/09/06 13:13:53 INFO exec.FileSinkOperator: RECORDS_OUT_1:4
15/09/06 13:13:53 INFO exec.FileSinkOperator: 160 Close done
15/09/06 13:13:53 INFO exec.ExtractOperator: 159 Close done
15/09/06 13:13:53 INFO mapred.Task: Task:attempt_local918099288_0011_r_000000_0 is done. And is in the process of commiting
15/09/06 13:13:53 INFO mapred.LocalJobRunner: reduce > reduce
15/09/06 13:13:53 INFO mapred.Task: Task 'attempt_local918099288_0011_r_000000_0' done.
2015-09-06 13:13:53,212 Stage-1 map = 100%,  reduce = 100%
15/09/06 13:13:53 INFO exec.Task: 2015-09-06 13:13:53,212 Stage-1 map = 100%,  reduce = 100%
Ended Job = job_local918099288_0011
15/09/06 13:13:53 INFO exec.Task: Ended Job = job_local918099288_0011
15/09/06 13:13:53 INFO exec.FileSinkOperator: Moving tmp dir: file:/var/folders/y7/4_pz5fzx54ngcmghz3v6t3m00000gn/T/junit5531707031763717248/hadooptmp/dealer_hierarchy/core_data/.hive-staging_hive_2015-09-06_13-13-52_898_7412113165392456531-1/_tmp.-ext-10000 to: file:/var/folders/y7/4_pz5fzx54ngcmghz3v6t3m00000gn/T/junit5531707031763717248/hadooptmp/dealer_hierarchy/core_data/.hive-staging_hive_2015-09-06_13-13-52_898_7412113165392456531-1/-ext-10000
15/09/06 13:13:53 INFO log.PerfLogger: <PERFLOG method=task.MOVE.Stage-0 from=org.apache.hadoop.hive.ql.Driver>
Loading data to table ddsw_dev.dealer_hierarchy_core partition (dealer_code=null)
15/09/06 13:13:53 INFO exec.Task: Loading data to table ddsw_dev.dealer_hierarchy_core partition (dealer_code=null) from file:/var/folders/y7/4_pz5fzx54ngcmghz3v6t3m00000gn/T/junit5531707031763717248/hadooptmp/dealer_hierarchy/core_data/.hive-staging_hive_2015-09-06_13-13-52_898_7412113165392456531-1/-ext-10000
15/09/06 13:13:53 INFO metastore.HiveMetaStore: 0: get_table : db=ddsw_dev tbl=dealer_hierarchy_core
15/09/06 13:13:53 INFO HiveMetaStore.audit: ugi=hpatel	ip=unknown-ip-addr	cmd=get_table : db=ddsw_dev tbl=dealer_hierarchy_core	
15/09/06 13:13:53 INFO avro.AvroSerDe: Avro schema is {"type":"record","name":"DEALER_HIERARCHY_CORE","doc":"Sqoop import of DEALER_HIERARCHY","fields":[{"name":"File_Name","type":["string","null"],"columnName":"File_Name"},{"name":"GEN_ID","type":["string","null"],"columnName":"GEN_ID"},{"name":"DMS_SYSTEM","type":["string","null"],"columnName":"DMS_SYSTEM"},{"name":"DMS_VERSION","type":["string","null"],"columnName":"DMS_VERSION"},{"name":"TRANSMIT_TS","type":["string","null"],"columnName":"TRANSMIT_TS"},{"name":"ORIG_TRANSMIT_TS","type":["string","null"],"columnName":"TRANSMIT_TS"},{"name":"TRANSMIT_BY","type":["string","null"],"columnName":"TRANSMIT_BY"},{"name":"RECORD_STATUS","type":["string","null"],"columnName":"RECORD_STATUS"},{"name":"DEALER_UPDT_IND","type":["string","null"],"columnName":"DEALER_UPDT_IND","sqlType":"1"},{"name":"STORE_NUMBER","type":["string","null"],"columnName":"STORE_NUMBER"},{"name":"PART_TYPE","type":["string","null"],"columnName":"PART_TYPE"},{"name":"STORE_NAME","type":["string","null"],"columnName":"STORE_NAME"},{"name":"INVENTORY_STORE_NUMBER","type":["string","null"],"columnName":"INVENTORY_STORE_NUMBER"},{"name":"CAT_EMRG_DEALER_CODE","type":["string","null"],"columnName":"CAT_EMRG_DEALER_CODE"},{"name":"CAT_STOCK_DEALER_CODE","type":["string","null"],"columnName":"CAT_STOCK_DEALER_CODE"},{"name":"STOCK_REPLEN_STORE_NUMBER","type":["string","null"],"columnName":"STOCK_REPLEN_STORE_NUMBER"},{"name":"STOCK_REPLEN_LEAD_TIME","type":["string","null"],"columnName":"STOCK_REPLEN_LEAD_TIME"},{"name":"LST_UPDT_TS","type":["string","null"],"columnName":"LST_UPDT_TS"},{"name":"ORIG_LST_UPDT_TS","type":["string","null"],"columnName":"ORIG_LST_UPDT_TS"},{"name":"LST_UPDT_BY_ID","type":["string","null"],"columnName":"LST_UPDT_BY_ID"},{"name":"FILE_INS_TS","type":["string","null"],"columnName":"FILE_INS_TS"},{"name":"ORIG_FILE_INS_TS","type":["string","null"],"columnName":"ORIG_FILE_INS_TS"},{"name":"EXP_STOCK_PLAN_LEAD_TIME","type":["string","null"],"columnName":"EXP_STOCK_PLAN_LEAD_TIME"}],"tableName":"DEALER_HIERARCHY_CORE"}
15/09/06 13:13:53 INFO avro.AvroSerDe: Avro schema is {"type":"record","name":"DEALER_HIERARCHY_CORE","doc":"Sqoop import of DEALER_HIERARCHY","fields":[{"name":"File_Name","type":["string","null"],"columnName":"File_Name"},{"name":"GEN_ID","type":["string","null"],"columnName":"GEN_ID"},{"name":"DMS_SYSTEM","type":["string","null"],"columnName":"DMS_SYSTEM"},{"name":"DMS_VERSION","type":["string","null"],"columnName":"DMS_VERSION"},{"name":"TRANSMIT_TS","type":["string","null"],"columnName":"TRANSMIT_TS"},{"name":"ORIG_TRANSMIT_TS","type":["string","null"],"columnName":"TRANSMIT_TS"},{"name":"TRANSMIT_BY","type":["string","null"],"columnName":"TRANSMIT_BY"},{"name":"RECORD_STATUS","type":["string","null"],"columnName":"RECORD_STATUS"},{"name":"DEALER_UPDT_IND","type":["string","null"],"columnName":"DEALER_UPDT_IND","sqlType":"1"},{"name":"STORE_NUMBER","type":["string","null"],"columnName":"STORE_NUMBER"},{"name":"PART_TYPE","type":["string","null"],"columnName":"PART_TYPE"},{"name":"STORE_NAME","type":["string","null"],"columnName":"STORE_NAME"},{"name":"INVENTORY_STORE_NUMBER","type":["string","null"],"columnName":"INVENTORY_STORE_NUMBER"},{"name":"CAT_EMRG_DEALER_CODE","type":["string","null"],"columnName":"CAT_EMRG_DEALER_CODE"},{"name":"CAT_STOCK_DEALER_CODE","type":["string","null"],"columnName":"CAT_STOCK_DEALER_CODE"},{"name":"STOCK_REPLEN_STORE_NUMBER","type":["string","null"],"columnName":"STOCK_REPLEN_STORE_NUMBER"},{"name":"STOCK_REPLEN_LEAD_TIME","type":["string","null"],"columnName":"STOCK_REPLEN_LEAD_TIME"},{"name":"LST_UPDT_TS","type":["string","null"],"columnName":"LST_UPDT_TS"},{"name":"ORIG_LST_UPDT_TS","type":["string","null"],"columnName":"ORIG_LST_UPDT_TS"},{"name":"LST_UPDT_BY_ID","type":["string","null"],"columnName":"LST_UPDT_BY_ID"},{"name":"FILE_INS_TS","type":["string","null"],"columnName":"FILE_INS_TS"},{"name":"ORIG_FILE_INS_TS","type":["string","null"],"columnName":"ORIG_FILE_INS_TS"},{"name":"EXP_STOCK_PLAN_LEAD_TIME","type":["string","null"],"columnName":"EXP_STOCK_PLAN_LEAD_TIME"}],"tableName":"DEALER_HIERARCHY_CORE"}
15/09/06 13:13:53 INFO exec.MoveTask: Partition is: {dealer_code=null}
15/09/06 13:13:53 INFO metastore.HiveMetaStore: 0: partition_name_has_valid_characters
15/09/06 13:13:53 INFO HiveMetaStore.audit: ugi=hpatel	ip=unknown-ip-addr	cmd=partition_name_has_valid_characters	
15/09/06 13:13:53 INFO metastore.HiveMetaStore: 0: partition_name_has_valid_characters
15/09/06 13:13:53 INFO HiveMetaStore.audit: ugi=hpatel	ip=unknown-ip-addr	cmd=partition_name_has_valid_characters	
15/09/06 13:13:53 INFO metastore.HiveMetaStore: 0: get_table : db=ddsw_dev tbl=dealer_hierarchy_core
15/09/06 13:13:53 INFO HiveMetaStore.audit: ugi=hpatel	ip=unknown-ip-addr	cmd=get_table : db=ddsw_dev tbl=dealer_hierarchy_core	
15/09/06 13:13:53 INFO avro.AvroSerDe: Avro schema is {"type":"record","name":"DEALER_HIERARCHY_CORE","doc":"Sqoop import of DEALER_HIERARCHY","fields":[{"name":"File_Name","type":["string","null"],"columnName":"File_Name"},{"name":"GEN_ID","type":["string","null"],"columnName":"GEN_ID"},{"name":"DMS_SYSTEM","type":["string","null"],"columnName":"DMS_SYSTEM"},{"name":"DMS_VERSION","type":["string","null"],"columnName":"DMS_VERSION"},{"name":"TRANSMIT_TS","type":["string","null"],"columnName":"TRANSMIT_TS"},{"name":"ORIG_TRANSMIT_TS","type":["string","null"],"columnName":"TRANSMIT_TS"},{"name":"TRANSMIT_BY","type":["string","null"],"columnName":"TRANSMIT_BY"},{"name":"RECORD_STATUS","type":["string","null"],"columnName":"RECORD_STATUS"},{"name":"DEALER_UPDT_IND","type":["string","null"],"columnName":"DEALER_UPDT_IND","sqlType":"1"},{"name":"STORE_NUMBER","type":["string","null"],"columnName":"STORE_NUMBER"},{"name":"PART_TYPE","type":["string","null"],"columnName":"PART_TYPE"},{"name":"STORE_NAME","type":["string","null"],"columnName":"STORE_NAME"},{"name":"INVENTORY_STORE_NUMBER","type":["string","null"],"columnName":"INVENTORY_STORE_NUMBER"},{"name":"CAT_EMRG_DEALER_CODE","type":["string","null"],"columnName":"CAT_EMRG_DEALER_CODE"},{"name":"CAT_STOCK_DEALER_CODE","type":["string","null"],"columnName":"CAT_STOCK_DEALER_CODE"},{"name":"STOCK_REPLEN_STORE_NUMBER","type":["string","null"],"columnName":"STOCK_REPLEN_STORE_NUMBER"},{"name":"STOCK_REPLEN_LEAD_TIME","type":["string","null"],"columnName":"STOCK_REPLEN_LEAD_TIME"},{"name":"LST_UPDT_TS","type":["string","null"],"columnName":"LST_UPDT_TS"},{"name":"ORIG_LST_UPDT_TS","type":["string","null"],"columnName":"ORIG_LST_UPDT_TS"},{"name":"LST_UPDT_BY_ID","type":["string","null"],"columnName":"LST_UPDT_BY_ID"},{"name":"FILE_INS_TS","type":["string","null"],"columnName":"FILE_INS_TS"},{"name":"ORIG_FILE_INS_TS","type":["string","null"],"columnName":"ORIG_FILE_INS_TS"},{"name":"EXP_STOCK_PLAN_LEAD_TIME","type":["string","null"],"columnName":"EXP_STOCK_PLAN_LEAD_TIME"}],"tableName":"DEALER_HIERARCHY_CORE"}
15/09/06 13:13:53 INFO avro.AvroSerDe: Avro schema is {"type":"record","name":"DEALER_HIERARCHY_CORE","doc":"Sqoop import of DEALER_HIERARCHY","fields":[{"name":"File_Name","type":["string","null"],"columnName":"File_Name"},{"name":"GEN_ID","type":["string","null"],"columnName":"GEN_ID"},{"name":"DMS_SYSTEM","type":["string","null"],"columnName":"DMS_SYSTEM"},{"name":"DMS_VERSION","type":["string","null"],"columnName":"DMS_VERSION"},{"name":"TRANSMIT_TS","type":["string","null"],"columnName":"TRANSMIT_TS"},{"name":"ORIG_TRANSMIT_TS","type":["string","null"],"columnName":"TRANSMIT_TS"},{"name":"TRANSMIT_BY","type":["string","null"],"columnName":"TRANSMIT_BY"},{"name":"RECORD_STATUS","type":["string","null"],"columnName":"RECORD_STATUS"},{"name":"DEALER_UPDT_IND","type":["string","null"],"columnName":"DEALER_UPDT_IND","sqlType":"1"},{"name":"STORE_NUMBER","type":["string","null"],"columnName":"STORE_NUMBER"},{"name":"PART_TYPE","type":["string","null"],"columnName":"PART_TYPE"},{"name":"STORE_NAME","type":["string","null"],"columnName":"STORE_NAME"},{"name":"INVENTORY_STORE_NUMBER","type":["string","null"],"columnName":"INVENTORY_STORE_NUMBER"},{"name":"CAT_EMRG_DEALER_CODE","type":["string","null"],"columnName":"CAT_EMRG_DEALER_CODE"},{"name":"CAT_STOCK_DEALER_CODE","type":["string","null"],"columnName":"CAT_STOCK_DEALER_CODE"},{"name":"STOCK_REPLEN_STORE_NUMBER","type":["string","null"],"columnName":"STOCK_REPLEN_STORE_NUMBER"},{"name":"STOCK_REPLEN_LEAD_TIME","type":["string","null"],"columnName":"STOCK_REPLEN_LEAD_TIME"},{"name":"LST_UPDT_TS","type":["string","null"],"columnName":"LST_UPDT_TS"},{"name":"ORIG_LST_UPDT_TS","type":["string","null"],"columnName":"ORIG_LST_UPDT_TS"},{"name":"LST_UPDT_BY_ID","type":["string","null"],"columnName":"LST_UPDT_BY_ID"},{"name":"FILE_INS_TS","type":["string","null"],"columnName":"FILE_INS_TS"},{"name":"ORIG_FILE_INS_TS","type":["string","null"],"columnName":"ORIG_FILE_INS_TS"},{"name":"EXP_STOCK_PLAN_LEAD_TIME","type":["string","null"],"columnName":"EXP_STOCK_PLAN_LEAD_TIME"}],"tableName":"DEALER_HIERARCHY_CORE"}
15/09/06 13:13:53 INFO metastore.HiveMetaStore: 0: get_partition_with_auth : db=ddsw_dev tbl=dealer_hierarchy_core[ZZZZ]
15/09/06 13:13:53 INFO HiveMetaStore.audit: ugi=hpatel	ip=unknown-ip-addr	cmd=get_partition_with_auth : db=ddsw_dev tbl=dealer_hierarchy_core[ZZZZ]	
15/09/06 13:13:53 INFO common.FileUtils: Creating directory if it doesn't exist: file:/var/folders/y7/4_pz5fzx54ngcmghz3v6t3m00000gn/T/junit5531707031763717248/hadooptmp/dealer_hierarchy/core_data/dealer_code=ZZZZ
15/09/06 13:13:53 INFO session.SessionState: Could not get hdfsEncryptionShim, it is only applicable to hdfs filesystem.
15/09/06 13:13:53 INFO metadata.Hive: Renaming src: file:/var/folders/y7/4_pz5fzx54ngcmghz3v6t3m00000gn/T/junit5531707031763717248/hadooptmp/dealer_hierarchy/core_data/.hive-staging_hive_2015-09-06_13-13-52_898_7412113165392456531-1/-ext-10000/dealer_code=ZZZZ/000000_0, dest: file:/var/folders/y7/4_pz5fzx54ngcmghz3v6t3m00000gn/T/junit5531707031763717248/hadooptmp/dealer_hierarchy/core_data/dealer_code=ZZZZ/000000_0, Status:true
15/09/06 13:13:53 INFO metastore.HiveMetaStore: 0: get_partition_with_auth : db=ddsw_dev tbl=dealer_hierarchy_core[ZZZZ]
15/09/06 13:13:53 INFO HiveMetaStore.audit: ugi=hpatel	ip=unknown-ip-addr	cmd=get_partition_with_auth : db=ddsw_dev tbl=dealer_hierarchy_core[ZZZZ]	
15/09/06 13:13:53 INFO metastore.HiveMetaStore: 0: append_partition : db=ddsw_dev tbl=dealer_hierarchy_core[ZZZZ]
15/09/06 13:13:53 INFO HiveMetaStore.audit: ugi=hpatel	ip=unknown-ip-addr	cmd=append_partition : db=ddsw_dev tbl=dealer_hierarchy_core[ZZZZ]	
15/09/06 13:13:53 INFO metadata.Hive: New loading path = file:/var/folders/y7/4_pz5fzx54ngcmghz3v6t3m00000gn/T/junit5531707031763717248/hadooptmp/dealer_hierarchy/core_data/.hive-staging_hive_2015-09-06_13-13-52_898_7412113165392456531-1/-ext-10000/dealer_code=ZZZZ with partSpec {dealer_code=ZZZZ}
15/09/06 13:13:53 INFO metastore.HiveMetaStore: 0: get_table : db=ddsw_dev tbl=dealer_hierarchy_core
15/09/06 13:13:53 INFO HiveMetaStore.audit: ugi=hpatel	ip=unknown-ip-addr	cmd=get_table : db=ddsw_dev tbl=dealer_hierarchy_core	
15/09/06 13:13:53 INFO avro.AvroSerDe: Avro schema is {"type":"record","name":"DEALER_HIERARCHY_CORE","doc":"Sqoop import of DEALER_HIERARCHY","fields":[{"name":"File_Name","type":["string","null"],"columnName":"File_Name"},{"name":"GEN_ID","type":["string","null"],"columnName":"GEN_ID"},{"name":"DMS_SYSTEM","type":["string","null"],"columnName":"DMS_SYSTEM"},{"name":"DMS_VERSION","type":["string","null"],"columnName":"DMS_VERSION"},{"name":"TRANSMIT_TS","type":["string","null"],"columnName":"TRANSMIT_TS"},{"name":"ORIG_TRANSMIT_TS","type":["string","null"],"columnName":"TRANSMIT_TS"},{"name":"TRANSMIT_BY","type":["string","null"],"columnName":"TRANSMIT_BY"},{"name":"RECORD_STATUS","type":["string","null"],"columnName":"RECORD_STATUS"},{"name":"DEALER_UPDT_IND","type":["string","null"],"columnName":"DEALER_UPDT_IND","sqlType":"1"},{"name":"STORE_NUMBER","type":["string","null"],"columnName":"STORE_NUMBER"},{"name":"PART_TYPE","type":["string","null"],"columnName":"PART_TYPE"},{"name":"STORE_NAME","type":["string","null"],"columnName":"STORE_NAME"},{"name":"INVENTORY_STORE_NUMBER","type":["string","null"],"columnName":"INVENTORY_STORE_NUMBER"},{"name":"CAT_EMRG_DEALER_CODE","type":["string","null"],"columnName":"CAT_EMRG_DEALER_CODE"},{"name":"CAT_STOCK_DEALER_CODE","type":["string","null"],"columnName":"CAT_STOCK_DEALER_CODE"},{"name":"STOCK_REPLEN_STORE_NUMBER","type":["string","null"],"columnName":"STOCK_REPLEN_STORE_NUMBER"},{"name":"STOCK_REPLEN_LEAD_TIME","type":["string","null"],"columnName":"STOCK_REPLEN_LEAD_TIME"},{"name":"LST_UPDT_TS","type":["string","null"],"columnName":"LST_UPDT_TS"},{"name":"ORIG_LST_UPDT_TS","type":["string","null"],"columnName":"ORIG_LST_UPDT_TS"},{"name":"LST_UPDT_BY_ID","type":["string","null"],"columnName":"LST_UPDT_BY_ID"},{"name":"FILE_INS_TS","type":["string","null"],"columnName":"FILE_INS_TS"},{"name":"ORIG_FILE_INS_TS","type":["string","null"],"columnName":"ORIG_FILE_INS_TS"},{"name":"EXP_STOCK_PLAN_LEAD_TIME","type":["string","null"],"columnName":"EXP_STOCK_PLAN_LEAD_TIME"}],"tableName":"DEALER_HIERARCHY_CORE"}
15/09/06 13:13:53 INFO avro.AvroSerDe: Avro schema is {"type":"record","name":"DEALER_HIERARCHY_CORE","doc":"Sqoop import of DEALER_HIERARCHY","fields":[{"name":"File_Name","type":["string","null"],"columnName":"File_Name"},{"name":"GEN_ID","type":["string","null"],"columnName":"GEN_ID"},{"name":"DMS_SYSTEM","type":["string","null"],"columnName":"DMS_SYSTEM"},{"name":"DMS_VERSION","type":["string","null"],"columnName":"DMS_VERSION"},{"name":"TRANSMIT_TS","type":["string","null"],"columnName":"TRANSMIT_TS"},{"name":"ORIG_TRANSMIT_TS","type":["string","null"],"columnName":"TRANSMIT_TS"},{"name":"TRANSMIT_BY","type":["string","null"],"columnName":"TRANSMIT_BY"},{"name":"RECORD_STATUS","type":["string","null"],"columnName":"RECORD_STATUS"},{"name":"DEALER_UPDT_IND","type":["string","null"],"columnName":"DEALER_UPDT_IND","sqlType":"1"},{"name":"STORE_NUMBER","type":["string","null"],"columnName":"STORE_NUMBER"},{"name":"PART_TYPE","type":["string","null"],"columnName":"PART_TYPE"},{"name":"STORE_NAME","type":["string","null"],"columnName":"STORE_NAME"},{"name":"INVENTORY_STORE_NUMBER","type":["string","null"],"columnName":"INVENTORY_STORE_NUMBER"},{"name":"CAT_EMRG_DEALER_CODE","type":["string","null"],"columnName":"CAT_EMRG_DEALER_CODE"},{"name":"CAT_STOCK_DEALER_CODE","type":["string","null"],"columnName":"CAT_STOCK_DEALER_CODE"},{"name":"STOCK_REPLEN_STORE_NUMBER","type":["string","null"],"columnName":"STOCK_REPLEN_STORE_NUMBER"},{"name":"STOCK_REPLEN_LEAD_TIME","type":["string","null"],"columnName":"STOCK_REPLEN_LEAD_TIME"},{"name":"LST_UPDT_TS","type":["string","null"],"columnName":"LST_UPDT_TS"},{"name":"ORIG_LST_UPDT_TS","type":["string","null"],"columnName":"ORIG_LST_UPDT_TS"},{"name":"LST_UPDT_BY_ID","type":["string","null"],"columnName":"LST_UPDT_BY_ID"},{"name":"FILE_INS_TS","type":["string","null"],"columnName":"FILE_INS_TS"},{"name":"ORIG_FILE_INS_TS","type":["string","null"],"columnName":"ORIG_FILE_INS_TS"},{"name":"EXP_STOCK_PLAN_LEAD_TIME","type":["string","null"],"columnName":"EXP_STOCK_PLAN_LEAD_TIME"}],"tableName":"DEALER_HIERARCHY_CORE"}
15/09/06 13:13:53 INFO metastore.HiveMetaStore: 0: get_partition_with_auth : db=ddsw_dev tbl=dealer_hierarchy_core[AAAA]
15/09/06 13:13:53 INFO HiveMetaStore.audit: ugi=hpatel	ip=unknown-ip-addr	cmd=get_partition_with_auth : db=ddsw_dev tbl=dealer_hierarchy_core[AAAA]	
15/09/06 13:13:53 INFO common.FileUtils: Creating directory if it doesn't exist: file:/var/folders/y7/4_pz5fzx54ngcmghz3v6t3m00000gn/T/junit5531707031763717248/hadooptmp/dealer_hierarchy/core_data/dealer_code=AAAA
15/09/06 13:13:53 INFO session.SessionState: Could not get hdfsEncryptionShim, it is only applicable to hdfs filesystem.
15/09/06 13:13:53 INFO metadata.Hive: Renaming src: file:/var/folders/y7/4_pz5fzx54ngcmghz3v6t3m00000gn/T/junit5531707031763717248/hadooptmp/dealer_hierarchy/core_data/.hive-staging_hive_2015-09-06_13-13-52_898_7412113165392456531-1/-ext-10000/dealer_code=AAAA/000000_0, dest: file:/var/folders/y7/4_pz5fzx54ngcmghz3v6t3m00000gn/T/junit5531707031763717248/hadooptmp/dealer_hierarchy/core_data/dealer_code=AAAA/000000_0, Status:true
15/09/06 13:13:53 INFO metastore.HiveMetaStore: 0: get_partition_with_auth : db=ddsw_dev tbl=dealer_hierarchy_core[AAAA]
15/09/06 13:13:53 INFO HiveMetaStore.audit: ugi=hpatel	ip=unknown-ip-addr	cmd=get_partition_with_auth : db=ddsw_dev tbl=dealer_hierarchy_core[AAAA]	
15/09/06 13:13:53 INFO metastore.HiveMetaStore: 0: append_partition : db=ddsw_dev tbl=dealer_hierarchy_core[AAAA]
15/09/06 13:13:53 INFO HiveMetaStore.audit: ugi=hpatel	ip=unknown-ip-addr	cmd=append_partition : db=ddsw_dev tbl=dealer_hierarchy_core[AAAA]	
15/09/06 13:13:53 INFO metadata.Hive: New loading path = file:/var/folders/y7/4_pz5fzx54ngcmghz3v6t3m00000gn/T/junit5531707031763717248/hadooptmp/dealer_hierarchy/core_data/.hive-staging_hive_2015-09-06_13-13-52_898_7412113165392456531-1/-ext-10000/dealer_code=AAAA with partSpec {dealer_code=AAAA}
15/09/06 13:13:53 INFO metastore.HiveMetaStore: 0: get_partition_with_auth : db=ddsw_dev tbl=dealer_hierarchy_core[ZZZZ]
15/09/06 13:13:53 INFO HiveMetaStore.audit: ugi=hpatel	ip=unknown-ip-addr	cmd=get_partition_with_auth : db=ddsw_dev tbl=dealer_hierarchy_core[ZZZZ]	
	Loading partition {dealer_code=ZZZZ}
15/09/06 13:13:53 INFO exec.Task: 	Loading partition {dealer_code=ZZZZ}
15/09/06 13:13:53 INFO metastore.HiveMetaStore: 0: get_partition_with_auth : db=ddsw_dev tbl=dealer_hierarchy_core[AAAA]
15/09/06 13:13:53 INFO HiveMetaStore.audit: ugi=hpatel	ip=unknown-ip-addr	cmd=get_partition_with_auth : db=ddsw_dev tbl=dealer_hierarchy_core[AAAA]	
	Loading partition {dealer_code=AAAA}
15/09/06 13:13:53 INFO exec.Task: 	Loading partition {dealer_code=AAAA}
15/09/06 13:13:53 INFO log.PerfLogger: </PERFLOG method=runTasks start=1441563232982 end=1441563233415 duration=433 from=org.apache.hadoop.hive.ql.Driver>
15/09/06 13:13:53 INFO log.PerfLogger: </PERFLOG method=Driver.execute start=1441563232981 end=1441563233415 duration=434 from=org.apache.hadoop.hive.ql.Driver>
MapReduce Jobs Launched: 
15/09/06 13:13:53 INFO ql.Driver: MapReduce Jobs Launched: 
Stage-Stage-1:  HDFS Read: 0 HDFS Write: 0 SUCCESS
15/09/06 13:13:53 INFO ql.Driver: Stage-Stage-1:  HDFS Read: 0 HDFS Write: 0 SUCCESS
Total MapReduce CPU Time Spent: 0 msec
15/09/06 13:13:53 INFO ql.Driver: Total MapReduce CPU Time Spent: 0 msec
OK
15/09/06 13:13:53 INFO ql.Driver: OK
15/09/06 13:13:53 INFO log.PerfLogger: <PERFLOG method=releaseLocks from=org.apache.hadoop.hive.ql.Driver>
15/09/06 13:13:53 INFO log.PerfLogger: </PERFLOG method=releaseLocks start=1441563233415 end=1441563233415 duration=0 from=org.apache.hadoop.hive.ql.Driver>
15/09/06 13:13:53 INFO log.PerfLogger: </PERFLOG method=Driver.run start=1441563232898 end=1441563233415 duration=517 from=org.apache.hadoop.hive.ql.Driver>
15/09/06 13:13:53 INFO service.HiveServer: Running the query: select * from dealer_hierarchy_core where dealer_code='AAAA'
15/09/06 13:13:53 INFO log.PerfLogger: <PERFLOG method=Driver.run from=org.apache.hadoop.hive.ql.Driver>
15/09/06 13:13:53 INFO log.PerfLogger: <PERFLOG method=TimeToSubmit from=org.apache.hadoop.hive.ql.Driver>
15/09/06 13:13:53 INFO ql.Driver: Concurrency mode is disabled, not creating a lock manager
15/09/06 13:13:53 INFO log.PerfLogger: <PERFLOG method=compile from=org.apache.hadoop.hive.ql.Driver>
15/09/06 13:13:53 INFO log.PerfLogger: <PERFLOG method=parse from=org.apache.hadoop.hive.ql.Driver>
15/09/06 13:13:53 INFO parse.ParseDriver: Parsing command: select * from dealer_hierarchy_core where dealer_code='AAAA'
15/09/06 13:13:53 INFO parse.ParseDriver: Parse Completed
15/09/06 13:13:53 INFO log.PerfLogger: </PERFLOG method=parse start=1441563233417 end=1441563233418 duration=1 from=org.apache.hadoop.hive.ql.Driver>
15/09/06 13:13:53 INFO log.PerfLogger: <PERFLOG method=semanticAnalyze from=org.apache.hadoop.hive.ql.Driver>
15/09/06 13:13:53 INFO parse.SemanticAnalyzer: Starting Semantic Analysis
15/09/06 13:13:53 INFO parse.SemanticAnalyzer: Completed phase 1 of Semantic Analysis
15/09/06 13:13:53 INFO parse.SemanticAnalyzer: Get metadata for source tables
15/09/06 13:13:53 INFO metastore.HiveMetaStore: 0: get_table : db=ddsw_dev tbl=dealer_hierarchy_core
15/09/06 13:13:53 INFO HiveMetaStore.audit: ugi=hpatel	ip=unknown-ip-addr	cmd=get_table : db=ddsw_dev tbl=dealer_hierarchy_core	
15/09/06 13:13:53 INFO avro.AvroSerDe: Avro schema is {"type":"record","name":"DEALER_HIERARCHY_CORE","doc":"Sqoop import of DEALER_HIERARCHY","fields":[{"name":"File_Name","type":["string","null"],"columnName":"File_Name"},{"name":"GEN_ID","type":["string","null"],"columnName":"GEN_ID"},{"name":"DMS_SYSTEM","type":["string","null"],"columnName":"DMS_SYSTEM"},{"name":"DMS_VERSION","type":["string","null"],"columnName":"DMS_VERSION"},{"name":"TRANSMIT_TS","type":["string","null"],"columnName":"TRANSMIT_TS"},{"name":"ORIG_TRANSMIT_TS","type":["string","null"],"columnName":"TRANSMIT_TS"},{"name":"TRANSMIT_BY","type":["string","null"],"columnName":"TRANSMIT_BY"},{"name":"RECORD_STATUS","type":["string","null"],"columnName":"RECORD_STATUS"},{"name":"DEALER_UPDT_IND","type":["string","null"],"columnName":"DEALER_UPDT_IND","sqlType":"1"},{"name":"STORE_NUMBER","type":["string","null"],"columnName":"STORE_NUMBER"},{"name":"PART_TYPE","type":["string","null"],"columnName":"PART_TYPE"},{"name":"STORE_NAME","type":["string","null"],"columnName":"STORE_NAME"},{"name":"INVENTORY_STORE_NUMBER","type":["string","null"],"columnName":"INVENTORY_STORE_NUMBER"},{"name":"CAT_EMRG_DEALER_CODE","type":["string","null"],"columnName":"CAT_EMRG_DEALER_CODE"},{"name":"CAT_STOCK_DEALER_CODE","type":["string","null"],"columnName":"CAT_STOCK_DEALER_CODE"},{"name":"STOCK_REPLEN_STORE_NUMBER","type":["string","null"],"columnName":"STOCK_REPLEN_STORE_NUMBER"},{"name":"STOCK_REPLEN_LEAD_TIME","type":["string","null"],"columnName":"STOCK_REPLEN_LEAD_TIME"},{"name":"LST_UPDT_TS","type":["string","null"],"columnName":"LST_UPDT_TS"},{"name":"ORIG_LST_UPDT_TS","type":["string","null"],"columnName":"ORIG_LST_UPDT_TS"},{"name":"LST_UPDT_BY_ID","type":["string","null"],"columnName":"LST_UPDT_BY_ID"},{"name":"FILE_INS_TS","type":["string","null"],"columnName":"FILE_INS_TS"},{"name":"ORIG_FILE_INS_TS","type":["string","null"],"columnName":"ORIG_FILE_INS_TS"},{"name":"EXP_STOCK_PLAN_LEAD_TIME","type":["string","null"],"columnName":"EXP_STOCK_PLAN_LEAD_TIME"}],"tableName":"DEALER_HIERARCHY_CORE"}
15/09/06 13:13:53 INFO avro.AvroSerDe: Avro schema is {"type":"record","name":"DEALER_HIERARCHY_CORE","doc":"Sqoop import of DEALER_HIERARCHY","fields":[{"name":"File_Name","type":["string","null"],"columnName":"File_Name"},{"name":"GEN_ID","type":["string","null"],"columnName":"GEN_ID"},{"name":"DMS_SYSTEM","type":["string","null"],"columnName":"DMS_SYSTEM"},{"name":"DMS_VERSION","type":["string","null"],"columnName":"DMS_VERSION"},{"name":"TRANSMIT_TS","type":["string","null"],"columnName":"TRANSMIT_TS"},{"name":"ORIG_TRANSMIT_TS","type":["string","null"],"columnName":"TRANSMIT_TS"},{"name":"TRANSMIT_BY","type":["string","null"],"columnName":"TRANSMIT_BY"},{"name":"RECORD_STATUS","type":["string","null"],"columnName":"RECORD_STATUS"},{"name":"DEALER_UPDT_IND","type":["string","null"],"columnName":"DEALER_UPDT_IND","sqlType":"1"},{"name":"STORE_NUMBER","type":["string","null"],"columnName":"STORE_NUMBER"},{"name":"PART_TYPE","type":["string","null"],"columnName":"PART_TYPE"},{"name":"STORE_NAME","type":["string","null"],"columnName":"STORE_NAME"},{"name":"INVENTORY_STORE_NUMBER","type":["string","null"],"columnName":"INVENTORY_STORE_NUMBER"},{"name":"CAT_EMRG_DEALER_CODE","type":["string","null"],"columnName":"CAT_EMRG_DEALER_CODE"},{"name":"CAT_STOCK_DEALER_CODE","type":["string","null"],"columnName":"CAT_STOCK_DEALER_CODE"},{"name":"STOCK_REPLEN_STORE_NUMBER","type":["string","null"],"columnName":"STOCK_REPLEN_STORE_NUMBER"},{"name":"STOCK_REPLEN_LEAD_TIME","type":["string","null"],"columnName":"STOCK_REPLEN_LEAD_TIME"},{"name":"LST_UPDT_TS","type":["string","null"],"columnName":"LST_UPDT_TS"},{"name":"ORIG_LST_UPDT_TS","type":["string","null"],"columnName":"ORIG_LST_UPDT_TS"},{"name":"LST_UPDT_BY_ID","type":["string","null"],"columnName":"LST_UPDT_BY_ID"},{"name":"FILE_INS_TS","type":["string","null"],"columnName":"FILE_INS_TS"},{"name":"ORIG_FILE_INS_TS","type":["string","null"],"columnName":"ORIG_FILE_INS_TS"},{"name":"EXP_STOCK_PLAN_LEAD_TIME","type":["string","null"],"columnName":"EXP_STOCK_PLAN_LEAD_TIME"}],"tableName":"DEALER_HIERARCHY_CORE"}
15/09/06 13:13:53 INFO parse.SemanticAnalyzer: Get metadata for subqueries
15/09/06 13:13:53 INFO parse.SemanticAnalyzer: Get metadata for destination tables
15/09/06 13:13:53 INFO ql.Context: New scratch dir is file:/var/folders/y7/4_pz5fzx54ngcmghz3v6t3m00000gn/T/junit5531707031763717248/scratchdir/hive_2015-09-06_13-13-53_417_1530313221394465511-1
15/09/06 13:13:53 INFO parse.SemanticAnalyzer: Completed getting MetaData in Semantic Analysis
15/09/06 13:13:53 INFO common.FileUtils: Creating directory if it doesn't exist: file:/var/folders/y7/4_pz5fzx54ngcmghz3v6t3m00000gn/T/junit5531707031763717248/scratchdir/hive_2015-09-06_13-13-53_417_1530313221394465511-1/-mr-10000/.hive-staging_hive_2015-09-06_13-13-53_417_1530313221394465511-1
15/09/06 13:13:53 INFO parse.SemanticAnalyzer: Set stats collection dir : file:/var/folders/y7/4_pz5fzx54ngcmghz3v6t3m00000gn/T/junit5531707031763717248/scratchdir/hive_2015-09-06_13-13-53_417_1530313221394465511-1/-mr-10000/.hive-staging_hive_2015-09-06_13-13-53_417_1530313221394465511-1/-ext-10002
15/09/06 13:13:53 INFO ppd.OpProcFactory: Processing for FS(167)
15/09/06 13:13:53 INFO ppd.OpProcFactory: Processing for SEL(166)
15/09/06 13:13:53 INFO ppd.OpProcFactory: Processing for FIL(165)
15/09/06 13:13:53 INFO ppd.OpProcFactory: Pushdown Predicates of FIL For Alias : dealer_hierarchy_core
15/09/06 13:13:53 INFO ppd.OpProcFactory: 	(dealer_code = 'AAAA')
15/09/06 13:13:53 INFO ppd.OpProcFactory: Processing for TS(164)
15/09/06 13:13:53 INFO ppd.OpProcFactory: Pushdown Predicates of TS For Alias : dealer_hierarchy_core
15/09/06 13:13:53 INFO ppd.OpProcFactory: 	(dealer_code = 'AAAA')
15/09/06 13:13:53 INFO log.PerfLogger: <PERFLOG method=partition-retrieving from=org.apache.hadoop.hive.ql.optimizer.ppr.PartitionPruner>
15/09/06 13:13:53 INFO metastore.HiveMetaStore: 0: get_partitions_by_expr : db=ddsw_dev tbl=dealer_hierarchy_core
15/09/06 13:13:53 INFO HiveMetaStore.audit: ugi=hpatel	ip=unknown-ip-addr	cmd=get_partitions_by_expr : db=ddsw_dev tbl=dealer_hierarchy_core	
15/09/06 13:13:53 INFO log.PerfLogger: </PERFLOG method=partition-retrieving start=1441563233481 end=1441563233495 duration=14 from=org.apache.hadoop.hive.ql.optimizer.ppr.PartitionPruner>
15/09/06 13:13:53 INFO optimizer.SortedDynPartitionOptimizer: Sorted dynamic partitioning optimization kicked in..
15/09/06 13:13:53 INFO parse.SemanticAnalyzer: Completed plan generation
15/09/06 13:13:53 INFO ql.Driver: Semantic Analysis Completed
15/09/06 13:13:53 INFO log.PerfLogger: </PERFLOG method=semanticAnalyze start=1441563233418 end=1441563233498 duration=80 from=org.apache.hadoop.hive.ql.Driver>
15/09/06 13:13:53 INFO avro.AvroSerDe: Avro schema is {"type":"record","name":"DEALER_HIERARCHY_CORE","doc":"Sqoop import of DEALER_HIERARCHY","fields":[{"name":"File_Name","type":["string","null"],"columnName":"File_Name"},{"name":"GEN_ID","type":["string","null"],"columnName":"GEN_ID"},{"name":"DMS_SYSTEM","type":["string","null"],"columnName":"DMS_SYSTEM"},{"name":"DMS_VERSION","type":["string","null"],"columnName":"DMS_VERSION"},{"name":"TRANSMIT_TS","type":["string","null"],"columnName":"TRANSMIT_TS"},{"name":"ORIG_TRANSMIT_TS","type":["string","null"],"columnName":"TRANSMIT_TS"},{"name":"TRANSMIT_BY","type":["string","null"],"columnName":"TRANSMIT_BY"},{"name":"RECORD_STATUS","type":["string","null"],"columnName":"RECORD_STATUS"},{"name":"DEALER_UPDT_IND","type":["string","null"],"columnName":"DEALER_UPDT_IND","sqlType":"1"},{"name":"STORE_NUMBER","type":["string","null"],"columnName":"STORE_NUMBER"},{"name":"PART_TYPE","type":["string","null"],"columnName":"PART_TYPE"},{"name":"STORE_NAME","type":["string","null"],"columnName":"STORE_NAME"},{"name":"INVENTORY_STORE_NUMBER","type":["string","null"],"columnName":"INVENTORY_STORE_NUMBER"},{"name":"CAT_EMRG_DEALER_CODE","type":["string","null"],"columnName":"CAT_EMRG_DEALER_CODE"},{"name":"CAT_STOCK_DEALER_CODE","type":["string","null"],"columnName":"CAT_STOCK_DEALER_CODE"},{"name":"STOCK_REPLEN_STORE_NUMBER","type":["string","null"],"columnName":"STOCK_REPLEN_STORE_NUMBER"},{"name":"STOCK_REPLEN_LEAD_TIME","type":["string","null"],"columnName":"STOCK_REPLEN_LEAD_TIME"},{"name":"LST_UPDT_TS","type":["string","null"],"columnName":"LST_UPDT_TS"},{"name":"ORIG_LST_UPDT_TS","type":["string","null"],"columnName":"ORIG_LST_UPDT_TS"},{"name":"LST_UPDT_BY_ID","type":["string","null"],"columnName":"LST_UPDT_BY_ID"},{"name":"FILE_INS_TS","type":["string","null"],"columnName":"FILE_INS_TS"},{"name":"ORIG_FILE_INS_TS","type":["string","null"],"columnName":"ORIG_FILE_INS_TS"},{"name":"EXP_STOCK_PLAN_LEAD_TIME","type":["string","null"],"columnName":"EXP_STOCK_PLAN_LEAD_TIME"}],"tableName":"DEALER_HIERARCHY_CORE"}
15/09/06 13:13:53 INFO avro.AvroSerDe: Avro schema is {"type":"record","name":"DEALER_HIERARCHY_CORE","doc":"Sqoop import of DEALER_HIERARCHY","fields":[{"name":"File_Name","type":["string","null"],"columnName":"File_Name"},{"name":"GEN_ID","type":["string","null"],"columnName":"GEN_ID"},{"name":"DMS_SYSTEM","type":["string","null"],"columnName":"DMS_SYSTEM"},{"name":"DMS_VERSION","type":["string","null"],"columnName":"DMS_VERSION"},{"name":"TRANSMIT_TS","type":["string","null"],"columnName":"TRANSMIT_TS"},{"name":"ORIG_TRANSMIT_TS","type":["string","null"],"columnName":"TRANSMIT_TS"},{"name":"TRANSMIT_BY","type":["string","null"],"columnName":"TRANSMIT_BY"},{"name":"RECORD_STATUS","type":["string","null"],"columnName":"RECORD_STATUS"},{"name":"DEALER_UPDT_IND","type":["string","null"],"columnName":"DEALER_UPDT_IND","sqlType":"1"},{"name":"STORE_NUMBER","type":["string","null"],"columnName":"STORE_NUMBER"},{"name":"PART_TYPE","type":["string","null"],"columnName":"PART_TYPE"},{"name":"STORE_NAME","type":["string","null"],"columnName":"STORE_NAME"},{"name":"INVENTORY_STORE_NUMBER","type":["string","null"],"columnName":"INVENTORY_STORE_NUMBER"},{"name":"CAT_EMRG_DEALER_CODE","type":["string","null"],"columnName":"CAT_EMRG_DEALER_CODE"},{"name":"CAT_STOCK_DEALER_CODE","type":["string","null"],"columnName":"CAT_STOCK_DEALER_CODE"},{"name":"STOCK_REPLEN_STORE_NUMBER","type":["string","null"],"columnName":"STOCK_REPLEN_STORE_NUMBER"},{"name":"STOCK_REPLEN_LEAD_TIME","type":["string","null"],"columnName":"STOCK_REPLEN_LEAD_TIME"},{"name":"LST_UPDT_TS","type":["string","null"],"columnName":"LST_UPDT_TS"},{"name":"ORIG_LST_UPDT_TS","type":["string","null"],"columnName":"ORIG_LST_UPDT_TS"},{"name":"LST_UPDT_BY_ID","type":["string","null"],"columnName":"LST_UPDT_BY_ID"},{"name":"FILE_INS_TS","type":["string","null"],"columnName":"FILE_INS_TS"},{"name":"ORIG_FILE_INS_TS","type":["string","null"],"columnName":"ORIG_FILE_INS_TS"},{"name":"EXP_STOCK_PLAN_LEAD_TIME","type":["string","null"],"columnName":"EXP_STOCK_PLAN_LEAD_TIME"}],"tableName":"DEALER_HIERARCHY_CORE"}
15/09/06 13:13:53 INFO avro.AvroSerDe: Resetting already initialized AvroSerDe
15/09/06 13:13:53 INFO avro.AvroSerDe: Avro schema is {"type":"record","name":"DEALER_HIERARCHY_CORE","doc":"Sqoop import of DEALER_HIERARCHY","fields":[{"name":"File_Name","type":["string","null"],"columnName":"File_Name"},{"name":"GEN_ID","type":["string","null"],"columnName":"GEN_ID"},{"name":"DMS_SYSTEM","type":["string","null"],"columnName":"DMS_SYSTEM"},{"name":"DMS_VERSION","type":["string","null"],"columnName":"DMS_VERSION"},{"name":"TRANSMIT_TS","type":["string","null"],"columnName":"TRANSMIT_TS"},{"name":"ORIG_TRANSMIT_TS","type":["string","null"],"columnName":"TRANSMIT_TS"},{"name":"TRANSMIT_BY","type":["string","null"],"columnName":"TRANSMIT_BY"},{"name":"RECORD_STATUS","type":["string","null"],"columnName":"RECORD_STATUS"},{"name":"DEALER_UPDT_IND","type":["string","null"],"columnName":"DEALER_UPDT_IND","sqlType":"1"},{"name":"STORE_NUMBER","type":["string","null"],"columnName":"STORE_NUMBER"},{"name":"PART_TYPE","type":["string","null"],"columnName":"PART_TYPE"},{"name":"STORE_NAME","type":["string","null"],"columnName":"STORE_NAME"},{"name":"INVENTORY_STORE_NUMBER","type":["string","null"],"columnName":"INVENTORY_STORE_NUMBER"},{"name":"CAT_EMRG_DEALER_CODE","type":["string","null"],"columnName":"CAT_EMRG_DEALER_CODE"},{"name":"CAT_STOCK_DEALER_CODE","type":["string","null"],"columnName":"CAT_STOCK_DEALER_CODE"},{"name":"STOCK_REPLEN_STORE_NUMBER","type":["string","null"],"columnName":"STOCK_REPLEN_STORE_NUMBER"},{"name":"STOCK_REPLEN_LEAD_TIME","type":["string","null"],"columnName":"STOCK_REPLEN_LEAD_TIME"},{"name":"LST_UPDT_TS","type":["string","null"],"columnName":"LST_UPDT_TS"},{"name":"ORIG_LST_UPDT_TS","type":["string","null"],"columnName":"ORIG_LST_UPDT_TS"},{"name":"LST_UPDT_BY_ID","type":["string","null"],"columnName":"LST_UPDT_BY_ID"},{"name":"FILE_INS_TS","type":["string","null"],"columnName":"FILE_INS_TS"},{"name":"ORIG_FILE_INS_TS","type":["string","null"],"columnName":"ORIG_FILE_INS_TS"},{"name":"EXP_STOCK_PLAN_LEAD_TIME","type":["string","null"],"columnName":"EXP_STOCK_PLAN_LEAD_TIME"}],"tableName":"DEALER_HIERARCHY_CORE"}
15/09/06 13:13:53 INFO exec.TableScanOperator: Initializing Self 164 TS
15/09/06 13:13:53 INFO exec.TableScanOperator: Operator 164 TS initialized
15/09/06 13:13:53 INFO exec.TableScanOperator: Initializing children of 164 TS
15/09/06 13:13:53 INFO exec.SelectOperator: Initializing child 166 SEL
15/09/06 13:13:53 INFO exec.SelectOperator: Initializing Self 166 SEL
15/09/06 13:13:53 INFO exec.SelectOperator: SELECT struct<file_name:string,gen_id:string,dms_system:string,dms_version:string,transmit_ts:string,orig_transmit_ts:string,transmit_by:string,record_status:string,dealer_updt_ind:string,store_number:string,part_type:string,store_name:string,inventory_store_number:string,cat_emrg_dealer_code:string,cat_stock_dealer_code:string,stock_replen_store_number:string,stock_replen_lead_time:string,lst_updt_ts:string,orig_lst_updt_ts:string,lst_updt_by_id:string,file_ins_ts:string,orig_file_ins_ts:string,exp_stock_plan_lead_time:string,dealer_code:string>
15/09/06 13:13:53 INFO exec.SelectOperator: Operator 166 SEL initialized
15/09/06 13:13:53 INFO exec.SelectOperator: Initializing children of 166 SEL
15/09/06 13:13:53 INFO exec.ListSinkOperator: Initializing child 169 OP
15/09/06 13:13:53 INFO exec.ListSinkOperator: Initializing Self 169 OP
15/09/06 13:13:53 INFO exec.ListSinkOperator: Operator 169 OP initialized
15/09/06 13:13:53 INFO exec.ListSinkOperator: Initialization Done 169 OP
15/09/06 13:13:53 INFO exec.SelectOperator: Initialization Done 166 SEL
15/09/06 13:13:53 INFO exec.TableScanOperator: Initialization Done 164 TS
15/09/06 13:13:53 INFO ql.Driver: Returning Hive schema: Schema(fieldSchemas:[FieldSchema(name:dealer_hierarchy_core.file_name, type:string, comment:null), FieldSchema(name:dealer_hierarchy_core.gen_id, type:string, comment:null), FieldSchema(name:dealer_hierarchy_core.dms_system, type:string, comment:null), FieldSchema(name:dealer_hierarchy_core.dms_version, type:string, comment:null), FieldSchema(name:dealer_hierarchy_core.transmit_ts, type:string, comment:null), FieldSchema(name:dealer_hierarchy_core.orig_transmit_ts, type:string, comment:null), FieldSchema(name:dealer_hierarchy_core.transmit_by, type:string, comment:null), FieldSchema(name:dealer_hierarchy_core.record_status, type:string, comment:null), FieldSchema(name:dealer_hierarchy_core.dealer_updt_ind, type:string, comment:null), FieldSchema(name:dealer_hierarchy_core.store_number, type:string, comment:null), FieldSchema(name:dealer_hierarchy_core.part_type, type:string, comment:null), FieldSchema(name:dealer_hierarchy_core.store_name, type:string, comment:null), FieldSchema(name:dealer_hierarchy_core.inventory_store_number, type:string, comment:null), FieldSchema(name:dealer_hierarchy_core.cat_emrg_dealer_code, type:string, comment:null), FieldSchema(name:dealer_hierarchy_core.cat_stock_dealer_code, type:string, comment:null), FieldSchema(name:dealer_hierarchy_core.stock_replen_store_number, type:string, comment:null), FieldSchema(name:dealer_hierarchy_core.stock_replen_lead_time, type:string, comment:null), FieldSchema(name:dealer_hierarchy_core.lst_updt_ts, type:string, comment:null), FieldSchema(name:dealer_hierarchy_core.orig_lst_updt_ts, type:string, comment:null), FieldSchema(name:dealer_hierarchy_core.lst_updt_by_id, type:string, comment:null), FieldSchema(name:dealer_hierarchy_core.file_ins_ts, type:string, comment:null), FieldSchema(name:dealer_hierarchy_core.orig_file_ins_ts, type:string, comment:null), FieldSchema(name:dealer_hierarchy_core.exp_stock_plan_lead_time, type:string, comment:null), FieldSchema(name:dealer_hierarchy_core.dealer_code, type:string, comment:null)], properties:null)
15/09/06 13:13:53 INFO log.PerfLogger: </PERFLOG method=compile start=1441563233417 end=1441563233524 duration=107 from=org.apache.hadoop.hive.ql.Driver>
15/09/06 13:13:53 INFO log.PerfLogger: <PERFLOG method=Driver.execute from=org.apache.hadoop.hive.ql.Driver>
15/09/06 13:13:53 INFO ql.Driver: Starting command: select * from dealer_hierarchy_core where dealer_code='AAAA'
15/09/06 13:13:53 INFO log.PerfLogger: </PERFLOG method=TimeToSubmit start=1441563233417 end=1441563233525 duration=108 from=org.apache.hadoop.hive.ql.Driver>
15/09/06 13:13:53 INFO log.PerfLogger: <PERFLOG method=runTasks from=org.apache.hadoop.hive.ql.Driver>
15/09/06 13:13:53 INFO log.PerfLogger: </PERFLOG method=runTasks start=1441563233525 end=1441563233525 duration=0 from=org.apache.hadoop.hive.ql.Driver>
15/09/06 13:13:53 INFO log.PerfLogger: </PERFLOG method=Driver.execute start=1441563233524 end=1441563233525 duration=1 from=org.apache.hadoop.hive.ql.Driver>
OK
15/09/06 13:13:53 INFO ql.Driver: OK
15/09/06 13:13:53 INFO log.PerfLogger: <PERFLOG method=releaseLocks from=org.apache.hadoop.hive.ql.Driver>
15/09/06 13:13:53 INFO log.PerfLogger: </PERFLOG method=releaseLocks start=1441563233525 end=1441563233525 duration=0 from=org.apache.hadoop.hive.ql.Driver>
15/09/06 13:13:53 INFO log.PerfLogger: </PERFLOG method=Driver.run start=1441563233417 end=1441563233525 duration=108 from=org.apache.hadoop.hive.ql.Driver>
15/09/06 13:13:53 INFO mapred.FileInputFormat: Total input paths to process : 1
15/09/06 13:13:53 INFO avro.AvroSerDe: Avro schema is {"type":"record","name":"DEALER_HIERARCHY_CORE","doc":"Sqoop import of DEALER_HIERARCHY","fields":[{"name":"File_Name","type":["string","null"],"columnName":"File_Name"},{"name":"GEN_ID","type":["string","null"],"columnName":"GEN_ID"},{"name":"DMS_SYSTEM","type":["string","null"],"columnName":"DMS_SYSTEM"},{"name":"DMS_VERSION","type":["string","null"],"columnName":"DMS_VERSION"},{"name":"TRANSMIT_TS","type":["string","null"],"columnName":"TRANSMIT_TS"},{"name":"ORIG_TRANSMIT_TS","type":["string","null"],"columnName":"TRANSMIT_TS"},{"name":"TRANSMIT_BY","type":["string","null"],"columnName":"TRANSMIT_BY"},{"name":"RECORD_STATUS","type":["string","null"],"columnName":"RECORD_STATUS"},{"name":"DEALER_UPDT_IND","type":["string","null"],"columnName":"DEALER_UPDT_IND","sqlType":"1"},{"name":"STORE_NUMBER","type":["string","null"],"columnName":"STORE_NUMBER"},{"name":"PART_TYPE","type":["string","null"],"columnName":"PART_TYPE"},{"name":"STORE_NAME","type":["string","null"],"columnName":"STORE_NAME"},{"name":"INVENTORY_STORE_NUMBER","type":["string","null"],"columnName":"INVENTORY_STORE_NUMBER"},{"name":"CAT_EMRG_DEALER_CODE","type":["string","null"],"columnName":"CAT_EMRG_DEALER_CODE"},{"name":"CAT_STOCK_DEALER_CODE","type":["string","null"],"columnName":"CAT_STOCK_DEALER_CODE"},{"name":"STOCK_REPLEN_STORE_NUMBER","type":["string","null"],"columnName":"STOCK_REPLEN_STORE_NUMBER"},{"name":"STOCK_REPLEN_LEAD_TIME","type":["string","null"],"columnName":"STOCK_REPLEN_LEAD_TIME"},{"name":"LST_UPDT_TS","type":["string","null"],"columnName":"LST_UPDT_TS"},{"name":"ORIG_LST_UPDT_TS","type":["string","null"],"columnName":"ORIG_LST_UPDT_TS"},{"name":"LST_UPDT_BY_ID","type":["string","null"],"columnName":"LST_UPDT_BY_ID"},{"name":"FILE_INS_TS","type":["string","null"],"columnName":"FILE_INS_TS"},{"name":"ORIG_FILE_INS_TS","type":["string","null"],"columnName":"ORIG_FILE_INS_TS"},{"name":"EXP_STOCK_PLAN_LEAD_TIME","type":["string","null"],"columnName":"EXP_STOCK_PLAN_LEAD_TIME"}],"tableName":"DEALER_HIERARCHY_CORE"}
15/09/06 13:13:53 INFO avro.AvroSerDe: Resetting already initialized AvroSerDe
15/09/06 13:13:53 INFO avro.AvroSerDe: Avro schema is {"type":"record","name":"DEALER_HIERARCHY_CORE","doc":"Sqoop import of DEALER_HIERARCHY","fields":[{"name":"File_Name","type":["string","null"],"columnName":"File_Name"},{"name":"GEN_ID","type":["string","null"],"columnName":"GEN_ID"},{"name":"DMS_SYSTEM","type":["string","null"],"columnName":"DMS_SYSTEM"},{"name":"DMS_VERSION","type":["string","null"],"columnName":"DMS_VERSION"},{"name":"TRANSMIT_TS","type":["string","null"],"columnName":"TRANSMIT_TS"},{"name":"ORIG_TRANSMIT_TS","type":["string","null"],"columnName":"TRANSMIT_TS"},{"name":"TRANSMIT_BY","type":["string","null"],"columnName":"TRANSMIT_BY"},{"name":"RECORD_STATUS","type":["string","null"],"columnName":"RECORD_STATUS"},{"name":"DEALER_UPDT_IND","type":["string","null"],"columnName":"DEALER_UPDT_IND","sqlType":"1"},{"name":"STORE_NUMBER","type":["string","null"],"columnName":"STORE_NUMBER"},{"name":"PART_TYPE","type":["string","null"],"columnName":"PART_TYPE"},{"name":"STORE_NAME","type":["string","null"],"columnName":"STORE_NAME"},{"name":"INVENTORY_STORE_NUMBER","type":["string","null"],"columnName":"INVENTORY_STORE_NUMBER"},{"name":"CAT_EMRG_DEALER_CODE","type":["string","null"],"columnName":"CAT_EMRG_DEALER_CODE"},{"name":"CAT_STOCK_DEALER_CODE","type":["string","null"],"columnName":"CAT_STOCK_DEALER_CODE"},{"name":"STOCK_REPLEN_STORE_NUMBER","type":["string","null"],"columnName":"STOCK_REPLEN_STORE_NUMBER"},{"name":"STOCK_REPLEN_LEAD_TIME","type":["string","null"],"columnName":"STOCK_REPLEN_LEAD_TIME"},{"name":"LST_UPDT_TS","type":["string","null"],"columnName":"LST_UPDT_TS"},{"name":"ORIG_LST_UPDT_TS","type":["string","null"],"columnName":"ORIG_LST_UPDT_TS"},{"name":"LST_UPDT_BY_ID","type":["string","null"],"columnName":"LST_UPDT_BY_ID"},{"name":"FILE_INS_TS","type":["string","null"],"columnName":"FILE_INS_TS"},{"name":"ORIG_FILE_INS_TS","type":["string","null"],"columnName":"ORIG_FILE_INS_TS"},{"name":"EXP_STOCK_PLAN_LEAD_TIME","type":["string","null"],"columnName":"EXP_STOCK_PLAN_LEAD_TIME"}],"tableName":"DEALER_HIERARCHY_CORE"}
15/09/06 13:13:53 INFO avro.AvroSerDe: Avro schema is {"type":"record","name":"DEALER_HIERARCHY_CORE","doc":"Sqoop import of DEALER_HIERARCHY","fields":[{"name":"File_Name","type":["string","null"],"columnName":"File_Name"},{"name":"GEN_ID","type":["string","null"],"columnName":"GEN_ID"},{"name":"DMS_SYSTEM","type":["string","null"],"columnName":"DMS_SYSTEM"},{"name":"DMS_VERSION","type":["string","null"],"columnName":"DMS_VERSION"},{"name":"TRANSMIT_TS","type":["string","null"],"columnName":"TRANSMIT_TS"},{"name":"ORIG_TRANSMIT_TS","type":["string","null"],"columnName":"TRANSMIT_TS"},{"name":"TRANSMIT_BY","type":["string","null"],"columnName":"TRANSMIT_BY"},{"name":"RECORD_STATUS","type":["string","null"],"columnName":"RECORD_STATUS"},{"name":"DEALER_UPDT_IND","type":["string","null"],"columnName":"DEALER_UPDT_IND","sqlType":"1"},{"name":"STORE_NUMBER","type":["string","null"],"columnName":"STORE_NUMBER"},{"name":"PART_TYPE","type":["string","null"],"columnName":"PART_TYPE"},{"name":"STORE_NAME","type":["string","null"],"columnName":"STORE_NAME"},{"name":"INVENTORY_STORE_NUMBER","type":["string","null"],"columnName":"INVENTORY_STORE_NUMBER"},{"name":"CAT_EMRG_DEALER_CODE","type":["string","null"],"columnName":"CAT_EMRG_DEALER_CODE"},{"name":"CAT_STOCK_DEALER_CODE","type":["string","null"],"columnName":"CAT_STOCK_DEALER_CODE"},{"name":"STOCK_REPLEN_STORE_NUMBER","type":["string","null"],"columnName":"STOCK_REPLEN_STORE_NUMBER"},{"name":"STOCK_REPLEN_LEAD_TIME","type":["string","null"],"columnName":"STOCK_REPLEN_LEAD_TIME"},{"name":"LST_UPDT_TS","type":["string","null"],"columnName":"LST_UPDT_TS"},{"name":"ORIG_LST_UPDT_TS","type":["string","null"],"columnName":"ORIG_LST_UPDT_TS"},{"name":"LST_UPDT_BY_ID","type":["string","null"],"columnName":"LST_UPDT_BY_ID"},{"name":"FILE_INS_TS","type":["string","null"],"columnName":"FILE_INS_TS"},{"name":"ORIG_FILE_INS_TS","type":["string","null"],"columnName":"ORIG_FILE_INS_TS"},{"name":"EXP_STOCK_PLAN_LEAD_TIME","type":["string","null"],"columnName":"EXP_STOCK_PLAN_LEAD_TIME"}],"tableName":"DEALER_HIERARCHY_CORE"}
15/09/06 13:13:53 INFO avro.AvroGenericRecordReader: Found the avro schema in the job: {"type":"record","name":"DEALER_HIERARCHY_CORE","doc":"Sqoop import of DEALER_HIERARCHY","fields":[{"name":"File_Name","type":["string","null"],"columnName":"File_Name"},{"name":"GEN_ID","type":["string","null"],"columnName":"GEN_ID"},{"name":"DMS_SYSTEM","type":["string","null"],"columnName":"DMS_SYSTEM"},{"name":"DMS_VERSION","type":["string","null"],"columnName":"DMS_VERSION"},{"name":"TRANSMIT_TS","type":["string","null"],"columnName":"TRANSMIT_TS"},{"name":"ORIG_TRANSMIT_TS","type":["string","null"],"columnName":"TRANSMIT_TS"},{"name":"TRANSMIT_BY","type":["string","null"],"columnName":"TRANSMIT_BY"},{"name":"RECORD_STATUS","type":["string","null"],"columnName":"RECORD_STATUS"},{"name":"DEALER_UPDT_IND","type":["string","null"],"columnName":"DEALER_UPDT_IND","sqlType":"1"},{"name":"STORE_NUMBER","type":["string","null"],"columnName":"STORE_NUMBER"},{"name":"PART_TYPE","type":["string","null"],"columnName":"PART_TYPE"},{"name":"STORE_NAME","type":["string","null"],"columnName":"STORE_NAME"},{"name":"INVENTORY_STORE_NUMBER","type":["string","null"],"columnName":"INVENTORY_STORE_NUMBER"},{"name":"CAT_EMRG_DEALER_CODE","type":["string","null"],"columnName":"CAT_EMRG_DEALER_CODE"},{"name":"CAT_STOCK_DEALER_CODE","type":["string","null"],"columnName":"CAT_STOCK_DEALER_CODE"},{"name":"STOCK_REPLEN_STORE_NUMBER","type":["string","null"],"columnName":"STOCK_REPLEN_STORE_NUMBER"},{"name":"STOCK_REPLEN_LEAD_TIME","type":["string","null"],"columnName":"STOCK_REPLEN_LEAD_TIME"},{"name":"LST_UPDT_TS","type":["string","null"],"columnName":"LST_UPDT_TS"},{"name":"ORIG_LST_UPDT_TS","type":["string","null"],"columnName":"ORIG_LST_UPDT_TS"},{"name":"LST_UPDT_BY_ID","type":["string","null"],"columnName":"LST_UPDT_BY_ID"},{"name":"FILE_INS_TS","type":["string","null"],"columnName":"FILE_INS_TS"},{"name":"ORIG_FILE_INS_TS","type":["string","null"],"columnName":"ORIG_FILE_INS_TS"},{"name":"EXP_STOCK_PLAN_LEAD_TIME","type":["string","null"],"columnName":"EXP_STOCK_PLAN_LEAD_TIME"}],"tableName":"DEALER_HIERARCHY_CORE"}
15/09/06 13:13:53 INFO avro.AvroDeserializer: Adding new valid RRID :-d3e18ac:14fa3dd38b8:-7ffc
15/09/06 13:13:53 INFO service.HiveServer: Running the query: USE default
15/09/06 13:13:53 INFO exec.TableScanOperator: 164 finished. closing... 
15/09/06 13:13:53 INFO exec.SelectOperator: 166 finished. closing... 
15/09/06 13:13:53 INFO exec.ListSinkOperator: 169 finished. closing... 
15/09/06 13:13:53 INFO exec.ListSinkOperator: 169 Close done
15/09/06 13:13:53 INFO exec.SelectOperator: 166 Close done
15/09/06 13:13:53 INFO exec.TableScanOperator: 164 Close done
15/09/06 13:13:53 INFO log.PerfLogger: <PERFLOG method=Driver.run from=org.apache.hadoop.hive.ql.Driver>
15/09/06 13:13:53 INFO log.PerfLogger: <PERFLOG method=TimeToSubmit from=org.apache.hadoop.hive.ql.Driver>
15/09/06 13:13:53 INFO ql.Driver: Concurrency mode is disabled, not creating a lock manager
15/09/06 13:13:53 INFO log.PerfLogger: <PERFLOG method=compile from=org.apache.hadoop.hive.ql.Driver>
15/09/06 13:13:53 INFO log.PerfLogger: <PERFLOG method=parse from=org.apache.hadoop.hive.ql.Driver>
15/09/06 13:13:53 INFO parse.ParseDriver: Parsing command: USE default
15/09/06 13:13:53 INFO parse.ParseDriver: Parse Completed
15/09/06 13:13:53 INFO log.PerfLogger: </PERFLOG method=parse start=1441563233554 end=1441563233554 duration=0 from=org.apache.hadoop.hive.ql.Driver>
15/09/06 13:13:53 INFO log.PerfLogger: <PERFLOG method=semanticAnalyze from=org.apache.hadoop.hive.ql.Driver>
15/09/06 13:13:53 INFO ql.Driver: Semantic Analysis Completed
15/09/06 13:13:53 INFO log.PerfLogger: </PERFLOG method=semanticAnalyze start=1441563233554 end=1441563233554 duration=0 from=org.apache.hadoop.hive.ql.Driver>
15/09/06 13:13:53 INFO ql.Driver: Returning Hive schema: Schema(fieldSchemas:null, properties:null)
15/09/06 13:13:53 INFO log.PerfLogger: </PERFLOG method=compile start=1441563233553 end=1441563233554 duration=1 from=org.apache.hadoop.hive.ql.Driver>
15/09/06 13:13:53 INFO log.PerfLogger: <PERFLOG method=Driver.execute from=org.apache.hadoop.hive.ql.Driver>
15/09/06 13:13:53 INFO ql.Driver: Starting command: USE default
15/09/06 13:13:53 INFO log.PerfLogger: </PERFLOG method=TimeToSubmit start=1441563233553 end=1441563233554 duration=1 from=org.apache.hadoop.hive.ql.Driver>
15/09/06 13:13:53 INFO log.PerfLogger: <PERFLOG method=runTasks from=org.apache.hadoop.hive.ql.Driver>
15/09/06 13:13:53 INFO log.PerfLogger: <PERFLOG method=task.DDL.Stage-0 from=org.apache.hadoop.hive.ql.Driver>
15/09/06 13:13:53 INFO metastore.HiveMetaStore: 0: get_database: default
15/09/06 13:13:53 INFO HiveMetaStore.audit: ugi=hpatel	ip=unknown-ip-addr	cmd=get_database: default	
15/09/06 13:13:53 INFO metastore.HiveMetaStore: 0: get_database: default
15/09/06 13:13:53 INFO HiveMetaStore.audit: ugi=hpatel	ip=unknown-ip-addr	cmd=get_database: default	
15/09/06 13:13:53 INFO log.PerfLogger: </PERFLOG method=runTasks start=1441563233554 end=1441563233557 duration=3 from=org.apache.hadoop.hive.ql.Driver>
15/09/06 13:13:53 INFO log.PerfLogger: </PERFLOG method=Driver.execute start=1441563233554 end=1441563233557 duration=3 from=org.apache.hadoop.hive.ql.Driver>
OK
15/09/06 13:13:53 INFO ql.Driver: OK
15/09/06 13:13:53 INFO log.PerfLogger: <PERFLOG method=releaseLocks from=org.apache.hadoop.hive.ql.Driver>
15/09/06 13:13:53 INFO log.PerfLogger: </PERFLOG method=releaseLocks start=1441563233557 end=1441563233557 duration=0 from=org.apache.hadoop.hive.ql.Driver>
15/09/06 13:13:53 INFO log.PerfLogger: </PERFLOG method=Driver.run start=1441563233553 end=1441563233557 duration=4 from=org.apache.hadoop.hive.ql.Driver>
15/09/06 13:13:53 INFO metastore.HiveMetaStore: 0: Shutting down the object store...
15/09/06 13:13:53 INFO HiveMetaStore.audit: ugi=hpatel	ip=unknown-ip-addr	cmd=Shutting down the object store...	
15/09/06 13:13:53 INFO metastore.HiveMetaStore: 0: Metastore shutdown complete.
15/09/06 13:13:53 INFO HiveMetaStore.audit: ugi=hpatel	ip=unknown-ip-addr	cmd=Metastore shutdown complete.	
15/09/06 13:13:53 INFO hiverunner.HiveServerContainer: Tore down HiveServer instance
15/09/06 13:13:53 INFO metastore.HiveMetaStore: 0: Opening raw store with implemenation class:org.apache.hadoop.hive.metastore.ObjectStore
15/09/06 13:13:53 INFO metastore.ObjectStore: ObjectStore, initialize called
15/09/06 13:13:53 INFO DataNucleus.Persistence: Property datanucleus.cache.level2 unknown - will be ignored
15/09/06 13:13:53 INFO DataNucleus.Persistence: Property hive.metastore.integral.jdo.pushdown unknown - will be ignored
15/09/06 13:13:53 INFO metastore.ObjectStore: Setting MetaStore object pin classes with hive.metastore.cache.pinobjtypes="Table,StorageDescriptor,SerDeInfo,Partition,Database,Type,FieldSchema,Order"
15/09/06 13:13:53 INFO metastore.MetaStoreDirectSql: MySQL check failed, assuming we are not on mysql: unknown token: 
15/09/06 13:13:53 INFO DataNucleus.Datastore: The class "org.apache.hadoop.hive.metastore.model.MFieldSchema" is tagged as "embedded-only" so does not have its own datastore table.
15/09/06 13:13:53 INFO DataNucleus.Datastore: The class "org.apache.hadoop.hive.metastore.model.MOrder" is tagged as "embedded-only" so does not have its own datastore table.
15/09/06 13:13:53 INFO DataNucleus.Datastore: The class "org.apache.hadoop.hive.metastore.model.MFieldSchema" is tagged as "embedded-only" so does not have its own datastore table.
15/09/06 13:13:53 INFO DataNucleus.Datastore: The class "org.apache.hadoop.hive.metastore.model.MOrder" is tagged as "embedded-only" so does not have its own datastore table.
15/09/06 13:13:53 INFO metastore.ObjectStore: Initialized ObjectStore
15/09/06 13:13:53 INFO metastore.HiveMetaStore: No user is added in admin role, since config is empty
15/09/06 13:13:53 INFO metastore.HiveMetaStore: 0: Shutting down the object store...
15/09/06 13:13:53 INFO HiveMetaStore.audit: ugi=hpatel	ip=unknown-ip-addr	cmd=Shutting down the object store...	
15/09/06 13:13:53 INFO metastore.HiveMetaStore: 0: Metastore shutdown complete.
15/09/06 13:13:53 INFO HiveMetaStore.audit: ugi=hpatel	ip=unknown-ip-addr	cmd=Metastore shutdown complete.	
15/09/06 13:13:53 INFO metastore.HiveMetaStore: No user is added in admin role, since config is empty
15/09/06 13:13:53 INFO session.SessionState: No Tez session required at this point. hive.execution.engine=mr.
15/09/06 13:13:53 INFO service.HiveServer: Putting temp output to file /var/folders/y7/4_pz5fzx54ngcmghz3v6t3m00000gn/T/junit5553221789791449242/localscratchdir/a453667a-2d06-4e7c-803c-a1334da4e9a6412907731779843530.pipeout
15/09/06 13:13:53 INFO service.HiveServer: Running the query: SHOW TABLES
15/09/06 13:13:53 INFO log.PerfLogger: <PERFLOG method=Driver.run from=org.apache.hadoop.hive.ql.Driver>
15/09/06 13:13:53 INFO log.PerfLogger: <PERFLOG method=TimeToSubmit from=org.apache.hadoop.hive.ql.Driver>
15/09/06 13:13:53 INFO ql.Driver: Concurrency mode is disabled, not creating a lock manager
15/09/06 13:13:53 INFO log.PerfLogger: <PERFLOG method=compile from=org.apache.hadoop.hive.ql.Driver>
15/09/06 13:13:53 INFO log.PerfLogger: <PERFLOG method=parse from=org.apache.hadoop.hive.ql.Driver>
15/09/06 13:13:53 INFO parse.ParseDriver: Parsing command: SHOW TABLES
15/09/06 13:13:53 INFO parse.ParseDriver: Parse Completed
15/09/06 13:13:53 INFO log.PerfLogger: </PERFLOG method=parse start=1441563233821 end=1441563233822 duration=1 from=org.apache.hadoop.hive.ql.Driver>
15/09/06 13:13:53 INFO log.PerfLogger: <PERFLOG method=semanticAnalyze from=org.apache.hadoop.hive.ql.Driver>
15/09/06 13:13:53 INFO ql.Driver: Semantic Analysis Completed
15/09/06 13:13:53 INFO log.PerfLogger: </PERFLOG method=semanticAnalyze start=1441563233822 end=1441563233826 duration=4 from=org.apache.hadoop.hive.ql.Driver>
15/09/06 13:13:53 INFO exec.ListSinkOperator: Initializing Self 170 OP
15/09/06 13:13:53 INFO exec.ListSinkOperator: Operator 170 OP initialized
15/09/06 13:13:53 INFO exec.ListSinkOperator: Initialization Done 170 OP
15/09/06 13:13:53 INFO ql.Driver: Returning Hive schema: Schema(fieldSchemas:[FieldSchema(name:tab_name, type:string, comment:from deserializer)], properties:null)
15/09/06 13:13:53 INFO log.PerfLogger: </PERFLOG method=compile start=1441563233821 end=1441563233826 duration=5 from=org.apache.hadoop.hive.ql.Driver>
15/09/06 13:13:53 INFO log.PerfLogger: <PERFLOG method=Driver.execute from=org.apache.hadoop.hive.ql.Driver>
15/09/06 13:13:53 INFO ql.Driver: Starting command: SHOW TABLES
15/09/06 13:13:53 INFO log.PerfLogger: </PERFLOG method=TimeToSubmit start=1441563233821 end=1441563233826 duration=5 from=org.apache.hadoop.hive.ql.Driver>
15/09/06 13:13:53 INFO log.PerfLogger: <PERFLOG method=runTasks from=org.apache.hadoop.hive.ql.Driver>
15/09/06 13:13:53 INFO log.PerfLogger: <PERFLOG method=task.DDL.Stage-0 from=org.apache.hadoop.hive.ql.Driver>
15/09/06 13:13:53 INFO metastore.HiveMetaStore: 0: get_database: default
15/09/06 13:13:53 INFO HiveMetaStore.audit: ugi=hpatel	ip=unknown-ip-addr	cmd=get_database: default	
15/09/06 13:13:53 INFO metastore.HiveMetaStore: 0: Opening raw store with implemenation class:org.apache.hadoop.hive.metastore.ObjectStore
15/09/06 13:13:53 INFO metastore.ObjectStore: ObjectStore, initialize called
15/09/06 13:13:53 INFO metastore.MetaStoreDirectSql: MySQL check failed, assuming we are not on mysql: unknown token: 
15/09/06 13:13:53 INFO DataNucleus.Query: Reading in results for query "org.datanucleus.store.rdbms.query.SQLQuery@0" since the connection used is closing
15/09/06 13:13:53 INFO metastore.ObjectStore: Initialized ObjectStore
15/09/06 13:13:53 INFO metastore.HiveMetaStore: 0: get_tables: db=default pat=.*
15/09/06 13:13:53 INFO HiveMetaStore.audit: ugi=hpatel	ip=unknown-ip-addr	cmd=get_tables: db=default pat=.*	
15/09/06 13:13:53 INFO log.PerfLogger: </PERFLOG method=runTasks start=1441563233826 end=1441563233836 duration=10 from=org.apache.hadoop.hive.ql.Driver>
15/09/06 13:13:53 INFO log.PerfLogger: </PERFLOG method=Driver.execute start=1441563233826 end=1441563233836 duration=10 from=org.apache.hadoop.hive.ql.Driver>
OK
15/09/06 13:13:53 INFO ql.Driver: OK
15/09/06 13:13:53 INFO log.PerfLogger: <PERFLOG method=releaseLocks from=org.apache.hadoop.hive.ql.Driver>
15/09/06 13:13:53 INFO log.PerfLogger: </PERFLOG method=releaseLocks start=1441563233836 end=1441563233836 duration=0 from=org.apache.hadoop.hive.ql.Driver>
15/09/06 13:13:53 INFO log.PerfLogger: </PERFLOG method=Driver.run start=1441563233821 end=1441563233836 duration=15 from=org.apache.hadoop.hive.ql.Driver>
15/09/06 13:13:53 INFO builder.HiveShellTearable: Executing script: CREATE TEMPORARY FUNCTION custom_utc_timestamp AS 'com.cloudera.sa.cat.udfs.CustomUTCTimestamp';
CREATE TEMPORARY FUNCTION format_mr_timestamp AS 'com.cloudera.sa.cat.udfs.FormatMRTimeStamp';

15/09/06 13:13:53 INFO service.HiveServer: Running the query: CREATE TEMPORARY FUNCTION custom_utc_timestamp AS 'com.cloudera.sa.cat.udfs.CustomUTCTimestamp'
15/09/06 13:13:53 INFO exec.ListSinkOperator: 170 finished. closing... 
15/09/06 13:13:53 INFO exec.ListSinkOperator: 170 Close done
15/09/06 13:13:53 INFO log.PerfLogger: <PERFLOG method=Driver.run from=org.apache.hadoop.hive.ql.Driver>
15/09/06 13:13:53 INFO log.PerfLogger: <PERFLOG method=TimeToSubmit from=org.apache.hadoop.hive.ql.Driver>
15/09/06 13:13:53 INFO ql.Driver: Concurrency mode is disabled, not creating a lock manager
15/09/06 13:13:53 INFO log.PerfLogger: <PERFLOG method=compile from=org.apache.hadoop.hive.ql.Driver>
15/09/06 13:13:53 INFO log.PerfLogger: <PERFLOG method=parse from=org.apache.hadoop.hive.ql.Driver>
15/09/06 13:13:53 INFO parse.ParseDriver: Parsing command: CREATE TEMPORARY FUNCTION custom_utc_timestamp AS 'com.cloudera.sa.cat.udfs.CustomUTCTimestamp'
15/09/06 13:13:53 INFO parse.ParseDriver: Parse Completed
15/09/06 13:13:53 INFO log.PerfLogger: </PERFLOG method=parse start=1441563233837 end=1441563233838 duration=1 from=org.apache.hadoop.hive.ql.Driver>
15/09/06 13:13:53 INFO log.PerfLogger: <PERFLOG method=semanticAnalyze from=org.apache.hadoop.hive.ql.Driver>
15/09/06 13:13:53 INFO metastore.HiveMetaStore: 0: get_database: default
15/09/06 13:13:53 INFO HiveMetaStore.audit: ugi=hpatel	ip=unknown-ip-addr	cmd=get_database: default	
15/09/06 13:13:53 INFO parse.FunctionSemanticAnalyzer: analyze done
15/09/06 13:13:53 INFO ql.Driver: Semantic Analysis Completed
15/09/06 13:13:53 INFO log.PerfLogger: </PERFLOG method=semanticAnalyze start=1441563233838 end=1441563233839 duration=1 from=org.apache.hadoop.hive.ql.Driver>
15/09/06 13:13:53 INFO ql.Driver: Returning Hive schema: Schema(fieldSchemas:null, properties:null)
15/09/06 13:13:53 INFO log.PerfLogger: </PERFLOG method=compile start=1441563233837 end=1441563233839 duration=2 from=org.apache.hadoop.hive.ql.Driver>
15/09/06 13:13:53 INFO log.PerfLogger: <PERFLOG method=Driver.execute from=org.apache.hadoop.hive.ql.Driver>
15/09/06 13:13:53 INFO ql.Driver: Starting command: CREATE TEMPORARY FUNCTION custom_utc_timestamp AS 'com.cloudera.sa.cat.udfs.CustomUTCTimestamp'
15/09/06 13:13:53 INFO log.PerfLogger: </PERFLOG method=TimeToSubmit start=1441563233837 end=1441563233840 duration=3 from=org.apache.hadoop.hive.ql.Driver>
15/09/06 13:13:53 INFO log.PerfLogger: <PERFLOG method=runTasks from=org.apache.hadoop.hive.ql.Driver>
15/09/06 13:13:53 INFO log.PerfLogger: <PERFLOG method=task.FUNCTION.Stage-0 from=org.apache.hadoop.hive.ql.Driver>
15/09/06 13:13:53 INFO log.PerfLogger: </PERFLOG method=runTasks start=1441563233840 end=1441563233840 duration=0 from=org.apache.hadoop.hive.ql.Driver>
15/09/06 13:13:53 INFO log.PerfLogger: </PERFLOG method=Driver.execute start=1441563233839 end=1441563233840 duration=1 from=org.apache.hadoop.hive.ql.Driver>
OK
15/09/06 13:13:53 INFO ql.Driver: OK
15/09/06 13:13:53 INFO log.PerfLogger: <PERFLOG method=releaseLocks from=org.apache.hadoop.hive.ql.Driver>
15/09/06 13:13:53 INFO log.PerfLogger: </PERFLOG method=releaseLocks start=1441563233840 end=1441563233840 duration=0 from=org.apache.hadoop.hive.ql.Driver>
15/09/06 13:13:53 INFO log.PerfLogger: </PERFLOG method=Driver.run start=1441563233837 end=1441563233840 duration=3 from=org.apache.hadoop.hive.ql.Driver>
15/09/06 13:13:53 INFO service.HiveServer: Running the query: 
CREATE TEMPORARY FUNCTION format_mr_timestamp AS 'com.cloudera.sa.cat.udfs.FormatMRTimeStamp'
15/09/06 13:13:53 INFO log.PerfLogger: <PERFLOG method=Driver.run from=org.apache.hadoop.hive.ql.Driver>
15/09/06 13:13:53 INFO log.PerfLogger: <PERFLOG method=TimeToSubmit from=org.apache.hadoop.hive.ql.Driver>
15/09/06 13:13:53 INFO ql.Driver: Concurrency mode is disabled, not creating a lock manager
15/09/06 13:13:53 INFO log.PerfLogger: <PERFLOG method=compile from=org.apache.hadoop.hive.ql.Driver>
15/09/06 13:13:53 INFO log.PerfLogger: <PERFLOG method=parse from=org.apache.hadoop.hive.ql.Driver>
15/09/06 13:13:53 INFO parse.ParseDriver: Parsing command: 
CREATE TEMPORARY FUNCTION format_mr_timestamp AS 'com.cloudera.sa.cat.udfs.FormatMRTimeStamp'
15/09/06 13:13:53 INFO parse.ParseDriver: Parse Completed
15/09/06 13:13:53 INFO log.PerfLogger: </PERFLOG method=parse start=1441563233840 end=1441563233841 duration=1 from=org.apache.hadoop.hive.ql.Driver>
15/09/06 13:13:53 INFO log.PerfLogger: <PERFLOG method=semanticAnalyze from=org.apache.hadoop.hive.ql.Driver>
15/09/06 13:13:53 INFO metastore.HiveMetaStore: 0: get_database: default
15/09/06 13:13:53 INFO HiveMetaStore.audit: ugi=hpatel	ip=unknown-ip-addr	cmd=get_database: default	
15/09/06 13:13:53 INFO parse.FunctionSemanticAnalyzer: analyze done
15/09/06 13:13:53 INFO ql.Driver: Semantic Analysis Completed
15/09/06 13:13:53 INFO log.PerfLogger: </PERFLOG method=semanticAnalyze start=1441563233841 end=1441563233842 duration=1 from=org.apache.hadoop.hive.ql.Driver>
15/09/06 13:13:53 INFO ql.Driver: Returning Hive schema: Schema(fieldSchemas:null, properties:null)
15/09/06 13:13:53 INFO log.PerfLogger: </PERFLOG method=compile start=1441563233840 end=1441563233842 duration=2 from=org.apache.hadoop.hive.ql.Driver>
15/09/06 13:13:53 INFO log.PerfLogger: <PERFLOG method=Driver.execute from=org.apache.hadoop.hive.ql.Driver>
15/09/06 13:13:53 INFO ql.Driver: Starting command: 
CREATE TEMPORARY FUNCTION format_mr_timestamp AS 'com.cloudera.sa.cat.udfs.FormatMRTimeStamp'
15/09/06 13:13:53 INFO log.PerfLogger: </PERFLOG method=TimeToSubmit start=1441563233840 end=1441563233843 duration=3 from=org.apache.hadoop.hive.ql.Driver>
15/09/06 13:13:53 INFO log.PerfLogger: <PERFLOG method=runTasks from=org.apache.hadoop.hive.ql.Driver>
15/09/06 13:13:53 INFO log.PerfLogger: <PERFLOG method=task.FUNCTION.Stage-0 from=org.apache.hadoop.hive.ql.Driver>
15/09/06 13:13:53 INFO log.PerfLogger: </PERFLOG method=runTasks start=1441563233843 end=1441563233843 duration=0 from=org.apache.hadoop.hive.ql.Driver>
15/09/06 13:13:53 INFO log.PerfLogger: </PERFLOG method=Driver.execute start=1441563233842 end=1441563233843 duration=1 from=org.apache.hadoop.hive.ql.Driver>
OK
15/09/06 13:13:53 INFO ql.Driver: OK
15/09/06 13:13:53 INFO log.PerfLogger: <PERFLOG method=releaseLocks from=org.apache.hadoop.hive.ql.Driver>
15/09/06 13:13:53 INFO log.PerfLogger: </PERFLOG method=releaseLocks start=1441563233843 end=1441563233843 duration=0 from=org.apache.hadoop.hive.ql.Driver>
15/09/06 13:13:53 INFO log.PerfLogger: </PERFLOG method=Driver.run start=1441563233840 end=1441563233843 duration=3 from=org.apache.hadoop.hive.ql.Driver>
15/09/06 13:13:53 INFO service.HiveServer: Running the query: 

15/09/06 13:13:53 INFO builder.HiveShellTearable: Executing script: SET mapreduce.job.queuename=ddsw;
SET hive.exec.drop.ignorenonexistent=true;
SET hive.exec.dynamic.partition=true;
SET hive.exec.dynamic.partition.mode=nonstrict;

CREATE DATABASE IF NOT EXISTS ddsw_dev;

USE ddsw_dev;

CREATE EXTERNAL TABLE IF NOT EXISTS dealer_hierarchy_temp_data
(
  file_name string,
  gen_id string,
  dms_system string,
  dms_version string,
  transmit_ts string,
  orig_transmit_ts string,
  transmit_by string,
  record_status string,
  dealer_updt_ind string,
  store_number string,
  part_type string,
  store_name string,
  inventory_store_number string,
  cat_emrg_dealer_code string,
  cat_stock_dealer_code string,
  stock_replen_store_number string,
  stock_replen_lead_time string,
  lst_updt_ts string,
  orig_lst_updt_ts string,
  lst_updt_by_id string,
  file_ins_ts string,
  orig_file_ins_ts string,
  exp_stock_plan_lead_time string
)
PARTITIONED BY (dealer_code string)
ROW FORMAT DELIMITED FIELDS TERMINATED BY '|'
STORED AS
  INPUTFORMAT 'org.apache.hadoop.mapred.TextInputFormat'
  OUTPUTFORMAT 'org.apache.hadoop.hive.ql.io.HiveIgnoreKeyTextOutputFormat'
LOCATION '${hiveconf:hadoop.tmp.dir.uri}/dealer_hierarchy/temp_data'
TBLPROPERTIES ('serialization.null.format'='')
;

15/09/06 13:13:53 INFO service.HiveServer: Running the query: SET mapreduce.job.queuename=ddsw
15/09/06 13:13:53 INFO service.HiveServer: Putting temp output to file /var/folders/y7/4_pz5fzx54ngcmghz3v6t3m00000gn/T/junit5553221789791449242/localscratchdir/a453667a-2d06-4e7c-803c-a1334da4e9a6412907731779843530.pipeout
15/09/06 13:13:53 INFO service.HiveServer: Running the query: 
SET hive.exec.drop.ignorenonexistent=true
15/09/06 13:13:53 INFO service.HiveServer: Putting temp output to file /var/folders/y7/4_pz5fzx54ngcmghz3v6t3m00000gn/T/junit5553221789791449242/localscratchdir/a453667a-2d06-4e7c-803c-a1334da4e9a6412907731779843530.pipeout
15/09/06 13:13:53 INFO service.HiveServer: Running the query: 
SET hive.exec.dynamic.partition=true
15/09/06 13:13:53 INFO service.HiveServer: Putting temp output to file /var/folders/y7/4_pz5fzx54ngcmghz3v6t3m00000gn/T/junit5553221789791449242/localscratchdir/a453667a-2d06-4e7c-803c-a1334da4e9a6412907731779843530.pipeout
15/09/06 13:13:53 INFO service.HiveServer: Running the query: 
SET hive.exec.dynamic.partition.mode=nonstrict
15/09/06 13:13:53 INFO service.HiveServer: Putting temp output to file /var/folders/y7/4_pz5fzx54ngcmghz3v6t3m00000gn/T/junit5553221789791449242/localscratchdir/a453667a-2d06-4e7c-803c-a1334da4e9a6412907731779843530.pipeout
15/09/06 13:13:53 INFO service.HiveServer: Running the query: 

CREATE DATABASE IF NOT EXISTS ddsw_dev
15/09/06 13:13:53 INFO log.PerfLogger: <PERFLOG method=Driver.run from=org.apache.hadoop.hive.ql.Driver>
15/09/06 13:13:53 INFO log.PerfLogger: <PERFLOG method=TimeToSubmit from=org.apache.hadoop.hive.ql.Driver>
15/09/06 13:13:53 INFO ql.Driver: Concurrency mode is disabled, not creating a lock manager
15/09/06 13:13:53 INFO log.PerfLogger: <PERFLOG method=compile from=org.apache.hadoop.hive.ql.Driver>
15/09/06 13:13:53 INFO log.PerfLogger: <PERFLOG method=parse from=org.apache.hadoop.hive.ql.Driver>
15/09/06 13:13:53 INFO parse.ParseDriver: Parsing command: 

CREATE DATABASE IF NOT EXISTS ddsw_dev
15/09/06 13:13:53 INFO parse.ParseDriver: Parse Completed
15/09/06 13:13:53 INFO log.PerfLogger: </PERFLOG method=parse start=1441563233916 end=1441563233916 duration=0 from=org.apache.hadoop.hive.ql.Driver>
15/09/06 13:13:53 INFO log.PerfLogger: <PERFLOG method=semanticAnalyze from=org.apache.hadoop.hive.ql.Driver>
15/09/06 13:13:53 INFO ql.Driver: Semantic Analysis Completed
15/09/06 13:13:53 INFO log.PerfLogger: </PERFLOG method=semanticAnalyze start=1441563233916 end=1441563233916 duration=0 from=org.apache.hadoop.hive.ql.Driver>
15/09/06 13:13:53 INFO ql.Driver: Returning Hive schema: Schema(fieldSchemas:null, properties:null)
15/09/06 13:13:53 INFO log.PerfLogger: </PERFLOG method=compile start=1441563233915 end=1441563233916 duration=1 from=org.apache.hadoop.hive.ql.Driver>
15/09/06 13:13:53 INFO log.PerfLogger: <PERFLOG method=Driver.execute from=org.apache.hadoop.hive.ql.Driver>
15/09/06 13:13:53 INFO ql.Driver: Starting command: 

CREATE DATABASE IF NOT EXISTS ddsw_dev
15/09/06 13:13:53 INFO log.PerfLogger: </PERFLOG method=TimeToSubmit start=1441563233915 end=1441563233917 duration=2 from=org.apache.hadoop.hive.ql.Driver>
15/09/06 13:13:53 INFO log.PerfLogger: <PERFLOG method=runTasks from=org.apache.hadoop.hive.ql.Driver>
15/09/06 13:13:53 INFO log.PerfLogger: <PERFLOG method=task.DDL.Stage-0 from=org.apache.hadoop.hive.ql.Driver>
15/09/06 13:13:53 INFO metastore.HiveMetaStore: 0: create_database: Database(name:ddsw_dev, description:null, locationUri:null, parameters:null, ownerName:hpatel, ownerType:USER)
15/09/06 13:13:53 INFO HiveMetaStore.audit: ugi=hpatel	ip=unknown-ip-addr	cmd=create_database: Database(name:ddsw_dev, description:null, locationUri:null, parameters:null, ownerName:hpatel, ownerType:USER)	
15/09/06 13:13:53 INFO metastore.HiveMetaStore: 0: get_database: ddsw_dev
15/09/06 13:13:53 INFO HiveMetaStore.audit: ugi=hpatel	ip=unknown-ip-addr	cmd=get_database: ddsw_dev	
15/09/06 13:13:53 INFO common.FileUtils: Creating directory if it doesn't exist: file:/var/folders/y7/4_pz5fzx54ngcmghz3v6t3m00000gn/T/junit5553221789791449242/warehouse/ddsw_dev.db
15/09/06 13:13:53 INFO log.PerfLogger: </PERFLOG method=runTasks start=1441563233917 end=1441563233947 duration=30 from=org.apache.hadoop.hive.ql.Driver>
15/09/06 13:13:53 INFO log.PerfLogger: </PERFLOG method=Driver.execute start=1441563233916 end=1441563233947 duration=31 from=org.apache.hadoop.hive.ql.Driver>
OK
15/09/06 13:13:53 INFO ql.Driver: OK
15/09/06 13:13:53 INFO log.PerfLogger: <PERFLOG method=releaseLocks from=org.apache.hadoop.hive.ql.Driver>
15/09/06 13:13:53 INFO log.PerfLogger: </PERFLOG method=releaseLocks start=1441563233947 end=1441563233947 duration=0 from=org.apache.hadoop.hive.ql.Driver>
15/09/06 13:13:53 INFO log.PerfLogger: </PERFLOG method=Driver.run start=1441563233915 end=1441563233947 duration=32 from=org.apache.hadoop.hive.ql.Driver>
15/09/06 13:13:53 INFO service.HiveServer: Running the query: 

USE ddsw_dev
15/09/06 13:13:53 INFO log.PerfLogger: <PERFLOG method=Driver.run from=org.apache.hadoop.hive.ql.Driver>
15/09/06 13:13:53 INFO log.PerfLogger: <PERFLOG method=TimeToSubmit from=org.apache.hadoop.hive.ql.Driver>
15/09/06 13:13:53 INFO ql.Driver: Concurrency mode is disabled, not creating a lock manager
15/09/06 13:13:53 INFO log.PerfLogger: <PERFLOG method=compile from=org.apache.hadoop.hive.ql.Driver>
15/09/06 13:13:53 INFO log.PerfLogger: <PERFLOG method=parse from=org.apache.hadoop.hive.ql.Driver>
15/09/06 13:13:53 INFO parse.ParseDriver: Parsing command: 

USE ddsw_dev
15/09/06 13:13:53 INFO parse.ParseDriver: Parse Completed
15/09/06 13:13:53 INFO log.PerfLogger: </PERFLOG method=parse start=1441563233947 end=1441563233947 duration=0 from=org.apache.hadoop.hive.ql.Driver>
15/09/06 13:13:53 INFO log.PerfLogger: <PERFLOG method=semanticAnalyze from=org.apache.hadoop.hive.ql.Driver>
15/09/06 13:13:53 INFO ql.Driver: Semantic Analysis Completed
15/09/06 13:13:53 INFO log.PerfLogger: </PERFLOG method=semanticAnalyze start=1441563233948 end=1441563233948 duration=0 from=org.apache.hadoop.hive.ql.Driver>
15/09/06 13:13:53 INFO ql.Driver: Returning Hive schema: Schema(fieldSchemas:null, properties:null)
15/09/06 13:13:53 INFO log.PerfLogger: </PERFLOG method=compile start=1441563233947 end=1441563233948 duration=1 from=org.apache.hadoop.hive.ql.Driver>
15/09/06 13:13:53 INFO log.PerfLogger: <PERFLOG method=Driver.execute from=org.apache.hadoop.hive.ql.Driver>
15/09/06 13:13:53 INFO ql.Driver: Starting command: 

USE ddsw_dev
15/09/06 13:13:53 INFO log.PerfLogger: </PERFLOG method=TimeToSubmit start=1441563233947 end=1441563233948 duration=1 from=org.apache.hadoop.hive.ql.Driver>
15/09/06 13:13:53 INFO log.PerfLogger: <PERFLOG method=runTasks from=org.apache.hadoop.hive.ql.Driver>
15/09/06 13:13:53 INFO log.PerfLogger: <PERFLOG method=task.DDL.Stage-0 from=org.apache.hadoop.hive.ql.Driver>
15/09/06 13:13:53 INFO metastore.HiveMetaStore: 0: get_database: ddsw_dev
15/09/06 13:13:53 INFO HiveMetaStore.audit: ugi=hpatel	ip=unknown-ip-addr	cmd=get_database: ddsw_dev	
15/09/06 13:13:53 INFO metastore.HiveMetaStore: 0: get_database: ddsw_dev
15/09/06 13:13:53 INFO HiveMetaStore.audit: ugi=hpatel	ip=unknown-ip-addr	cmd=get_database: ddsw_dev	
15/09/06 13:13:53 INFO log.PerfLogger: </PERFLOG method=runTasks start=1441563233948 end=1441563233951 duration=3 from=org.apache.hadoop.hive.ql.Driver>
15/09/06 13:13:53 INFO log.PerfLogger: </PERFLOG method=Driver.execute start=1441563233948 end=1441563233951 duration=3 from=org.apache.hadoop.hive.ql.Driver>
OK
15/09/06 13:13:53 INFO ql.Driver: OK
15/09/06 13:13:53 INFO log.PerfLogger: <PERFLOG method=releaseLocks from=org.apache.hadoop.hive.ql.Driver>
15/09/06 13:13:53 INFO log.PerfLogger: </PERFLOG method=releaseLocks start=1441563233951 end=1441563233951 duration=0 from=org.apache.hadoop.hive.ql.Driver>
15/09/06 13:13:53 INFO log.PerfLogger: </PERFLOG method=Driver.run start=1441563233947 end=1441563233951 duration=4 from=org.apache.hadoop.hive.ql.Driver>
15/09/06 13:13:53 INFO service.HiveServer: Running the query: 

CREATE EXTERNAL TABLE IF NOT EXISTS dealer_hierarchy_temp_data
(
  file_name string,
  gen_id string,
  dms_system string,
  dms_version string,
  transmit_ts string,
  orig_transmit_ts string,
  transmit_by string,
  record_status string,
  dealer_updt_ind string,
  store_number string,
  part_type string,
  store_name string,
  inventory_store_number string,
  cat_emrg_dealer_code string,
  cat_stock_dealer_code string,
  stock_replen_store_number string,
  stock_replen_lead_time string,
  lst_updt_ts string,
  orig_lst_updt_ts string,
  lst_updt_by_id string,
  file_ins_ts string,
  orig_file_ins_ts string,
  exp_stock_plan_lead_time string
)
PARTITIONED BY (dealer_code string)
ROW FORMAT DELIMITED FIELDS TERMINATED BY '|'
STORED AS
  INPUTFORMAT 'org.apache.hadoop.mapred.TextInputFormat'
  OUTPUTFORMAT 'org.apache.hadoop.hive.ql.io.HiveIgnoreKeyTextOutputFormat'
LOCATION '${hiveconf:hadoop.tmp.dir.uri}/dealer_hierarchy/temp_data'
TBLPROPERTIES ('serialization.null.format'='')

15/09/06 13:13:53 INFO log.PerfLogger: <PERFLOG method=Driver.run from=org.apache.hadoop.hive.ql.Driver>
15/09/06 13:13:53 INFO log.PerfLogger: <PERFLOG method=TimeToSubmit from=org.apache.hadoop.hive.ql.Driver>
15/09/06 13:13:53 INFO ql.Driver: Concurrency mode is disabled, not creating a lock manager
15/09/06 13:13:53 INFO log.PerfLogger: <PERFLOG method=compile from=org.apache.hadoop.hive.ql.Driver>
15/09/06 13:13:53 INFO log.PerfLogger: <PERFLOG method=parse from=org.apache.hadoop.hive.ql.Driver>
15/09/06 13:13:53 INFO parse.ParseDriver: Parsing command: 

CREATE EXTERNAL TABLE IF NOT EXISTS dealer_hierarchy_temp_data
(
  file_name string,
  gen_id string,
  dms_system string,
  dms_version string,
  transmit_ts string,
  orig_transmit_ts string,
  transmit_by string,
  record_status string,
  dealer_updt_ind string,
  store_number string,
  part_type string,
  store_name string,
  inventory_store_number string,
  cat_emrg_dealer_code string,
  cat_stock_dealer_code string,
  stock_replen_store_number string,
  stock_replen_lead_time string,
  lst_updt_ts string,
  orig_lst_updt_ts string,
  lst_updt_by_id string,
  file_ins_ts string,
  orig_file_ins_ts string,
  exp_stock_plan_lead_time string
)
PARTITIONED BY (dealer_code string)
ROW FORMAT DELIMITED FIELDS TERMINATED BY '|'
STORED AS
  INPUTFORMAT 'org.apache.hadoop.mapred.TextInputFormat'
  OUTPUTFORMAT 'org.apache.hadoop.hive.ql.io.HiveIgnoreKeyTextOutputFormat'
LOCATION 'file:///var/folders/y7/4_pz5fzx54ngcmghz3v6t3m00000gn/T/junit5553221789791449242/hadooptmp//dealer_hierarchy/temp_data'
TBLPROPERTIES ('serialization.null.format'='')

15/09/06 13:13:53 INFO parse.ParseDriver: Parse Completed
15/09/06 13:13:53 INFO log.PerfLogger: </PERFLOG method=parse start=1441563233951 end=1441563233954 duration=3 from=org.apache.hadoop.hive.ql.Driver>
15/09/06 13:13:53 INFO log.PerfLogger: <PERFLOG method=semanticAnalyze from=org.apache.hadoop.hive.ql.Driver>
15/09/06 13:13:53 INFO parse.SemanticAnalyzer: Starting Semantic Analysis
15/09/06 13:13:53 INFO parse.SemanticAnalyzer: Creating table dealer_hierarchy_temp_data position=36
15/09/06 13:13:53 INFO metastore.HiveMetaStore: 0: get_table : db=ddsw_dev tbl=dealer_hierarchy_temp_data
15/09/06 13:13:53 INFO HiveMetaStore.audit: ugi=hpatel	ip=unknown-ip-addr	cmd=get_table : db=ddsw_dev tbl=dealer_hierarchy_temp_data	
15/09/06 13:13:53 INFO metastore.HiveMetaStore: 0: get_database: ddsw_dev
15/09/06 13:13:53 INFO HiveMetaStore.audit: ugi=hpatel	ip=unknown-ip-addr	cmd=get_database: ddsw_dev	
15/09/06 13:13:53 INFO ql.Driver: Semantic Analysis Completed
15/09/06 13:13:53 INFO log.PerfLogger: </PERFLOG method=semanticAnalyze start=1441563233954 end=1441563233957 duration=3 from=org.apache.hadoop.hive.ql.Driver>
15/09/06 13:13:53 INFO ql.Driver: Returning Hive schema: Schema(fieldSchemas:null, properties:null)
15/09/06 13:13:53 INFO log.PerfLogger: </PERFLOG method=compile start=1441563233951 end=1441563233958 duration=7 from=org.apache.hadoop.hive.ql.Driver>
15/09/06 13:13:53 INFO log.PerfLogger: <PERFLOG method=Driver.execute from=org.apache.hadoop.hive.ql.Driver>
15/09/06 13:13:53 INFO ql.Driver: Starting command: 

CREATE EXTERNAL TABLE IF NOT EXISTS dealer_hierarchy_temp_data
(
  file_name string,
  gen_id string,
  dms_system string,
  dms_version string,
  transmit_ts string,
  orig_transmit_ts string,
  transmit_by string,
  record_status string,
  dealer_updt_ind string,
  store_number string,
  part_type string,
  store_name string,
  inventory_store_number string,
  cat_emrg_dealer_code string,
  cat_stock_dealer_code string,
  stock_replen_store_number string,
  stock_replen_lead_time string,
  lst_updt_ts string,
  orig_lst_updt_ts string,
  lst_updt_by_id string,
  file_ins_ts string,
  orig_file_ins_ts string,
  exp_stock_plan_lead_time string
)
PARTITIONED BY (dealer_code string)
ROW FORMAT DELIMITED FIELDS TERMINATED BY '|'
STORED AS
  INPUTFORMAT 'org.apache.hadoop.mapred.TextInputFormat'
  OUTPUTFORMAT 'org.apache.hadoop.hive.ql.io.HiveIgnoreKeyTextOutputFormat'
LOCATION 'file:///var/folders/y7/4_pz5fzx54ngcmghz3v6t3m00000gn/T/junit5553221789791449242/hadooptmp//dealer_hierarchy/temp_data'
TBLPROPERTIES ('serialization.null.format'='')

15/09/06 13:13:53 INFO log.PerfLogger: </PERFLOG method=TimeToSubmit start=1441563233951 end=1441563233958 duration=7 from=org.apache.hadoop.hive.ql.Driver>
15/09/06 13:13:53 INFO log.PerfLogger: <PERFLOG method=runTasks from=org.apache.hadoop.hive.ql.Driver>
15/09/06 13:13:53 INFO log.PerfLogger: <PERFLOG method=task.DDL.Stage-0 from=org.apache.hadoop.hive.ql.Driver>
15/09/06 13:13:53 INFO exec.DDLTask: Default to LazySimpleSerDe for table dealer_hierarchy_temp_data
15/09/06 13:13:53 INFO metastore.HiveMetaStore: 0: create_table: Table(tableName:dealer_hierarchy_temp_data, dbName:ddsw_dev, owner:hpatel, createTime:1441563233, lastAccessTime:0, retention:0, sd:StorageDescriptor(cols:[FieldSchema(name:file_name, type:string, comment:null), FieldSchema(name:gen_id, type:string, comment:null), FieldSchema(name:dms_system, type:string, comment:null), FieldSchema(name:dms_version, type:string, comment:null), FieldSchema(name:transmit_ts, type:string, comment:null), FieldSchema(name:orig_transmit_ts, type:string, comment:null), FieldSchema(name:transmit_by, type:string, comment:null), FieldSchema(name:record_status, type:string, comment:null), FieldSchema(name:dealer_updt_ind, type:string, comment:null), FieldSchema(name:store_number, type:string, comment:null), FieldSchema(name:part_type, type:string, comment:null), FieldSchema(name:store_name, type:string, comment:null), FieldSchema(name:inventory_store_number, type:string, comment:null), FieldSchema(name:cat_emrg_dealer_code, type:string, comment:null), FieldSchema(name:cat_stock_dealer_code, type:string, comment:null), FieldSchema(name:stock_replen_store_number, type:string, comment:null), FieldSchema(name:stock_replen_lead_time, type:string, comment:null), FieldSchema(name:lst_updt_ts, type:string, comment:null), FieldSchema(name:orig_lst_updt_ts, type:string, comment:null), FieldSchema(name:lst_updt_by_id, type:string, comment:null), FieldSchema(name:file_ins_ts, type:string, comment:null), FieldSchema(name:orig_file_ins_ts, type:string, comment:null), FieldSchema(name:exp_stock_plan_lead_time, type:string, comment:null)], location:file:/var/folders/y7/4_pz5fzx54ngcmghz3v6t3m00000gn/T/junit5553221789791449242/hadooptmp/dealer_hierarchy/temp_data, inputFormat:org.apache.hadoop.mapred.TextInputFormat, outputFormat:org.apache.hadoop.hive.ql.io.HiveIgnoreKeyTextOutputFormat, compressed:false, numBuckets:-1, serdeInfo:SerDeInfo(name:null, serializationLib:org.apache.hadoop.hive.serde2.lazy.LazySimpleSerDe, parameters:{serialization.format=|, field.delim=|}), bucketCols:[], sortCols:[], parameters:{}, skewedInfo:SkewedInfo(skewedColNames:[], skewedColValues:[], skewedColValueLocationMaps:{}), storedAsSubDirectories:false), partitionKeys:[FieldSchema(name:dealer_code, type:string, comment:null)], parameters:{EXTERNAL=TRUE, serialization.null.format=}, viewOriginalText:null, viewExpandedText:null, tableType:EXTERNAL_TABLE)
15/09/06 13:13:53 INFO HiveMetaStore.audit: ugi=hpatel	ip=unknown-ip-addr	cmd=create_table: Table(tableName:dealer_hierarchy_temp_data, dbName:ddsw_dev, owner:hpatel, createTime:1441563233, lastAccessTime:0, retention:0, sd:StorageDescriptor(cols:[FieldSchema(name:file_name, type:string, comment:null), FieldSchema(name:gen_id, type:string, comment:null), FieldSchema(name:dms_system, type:string, comment:null), FieldSchema(name:dms_version, type:string, comment:null), FieldSchema(name:transmit_ts, type:string, comment:null), FieldSchema(name:orig_transmit_ts, type:string, comment:null), FieldSchema(name:transmit_by, type:string, comment:null), FieldSchema(name:record_status, type:string, comment:null), FieldSchema(name:dealer_updt_ind, type:string, comment:null), FieldSchema(name:store_number, type:string, comment:null), FieldSchema(name:part_type, type:string, comment:null), FieldSchema(name:store_name, type:string, comment:null), FieldSchema(name:inventory_store_number, type:string, comment:null), FieldSchema(name:cat_emrg_dealer_code, type:string, comment:null), FieldSchema(name:cat_stock_dealer_code, type:string, comment:null), FieldSchema(name:stock_replen_store_number, type:string, comment:null), FieldSchema(name:stock_replen_lead_time, type:string, comment:null), FieldSchema(name:lst_updt_ts, type:string, comment:null), FieldSchema(name:orig_lst_updt_ts, type:string, comment:null), FieldSchema(name:lst_updt_by_id, type:string, comment:null), FieldSchema(name:file_ins_ts, type:string, comment:null), FieldSchema(name:orig_file_ins_ts, type:string, comment:null), FieldSchema(name:exp_stock_plan_lead_time, type:string, comment:null)], location:file:/var/folders/y7/4_pz5fzx54ngcmghz3v6t3m00000gn/T/junit5553221789791449242/hadooptmp/dealer_hierarchy/temp_data, inputFormat:org.apache.hadoop.mapred.TextInputFormat, outputFormat:org.apache.hadoop.hive.ql.io.HiveIgnoreKeyTextOutputFormat, compressed:false, numBuckets:-1, serdeInfo:SerDeInfo(name:null, serializationLib:org.apache.hadoop.hive.serde2.lazy.LazySimpleSerDe, parameters:{serialization.format=|, field.delim=|}), bucketCols:[], sortCols:[], parameters:{}, skewedInfo:SkewedInfo(skewedColNames:[], skewedColValues:[], skewedColValueLocationMaps:{}), storedAsSubDirectories:false), partitionKeys:[FieldSchema(name:dealer_code, type:string, comment:null)], parameters:{EXTERNAL=TRUE, serialization.null.format=}, viewOriginalText:null, viewExpandedText:null, tableType:EXTERNAL_TABLE)	
15/09/06 13:13:53 INFO common.FileUtils: Creating directory if it doesn't exist: file:/var/folders/y7/4_pz5fzx54ngcmghz3v6t3m00000gn/T/junit5553221789791449242/hadooptmp/dealer_hierarchy/temp_data
15/09/06 13:13:53 INFO log.PerfLogger: </PERFLOG method=runTasks start=1441563233958 end=1441563233998 duration=40 from=org.apache.hadoop.hive.ql.Driver>
15/09/06 13:13:53 INFO log.PerfLogger: </PERFLOG method=Driver.execute start=1441563233958 end=1441563233998 duration=40 from=org.apache.hadoop.hive.ql.Driver>
OK
15/09/06 13:13:53 INFO ql.Driver: OK
15/09/06 13:13:53 INFO log.PerfLogger: <PERFLOG method=releaseLocks from=org.apache.hadoop.hive.ql.Driver>
15/09/06 13:13:53 INFO log.PerfLogger: </PERFLOG method=releaseLocks start=1441563233999 end=1441563233999 duration=0 from=org.apache.hadoop.hive.ql.Driver>
15/09/06 13:13:53 INFO log.PerfLogger: </PERFLOG method=Driver.run start=1441563233951 end=1441563233999 duration=48 from=org.apache.hadoop.hive.ql.Driver>
15/09/06 13:13:53 INFO service.HiveServer: Running the query: 

15/09/06 13:13:53 INFO builder.HiveShellTearable: Executing script: SET mapreduce.job.queuename=ddsw;
SET hive.exec.drop.ignorenonexistent=true;
SET hive.exec.dynamic.partition=true;
SET hive.exec.dynamic.partition.mode=nonstrict;

USE ddsw_dev;

CREATE EXTERNAL TABLE DEALER_HIERARCHY_CORE
    PARTITIONED BY (dealer_code string)
    ROW FORMAT SERDE 'org.apache.hadoop.hive.serde2.avro.AvroSerDe'
    WITH SERDEPROPERTIES
    (
        'avro.schema.url'='./src/test/resources/dealer_hierarchy/schema/DEALER_HIERARCHY_CORE.avsc'
    )
    STORED AS
        INPUTFORMAT 'org.apache.hadoop.hive.ql.io.avro.AvroContainerInputFormat'
        OUTPUTFORMAT 'org.apache.hadoop.hive.ql.io.avro.AvroContainerOutputFormat'
    LOCATION '${hiveconf:hadoop.tmp.dir.uri}/dealer_hierarchy/core_data';

15/09/06 13:13:53 INFO service.HiveServer: Running the query: SET mapreduce.job.queuename=ddsw
15/09/06 13:13:54 INFO service.HiveServer: Putting temp output to file /var/folders/y7/4_pz5fzx54ngcmghz3v6t3m00000gn/T/junit5553221789791449242/localscratchdir/a453667a-2d06-4e7c-803c-a1334da4e9a6412907731779843530.pipeout
15/09/06 13:13:54 INFO service.HiveServer: Running the query: 
SET hive.exec.drop.ignorenonexistent=true
15/09/06 13:13:54 INFO service.HiveServer: Putting temp output to file /var/folders/y7/4_pz5fzx54ngcmghz3v6t3m00000gn/T/junit5553221789791449242/localscratchdir/a453667a-2d06-4e7c-803c-a1334da4e9a6412907731779843530.pipeout
15/09/06 13:13:54 INFO service.HiveServer: Running the query: 
SET hive.exec.dynamic.partition=true
15/09/06 13:13:54 INFO service.HiveServer: Putting temp output to file /var/folders/y7/4_pz5fzx54ngcmghz3v6t3m00000gn/T/junit5553221789791449242/localscratchdir/a453667a-2d06-4e7c-803c-a1334da4e9a6412907731779843530.pipeout
15/09/06 13:13:54 INFO service.HiveServer: Running the query: 
SET hive.exec.dynamic.partition.mode=nonstrict
15/09/06 13:13:54 INFO service.HiveServer: Putting temp output to file /var/folders/y7/4_pz5fzx54ngcmghz3v6t3m00000gn/T/junit5553221789791449242/localscratchdir/a453667a-2d06-4e7c-803c-a1334da4e9a6412907731779843530.pipeout
15/09/06 13:13:54 INFO service.HiveServer: Running the query: 

USE ddsw_dev
15/09/06 13:13:54 INFO log.PerfLogger: <PERFLOG method=Driver.run from=org.apache.hadoop.hive.ql.Driver>
15/09/06 13:13:54 INFO log.PerfLogger: <PERFLOG method=TimeToSubmit from=org.apache.hadoop.hive.ql.Driver>
15/09/06 13:13:54 INFO ql.Driver: Concurrency mode is disabled, not creating a lock manager
15/09/06 13:13:54 INFO log.PerfLogger: <PERFLOG method=compile from=org.apache.hadoop.hive.ql.Driver>
15/09/06 13:13:54 INFO log.PerfLogger: <PERFLOG method=parse from=org.apache.hadoop.hive.ql.Driver>
15/09/06 13:13:54 INFO parse.ParseDriver: Parsing command: 

USE ddsw_dev
15/09/06 13:13:54 INFO parse.ParseDriver: Parse Completed
15/09/06 13:13:54 INFO log.PerfLogger: </PERFLOG method=parse start=1441563234069 end=1441563234069 duration=0 from=org.apache.hadoop.hive.ql.Driver>
15/09/06 13:13:54 INFO log.PerfLogger: <PERFLOG method=semanticAnalyze from=org.apache.hadoop.hive.ql.Driver>
15/09/06 13:13:54 INFO ql.Driver: Semantic Analysis Completed
15/09/06 13:13:54 INFO log.PerfLogger: </PERFLOG method=semanticAnalyze start=1441563234069 end=1441563234069 duration=0 from=org.apache.hadoop.hive.ql.Driver>
15/09/06 13:13:54 INFO ql.Driver: Returning Hive schema: Schema(fieldSchemas:null, properties:null)
15/09/06 13:13:54 INFO log.PerfLogger: </PERFLOG method=compile start=1441563234069 end=1441563234069 duration=0 from=org.apache.hadoop.hive.ql.Driver>
15/09/06 13:13:54 INFO log.PerfLogger: <PERFLOG method=Driver.execute from=org.apache.hadoop.hive.ql.Driver>
15/09/06 13:13:54 INFO ql.Driver: Starting command: 

USE ddsw_dev
15/09/06 13:13:54 INFO log.PerfLogger: </PERFLOG method=TimeToSubmit start=1441563234068 end=1441563234070 duration=2 from=org.apache.hadoop.hive.ql.Driver>
15/09/06 13:13:54 INFO log.PerfLogger: <PERFLOG method=runTasks from=org.apache.hadoop.hive.ql.Driver>
15/09/06 13:13:54 INFO log.PerfLogger: <PERFLOG method=task.DDL.Stage-0 from=org.apache.hadoop.hive.ql.Driver>
15/09/06 13:13:54 INFO metastore.HiveMetaStore: 0: get_database: ddsw_dev
15/09/06 13:13:54 INFO HiveMetaStore.audit: ugi=hpatel	ip=unknown-ip-addr	cmd=get_database: ddsw_dev	
15/09/06 13:13:54 INFO metastore.HiveMetaStore: 0: get_database: ddsw_dev
15/09/06 13:13:54 INFO HiveMetaStore.audit: ugi=hpatel	ip=unknown-ip-addr	cmd=get_database: ddsw_dev	
15/09/06 13:13:54 INFO log.PerfLogger: </PERFLOG method=runTasks start=1441563234070 end=1441563234072 duration=2 from=org.apache.hadoop.hive.ql.Driver>
15/09/06 13:13:54 INFO log.PerfLogger: </PERFLOG method=Driver.execute start=1441563234069 end=1441563234072 duration=3 from=org.apache.hadoop.hive.ql.Driver>
OK
15/09/06 13:13:54 INFO ql.Driver: OK
15/09/06 13:13:54 INFO log.PerfLogger: <PERFLOG method=releaseLocks from=org.apache.hadoop.hive.ql.Driver>
15/09/06 13:13:54 INFO log.PerfLogger: </PERFLOG method=releaseLocks start=1441563234072 end=1441563234072 duration=0 from=org.apache.hadoop.hive.ql.Driver>
15/09/06 13:13:54 INFO log.PerfLogger: </PERFLOG method=Driver.run start=1441563234068 end=1441563234072 duration=4 from=org.apache.hadoop.hive.ql.Driver>
15/09/06 13:13:54 INFO service.HiveServer: Running the query: 

CREATE EXTERNAL TABLE DEALER_HIERARCHY_CORE
    PARTITIONED BY (dealer_code string)
    ROW FORMAT SERDE 'org.apache.hadoop.hive.serde2.avro.AvroSerDe'
    WITH SERDEPROPERTIES
    (
        'avro.schema.url'='./src/test/resources/dealer_hierarchy/schema/DEALER_HIERARCHY_CORE.avsc'
    )
    STORED AS
        INPUTFORMAT 'org.apache.hadoop.hive.ql.io.avro.AvroContainerInputFormat'
        OUTPUTFORMAT 'org.apache.hadoop.hive.ql.io.avro.AvroContainerOutputFormat'
    LOCATION '${hiveconf:hadoop.tmp.dir.uri}/dealer_hierarchy/core_data'
15/09/06 13:13:54 INFO log.PerfLogger: <PERFLOG method=Driver.run from=org.apache.hadoop.hive.ql.Driver>
15/09/06 13:13:54 INFO log.PerfLogger: <PERFLOG method=TimeToSubmit from=org.apache.hadoop.hive.ql.Driver>
15/09/06 13:13:54 INFO ql.Driver: Concurrency mode is disabled, not creating a lock manager
15/09/06 13:13:54 INFO log.PerfLogger: <PERFLOG method=compile from=org.apache.hadoop.hive.ql.Driver>
15/09/06 13:13:54 INFO log.PerfLogger: <PERFLOG method=parse from=org.apache.hadoop.hive.ql.Driver>
15/09/06 13:13:54 INFO parse.ParseDriver: Parsing command: 

CREATE EXTERNAL TABLE DEALER_HIERARCHY_CORE
    PARTITIONED BY (dealer_code string)
    ROW FORMAT SERDE 'org.apache.hadoop.hive.serde2.avro.AvroSerDe'
    WITH SERDEPROPERTIES
    (
        'avro.schema.url'='./src/test/resources/dealer_hierarchy/schema/DEALER_HIERARCHY_CORE.avsc'
    )
    STORED AS
        INPUTFORMAT 'org.apache.hadoop.hive.ql.io.avro.AvroContainerInputFormat'
        OUTPUTFORMAT 'org.apache.hadoop.hive.ql.io.avro.AvroContainerOutputFormat'
    LOCATION 'file:///var/folders/y7/4_pz5fzx54ngcmghz3v6t3m00000gn/T/junit5553221789791449242/hadooptmp//dealer_hierarchy/core_data'
15/09/06 13:13:54 INFO parse.ParseDriver: Parse Completed
15/09/06 13:13:54 INFO log.PerfLogger: </PERFLOG method=parse start=1441563234073 end=1441563234074 duration=1 from=org.apache.hadoop.hive.ql.Driver>
15/09/06 13:13:54 INFO log.PerfLogger: <PERFLOG method=semanticAnalyze from=org.apache.hadoop.hive.ql.Driver>
15/09/06 13:13:54 INFO parse.SemanticAnalyzer: Starting Semantic Analysis
15/09/06 13:13:54 INFO parse.SemanticAnalyzer: Creating table DEALER_HIERARCHY_CORE position=22
15/09/06 13:13:54 INFO metastore.HiveMetaStore: 0: get_database: ddsw_dev
15/09/06 13:13:54 INFO HiveMetaStore.audit: ugi=hpatel	ip=unknown-ip-addr	cmd=get_database: ddsw_dev	
15/09/06 13:13:54 INFO ql.Driver: Semantic Analysis Completed
15/09/06 13:13:54 INFO log.PerfLogger: </PERFLOG method=semanticAnalyze start=1441563234074 end=1441563234075 duration=1 from=org.apache.hadoop.hive.ql.Driver>
15/09/06 13:13:54 INFO ql.Driver: Returning Hive schema: Schema(fieldSchemas:null, properties:null)
15/09/06 13:13:54 INFO log.PerfLogger: </PERFLOG method=compile start=1441563234073 end=1441563234076 duration=3 from=org.apache.hadoop.hive.ql.Driver>
15/09/06 13:13:54 INFO log.PerfLogger: <PERFLOG method=Driver.execute from=org.apache.hadoop.hive.ql.Driver>
15/09/06 13:13:54 INFO ql.Driver: Starting command: 

CREATE EXTERNAL TABLE DEALER_HIERARCHY_CORE
    PARTITIONED BY (dealer_code string)
    ROW FORMAT SERDE 'org.apache.hadoop.hive.serde2.avro.AvroSerDe'
    WITH SERDEPROPERTIES
    (
        'avro.schema.url'='./src/test/resources/dealer_hierarchy/schema/DEALER_HIERARCHY_CORE.avsc'
    )
    STORED AS
        INPUTFORMAT 'org.apache.hadoop.hive.ql.io.avro.AvroContainerInputFormat'
        OUTPUTFORMAT 'org.apache.hadoop.hive.ql.io.avro.AvroContainerOutputFormat'
    LOCATION 'file:///var/folders/y7/4_pz5fzx54ngcmghz3v6t3m00000gn/T/junit5553221789791449242/hadooptmp//dealer_hierarchy/core_data'
15/09/06 13:13:54 INFO log.PerfLogger: </PERFLOG method=TimeToSubmit start=1441563234073 end=1441563234076 duration=3 from=org.apache.hadoop.hive.ql.Driver>
15/09/06 13:13:54 INFO log.PerfLogger: <PERFLOG method=runTasks from=org.apache.hadoop.hive.ql.Driver>
15/09/06 13:13:54 INFO log.PerfLogger: <PERFLOG method=task.DDL.Stage-0 from=org.apache.hadoop.hive.ql.Driver>
15/09/06 13:13:54 INFO avro.AvroSerDe: Avro schema is {"type":"record","name":"DEALER_HIERARCHY_CORE","doc":"Sqoop import of DEALER_HIERARCHY","fields":[{"name":"File_Name","type":["string","null"],"columnName":"File_Name"},{"name":"GEN_ID","type":["string","null"],"columnName":"GEN_ID"},{"name":"DMS_SYSTEM","type":["string","null"],"columnName":"DMS_SYSTEM"},{"name":"DMS_VERSION","type":["string","null"],"columnName":"DMS_VERSION"},{"name":"TRANSMIT_TS","type":["string","null"],"columnName":"TRANSMIT_TS"},{"name":"ORIG_TRANSMIT_TS","type":["string","null"],"columnName":"TRANSMIT_TS"},{"name":"TRANSMIT_BY","type":["string","null"],"columnName":"TRANSMIT_BY"},{"name":"RECORD_STATUS","type":["string","null"],"columnName":"RECORD_STATUS"},{"name":"DEALER_UPDT_IND","type":["string","null"],"columnName":"DEALER_UPDT_IND","sqlType":"1"},{"name":"STORE_NUMBER","type":["string","null"],"columnName":"STORE_NUMBER"},{"name":"PART_TYPE","type":["string","null"],"columnName":"PART_TYPE"},{"name":"STORE_NAME","type":["string","null"],"columnName":"STORE_NAME"},{"name":"INVENTORY_STORE_NUMBER","type":["string","null"],"columnName":"INVENTORY_STORE_NUMBER"},{"name":"CAT_EMRG_DEALER_CODE","type":["string","null"],"columnName":"CAT_EMRG_DEALER_CODE"},{"name":"CAT_STOCK_DEALER_CODE","type":["string","null"],"columnName":"CAT_STOCK_DEALER_CODE"},{"name":"STOCK_REPLEN_STORE_NUMBER","type":["string","null"],"columnName":"STOCK_REPLEN_STORE_NUMBER"},{"name":"STOCK_REPLEN_LEAD_TIME","type":["string","null"],"columnName":"STOCK_REPLEN_LEAD_TIME"},{"name":"LST_UPDT_TS","type":["string","null"],"columnName":"LST_UPDT_TS"},{"name":"ORIG_LST_UPDT_TS","type":["string","null"],"columnName":"ORIG_LST_UPDT_TS"},{"name":"LST_UPDT_BY_ID","type":["string","null"],"columnName":"LST_UPDT_BY_ID"},{"name":"FILE_INS_TS","type":["string","null"],"columnName":"FILE_INS_TS"},{"name":"ORIG_FILE_INS_TS","type":["string","null"],"columnName":"ORIG_FILE_INS_TS"},{"name":"EXP_STOCK_PLAN_LEAD_TIME","type":["string","null"],"columnName":"EXP_STOCK_PLAN_LEAD_TIME"}],"tableName":"DEALER_HIERARCHY_CORE"}
15/09/06 13:13:54 INFO avro.AvroSerDe: Avro schema is {"type":"record","name":"DEALER_HIERARCHY_CORE","doc":"Sqoop import of DEALER_HIERARCHY","fields":[{"name":"File_Name","type":["string","null"],"columnName":"File_Name"},{"name":"GEN_ID","type":["string","null"],"columnName":"GEN_ID"},{"name":"DMS_SYSTEM","type":["string","null"],"columnName":"DMS_SYSTEM"},{"name":"DMS_VERSION","type":["string","null"],"columnName":"DMS_VERSION"},{"name":"TRANSMIT_TS","type":["string","null"],"columnName":"TRANSMIT_TS"},{"name":"ORIG_TRANSMIT_TS","type":["string","null"],"columnName":"TRANSMIT_TS"},{"name":"TRANSMIT_BY","type":["string","null"],"columnName":"TRANSMIT_BY"},{"name":"RECORD_STATUS","type":["string","null"],"columnName":"RECORD_STATUS"},{"name":"DEALER_UPDT_IND","type":["string","null"],"columnName":"DEALER_UPDT_IND","sqlType":"1"},{"name":"STORE_NUMBER","type":["string","null"],"columnName":"STORE_NUMBER"},{"name":"PART_TYPE","type":["string","null"],"columnName":"PART_TYPE"},{"name":"STORE_NAME","type":["string","null"],"columnName":"STORE_NAME"},{"name":"INVENTORY_STORE_NUMBER","type":["string","null"],"columnName":"INVENTORY_STORE_NUMBER"},{"name":"CAT_EMRG_DEALER_CODE","type":["string","null"],"columnName":"CAT_EMRG_DEALER_CODE"},{"name":"CAT_STOCK_DEALER_CODE","type":["string","null"],"columnName":"CAT_STOCK_DEALER_CODE"},{"name":"STOCK_REPLEN_STORE_NUMBER","type":["string","null"],"columnName":"STOCK_REPLEN_STORE_NUMBER"},{"name":"STOCK_REPLEN_LEAD_TIME","type":["string","null"],"columnName":"STOCK_REPLEN_LEAD_TIME"},{"name":"LST_UPDT_TS","type":["string","null"],"columnName":"LST_UPDT_TS"},{"name":"ORIG_LST_UPDT_TS","type":["string","null"],"columnName":"ORIG_LST_UPDT_TS"},{"name":"LST_UPDT_BY_ID","type":["string","null"],"columnName":"LST_UPDT_BY_ID"},{"name":"FILE_INS_TS","type":["string","null"],"columnName":"FILE_INS_TS"},{"name":"ORIG_FILE_INS_TS","type":["string","null"],"columnName":"ORIG_FILE_INS_TS"},{"name":"EXP_STOCK_PLAN_LEAD_TIME","type":["string","null"],"columnName":"EXP_STOCK_PLAN_LEAD_TIME"}],"tableName":"DEALER_HIERARCHY_CORE"}
15/09/06 13:13:54 INFO metastore.HiveMetaStore: 0: create_table: Table(tableName:DEALER_HIERARCHY_CORE, dbName:ddsw_dev, owner:hpatel, createTime:1441563234, lastAccessTime:0, retention:0, sd:StorageDescriptor(cols:[FieldSchema(name:file_name, type:string, comment:from deserializer), FieldSchema(name:gen_id, type:string, comment:from deserializer), FieldSchema(name:dms_system, type:string, comment:from deserializer), FieldSchema(name:dms_version, type:string, comment:from deserializer), FieldSchema(name:transmit_ts, type:string, comment:from deserializer), FieldSchema(name:orig_transmit_ts, type:string, comment:from deserializer), FieldSchema(name:transmit_by, type:string, comment:from deserializer), FieldSchema(name:record_status, type:string, comment:from deserializer), FieldSchema(name:dealer_updt_ind, type:string, comment:from deserializer), FieldSchema(name:store_number, type:string, comment:from deserializer), FieldSchema(name:part_type, type:string, comment:from deserializer), FieldSchema(name:store_name, type:string, comment:from deserializer), FieldSchema(name:inventory_store_number, type:string, comment:from deserializer), FieldSchema(name:cat_emrg_dealer_code, type:string, comment:from deserializer), FieldSchema(name:cat_stock_dealer_code, type:string, comment:from deserializer), FieldSchema(name:stock_replen_store_number, type:string, comment:from deserializer), FieldSchema(name:stock_replen_lead_time, type:string, comment:from deserializer), FieldSchema(name:lst_updt_ts, type:string, comment:from deserializer), FieldSchema(name:orig_lst_updt_ts, type:string, comment:from deserializer), FieldSchema(name:lst_updt_by_id, type:string, comment:from deserializer), FieldSchema(name:file_ins_ts, type:string, comment:from deserializer), FieldSchema(name:orig_file_ins_ts, type:string, comment:from deserializer), FieldSchema(name:exp_stock_plan_lead_time, type:string, comment:from deserializer)], location:file:/var/folders/y7/4_pz5fzx54ngcmghz3v6t3m00000gn/T/junit5553221789791449242/hadooptmp/dealer_hierarchy/core_data, inputFormat:org.apache.hadoop.hive.ql.io.avro.AvroContainerInputFormat, outputFormat:org.apache.hadoop.hive.ql.io.avro.AvroContainerOutputFormat, compressed:false, numBuckets:-1, serdeInfo:SerDeInfo(name:null, serializationLib:org.apache.hadoop.hive.serde2.avro.AvroSerDe, parameters:{avro.schema.url=./src/test/resources/dealer_hierarchy/schema/DEALER_HIERARCHY_CORE.avsc, serialization.format=1}), bucketCols:[], sortCols:[], parameters:{}, skewedInfo:SkewedInfo(skewedColNames:[], skewedColValues:[], skewedColValueLocationMaps:{}), storedAsSubDirectories:false), partitionKeys:[FieldSchema(name:dealer_code, type:string, comment:null)], parameters:{EXTERNAL=TRUE}, viewOriginalText:null, viewExpandedText:null, tableType:EXTERNAL_TABLE)
15/09/06 13:13:54 INFO HiveMetaStore.audit: ugi=hpatel	ip=unknown-ip-addr	cmd=create_table: Table(tableName:DEALER_HIERARCHY_CORE, dbName:ddsw_dev, owner:hpatel, createTime:1441563234, lastAccessTime:0, retention:0, sd:StorageDescriptor(cols:[FieldSchema(name:file_name, type:string, comment:from deserializer), FieldSchema(name:gen_id, type:string, comment:from deserializer), FieldSchema(name:dms_system, type:string, comment:from deserializer), FieldSchema(name:dms_version, type:string, comment:from deserializer), FieldSchema(name:transmit_ts, type:string, comment:from deserializer), FieldSchema(name:orig_transmit_ts, type:string, comment:from deserializer), FieldSchema(name:transmit_by, type:string, comment:from deserializer), FieldSchema(name:record_status, type:string, comment:from deserializer), FieldSchema(name:dealer_updt_ind, type:string, comment:from deserializer), FieldSchema(name:store_number, type:string, comment:from deserializer), FieldSchema(name:part_type, type:string, comment:from deserializer), FieldSchema(name:store_name, type:string, comment:from deserializer), FieldSchema(name:inventory_store_number, type:string, comment:from deserializer), FieldSchema(name:cat_emrg_dealer_code, type:string, comment:from deserializer), FieldSchema(name:cat_stock_dealer_code, type:string, comment:from deserializer), FieldSchema(name:stock_replen_store_number, type:string, comment:from deserializer), FieldSchema(name:stock_replen_lead_time, type:string, comment:from deserializer), FieldSchema(name:lst_updt_ts, type:string, comment:from deserializer), FieldSchema(name:orig_lst_updt_ts, type:string, comment:from deserializer), FieldSchema(name:lst_updt_by_id, type:string, comment:from deserializer), FieldSchema(name:file_ins_ts, type:string, comment:from deserializer), FieldSchema(name:orig_file_ins_ts, type:string, comment:from deserializer), FieldSchema(name:exp_stock_plan_lead_time, type:string, comment:from deserializer)], location:file:/var/folders/y7/4_pz5fzx54ngcmghz3v6t3m00000gn/T/junit5553221789791449242/hadooptmp/dealer_hierarchy/core_data, inputFormat:org.apache.hadoop.hive.ql.io.avro.AvroContainerInputFormat, outputFormat:org.apache.hadoop.hive.ql.io.avro.AvroContainerOutputFormat, compressed:false, numBuckets:-1, serdeInfo:SerDeInfo(name:null, serializationLib:org.apache.hadoop.hive.serde2.avro.AvroSerDe, parameters:{avro.schema.url=./src/test/resources/dealer_hierarchy/schema/DEALER_HIERARCHY_CORE.avsc, serialization.format=1}), bucketCols:[], sortCols:[], parameters:{}, skewedInfo:SkewedInfo(skewedColNames:[], skewedColValues:[], skewedColValueLocationMaps:{}), storedAsSubDirectories:false), partitionKeys:[FieldSchema(name:dealer_code, type:string, comment:null)], parameters:{EXTERNAL=TRUE}, viewOriginalText:null, viewExpandedText:null, tableType:EXTERNAL_TABLE)	
15/09/06 13:13:54 INFO common.FileUtils: Creating directory if it doesn't exist: file:/var/folders/y7/4_pz5fzx54ngcmghz3v6t3m00000gn/T/junit5553221789791449242/hadooptmp/dealer_hierarchy/core_data
15/09/06 13:13:54 INFO log.PerfLogger: </PERFLOG method=runTasks start=1441563234076 end=1441563234115 duration=39 from=org.apache.hadoop.hive.ql.Driver>
15/09/06 13:13:54 INFO log.PerfLogger: </PERFLOG method=Driver.execute start=1441563234076 end=1441563234115 duration=39 from=org.apache.hadoop.hive.ql.Driver>
OK
15/09/06 13:13:54 INFO ql.Driver: OK
15/09/06 13:13:54 INFO log.PerfLogger: <PERFLOG method=releaseLocks from=org.apache.hadoop.hive.ql.Driver>
15/09/06 13:13:54 INFO log.PerfLogger: </PERFLOG method=releaseLocks start=1441563234115 end=1441563234115 duration=0 from=org.apache.hadoop.hive.ql.Driver>
15/09/06 13:13:54 INFO log.PerfLogger: </PERFLOG method=Driver.run start=1441563234073 end=1441563234115 duration=42 from=org.apache.hadoop.hive.ql.Driver>
15/09/06 13:13:54 INFO service.HiveServer: Running the query: 

15/09/06 13:13:54 INFO builder.HiveShellTearable: Created hive resource /var/folders/y7/4_pz5fzx54ngcmghz3v6t3m00000gn/T/junit5553221789791449242/hadooptmp/dealer_hierarchy/temp_data/dealer_code=AAAA/temp_data_from_string.csv
15/09/06 13:13:54 INFO builder.HiveShellTearable: Created hive resource /var/folders/y7/4_pz5fzx54ngcmghz3v6t3m00000gn/T/junit5553221789791449242/hadooptmp/dealer_hierarchy/temp_data/dealer_code=ZZZZ/temp_data_from_file.csv
15/09/06 13:13:54 INFO service.HiveServer: Running the query: MSCK REPAIR TABLE dealer_hierarchy_core
15/09/06 13:13:54 INFO log.PerfLogger: <PERFLOG method=Driver.run from=org.apache.hadoop.hive.ql.Driver>
15/09/06 13:13:54 INFO log.PerfLogger: <PERFLOG method=TimeToSubmit from=org.apache.hadoop.hive.ql.Driver>
15/09/06 13:13:54 INFO ql.Driver: Concurrency mode is disabled, not creating a lock manager
15/09/06 13:13:54 INFO log.PerfLogger: <PERFLOG method=compile from=org.apache.hadoop.hive.ql.Driver>
15/09/06 13:13:54 INFO log.PerfLogger: <PERFLOG method=parse from=org.apache.hadoop.hive.ql.Driver>
15/09/06 13:13:54 INFO parse.ParseDriver: Parsing command: MSCK REPAIR TABLE dealer_hierarchy_core
15/09/06 13:13:54 INFO parse.ParseDriver: Parse Completed
15/09/06 13:13:54 INFO log.PerfLogger: </PERFLOG method=parse start=1441563234117 end=1441563234117 duration=0 from=org.apache.hadoop.hive.ql.Driver>
15/09/06 13:13:54 INFO log.PerfLogger: <PERFLOG method=semanticAnalyze from=org.apache.hadoop.hive.ql.Driver>
15/09/06 13:13:54 INFO ql.Driver: Semantic Analysis Completed
15/09/06 13:13:54 INFO log.PerfLogger: </PERFLOG method=semanticAnalyze start=1441563234117 end=1441563234121 duration=4 from=org.apache.hadoop.hive.ql.Driver>
15/09/06 13:13:54 INFO ql.Driver: Returning Hive schema: Schema(fieldSchemas:null, properties:null)
15/09/06 13:13:54 INFO log.PerfLogger: </PERFLOG method=compile start=1441563234117 end=1441563234121 duration=4 from=org.apache.hadoop.hive.ql.Driver>
15/09/06 13:13:54 INFO log.PerfLogger: <PERFLOG method=Driver.execute from=org.apache.hadoop.hive.ql.Driver>
15/09/06 13:13:54 INFO ql.Driver: Starting command: MSCK REPAIR TABLE dealer_hierarchy_core
15/09/06 13:13:54 INFO log.PerfLogger: </PERFLOG method=TimeToSubmit start=1441563234116 end=1441563234121 duration=5 from=org.apache.hadoop.hive.ql.Driver>
15/09/06 13:13:54 INFO log.PerfLogger: <PERFLOG method=runTasks from=org.apache.hadoop.hive.ql.Driver>
15/09/06 13:13:54 INFO log.PerfLogger: <PERFLOG method=task.DDL.Stage-0 from=org.apache.hadoop.hive.ql.Driver>
15/09/06 13:13:54 INFO metastore.HiveMetaStore: 0: get_table : db=ddsw_dev tbl=dealer_hierarchy_core
15/09/06 13:13:54 INFO HiveMetaStore.audit: ugi=hpatel	ip=unknown-ip-addr	cmd=get_table : db=ddsw_dev tbl=dealer_hierarchy_core	
15/09/06 13:13:54 INFO avro.AvroSerDe: Avro schema is {"type":"record","name":"DEALER_HIERARCHY_CORE","doc":"Sqoop import of DEALER_HIERARCHY","fields":[{"name":"File_Name","type":["string","null"],"columnName":"File_Name"},{"name":"GEN_ID","type":["string","null"],"columnName":"GEN_ID"},{"name":"DMS_SYSTEM","type":["string","null"],"columnName":"DMS_SYSTEM"},{"name":"DMS_VERSION","type":["string","null"],"columnName":"DMS_VERSION"},{"name":"TRANSMIT_TS","type":["string","null"],"columnName":"TRANSMIT_TS"},{"name":"ORIG_TRANSMIT_TS","type":["string","null"],"columnName":"TRANSMIT_TS"},{"name":"TRANSMIT_BY","type":["string","null"],"columnName":"TRANSMIT_BY"},{"name":"RECORD_STATUS","type":["string","null"],"columnName":"RECORD_STATUS"},{"name":"DEALER_UPDT_IND","type":["string","null"],"columnName":"DEALER_UPDT_IND","sqlType":"1"},{"name":"STORE_NUMBER","type":["string","null"],"columnName":"STORE_NUMBER"},{"name":"PART_TYPE","type":["string","null"],"columnName":"PART_TYPE"},{"name":"STORE_NAME","type":["string","null"],"columnName":"STORE_NAME"},{"name":"INVENTORY_STORE_NUMBER","type":["string","null"],"columnName":"INVENTORY_STORE_NUMBER"},{"name":"CAT_EMRG_DEALER_CODE","type":["string","null"],"columnName":"CAT_EMRG_DEALER_CODE"},{"name":"CAT_STOCK_DEALER_CODE","type":["string","null"],"columnName":"CAT_STOCK_DEALER_CODE"},{"name":"STOCK_REPLEN_STORE_NUMBER","type":["string","null"],"columnName":"STOCK_REPLEN_STORE_NUMBER"},{"name":"STOCK_REPLEN_LEAD_TIME","type":["string","null"],"columnName":"STOCK_REPLEN_LEAD_TIME"},{"name":"LST_UPDT_TS","type":["string","null"],"columnName":"LST_UPDT_TS"},{"name":"ORIG_LST_UPDT_TS","type":["string","null"],"columnName":"ORIG_LST_UPDT_TS"},{"name":"LST_UPDT_BY_ID","type":["string","null"],"columnName":"LST_UPDT_BY_ID"},{"name":"FILE_INS_TS","type":["string","null"],"columnName":"FILE_INS_TS"},{"name":"ORIG_FILE_INS_TS","type":["string","null"],"columnName":"ORIG_FILE_INS_TS"},{"name":"EXP_STOCK_PLAN_LEAD_TIME","type":["string","null"],"columnName":"EXP_STOCK_PLAN_LEAD_TIME"}],"tableName":"DEALER_HIERARCHY_CORE"}
15/09/06 13:13:54 INFO avro.AvroSerDe: Avro schema is {"type":"record","name":"DEALER_HIERARCHY_CORE","doc":"Sqoop import of DEALER_HIERARCHY","fields":[{"name":"File_Name","type":["string","null"],"columnName":"File_Name"},{"name":"GEN_ID","type":["string","null"],"columnName":"GEN_ID"},{"name":"DMS_SYSTEM","type":["string","null"],"columnName":"DMS_SYSTEM"},{"name":"DMS_VERSION","type":["string","null"],"columnName":"DMS_VERSION"},{"name":"TRANSMIT_TS","type":["string","null"],"columnName":"TRANSMIT_TS"},{"name":"ORIG_TRANSMIT_TS","type":["string","null"],"columnName":"TRANSMIT_TS"},{"name":"TRANSMIT_BY","type":["string","null"],"columnName":"TRANSMIT_BY"},{"name":"RECORD_STATUS","type":["string","null"],"columnName":"RECORD_STATUS"},{"name":"DEALER_UPDT_IND","type":["string","null"],"columnName":"DEALER_UPDT_IND","sqlType":"1"},{"name":"STORE_NUMBER","type":["string","null"],"columnName":"STORE_NUMBER"},{"name":"PART_TYPE","type":["string","null"],"columnName":"PART_TYPE"},{"name":"STORE_NAME","type":["string","null"],"columnName":"STORE_NAME"},{"name":"INVENTORY_STORE_NUMBER","type":["string","null"],"columnName":"INVENTORY_STORE_NUMBER"},{"name":"CAT_EMRG_DEALER_CODE","type":["string","null"],"columnName":"CAT_EMRG_DEALER_CODE"},{"name":"CAT_STOCK_DEALER_CODE","type":["string","null"],"columnName":"CAT_STOCK_DEALER_CODE"},{"name":"STOCK_REPLEN_STORE_NUMBER","type":["string","null"],"columnName":"STOCK_REPLEN_STORE_NUMBER"},{"name":"STOCK_REPLEN_LEAD_TIME","type":["string","null"],"columnName":"STOCK_REPLEN_LEAD_TIME"},{"name":"LST_UPDT_TS","type":["string","null"],"columnName":"LST_UPDT_TS"},{"name":"ORIG_LST_UPDT_TS","type":["string","null"],"columnName":"ORIG_LST_UPDT_TS"},{"name":"LST_UPDT_BY_ID","type":["string","null"],"columnName":"LST_UPDT_BY_ID"},{"name":"FILE_INS_TS","type":["string","null"],"columnName":"FILE_INS_TS"},{"name":"ORIG_FILE_INS_TS","type":["string","null"],"columnName":"ORIG_FILE_INS_TS"},{"name":"EXP_STOCK_PLAN_LEAD_TIME","type":["string","null"],"columnName":"EXP_STOCK_PLAN_LEAD_TIME"}],"tableName":"DEALER_HIERARCHY_CORE"}
15/09/06 13:13:54 INFO metastore.HiveMetaStore: 0: get_partitions_with_auth : db=ddsw_dev tbl=dealer_hierarchy_core
15/09/06 13:13:54 INFO HiveMetaStore.audit: ugi=hpatel	ip=unknown-ip-addr	cmd=get_partitions_with_auth : db=ddsw_dev tbl=dealer_hierarchy_core	
15/09/06 13:13:54 INFO log.PerfLogger: </PERFLOG method=runTasks start=1441563234121 end=1441563234151 duration=30 from=org.apache.hadoop.hive.ql.Driver>
15/09/06 13:13:54 INFO log.PerfLogger: </PERFLOG method=Driver.execute start=1441563234121 end=1441563234151 duration=30 from=org.apache.hadoop.hive.ql.Driver>
OK
15/09/06 13:13:54 INFO ql.Driver: OK
15/09/06 13:13:54 INFO log.PerfLogger: <PERFLOG method=releaseLocks from=org.apache.hadoop.hive.ql.Driver>
15/09/06 13:13:54 INFO log.PerfLogger: </PERFLOG method=releaseLocks start=1441563234151 end=1441563234151 duration=0 from=org.apache.hadoop.hive.ql.Driver>
15/09/06 13:13:54 INFO log.PerfLogger: </PERFLOG method=Driver.run start=1441563234116 end=1441563234152 duration=36 from=org.apache.hadoop.hive.ql.Driver>
15/09/06 13:13:54 INFO service.HiveServer: Running the query: MSCK REPAIR TABLE dealer_hierarchy_temp_data
15/09/06 13:13:54 INFO log.PerfLogger: <PERFLOG method=Driver.run from=org.apache.hadoop.hive.ql.Driver>
15/09/06 13:13:54 INFO log.PerfLogger: <PERFLOG method=TimeToSubmit from=org.apache.hadoop.hive.ql.Driver>
15/09/06 13:13:54 INFO ql.Driver: Concurrency mode is disabled, not creating a lock manager
15/09/06 13:13:54 INFO log.PerfLogger: <PERFLOG method=compile from=org.apache.hadoop.hive.ql.Driver>
15/09/06 13:13:54 INFO log.PerfLogger: <PERFLOG method=parse from=org.apache.hadoop.hive.ql.Driver>
15/09/06 13:13:54 INFO parse.ParseDriver: Parsing command: MSCK REPAIR TABLE dealer_hierarchy_temp_data
15/09/06 13:13:54 INFO parse.ParseDriver: Parse Completed
15/09/06 13:13:54 INFO log.PerfLogger: </PERFLOG method=parse start=1441563234152 end=1441563234153 duration=1 from=org.apache.hadoop.hive.ql.Driver>
15/09/06 13:13:54 INFO log.PerfLogger: <PERFLOG method=semanticAnalyze from=org.apache.hadoop.hive.ql.Driver>
15/09/06 13:13:54 INFO ql.Driver: Semantic Analysis Completed
15/09/06 13:13:54 INFO log.PerfLogger: </PERFLOG method=semanticAnalyze start=1441563234153 end=1441563234156 duration=3 from=org.apache.hadoop.hive.ql.Driver>
15/09/06 13:13:54 INFO ql.Driver: Returning Hive schema: Schema(fieldSchemas:null, properties:null)
15/09/06 13:13:54 INFO log.PerfLogger: </PERFLOG method=compile start=1441563234152 end=1441563234157 duration=5 from=org.apache.hadoop.hive.ql.Driver>
15/09/06 13:13:54 INFO log.PerfLogger: <PERFLOG method=Driver.execute from=org.apache.hadoop.hive.ql.Driver>
15/09/06 13:13:54 INFO ql.Driver: Starting command: MSCK REPAIR TABLE dealer_hierarchy_temp_data
15/09/06 13:13:54 INFO log.PerfLogger: </PERFLOG method=TimeToSubmit start=1441563234152 end=1441563234157 duration=5 from=org.apache.hadoop.hive.ql.Driver>
15/09/06 13:13:54 INFO log.PerfLogger: <PERFLOG method=runTasks from=org.apache.hadoop.hive.ql.Driver>
15/09/06 13:13:54 INFO log.PerfLogger: <PERFLOG method=task.DDL.Stage-0 from=org.apache.hadoop.hive.ql.Driver>
15/09/06 13:13:54 INFO metastore.HiveMetaStore: 0: get_table : db=ddsw_dev tbl=dealer_hierarchy_temp_data
15/09/06 13:13:54 INFO HiveMetaStore.audit: ugi=hpatel	ip=unknown-ip-addr	cmd=get_table : db=ddsw_dev tbl=dealer_hierarchy_temp_data	
15/09/06 13:13:54 INFO metastore.HiveMetaStore: 0: get_partitions_with_auth : db=ddsw_dev tbl=dealer_hierarchy_temp_data
15/09/06 13:13:54 INFO HiveMetaStore.audit: ugi=hpatel	ip=unknown-ip-addr	cmd=get_partitions_with_auth : db=ddsw_dev tbl=dealer_hierarchy_temp_data	
15/09/06 13:13:54 INFO metastore.HiveMetaStore: 0: get_table : db=ddsw_dev tbl=dealer_hierarchy_temp_data
15/09/06 13:13:54 INFO HiveMetaStore.audit: ugi=hpatel	ip=unknown-ip-addr	cmd=get_table : db=ddsw_dev tbl=dealer_hierarchy_temp_data	
15/09/06 13:13:54 INFO metastore.HiveMetaStore: 0: get_table : db=ddsw_dev tbl=dealer_hierarchy_temp_data
15/09/06 13:13:54 INFO HiveMetaStore.audit: ugi=hpatel	ip=unknown-ip-addr	cmd=get_table : db=ddsw_dev tbl=dealer_hierarchy_temp_data	
15/09/06 13:13:54 INFO metastore.HiveMetaStore: 0: add_partitions
15/09/06 13:13:54 INFO HiveMetaStore.audit: ugi=hpatel	ip=unknown-ip-addr	cmd=add_partitions	
15/09/06 13:13:54 INFO log.PerfLogger: </PERFLOG method=runTasks start=1441563234157 end=1441563234209 duration=52 from=org.apache.hadoop.hive.ql.Driver>
15/09/06 13:13:54 INFO log.PerfLogger: </PERFLOG method=Driver.execute start=1441563234157 end=1441563234209 duration=52 from=org.apache.hadoop.hive.ql.Driver>
OK
15/09/06 13:13:54 INFO ql.Driver: OK
15/09/06 13:13:54 INFO log.PerfLogger: <PERFLOG method=releaseLocks from=org.apache.hadoop.hive.ql.Driver>
15/09/06 13:13:54 INFO log.PerfLogger: </PERFLOG method=releaseLocks start=1441563234209 end=1441563234210 duration=1 from=org.apache.hadoop.hive.ql.Driver>
15/09/06 13:13:54 INFO log.PerfLogger: </PERFLOG method=Driver.run start=1441563234152 end=1441563234210 duration=58 from=org.apache.hadoop.hive.ql.Driver>
15/09/06 13:13:54 INFO service.HiveServer: Running the query: 
INSERT INTO TABLE DEALER_HIERARCHY_CORE
  PARTITION (DEALER_CODE)
  SELECT
    dh.FILE_NAME,
    dh.GEN_ID,
    dh.DMS_SYSTEM,
    dh.DMS_VERSION,
    custom_utc_timestamp(format_mr_timestamp(dh.TRANSMIT_TS)) AS TRANSMIT_TS,
    format_mr_timestamp(dh.ORIG_TRANSMIT_TS) AS ORIG_TRANSMIT_TS,
    dh.TRANSMIT_BY,
    dh.RECORD_STATUS,
    dh.DEALER_UPDT_IND,
    trim(dh.STORE_NUMBER) as STORE_NUMBER,
    trim(dh.PART_TYPE) as PART_TYPE,
    dh.STORE_NAME,
    dh.INVENTORY_STORE_NUMBER,
    trim(dh.CAT_EMRG_DEALER_CODE) as CAT_EMRG_DEALER_CODE,
    trim(dh.CAT_STOCK_DEALER_CODE) as CAT_STOCK_DEALER_CODE,
    trim(dh.STOCK_REPLEN_STORE_NUMBER) as STOCK_REPLEN_STORE_NUMBER,
    dh.STOCK_REPLEN_LEAD_TIME,
    dh.LST_UPDT_TS,
    dh.ORIG_LST_UPDT_TS,
    dh.LST_UPDT_BY_ID,
    dh.file_ins_ts,
    dh.ORIG_file_ins_TS,
    dh.EXP_STOCK_PLAN_LEAD_TIME,
    trim(dh.DEALER_CODE) as DEALER_CODE
  FROM
    dealer_hierarchy_temp_data dh

15/09/06 13:13:54 INFO log.PerfLogger: <PERFLOG method=Driver.run from=org.apache.hadoop.hive.ql.Driver>
15/09/06 13:13:54 INFO log.PerfLogger: <PERFLOG method=TimeToSubmit from=org.apache.hadoop.hive.ql.Driver>
15/09/06 13:13:54 INFO ql.Driver: Concurrency mode is disabled, not creating a lock manager
15/09/06 13:13:54 INFO log.PerfLogger: <PERFLOG method=compile from=org.apache.hadoop.hive.ql.Driver>
15/09/06 13:13:54 INFO log.PerfLogger: <PERFLOG method=parse from=org.apache.hadoop.hive.ql.Driver>
15/09/06 13:13:54 INFO parse.ParseDriver: Parsing command: 
INSERT INTO TABLE DEALER_HIERARCHY_CORE
  PARTITION (DEALER_CODE)
  SELECT
    dh.FILE_NAME,
    dh.GEN_ID,
    dh.DMS_SYSTEM,
    dh.DMS_VERSION,
    custom_utc_timestamp(format_mr_timestamp(dh.TRANSMIT_TS)) AS TRANSMIT_TS,
    format_mr_timestamp(dh.ORIG_TRANSMIT_TS) AS ORIG_TRANSMIT_TS,
    dh.TRANSMIT_BY,
    dh.RECORD_STATUS,
    dh.DEALER_UPDT_IND,
    trim(dh.STORE_NUMBER) as STORE_NUMBER,
    trim(dh.PART_TYPE) as PART_TYPE,
    dh.STORE_NAME,
    dh.INVENTORY_STORE_NUMBER,
    trim(dh.CAT_EMRG_DEALER_CODE) as CAT_EMRG_DEALER_CODE,
    trim(dh.CAT_STOCK_DEALER_CODE) as CAT_STOCK_DEALER_CODE,
    trim(dh.STOCK_REPLEN_STORE_NUMBER) as STOCK_REPLEN_STORE_NUMBER,
    dh.STOCK_REPLEN_LEAD_TIME,
    dh.LST_UPDT_TS,
    dh.ORIG_LST_UPDT_TS,
    dh.LST_UPDT_BY_ID,
    dh.file_ins_ts,
    dh.ORIG_file_ins_TS,
    dh.EXP_STOCK_PLAN_LEAD_TIME,
    trim(dh.DEALER_CODE) as DEALER_CODE
  FROM
    dealer_hierarchy_temp_data dh

15/09/06 13:13:54 INFO parse.ParseDriver: Parse Completed
15/09/06 13:13:54 INFO log.PerfLogger: </PERFLOG method=parse start=1441563234211 end=1441563234215 duration=4 from=org.apache.hadoop.hive.ql.Driver>
15/09/06 13:13:54 INFO log.PerfLogger: <PERFLOG method=semanticAnalyze from=org.apache.hadoop.hive.ql.Driver>
15/09/06 13:13:54 INFO parse.SemanticAnalyzer: Starting Semantic Analysis
15/09/06 13:13:54 INFO parse.SemanticAnalyzer: Completed phase 1 of Semantic Analysis
15/09/06 13:13:54 INFO parse.SemanticAnalyzer: Get metadata for source tables
15/09/06 13:13:54 INFO metastore.HiveMetaStore: 0: get_table : db=ddsw_dev tbl=dealer_hierarchy_temp_data
15/09/06 13:13:54 INFO HiveMetaStore.audit: ugi=hpatel	ip=unknown-ip-addr	cmd=get_table : db=ddsw_dev tbl=dealer_hierarchy_temp_data	
15/09/06 13:13:54 INFO parse.SemanticAnalyzer: Get metadata for subqueries
15/09/06 13:13:54 INFO parse.SemanticAnalyzer: Get metadata for destination tables
15/09/06 13:13:54 INFO metastore.HiveMetaStore: 0: get_table : db=ddsw_dev tbl=DEALER_HIERARCHY_CORE
15/09/06 13:13:54 INFO HiveMetaStore.audit: ugi=hpatel	ip=unknown-ip-addr	cmd=get_table : db=ddsw_dev tbl=DEALER_HIERARCHY_CORE	
15/09/06 13:13:54 INFO avro.AvroSerDe: Avro schema is {"type":"record","name":"DEALER_HIERARCHY_CORE","doc":"Sqoop import of DEALER_HIERARCHY","fields":[{"name":"File_Name","type":["string","null"],"columnName":"File_Name"},{"name":"GEN_ID","type":["string","null"],"columnName":"GEN_ID"},{"name":"DMS_SYSTEM","type":["string","null"],"columnName":"DMS_SYSTEM"},{"name":"DMS_VERSION","type":["string","null"],"columnName":"DMS_VERSION"},{"name":"TRANSMIT_TS","type":["string","null"],"columnName":"TRANSMIT_TS"},{"name":"ORIG_TRANSMIT_TS","type":["string","null"],"columnName":"TRANSMIT_TS"},{"name":"TRANSMIT_BY","type":["string","null"],"columnName":"TRANSMIT_BY"},{"name":"RECORD_STATUS","type":["string","null"],"columnName":"RECORD_STATUS"},{"name":"DEALER_UPDT_IND","type":["string","null"],"columnName":"DEALER_UPDT_IND","sqlType":"1"},{"name":"STORE_NUMBER","type":["string","null"],"columnName":"STORE_NUMBER"},{"name":"PART_TYPE","type":["string","null"],"columnName":"PART_TYPE"},{"name":"STORE_NAME","type":["string","null"],"columnName":"STORE_NAME"},{"name":"INVENTORY_STORE_NUMBER","type":["string","null"],"columnName":"INVENTORY_STORE_NUMBER"},{"name":"CAT_EMRG_DEALER_CODE","type":["string","null"],"columnName":"CAT_EMRG_DEALER_CODE"},{"name":"CAT_STOCK_DEALER_CODE","type":["string","null"],"columnName":"CAT_STOCK_DEALER_CODE"},{"name":"STOCK_REPLEN_STORE_NUMBER","type":["string","null"],"columnName":"STOCK_REPLEN_STORE_NUMBER"},{"name":"STOCK_REPLEN_LEAD_TIME","type":["string","null"],"columnName":"STOCK_REPLEN_LEAD_TIME"},{"name":"LST_UPDT_TS","type":["string","null"],"columnName":"LST_UPDT_TS"},{"name":"ORIG_LST_UPDT_TS","type":["string","null"],"columnName":"ORIG_LST_UPDT_TS"},{"name":"LST_UPDT_BY_ID","type":["string","null"],"columnName":"LST_UPDT_BY_ID"},{"name":"FILE_INS_TS","type":["string","null"],"columnName":"FILE_INS_TS"},{"name":"ORIG_FILE_INS_TS","type":["string","null"],"columnName":"ORIG_FILE_INS_TS"},{"name":"EXP_STOCK_PLAN_LEAD_TIME","type":["string","null"],"columnName":"EXP_STOCK_PLAN_LEAD_TIME"}],"tableName":"DEALER_HIERARCHY_CORE"}
15/09/06 13:13:54 INFO avro.AvroSerDe: Avro schema is {"type":"record","name":"DEALER_HIERARCHY_CORE","doc":"Sqoop import of DEALER_HIERARCHY","fields":[{"name":"File_Name","type":["string","null"],"columnName":"File_Name"},{"name":"GEN_ID","type":["string","null"],"columnName":"GEN_ID"},{"name":"DMS_SYSTEM","type":["string","null"],"columnName":"DMS_SYSTEM"},{"name":"DMS_VERSION","type":["string","null"],"columnName":"DMS_VERSION"},{"name":"TRANSMIT_TS","type":["string","null"],"columnName":"TRANSMIT_TS"},{"name":"ORIG_TRANSMIT_TS","type":["string","null"],"columnName":"TRANSMIT_TS"},{"name":"TRANSMIT_BY","type":["string","null"],"columnName":"TRANSMIT_BY"},{"name":"RECORD_STATUS","type":["string","null"],"columnName":"RECORD_STATUS"},{"name":"DEALER_UPDT_IND","type":["string","null"],"columnName":"DEALER_UPDT_IND","sqlType":"1"},{"name":"STORE_NUMBER","type":["string","null"],"columnName":"STORE_NUMBER"},{"name":"PART_TYPE","type":["string","null"],"columnName":"PART_TYPE"},{"name":"STORE_NAME","type":["string","null"],"columnName":"STORE_NAME"},{"name":"INVENTORY_STORE_NUMBER","type":["string","null"],"columnName":"INVENTORY_STORE_NUMBER"},{"name":"CAT_EMRG_DEALER_CODE","type":["string","null"],"columnName":"CAT_EMRG_DEALER_CODE"},{"name":"CAT_STOCK_DEALER_CODE","type":["string","null"],"columnName":"CAT_STOCK_DEALER_CODE"},{"name":"STOCK_REPLEN_STORE_NUMBER","type":["string","null"],"columnName":"STOCK_REPLEN_STORE_NUMBER"},{"name":"STOCK_REPLEN_LEAD_TIME","type":["string","null"],"columnName":"STOCK_REPLEN_LEAD_TIME"},{"name":"LST_UPDT_TS","type":["string","null"],"columnName":"LST_UPDT_TS"},{"name":"ORIG_LST_UPDT_TS","type":["string","null"],"columnName":"ORIG_LST_UPDT_TS"},{"name":"LST_UPDT_BY_ID","type":["string","null"],"columnName":"LST_UPDT_BY_ID"},{"name":"FILE_INS_TS","type":["string","null"],"columnName":"FILE_INS_TS"},{"name":"ORIG_FILE_INS_TS","type":["string","null"],"columnName":"ORIG_FILE_INS_TS"},{"name":"EXP_STOCK_PLAN_LEAD_TIME","type":["string","null"],"columnName":"EXP_STOCK_PLAN_LEAD_TIME"}],"tableName":"DEALER_HIERARCHY_CORE"}
15/09/06 13:13:54 WARN parse.BaseSemanticAnalyzer: Dynamic partitioning is used; only validating 0 columns
15/09/06 13:13:54 INFO parse.SemanticAnalyzer: Completed getting MetaData in Semantic Analysis
15/09/06 13:13:54 INFO common.FileUtils: Creating directory if it doesn't exist: file:/var/folders/y7/4_pz5fzx54ngcmghz3v6t3m00000gn/T/junit5553221789791449242/hadooptmp/dealer_hierarchy/core_data/.hive-staging_hive_2015-09-06_13-13-54_211_7908536599165873804-1
15/09/06 13:13:54 INFO avro.AvroSerDe: Avro schema is {"type":"record","name":"DEALER_HIERARCHY_CORE","doc":"Sqoop import of DEALER_HIERARCHY","fields":[{"name":"File_Name","type":["string","null"],"columnName":"File_Name"},{"name":"GEN_ID","type":["string","null"],"columnName":"GEN_ID"},{"name":"DMS_SYSTEM","type":["string","null"],"columnName":"DMS_SYSTEM"},{"name":"DMS_VERSION","type":["string","null"],"columnName":"DMS_VERSION"},{"name":"TRANSMIT_TS","type":["string","null"],"columnName":"TRANSMIT_TS"},{"name":"ORIG_TRANSMIT_TS","type":["string","null"],"columnName":"TRANSMIT_TS"},{"name":"TRANSMIT_BY","type":["string","null"],"columnName":"TRANSMIT_BY"},{"name":"RECORD_STATUS","type":["string","null"],"columnName":"RECORD_STATUS"},{"name":"DEALER_UPDT_IND","type":["string","null"],"columnName":"DEALER_UPDT_IND","sqlType":"1"},{"name":"STORE_NUMBER","type":["string","null"],"columnName":"STORE_NUMBER"},{"name":"PART_TYPE","type":["string","null"],"columnName":"PART_TYPE"},{"name":"STORE_NAME","type":["string","null"],"columnName":"STORE_NAME"},{"name":"INVENTORY_STORE_NUMBER","type":["string","null"],"columnName":"INVENTORY_STORE_NUMBER"},{"name":"CAT_EMRG_DEALER_CODE","type":["string","null"],"columnName":"CAT_EMRG_DEALER_CODE"},{"name":"CAT_STOCK_DEALER_CODE","type":["string","null"],"columnName":"CAT_STOCK_DEALER_CODE"},{"name":"STOCK_REPLEN_STORE_NUMBER","type":["string","null"],"columnName":"STOCK_REPLEN_STORE_NUMBER"},{"name":"STOCK_REPLEN_LEAD_TIME","type":["string","null"],"columnName":"STOCK_REPLEN_LEAD_TIME"},{"name":"LST_UPDT_TS","type":["string","null"],"columnName":"LST_UPDT_TS"},{"name":"ORIG_LST_UPDT_TS","type":["string","null"],"columnName":"ORIG_LST_UPDT_TS"},{"name":"LST_UPDT_BY_ID","type":["string","null"],"columnName":"LST_UPDT_BY_ID"},{"name":"FILE_INS_TS","type":["string","null"],"columnName":"FILE_INS_TS"},{"name":"ORIG_FILE_INS_TS","type":["string","null"],"columnName":"ORIG_FILE_INS_TS"},{"name":"EXP_STOCK_PLAN_LEAD_TIME","type":["string","null"],"columnName":"EXP_STOCK_PLAN_LEAD_TIME"}],"tableName":"DEALER_HIERARCHY_CORE"}
15/09/06 13:13:54 INFO avro.AvroSerDe: Avro schema is {"type":"record","name":"DEALER_HIERARCHY_CORE","doc":"Sqoop import of DEALER_HIERARCHY","fields":[{"name":"File_Name","type":["string","null"],"columnName":"File_Name"},{"name":"GEN_ID","type":["string","null"],"columnName":"GEN_ID"},{"name":"DMS_SYSTEM","type":["string","null"],"columnName":"DMS_SYSTEM"},{"name":"DMS_VERSION","type":["string","null"],"columnName":"DMS_VERSION"},{"name":"TRANSMIT_TS","type":["string","null"],"columnName":"TRANSMIT_TS"},{"name":"ORIG_TRANSMIT_TS","type":["string","null"],"columnName":"TRANSMIT_TS"},{"name":"TRANSMIT_BY","type":["string","null"],"columnName":"TRANSMIT_BY"},{"name":"RECORD_STATUS","type":["string","null"],"columnName":"RECORD_STATUS"},{"name":"DEALER_UPDT_IND","type":["string","null"],"columnName":"DEALER_UPDT_IND","sqlType":"1"},{"name":"STORE_NUMBER","type":["string","null"],"columnName":"STORE_NUMBER"},{"name":"PART_TYPE","type":["string","null"],"columnName":"PART_TYPE"},{"name":"STORE_NAME","type":["string","null"],"columnName":"STORE_NAME"},{"name":"INVENTORY_STORE_NUMBER","type":["string","null"],"columnName":"INVENTORY_STORE_NUMBER"},{"name":"CAT_EMRG_DEALER_CODE","type":["string","null"],"columnName":"CAT_EMRG_DEALER_CODE"},{"name":"CAT_STOCK_DEALER_CODE","type":["string","null"],"columnName":"CAT_STOCK_DEALER_CODE"},{"name":"STOCK_REPLEN_STORE_NUMBER","type":["string","null"],"columnName":"STOCK_REPLEN_STORE_NUMBER"},{"name":"STOCK_REPLEN_LEAD_TIME","type":["string","null"],"columnName":"STOCK_REPLEN_LEAD_TIME"},{"name":"LST_UPDT_TS","type":["string","null"],"columnName":"LST_UPDT_TS"},{"name":"ORIG_LST_UPDT_TS","type":["string","null"],"columnName":"ORIG_LST_UPDT_TS"},{"name":"LST_UPDT_BY_ID","type":["string","null"],"columnName":"LST_UPDT_BY_ID"},{"name":"FILE_INS_TS","type":["string","null"],"columnName":"FILE_INS_TS"},{"name":"ORIG_FILE_INS_TS","type":["string","null"],"columnName":"ORIG_FILE_INS_TS"},{"name":"EXP_STOCK_PLAN_LEAD_TIME","type":["string","null"],"columnName":"EXP_STOCK_PLAN_LEAD_TIME"}],"tableName":"DEALER_HIERARCHY_CORE"}
15/09/06 13:13:54 INFO avro.AvroSerDe: Configuration null, not inserting schema
15/09/06 13:13:54 INFO parse.SemanticAnalyzer: Set stats collection dir : file:/var/folders/y7/4_pz5fzx54ngcmghz3v6t3m00000gn/T/junit5553221789791449242/hadooptmp/dealer_hierarchy/core_data/.hive-staging_hive_2015-09-06_13-13-54_211_7908536599165873804-1/-ext-10001
15/09/06 13:13:54 INFO ppd.OpProcFactory: Processing for FS(173)
15/09/06 13:13:54 INFO ppd.OpProcFactory: Processing for SEL(172)
15/09/06 13:13:54 INFO ppd.OpProcFactory: Processing for TS(171)
15/09/06 13:13:54 INFO optimizer.SortedDynPartitionOptimizer: Sorted dynamic partitioning optimization kicked in..
15/09/06 13:13:54 INFO optimizer.SortedDynPartitionOptimizer: Inserted RS_174 and EX_175 as parent of FS_173 and child of SEL_172
15/09/06 13:13:54 INFO log.PerfLogger: <PERFLOG method=partition-retrieving from=org.apache.hadoop.hive.ql.optimizer.ppr.PartitionPruner>
15/09/06 13:13:54 INFO metastore.HiveMetaStore: 0: get_partitions : db=ddsw_dev tbl=dealer_hierarchy_temp_data
15/09/06 13:13:54 INFO HiveMetaStore.audit: ugi=hpatel	ip=unknown-ip-addr	cmd=get_partitions : db=ddsw_dev tbl=dealer_hierarchy_temp_data	
15/09/06 13:13:54 INFO log.PerfLogger: </PERFLOG method=partition-retrieving start=1441563234281 end=1441563234286 duration=5 from=org.apache.hadoop.hive.ql.optimizer.ppr.PartitionPruner>
15/09/06 13:13:54 INFO parse.SemanticAnalyzer: Completed plan generation
15/09/06 13:13:54 INFO ql.Driver: Semantic Analysis Completed
15/09/06 13:13:54 INFO log.PerfLogger: </PERFLOG method=semanticAnalyze start=1441563234215 end=1441563234286 duration=71 from=org.apache.hadoop.hive.ql.Driver>
15/09/06 13:13:54 INFO ql.Driver: Returning Hive schema: Schema(fieldSchemas:[FieldSchema(name:dh.file_name, type:string, comment:null), FieldSchema(name:dh.gen_id, type:string, comment:null), FieldSchema(name:dh.dms_system, type:string, comment:null), FieldSchema(name:dh.dms_version, type:string, comment:null), FieldSchema(name:transmit_ts, type:string, comment:null), FieldSchema(name:orig_transmit_ts, type:string, comment:null), FieldSchema(name:dh.transmit_by, type:string, comment:null), FieldSchema(name:dh.record_status, type:string, comment:null), FieldSchema(name:dh.dealer_updt_ind, type:string, comment:null), FieldSchema(name:store_number, type:string, comment:null), FieldSchema(name:part_type, type:string, comment:null), FieldSchema(name:dh.store_name, type:string, comment:null), FieldSchema(name:dh.inventory_store_number, type:string, comment:null), FieldSchema(name:cat_emrg_dealer_code, type:string, comment:null), FieldSchema(name:cat_stock_dealer_code, type:string, comment:null), FieldSchema(name:stock_replen_store_number, type:string, comment:null), FieldSchema(name:dh.stock_replen_lead_time, type:string, comment:null), FieldSchema(name:dh.lst_updt_ts, type:string, comment:null), FieldSchema(name:dh.orig_lst_updt_ts, type:string, comment:null), FieldSchema(name:dh.lst_updt_by_id, type:string, comment:null), FieldSchema(name:dh.file_ins_ts, type:string, comment:null), FieldSchema(name:dh.orig_file_ins_ts, type:string, comment:null), FieldSchema(name:dh.exp_stock_plan_lead_time, type:string, comment:null), FieldSchema(name:dealer_code, type:string, comment:null)], properties:null)
15/09/06 13:13:54 INFO log.PerfLogger: </PERFLOG method=compile start=1441563234211 end=1441563234287 duration=76 from=org.apache.hadoop.hive.ql.Driver>
15/09/06 13:13:54 INFO log.PerfLogger: <PERFLOG method=Driver.execute from=org.apache.hadoop.hive.ql.Driver>
15/09/06 13:13:54 INFO ql.Driver: Starting command: 
INSERT INTO TABLE DEALER_HIERARCHY_CORE
  PARTITION (DEALER_CODE)
  SELECT
    dh.FILE_NAME,
    dh.GEN_ID,
    dh.DMS_SYSTEM,
    dh.DMS_VERSION,
    custom_utc_timestamp(format_mr_timestamp(dh.TRANSMIT_TS)) AS TRANSMIT_TS,
    format_mr_timestamp(dh.ORIG_TRANSMIT_TS) AS ORIG_TRANSMIT_TS,
    dh.TRANSMIT_BY,
    dh.RECORD_STATUS,
    dh.DEALER_UPDT_IND,
    trim(dh.STORE_NUMBER) as STORE_NUMBER,
    trim(dh.PART_TYPE) as PART_TYPE,
    dh.STORE_NAME,
    dh.INVENTORY_STORE_NUMBER,
    trim(dh.CAT_EMRG_DEALER_CODE) as CAT_EMRG_DEALER_CODE,
    trim(dh.CAT_STOCK_DEALER_CODE) as CAT_STOCK_DEALER_CODE,
    trim(dh.STOCK_REPLEN_STORE_NUMBER) as STOCK_REPLEN_STORE_NUMBER,
    dh.STOCK_REPLEN_LEAD_TIME,
    dh.LST_UPDT_TS,
    dh.ORIG_LST_UPDT_TS,
    dh.LST_UPDT_BY_ID,
    dh.file_ins_ts,
    dh.ORIG_file_ins_TS,
    dh.EXP_STOCK_PLAN_LEAD_TIME,
    trim(dh.DEALER_CODE) as DEALER_CODE
  FROM
    dealer_hierarchy_temp_data dh

Total jobs = 1
15/09/06 13:13:54 INFO ql.Driver: Total jobs = 1
15/09/06 13:13:54 INFO log.PerfLogger: </PERFLOG method=TimeToSubmit start=1441563234211 end=1441563234287 duration=76 from=org.apache.hadoop.hive.ql.Driver>
15/09/06 13:13:54 INFO log.PerfLogger: <PERFLOG method=runTasks from=org.apache.hadoop.hive.ql.Driver>
15/09/06 13:13:54 INFO log.PerfLogger: <PERFLOG method=task.MAPRED.Stage-1 from=org.apache.hadoop.hive.ql.Driver>
Launching Job 1 out of 1
15/09/06 13:13:54 INFO ql.Driver: Launching Job 1 out of 1
Number of reduce tasks not specified. Defaulting to jobconf value of: 1
15/09/06 13:13:54 INFO exec.Task: Number of reduce tasks not specified. Defaulting to jobconf value of: 1
In order to change the average load for a reducer (in bytes):
15/09/06 13:13:54 INFO exec.Task: In order to change the average load for a reducer (in bytes):
  set hive.exec.reducers.bytes.per.reducer=<number>
15/09/06 13:13:54 INFO exec.Task:   set hive.exec.reducers.bytes.per.reducer=<number>
In order to limit the maximum number of reducers:
15/09/06 13:13:54 INFO exec.Task: In order to limit the maximum number of reducers:
  set hive.exec.reducers.max=<number>
15/09/06 13:13:54 INFO exec.Task:   set hive.exec.reducers.max=<number>
In order to set a constant number of reducers:
15/09/06 13:13:54 INFO exec.Task: In order to set a constant number of reducers:
  set mapreduce.job.reduces=<number>
15/09/06 13:13:54 INFO exec.Task:   set mapreduce.job.reduces=<number>
15/09/06 13:13:54 INFO ql.Context: New scratch dir is file:/var/folders/y7/4_pz5fzx54ngcmghz3v6t3m00000gn/T/junit5553221789791449242/scratchdir/hive_2015-09-06_13-13-54_211_7908536599165873804-1
15/09/06 13:13:54 INFO mr.ExecDriver: Using org.apache.hadoop.hive.ql.io.CombineHiveInputFormat
15/09/06 13:13:54 INFO exec.Utilities: Processing alias dh
15/09/06 13:13:54 INFO exec.Utilities: Adding input file file:/var/folders/y7/4_pz5fzx54ngcmghz3v6t3m00000gn/T/junit5553221789791449242/hadooptmp/dealer_hierarchy/temp_data/dealer_code=AAAA
15/09/06 13:13:54 INFO exec.Utilities: Content Summary not cached for file:/var/folders/y7/4_pz5fzx54ngcmghz3v6t3m00000gn/T/junit5553221789791449242/hadooptmp/dealer_hierarchy/temp_data/dealer_code=AAAA
15/09/06 13:13:54 INFO exec.Utilities: Adding input file file:/var/folders/y7/4_pz5fzx54ngcmghz3v6t3m00000gn/T/junit5553221789791449242/hadooptmp/dealer_hierarchy/temp_data/dealer_code=ZZZZ
15/09/06 13:13:54 INFO exec.Utilities: Content Summary not cached for file:/var/folders/y7/4_pz5fzx54ngcmghz3v6t3m00000gn/T/junit5553221789791449242/hadooptmp/dealer_hierarchy/temp_data/dealer_code=ZZZZ
15/09/06 13:13:54 INFO ql.Context: New scratch dir is file:/var/folders/y7/4_pz5fzx54ngcmghz3v6t3m00000gn/T/junit5553221789791449242/scratchdir/hive_2015-09-06_13-13-54_211_7908536599165873804-1
15/09/06 13:13:54 INFO log.PerfLogger: <PERFLOG method=serializePlan from=org.apache.hadoop.hive.ql.exec.Utilities>
15/09/06 13:13:54 INFO exec.Utilities: Serializing MapWork via kryo
15/09/06 13:13:54 INFO log.PerfLogger: </PERFLOG method=serializePlan start=1441563234293 end=1441563234294 duration=1 from=org.apache.hadoop.hive.ql.exec.Utilities>
15/09/06 13:13:54 INFO exec.Utilities: Setting plan: /var/folders/y7/4_pz5fzx54ngcmghz3v6t3m00000gn/T/junit5553221789791449242/scratchdir/hive_2015-09-06_13-13-54_211_7908536599165873804-1/-mr-10003/5d638e22-69bf-4c01-9103-7d6a5cbb92ff/map.xml
15/09/06 13:13:54 INFO log.PerfLogger: <PERFLOG method=serializePlan from=org.apache.hadoop.hive.ql.exec.Utilities>
15/09/06 13:13:54 INFO exec.Utilities: Serializing ReduceWork via kryo
15/09/06 13:13:54 INFO log.PerfLogger: </PERFLOG method=serializePlan start=1441563234294 end=1441563234296 duration=2 from=org.apache.hadoop.hive.ql.exec.Utilities>
15/09/06 13:13:54 INFO exec.Utilities: Setting plan: /var/folders/y7/4_pz5fzx54ngcmghz3v6t3m00000gn/T/junit5553221789791449242/scratchdir/hive_2015-09-06_13-13-54_211_7908536599165873804-1/-mr-10003/5d638e22-69bf-4c01-9103-7d6a5cbb92ff/reduce.xml
15/09/06 13:13:54 INFO jvm.JvmMetrics: Cannot initialize JVM Metrics with processName=JobTracker, sessionId= - already initialized
15/09/06 13:13:54 WARN mapred.JobClient: Use GenericOptionsParser for parsing the arguments. Applications should implement Tool for the same.
15/09/06 13:13:54 INFO log.PerfLogger: <PERFLOG method=getSplits from=org.apache.hadoop.hive.ql.io.CombineHiveInputFormat>
15/09/06 13:13:54 INFO io.CombineHiveInputFormat: CombineHiveInputSplit creating pool for file:/var/folders/y7/4_pz5fzx54ngcmghz3v6t3m00000gn/T/junit5553221789791449242/hadooptmp/dealer_hierarchy/temp_data/dealer_code=AAAA; using filter path file:/var/folders/y7/4_pz5fzx54ngcmghz3v6t3m00000gn/T/junit5553221789791449242/hadooptmp/dealer_hierarchy/temp_data/dealer_code=AAAA
15/09/06 13:13:54 INFO io.CombineHiveInputFormat: CombineHiveInputSplit: pool is already created for file:/var/folders/y7/4_pz5fzx54ngcmghz3v6t3m00000gn/T/junit5553221789791449242/hadooptmp/dealer_hierarchy/temp_data/dealer_code=ZZZZ; using filter path file:/var/folders/y7/4_pz5fzx54ngcmghz3v6t3m00000gn/T/junit5553221789791449242/hadooptmp/dealer_hierarchy/temp_data/dealer_code=ZZZZ
15/09/06 13:13:54 INFO mapred.FileInputFormat: Total input paths to process : 2
15/09/06 13:13:54 INFO io.CombineHiveInputFormat: number of splits 1
15/09/06 13:13:54 INFO log.PerfLogger: </PERFLOG method=getSplits start=1441563234351 end=1441563234354 duration=3 from=org.apache.hadoop.hive.ql.io.CombineHiveInputFormat>
Starting Job = job_local724546061_0012, Tracking URL = http://localhost:8080/
15/09/06 13:13:54 INFO mapred.LocalJobRunner: OutputCommitter set in config org.apache.hadoop.hive.shims.HadoopShimsSecure$NullOutputCommitter
15/09/06 13:13:54 INFO exec.Task: Starting Job = job_local724546061_0012, Tracking URL = http://localhost:8080/
15/09/06 13:13:54 INFO mapred.LocalJobRunner: OutputCommitter is org.apache.hadoop.hive.shims.HadoopShimsSecure$NullOutputCommitter
Kill Command = NO_BIN! job  -kill job_local724546061_0012
15/09/06 13:13:54 INFO exec.Task: Kill Command = NO_BIN! job  -kill job_local724546061_0012
15/09/06 13:13:54 INFO mapred.LocalJobRunner: Waiting for map tasks
15/09/06 13:13:54 INFO mapred.LocalJobRunner: Starting task: attempt_local724546061_0012_m_000000_0
15/09/06 13:13:54 WARN mapreduce.Counters: Group org.apache.hadoop.mapred.Task$Counter is deprecated. Use org.apache.hadoop.mapreduce.TaskCounter instead
15/09/06 13:13:54 INFO mapred.Task:  Using ResourceCalculatorPlugin : null
Hadoop job information for Stage-1: number of mappers: 0; number of reducers: 0
15/09/06 13:13:54 INFO exec.Task: Hadoop job information for Stage-1: number of mappers: 0; number of reducers: 0
15/09/06 13:13:54 WARN mapreduce.Counters: Group org.apache.hadoop.mapred.Task$Counter is deprecated. Use org.apache.hadoop.mapreduce.TaskCounter instead
2015-09-06 13:13:54,400 Stage-1 map = 0%,  reduce = 0%
15/09/06 13:13:54 INFO exec.Task: 2015-09-06 13:13:54,400 Stage-1 map = 0%,  reduce = 0%
15/09/06 13:13:54 INFO mapred.MapTask: Processing split: Paths:/var/folders/y7/4_pz5fzx54ngcmghz3v6t3m00000gn/T/junit5553221789791449242/hadooptmp/dealer_hierarchy/temp_data/dealer_code=AAAA/temp_data_from_string.csv:0+216,/var/folders/y7/4_pz5fzx54ngcmghz3v6t3m00000gn/T/junit5553221789791449242/hadooptmp/dealer_hierarchy/temp_data/dealer_code=ZZZZ/temp_data_from_file.csv:0+626InputFormatClass: org.apache.hadoop.mapred.TextInputFormat

15/09/06 13:13:54 INFO io.HiveContextAwareRecordReader: Processing file file:/var/folders/y7/4_pz5fzx54ngcmghz3v6t3m00000gn/T/junit5553221789791449242/hadooptmp/dealer_hierarchy/temp_data/dealer_code=AAAA/temp_data_from_string.csv
15/09/06 13:13:54 WARN mapreduce.Counters: Counter name MAP_INPUT_BYTES is deprecated. Use FileInputFormatCounters as group name and  BYTES_READ as counter name instead
15/09/06 13:13:54 INFO mapred.MapTask: numReduceTasks: 1
15/09/06 13:13:54 INFO mapred.MapTask: Map output collector class = org.apache.hadoop.mapred.MapTask$MapOutputBuffer
15/09/06 13:13:54 INFO mapred.MapTask: io.sort.mb = 100
15/09/06 13:13:54 INFO mapred.MapTask: data buffer = 79691776/99614720
15/09/06 13:13:54 INFO mapred.MapTask: record buffer = 262144/327680
15/09/06 13:13:54 INFO mr.ExecMapper: maximum memory = 3817865216
15/09/06 13:13:54 INFO mr.ExecMapper: conf classpath = [file:/Users/hpatel/.gradle/caches/2.1/workerMain/gradle-worker.jar, file:/Users/hpatel/Tech/Projects/CAT/ddsw_dev/hive-test/build/classes/test/, file:/Users/hpatel/Tech/Projects/CAT/ddsw_dev/hive-test/build/resources/test/, file:/Users/hpatel/Tech/Projects/CAT/ddsw_dev/hive-test/build/classes/main/, file:/Users/hpatel/Tech/Projects/CAT/ddsw_dev/hive-test/build/resources/main, file:/Users/hpatel/.gradle/caches/modules-2/files-2.1/junit/junit/4.11/4e031bb61df09069aeb2bffb4019e7a5034a4ee0/junit-4.11.jar, file:/Users/hpatel/.gradle/caches/modules-2/files-2.1/com.klarna/hiverunner/1.0.0/e26bb0655fff4d88fab91f331793d9fc1db392cc/HiveRunner-1.0.0.jar, file:/Users/hpatel/Tech/Projects/CAT/ddsw_dev/custom-cat-udfs/build/libs/custom-cat-udfs-0.1.38-SNAPSHOT.jar, file:/Users/hpatel/.gradle/caches/modules-2/files-2.1/org.apache.hadoop/hadoop-client/2.5.0-cdh5.3.3/ec3cd6a8cb043e73a42918934c5d3a3f2747c78b/hadoop-client-2.5.0-cdh5.3.3.jar, file:/Users/hpatel/.gradle/caches/modules-2/files-2.1/org.hsqldb/hsqldb/2.3.1/bd7153caa30958e1c64a3dd38b93e5a7442d9a0e/hsqldb-2.3.1.jar, file:/Users/hpatel/.gradle/caches/modules-2/files-2.1/org.apache.hadoop/hadoop-core/2.5.0-mr1-cdh5.3.3/f6f4a77f818757da51ae0244310855779c04c4be/hadoop-core-2.5.0-mr1-cdh5.3.3.jar, file:/Users/hpatel/.gradle/caches/modules-2/files-2.1/org.reflections/reflections/0.9.8/f723abb59bf512952bfc503838f70f81487a6993/reflections-0.9.8.jar, file:/Users/hpatel/.gradle/caches/modules-2/files-2.1/org.mockito/mockito-core/1.10.19/e8546f5bef4e061d8dd73895b4e8f40e3fe6effe/mockito-core-1.10.19.jar, file:/Users/hpatel/.gradle/caches/modules-2/files-2.1/org.hamcrest/hamcrest-core/1.3/42a25dc3219429f0e5d060061f71acb49bf010a0/hamcrest-core-1.3.jar, file:/Users/hpatel/.gradle/caches/modules-2/files-2.1/org.pentaho/pentaho-aggdesigner-algorithm/5.1.5-jhyde/c52379c645c6c85300e645dff7c72653bf85baa2/pentaho-aggdesigner-algorithm-5.1.5-jhyde.jar, file:/Users/hpatel/.gradle/caches/modules-2/files-2.1/org.apache.hive/hive-serde/0.13.1-cdh5.3.3/9cee47c844d726e9bcef6ab292e1319b7fbddaa3/hive-serde-0.13.1-cdh5.3.3.jar, file:/Users/hpatel/.gradle/caches/modules-2/files-2.1/org.apache.hadoop/hadoop-common/2.5.0-cdh5.3.3/f0862eb1dc33c1807ea29a248af75551e3c6836a/hadoop-common-2.5.0-cdh5.3.3.jar, file:/Users/hpatel/.gradle/caches/modules-2/files-2.1/org.apache.hive/hive-contrib/0.13.1-cdh5.3.3/bf89b429c9b173ac275dc0c1623f5c30e780ee98/hive-contrib-0.13.1-cdh5.3.3.jar, file:/Users/hpatel/.gradle/caches/modules-2/files-2.1/org.datanucleus/datanucleus-core/3.2.12/3212183bb5a2826cd5ff194b9a54619dd0bdf31f/datanucleus-core-3.2.12.jar, file:/Users/hpatel/.gradle/caches/modules-2/files-2.1/org.datanucleus/datanucleus-rdbms/3.2.11/5b053144c89fdff1505b853aa7f1e5ba7657da75/datanucleus-rdbms-3.2.11.jar, file:/Users/hpatel/.gradle/caches/modules-2/files-2.1/org.datanucleus/datanucleus-api-jdo/3.2.8/efc60221fbc91e95cf5758b98c6c5531660696cb/datanucleus-api-jdo-3.2.8.jar, file:/Users/hpatel/.gradle/caches/modules-2/files-2.1/org.apache.hive/hive-shims/0.13.1-cdh5.3.3/47b029532c0b9d45526dcdd858823e6f9634ab81/hive-shims-0.13.1-cdh5.3.3.jar, file:/Users/hpatel/.gradle/caches/modules-2/files-2.1/org.apache.commons/commons-lang3/3.3.1/6738a2da2202ce360f0af90aba005c1e05a2c4cd/commons-lang3-3.3.1.jar, file:/Users/hpatel/.gradle/caches/modules-2/files-2.1/joda-time/joda-time/2.3/56498efd17752898cfcc3868c1b6211a07b12b8f/joda-time-2.3.jar, file:/Users/hpatel/.gradle/caches/modules-2/files-2.1/org.apache.hadoop/hadoop-hdfs/2.5.0-cdh5.3.3/5dd5e2be13d89a9eaab89d3a33bcdf6677671aa9/hadoop-hdfs-2.5.0-cdh5.3.3.jar, file:/Users/hpatel/.gradle/caches/modules-2/files-2.1/org.apache.hadoop/hadoop-mapreduce-client-app/2.5.0-cdh5.3.3/579948f8fa6d9d72bf507bd021fa3dcc0670e95f/hadoop-mapreduce-client-app-2.5.0-cdh5.3.3.jar, file:/Users/hpatel/.gradle/caches/modules-2/files-2.1/org.apache.hadoop/hadoop-yarn-api/2.5.0-cdh5.3.3/a6d9b4b7cbcacd000350a3e33c70269101b5fc79/hadoop-yarn-api-2.5.0-cdh5.3.3.jar, file:/Users/hpatel/.gradle/caches/modules-2/files-2.1/org.apache.hadoop/hadoop-mapreduce-client-core/2.5.0-cdh5.3.3/f2c8eaa2b8a5839a7781f04cf59c4d1abfefec9e/hadoop-mapreduce-client-core-2.5.0-cdh5.3.3.jar, file:/Users/hpatel/.gradle/caches/modules-2/files-2.1/org.apache.hadoop/hadoop-mapreduce-client-jobclient/2.5.0-cdh5.3.3/f8baecab9a91245a97e29e4867a7f5ae128ef8a9/hadoop-mapreduce-client-jobclient-2.5.0-cdh5.3.3.jar, file:/Users/hpatel/.gradle/caches/modules-2/files-2.1/org.apache.hadoop/hadoop-aws/2.5.0-cdh5.3.3/f712d9cf59c859914254bed5c87ee4e5a2204e78/hadoop-aws-2.5.0-cdh5.3.3.jar, file:/Users/hpatel/.gradle/caches/modules-2/files-2.1/org.apache.hadoop/hadoop-annotations/2.5.0-cdh5.3.3/e3b40743127d82ff7a6f263d00419368a46ce608/hadoop-annotations-2.5.0-cdh5.3.3.jar, file:/Users/hpatel/.gradle/caches/modules-2/files-2.1/commons-collections/commons-collections/3.2.1/761ea405b9b37ced573d2df0d1e3a4e0f9edc668/commons-collections-3.2.1.jar, file:/Users/hpatel/.gradle/caches/modules-2/files-2.1/commons-configuration/commons-configuration/1.6/32cadde23955d7681b0d94a2715846d20b425235/commons-configuration-1.6.jar, file:/Users/hpatel/.gradle/caches/modules-2/files-2.1/jline/jline/0.9.94/99a18e9a44834afdebc467294e1138364c207402/jline-0.9.94.jar, file:/Users/hpatel/.gradle/caches/modules-2/files-2.1/commons-cli/commons-cli/1.2/2bf96b7aa8b611c177d329452af1dc933e14501c/commons-cli-1.2.jar, file:/Users/hpatel/.gradle/caches/modules-2/files-2.1/xmlenc/xmlenc/0.52/d82554efbe65906d83b3d97bd7509289e9db561a/xmlenc-0.52.jar, file:/Users/hpatel/.gradle/caches/modules-2/files-2.1/commons-httpclient/commons-httpclient/3.1/964cd74171f427720480efdec40a7c7f6e58426a/commons-httpclient-3.1.jar, file:/Users/hpatel/.gradle/caches/modules-2/files-2.1/commons-net/commons-net/3.1/2298164a7c2484406f2aa5ac85b205d39019896f/commons-net-3.1.jar, file:/Users/hpatel/.gradle/caches/modules-2/files-2.1/tomcat/jasper-runtime/5.5.23/96ca5528a93ab47b001476b74320c644beb89dde/jasper-runtime-5.5.23.jar, file:/Users/hpatel/.gradle/caches/modules-2/files-2.1/tomcat/jasper-compiler/5.5.23/6d35bd7fb8c4fbc1f5401fb3678aa976d2e4c241/jasper-compiler-5.5.23.jar, file:/Users/hpatel/.gradle/caches/modules-2/files-2.1/javax.servlet.jsp/jsp-api/2.1/63f943103f250ef1f3a4d5e94d145a0f961f5316/jsp-api-2.1.jar, file:/Users/hpatel/.gradle/caches/modules-2/files-2.1/commons-el/commons-el/1.0/1df2c042b3f2de0124750241ac6c886dbfa2cc2c/commons-el-1.0.jar, file:/Users/hpatel/.gradle/caches/modules-2/files-2.1/javax.servlet/servlet-api/2.5/5959582d97d8b61f4d154ca9e495aafd16726e34/servlet-api-2.5.jar, file:/Users/hpatel/.gradle/caches/modules-2/files-2.1/hsqldb/hsqldb/1.8.0.10/7e9978fdb754bce5fcd5161133e7734ecb683036/hsqldb-1.8.0.10.jar, file:/Users/hpatel/.gradle/caches/modules-2/files-2.1/org.eclipse.jdt/core/3.1.1/88c83ce444cf46d02494da37c9fa1eebc9ce9cea/core-3.1.1.jar, file:/Users/hpatel/.gradle/caches/modules-2/files-2.1/javassist/javassist/3.12.1.GA/526633327faa61aee448a519e8a4d53ec3057885/javassist-3.12.1.GA.jar, file:/Users/hpatel/.gradle/caches/modules-2/files-2.1/dom4j/dom4j/1.6.1/5d3ccc056b6f056dbf0dddfdf43894b9065a8f94/dom4j-1.6.1.jar, file:/Users/hpatel/.gradle/caches/modules-2/files-2.1/org.objenesis/objenesis/2.1/87c0ea803b69252868d09308b4618f766f135a96/objenesis-2.1.jar, file:/Users/hpatel/.gradle/caches/modules-2/files-2.1/commons-logging/commons-logging/1.1.3/f6f66e966c70a83ffbdb6f17a0919eaf7c8aca7f/commons-logging-1.1.3.jar, file:/Users/hpatel/.gradle/caches/modules-2/files-2.1/org.apache.hive/hive-common/0.13.1-cdh5.3.3/e3fbf24d30a553c50ae4d4eed23f81b0e1211c5a/hive-common-0.13.1-cdh5.3.3.jar, file:/Users/hpatel/.gradle/caches/modules-2/files-2.1/org.apache.avro/avro/1.7.6-cdh5.3.3/6d90271293977d199ed07002bf35e2805405cc64/avro-1.7.6-cdh5.3.3.jar, file:/Users/hpatel/.gradle/caches/modules-2/files-2.1/net.sf.opencsv/opencsv/2.3/c23708cdb9e80a144db433e23344a788a1fd6599/opencsv-2.3.jar, file:/Users/hpatel/.gradle/caches/modules-2/files-2.1/com.sun.jersey/jersey-servlet/1.14/4b87041a59ee152757b62e47a21d5b63fde20ffe/jersey-servlet-1.14.jar, file:/Users/hpatel/.gradle/caches/modules-2/files-2.1/org.slf4j/slf4j-log4j12/1.7.5/6edffc576ce104ec769d954618764f39f0f0f10d/slf4j-log4j12-1.7.5.jar, file:/Users/hpatel/.gradle/caches/modules-2/files-2.1/org.apache.commons/commons-math3/3.1.1/6719d757a98ff24a83d9d727bef9cec83f59b6e1/commons-math3-3.1.1.jar, file:/Users/hpatel/.gradle/caches/modules-2/files-2.1/commons-io/commons-io/2.4/b1b6ea3b7e4aa4f492509a4952029cd8e48019ad/commons-io-2.4.jar, file:/Users/hpatel/.gradle/caches/modules-2/files-2.1/com.sun.jersey/jersey-json/1.9/1aa73e1896bcc7013fed247157d7f676226eb432/jersey-json-1.9.jar, file:/Users/hpatel/.gradle/caches/modules-2/files-2.1/log4j/log4j/1.2.17/5af35056b4d257e4b64b9e8069c0746e8b08629f/log4j-1.2.17.jar, file:/Users/hpatel/.gradle/caches/modules-2/files-2.1/com.google.code.gson/gson/2.2.4/a60a5e993c98c864010053cb901b7eab25306568/gson-2.2.4.jar, file:/Users/hpatel/.gradle/caches/modules-2/files-2.1/org.apache.hadoop/hadoop-auth/2.5.0-cdh5.3.3/847eb288da72acfdd7d202da5149dec6cd20ceba/hadoop-auth-2.5.0-cdh5.3.3.jar, file:/Users/hpatel/.gradle/caches/modules-2/files-2.1/com.jcraft/jsch/0.1.42/a86104b0f2e0c0bab5b0df836065823a99b5e334/jsch-0.1.42.jar, file:/Users/hpatel/.gradle/caches/modules-2/files-2.1/org.apache.curator/curator-client/2.6.0/b9007c357ad1a78066fc6004e8b1feaa2318f6f3/curator-client-2.6.0.jar, file:/Users/hpatel/.gradle/caches/modules-2/files-2.1/org.apache.curator/curator-recipes/2.6.0/8736b0fc42e6bf006d585fe85c90aaa4ade5cbef/curator-recipes-2.6.0.jar, file:/Users/hpatel/.gradle/caches/modules-2/files-2.1/com.google.code.findbugs/jsr305/1.3.9/40719ea6961c0cb6afaeb6a921eaa1f6afd4cfdf/jsr305-1.3.9.jar, file:/Users/hpatel/.gradle/caches/modules-2/files-2.1/org.apache.commons/commons-compress/1.4.1/b02e84a993d88568417536240e970c4b809126fd/commons-compress-1.4.1.jar, file:/Users/hpatel/.gradle/caches/modules-2/files-2.1/org.apache.hive.shims/hive-shims-common/0.13.1-cdh5.3.3/3d9e5245018fbde18f52c4ab25fc35afdec2fc0a/hive-shims-common-0.13.1-cdh5.3.3.jar, file:/Users/hpatel/.gradle/caches/modules-2/files-2.1/org.apache.hive.shims/hive-shims-common-secure/0.13.1-cdh5.3.3/6b29a16b2a41b89bdbbc681c257ad7f766a90bcb/hive-shims-common-secure-0.13.1-cdh5.3.3.jar, file:/Users/hpatel/.gradle/caches/modules-2/files-2.1/org.apache.hive.shims/hive-shims-0.23/0.13.1-cdh5.3.3/7ab834955a767af200d1d9151c204751637d9ca9/hive-shims-0.23-0.13.1-cdh5.3.3.jar, file:/Users/hpatel/.gradle/caches/modules-2/files-2.1/org.apache.hive.shims/hive-shims-scheduler/0.13.1-cdh5.3.3/b6644420b74f936a838f7f3fd2fa19c19add0449/hive-shims-scheduler-0.13.1-cdh5.3.3.jar, file:/Users/hpatel/.gradle/caches/modules-2/files-2.1/org.apache.hadoop/hadoop-mapreduce-client-common/2.5.0-cdh5.3.3/f0d777bb76ca9f540c0c81a45934f0f5cf9975b8/hadoop-mapreduce-client-common-2.5.0-cdh5.3.3.jar, file:/Users/hpatel/.gradle/caches/modules-2/files-2.1/org.apache.hadoop/hadoop-mapreduce-client-shuffle/2.5.0-cdh5.3.3/b6c4316f6fcc406edf7e5bd77c50e46034ad5519/hadoop-mapreduce-client-shuffle-2.5.0-cdh5.3.3.jar, file:/Users/hpatel/.gradle/caches/modules-2/files-2.1/org.apache.hadoop/hadoop-yarn-common/2.5.0-cdh5.3.3/9499713b674eae1aa714fcd0e95e0d09daaf3824/hadoop-yarn-common-2.5.0-cdh5.3.3.jar, file:/Users/hpatel/.gradle/caches/modules-2/files-2.1/com.fasterxml.jackson.core/jackson-databind/2.2.3/3ae380888029daefb91d3ecdca3a37d8cb92bc9/jackson-databind-2.2.3.jar, file:/Users/hpatel/.gradle/caches/modules-2/files-2.1/com.fasterxml.jackson.core/jackson-annotations/2.2.3/527fece4f23a457070a36c371a26d6c0208e1c3/jackson-annotations-2.2.3.jar, file:/Users/hpatel/.gradle/caches/modules-2/files-2.1/com.amazonaws/aws-java-sdk/1.7.4/2c24ccb6f1ab845a7df971951d4b41c709a6517d/aws-java-sdk-1.7.4.jar, file:/Users/hpatel/.gradle/caches/modules-2/files-2.1/commons-digester/commons-digester/1.8/dc6a73fdbd1fa3f0944e8497c6c872fa21dca37e/commons-digester-1.8.jar, file:/Users/hpatel/.gradle/caches/modules-2/files-2.1/commons-beanutils/commons-beanutils-core/1.8.0/175dc721f87e4bc5cc0573f990e28c3cf9117508/commons-beanutils-core-1.8.0.jar, file:/Users/hpatel/.gradle/caches/modules-2/files-2.1/xml-apis/xml-apis/1.0.b2/3136ca936f64c9d68529f048c2618bd356bf85c9/xml-apis-1.0.b2.jar, file:/Users/hpatel/.gradle/caches/modules-2/files-2.1/com.thoughtworks.paranamer/paranamer/2.3/4a85963a752c0a2f715c3924bfc686865e7e1bc6/paranamer-2.3.jar, file:/Users/hpatel/.gradle/caches/modules-2/files-2.1/org.xerial.snappy/snappy-java/1.0.5/10cb4550360a0ec6b80f09a5209d00b6058e82bf/snappy-java-1.0.5.jar, file:/Users/hpatel/.gradle/caches/modules-2/files-2.1/org.codehaus.jettison/jettison/1.1/1a01a2a1218fcf9faa2cc2a6ced025bdea687262/jettison-1.1.jar, file:/Users/hpatel/.gradle/caches/modules-2/files-2.1/com.sun.xml.bind/jaxb-impl/2.2.3-1/56baae106392040a45a06d4a41099173425da1e6/jaxb-impl-2.2.3-1.jar, file:/Users/hpatel/.gradle/caches/modules-2/files-2.1/org.apache.directory.server/apacheds-kerberos-codec/2.0.0-M15/1c16e4e477183641c5f0dd5cdecd27ec331bacb5/apacheds-kerberos-codec-2.0.0-M15.jar, file:/Users/hpatel/.gradle/caches/modules-2/files-2.1/org.apache.curator/curator-framework/2.6.0/81a699c39d127b5b4ff97cc77da7650b53e5b5ed/curator-framework-2.6.0.jar, file:/Users/hpatel/.gradle/caches/modules-2/files-2.1/org.tukaani/xz/1.0/ecff5cb8b1189514c9d1d8d68eb77ac372e000c9/xz-1.0.jar, file:/Users/hpatel/.gradle/caches/modules-2/files-2.1/org.apache.hadoop/hadoop-yarn-client/2.5.0-cdh5.3.3/2d2ce5d0138d02b20aefcfc1ee8dd6f691911f63/hadoop-yarn-client-2.5.0-cdh5.3.3.jar, file:/Users/hpatel/.gradle/caches/modules-2/files-2.1/org.apache.hadoop/hadoop-yarn-server-common/2.5.0-cdh5.3.3/d099fcc19f56d477fa6b5b47ae4e06bb97538778/hadoop-yarn-server-common-2.5.0-cdh5.3.3.jar, file:/Users/hpatel/.gradle/caches/modules-2/files-2.1/org.apache.hadoop/hadoop-yarn-server-nodemanager/2.5.0-cdh5.3.3/278b2d7a6454ce57a94ab02a88c0b188afc8facc/hadoop-yarn-server-nodemanager-2.5.0-cdh5.3.3.jar, file:/Users/hpatel/.gradle/caches/modules-2/files-2.1/org.fusesource.leveldbjni/leveldbjni-all/1.8/707350a2eeb1fa2ed77a32ddb3893ed308e941db/leveldbjni-all-1.8.jar, file:/Users/hpatel/.gradle/caches/modules-2/files-2.1/javax.xml.bind/jaxb-api/2.2.2/aeb3021ca93dde265796d82015beecdcff95bf09/jaxb-api-2.2.2.jar, file:/Users/hpatel/.gradle/caches/modules-2/files-2.1/com.google.inject/guice/3.0/9d84f15fe35e2c716a02979fb62f50a29f38aefa/guice-3.0.jar, file:/Users/hpatel/.gradle/caches/modules-2/files-2.1/com.sun.jersey.contribs/jersey-guice/1.9/5963c28c47df7e5d6ad34cec80c071c368777f7b/jersey-guice-1.9.jar, file:/Users/hpatel/.gradle/caches/modules-2/files-2.1/com.fasterxml.jackson.core/jackson-core/2.2.3/1a0113da2cab5f4c216b4e5e7c1dbfaa67087e14/jackson-core-2.2.3.jar, file:/Users/hpatel/.gradle/caches/modules-2/files-2.1/commons-beanutils/commons-beanutils/1.7.0/5675fd96b29656504b86029551973d60fb41339b/commons-beanutils-1.7.0.jar, file:/Users/hpatel/.gradle/caches/modules-2/files-2.1/org.apache.directory.server/apacheds-i18n/2.0.0-M15/71c61c84683152ec2a6a65f3f96fe534e304fa22/apacheds-i18n-2.0.0-M15.jar, file:/Users/hpatel/.gradle/caches/modules-2/files-2.1/org.apache.directory.api/api-asn1-api/1.0.0-M20/5e6486ffa3125ba44dc410ead166e1d6ba8ac76d/api-asn1-api-1.0.0-M20.jar, file:/Users/hpatel/.gradle/caches/modules-2/files-2.1/org.apache.directory.api/api-util/1.0.0-M20/a871abf060b3cf83fc6dc4d7e3d151fce50ac3cb/api-util-1.0.0-M20.jar, file:/Users/hpatel/.gradle/caches/modules-2/files-2.1/com.sun.jersey/jersey-client/1.9/d3c4b2b5f89db32c96ceddcb863684821910a7bb/jersey-client-1.9.jar, file:/Users/hpatel/.gradle/caches/modules-2/files-2.1/javax.xml.stream/stax-api/1.0-2/d6337b0de8b25e53e81b922352fbea9f9f57ba0b/stax-api-1.0-2.jar, file:/Users/hpatel/.gradle/caches/modules-2/files-2.1/javax.activation/activation/1.1/e6cb541461c2834bdea3eb920f1884d1eb508b50/activation-1.1.jar, file:/Users/hpatel/.gradle/caches/modules-2/files-2.1/javax.inject/javax.inject/1/6975da39a7040257bd51d21a231b76c915872d38/javax.inject-1.jar, file:/Users/hpatel/.gradle/caches/modules-2/files-2.1/aopalliance/aopalliance/1.0/235ba8b489512805ac13a8f9ea77a1ca5ebe3e8/aopalliance-1.0.jar, file:/Users/hpatel/.gradle/caches/modules-2/files-2.1/org.sonatype.sisu.inject/cglib/2.2.1-v20090111/7ce5e983fd0e6c78346f4c9cbfa39d83049dda2/cglib-2.2.1-v20090111.jar, file:/Users/hpatel/.gradle/caches/modules-2/files-2.1/asm/asm/3.1/c157def142714c544bdea2e6144645702adf7097/asm-3.1.jar, file:/Users/hpatel/.gradle/caches/modules-2/files-2.1/org.apache.hive/hive-service/0.13.1-cdh5.3.3/c7979b4213bfb62823d43ba726e0fea58032dd1e/hive-service-0.13.1-cdh5.3.3.jar, file:/Users/hpatel/.gradle/caches/modules-2/files-2.1/net.sf.jpam/jpam/1.1/cb3d91c2dfda767518a371dbb02edfd6a4aa0600/jpam-1.1.jar, file:/Users/hpatel/.gradle/caches/modules-2/files-2.1/org.eclipse.jetty.aggregate/jetty-all/7.6.0.v20120127/47bb68e3837e5c6422138dd1e0d4d75c60dce87a/jetty-all-7.6.0.v20120127.jar, file:/Users/hpatel/.gradle/caches/modules-2/files-2.1/org.apache.thrift/libfb303/0.9.0/639bd69767fdbd7f658ce8233248fe1cea635164/libfb303-0.9.0.jar, file:/Users/hpatel/.gradle/caches/modules-2/files-2.1/org.apache.geronimo.specs/geronimo-jta_1.1_spec/1.1.1/aabab3165b8ea936b9360abbf448459c0d04a5a4/geronimo-jta_1.1_spec-1.1.1.jar, file:/Users/hpatel/.gradle/caches/modules-2/files-2.1/javax.mail/mail/1.4.1/8b7bc69010655425dabf091b51d1e90b4de36715/mail-1.4.1.jar, file:/Users/hpatel/.gradle/caches/modules-2/files-2.1/org.apache.geronimo.specs/geronimo-jaspic_1.0_spec/1.0/44b95be7dae1147716dce5336419eafade880756/geronimo-jaspic_1.0_spec-1.0.jar, file:/Users/hpatel/.gradle/caches/modules-2/files-2.1/org.apache.geronimo.specs/geronimo-annotation_1.0_spec/1.1.1/47caa799389f69d297b86bf90523d431599c3796/geronimo-annotation_1.0_spec-1.1.1.jar, file:/Users/hpatel/.gradle/caches/modules-2/files-2.1/asm/asm-commons/3.1/1b607fbfe7889c6fdff1b7c16439ade0a60869ac/asm-commons-3.1.jar, file:/Users/hpatel/.gradle/caches/modules-2/files-2.1/asm/asm-tree/3.1/c9a5d4334ddf194ea492f22107d45119a5c5322f/asm-tree-3.1.jar, file:/Users/hpatel/.gradle/caches/modules-2/files-2.1/commons-lang/commons-lang/2.6/ce1edb914c94ebc388f086c6827e8bdeec71ac2/commons-lang-2.6.jar, file:/Users/hpatel/.gradle/caches/modules-2/files-2.1/org.mortbay.jetty/jetty/6.1.26.cloudera.4/d59325a5ff8ff18f7543bc3fbb9d5efa0c0ff521/jetty-6.1.26.cloudera.4.jar, file:/Users/hpatel/.gradle/caches/modules-2/files-2.1/org.mortbay.jetty/jetty-util/6.1.26.cloudera.4/b8507b7c5d3fd9a3d01775272cbf1a63f530c19d/jetty-util-6.1.26.cloudera.4.jar, file:/Users/hpatel/.gradle/caches/modules-2/files-2.1/net.java.dev.jets3t/jets3t/0.9.0/792bc96ee7e57b89f472aa0cb5a31015b9f59c96/jets3t-0.9.0.jar, file:/Users/hpatel/.gradle/caches/modules-2/files-2.1/com.jamesmurty.utils/java-xmlbuilder/0.4/ac5962e48cdee3a0a6e1f8e00fcb594747ac5aaf/java-xmlbuilder-0.4.jar, file:/Users/hpatel/.gradle/caches/modules-2/files-2.1/com.google.protobuf/protobuf-java/2.5.0/a10732c76bfacdbd633a7eb0f7968b1059a65dfa/protobuf-java-2.5.0.jar, file:/Users/hpatel/.gradle/caches/modules-2/files-2.1/org.apache.hive/hive-exec/0.13.1-cdh5.3.3/4d935274127f47dd9c0875efcf317ba49aef1219/hive-exec-0.13.1-cdh5.3.3.jar, file:/Users/hpatel/.gradle/caches/modules-2/files-2.1/org.apache.hive/hive-ant/0.13.1-cdh5.3.3/86954e92a903253177cd6935798c50a6c32b7b81/hive-ant-0.13.1-cdh5.3.3.jar, file:/Users/hpatel/.gradle/caches/modules-2/files-2.1/org.antlr/antlr-runtime/3.4/8f011408269a8e42b8548687e137d8eeb56df4b4/antlr-runtime-3.4.jar, file:/Users/hpatel/.gradle/caches/modules-2/files-2.1/org.antlr/ST4/4.0.4/467a2aa12be6d0f0f68c70eecf6714ab733027ac/ST4-4.0.4.jar, file:/Users/hpatel/.gradle/caches/modules-2/files-2.1/org.apache.ant/ant/1.9.1/35900c96dbebc85dcfbd71f4661059ebcf93c077/ant-1.9.1.jar, file:/Users/hpatel/.gradle/caches/modules-2/files-2.1/org.codehaus.groovy/groovy-all/2.1.6/165b8246372a829c1915611646f6d964010656cf/groovy-all-2.1.6.jar, file:/Users/hpatel/.gradle/caches/modules-2/files-2.1/stax/stax-api/1.0.1/49c100caf72d658aca8e58bd74a4ba90fa2b0d70/stax-api-1.0.1.jar, file:/Users/hpatel/.gradle/caches/modules-2/files-2.1/org.apache.velocity/velocity/1.5/9f306baf7523ffc0e81a6353d08a584d254133b/velocity-1.5.jar, file:/Users/hpatel/.gradle/caches/modules-2/files-2.1/org.antlr/stringtemplate/3.2.1/59ec8083721eae215c6f3caee944c410d2be34de/stringtemplate-3.2.1.jar, file:/Users/hpatel/.gradle/caches/modules-2/files-2.1/antlr/antlr/2.7.7/83cd2cd674a217ade95a4bb83a8a14f351f48bd0/antlr-2.7.7.jar, file:/Users/hpatel/.gradle/caches/modules-2/files-2.1/org.apache.ant/ant-launcher/1.9.1/7c71043ca185eaada9e36391dd022d92859327de/ant-launcher-1.9.1.jar, file:/Users/hpatel/.gradle/caches/modules-2/files-2.1/oro/oro/2.0.8/5592374f834645c4ae250f4c9fbb314c9369d698/oro-2.0.8.jar, file:/Users/hpatel/.gradle/caches/modules-2/files-2.1/org.codehaus.jackson/jackson-core-asl/1.9.13/3c304d70f42f832e0a86d45bd437f692129299a4/jackson-core-asl-1.9.13.jar, file:/Users/hpatel/.gradle/caches/modules-2/files-2.1/org.codehaus.jackson/jackson-mapper-asl/1.9.13/1ee2f2bed0e5dd29d1cb155a166e6f8d50bbddb7/jackson-mapper-asl-1.9.13.jar, file:/Users/hpatel/.gradle/caches/modules-2/files-2.1/org.slf4j/slf4j-api/1.7.6/562424e36df3d2327e8e9301a76027fca17d54ea/slf4j-api-1.7.6.jar, file:/Users/hpatel/.gradle/caches/modules-2/files-2.1/com.sun.jersey/jersey-server/1.14/b1a21724c9b708ed54d42d41bb19ff45ae1d49d9/jersey-server-1.14.jar, file:/Users/hpatel/.gradle/caches/modules-2/files-2.1/org.apache.httpcomponents/httpclient/4.2.5/666e26e76f2e87d84e4f16acb546481ae1b8e9a6/httpclient-4.2.5.jar, file:/Users/hpatel/.gradle/caches/modules-2/files-2.1/org.apache.zookeeper/zookeeper/3.4.6/1b2502e29da1ebaade2357cd1de35a855fa3755/zookeeper-3.4.6.jar, file:/Users/hpatel/.gradle/caches/modules-2/files-2.1/com.google.guava/guava/16.0.1/5fa98cd1a63c99a44dd8d3b77e4762b066a5d0c5/guava-16.0.1.jar, file:/Users/hpatel/.gradle/caches/modules-2/files-2.1/org.codehaus.jackson/jackson-jaxrs/1.8.8/71b16055388e9bd3991c3c3834e8e55098b789f1/jackson-jaxrs-1.8.8.jar, file:/Users/hpatel/.gradle/caches/modules-2/files-2.1/org.codehaus.jackson/jackson-xc/1.8.8/52efa08bc1e4cfea168f552b9e3088297d9d0926/jackson-xc-1.8.8.jar, file:/Users/hpatel/.gradle/caches/modules-2/files-2.1/org.apache.hive/hive-metastore/0.13.1-cdh5.3.3/ca93686a17f064a5ab6587799721cddd7836e53a/hive-metastore-0.13.1-cdh5.3.3.jar, file:/Users/hpatel/.gradle/caches/modules-2/files-2.1/com.jolbox/bonecp/0.8.0.RELEASE/cec24ee9345b3678472bb1b8fdd6aa6b9428beb8/bonecp-0.8.0.RELEASE.jar, file:/Users/hpatel/.gradle/caches/modules-2/files-2.1/org.apache.derby/derby/10.10.1.1/9f6f910f0373adc1b23c10f9b4bb151b7e7449f/derby-10.10.1.1.jar, file:/Users/hpatel/.gradle/caches/modules-2/files-2.1/javax.jdo/jdo-api/3.0.1/58e7a538e020b73871e232eeb064835fd98a492/jdo-api-3.0.1.jar, file:/Users/hpatel/.gradle/caches/modules-2/files-2.1/javax.transaction/jta/1.1/2ca09f0b36ca7d71b762e14ea2ff09d5eac57558/jta-1.1.jar, file:/Users/hpatel/.gradle/caches/modules-2/files-2.1/org.apache.thrift/libthrift/0.9.0/9ba8df332b5db95ce7f3b7a83e44d796c3d014d3/libthrift-0.9.0.jar, file:/Users/hpatel/.gradle/caches/modules-2/files-2.1/org.apache.httpcomponents/httpcore/4.2.4/3b7f38df6de5dd8b500e602ae8c2dd5ee446f883/httpcore-4.2.4.jar, file:/Users/hpatel/.gradle/caches/modules-2/files-2.1/com.sun.jersey/jersey-core/1.14/693061de8b9b352b11e997b1dd4052677778852d/jersey-core-1.14.jar, file:/Users/hpatel/.gradle/caches/modules-2/files-2.1/commons-codec/commons-codec/1.6/b7f0fc8f61ecadeb3695f0b9464755eee44374d4/commons-codec-1.6.jar, file:/Users/hpatel/.gradle/caches/modules-2/files-2.1/io.netty/netty/3.7.0.Final/7a8c35599c68c0bf383df74469aa3e03d9aca87/netty-3.7.0.Final.jar]
15/09/06 13:13:54 INFO mr.ExecMapper: thread classpath = [file:/Users/hpatel/.gradle/caches/2.1/workerMain/gradle-worker.jar, file:/Users/hpatel/Tech/Projects/CAT/ddsw_dev/hive-test/build/classes/test/, file:/Users/hpatel/Tech/Projects/CAT/ddsw_dev/hive-test/build/resources/test/, file:/Users/hpatel/Tech/Projects/CAT/ddsw_dev/hive-test/build/classes/main/, file:/Users/hpatel/Tech/Projects/CAT/ddsw_dev/hive-test/build/resources/main, file:/Users/hpatel/.gradle/caches/modules-2/files-2.1/junit/junit/4.11/4e031bb61df09069aeb2bffb4019e7a5034a4ee0/junit-4.11.jar, file:/Users/hpatel/.gradle/caches/modules-2/files-2.1/com.klarna/hiverunner/1.0.0/e26bb0655fff4d88fab91f331793d9fc1db392cc/HiveRunner-1.0.0.jar, file:/Users/hpatel/Tech/Projects/CAT/ddsw_dev/custom-cat-udfs/build/libs/custom-cat-udfs-0.1.38-SNAPSHOT.jar, file:/Users/hpatel/.gradle/caches/modules-2/files-2.1/org.apache.hadoop/hadoop-client/2.5.0-cdh5.3.3/ec3cd6a8cb043e73a42918934c5d3a3f2747c78b/hadoop-client-2.5.0-cdh5.3.3.jar, file:/Users/hpatel/.gradle/caches/modules-2/files-2.1/org.hsqldb/hsqldb/2.3.1/bd7153caa30958e1c64a3dd38b93e5a7442d9a0e/hsqldb-2.3.1.jar, file:/Users/hpatel/.gradle/caches/modules-2/files-2.1/org.apache.hadoop/hadoop-core/2.5.0-mr1-cdh5.3.3/f6f4a77f818757da51ae0244310855779c04c4be/hadoop-core-2.5.0-mr1-cdh5.3.3.jar, file:/Users/hpatel/.gradle/caches/modules-2/files-2.1/org.reflections/reflections/0.9.8/f723abb59bf512952bfc503838f70f81487a6993/reflections-0.9.8.jar, file:/Users/hpatel/.gradle/caches/modules-2/files-2.1/org.mockito/mockito-core/1.10.19/e8546f5bef4e061d8dd73895b4e8f40e3fe6effe/mockito-core-1.10.19.jar, file:/Users/hpatel/.gradle/caches/modules-2/files-2.1/org.hamcrest/hamcrest-core/1.3/42a25dc3219429f0e5d060061f71acb49bf010a0/hamcrest-core-1.3.jar, file:/Users/hpatel/.gradle/caches/modules-2/files-2.1/org.pentaho/pentaho-aggdesigner-algorithm/5.1.5-jhyde/c52379c645c6c85300e645dff7c72653bf85baa2/pentaho-aggdesigner-algorithm-5.1.5-jhyde.jar, file:/Users/hpatel/.gradle/caches/modules-2/files-2.1/org.apache.hive/hive-serde/0.13.1-cdh5.3.3/9cee47c844d726e9bcef6ab292e1319b7fbddaa3/hive-serde-0.13.1-cdh5.3.3.jar, file:/Users/hpatel/.gradle/caches/modules-2/files-2.1/org.apache.hadoop/hadoop-common/2.5.0-cdh5.3.3/f0862eb1dc33c1807ea29a248af75551e3c6836a/hadoop-common-2.5.0-cdh5.3.3.jar, file:/Users/hpatel/.gradle/caches/modules-2/files-2.1/org.apache.hive/hive-contrib/0.13.1-cdh5.3.3/bf89b429c9b173ac275dc0c1623f5c30e780ee98/hive-contrib-0.13.1-cdh5.3.3.jar, file:/Users/hpatel/.gradle/caches/modules-2/files-2.1/org.datanucleus/datanucleus-core/3.2.12/3212183bb5a2826cd5ff194b9a54619dd0bdf31f/datanucleus-core-3.2.12.jar, file:/Users/hpatel/.gradle/caches/modules-2/files-2.1/org.datanucleus/datanucleus-rdbms/3.2.11/5b053144c89fdff1505b853aa7f1e5ba7657da75/datanucleus-rdbms-3.2.11.jar, file:/Users/hpatel/.gradle/caches/modules-2/files-2.1/org.datanucleus/datanucleus-api-jdo/3.2.8/efc60221fbc91e95cf5758b98c6c5531660696cb/datanucleus-api-jdo-3.2.8.jar, file:/Users/hpatel/.gradle/caches/modules-2/files-2.1/org.apache.hive/hive-shims/0.13.1-cdh5.3.3/47b029532c0b9d45526dcdd858823e6f9634ab81/hive-shims-0.13.1-cdh5.3.3.jar, file:/Users/hpatel/.gradle/caches/modules-2/files-2.1/org.apache.commons/commons-lang3/3.3.1/6738a2da2202ce360f0af90aba005c1e05a2c4cd/commons-lang3-3.3.1.jar, file:/Users/hpatel/.gradle/caches/modules-2/files-2.1/joda-time/joda-time/2.3/56498efd17752898cfcc3868c1b6211a07b12b8f/joda-time-2.3.jar, file:/Users/hpatel/.gradle/caches/modules-2/files-2.1/org.apache.hadoop/hadoop-hdfs/2.5.0-cdh5.3.3/5dd5e2be13d89a9eaab89d3a33bcdf6677671aa9/hadoop-hdfs-2.5.0-cdh5.3.3.jar, file:/Users/hpatel/.gradle/caches/modules-2/files-2.1/org.apache.hadoop/hadoop-mapreduce-client-app/2.5.0-cdh5.3.3/579948f8fa6d9d72bf507bd021fa3dcc0670e95f/hadoop-mapreduce-client-app-2.5.0-cdh5.3.3.jar, file:/Users/hpatel/.gradle/caches/modules-2/files-2.1/org.apache.hadoop/hadoop-yarn-api/2.5.0-cdh5.3.3/a6d9b4b7cbcacd000350a3e33c70269101b5fc79/hadoop-yarn-api-2.5.0-cdh5.3.3.jar, file:/Users/hpatel/.gradle/caches/modules-2/files-2.1/org.apache.hadoop/hadoop-mapreduce-client-core/2.5.0-cdh5.3.3/f2c8eaa2b8a5839a7781f04cf59c4d1abfefec9e/hadoop-mapreduce-client-core-2.5.0-cdh5.3.3.jar, file:/Users/hpatel/.gradle/caches/modules-2/files-2.1/org.apache.hadoop/hadoop-mapreduce-client-jobclient/2.5.0-cdh5.3.3/f8baecab9a91245a97e29e4867a7f5ae128ef8a9/hadoop-mapreduce-client-jobclient-2.5.0-cdh5.3.3.jar, file:/Users/hpatel/.gradle/caches/modules-2/files-2.1/org.apache.hadoop/hadoop-aws/2.5.0-cdh5.3.3/f712d9cf59c859914254bed5c87ee4e5a2204e78/hadoop-aws-2.5.0-cdh5.3.3.jar, file:/Users/hpatel/.gradle/caches/modules-2/files-2.1/org.apache.hadoop/hadoop-annotations/2.5.0-cdh5.3.3/e3b40743127d82ff7a6f263d00419368a46ce608/hadoop-annotations-2.5.0-cdh5.3.3.jar, file:/Users/hpatel/.gradle/caches/modules-2/files-2.1/commons-collections/commons-collections/3.2.1/761ea405b9b37ced573d2df0d1e3a4e0f9edc668/commons-collections-3.2.1.jar, file:/Users/hpatel/.gradle/caches/modules-2/files-2.1/commons-configuration/commons-configuration/1.6/32cadde23955d7681b0d94a2715846d20b425235/commons-configuration-1.6.jar, file:/Users/hpatel/.gradle/caches/modules-2/files-2.1/jline/jline/0.9.94/99a18e9a44834afdebc467294e1138364c207402/jline-0.9.94.jar, file:/Users/hpatel/.gradle/caches/modules-2/files-2.1/commons-cli/commons-cli/1.2/2bf96b7aa8b611c177d329452af1dc933e14501c/commons-cli-1.2.jar, file:/Users/hpatel/.gradle/caches/modules-2/files-2.1/xmlenc/xmlenc/0.52/d82554efbe65906d83b3d97bd7509289e9db561a/xmlenc-0.52.jar, file:/Users/hpatel/.gradle/caches/modules-2/files-2.1/commons-httpclient/commons-httpclient/3.1/964cd74171f427720480efdec40a7c7f6e58426a/commons-httpclient-3.1.jar, file:/Users/hpatel/.gradle/caches/modules-2/files-2.1/commons-net/commons-net/3.1/2298164a7c2484406f2aa5ac85b205d39019896f/commons-net-3.1.jar, file:/Users/hpatel/.gradle/caches/modules-2/files-2.1/tomcat/jasper-runtime/5.5.23/96ca5528a93ab47b001476b74320c644beb89dde/jasper-runtime-5.5.23.jar, file:/Users/hpatel/.gradle/caches/modules-2/files-2.1/tomcat/jasper-compiler/5.5.23/6d35bd7fb8c4fbc1f5401fb3678aa976d2e4c241/jasper-compiler-5.5.23.jar, file:/Users/hpatel/.gradle/caches/modules-2/files-2.1/javax.servlet.jsp/jsp-api/2.1/63f943103f250ef1f3a4d5e94d145a0f961f5316/jsp-api-2.1.jar, file:/Users/hpatel/.gradle/caches/modules-2/files-2.1/commons-el/commons-el/1.0/1df2c042b3f2de0124750241ac6c886dbfa2cc2c/commons-el-1.0.jar, file:/Users/hpatel/.gradle/caches/modules-2/files-2.1/javax.servlet/servlet-api/2.5/5959582d97d8b61f4d154ca9e495aafd16726e34/servlet-api-2.5.jar, file:/Users/hpatel/.gradle/caches/modules-2/files-2.1/hsqldb/hsqldb/1.8.0.10/7e9978fdb754bce5fcd5161133e7734ecb683036/hsqldb-1.8.0.10.jar, file:/Users/hpatel/.gradle/caches/modules-2/files-2.1/org.eclipse.jdt/core/3.1.1/88c83ce444cf46d02494da37c9fa1eebc9ce9cea/core-3.1.1.jar, file:/Users/hpatel/.gradle/caches/modules-2/files-2.1/javassist/javassist/3.12.1.GA/526633327faa61aee448a519e8a4d53ec3057885/javassist-3.12.1.GA.jar, file:/Users/hpatel/.gradle/caches/modules-2/files-2.1/dom4j/dom4j/1.6.1/5d3ccc056b6f056dbf0dddfdf43894b9065a8f94/dom4j-1.6.1.jar, file:/Users/hpatel/.gradle/caches/modules-2/files-2.1/org.objenesis/objenesis/2.1/87c0ea803b69252868d09308b4618f766f135a96/objenesis-2.1.jar, file:/Users/hpatel/.gradle/caches/modules-2/files-2.1/commons-logging/commons-logging/1.1.3/f6f66e966c70a83ffbdb6f17a0919eaf7c8aca7f/commons-logging-1.1.3.jar, file:/Users/hpatel/.gradle/caches/modules-2/files-2.1/org.apache.hive/hive-common/0.13.1-cdh5.3.3/e3fbf24d30a553c50ae4d4eed23f81b0e1211c5a/hive-common-0.13.1-cdh5.3.3.jar, file:/Users/hpatel/.gradle/caches/modules-2/files-2.1/org.apache.avro/avro/1.7.6-cdh5.3.3/6d90271293977d199ed07002bf35e2805405cc64/avro-1.7.6-cdh5.3.3.jar, file:/Users/hpatel/.gradle/caches/modules-2/files-2.1/net.sf.opencsv/opencsv/2.3/c23708cdb9e80a144db433e23344a788a1fd6599/opencsv-2.3.jar, file:/Users/hpatel/.gradle/caches/modules-2/files-2.1/com.sun.jersey/jersey-servlet/1.14/4b87041a59ee152757b62e47a21d5b63fde20ffe/jersey-servlet-1.14.jar, file:/Users/hpatel/.gradle/caches/modules-2/files-2.1/org.slf4j/slf4j-log4j12/1.7.5/6edffc576ce104ec769d954618764f39f0f0f10d/slf4j-log4j12-1.7.5.jar, file:/Users/hpatel/.gradle/caches/modules-2/files-2.1/org.apache.commons/commons-math3/3.1.1/6719d757a98ff24a83d9d727bef9cec83f59b6e1/commons-math3-3.1.1.jar, file:/Users/hpatel/.gradle/caches/modules-2/files-2.1/commons-io/commons-io/2.4/b1b6ea3b7e4aa4f492509a4952029cd8e48019ad/commons-io-2.4.jar, file:/Users/hpatel/.gradle/caches/modules-2/files-2.1/com.sun.jersey/jersey-json/1.9/1aa73e1896bcc7013fed247157d7f676226eb432/jersey-json-1.9.jar, file:/Users/hpatel/.gradle/caches/modules-2/files-2.1/log4j/log4j/1.2.17/5af35056b4d257e4b64b9e8069c0746e8b08629f/log4j-1.2.17.jar, file:/Users/hpatel/.gradle/caches/modules-2/files-2.1/com.google.code.gson/gson/2.2.4/a60a5e993c98c864010053cb901b7eab25306568/gson-2.2.4.jar, file:/Users/hpatel/.gradle/caches/modules-2/files-2.1/org.apache.hadoop/hadoop-auth/2.5.0-cdh5.3.3/847eb288da72acfdd7d202da5149dec6cd20ceba/hadoop-auth-2.5.0-cdh5.3.3.jar, file:/Users/hpatel/.gradle/caches/modules-2/files-2.1/com.jcraft/jsch/0.1.42/a86104b0f2e0c0bab5b0df836065823a99b5e334/jsch-0.1.42.jar, file:/Users/hpatel/.gradle/caches/modules-2/files-2.1/org.apache.curator/curator-client/2.6.0/b9007c357ad1a78066fc6004e8b1feaa2318f6f3/curator-client-2.6.0.jar, file:/Users/hpatel/.gradle/caches/modules-2/files-2.1/org.apache.curator/curator-recipes/2.6.0/8736b0fc42e6bf006d585fe85c90aaa4ade5cbef/curator-recipes-2.6.0.jar, file:/Users/hpatel/.gradle/caches/modules-2/files-2.1/com.google.code.findbugs/jsr305/1.3.9/40719ea6961c0cb6afaeb6a921eaa1f6afd4cfdf/jsr305-1.3.9.jar, file:/Users/hpatel/.gradle/caches/modules-2/files-2.1/org.apache.commons/commons-compress/1.4.1/b02e84a993d88568417536240e970c4b809126fd/commons-compress-1.4.1.jar, file:/Users/hpatel/.gradle/caches/modules-2/files-2.1/org.apache.hive.shims/hive-shims-common/0.13.1-cdh5.3.3/3d9e5245018fbde18f52c4ab25fc35afdec2fc0a/hive-shims-common-0.13.1-cdh5.3.3.jar, file:/Users/hpatel/.gradle/caches/modules-2/files-2.1/org.apache.hive.shims/hive-shims-common-secure/0.13.1-cdh5.3.3/6b29a16b2a41b89bdbbc681c257ad7f766a90bcb/hive-shims-common-secure-0.13.1-cdh5.3.3.jar, file:/Users/hpatel/.gradle/caches/modules-2/files-2.1/org.apache.hive.shims/hive-shims-0.23/0.13.1-cdh5.3.3/7ab834955a767af200d1d9151c204751637d9ca9/hive-shims-0.23-0.13.1-cdh5.3.3.jar, file:/Users/hpatel/.gradle/caches/modules-2/files-2.1/org.apache.hive.shims/hive-shims-scheduler/0.13.1-cdh5.3.3/b6644420b74f936a838f7f3fd2fa19c19add0449/hive-shims-scheduler-0.13.1-cdh5.3.3.jar, file:/Users/hpatel/.gradle/caches/modules-2/files-2.1/org.apache.hadoop/hadoop-mapreduce-client-common/2.5.0-cdh5.3.3/f0d777bb76ca9f540c0c81a45934f0f5cf9975b8/hadoop-mapreduce-client-common-2.5.0-cdh5.3.3.jar, file:/Users/hpatel/.gradle/caches/modules-2/files-2.1/org.apache.hadoop/hadoop-mapreduce-client-shuffle/2.5.0-cdh5.3.3/b6c4316f6fcc406edf7e5bd77c50e46034ad5519/hadoop-mapreduce-client-shuffle-2.5.0-cdh5.3.3.jar, file:/Users/hpatel/.gradle/caches/modules-2/files-2.1/org.apache.hadoop/hadoop-yarn-common/2.5.0-cdh5.3.3/9499713b674eae1aa714fcd0e95e0d09daaf3824/hadoop-yarn-common-2.5.0-cdh5.3.3.jar, file:/Users/hpatel/.gradle/caches/modules-2/files-2.1/com.fasterxml.jackson.core/jackson-databind/2.2.3/3ae380888029daefb91d3ecdca3a37d8cb92bc9/jackson-databind-2.2.3.jar, file:/Users/hpatel/.gradle/caches/modules-2/files-2.1/com.fasterxml.jackson.core/jackson-annotations/2.2.3/527fece4f23a457070a36c371a26d6c0208e1c3/jackson-annotations-2.2.3.jar, file:/Users/hpatel/.gradle/caches/modules-2/files-2.1/com.amazonaws/aws-java-sdk/1.7.4/2c24ccb6f1ab845a7df971951d4b41c709a6517d/aws-java-sdk-1.7.4.jar, file:/Users/hpatel/.gradle/caches/modules-2/files-2.1/commons-digester/commons-digester/1.8/dc6a73fdbd1fa3f0944e8497c6c872fa21dca37e/commons-digester-1.8.jar, file:/Users/hpatel/.gradle/caches/modules-2/files-2.1/commons-beanutils/commons-beanutils-core/1.8.0/175dc721f87e4bc5cc0573f990e28c3cf9117508/commons-beanutils-core-1.8.0.jar, file:/Users/hpatel/.gradle/caches/modules-2/files-2.1/xml-apis/xml-apis/1.0.b2/3136ca936f64c9d68529f048c2618bd356bf85c9/xml-apis-1.0.b2.jar, file:/Users/hpatel/.gradle/caches/modules-2/files-2.1/com.thoughtworks.paranamer/paranamer/2.3/4a85963a752c0a2f715c3924bfc686865e7e1bc6/paranamer-2.3.jar, file:/Users/hpatel/.gradle/caches/modules-2/files-2.1/org.xerial.snappy/snappy-java/1.0.5/10cb4550360a0ec6b80f09a5209d00b6058e82bf/snappy-java-1.0.5.jar, file:/Users/hpatel/.gradle/caches/modules-2/files-2.1/org.codehaus.jettison/jettison/1.1/1a01a2a1218fcf9faa2cc2a6ced025bdea687262/jettison-1.1.jar, file:/Users/hpatel/.gradle/caches/modules-2/files-2.1/com.sun.xml.bind/jaxb-impl/2.2.3-1/56baae106392040a45a06d4a41099173425da1e6/jaxb-impl-2.2.3-1.jar, file:/Users/hpatel/.gradle/caches/modules-2/files-2.1/org.apache.directory.server/apacheds-kerberos-codec/2.0.0-M15/1c16e4e477183641c5f0dd5cdecd27ec331bacb5/apacheds-kerberos-codec-2.0.0-M15.jar, file:/Users/hpatel/.gradle/caches/modules-2/files-2.1/org.apache.curator/curator-framework/2.6.0/81a699c39d127b5b4ff97cc77da7650b53e5b5ed/curator-framework-2.6.0.jar, file:/Users/hpatel/.gradle/caches/modules-2/files-2.1/org.tukaani/xz/1.0/ecff5cb8b1189514c9d1d8d68eb77ac372e000c9/xz-1.0.jar, file:/Users/hpatel/.gradle/caches/modules-2/files-2.1/org.apache.hadoop/hadoop-yarn-client/2.5.0-cdh5.3.3/2d2ce5d0138d02b20aefcfc1ee8dd6f691911f63/hadoop-yarn-client-2.5.0-cdh5.3.3.jar, file:/Users/hpatel/.gradle/caches/modules-2/files-2.1/org.apache.hadoop/hadoop-yarn-server-common/2.5.0-cdh5.3.3/d099fcc19f56d477fa6b5b47ae4e06bb97538778/hadoop-yarn-server-common-2.5.0-cdh5.3.3.jar, file:/Users/hpatel/.gradle/caches/modules-2/files-2.1/org.apache.hadoop/hadoop-yarn-server-nodemanager/2.5.0-cdh5.3.3/278b2d7a6454ce57a94ab02a88c0b188afc8facc/hadoop-yarn-server-nodemanager-2.5.0-cdh5.3.3.jar, file:/Users/hpatel/.gradle/caches/modules-2/files-2.1/org.fusesource.leveldbjni/leveldbjni-all/1.8/707350a2eeb1fa2ed77a32ddb3893ed308e941db/leveldbjni-all-1.8.jar, file:/Users/hpatel/.gradle/caches/modules-2/files-2.1/javax.xml.bind/jaxb-api/2.2.2/aeb3021ca93dde265796d82015beecdcff95bf09/jaxb-api-2.2.2.jar, file:/Users/hpatel/.gradle/caches/modules-2/files-2.1/com.google.inject/guice/3.0/9d84f15fe35e2c716a02979fb62f50a29f38aefa/guice-3.0.jar, file:/Users/hpatel/.gradle/caches/modules-2/files-2.1/com.sun.jersey.contribs/jersey-guice/1.9/5963c28c47df7e5d6ad34cec80c071c368777f7b/jersey-guice-1.9.jar, file:/Users/hpatel/.gradle/caches/modules-2/files-2.1/com.fasterxml.jackson.core/jackson-core/2.2.3/1a0113da2cab5f4c216b4e5e7c1dbfaa67087e14/jackson-core-2.2.3.jar, file:/Users/hpatel/.gradle/caches/modules-2/files-2.1/commons-beanutils/commons-beanutils/1.7.0/5675fd96b29656504b86029551973d60fb41339b/commons-beanutils-1.7.0.jar, file:/Users/hpatel/.gradle/caches/modules-2/files-2.1/org.apache.directory.server/apacheds-i18n/2.0.0-M15/71c61c84683152ec2a6a65f3f96fe534e304fa22/apacheds-i18n-2.0.0-M15.jar, file:/Users/hpatel/.gradle/caches/modules-2/files-2.1/org.apache.directory.api/api-asn1-api/1.0.0-M20/5e6486ffa3125ba44dc410ead166e1d6ba8ac76d/api-asn1-api-1.0.0-M20.jar, file:/Users/hpatel/.gradle/caches/modules-2/files-2.1/org.apache.directory.api/api-util/1.0.0-M20/a871abf060b3cf83fc6dc4d7e3d151fce50ac3cb/api-util-1.0.0-M20.jar, file:/Users/hpatel/.gradle/caches/modules-2/files-2.1/com.sun.jersey/jersey-client/1.9/d3c4b2b5f89db32c96ceddcb863684821910a7bb/jersey-client-1.9.jar, file:/Users/hpatel/.gradle/caches/modules-2/files-2.1/javax.xml.stream/stax-api/1.0-2/d6337b0de8b25e53e81b922352fbea9f9f57ba0b/stax-api-1.0-2.jar, file:/Users/hpatel/.gradle/caches/modules-2/files-2.1/javax.activation/activation/1.1/e6cb541461c2834bdea3eb920f1884d1eb508b50/activation-1.1.jar, file:/Users/hpatel/.gradle/caches/modules-2/files-2.1/javax.inject/javax.inject/1/6975da39a7040257bd51d21a231b76c915872d38/javax.inject-1.jar, file:/Users/hpatel/.gradle/caches/modules-2/files-2.1/aopalliance/aopalliance/1.0/235ba8b489512805ac13a8f9ea77a1ca5ebe3e8/aopalliance-1.0.jar, file:/Users/hpatel/.gradle/caches/modules-2/files-2.1/org.sonatype.sisu.inject/cglib/2.2.1-v20090111/7ce5e983fd0e6c78346f4c9cbfa39d83049dda2/cglib-2.2.1-v20090111.jar, file:/Users/hpatel/.gradle/caches/modules-2/files-2.1/asm/asm/3.1/c157def142714c544bdea2e6144645702adf7097/asm-3.1.jar, file:/Users/hpatel/.gradle/caches/modules-2/files-2.1/org.apache.hive/hive-service/0.13.1-cdh5.3.3/c7979b4213bfb62823d43ba726e0fea58032dd1e/hive-service-0.13.1-cdh5.3.3.jar, file:/Users/hpatel/.gradle/caches/modules-2/files-2.1/net.sf.jpam/jpam/1.1/cb3d91c2dfda767518a371dbb02edfd6a4aa0600/jpam-1.1.jar, file:/Users/hpatel/.gradle/caches/modules-2/files-2.1/org.eclipse.jetty.aggregate/jetty-all/7.6.0.v20120127/47bb68e3837e5c6422138dd1e0d4d75c60dce87a/jetty-all-7.6.0.v20120127.jar, file:/Users/hpatel/.gradle/caches/modules-2/files-2.1/org.apache.thrift/libfb303/0.9.0/639bd69767fdbd7f658ce8233248fe1cea635164/libfb303-0.9.0.jar, file:/Users/hpatel/.gradle/caches/modules-2/files-2.1/org.apache.geronimo.specs/geronimo-jta_1.1_spec/1.1.1/aabab3165b8ea936b9360abbf448459c0d04a5a4/geronimo-jta_1.1_spec-1.1.1.jar, file:/Users/hpatel/.gradle/caches/modules-2/files-2.1/javax.mail/mail/1.4.1/8b7bc69010655425dabf091b51d1e90b4de36715/mail-1.4.1.jar, file:/Users/hpatel/.gradle/caches/modules-2/files-2.1/org.apache.geronimo.specs/geronimo-jaspic_1.0_spec/1.0/44b95be7dae1147716dce5336419eafade880756/geronimo-jaspic_1.0_spec-1.0.jar, file:/Users/hpatel/.gradle/caches/modules-2/files-2.1/org.apache.geronimo.specs/geronimo-annotation_1.0_spec/1.1.1/47caa799389f69d297b86bf90523d431599c3796/geronimo-annotation_1.0_spec-1.1.1.jar, file:/Users/hpatel/.gradle/caches/modules-2/files-2.1/asm/asm-commons/3.1/1b607fbfe7889c6fdff1b7c16439ade0a60869ac/asm-commons-3.1.jar, file:/Users/hpatel/.gradle/caches/modules-2/files-2.1/asm/asm-tree/3.1/c9a5d4334ddf194ea492f22107d45119a5c5322f/asm-tree-3.1.jar, file:/Users/hpatel/.gradle/caches/modules-2/files-2.1/commons-lang/commons-lang/2.6/ce1edb914c94ebc388f086c6827e8bdeec71ac2/commons-lang-2.6.jar, file:/Users/hpatel/.gradle/caches/modules-2/files-2.1/org.mortbay.jetty/jetty/6.1.26.cloudera.4/d59325a5ff8ff18f7543bc3fbb9d5efa0c0ff521/jetty-6.1.26.cloudera.4.jar, file:/Users/hpatel/.gradle/caches/modules-2/files-2.1/org.mortbay.jetty/jetty-util/6.1.26.cloudera.4/b8507b7c5d3fd9a3d01775272cbf1a63f530c19d/jetty-util-6.1.26.cloudera.4.jar, file:/Users/hpatel/.gradle/caches/modules-2/files-2.1/net.java.dev.jets3t/jets3t/0.9.0/792bc96ee7e57b89f472aa0cb5a31015b9f59c96/jets3t-0.9.0.jar, file:/Users/hpatel/.gradle/caches/modules-2/files-2.1/com.jamesmurty.utils/java-xmlbuilder/0.4/ac5962e48cdee3a0a6e1f8e00fcb594747ac5aaf/java-xmlbuilder-0.4.jar, file:/Users/hpatel/.gradle/caches/modules-2/files-2.1/com.google.protobuf/protobuf-java/2.5.0/a10732c76bfacdbd633a7eb0f7968b1059a65dfa/protobuf-java-2.5.0.jar, file:/Users/hpatel/.gradle/caches/modules-2/files-2.1/org.apache.hive/hive-exec/0.13.1-cdh5.3.3/4d935274127f47dd9c0875efcf317ba49aef1219/hive-exec-0.13.1-cdh5.3.3.jar, file:/Users/hpatel/.gradle/caches/modules-2/files-2.1/org.apache.hive/hive-ant/0.13.1-cdh5.3.3/86954e92a903253177cd6935798c50a6c32b7b81/hive-ant-0.13.1-cdh5.3.3.jar, file:/Users/hpatel/.gradle/caches/modules-2/files-2.1/org.antlr/antlr-runtime/3.4/8f011408269a8e42b8548687e137d8eeb56df4b4/antlr-runtime-3.4.jar, file:/Users/hpatel/.gradle/caches/modules-2/files-2.1/org.antlr/ST4/4.0.4/467a2aa12be6d0f0f68c70eecf6714ab733027ac/ST4-4.0.4.jar, file:/Users/hpatel/.gradle/caches/modules-2/files-2.1/org.apache.ant/ant/1.9.1/35900c96dbebc85dcfbd71f4661059ebcf93c077/ant-1.9.1.jar, file:/Users/hpatel/.gradle/caches/modules-2/files-2.1/org.codehaus.groovy/groovy-all/2.1.6/165b8246372a829c1915611646f6d964010656cf/groovy-all-2.1.6.jar, file:/Users/hpatel/.gradle/caches/modules-2/files-2.1/stax/stax-api/1.0.1/49c100caf72d658aca8e58bd74a4ba90fa2b0d70/stax-api-1.0.1.jar, file:/Users/hpatel/.gradle/caches/modules-2/files-2.1/org.apache.velocity/velocity/1.5/9f306baf7523ffc0e81a6353d08a584d254133b/velocity-1.5.jar, file:/Users/hpatel/.gradle/caches/modules-2/files-2.1/org.antlr/stringtemplate/3.2.1/59ec8083721eae215c6f3caee944c410d2be34de/stringtemplate-3.2.1.jar, file:/Users/hpatel/.gradle/caches/modules-2/files-2.1/antlr/antlr/2.7.7/83cd2cd674a217ade95a4bb83a8a14f351f48bd0/antlr-2.7.7.jar, file:/Users/hpatel/.gradle/caches/modules-2/files-2.1/org.apache.ant/ant-launcher/1.9.1/7c71043ca185eaada9e36391dd022d92859327de/ant-launcher-1.9.1.jar, file:/Users/hpatel/.gradle/caches/modules-2/files-2.1/oro/oro/2.0.8/5592374f834645c4ae250f4c9fbb314c9369d698/oro-2.0.8.jar, file:/Users/hpatel/.gradle/caches/modules-2/files-2.1/org.codehaus.jackson/jackson-core-asl/1.9.13/3c304d70f42f832e0a86d45bd437f692129299a4/jackson-core-asl-1.9.13.jar, file:/Users/hpatel/.gradle/caches/modules-2/files-2.1/org.codehaus.jackson/jackson-mapper-asl/1.9.13/1ee2f2bed0e5dd29d1cb155a166e6f8d50bbddb7/jackson-mapper-asl-1.9.13.jar, file:/Users/hpatel/.gradle/caches/modules-2/files-2.1/org.slf4j/slf4j-api/1.7.6/562424e36df3d2327e8e9301a76027fca17d54ea/slf4j-api-1.7.6.jar, file:/Users/hpatel/.gradle/caches/modules-2/files-2.1/com.sun.jersey/jersey-server/1.14/b1a21724c9b708ed54d42d41bb19ff45ae1d49d9/jersey-server-1.14.jar, file:/Users/hpatel/.gradle/caches/modules-2/files-2.1/org.apache.httpcomponents/httpclient/4.2.5/666e26e76f2e87d84e4f16acb546481ae1b8e9a6/httpclient-4.2.5.jar, file:/Users/hpatel/.gradle/caches/modules-2/files-2.1/org.apache.zookeeper/zookeeper/3.4.6/1b2502e29da1ebaade2357cd1de35a855fa3755/zookeeper-3.4.6.jar, file:/Users/hpatel/.gradle/caches/modules-2/files-2.1/com.google.guava/guava/16.0.1/5fa98cd1a63c99a44dd8d3b77e4762b066a5d0c5/guava-16.0.1.jar, file:/Users/hpatel/.gradle/caches/modules-2/files-2.1/org.codehaus.jackson/jackson-jaxrs/1.8.8/71b16055388e9bd3991c3c3834e8e55098b789f1/jackson-jaxrs-1.8.8.jar, file:/Users/hpatel/.gradle/caches/modules-2/files-2.1/org.codehaus.jackson/jackson-xc/1.8.8/52efa08bc1e4cfea168f552b9e3088297d9d0926/jackson-xc-1.8.8.jar, file:/Users/hpatel/.gradle/caches/modules-2/files-2.1/org.apache.hive/hive-metastore/0.13.1-cdh5.3.3/ca93686a17f064a5ab6587799721cddd7836e53a/hive-metastore-0.13.1-cdh5.3.3.jar, file:/Users/hpatel/.gradle/caches/modules-2/files-2.1/com.jolbox/bonecp/0.8.0.RELEASE/cec24ee9345b3678472bb1b8fdd6aa6b9428beb8/bonecp-0.8.0.RELEASE.jar, file:/Users/hpatel/.gradle/caches/modules-2/files-2.1/org.apache.derby/derby/10.10.1.1/9f6f910f0373adc1b23c10f9b4bb151b7e7449f/derby-10.10.1.1.jar, file:/Users/hpatel/.gradle/caches/modules-2/files-2.1/javax.jdo/jdo-api/3.0.1/58e7a538e020b73871e232eeb064835fd98a492/jdo-api-3.0.1.jar, file:/Users/hpatel/.gradle/caches/modules-2/files-2.1/javax.transaction/jta/1.1/2ca09f0b36ca7d71b762e14ea2ff09d5eac57558/jta-1.1.jar, file:/Users/hpatel/.gradle/caches/modules-2/files-2.1/org.apache.thrift/libthrift/0.9.0/9ba8df332b5db95ce7f3b7a83e44d796c3d014d3/libthrift-0.9.0.jar, file:/Users/hpatel/.gradle/caches/modules-2/files-2.1/org.apache.httpcomponents/httpcore/4.2.4/3b7f38df6de5dd8b500e602ae8c2dd5ee446f883/httpcore-4.2.4.jar, file:/Users/hpatel/.gradle/caches/modules-2/files-2.1/com.sun.jersey/jersey-core/1.14/693061de8b9b352b11e997b1dd4052677778852d/jersey-core-1.14.jar, file:/Users/hpatel/.gradle/caches/modules-2/files-2.1/commons-codec/commons-codec/1.6/b7f0fc8f61ecadeb3695f0b9464755eee44374d4/commons-codec-1.6.jar, file:/Users/hpatel/.gradle/caches/modules-2/files-2.1/io.netty/netty/3.7.0.Final/7a8c35599c68c0bf383df74469aa3e03d9aca87/netty-3.7.0.Final.jar]
15/09/06 13:13:54 INFO mr.ObjectCache: Ignoring retrieval request: __MAP_PLAN__
15/09/06 13:13:54 INFO mr.ObjectCache: Ignoring cache key: __MAP_PLAN__
15/09/06 13:13:54 INFO exec.MapOperator: dump TS struct<file_name:string,gen_id:string,dms_system:string,dms_version:string,transmit_ts:string,orig_transmit_ts:string,transmit_by:string,record_status:string,dealer_updt_ind:string,store_number:string,part_type:string,store_name:string,inventory_store_number:string,cat_emrg_dealer_code:string,cat_stock_dealer_code:string,stock_replen_store_number:string,stock_replen_lead_time:string,lst_updt_ts:string,orig_lst_updt_ts:string,lst_updt_by_id:string,file_ins_ts:string,orig_file_ins_ts:string,exp_stock_plan_lead_time:string,dealer_code:string>
15/09/06 13:13:54 INFO mr.ExecMapper: 
<MAP>Id =176
  <Children>
    <TS>Id =171
      <Children>
        <SEL>Id =172
          <Children>
            <RS>Id =174
              <Children>
              <\Children>
              <Parent>Id = 172 null<\Parent>
            <\RS>
          <\Children>
          <Parent>Id = 171 null<\Parent>
        <\SEL>
      <\Children>
      <Parent>Id = 176 null<\Parent>
    <\TS>
  <\Children>
  <Parent><\Parent>
<\MAP>
15/09/06 13:13:54 INFO exec.MapOperator: Initializing Self 176 MAP
15/09/06 13:13:54 INFO exec.TableScanOperator: Initializing Self 171 TS
15/09/06 13:13:54 INFO exec.TableScanOperator: Operator 171 TS initialized
15/09/06 13:13:54 INFO exec.TableScanOperator: Initializing children of 171 TS
15/09/06 13:13:54 INFO exec.SelectOperator: Initializing child 172 SEL
15/09/06 13:13:54 INFO exec.SelectOperator: Initializing Self 172 SEL
15/09/06 13:13:54 INFO exec.SelectOperator: SELECT struct<file_name:string,gen_id:string,dms_system:string,dms_version:string,transmit_ts:string,orig_transmit_ts:string,transmit_by:string,record_status:string,dealer_updt_ind:string,store_number:string,part_type:string,store_name:string,inventory_store_number:string,cat_emrg_dealer_code:string,cat_stock_dealer_code:string,stock_replen_store_number:string,stock_replen_lead_time:string,lst_updt_ts:string,orig_lst_updt_ts:string,lst_updt_by_id:string,file_ins_ts:string,orig_file_ins_ts:string,exp_stock_plan_lead_time:string,dealer_code:string>
15/09/06 13:13:54 INFO exec.SelectOperator: Operator 172 SEL initialized
15/09/06 13:13:54 INFO exec.SelectOperator: Initializing children of 172 SEL
15/09/06 13:13:54 INFO exec.ReduceSinkOperator: Initializing child 174 RS
15/09/06 13:13:54 INFO exec.ReduceSinkOperator: Initializing Self 174 RS
15/09/06 13:13:54 INFO exec.ReduceSinkOperator: Using tag = -1
15/09/06 13:13:54 INFO exec.ReduceSinkOperator: Operator 174 RS initialized
15/09/06 13:13:54 INFO exec.ReduceSinkOperator: Initialization Done 174 RS
15/09/06 13:13:54 INFO exec.SelectOperator: Initialization Done 172 SEL
15/09/06 13:13:54 INFO exec.TableScanOperator: Initialization Done 171 TS
15/09/06 13:13:54 INFO exec.MapOperator: Initialization Done 176 MAP
15/09/06 13:13:54 INFO exec.MapOperator: Processing alias dh for file file:/var/folders/y7/4_pz5fzx54ngcmghz3v6t3m00000gn/T/junit5553221789791449242/hadooptmp/dealer_hierarchy/temp_data/dealer_code=AAAA
15/09/06 13:13:54 WARN lazy.LazyStruct: Extra bytes detected at the end of the row! Ignoring similar problems.
15/09/06 13:13:54 INFO mr.ExecMapper: ExecMapper: processing 1 rows: used memory = 680448184
15/09/06 13:13:54 INFO io.HiveContextAwareRecordReader: Processing file file:/var/folders/y7/4_pz5fzx54ngcmghz3v6t3m00000gn/T/junit5553221789791449242/hadooptmp/dealer_hierarchy/temp_data/dealer_code=ZZZZ/temp_data_from_file.csv
15/09/06 13:13:54 INFO exec.MapOperator: Processing alias dh for file file:/var/folders/y7/4_pz5fzx54ngcmghz3v6t3m00000gn/T/junit5553221789791449242/hadooptmp/dealer_hierarchy/temp_data/dealer_code=ZZZZ
15/09/06 13:13:54 WARN lazy.LazyStruct: Extra bytes detected at the end of the row! Ignoring similar problems.
15/09/06 13:13:54 INFO exec.MapOperator: 176 finished. closing... 
15/09/06 13:13:54 INFO exec.MapOperator: DESERIALIZE_ERRORS:0
15/09/06 13:13:54 INFO exec.TableScanOperator: 171 finished. closing... 
15/09/06 13:13:54 INFO exec.SelectOperator: 172 finished. closing... 
15/09/06 13:13:54 INFO exec.ReduceSinkOperator: 174 finished. closing... 
15/09/06 13:13:54 INFO exec.ReduceSinkOperator: 174 Close done
15/09/06 13:13:54 INFO exec.SelectOperator: 172 Close done
15/09/06 13:13:54 INFO exec.TableScanOperator: 171 Close done
15/09/06 13:13:54 INFO exec.MapOperator: 176 Close done
15/09/06 13:13:54 INFO mr.ExecMapper: ExecMapper: processed 4 rows: used memory = 680448184
15/09/06 13:13:54 INFO mapred.MapTask: Starting flush of map output
15/09/06 13:13:54 INFO mapred.MapTask: Finished spill 0
15/09/06 13:13:54 INFO mapred.Task: Task:attempt_local724546061_0012_m_000000_0 is done. And is in the process of commiting
15/09/06 13:13:54 INFO mapred.LocalJobRunner: file:/var/folders/y7/4_pz5fzx54ngcmghz3v6t3m00000gn/T/junit5553221789791449242/hadooptmp/dealer_hierarchy/temp_data/dealer_code=ZZZZ/temp_data_from_file.csv:0+626
15/09/06 13:13:54 INFO mapred.Task: Task 'attempt_local724546061_0012_m_000000_0' done.
15/09/06 13:13:54 INFO mapred.LocalJobRunner: Finishing task: attempt_local724546061_0012_m_000000_0
15/09/06 13:13:54 INFO mapred.LocalJobRunner: Map task executor complete.
15/09/06 13:13:54 WARN mapreduce.Counters: Group org.apache.hadoop.mapred.Task$Counter is deprecated. Use org.apache.hadoop.mapreduce.TaskCounter instead
2015-09-06 13:13:54,422 Stage-1 map = 100%,  reduce = 0%
15/09/06 13:13:54 INFO exec.Task: 2015-09-06 13:13:54,422 Stage-1 map = 100%,  reduce = 0%
15/09/06 13:13:54 INFO mapred.Task:  Using ResourceCalculatorPlugin : null
15/09/06 13:13:54 INFO mapred.LocalJobRunner: 
15/09/06 13:13:54 INFO mapred.Merger: Merging 1 sorted segments
15/09/06 13:13:54 INFO mapred.Merger: Down to the last merge-pass, with 1 segments left of total size: 974 bytes
15/09/06 13:13:54 INFO mapred.LocalJobRunner: 
15/09/06 13:13:54 INFO ExecReducer: maximum memory = 3817865216
15/09/06 13:13:54 INFO ExecReducer: conf classpath = [file:/Users/hpatel/.gradle/caches/2.1/workerMain/gradle-worker.jar, file:/Users/hpatel/Tech/Projects/CAT/ddsw_dev/hive-test/build/classes/test/, file:/Users/hpatel/Tech/Projects/CAT/ddsw_dev/hive-test/build/resources/test/, file:/Users/hpatel/Tech/Projects/CAT/ddsw_dev/hive-test/build/classes/main/, file:/Users/hpatel/Tech/Projects/CAT/ddsw_dev/hive-test/build/resources/main, file:/Users/hpatel/.gradle/caches/modules-2/files-2.1/junit/junit/4.11/4e031bb61df09069aeb2bffb4019e7a5034a4ee0/junit-4.11.jar, file:/Users/hpatel/.gradle/caches/modules-2/files-2.1/com.klarna/hiverunner/1.0.0/e26bb0655fff4d88fab91f331793d9fc1db392cc/HiveRunner-1.0.0.jar, file:/Users/hpatel/Tech/Projects/CAT/ddsw_dev/custom-cat-udfs/build/libs/custom-cat-udfs-0.1.38-SNAPSHOT.jar, file:/Users/hpatel/.gradle/caches/modules-2/files-2.1/org.apache.hadoop/hadoop-client/2.5.0-cdh5.3.3/ec3cd6a8cb043e73a42918934c5d3a3f2747c78b/hadoop-client-2.5.0-cdh5.3.3.jar, file:/Users/hpatel/.gradle/caches/modules-2/files-2.1/org.hsqldb/hsqldb/2.3.1/bd7153caa30958e1c64a3dd38b93e5a7442d9a0e/hsqldb-2.3.1.jar, file:/Users/hpatel/.gradle/caches/modules-2/files-2.1/org.apache.hadoop/hadoop-core/2.5.0-mr1-cdh5.3.3/f6f4a77f818757da51ae0244310855779c04c4be/hadoop-core-2.5.0-mr1-cdh5.3.3.jar, file:/Users/hpatel/.gradle/caches/modules-2/files-2.1/org.reflections/reflections/0.9.8/f723abb59bf512952bfc503838f70f81487a6993/reflections-0.9.8.jar, file:/Users/hpatel/.gradle/caches/modules-2/files-2.1/org.mockito/mockito-core/1.10.19/e8546f5bef4e061d8dd73895b4e8f40e3fe6effe/mockito-core-1.10.19.jar, file:/Users/hpatel/.gradle/caches/modules-2/files-2.1/org.hamcrest/hamcrest-core/1.3/42a25dc3219429f0e5d060061f71acb49bf010a0/hamcrest-core-1.3.jar, file:/Users/hpatel/.gradle/caches/modules-2/files-2.1/org.pentaho/pentaho-aggdesigner-algorithm/5.1.5-jhyde/c52379c645c6c85300e645dff7c72653bf85baa2/pentaho-aggdesigner-algorithm-5.1.5-jhyde.jar, file:/Users/hpatel/.gradle/caches/modules-2/files-2.1/org.apache.hive/hive-serde/0.13.1-cdh5.3.3/9cee47c844d726e9bcef6ab292e1319b7fbddaa3/hive-serde-0.13.1-cdh5.3.3.jar, file:/Users/hpatel/.gradle/caches/modules-2/files-2.1/org.apache.hadoop/hadoop-common/2.5.0-cdh5.3.3/f0862eb1dc33c1807ea29a248af75551e3c6836a/hadoop-common-2.5.0-cdh5.3.3.jar, file:/Users/hpatel/.gradle/caches/modules-2/files-2.1/org.apache.hive/hive-contrib/0.13.1-cdh5.3.3/bf89b429c9b173ac275dc0c1623f5c30e780ee98/hive-contrib-0.13.1-cdh5.3.3.jar, file:/Users/hpatel/.gradle/caches/modules-2/files-2.1/org.datanucleus/datanucleus-core/3.2.12/3212183bb5a2826cd5ff194b9a54619dd0bdf31f/datanucleus-core-3.2.12.jar, file:/Users/hpatel/.gradle/caches/modules-2/files-2.1/org.datanucleus/datanucleus-rdbms/3.2.11/5b053144c89fdff1505b853aa7f1e5ba7657da75/datanucleus-rdbms-3.2.11.jar, file:/Users/hpatel/.gradle/caches/modules-2/files-2.1/org.datanucleus/datanucleus-api-jdo/3.2.8/efc60221fbc91e95cf5758b98c6c5531660696cb/datanucleus-api-jdo-3.2.8.jar, file:/Users/hpatel/.gradle/caches/modules-2/files-2.1/org.apache.hive/hive-shims/0.13.1-cdh5.3.3/47b029532c0b9d45526dcdd858823e6f9634ab81/hive-shims-0.13.1-cdh5.3.3.jar, file:/Users/hpatel/.gradle/caches/modules-2/files-2.1/org.apache.commons/commons-lang3/3.3.1/6738a2da2202ce360f0af90aba005c1e05a2c4cd/commons-lang3-3.3.1.jar, file:/Users/hpatel/.gradle/caches/modules-2/files-2.1/joda-time/joda-time/2.3/56498efd17752898cfcc3868c1b6211a07b12b8f/joda-time-2.3.jar, file:/Users/hpatel/.gradle/caches/modules-2/files-2.1/org.apache.hadoop/hadoop-hdfs/2.5.0-cdh5.3.3/5dd5e2be13d89a9eaab89d3a33bcdf6677671aa9/hadoop-hdfs-2.5.0-cdh5.3.3.jar, file:/Users/hpatel/.gradle/caches/modules-2/files-2.1/org.apache.hadoop/hadoop-mapreduce-client-app/2.5.0-cdh5.3.3/579948f8fa6d9d72bf507bd021fa3dcc0670e95f/hadoop-mapreduce-client-app-2.5.0-cdh5.3.3.jar, file:/Users/hpatel/.gradle/caches/modules-2/files-2.1/org.apache.hadoop/hadoop-yarn-api/2.5.0-cdh5.3.3/a6d9b4b7cbcacd000350a3e33c70269101b5fc79/hadoop-yarn-api-2.5.0-cdh5.3.3.jar, file:/Users/hpatel/.gradle/caches/modules-2/files-2.1/org.apache.hadoop/hadoop-mapreduce-client-core/2.5.0-cdh5.3.3/f2c8eaa2b8a5839a7781f04cf59c4d1abfefec9e/hadoop-mapreduce-client-core-2.5.0-cdh5.3.3.jar, file:/Users/hpatel/.gradle/caches/modules-2/files-2.1/org.apache.hadoop/hadoop-mapreduce-client-jobclient/2.5.0-cdh5.3.3/f8baecab9a91245a97e29e4867a7f5ae128ef8a9/hadoop-mapreduce-client-jobclient-2.5.0-cdh5.3.3.jar, file:/Users/hpatel/.gradle/caches/modules-2/files-2.1/org.apache.hadoop/hadoop-aws/2.5.0-cdh5.3.3/f712d9cf59c859914254bed5c87ee4e5a2204e78/hadoop-aws-2.5.0-cdh5.3.3.jar, file:/Users/hpatel/.gradle/caches/modules-2/files-2.1/org.apache.hadoop/hadoop-annotations/2.5.0-cdh5.3.3/e3b40743127d82ff7a6f263d00419368a46ce608/hadoop-annotations-2.5.0-cdh5.3.3.jar, file:/Users/hpatel/.gradle/caches/modules-2/files-2.1/commons-collections/commons-collections/3.2.1/761ea405b9b37ced573d2df0d1e3a4e0f9edc668/commons-collections-3.2.1.jar, file:/Users/hpatel/.gradle/caches/modules-2/files-2.1/commons-configuration/commons-configuration/1.6/32cadde23955d7681b0d94a2715846d20b425235/commons-configuration-1.6.jar, file:/Users/hpatel/.gradle/caches/modules-2/files-2.1/jline/jline/0.9.94/99a18e9a44834afdebc467294e1138364c207402/jline-0.9.94.jar, file:/Users/hpatel/.gradle/caches/modules-2/files-2.1/commons-cli/commons-cli/1.2/2bf96b7aa8b611c177d329452af1dc933e14501c/commons-cli-1.2.jar, file:/Users/hpatel/.gradle/caches/modules-2/files-2.1/xmlenc/xmlenc/0.52/d82554efbe65906d83b3d97bd7509289e9db561a/xmlenc-0.52.jar, file:/Users/hpatel/.gradle/caches/modules-2/files-2.1/commons-httpclient/commons-httpclient/3.1/964cd74171f427720480efdec40a7c7f6e58426a/commons-httpclient-3.1.jar, file:/Users/hpatel/.gradle/caches/modules-2/files-2.1/commons-net/commons-net/3.1/2298164a7c2484406f2aa5ac85b205d39019896f/commons-net-3.1.jar, file:/Users/hpatel/.gradle/caches/modules-2/files-2.1/tomcat/jasper-runtime/5.5.23/96ca5528a93ab47b001476b74320c644beb89dde/jasper-runtime-5.5.23.jar, file:/Users/hpatel/.gradle/caches/modules-2/files-2.1/tomcat/jasper-compiler/5.5.23/6d35bd7fb8c4fbc1f5401fb3678aa976d2e4c241/jasper-compiler-5.5.23.jar, file:/Users/hpatel/.gradle/caches/modules-2/files-2.1/javax.servlet.jsp/jsp-api/2.1/63f943103f250ef1f3a4d5e94d145a0f961f5316/jsp-api-2.1.jar, file:/Users/hpatel/.gradle/caches/modules-2/files-2.1/commons-el/commons-el/1.0/1df2c042b3f2de0124750241ac6c886dbfa2cc2c/commons-el-1.0.jar, file:/Users/hpatel/.gradle/caches/modules-2/files-2.1/javax.servlet/servlet-api/2.5/5959582d97d8b61f4d154ca9e495aafd16726e34/servlet-api-2.5.jar, file:/Users/hpatel/.gradle/caches/modules-2/files-2.1/hsqldb/hsqldb/1.8.0.10/7e9978fdb754bce5fcd5161133e7734ecb683036/hsqldb-1.8.0.10.jar, file:/Users/hpatel/.gradle/caches/modules-2/files-2.1/org.eclipse.jdt/core/3.1.1/88c83ce444cf46d02494da37c9fa1eebc9ce9cea/core-3.1.1.jar, file:/Users/hpatel/.gradle/caches/modules-2/files-2.1/javassist/javassist/3.12.1.GA/526633327faa61aee448a519e8a4d53ec3057885/javassist-3.12.1.GA.jar, file:/Users/hpatel/.gradle/caches/modules-2/files-2.1/dom4j/dom4j/1.6.1/5d3ccc056b6f056dbf0dddfdf43894b9065a8f94/dom4j-1.6.1.jar, file:/Users/hpatel/.gradle/caches/modules-2/files-2.1/org.objenesis/objenesis/2.1/87c0ea803b69252868d09308b4618f766f135a96/objenesis-2.1.jar, file:/Users/hpatel/.gradle/caches/modules-2/files-2.1/commons-logging/commons-logging/1.1.3/f6f66e966c70a83ffbdb6f17a0919eaf7c8aca7f/commons-logging-1.1.3.jar, file:/Users/hpatel/.gradle/caches/modules-2/files-2.1/org.apache.hive/hive-common/0.13.1-cdh5.3.3/e3fbf24d30a553c50ae4d4eed23f81b0e1211c5a/hive-common-0.13.1-cdh5.3.3.jar, file:/Users/hpatel/.gradle/caches/modules-2/files-2.1/org.apache.avro/avro/1.7.6-cdh5.3.3/6d90271293977d199ed07002bf35e2805405cc64/avro-1.7.6-cdh5.3.3.jar, file:/Users/hpatel/.gradle/caches/modules-2/files-2.1/net.sf.opencsv/opencsv/2.3/c23708cdb9e80a144db433e23344a788a1fd6599/opencsv-2.3.jar, file:/Users/hpatel/.gradle/caches/modules-2/files-2.1/com.sun.jersey/jersey-servlet/1.14/4b87041a59ee152757b62e47a21d5b63fde20ffe/jersey-servlet-1.14.jar, file:/Users/hpatel/.gradle/caches/modules-2/files-2.1/org.slf4j/slf4j-log4j12/1.7.5/6edffc576ce104ec769d954618764f39f0f0f10d/slf4j-log4j12-1.7.5.jar, file:/Users/hpatel/.gradle/caches/modules-2/files-2.1/org.apache.commons/commons-math3/3.1.1/6719d757a98ff24a83d9d727bef9cec83f59b6e1/commons-math3-3.1.1.jar, file:/Users/hpatel/.gradle/caches/modules-2/files-2.1/commons-io/commons-io/2.4/b1b6ea3b7e4aa4f492509a4952029cd8e48019ad/commons-io-2.4.jar, file:/Users/hpatel/.gradle/caches/modules-2/files-2.1/com.sun.jersey/jersey-json/1.9/1aa73e1896bcc7013fed247157d7f676226eb432/jersey-json-1.9.jar, file:/Users/hpatel/.gradle/caches/modules-2/files-2.1/log4j/log4j/1.2.17/5af35056b4d257e4b64b9e8069c0746e8b08629f/log4j-1.2.17.jar, file:/Users/hpatel/.gradle/caches/modules-2/files-2.1/com.google.code.gson/gson/2.2.4/a60a5e993c98c864010053cb901b7eab25306568/gson-2.2.4.jar, file:/Users/hpatel/.gradle/caches/modules-2/files-2.1/org.apache.hadoop/hadoop-auth/2.5.0-cdh5.3.3/847eb288da72acfdd7d202da5149dec6cd20ceba/hadoop-auth-2.5.0-cdh5.3.3.jar, file:/Users/hpatel/.gradle/caches/modules-2/files-2.1/com.jcraft/jsch/0.1.42/a86104b0f2e0c0bab5b0df836065823a99b5e334/jsch-0.1.42.jar, file:/Users/hpatel/.gradle/caches/modules-2/files-2.1/org.apache.curator/curator-client/2.6.0/b9007c357ad1a78066fc6004e8b1feaa2318f6f3/curator-client-2.6.0.jar, file:/Users/hpatel/.gradle/caches/modules-2/files-2.1/org.apache.curator/curator-recipes/2.6.0/8736b0fc42e6bf006d585fe85c90aaa4ade5cbef/curator-recipes-2.6.0.jar, file:/Users/hpatel/.gradle/caches/modules-2/files-2.1/com.google.code.findbugs/jsr305/1.3.9/40719ea6961c0cb6afaeb6a921eaa1f6afd4cfdf/jsr305-1.3.9.jar, file:/Users/hpatel/.gradle/caches/modules-2/files-2.1/org.apache.commons/commons-compress/1.4.1/b02e84a993d88568417536240e970c4b809126fd/commons-compress-1.4.1.jar, file:/Users/hpatel/.gradle/caches/modules-2/files-2.1/org.apache.hive.shims/hive-shims-common/0.13.1-cdh5.3.3/3d9e5245018fbde18f52c4ab25fc35afdec2fc0a/hive-shims-common-0.13.1-cdh5.3.3.jar, file:/Users/hpatel/.gradle/caches/modules-2/files-2.1/org.apache.hive.shims/hive-shims-common-secure/0.13.1-cdh5.3.3/6b29a16b2a41b89bdbbc681c257ad7f766a90bcb/hive-shims-common-secure-0.13.1-cdh5.3.3.jar, file:/Users/hpatel/.gradle/caches/modules-2/files-2.1/org.apache.hive.shims/hive-shims-0.23/0.13.1-cdh5.3.3/7ab834955a767af200d1d9151c204751637d9ca9/hive-shims-0.23-0.13.1-cdh5.3.3.jar, file:/Users/hpatel/.gradle/caches/modules-2/files-2.1/org.apache.hive.shims/hive-shims-scheduler/0.13.1-cdh5.3.3/b6644420b74f936a838f7f3fd2fa19c19add0449/hive-shims-scheduler-0.13.1-cdh5.3.3.jar, file:/Users/hpatel/.gradle/caches/modules-2/files-2.1/org.apache.hadoop/hadoop-mapreduce-client-common/2.5.0-cdh5.3.3/f0d777bb76ca9f540c0c81a45934f0f5cf9975b8/hadoop-mapreduce-client-common-2.5.0-cdh5.3.3.jar, file:/Users/hpatel/.gradle/caches/modules-2/files-2.1/org.apache.hadoop/hadoop-mapreduce-client-shuffle/2.5.0-cdh5.3.3/b6c4316f6fcc406edf7e5bd77c50e46034ad5519/hadoop-mapreduce-client-shuffle-2.5.0-cdh5.3.3.jar, file:/Users/hpatel/.gradle/caches/modules-2/files-2.1/org.apache.hadoop/hadoop-yarn-common/2.5.0-cdh5.3.3/9499713b674eae1aa714fcd0e95e0d09daaf3824/hadoop-yarn-common-2.5.0-cdh5.3.3.jar, file:/Users/hpatel/.gradle/caches/modules-2/files-2.1/com.fasterxml.jackson.core/jackson-databind/2.2.3/3ae380888029daefb91d3ecdca3a37d8cb92bc9/jackson-databind-2.2.3.jar, file:/Users/hpatel/.gradle/caches/modules-2/files-2.1/com.fasterxml.jackson.core/jackson-annotations/2.2.3/527fece4f23a457070a36c371a26d6c0208e1c3/jackson-annotations-2.2.3.jar, file:/Users/hpatel/.gradle/caches/modules-2/files-2.1/com.amazonaws/aws-java-sdk/1.7.4/2c24ccb6f1ab845a7df971951d4b41c709a6517d/aws-java-sdk-1.7.4.jar, file:/Users/hpatel/.gradle/caches/modules-2/files-2.1/commons-digester/commons-digester/1.8/dc6a73fdbd1fa3f0944e8497c6c872fa21dca37e/commons-digester-1.8.jar, file:/Users/hpatel/.gradle/caches/modules-2/files-2.1/commons-beanutils/commons-beanutils-core/1.8.0/175dc721f87e4bc5cc0573f990e28c3cf9117508/commons-beanutils-core-1.8.0.jar, file:/Users/hpatel/.gradle/caches/modules-2/files-2.1/xml-apis/xml-apis/1.0.b2/3136ca936f64c9d68529f048c2618bd356bf85c9/xml-apis-1.0.b2.jar, file:/Users/hpatel/.gradle/caches/modules-2/files-2.1/com.thoughtworks.paranamer/paranamer/2.3/4a85963a752c0a2f715c3924bfc686865e7e1bc6/paranamer-2.3.jar, file:/Users/hpatel/.gradle/caches/modules-2/files-2.1/org.xerial.snappy/snappy-java/1.0.5/10cb4550360a0ec6b80f09a5209d00b6058e82bf/snappy-java-1.0.5.jar, file:/Users/hpatel/.gradle/caches/modules-2/files-2.1/org.codehaus.jettison/jettison/1.1/1a01a2a1218fcf9faa2cc2a6ced025bdea687262/jettison-1.1.jar, file:/Users/hpatel/.gradle/caches/modules-2/files-2.1/com.sun.xml.bind/jaxb-impl/2.2.3-1/56baae106392040a45a06d4a41099173425da1e6/jaxb-impl-2.2.3-1.jar, file:/Users/hpatel/.gradle/caches/modules-2/files-2.1/org.apache.directory.server/apacheds-kerberos-codec/2.0.0-M15/1c16e4e477183641c5f0dd5cdecd27ec331bacb5/apacheds-kerberos-codec-2.0.0-M15.jar, file:/Users/hpatel/.gradle/caches/modules-2/files-2.1/org.apache.curator/curator-framework/2.6.0/81a699c39d127b5b4ff97cc77da7650b53e5b5ed/curator-framework-2.6.0.jar, file:/Users/hpatel/.gradle/caches/modules-2/files-2.1/org.tukaani/xz/1.0/ecff5cb8b1189514c9d1d8d68eb77ac372e000c9/xz-1.0.jar, file:/Users/hpatel/.gradle/caches/modules-2/files-2.1/org.apache.hadoop/hadoop-yarn-client/2.5.0-cdh5.3.3/2d2ce5d0138d02b20aefcfc1ee8dd6f691911f63/hadoop-yarn-client-2.5.0-cdh5.3.3.jar, file:/Users/hpatel/.gradle/caches/modules-2/files-2.1/org.apache.hadoop/hadoop-yarn-server-common/2.5.0-cdh5.3.3/d099fcc19f56d477fa6b5b47ae4e06bb97538778/hadoop-yarn-server-common-2.5.0-cdh5.3.3.jar, file:/Users/hpatel/.gradle/caches/modules-2/files-2.1/org.apache.hadoop/hadoop-yarn-server-nodemanager/2.5.0-cdh5.3.3/278b2d7a6454ce57a94ab02a88c0b188afc8facc/hadoop-yarn-server-nodemanager-2.5.0-cdh5.3.3.jar, file:/Users/hpatel/.gradle/caches/modules-2/files-2.1/org.fusesource.leveldbjni/leveldbjni-all/1.8/707350a2eeb1fa2ed77a32ddb3893ed308e941db/leveldbjni-all-1.8.jar, file:/Users/hpatel/.gradle/caches/modules-2/files-2.1/javax.xml.bind/jaxb-api/2.2.2/aeb3021ca93dde265796d82015beecdcff95bf09/jaxb-api-2.2.2.jar, file:/Users/hpatel/.gradle/caches/modules-2/files-2.1/com.google.inject/guice/3.0/9d84f15fe35e2c716a02979fb62f50a29f38aefa/guice-3.0.jar, file:/Users/hpatel/.gradle/caches/modules-2/files-2.1/com.sun.jersey.contribs/jersey-guice/1.9/5963c28c47df7e5d6ad34cec80c071c368777f7b/jersey-guice-1.9.jar, file:/Users/hpatel/.gradle/caches/modules-2/files-2.1/com.fasterxml.jackson.core/jackson-core/2.2.3/1a0113da2cab5f4c216b4e5e7c1dbfaa67087e14/jackson-core-2.2.3.jar, file:/Users/hpatel/.gradle/caches/modules-2/files-2.1/commons-beanutils/commons-beanutils/1.7.0/5675fd96b29656504b86029551973d60fb41339b/commons-beanutils-1.7.0.jar, file:/Users/hpatel/.gradle/caches/modules-2/files-2.1/org.apache.directory.server/apacheds-i18n/2.0.0-M15/71c61c84683152ec2a6a65f3f96fe534e304fa22/apacheds-i18n-2.0.0-M15.jar, file:/Users/hpatel/.gradle/caches/modules-2/files-2.1/org.apache.directory.api/api-asn1-api/1.0.0-M20/5e6486ffa3125ba44dc410ead166e1d6ba8ac76d/api-asn1-api-1.0.0-M20.jar, file:/Users/hpatel/.gradle/caches/modules-2/files-2.1/org.apache.directory.api/api-util/1.0.0-M20/a871abf060b3cf83fc6dc4d7e3d151fce50ac3cb/api-util-1.0.0-M20.jar, file:/Users/hpatel/.gradle/caches/modules-2/files-2.1/com.sun.jersey/jersey-client/1.9/d3c4b2b5f89db32c96ceddcb863684821910a7bb/jersey-client-1.9.jar, file:/Users/hpatel/.gradle/caches/modules-2/files-2.1/javax.xml.stream/stax-api/1.0-2/d6337b0de8b25e53e81b922352fbea9f9f57ba0b/stax-api-1.0-2.jar, file:/Users/hpatel/.gradle/caches/modules-2/files-2.1/javax.activation/activation/1.1/e6cb541461c2834bdea3eb920f1884d1eb508b50/activation-1.1.jar, file:/Users/hpatel/.gradle/caches/modules-2/files-2.1/javax.inject/javax.inject/1/6975da39a7040257bd51d21a231b76c915872d38/javax.inject-1.jar, file:/Users/hpatel/.gradle/caches/modules-2/files-2.1/aopalliance/aopalliance/1.0/235ba8b489512805ac13a8f9ea77a1ca5ebe3e8/aopalliance-1.0.jar, file:/Users/hpatel/.gradle/caches/modules-2/files-2.1/org.sonatype.sisu.inject/cglib/2.2.1-v20090111/7ce5e983fd0e6c78346f4c9cbfa39d83049dda2/cglib-2.2.1-v20090111.jar, file:/Users/hpatel/.gradle/caches/modules-2/files-2.1/asm/asm/3.1/c157def142714c544bdea2e6144645702adf7097/asm-3.1.jar, file:/Users/hpatel/.gradle/caches/modules-2/files-2.1/org.apache.hive/hive-service/0.13.1-cdh5.3.3/c7979b4213bfb62823d43ba726e0fea58032dd1e/hive-service-0.13.1-cdh5.3.3.jar, file:/Users/hpatel/.gradle/caches/modules-2/files-2.1/net.sf.jpam/jpam/1.1/cb3d91c2dfda767518a371dbb02edfd6a4aa0600/jpam-1.1.jar, file:/Users/hpatel/.gradle/caches/modules-2/files-2.1/org.eclipse.jetty.aggregate/jetty-all/7.6.0.v20120127/47bb68e3837e5c6422138dd1e0d4d75c60dce87a/jetty-all-7.6.0.v20120127.jar, file:/Users/hpatel/.gradle/caches/modules-2/files-2.1/org.apache.thrift/libfb303/0.9.0/639bd69767fdbd7f658ce8233248fe1cea635164/libfb303-0.9.0.jar, file:/Users/hpatel/.gradle/caches/modules-2/files-2.1/org.apache.geronimo.specs/geronimo-jta_1.1_spec/1.1.1/aabab3165b8ea936b9360abbf448459c0d04a5a4/geronimo-jta_1.1_spec-1.1.1.jar, file:/Users/hpatel/.gradle/caches/modules-2/files-2.1/javax.mail/mail/1.4.1/8b7bc69010655425dabf091b51d1e90b4de36715/mail-1.4.1.jar, file:/Users/hpatel/.gradle/caches/modules-2/files-2.1/org.apache.geronimo.specs/geronimo-jaspic_1.0_spec/1.0/44b95be7dae1147716dce5336419eafade880756/geronimo-jaspic_1.0_spec-1.0.jar, file:/Users/hpatel/.gradle/caches/modules-2/files-2.1/org.apache.geronimo.specs/geronimo-annotation_1.0_spec/1.1.1/47caa799389f69d297b86bf90523d431599c3796/geronimo-annotation_1.0_spec-1.1.1.jar, file:/Users/hpatel/.gradle/caches/modules-2/files-2.1/asm/asm-commons/3.1/1b607fbfe7889c6fdff1b7c16439ade0a60869ac/asm-commons-3.1.jar, file:/Users/hpatel/.gradle/caches/modules-2/files-2.1/asm/asm-tree/3.1/c9a5d4334ddf194ea492f22107d45119a5c5322f/asm-tree-3.1.jar, file:/Users/hpatel/.gradle/caches/modules-2/files-2.1/commons-lang/commons-lang/2.6/ce1edb914c94ebc388f086c6827e8bdeec71ac2/commons-lang-2.6.jar, file:/Users/hpatel/.gradle/caches/modules-2/files-2.1/org.mortbay.jetty/jetty/6.1.26.cloudera.4/d59325a5ff8ff18f7543bc3fbb9d5efa0c0ff521/jetty-6.1.26.cloudera.4.jar, file:/Users/hpatel/.gradle/caches/modules-2/files-2.1/org.mortbay.jetty/jetty-util/6.1.26.cloudera.4/b8507b7c5d3fd9a3d01775272cbf1a63f530c19d/jetty-util-6.1.26.cloudera.4.jar, file:/Users/hpatel/.gradle/caches/modules-2/files-2.1/net.java.dev.jets3t/jets3t/0.9.0/792bc96ee7e57b89f472aa0cb5a31015b9f59c96/jets3t-0.9.0.jar, file:/Users/hpatel/.gradle/caches/modules-2/files-2.1/com.jamesmurty.utils/java-xmlbuilder/0.4/ac5962e48cdee3a0a6e1f8e00fcb594747ac5aaf/java-xmlbuilder-0.4.jar, file:/Users/hpatel/.gradle/caches/modules-2/files-2.1/com.google.protobuf/protobuf-java/2.5.0/a10732c76bfacdbd633a7eb0f7968b1059a65dfa/protobuf-java-2.5.0.jar, file:/Users/hpatel/.gradle/caches/modules-2/files-2.1/org.apache.hive/hive-exec/0.13.1-cdh5.3.3/4d935274127f47dd9c0875efcf317ba49aef1219/hive-exec-0.13.1-cdh5.3.3.jar, file:/Users/hpatel/.gradle/caches/modules-2/files-2.1/org.apache.hive/hive-ant/0.13.1-cdh5.3.3/86954e92a903253177cd6935798c50a6c32b7b81/hive-ant-0.13.1-cdh5.3.3.jar, file:/Users/hpatel/.gradle/caches/modules-2/files-2.1/org.antlr/antlr-runtime/3.4/8f011408269a8e42b8548687e137d8eeb56df4b4/antlr-runtime-3.4.jar, file:/Users/hpatel/.gradle/caches/modules-2/files-2.1/org.antlr/ST4/4.0.4/467a2aa12be6d0f0f68c70eecf6714ab733027ac/ST4-4.0.4.jar, file:/Users/hpatel/.gradle/caches/modules-2/files-2.1/org.apache.ant/ant/1.9.1/35900c96dbebc85dcfbd71f4661059ebcf93c077/ant-1.9.1.jar, file:/Users/hpatel/.gradle/caches/modules-2/files-2.1/org.codehaus.groovy/groovy-all/2.1.6/165b8246372a829c1915611646f6d964010656cf/groovy-all-2.1.6.jar, file:/Users/hpatel/.gradle/caches/modules-2/files-2.1/stax/stax-api/1.0.1/49c100caf72d658aca8e58bd74a4ba90fa2b0d70/stax-api-1.0.1.jar, file:/Users/hpatel/.gradle/caches/modules-2/files-2.1/org.apache.velocity/velocity/1.5/9f306baf7523ffc0e81a6353d08a584d254133b/velocity-1.5.jar, file:/Users/hpatel/.gradle/caches/modules-2/files-2.1/org.antlr/stringtemplate/3.2.1/59ec8083721eae215c6f3caee944c410d2be34de/stringtemplate-3.2.1.jar, file:/Users/hpatel/.gradle/caches/modules-2/files-2.1/antlr/antlr/2.7.7/83cd2cd674a217ade95a4bb83a8a14f351f48bd0/antlr-2.7.7.jar, file:/Users/hpatel/.gradle/caches/modules-2/files-2.1/org.apache.ant/ant-launcher/1.9.1/7c71043ca185eaada9e36391dd022d92859327de/ant-launcher-1.9.1.jar, file:/Users/hpatel/.gradle/caches/modules-2/files-2.1/oro/oro/2.0.8/5592374f834645c4ae250f4c9fbb314c9369d698/oro-2.0.8.jar, file:/Users/hpatel/.gradle/caches/modules-2/files-2.1/org.codehaus.jackson/jackson-core-asl/1.9.13/3c304d70f42f832e0a86d45bd437f692129299a4/jackson-core-asl-1.9.13.jar, file:/Users/hpatel/.gradle/caches/modules-2/files-2.1/org.codehaus.jackson/jackson-mapper-asl/1.9.13/1ee2f2bed0e5dd29d1cb155a166e6f8d50bbddb7/jackson-mapper-asl-1.9.13.jar, file:/Users/hpatel/.gradle/caches/modules-2/files-2.1/org.slf4j/slf4j-api/1.7.6/562424e36df3d2327e8e9301a76027fca17d54ea/slf4j-api-1.7.6.jar, file:/Users/hpatel/.gradle/caches/modules-2/files-2.1/com.sun.jersey/jersey-server/1.14/b1a21724c9b708ed54d42d41bb19ff45ae1d49d9/jersey-server-1.14.jar, file:/Users/hpatel/.gradle/caches/modules-2/files-2.1/org.apache.httpcomponents/httpclient/4.2.5/666e26e76f2e87d84e4f16acb546481ae1b8e9a6/httpclient-4.2.5.jar, file:/Users/hpatel/.gradle/caches/modules-2/files-2.1/org.apache.zookeeper/zookeeper/3.4.6/1b2502e29da1ebaade2357cd1de35a855fa3755/zookeeper-3.4.6.jar, file:/Users/hpatel/.gradle/caches/modules-2/files-2.1/com.google.guava/guava/16.0.1/5fa98cd1a63c99a44dd8d3b77e4762b066a5d0c5/guava-16.0.1.jar, file:/Users/hpatel/.gradle/caches/modules-2/files-2.1/org.codehaus.jackson/jackson-jaxrs/1.8.8/71b16055388e9bd3991c3c3834e8e55098b789f1/jackson-jaxrs-1.8.8.jar, file:/Users/hpatel/.gradle/caches/modules-2/files-2.1/org.codehaus.jackson/jackson-xc/1.8.8/52efa08bc1e4cfea168f552b9e3088297d9d0926/jackson-xc-1.8.8.jar, file:/Users/hpatel/.gradle/caches/modules-2/files-2.1/org.apache.hive/hive-metastore/0.13.1-cdh5.3.3/ca93686a17f064a5ab6587799721cddd7836e53a/hive-metastore-0.13.1-cdh5.3.3.jar, file:/Users/hpatel/.gradle/caches/modules-2/files-2.1/com.jolbox/bonecp/0.8.0.RELEASE/cec24ee9345b3678472bb1b8fdd6aa6b9428beb8/bonecp-0.8.0.RELEASE.jar, file:/Users/hpatel/.gradle/caches/modules-2/files-2.1/org.apache.derby/derby/10.10.1.1/9f6f910f0373adc1b23c10f9b4bb151b7e7449f/derby-10.10.1.1.jar, file:/Users/hpatel/.gradle/caches/modules-2/files-2.1/javax.jdo/jdo-api/3.0.1/58e7a538e020b73871e232eeb064835fd98a492/jdo-api-3.0.1.jar, file:/Users/hpatel/.gradle/caches/modules-2/files-2.1/javax.transaction/jta/1.1/2ca09f0b36ca7d71b762e14ea2ff09d5eac57558/jta-1.1.jar, file:/Users/hpatel/.gradle/caches/modules-2/files-2.1/org.apache.thrift/libthrift/0.9.0/9ba8df332b5db95ce7f3b7a83e44d796c3d014d3/libthrift-0.9.0.jar, file:/Users/hpatel/.gradle/caches/modules-2/files-2.1/org.apache.httpcomponents/httpcore/4.2.4/3b7f38df6de5dd8b500e602ae8c2dd5ee446f883/httpcore-4.2.4.jar, file:/Users/hpatel/.gradle/caches/modules-2/files-2.1/com.sun.jersey/jersey-core/1.14/693061de8b9b352b11e997b1dd4052677778852d/jersey-core-1.14.jar, file:/Users/hpatel/.gradle/caches/modules-2/files-2.1/commons-codec/commons-codec/1.6/b7f0fc8f61ecadeb3695f0b9464755eee44374d4/commons-codec-1.6.jar, file:/Users/hpatel/.gradle/caches/modules-2/files-2.1/io.netty/netty/3.7.0.Final/7a8c35599c68c0bf383df74469aa3e03d9aca87/netty-3.7.0.Final.jar]
15/09/06 13:13:54 INFO ExecReducer: thread classpath = [file:/Users/hpatel/.gradle/caches/2.1/workerMain/gradle-worker.jar, file:/Users/hpatel/Tech/Projects/CAT/ddsw_dev/hive-test/build/classes/test/, file:/Users/hpatel/Tech/Projects/CAT/ddsw_dev/hive-test/build/resources/test/, file:/Users/hpatel/Tech/Projects/CAT/ddsw_dev/hive-test/build/classes/main/, file:/Users/hpatel/Tech/Projects/CAT/ddsw_dev/hive-test/build/resources/main, file:/Users/hpatel/.gradle/caches/modules-2/files-2.1/junit/junit/4.11/4e031bb61df09069aeb2bffb4019e7a5034a4ee0/junit-4.11.jar, file:/Users/hpatel/.gradle/caches/modules-2/files-2.1/com.klarna/hiverunner/1.0.0/e26bb0655fff4d88fab91f331793d9fc1db392cc/HiveRunner-1.0.0.jar, file:/Users/hpatel/Tech/Projects/CAT/ddsw_dev/custom-cat-udfs/build/libs/custom-cat-udfs-0.1.38-SNAPSHOT.jar, file:/Users/hpatel/.gradle/caches/modules-2/files-2.1/org.apache.hadoop/hadoop-client/2.5.0-cdh5.3.3/ec3cd6a8cb043e73a42918934c5d3a3f2747c78b/hadoop-client-2.5.0-cdh5.3.3.jar, file:/Users/hpatel/.gradle/caches/modules-2/files-2.1/org.hsqldb/hsqldb/2.3.1/bd7153caa30958e1c64a3dd38b93e5a7442d9a0e/hsqldb-2.3.1.jar, file:/Users/hpatel/.gradle/caches/modules-2/files-2.1/org.apache.hadoop/hadoop-core/2.5.0-mr1-cdh5.3.3/f6f4a77f818757da51ae0244310855779c04c4be/hadoop-core-2.5.0-mr1-cdh5.3.3.jar, file:/Users/hpatel/.gradle/caches/modules-2/files-2.1/org.reflections/reflections/0.9.8/f723abb59bf512952bfc503838f70f81487a6993/reflections-0.9.8.jar, file:/Users/hpatel/.gradle/caches/modules-2/files-2.1/org.mockito/mockito-core/1.10.19/e8546f5bef4e061d8dd73895b4e8f40e3fe6effe/mockito-core-1.10.19.jar, file:/Users/hpatel/.gradle/caches/modules-2/files-2.1/org.hamcrest/hamcrest-core/1.3/42a25dc3219429f0e5d060061f71acb49bf010a0/hamcrest-core-1.3.jar, file:/Users/hpatel/.gradle/caches/modules-2/files-2.1/org.pentaho/pentaho-aggdesigner-algorithm/5.1.5-jhyde/c52379c645c6c85300e645dff7c72653bf85baa2/pentaho-aggdesigner-algorithm-5.1.5-jhyde.jar, file:/Users/hpatel/.gradle/caches/modules-2/files-2.1/org.apache.hive/hive-serde/0.13.1-cdh5.3.3/9cee47c844d726e9bcef6ab292e1319b7fbddaa3/hive-serde-0.13.1-cdh5.3.3.jar, file:/Users/hpatel/.gradle/caches/modules-2/files-2.1/org.apache.hadoop/hadoop-common/2.5.0-cdh5.3.3/f0862eb1dc33c1807ea29a248af75551e3c6836a/hadoop-common-2.5.0-cdh5.3.3.jar, file:/Users/hpatel/.gradle/caches/modules-2/files-2.1/org.apache.hive/hive-contrib/0.13.1-cdh5.3.3/bf89b429c9b173ac275dc0c1623f5c30e780ee98/hive-contrib-0.13.1-cdh5.3.3.jar, file:/Users/hpatel/.gradle/caches/modules-2/files-2.1/org.datanucleus/datanucleus-core/3.2.12/3212183bb5a2826cd5ff194b9a54619dd0bdf31f/datanucleus-core-3.2.12.jar, file:/Users/hpatel/.gradle/caches/modules-2/files-2.1/org.datanucleus/datanucleus-rdbms/3.2.11/5b053144c89fdff1505b853aa7f1e5ba7657da75/datanucleus-rdbms-3.2.11.jar, file:/Users/hpatel/.gradle/caches/modules-2/files-2.1/org.datanucleus/datanucleus-api-jdo/3.2.8/efc60221fbc91e95cf5758b98c6c5531660696cb/datanucleus-api-jdo-3.2.8.jar, file:/Users/hpatel/.gradle/caches/modules-2/files-2.1/org.apache.hive/hive-shims/0.13.1-cdh5.3.3/47b029532c0b9d45526dcdd858823e6f9634ab81/hive-shims-0.13.1-cdh5.3.3.jar, file:/Users/hpatel/.gradle/caches/modules-2/files-2.1/org.apache.commons/commons-lang3/3.3.1/6738a2da2202ce360f0af90aba005c1e05a2c4cd/commons-lang3-3.3.1.jar, file:/Users/hpatel/.gradle/caches/modules-2/files-2.1/joda-time/joda-time/2.3/56498efd17752898cfcc3868c1b6211a07b12b8f/joda-time-2.3.jar, file:/Users/hpatel/.gradle/caches/modules-2/files-2.1/org.apache.hadoop/hadoop-hdfs/2.5.0-cdh5.3.3/5dd5e2be13d89a9eaab89d3a33bcdf6677671aa9/hadoop-hdfs-2.5.0-cdh5.3.3.jar, file:/Users/hpatel/.gradle/caches/modules-2/files-2.1/org.apache.hadoop/hadoop-mapreduce-client-app/2.5.0-cdh5.3.3/579948f8fa6d9d72bf507bd021fa3dcc0670e95f/hadoop-mapreduce-client-app-2.5.0-cdh5.3.3.jar, file:/Users/hpatel/.gradle/caches/modules-2/files-2.1/org.apache.hadoop/hadoop-yarn-api/2.5.0-cdh5.3.3/a6d9b4b7cbcacd000350a3e33c70269101b5fc79/hadoop-yarn-api-2.5.0-cdh5.3.3.jar, file:/Users/hpatel/.gradle/caches/modules-2/files-2.1/org.apache.hadoop/hadoop-mapreduce-client-core/2.5.0-cdh5.3.3/f2c8eaa2b8a5839a7781f04cf59c4d1abfefec9e/hadoop-mapreduce-client-core-2.5.0-cdh5.3.3.jar, file:/Users/hpatel/.gradle/caches/modules-2/files-2.1/org.apache.hadoop/hadoop-mapreduce-client-jobclient/2.5.0-cdh5.3.3/f8baecab9a91245a97e29e4867a7f5ae128ef8a9/hadoop-mapreduce-client-jobclient-2.5.0-cdh5.3.3.jar, file:/Users/hpatel/.gradle/caches/modules-2/files-2.1/org.apache.hadoop/hadoop-aws/2.5.0-cdh5.3.3/f712d9cf59c859914254bed5c87ee4e5a2204e78/hadoop-aws-2.5.0-cdh5.3.3.jar, file:/Users/hpatel/.gradle/caches/modules-2/files-2.1/org.apache.hadoop/hadoop-annotations/2.5.0-cdh5.3.3/e3b40743127d82ff7a6f263d00419368a46ce608/hadoop-annotations-2.5.0-cdh5.3.3.jar, file:/Users/hpatel/.gradle/caches/modules-2/files-2.1/commons-collections/commons-collections/3.2.1/761ea405b9b37ced573d2df0d1e3a4e0f9edc668/commons-collections-3.2.1.jar, file:/Users/hpatel/.gradle/caches/modules-2/files-2.1/commons-configuration/commons-configuration/1.6/32cadde23955d7681b0d94a2715846d20b425235/commons-configuration-1.6.jar, file:/Users/hpatel/.gradle/caches/modules-2/files-2.1/jline/jline/0.9.94/99a18e9a44834afdebc467294e1138364c207402/jline-0.9.94.jar, file:/Users/hpatel/.gradle/caches/modules-2/files-2.1/commons-cli/commons-cli/1.2/2bf96b7aa8b611c177d329452af1dc933e14501c/commons-cli-1.2.jar, file:/Users/hpatel/.gradle/caches/modules-2/files-2.1/xmlenc/xmlenc/0.52/d82554efbe65906d83b3d97bd7509289e9db561a/xmlenc-0.52.jar, file:/Users/hpatel/.gradle/caches/modules-2/files-2.1/commons-httpclient/commons-httpclient/3.1/964cd74171f427720480efdec40a7c7f6e58426a/commons-httpclient-3.1.jar, file:/Users/hpatel/.gradle/caches/modules-2/files-2.1/commons-net/commons-net/3.1/2298164a7c2484406f2aa5ac85b205d39019896f/commons-net-3.1.jar, file:/Users/hpatel/.gradle/caches/modules-2/files-2.1/tomcat/jasper-runtime/5.5.23/96ca5528a93ab47b001476b74320c644beb89dde/jasper-runtime-5.5.23.jar, file:/Users/hpatel/.gradle/caches/modules-2/files-2.1/tomcat/jasper-compiler/5.5.23/6d35bd7fb8c4fbc1f5401fb3678aa976d2e4c241/jasper-compiler-5.5.23.jar, file:/Users/hpatel/.gradle/caches/modules-2/files-2.1/javax.servlet.jsp/jsp-api/2.1/63f943103f250ef1f3a4d5e94d145a0f961f5316/jsp-api-2.1.jar, file:/Users/hpatel/.gradle/caches/modules-2/files-2.1/commons-el/commons-el/1.0/1df2c042b3f2de0124750241ac6c886dbfa2cc2c/commons-el-1.0.jar, file:/Users/hpatel/.gradle/caches/modules-2/files-2.1/javax.servlet/servlet-api/2.5/5959582d97d8b61f4d154ca9e495aafd16726e34/servlet-api-2.5.jar, file:/Users/hpatel/.gradle/caches/modules-2/files-2.1/hsqldb/hsqldb/1.8.0.10/7e9978fdb754bce5fcd5161133e7734ecb683036/hsqldb-1.8.0.10.jar, file:/Users/hpatel/.gradle/caches/modules-2/files-2.1/org.eclipse.jdt/core/3.1.1/88c83ce444cf46d02494da37c9fa1eebc9ce9cea/core-3.1.1.jar, file:/Users/hpatel/.gradle/caches/modules-2/files-2.1/javassist/javassist/3.12.1.GA/526633327faa61aee448a519e8a4d53ec3057885/javassist-3.12.1.GA.jar, file:/Users/hpatel/.gradle/caches/modules-2/files-2.1/dom4j/dom4j/1.6.1/5d3ccc056b6f056dbf0dddfdf43894b9065a8f94/dom4j-1.6.1.jar, file:/Users/hpatel/.gradle/caches/modules-2/files-2.1/org.objenesis/objenesis/2.1/87c0ea803b69252868d09308b4618f766f135a96/objenesis-2.1.jar, file:/Users/hpatel/.gradle/caches/modules-2/files-2.1/commons-logging/commons-logging/1.1.3/f6f66e966c70a83ffbdb6f17a0919eaf7c8aca7f/commons-logging-1.1.3.jar, file:/Users/hpatel/.gradle/caches/modules-2/files-2.1/org.apache.hive/hive-common/0.13.1-cdh5.3.3/e3fbf24d30a553c50ae4d4eed23f81b0e1211c5a/hive-common-0.13.1-cdh5.3.3.jar, file:/Users/hpatel/.gradle/caches/modules-2/files-2.1/org.apache.avro/avro/1.7.6-cdh5.3.3/6d90271293977d199ed07002bf35e2805405cc64/avro-1.7.6-cdh5.3.3.jar, file:/Users/hpatel/.gradle/caches/modules-2/files-2.1/net.sf.opencsv/opencsv/2.3/c23708cdb9e80a144db433e23344a788a1fd6599/opencsv-2.3.jar, file:/Users/hpatel/.gradle/caches/modules-2/files-2.1/com.sun.jersey/jersey-servlet/1.14/4b87041a59ee152757b62e47a21d5b63fde20ffe/jersey-servlet-1.14.jar, file:/Users/hpatel/.gradle/caches/modules-2/files-2.1/org.slf4j/slf4j-log4j12/1.7.5/6edffc576ce104ec769d954618764f39f0f0f10d/slf4j-log4j12-1.7.5.jar, file:/Users/hpatel/.gradle/caches/modules-2/files-2.1/org.apache.commons/commons-math3/3.1.1/6719d757a98ff24a83d9d727bef9cec83f59b6e1/commons-math3-3.1.1.jar, file:/Users/hpatel/.gradle/caches/modules-2/files-2.1/commons-io/commons-io/2.4/b1b6ea3b7e4aa4f492509a4952029cd8e48019ad/commons-io-2.4.jar, file:/Users/hpatel/.gradle/caches/modules-2/files-2.1/com.sun.jersey/jersey-json/1.9/1aa73e1896bcc7013fed247157d7f676226eb432/jersey-json-1.9.jar, file:/Users/hpatel/.gradle/caches/modules-2/files-2.1/log4j/log4j/1.2.17/5af35056b4d257e4b64b9e8069c0746e8b08629f/log4j-1.2.17.jar, file:/Users/hpatel/.gradle/caches/modules-2/files-2.1/com.google.code.gson/gson/2.2.4/a60a5e993c98c864010053cb901b7eab25306568/gson-2.2.4.jar, file:/Users/hpatel/.gradle/caches/modules-2/files-2.1/org.apache.hadoop/hadoop-auth/2.5.0-cdh5.3.3/847eb288da72acfdd7d202da5149dec6cd20ceba/hadoop-auth-2.5.0-cdh5.3.3.jar, file:/Users/hpatel/.gradle/caches/modules-2/files-2.1/com.jcraft/jsch/0.1.42/a86104b0f2e0c0bab5b0df836065823a99b5e334/jsch-0.1.42.jar, file:/Users/hpatel/.gradle/caches/modules-2/files-2.1/org.apache.curator/curator-client/2.6.0/b9007c357ad1a78066fc6004e8b1feaa2318f6f3/curator-client-2.6.0.jar, file:/Users/hpatel/.gradle/caches/modules-2/files-2.1/org.apache.curator/curator-recipes/2.6.0/8736b0fc42e6bf006d585fe85c90aaa4ade5cbef/curator-recipes-2.6.0.jar, file:/Users/hpatel/.gradle/caches/modules-2/files-2.1/com.google.code.findbugs/jsr305/1.3.9/40719ea6961c0cb6afaeb6a921eaa1f6afd4cfdf/jsr305-1.3.9.jar, file:/Users/hpatel/.gradle/caches/modules-2/files-2.1/org.apache.commons/commons-compress/1.4.1/b02e84a993d88568417536240e970c4b809126fd/commons-compress-1.4.1.jar, file:/Users/hpatel/.gradle/caches/modules-2/files-2.1/org.apache.hive.shims/hive-shims-common/0.13.1-cdh5.3.3/3d9e5245018fbde18f52c4ab25fc35afdec2fc0a/hive-shims-common-0.13.1-cdh5.3.3.jar, file:/Users/hpatel/.gradle/caches/modules-2/files-2.1/org.apache.hive.shims/hive-shims-common-secure/0.13.1-cdh5.3.3/6b29a16b2a41b89bdbbc681c257ad7f766a90bcb/hive-shims-common-secure-0.13.1-cdh5.3.3.jar, file:/Users/hpatel/.gradle/caches/modules-2/files-2.1/org.apache.hive.shims/hive-shims-0.23/0.13.1-cdh5.3.3/7ab834955a767af200d1d9151c204751637d9ca9/hive-shims-0.23-0.13.1-cdh5.3.3.jar, file:/Users/hpatel/.gradle/caches/modules-2/files-2.1/org.apache.hive.shims/hive-shims-scheduler/0.13.1-cdh5.3.3/b6644420b74f936a838f7f3fd2fa19c19add0449/hive-shims-scheduler-0.13.1-cdh5.3.3.jar, file:/Users/hpatel/.gradle/caches/modules-2/files-2.1/org.apache.hadoop/hadoop-mapreduce-client-common/2.5.0-cdh5.3.3/f0d777bb76ca9f540c0c81a45934f0f5cf9975b8/hadoop-mapreduce-client-common-2.5.0-cdh5.3.3.jar, file:/Users/hpatel/.gradle/caches/modules-2/files-2.1/org.apache.hadoop/hadoop-mapreduce-client-shuffle/2.5.0-cdh5.3.3/b6c4316f6fcc406edf7e5bd77c50e46034ad5519/hadoop-mapreduce-client-shuffle-2.5.0-cdh5.3.3.jar, file:/Users/hpatel/.gradle/caches/modules-2/files-2.1/org.apache.hadoop/hadoop-yarn-common/2.5.0-cdh5.3.3/9499713b674eae1aa714fcd0e95e0d09daaf3824/hadoop-yarn-common-2.5.0-cdh5.3.3.jar, file:/Users/hpatel/.gradle/caches/modules-2/files-2.1/com.fasterxml.jackson.core/jackson-databind/2.2.3/3ae380888029daefb91d3ecdca3a37d8cb92bc9/jackson-databind-2.2.3.jar, file:/Users/hpatel/.gradle/caches/modules-2/files-2.1/com.fasterxml.jackson.core/jackson-annotations/2.2.3/527fece4f23a457070a36c371a26d6c0208e1c3/jackson-annotations-2.2.3.jar, file:/Users/hpatel/.gradle/caches/modules-2/files-2.1/com.amazonaws/aws-java-sdk/1.7.4/2c24ccb6f1ab845a7df971951d4b41c709a6517d/aws-java-sdk-1.7.4.jar, file:/Users/hpatel/.gradle/caches/modules-2/files-2.1/commons-digester/commons-digester/1.8/dc6a73fdbd1fa3f0944e8497c6c872fa21dca37e/commons-digester-1.8.jar, file:/Users/hpatel/.gradle/caches/modules-2/files-2.1/commons-beanutils/commons-beanutils-core/1.8.0/175dc721f87e4bc5cc0573f990e28c3cf9117508/commons-beanutils-core-1.8.0.jar, file:/Users/hpatel/.gradle/caches/modules-2/files-2.1/xml-apis/xml-apis/1.0.b2/3136ca936f64c9d68529f048c2618bd356bf85c9/xml-apis-1.0.b2.jar, file:/Users/hpatel/.gradle/caches/modules-2/files-2.1/com.thoughtworks.paranamer/paranamer/2.3/4a85963a752c0a2f715c3924bfc686865e7e1bc6/paranamer-2.3.jar, file:/Users/hpatel/.gradle/caches/modules-2/files-2.1/org.xerial.snappy/snappy-java/1.0.5/10cb4550360a0ec6b80f09a5209d00b6058e82bf/snappy-java-1.0.5.jar, file:/Users/hpatel/.gradle/caches/modules-2/files-2.1/org.codehaus.jettison/jettison/1.1/1a01a2a1218fcf9faa2cc2a6ced025bdea687262/jettison-1.1.jar, file:/Users/hpatel/.gradle/caches/modules-2/files-2.1/com.sun.xml.bind/jaxb-impl/2.2.3-1/56baae106392040a45a06d4a41099173425da1e6/jaxb-impl-2.2.3-1.jar, file:/Users/hpatel/.gradle/caches/modules-2/files-2.1/org.apache.directory.server/apacheds-kerberos-codec/2.0.0-M15/1c16e4e477183641c5f0dd5cdecd27ec331bacb5/apacheds-kerberos-codec-2.0.0-M15.jar, file:/Users/hpatel/.gradle/caches/modules-2/files-2.1/org.apache.curator/curator-framework/2.6.0/81a699c39d127b5b4ff97cc77da7650b53e5b5ed/curator-framework-2.6.0.jar, file:/Users/hpatel/.gradle/caches/modules-2/files-2.1/org.tukaani/xz/1.0/ecff5cb8b1189514c9d1d8d68eb77ac372e000c9/xz-1.0.jar, file:/Users/hpatel/.gradle/caches/modules-2/files-2.1/org.apache.hadoop/hadoop-yarn-client/2.5.0-cdh5.3.3/2d2ce5d0138d02b20aefcfc1ee8dd6f691911f63/hadoop-yarn-client-2.5.0-cdh5.3.3.jar, file:/Users/hpatel/.gradle/caches/modules-2/files-2.1/org.apache.hadoop/hadoop-yarn-server-common/2.5.0-cdh5.3.3/d099fcc19f56d477fa6b5b47ae4e06bb97538778/hadoop-yarn-server-common-2.5.0-cdh5.3.3.jar, file:/Users/hpatel/.gradle/caches/modules-2/files-2.1/org.apache.hadoop/hadoop-yarn-server-nodemanager/2.5.0-cdh5.3.3/278b2d7a6454ce57a94ab02a88c0b188afc8facc/hadoop-yarn-server-nodemanager-2.5.0-cdh5.3.3.jar, file:/Users/hpatel/.gradle/caches/modules-2/files-2.1/org.fusesource.leveldbjni/leveldbjni-all/1.8/707350a2eeb1fa2ed77a32ddb3893ed308e941db/leveldbjni-all-1.8.jar, file:/Users/hpatel/.gradle/caches/modules-2/files-2.1/javax.xml.bind/jaxb-api/2.2.2/aeb3021ca93dde265796d82015beecdcff95bf09/jaxb-api-2.2.2.jar, file:/Users/hpatel/.gradle/caches/modules-2/files-2.1/com.google.inject/guice/3.0/9d84f15fe35e2c716a02979fb62f50a29f38aefa/guice-3.0.jar, file:/Users/hpatel/.gradle/caches/modules-2/files-2.1/com.sun.jersey.contribs/jersey-guice/1.9/5963c28c47df7e5d6ad34cec80c071c368777f7b/jersey-guice-1.9.jar, file:/Users/hpatel/.gradle/caches/modules-2/files-2.1/com.fasterxml.jackson.core/jackson-core/2.2.3/1a0113da2cab5f4c216b4e5e7c1dbfaa67087e14/jackson-core-2.2.3.jar, file:/Users/hpatel/.gradle/caches/modules-2/files-2.1/commons-beanutils/commons-beanutils/1.7.0/5675fd96b29656504b86029551973d60fb41339b/commons-beanutils-1.7.0.jar, file:/Users/hpatel/.gradle/caches/modules-2/files-2.1/org.apache.directory.server/apacheds-i18n/2.0.0-M15/71c61c84683152ec2a6a65f3f96fe534e304fa22/apacheds-i18n-2.0.0-M15.jar, file:/Users/hpatel/.gradle/caches/modules-2/files-2.1/org.apache.directory.api/api-asn1-api/1.0.0-M20/5e6486ffa3125ba44dc410ead166e1d6ba8ac76d/api-asn1-api-1.0.0-M20.jar, file:/Users/hpatel/.gradle/caches/modules-2/files-2.1/org.apache.directory.api/api-util/1.0.0-M20/a871abf060b3cf83fc6dc4d7e3d151fce50ac3cb/api-util-1.0.0-M20.jar, file:/Users/hpatel/.gradle/caches/modules-2/files-2.1/com.sun.jersey/jersey-client/1.9/d3c4b2b5f89db32c96ceddcb863684821910a7bb/jersey-client-1.9.jar, file:/Users/hpatel/.gradle/caches/modules-2/files-2.1/javax.xml.stream/stax-api/1.0-2/d6337b0de8b25e53e81b922352fbea9f9f57ba0b/stax-api-1.0-2.jar, file:/Users/hpatel/.gradle/caches/modules-2/files-2.1/javax.activation/activation/1.1/e6cb541461c2834bdea3eb920f1884d1eb508b50/activation-1.1.jar, file:/Users/hpatel/.gradle/caches/modules-2/files-2.1/javax.inject/javax.inject/1/6975da39a7040257bd51d21a231b76c915872d38/javax.inject-1.jar, file:/Users/hpatel/.gradle/caches/modules-2/files-2.1/aopalliance/aopalliance/1.0/235ba8b489512805ac13a8f9ea77a1ca5ebe3e8/aopalliance-1.0.jar, file:/Users/hpatel/.gradle/caches/modules-2/files-2.1/org.sonatype.sisu.inject/cglib/2.2.1-v20090111/7ce5e983fd0e6c78346f4c9cbfa39d83049dda2/cglib-2.2.1-v20090111.jar, file:/Users/hpatel/.gradle/caches/modules-2/files-2.1/asm/asm/3.1/c157def142714c544bdea2e6144645702adf7097/asm-3.1.jar, file:/Users/hpatel/.gradle/caches/modules-2/files-2.1/org.apache.hive/hive-service/0.13.1-cdh5.3.3/c7979b4213bfb62823d43ba726e0fea58032dd1e/hive-service-0.13.1-cdh5.3.3.jar, file:/Users/hpatel/.gradle/caches/modules-2/files-2.1/net.sf.jpam/jpam/1.1/cb3d91c2dfda767518a371dbb02edfd6a4aa0600/jpam-1.1.jar, file:/Users/hpatel/.gradle/caches/modules-2/files-2.1/org.eclipse.jetty.aggregate/jetty-all/7.6.0.v20120127/47bb68e3837e5c6422138dd1e0d4d75c60dce87a/jetty-all-7.6.0.v20120127.jar, file:/Users/hpatel/.gradle/caches/modules-2/files-2.1/org.apache.thrift/libfb303/0.9.0/639bd69767fdbd7f658ce8233248fe1cea635164/libfb303-0.9.0.jar, file:/Users/hpatel/.gradle/caches/modules-2/files-2.1/org.apache.geronimo.specs/geronimo-jta_1.1_spec/1.1.1/aabab3165b8ea936b9360abbf448459c0d04a5a4/geronimo-jta_1.1_spec-1.1.1.jar, file:/Users/hpatel/.gradle/caches/modules-2/files-2.1/javax.mail/mail/1.4.1/8b7bc69010655425dabf091b51d1e90b4de36715/mail-1.4.1.jar, file:/Users/hpatel/.gradle/caches/modules-2/files-2.1/org.apache.geronimo.specs/geronimo-jaspic_1.0_spec/1.0/44b95be7dae1147716dce5336419eafade880756/geronimo-jaspic_1.0_spec-1.0.jar, file:/Users/hpatel/.gradle/caches/modules-2/files-2.1/org.apache.geronimo.specs/geronimo-annotation_1.0_spec/1.1.1/47caa799389f69d297b86bf90523d431599c3796/geronimo-annotation_1.0_spec-1.1.1.jar, file:/Users/hpatel/.gradle/caches/modules-2/files-2.1/asm/asm-commons/3.1/1b607fbfe7889c6fdff1b7c16439ade0a60869ac/asm-commons-3.1.jar, file:/Users/hpatel/.gradle/caches/modules-2/files-2.1/asm/asm-tree/3.1/c9a5d4334ddf194ea492f22107d45119a5c5322f/asm-tree-3.1.jar, file:/Users/hpatel/.gradle/caches/modules-2/files-2.1/commons-lang/commons-lang/2.6/ce1edb914c94ebc388f086c6827e8bdeec71ac2/commons-lang-2.6.jar, file:/Users/hpatel/.gradle/caches/modules-2/files-2.1/org.mortbay.jetty/jetty/6.1.26.cloudera.4/d59325a5ff8ff18f7543bc3fbb9d5efa0c0ff521/jetty-6.1.26.cloudera.4.jar, file:/Users/hpatel/.gradle/caches/modules-2/files-2.1/org.mortbay.jetty/jetty-util/6.1.26.cloudera.4/b8507b7c5d3fd9a3d01775272cbf1a63f530c19d/jetty-util-6.1.26.cloudera.4.jar, file:/Users/hpatel/.gradle/caches/modules-2/files-2.1/net.java.dev.jets3t/jets3t/0.9.0/792bc96ee7e57b89f472aa0cb5a31015b9f59c96/jets3t-0.9.0.jar, file:/Users/hpatel/.gradle/caches/modules-2/files-2.1/com.jamesmurty.utils/java-xmlbuilder/0.4/ac5962e48cdee3a0a6e1f8e00fcb594747ac5aaf/java-xmlbuilder-0.4.jar, file:/Users/hpatel/.gradle/caches/modules-2/files-2.1/com.google.protobuf/protobuf-java/2.5.0/a10732c76bfacdbd633a7eb0f7968b1059a65dfa/protobuf-java-2.5.0.jar, file:/Users/hpatel/.gradle/caches/modules-2/files-2.1/org.apache.hive/hive-exec/0.13.1-cdh5.3.3/4d935274127f47dd9c0875efcf317ba49aef1219/hive-exec-0.13.1-cdh5.3.3.jar, file:/Users/hpatel/.gradle/caches/modules-2/files-2.1/org.apache.hive/hive-ant/0.13.1-cdh5.3.3/86954e92a903253177cd6935798c50a6c32b7b81/hive-ant-0.13.1-cdh5.3.3.jar, file:/Users/hpatel/.gradle/caches/modules-2/files-2.1/org.antlr/antlr-runtime/3.4/8f011408269a8e42b8548687e137d8eeb56df4b4/antlr-runtime-3.4.jar, file:/Users/hpatel/.gradle/caches/modules-2/files-2.1/org.antlr/ST4/4.0.4/467a2aa12be6d0f0f68c70eecf6714ab733027ac/ST4-4.0.4.jar, file:/Users/hpatel/.gradle/caches/modules-2/files-2.1/org.apache.ant/ant/1.9.1/35900c96dbebc85dcfbd71f4661059ebcf93c077/ant-1.9.1.jar, file:/Users/hpatel/.gradle/caches/modules-2/files-2.1/org.codehaus.groovy/groovy-all/2.1.6/165b8246372a829c1915611646f6d964010656cf/groovy-all-2.1.6.jar, file:/Users/hpatel/.gradle/caches/modules-2/files-2.1/stax/stax-api/1.0.1/49c100caf72d658aca8e58bd74a4ba90fa2b0d70/stax-api-1.0.1.jar, file:/Users/hpatel/.gradle/caches/modules-2/files-2.1/org.apache.velocity/velocity/1.5/9f306baf7523ffc0e81a6353d08a584d254133b/velocity-1.5.jar, file:/Users/hpatel/.gradle/caches/modules-2/files-2.1/org.antlr/stringtemplate/3.2.1/59ec8083721eae215c6f3caee944c410d2be34de/stringtemplate-3.2.1.jar, file:/Users/hpatel/.gradle/caches/modules-2/files-2.1/antlr/antlr/2.7.7/83cd2cd674a217ade95a4bb83a8a14f351f48bd0/antlr-2.7.7.jar, file:/Users/hpatel/.gradle/caches/modules-2/files-2.1/org.apache.ant/ant-launcher/1.9.1/7c71043ca185eaada9e36391dd022d92859327de/ant-launcher-1.9.1.jar, file:/Users/hpatel/.gradle/caches/modules-2/files-2.1/oro/oro/2.0.8/5592374f834645c4ae250f4c9fbb314c9369d698/oro-2.0.8.jar, file:/Users/hpatel/.gradle/caches/modules-2/files-2.1/org.codehaus.jackson/jackson-core-asl/1.9.13/3c304d70f42f832e0a86d45bd437f692129299a4/jackson-core-asl-1.9.13.jar, file:/Users/hpatel/.gradle/caches/modules-2/files-2.1/org.codehaus.jackson/jackson-mapper-asl/1.9.13/1ee2f2bed0e5dd29d1cb155a166e6f8d50bbddb7/jackson-mapper-asl-1.9.13.jar, file:/Users/hpatel/.gradle/caches/modules-2/files-2.1/org.slf4j/slf4j-api/1.7.6/562424e36df3d2327e8e9301a76027fca17d54ea/slf4j-api-1.7.6.jar, file:/Users/hpatel/.gradle/caches/modules-2/files-2.1/com.sun.jersey/jersey-server/1.14/b1a21724c9b708ed54d42d41bb19ff45ae1d49d9/jersey-server-1.14.jar, file:/Users/hpatel/.gradle/caches/modules-2/files-2.1/org.apache.httpcomponents/httpclient/4.2.5/666e26e76f2e87d84e4f16acb546481ae1b8e9a6/httpclient-4.2.5.jar, file:/Users/hpatel/.gradle/caches/modules-2/files-2.1/org.apache.zookeeper/zookeeper/3.4.6/1b2502e29da1ebaade2357cd1de35a855fa3755/zookeeper-3.4.6.jar, file:/Users/hpatel/.gradle/caches/modules-2/files-2.1/com.google.guava/guava/16.0.1/5fa98cd1a63c99a44dd8d3b77e4762b066a5d0c5/guava-16.0.1.jar, file:/Users/hpatel/.gradle/caches/modules-2/files-2.1/org.codehaus.jackson/jackson-jaxrs/1.8.8/71b16055388e9bd3991c3c3834e8e55098b789f1/jackson-jaxrs-1.8.8.jar, file:/Users/hpatel/.gradle/caches/modules-2/files-2.1/org.codehaus.jackson/jackson-xc/1.8.8/52efa08bc1e4cfea168f552b9e3088297d9d0926/jackson-xc-1.8.8.jar, file:/Users/hpatel/.gradle/caches/modules-2/files-2.1/org.apache.hive/hive-metastore/0.13.1-cdh5.3.3/ca93686a17f064a5ab6587799721cddd7836e53a/hive-metastore-0.13.1-cdh5.3.3.jar, file:/Users/hpatel/.gradle/caches/modules-2/files-2.1/com.jolbox/bonecp/0.8.0.RELEASE/cec24ee9345b3678472bb1b8fdd6aa6b9428beb8/bonecp-0.8.0.RELEASE.jar, file:/Users/hpatel/.gradle/caches/modules-2/files-2.1/org.apache.derby/derby/10.10.1.1/9f6f910f0373adc1b23c10f9b4bb151b7e7449f/derby-10.10.1.1.jar, file:/Users/hpatel/.gradle/caches/modules-2/files-2.1/javax.jdo/jdo-api/3.0.1/58e7a538e020b73871e232eeb064835fd98a492/jdo-api-3.0.1.jar, file:/Users/hpatel/.gradle/caches/modules-2/files-2.1/javax.transaction/jta/1.1/2ca09f0b36ca7d71b762e14ea2ff09d5eac57558/jta-1.1.jar, file:/Users/hpatel/.gradle/caches/modules-2/files-2.1/org.apache.thrift/libthrift/0.9.0/9ba8df332b5db95ce7f3b7a83e44d796c3d014d3/libthrift-0.9.0.jar, file:/Users/hpatel/.gradle/caches/modules-2/files-2.1/org.apache.httpcomponents/httpcore/4.2.4/3b7f38df6de5dd8b500e602ae8c2dd5ee446f883/httpcore-4.2.4.jar, file:/Users/hpatel/.gradle/caches/modules-2/files-2.1/com.sun.jersey/jersey-core/1.14/693061de8b9b352b11e997b1dd4052677778852d/jersey-core-1.14.jar, file:/Users/hpatel/.gradle/caches/modules-2/files-2.1/commons-codec/commons-codec/1.6/b7f0fc8f61ecadeb3695f0b9464755eee44374d4/commons-codec-1.6.jar, file:/Users/hpatel/.gradle/caches/modules-2/files-2.1/io.netty/netty/3.7.0.Final/7a8c35599c68c0bf383df74469aa3e03d9aca87/netty-3.7.0.Final.jar]
15/09/06 13:13:54 INFO mr.ObjectCache: Ignoring retrieval request: __REDUCE_PLAN__
15/09/06 13:13:54 INFO log.PerfLogger: <PERFLOG method=deserializePlan from=org.apache.hadoop.hive.ql.exec.Utilities>
15/09/06 13:13:54 INFO exec.Utilities: Deserializing ReduceWork via kryo
15/09/06 13:13:54 INFO log.PerfLogger: </PERFLOG method=deserializePlan start=1441563234424 end=1441563234433 duration=9 from=org.apache.hadoop.hive.ql.exec.Utilities>
15/09/06 13:13:54 INFO mr.ObjectCache: Ignoring cache key: __REDUCE_PLAN__
15/09/06 13:13:54 INFO ExecReducer: 
<EX>Id =177
  <Children>
    <FS>Id =178
      <Children>
      <\Children>
      <Parent>Id = 177 null<\Parent>
    <\FS>
  <\Children>
  <Parent><\Parent>
<\EX>
15/09/06 13:13:54 INFO exec.ExtractOperator: Initializing Self 177 EX
15/09/06 13:13:54 INFO exec.ExtractOperator: Operator 177 EX initialized
15/09/06 13:13:54 INFO exec.ExtractOperator: Initializing children of 177 EX
15/09/06 13:13:54 INFO exec.FileSinkOperator: Initializing child 178 FS
15/09/06 13:13:54 INFO exec.FileSinkOperator: Initializing Self 178 FS
15/09/06 13:13:54 INFO avro.AvroSerDe: Avro schema is {"type":"record","name":"DEALER_HIERARCHY_CORE","doc":"Sqoop import of DEALER_HIERARCHY","fields":[{"name":"File_Name","type":["string","null"],"columnName":"File_Name"},{"name":"GEN_ID","type":["string","null"],"columnName":"GEN_ID"},{"name":"DMS_SYSTEM","type":["string","null"],"columnName":"DMS_SYSTEM"},{"name":"DMS_VERSION","type":["string","null"],"columnName":"DMS_VERSION"},{"name":"TRANSMIT_TS","type":["string","null"],"columnName":"TRANSMIT_TS"},{"name":"ORIG_TRANSMIT_TS","type":["string","null"],"columnName":"TRANSMIT_TS"},{"name":"TRANSMIT_BY","type":["string","null"],"columnName":"TRANSMIT_BY"},{"name":"RECORD_STATUS","type":["string","null"],"columnName":"RECORD_STATUS"},{"name":"DEALER_UPDT_IND","type":["string","null"],"columnName":"DEALER_UPDT_IND","sqlType":"1"},{"name":"STORE_NUMBER","type":["string","null"],"columnName":"STORE_NUMBER"},{"name":"PART_TYPE","type":["string","null"],"columnName":"PART_TYPE"},{"name":"STORE_NAME","type":["string","null"],"columnName":"STORE_NAME"},{"name":"INVENTORY_STORE_NUMBER","type":["string","null"],"columnName":"INVENTORY_STORE_NUMBER"},{"name":"CAT_EMRG_DEALER_CODE","type":["string","null"],"columnName":"CAT_EMRG_DEALER_CODE"},{"name":"CAT_STOCK_DEALER_CODE","type":["string","null"],"columnName":"CAT_STOCK_DEALER_CODE"},{"name":"STOCK_REPLEN_STORE_NUMBER","type":["string","null"],"columnName":"STOCK_REPLEN_STORE_NUMBER"},{"name":"STOCK_REPLEN_LEAD_TIME","type":["string","null"],"columnName":"STOCK_REPLEN_LEAD_TIME"},{"name":"LST_UPDT_TS","type":["string","null"],"columnName":"LST_UPDT_TS"},{"name":"ORIG_LST_UPDT_TS","type":["string","null"],"columnName":"ORIG_LST_UPDT_TS"},{"name":"LST_UPDT_BY_ID","type":["string","null"],"columnName":"LST_UPDT_BY_ID"},{"name":"FILE_INS_TS","type":["string","null"],"columnName":"FILE_INS_TS"},{"name":"ORIG_FILE_INS_TS","type":["string","null"],"columnName":"ORIG_FILE_INS_TS"},{"name":"EXP_STOCK_PLAN_LEAD_TIME","type":["string","null"],"columnName":"EXP_STOCK_PLAN_LEAD_TIME"}],"tableName":"DEALER_HIERARCHY_CORE"}
15/09/06 13:13:54 INFO avro.AvroSerDe: Configuration null, not inserting schema
15/09/06 13:13:54 INFO exec.FileSinkOperator: Operator 178 FS initialized
15/09/06 13:13:54 INFO exec.FileSinkOperator: Initialization Done 178 FS
15/09/06 13:13:54 INFO exec.ExtractOperator: Initialization Done 177 EX
15/09/06 13:13:54 INFO exec.FileSinkOperator: Final Path: FS file:/var/folders/y7/4_pz5fzx54ngcmghz3v6t3m00000gn/T/junit5553221789791449242/hadooptmp/dealer_hierarchy/core_data/.hive-staging_hive_2015-09-06_13-13-54_211_7908536599165873804-1/_tmp.-ext-10000/dealer_code=AAAA/000000_0
15/09/06 13:13:54 INFO exec.FileSinkOperator: Writing to temp file: FS file:/var/folders/y7/4_pz5fzx54ngcmghz3v6t3m00000gn/T/junit5553221789791449242/hadooptmp/dealer_hierarchy/core_data/.hive-staging_hive_2015-09-06_13-13-54_211_7908536599165873804-1/_task_tmp.-ext-10000/dealer_code=AAAA/_tmp.000000_0
15/09/06 13:13:54 INFO exec.FileSinkOperator: New Final Path: FS file:/var/folders/y7/4_pz5fzx54ngcmghz3v6t3m00000gn/T/junit5553221789791449242/hadooptmp/dealer_hierarchy/core_data/.hive-staging_hive_2015-09-06_13-13-54_211_7908536599165873804-1/_tmp.-ext-10000/dealer_code=AAAA/000000_0
15/09/06 13:13:54 INFO ExecReducer: ExecReducer: processing 1 rows: used memory = 701076504
15/09/06 13:13:54 INFO lazybinary.LazyBinaryStruct: Missing fields! Expected 24 fields but only got 24! Ignoring similar problems.
15/09/06 13:13:54 INFO exec.FileSinkOperator: Final Path: FS file:/var/folders/y7/4_pz5fzx54ngcmghz3v6t3m00000gn/T/junit5553221789791449242/hadooptmp/dealer_hierarchy/core_data/.hive-staging_hive_2015-09-06_13-13-54_211_7908536599165873804-1/_tmp.-ext-10000/dealer_code=ZZZZ/000000_0
15/09/06 13:13:54 INFO exec.FileSinkOperator: Writing to temp file: FS file:/var/folders/y7/4_pz5fzx54ngcmghz3v6t3m00000gn/T/junit5553221789791449242/hadooptmp/dealer_hierarchy/core_data/.hive-staging_hive_2015-09-06_13-13-54_211_7908536599165873804-1/_task_tmp.-ext-10000/dealer_code=ZZZZ/_tmp.000000_0
15/09/06 13:13:54 INFO exec.FileSinkOperator: New Final Path: FS file:/var/folders/y7/4_pz5fzx54ngcmghz3v6t3m00000gn/T/junit5553221789791449242/hadooptmp/dealer_hierarchy/core_data/.hive-staging_hive_2015-09-06_13-13-54_211_7908536599165873804-1/_tmp.-ext-10000/dealer_code=ZZZZ/000000_0
15/09/06 13:13:54 INFO ExecReducer: ExecReducer: processed 4 rows: used memory = 707952616
15/09/06 13:13:54 INFO exec.ExtractOperator: 177 finished. closing... 
15/09/06 13:13:54 INFO exec.FileSinkOperator: 178 finished. closing... 
15/09/06 13:13:54 INFO exec.FileSinkOperator: FS[178]: records written - 4
15/09/06 13:13:54 INFO exec.FileSinkOperator: RECORDS_OUT_1:4
15/09/06 13:13:54 INFO exec.FileSinkOperator: 178 Close done
15/09/06 13:13:54 INFO exec.ExtractOperator: 177 Close done
15/09/06 13:13:54 INFO mapred.Task: Task:attempt_local724546061_0012_r_000000_0 is done. And is in the process of commiting
15/09/06 13:13:54 INFO mapred.LocalJobRunner: reduce > reduce
15/09/06 13:13:54 INFO mapred.Task: Task 'attempt_local724546061_0012_r_000000_0' done.
2015-09-06 13:13:54,467 Stage-1 map = 100%,  reduce = 100%
15/09/06 13:13:54 INFO exec.Task: 2015-09-06 13:13:54,467 Stage-1 map = 100%,  reduce = 100%
Ended Job = job_local724546061_0012
15/09/06 13:13:54 INFO exec.Task: Ended Job = job_local724546061_0012
15/09/06 13:13:54 INFO exec.FileSinkOperator: Moving tmp dir: file:/var/folders/y7/4_pz5fzx54ngcmghz3v6t3m00000gn/T/junit5553221789791449242/hadooptmp/dealer_hierarchy/core_data/.hive-staging_hive_2015-09-06_13-13-54_211_7908536599165873804-1/_tmp.-ext-10000 to: file:/var/folders/y7/4_pz5fzx54ngcmghz3v6t3m00000gn/T/junit5553221789791449242/hadooptmp/dealer_hierarchy/core_data/.hive-staging_hive_2015-09-06_13-13-54_211_7908536599165873804-1/-ext-10000
15/09/06 13:13:54 INFO log.PerfLogger: <PERFLOG method=task.MOVE.Stage-0 from=org.apache.hadoop.hive.ql.Driver>
Loading data to table ddsw_dev.dealer_hierarchy_core partition (dealer_code=null)
15/09/06 13:13:54 INFO exec.Task: Loading data to table ddsw_dev.dealer_hierarchy_core partition (dealer_code=null) from file:/var/folders/y7/4_pz5fzx54ngcmghz3v6t3m00000gn/T/junit5553221789791449242/hadooptmp/dealer_hierarchy/core_data/.hive-staging_hive_2015-09-06_13-13-54_211_7908536599165873804-1/-ext-10000
15/09/06 13:13:54 INFO metastore.HiveMetaStore: 0: get_table : db=ddsw_dev tbl=dealer_hierarchy_core
15/09/06 13:13:54 INFO HiveMetaStore.audit: ugi=hpatel	ip=unknown-ip-addr	cmd=get_table : db=ddsw_dev tbl=dealer_hierarchy_core	
15/09/06 13:13:54 INFO avro.AvroSerDe: Avro schema is {"type":"record","name":"DEALER_HIERARCHY_CORE","doc":"Sqoop import of DEALER_HIERARCHY","fields":[{"name":"File_Name","type":["string","null"],"columnName":"File_Name"},{"name":"GEN_ID","type":["string","null"],"columnName":"GEN_ID"},{"name":"DMS_SYSTEM","type":["string","null"],"columnName":"DMS_SYSTEM"},{"name":"DMS_VERSION","type":["string","null"],"columnName":"DMS_VERSION"},{"name":"TRANSMIT_TS","type":["string","null"],"columnName":"TRANSMIT_TS"},{"name":"ORIG_TRANSMIT_TS","type":["string","null"],"columnName":"TRANSMIT_TS"},{"name":"TRANSMIT_BY","type":["string","null"],"columnName":"TRANSMIT_BY"},{"name":"RECORD_STATUS","type":["string","null"],"columnName":"RECORD_STATUS"},{"name":"DEALER_UPDT_IND","type":["string","null"],"columnName":"DEALER_UPDT_IND","sqlType":"1"},{"name":"STORE_NUMBER","type":["string","null"],"columnName":"STORE_NUMBER"},{"name":"PART_TYPE","type":["string","null"],"columnName":"PART_TYPE"},{"name":"STORE_NAME","type":["string","null"],"columnName":"STORE_NAME"},{"name":"INVENTORY_STORE_NUMBER","type":["string","null"],"columnName":"INVENTORY_STORE_NUMBER"},{"name":"CAT_EMRG_DEALER_CODE","type":["string","null"],"columnName":"CAT_EMRG_DEALER_CODE"},{"name":"CAT_STOCK_DEALER_CODE","type":["string","null"],"columnName":"CAT_STOCK_DEALER_CODE"},{"name":"STOCK_REPLEN_STORE_NUMBER","type":["string","null"],"columnName":"STOCK_REPLEN_STORE_NUMBER"},{"name":"STOCK_REPLEN_LEAD_TIME","type":["string","null"],"columnName":"STOCK_REPLEN_LEAD_TIME"},{"name":"LST_UPDT_TS","type":["string","null"],"columnName":"LST_UPDT_TS"},{"name":"ORIG_LST_UPDT_TS","type":["string","null"],"columnName":"ORIG_LST_UPDT_TS"},{"name":"LST_UPDT_BY_ID","type":["string","null"],"columnName":"LST_UPDT_BY_ID"},{"name":"FILE_INS_TS","type":["string","null"],"columnName":"FILE_INS_TS"},{"name":"ORIG_FILE_INS_TS","type":["string","null"],"columnName":"ORIG_FILE_INS_TS"},{"name":"EXP_STOCK_PLAN_LEAD_TIME","type":["string","null"],"columnName":"EXP_STOCK_PLAN_LEAD_TIME"}],"tableName":"DEALER_HIERARCHY_CORE"}
15/09/06 13:13:54 INFO avro.AvroSerDe: Avro schema is {"type":"record","name":"DEALER_HIERARCHY_CORE","doc":"Sqoop import of DEALER_HIERARCHY","fields":[{"name":"File_Name","type":["string","null"],"columnName":"File_Name"},{"name":"GEN_ID","type":["string","null"],"columnName":"GEN_ID"},{"name":"DMS_SYSTEM","type":["string","null"],"columnName":"DMS_SYSTEM"},{"name":"DMS_VERSION","type":["string","null"],"columnName":"DMS_VERSION"},{"name":"TRANSMIT_TS","type":["string","null"],"columnName":"TRANSMIT_TS"},{"name":"ORIG_TRANSMIT_TS","type":["string","null"],"columnName":"TRANSMIT_TS"},{"name":"TRANSMIT_BY","type":["string","null"],"columnName":"TRANSMIT_BY"},{"name":"RECORD_STATUS","type":["string","null"],"columnName":"RECORD_STATUS"},{"name":"DEALER_UPDT_IND","type":["string","null"],"columnName":"DEALER_UPDT_IND","sqlType":"1"},{"name":"STORE_NUMBER","type":["string","null"],"columnName":"STORE_NUMBER"},{"name":"PART_TYPE","type":["string","null"],"columnName":"PART_TYPE"},{"name":"STORE_NAME","type":["string","null"],"columnName":"STORE_NAME"},{"name":"INVENTORY_STORE_NUMBER","type":["string","null"],"columnName":"INVENTORY_STORE_NUMBER"},{"name":"CAT_EMRG_DEALER_CODE","type":["string","null"],"columnName":"CAT_EMRG_DEALER_CODE"},{"name":"CAT_STOCK_DEALER_CODE","type":["string","null"],"columnName":"CAT_STOCK_DEALER_CODE"},{"name":"STOCK_REPLEN_STORE_NUMBER","type":["string","null"],"columnName":"STOCK_REPLEN_STORE_NUMBER"},{"name":"STOCK_REPLEN_LEAD_TIME","type":["string","null"],"columnName":"STOCK_REPLEN_LEAD_TIME"},{"name":"LST_UPDT_TS","type":["string","null"],"columnName":"LST_UPDT_TS"},{"name":"ORIG_LST_UPDT_TS","type":["string","null"],"columnName":"ORIG_LST_UPDT_TS"},{"name":"LST_UPDT_BY_ID","type":["string","null"],"columnName":"LST_UPDT_BY_ID"},{"name":"FILE_INS_TS","type":["string","null"],"columnName":"FILE_INS_TS"},{"name":"ORIG_FILE_INS_TS","type":["string","null"],"columnName":"ORIG_FILE_INS_TS"},{"name":"EXP_STOCK_PLAN_LEAD_TIME","type":["string","null"],"columnName":"EXP_STOCK_PLAN_LEAD_TIME"}],"tableName":"DEALER_HIERARCHY_CORE"}
15/09/06 13:13:54 INFO exec.MoveTask: Partition is: {dealer_code=null}
15/09/06 13:13:54 INFO metastore.HiveMetaStore: 0: partition_name_has_valid_characters
15/09/06 13:13:54 INFO HiveMetaStore.audit: ugi=hpatel	ip=unknown-ip-addr	cmd=partition_name_has_valid_characters	
15/09/06 13:13:54 INFO metastore.HiveMetaStore: 0: partition_name_has_valid_characters
15/09/06 13:13:54 INFO HiveMetaStore.audit: ugi=hpatel	ip=unknown-ip-addr	cmd=partition_name_has_valid_characters	
15/09/06 13:13:54 INFO metastore.HiveMetaStore: 0: get_table : db=ddsw_dev tbl=dealer_hierarchy_core
15/09/06 13:13:54 INFO HiveMetaStore.audit: ugi=hpatel	ip=unknown-ip-addr	cmd=get_table : db=ddsw_dev tbl=dealer_hierarchy_core	
15/09/06 13:13:54 INFO avro.AvroSerDe: Avro schema is {"type":"record","name":"DEALER_HIERARCHY_CORE","doc":"Sqoop import of DEALER_HIERARCHY","fields":[{"name":"File_Name","type":["string","null"],"columnName":"File_Name"},{"name":"GEN_ID","type":["string","null"],"columnName":"GEN_ID"},{"name":"DMS_SYSTEM","type":["string","null"],"columnName":"DMS_SYSTEM"},{"name":"DMS_VERSION","type":["string","null"],"columnName":"DMS_VERSION"},{"name":"TRANSMIT_TS","type":["string","null"],"columnName":"TRANSMIT_TS"},{"name":"ORIG_TRANSMIT_TS","type":["string","null"],"columnName":"TRANSMIT_TS"},{"name":"TRANSMIT_BY","type":["string","null"],"columnName":"TRANSMIT_BY"},{"name":"RECORD_STATUS","type":["string","null"],"columnName":"RECORD_STATUS"},{"name":"DEALER_UPDT_IND","type":["string","null"],"columnName":"DEALER_UPDT_IND","sqlType":"1"},{"name":"STORE_NUMBER","type":["string","null"],"columnName":"STORE_NUMBER"},{"name":"PART_TYPE","type":["string","null"],"columnName":"PART_TYPE"},{"name":"STORE_NAME","type":["string","null"],"columnName":"STORE_NAME"},{"name":"INVENTORY_STORE_NUMBER","type":["string","null"],"columnName":"INVENTORY_STORE_NUMBER"},{"name":"CAT_EMRG_DEALER_CODE","type":["string","null"],"columnName":"CAT_EMRG_DEALER_CODE"},{"name":"CAT_STOCK_DEALER_CODE","type":["string","null"],"columnName":"CAT_STOCK_DEALER_CODE"},{"name":"STOCK_REPLEN_STORE_NUMBER","type":["string","null"],"columnName":"STOCK_REPLEN_STORE_NUMBER"},{"name":"STOCK_REPLEN_LEAD_TIME","type":["string","null"],"columnName":"STOCK_REPLEN_LEAD_TIME"},{"name":"LST_UPDT_TS","type":["string","null"],"columnName":"LST_UPDT_TS"},{"name":"ORIG_LST_UPDT_TS","type":["string","null"],"columnName":"ORIG_LST_UPDT_TS"},{"name":"LST_UPDT_BY_ID","type":["string","null"],"columnName":"LST_UPDT_BY_ID"},{"name":"FILE_INS_TS","type":["string","null"],"columnName":"FILE_INS_TS"},{"name":"ORIG_FILE_INS_TS","type":["string","null"],"columnName":"ORIG_FILE_INS_TS"},{"name":"EXP_STOCK_PLAN_LEAD_TIME","type":["string","null"],"columnName":"EXP_STOCK_PLAN_LEAD_TIME"}],"tableName":"DEALER_HIERARCHY_CORE"}
15/09/06 13:13:54 INFO avro.AvroSerDe: Avro schema is {"type":"record","name":"DEALER_HIERARCHY_CORE","doc":"Sqoop import of DEALER_HIERARCHY","fields":[{"name":"File_Name","type":["string","null"],"columnName":"File_Name"},{"name":"GEN_ID","type":["string","null"],"columnName":"GEN_ID"},{"name":"DMS_SYSTEM","type":["string","null"],"columnName":"DMS_SYSTEM"},{"name":"DMS_VERSION","type":["string","null"],"columnName":"DMS_VERSION"},{"name":"TRANSMIT_TS","type":["string","null"],"columnName":"TRANSMIT_TS"},{"name":"ORIG_TRANSMIT_TS","type":["string","null"],"columnName":"TRANSMIT_TS"},{"name":"TRANSMIT_BY","type":["string","null"],"columnName":"TRANSMIT_BY"},{"name":"RECORD_STATUS","type":["string","null"],"columnName":"RECORD_STATUS"},{"name":"DEALER_UPDT_IND","type":["string","null"],"columnName":"DEALER_UPDT_IND","sqlType":"1"},{"name":"STORE_NUMBER","type":["string","null"],"columnName":"STORE_NUMBER"},{"name":"PART_TYPE","type":["string","null"],"columnName":"PART_TYPE"},{"name":"STORE_NAME","type":["string","null"],"columnName":"STORE_NAME"},{"name":"INVENTORY_STORE_NUMBER","type":["string","null"],"columnName":"INVENTORY_STORE_NUMBER"},{"name":"CAT_EMRG_DEALER_CODE","type":["string","null"],"columnName":"CAT_EMRG_DEALER_CODE"},{"name":"CAT_STOCK_DEALER_CODE","type":["string","null"],"columnName":"CAT_STOCK_DEALER_CODE"},{"name":"STOCK_REPLEN_STORE_NUMBER","type":["string","null"],"columnName":"STOCK_REPLEN_STORE_NUMBER"},{"name":"STOCK_REPLEN_LEAD_TIME","type":["string","null"],"columnName":"STOCK_REPLEN_LEAD_TIME"},{"name":"LST_UPDT_TS","type":["string","null"],"columnName":"LST_UPDT_TS"},{"name":"ORIG_LST_UPDT_TS","type":["string","null"],"columnName":"ORIG_LST_UPDT_TS"},{"name":"LST_UPDT_BY_ID","type":["string","null"],"columnName":"LST_UPDT_BY_ID"},{"name":"FILE_INS_TS","type":["string","null"],"columnName":"FILE_INS_TS"},{"name":"ORIG_FILE_INS_TS","type":["string","null"],"columnName":"ORIG_FILE_INS_TS"},{"name":"EXP_STOCK_PLAN_LEAD_TIME","type":["string","null"],"columnName":"EXP_STOCK_PLAN_LEAD_TIME"}],"tableName":"DEALER_HIERARCHY_CORE"}
15/09/06 13:13:54 INFO metastore.HiveMetaStore: 0: get_partition_with_auth : db=ddsw_dev tbl=dealer_hierarchy_core[ZZZZ]
15/09/06 13:13:54 INFO HiveMetaStore.audit: ugi=hpatel	ip=unknown-ip-addr	cmd=get_partition_with_auth : db=ddsw_dev tbl=dealer_hierarchy_core[ZZZZ]	
15/09/06 13:13:54 INFO common.FileUtils: Creating directory if it doesn't exist: file:/var/folders/y7/4_pz5fzx54ngcmghz3v6t3m00000gn/T/junit5553221789791449242/hadooptmp/dealer_hierarchy/core_data/dealer_code=ZZZZ
15/09/06 13:13:54 INFO session.SessionState: Could not get hdfsEncryptionShim, it is only applicable to hdfs filesystem.
15/09/06 13:13:54 INFO metadata.Hive: Renaming src: file:/var/folders/y7/4_pz5fzx54ngcmghz3v6t3m00000gn/T/junit5553221789791449242/hadooptmp/dealer_hierarchy/core_data/.hive-staging_hive_2015-09-06_13-13-54_211_7908536599165873804-1/-ext-10000/dealer_code=ZZZZ/000000_0, dest: file:/var/folders/y7/4_pz5fzx54ngcmghz3v6t3m00000gn/T/junit5553221789791449242/hadooptmp/dealer_hierarchy/core_data/dealer_code=ZZZZ/000000_0, Status:true
15/09/06 13:13:54 INFO metastore.HiveMetaStore: 0: get_partition_with_auth : db=ddsw_dev tbl=dealer_hierarchy_core[ZZZZ]
15/09/06 13:13:54 INFO HiveMetaStore.audit: ugi=hpatel	ip=unknown-ip-addr	cmd=get_partition_with_auth : db=ddsw_dev tbl=dealer_hierarchy_core[ZZZZ]	
15/09/06 13:13:54 INFO metastore.HiveMetaStore: 0: append_partition : db=ddsw_dev tbl=dealer_hierarchy_core[ZZZZ]
15/09/06 13:13:54 INFO HiveMetaStore.audit: ugi=hpatel	ip=unknown-ip-addr	cmd=append_partition : db=ddsw_dev tbl=dealer_hierarchy_core[ZZZZ]	
15/09/06 13:13:54 INFO metadata.Hive: New loading path = file:/var/folders/y7/4_pz5fzx54ngcmghz3v6t3m00000gn/T/junit5553221789791449242/hadooptmp/dealer_hierarchy/core_data/.hive-staging_hive_2015-09-06_13-13-54_211_7908536599165873804-1/-ext-10000/dealer_code=ZZZZ with partSpec {dealer_code=ZZZZ}
15/09/06 13:13:54 INFO metastore.HiveMetaStore: 0: get_table : db=ddsw_dev tbl=dealer_hierarchy_core
15/09/06 13:13:54 INFO HiveMetaStore.audit: ugi=hpatel	ip=unknown-ip-addr	cmd=get_table : db=ddsw_dev tbl=dealer_hierarchy_core	
15/09/06 13:13:54 INFO avro.AvroSerDe: Avro schema is {"type":"record","name":"DEALER_HIERARCHY_CORE","doc":"Sqoop import of DEALER_HIERARCHY","fields":[{"name":"File_Name","type":["string","null"],"columnName":"File_Name"},{"name":"GEN_ID","type":["string","null"],"columnName":"GEN_ID"},{"name":"DMS_SYSTEM","type":["string","null"],"columnName":"DMS_SYSTEM"},{"name":"DMS_VERSION","type":["string","null"],"columnName":"DMS_VERSION"},{"name":"TRANSMIT_TS","type":["string","null"],"columnName":"TRANSMIT_TS"},{"name":"ORIG_TRANSMIT_TS","type":["string","null"],"columnName":"TRANSMIT_TS"},{"name":"TRANSMIT_BY","type":["string","null"],"columnName":"TRANSMIT_BY"},{"name":"RECORD_STATUS","type":["string","null"],"columnName":"RECORD_STATUS"},{"name":"DEALER_UPDT_IND","type":["string","null"],"columnName":"DEALER_UPDT_IND","sqlType":"1"},{"name":"STORE_NUMBER","type":["string","null"],"columnName":"STORE_NUMBER"},{"name":"PART_TYPE","type":["string","null"],"columnName":"PART_TYPE"},{"name":"STORE_NAME","type":["string","null"],"columnName":"STORE_NAME"},{"name":"INVENTORY_STORE_NUMBER","type":["string","null"],"columnName":"INVENTORY_STORE_NUMBER"},{"name":"CAT_EMRG_DEALER_CODE","type":["string","null"],"columnName":"CAT_EMRG_DEALER_CODE"},{"name":"CAT_STOCK_DEALER_CODE","type":["string","null"],"columnName":"CAT_STOCK_DEALER_CODE"},{"name":"STOCK_REPLEN_STORE_NUMBER","type":["string","null"],"columnName":"STOCK_REPLEN_STORE_NUMBER"},{"name":"STOCK_REPLEN_LEAD_TIME","type":["string","null"],"columnName":"STOCK_REPLEN_LEAD_TIME"},{"name":"LST_UPDT_TS","type":["string","null"],"columnName":"LST_UPDT_TS"},{"name":"ORIG_LST_UPDT_TS","type":["string","null"],"columnName":"ORIG_LST_UPDT_TS"},{"name":"LST_UPDT_BY_ID","type":["string","null"],"columnName":"LST_UPDT_BY_ID"},{"name":"FILE_INS_TS","type":["string","null"],"columnName":"FILE_INS_TS"},{"name":"ORIG_FILE_INS_TS","type":["string","null"],"columnName":"ORIG_FILE_INS_TS"},{"name":"EXP_STOCK_PLAN_LEAD_TIME","type":["string","null"],"columnName":"EXP_STOCK_PLAN_LEAD_TIME"}],"tableName":"DEALER_HIERARCHY_CORE"}
15/09/06 13:13:54 INFO avro.AvroSerDe: Avro schema is {"type":"record","name":"DEALER_HIERARCHY_CORE","doc":"Sqoop import of DEALER_HIERARCHY","fields":[{"name":"File_Name","type":["string","null"],"columnName":"File_Name"},{"name":"GEN_ID","type":["string","null"],"columnName":"GEN_ID"},{"name":"DMS_SYSTEM","type":["string","null"],"columnName":"DMS_SYSTEM"},{"name":"DMS_VERSION","type":["string","null"],"columnName":"DMS_VERSION"},{"name":"TRANSMIT_TS","type":["string","null"],"columnName":"TRANSMIT_TS"},{"name":"ORIG_TRANSMIT_TS","type":["string","null"],"columnName":"TRANSMIT_TS"},{"name":"TRANSMIT_BY","type":["string","null"],"columnName":"TRANSMIT_BY"},{"name":"RECORD_STATUS","type":["string","null"],"columnName":"RECORD_STATUS"},{"name":"DEALER_UPDT_IND","type":["string","null"],"columnName":"DEALER_UPDT_IND","sqlType":"1"},{"name":"STORE_NUMBER","type":["string","null"],"columnName":"STORE_NUMBER"},{"name":"PART_TYPE","type":["string","null"],"columnName":"PART_TYPE"},{"name":"STORE_NAME","type":["string","null"],"columnName":"STORE_NAME"},{"name":"INVENTORY_STORE_NUMBER","type":["string","null"],"columnName":"INVENTORY_STORE_NUMBER"},{"name":"CAT_EMRG_DEALER_CODE","type":["string","null"],"columnName":"CAT_EMRG_DEALER_CODE"},{"name":"CAT_STOCK_DEALER_CODE","type":["string","null"],"columnName":"CAT_STOCK_DEALER_CODE"},{"name":"STOCK_REPLEN_STORE_NUMBER","type":["string","null"],"columnName":"STOCK_REPLEN_STORE_NUMBER"},{"name":"STOCK_REPLEN_LEAD_TIME","type":["string","null"],"columnName":"STOCK_REPLEN_LEAD_TIME"},{"name":"LST_UPDT_TS","type":["string","null"],"columnName":"LST_UPDT_TS"},{"name":"ORIG_LST_UPDT_TS","type":["string","null"],"columnName":"ORIG_LST_UPDT_TS"},{"name":"LST_UPDT_BY_ID","type":["string","null"],"columnName":"LST_UPDT_BY_ID"},{"name":"FILE_INS_TS","type":["string","null"],"columnName":"FILE_INS_TS"},{"name":"ORIG_FILE_INS_TS","type":["string","null"],"columnName":"ORIG_FILE_INS_TS"},{"name":"EXP_STOCK_PLAN_LEAD_TIME","type":["string","null"],"columnName":"EXP_STOCK_PLAN_LEAD_TIME"}],"tableName":"DEALER_HIERARCHY_CORE"}
15/09/06 13:13:54 INFO metastore.HiveMetaStore: 0: get_partition_with_auth : db=ddsw_dev tbl=dealer_hierarchy_core[AAAA]
15/09/06 13:13:54 INFO HiveMetaStore.audit: ugi=hpatel	ip=unknown-ip-addr	cmd=get_partition_with_auth : db=ddsw_dev tbl=dealer_hierarchy_core[AAAA]	
15/09/06 13:13:54 INFO common.FileUtils: Creating directory if it doesn't exist: file:/var/folders/y7/4_pz5fzx54ngcmghz3v6t3m00000gn/T/junit5553221789791449242/hadooptmp/dealer_hierarchy/core_data/dealer_code=AAAA
15/09/06 13:13:54 INFO session.SessionState: Could not get hdfsEncryptionShim, it is only applicable to hdfs filesystem.
15/09/06 13:13:54 INFO metadata.Hive: Renaming src: file:/var/folders/y7/4_pz5fzx54ngcmghz3v6t3m00000gn/T/junit5553221789791449242/hadooptmp/dealer_hierarchy/core_data/.hive-staging_hive_2015-09-06_13-13-54_211_7908536599165873804-1/-ext-10000/dealer_code=AAAA/000000_0, dest: file:/var/folders/y7/4_pz5fzx54ngcmghz3v6t3m00000gn/T/junit5553221789791449242/hadooptmp/dealer_hierarchy/core_data/dealer_code=AAAA/000000_0, Status:true
15/09/06 13:13:54 INFO metastore.HiveMetaStore: 0: get_partition_with_auth : db=ddsw_dev tbl=dealer_hierarchy_core[AAAA]
15/09/06 13:13:54 INFO HiveMetaStore.audit: ugi=hpatel	ip=unknown-ip-addr	cmd=get_partition_with_auth : db=ddsw_dev tbl=dealer_hierarchy_core[AAAA]	
15/09/06 13:13:54 INFO metastore.HiveMetaStore: 0: append_partition : db=ddsw_dev tbl=dealer_hierarchy_core[AAAA]
15/09/06 13:13:54 INFO HiveMetaStore.audit: ugi=hpatel	ip=unknown-ip-addr	cmd=append_partition : db=ddsw_dev tbl=dealer_hierarchy_core[AAAA]	
15/09/06 13:13:54 INFO metadata.Hive: New loading path = file:/var/folders/y7/4_pz5fzx54ngcmghz3v6t3m00000gn/T/junit5553221789791449242/hadooptmp/dealer_hierarchy/core_data/.hive-staging_hive_2015-09-06_13-13-54_211_7908536599165873804-1/-ext-10000/dealer_code=AAAA with partSpec {dealer_code=AAAA}
15/09/06 13:13:54 INFO metastore.HiveMetaStore: 0: get_partition_with_auth : db=ddsw_dev tbl=dealer_hierarchy_core[ZZZZ]
15/09/06 13:13:54 INFO HiveMetaStore.audit: ugi=hpatel	ip=unknown-ip-addr	cmd=get_partition_with_auth : db=ddsw_dev tbl=dealer_hierarchy_core[ZZZZ]	
	Loading partition {dealer_code=ZZZZ}
15/09/06 13:13:54 INFO exec.Task: 	Loading partition {dealer_code=ZZZZ}
15/09/06 13:13:54 INFO metastore.HiveMetaStore: 0: get_partition_with_auth : db=ddsw_dev tbl=dealer_hierarchy_core[AAAA]
15/09/06 13:13:54 INFO HiveMetaStore.audit: ugi=hpatel	ip=unknown-ip-addr	cmd=get_partition_with_auth : db=ddsw_dev tbl=dealer_hierarchy_core[AAAA]	
	Loading partition {dealer_code=AAAA}
15/09/06 13:13:54 INFO exec.Task: 	Loading partition {dealer_code=AAAA}
15/09/06 13:13:54 INFO log.PerfLogger: </PERFLOG method=runTasks start=1441563234287 end=1441563234651 duration=364 from=org.apache.hadoop.hive.ql.Driver>
15/09/06 13:13:54 INFO log.PerfLogger: </PERFLOG method=Driver.execute start=1441563234287 end=1441563234651 duration=364 from=org.apache.hadoop.hive.ql.Driver>
MapReduce Jobs Launched: 
15/09/06 13:13:54 INFO ql.Driver: MapReduce Jobs Launched: 
Stage-Stage-1:  HDFS Read: 0 HDFS Write: 0 SUCCESS
15/09/06 13:13:54 INFO ql.Driver: Stage-Stage-1:  HDFS Read: 0 HDFS Write: 0 SUCCESS
Total MapReduce CPU Time Spent: 0 msec
15/09/06 13:13:54 INFO ql.Driver: Total MapReduce CPU Time Spent: 0 msec
OK
15/09/06 13:13:54 INFO ql.Driver: OK
15/09/06 13:13:54 INFO log.PerfLogger: <PERFLOG method=releaseLocks from=org.apache.hadoop.hive.ql.Driver>
15/09/06 13:13:54 INFO log.PerfLogger: </PERFLOG method=releaseLocks start=1441563234651 end=1441563234651 duration=0 from=org.apache.hadoop.hive.ql.Driver>
15/09/06 13:13:54 INFO log.PerfLogger: </PERFLOG method=Driver.run start=1441563234211 end=1441563234652 duration=441 from=org.apache.hadoop.hive.ql.Driver>
15/09/06 13:13:54 INFO service.HiveServer: Running the query: SHOW PARTITIONS dealer_hierarchy_temp_data
15/09/06 13:13:54 INFO log.PerfLogger: <PERFLOG method=Driver.run from=org.apache.hadoop.hive.ql.Driver>
15/09/06 13:13:54 INFO log.PerfLogger: <PERFLOG method=TimeToSubmit from=org.apache.hadoop.hive.ql.Driver>
15/09/06 13:13:54 INFO ql.Driver: Concurrency mode is disabled, not creating a lock manager
15/09/06 13:13:54 INFO log.PerfLogger: <PERFLOG method=compile from=org.apache.hadoop.hive.ql.Driver>
15/09/06 13:13:54 INFO log.PerfLogger: <PERFLOG method=parse from=org.apache.hadoop.hive.ql.Driver>
15/09/06 13:13:54 INFO parse.ParseDriver: Parsing command: SHOW PARTITIONS dealer_hierarchy_temp_data
15/09/06 13:13:54 INFO parse.ParseDriver: Parse Completed
15/09/06 13:13:54 INFO log.PerfLogger: </PERFLOG method=parse start=1441563234653 end=1441563234653 duration=0 from=org.apache.hadoop.hive.ql.Driver>
15/09/06 13:13:54 INFO log.PerfLogger: <PERFLOG method=semanticAnalyze from=org.apache.hadoop.hive.ql.Driver>
15/09/06 13:13:54 INFO metastore.HiveMetaStore: 0: get_table : db=ddsw_dev tbl=dealer_hierarchy_temp_data
15/09/06 13:13:54 INFO HiveMetaStore.audit: ugi=hpatel	ip=unknown-ip-addr	cmd=get_table : db=ddsw_dev tbl=dealer_hierarchy_temp_data	
15/09/06 13:13:54 INFO metastore.HiveMetaStore: 0: get_table : db=ddsw_dev tbl=dealer_hierarchy_temp_data
15/09/06 13:13:54 INFO HiveMetaStore.audit: ugi=hpatel	ip=unknown-ip-addr	cmd=get_table : db=ddsw_dev tbl=dealer_hierarchy_temp_data	
15/09/06 13:13:54 INFO ql.Driver: Semantic Analysis Completed
15/09/06 13:13:54 INFO log.PerfLogger: </PERFLOG method=semanticAnalyze start=1441563234653 end=1441563234677 duration=24 from=org.apache.hadoop.hive.ql.Driver>
15/09/06 13:13:54 INFO exec.ListSinkOperator: Initializing Self 182 OP
15/09/06 13:13:54 INFO exec.ListSinkOperator: Operator 182 OP initialized
15/09/06 13:13:54 INFO exec.ListSinkOperator: Initialization Done 182 OP
15/09/06 13:13:54 INFO ql.Driver: Returning Hive schema: Schema(fieldSchemas:[FieldSchema(name:partition, type:string, comment:from deserializer)], properties:null)
15/09/06 13:13:54 INFO log.PerfLogger: </PERFLOG method=compile start=1441563234653 end=1441563234677 duration=24 from=org.apache.hadoop.hive.ql.Driver>
15/09/06 13:13:54 INFO log.PerfLogger: <PERFLOG method=Driver.execute from=org.apache.hadoop.hive.ql.Driver>
15/09/06 13:13:54 INFO ql.Driver: Starting command: SHOW PARTITIONS dealer_hierarchy_temp_data
15/09/06 13:13:54 INFO log.PerfLogger: </PERFLOG method=TimeToSubmit start=1441563234653 end=1441563234677 duration=24 from=org.apache.hadoop.hive.ql.Driver>
15/09/06 13:13:54 INFO log.PerfLogger: <PERFLOG method=runTasks from=org.apache.hadoop.hive.ql.Driver>
15/09/06 13:13:54 INFO log.PerfLogger: <PERFLOG method=task.DDL.Stage-0 from=org.apache.hadoop.hive.ql.Driver>
15/09/06 13:13:54 INFO metastore.HiveMetaStore: 0: get_table : db=ddsw_dev tbl=dealer_hierarchy_temp_data
15/09/06 13:13:54 INFO HiveMetaStore.audit: ugi=hpatel	ip=unknown-ip-addr	cmd=get_table : db=ddsw_dev tbl=dealer_hierarchy_temp_data	
15/09/06 13:13:54 INFO metastore.HiveMetaStore: 0: get_partition_names : db=ddsw_dev tbl=dealer_hierarchy_temp_data
15/09/06 13:13:54 INFO HiveMetaStore.audit: ugi=hpatel	ip=unknown-ip-addr	cmd=get_partition_names : db=ddsw_dev tbl=dealer_hierarchy_temp_data	
15/09/06 13:13:54 INFO log.PerfLogger: </PERFLOG method=runTasks start=1441563234677 end=1441563234694 duration=17 from=org.apache.hadoop.hive.ql.Driver>
15/09/06 13:13:54 INFO log.PerfLogger: </PERFLOG method=Driver.execute start=1441563234677 end=1441563234694 duration=17 from=org.apache.hadoop.hive.ql.Driver>
OK
15/09/06 13:13:54 INFO ql.Driver: OK
15/09/06 13:13:54 INFO log.PerfLogger: <PERFLOG method=releaseLocks from=org.apache.hadoop.hive.ql.Driver>
15/09/06 13:13:54 INFO log.PerfLogger: </PERFLOG method=releaseLocks start=1441563234694 end=1441563234694 duration=0 from=org.apache.hadoop.hive.ql.Driver>
15/09/06 13:13:54 INFO log.PerfLogger: </PERFLOG method=Driver.run start=1441563234653 end=1441563234694 duration=41 from=org.apache.hadoop.hive.ql.Driver>
15/09/06 13:13:54 INFO mapred.FileInputFormat: Total input paths to process : 1
15/09/06 13:13:54 INFO service.HiveServer: Running the query: SHOW PARTITIONS dealer_hierarchy_core
15/09/06 13:13:54 INFO exec.ListSinkOperator: 182 finished. closing... 
15/09/06 13:13:54 INFO exec.ListSinkOperator: 182 Close done
15/09/06 13:13:54 INFO log.PerfLogger: <PERFLOG method=Driver.run from=org.apache.hadoop.hive.ql.Driver>
15/09/06 13:13:54 INFO log.PerfLogger: <PERFLOG method=TimeToSubmit from=org.apache.hadoop.hive.ql.Driver>
15/09/06 13:13:54 INFO ql.Driver: Concurrency mode is disabled, not creating a lock manager
15/09/06 13:13:54 INFO log.PerfLogger: <PERFLOG method=compile from=org.apache.hadoop.hive.ql.Driver>
15/09/06 13:13:54 INFO log.PerfLogger: <PERFLOG method=parse from=org.apache.hadoop.hive.ql.Driver>
15/09/06 13:13:54 INFO parse.ParseDriver: Parsing command: SHOW PARTITIONS dealer_hierarchy_core
15/09/06 13:13:54 INFO parse.ParseDriver: Parse Completed
15/09/06 13:13:54 INFO log.PerfLogger: </PERFLOG method=parse start=1441563234697 end=1441563234697 duration=0 from=org.apache.hadoop.hive.ql.Driver>
15/09/06 13:13:54 INFO log.PerfLogger: <PERFLOG method=semanticAnalyze from=org.apache.hadoop.hive.ql.Driver>
15/09/06 13:13:54 INFO metastore.HiveMetaStore: 0: get_table : db=ddsw_dev tbl=dealer_hierarchy_core
15/09/06 13:13:54 INFO HiveMetaStore.audit: ugi=hpatel	ip=unknown-ip-addr	cmd=get_table : db=ddsw_dev tbl=dealer_hierarchy_core	
15/09/06 13:13:54 INFO avro.AvroSerDe: Avro schema is {"type":"record","name":"DEALER_HIERARCHY_CORE","doc":"Sqoop import of DEALER_HIERARCHY","fields":[{"name":"File_Name","type":["string","null"],"columnName":"File_Name"},{"name":"GEN_ID","type":["string","null"],"columnName":"GEN_ID"},{"name":"DMS_SYSTEM","type":["string","null"],"columnName":"DMS_SYSTEM"},{"name":"DMS_VERSION","type":["string","null"],"columnName":"DMS_VERSION"},{"name":"TRANSMIT_TS","type":["string","null"],"columnName":"TRANSMIT_TS"},{"name":"ORIG_TRANSMIT_TS","type":["string","null"],"columnName":"TRANSMIT_TS"},{"name":"TRANSMIT_BY","type":["string","null"],"columnName":"TRANSMIT_BY"},{"name":"RECORD_STATUS","type":["string","null"],"columnName":"RECORD_STATUS"},{"name":"DEALER_UPDT_IND","type":["string","null"],"columnName":"DEALER_UPDT_IND","sqlType":"1"},{"name":"STORE_NUMBER","type":["string","null"],"columnName":"STORE_NUMBER"},{"name":"PART_TYPE","type":["string","null"],"columnName":"PART_TYPE"},{"name":"STORE_NAME","type":["string","null"],"columnName":"STORE_NAME"},{"name":"INVENTORY_STORE_NUMBER","type":["string","null"],"columnName":"INVENTORY_STORE_NUMBER"},{"name":"CAT_EMRG_DEALER_CODE","type":["string","null"],"columnName":"CAT_EMRG_DEALER_CODE"},{"name":"CAT_STOCK_DEALER_CODE","type":["string","null"],"columnName":"CAT_STOCK_DEALER_CODE"},{"name":"STOCK_REPLEN_STORE_NUMBER","type":["string","null"],"columnName":"STOCK_REPLEN_STORE_NUMBER"},{"name":"STOCK_REPLEN_LEAD_TIME","type":["string","null"],"columnName":"STOCK_REPLEN_LEAD_TIME"},{"name":"LST_UPDT_TS","type":["string","null"],"columnName":"LST_UPDT_TS"},{"name":"ORIG_LST_UPDT_TS","type":["string","null"],"columnName":"ORIG_LST_UPDT_TS"},{"name":"LST_UPDT_BY_ID","type":["string","null"],"columnName":"LST_UPDT_BY_ID"},{"name":"FILE_INS_TS","type":["string","null"],"columnName":"FILE_INS_TS"},{"name":"ORIG_FILE_INS_TS","type":["string","null"],"columnName":"ORIG_FILE_INS_TS"},{"name":"EXP_STOCK_PLAN_LEAD_TIME","type":["string","null"],"columnName":"EXP_STOCK_PLAN_LEAD_TIME"}],"tableName":"DEALER_HIERARCHY_CORE"}
15/09/06 13:13:54 INFO avro.AvroSerDe: Avro schema is {"type":"record","name":"DEALER_HIERARCHY_CORE","doc":"Sqoop import of DEALER_HIERARCHY","fields":[{"name":"File_Name","type":["string","null"],"columnName":"File_Name"},{"name":"GEN_ID","type":["string","null"],"columnName":"GEN_ID"},{"name":"DMS_SYSTEM","type":["string","null"],"columnName":"DMS_SYSTEM"},{"name":"DMS_VERSION","type":["string","null"],"columnName":"DMS_VERSION"},{"name":"TRANSMIT_TS","type":["string","null"],"columnName":"TRANSMIT_TS"},{"name":"ORIG_TRANSMIT_TS","type":["string","null"],"columnName":"TRANSMIT_TS"},{"name":"TRANSMIT_BY","type":["string","null"],"columnName":"TRANSMIT_BY"},{"name":"RECORD_STATUS","type":["string","null"],"columnName":"RECORD_STATUS"},{"name":"DEALER_UPDT_IND","type":["string","null"],"columnName":"DEALER_UPDT_IND","sqlType":"1"},{"name":"STORE_NUMBER","type":["string","null"],"columnName":"STORE_NUMBER"},{"name":"PART_TYPE","type":["string","null"],"columnName":"PART_TYPE"},{"name":"STORE_NAME","type":["string","null"],"columnName":"STORE_NAME"},{"name":"INVENTORY_STORE_NUMBER","type":["string","null"],"columnName":"INVENTORY_STORE_NUMBER"},{"name":"CAT_EMRG_DEALER_CODE","type":["string","null"],"columnName":"CAT_EMRG_DEALER_CODE"},{"name":"CAT_STOCK_DEALER_CODE","type":["string","null"],"columnName":"CAT_STOCK_DEALER_CODE"},{"name":"STOCK_REPLEN_STORE_NUMBER","type":["string","null"],"columnName":"STOCK_REPLEN_STORE_NUMBER"},{"name":"STOCK_REPLEN_LEAD_TIME","type":["string","null"],"columnName":"STOCK_REPLEN_LEAD_TIME"},{"name":"LST_UPDT_TS","type":["string","null"],"columnName":"LST_UPDT_TS"},{"name":"ORIG_LST_UPDT_TS","type":["string","null"],"columnName":"ORIG_LST_UPDT_TS"},{"name":"LST_UPDT_BY_ID","type":["string","null"],"columnName":"LST_UPDT_BY_ID"},{"name":"FILE_INS_TS","type":["string","null"],"columnName":"FILE_INS_TS"},{"name":"ORIG_FILE_INS_TS","type":["string","null"],"columnName":"ORIG_FILE_INS_TS"},{"name":"EXP_STOCK_PLAN_LEAD_TIME","type":["string","null"],"columnName":"EXP_STOCK_PLAN_LEAD_TIME"}],"tableName":"DEALER_HIERARCHY_CORE"}
15/09/06 13:13:54 INFO metastore.HiveMetaStore: 0: get_table : db=ddsw_dev tbl=dealer_hierarchy_core
15/09/06 13:13:54 INFO HiveMetaStore.audit: ugi=hpatel	ip=unknown-ip-addr	cmd=get_table : db=ddsw_dev tbl=dealer_hierarchy_core	
15/09/06 13:13:54 INFO avro.AvroSerDe: Avro schema is {"type":"record","name":"DEALER_HIERARCHY_CORE","doc":"Sqoop import of DEALER_HIERARCHY","fields":[{"name":"File_Name","type":["string","null"],"columnName":"File_Name"},{"name":"GEN_ID","type":["string","null"],"columnName":"GEN_ID"},{"name":"DMS_SYSTEM","type":["string","null"],"columnName":"DMS_SYSTEM"},{"name":"DMS_VERSION","type":["string","null"],"columnName":"DMS_VERSION"},{"name":"TRANSMIT_TS","type":["string","null"],"columnName":"TRANSMIT_TS"},{"name":"ORIG_TRANSMIT_TS","type":["string","null"],"columnName":"TRANSMIT_TS"},{"name":"TRANSMIT_BY","type":["string","null"],"columnName":"TRANSMIT_BY"},{"name":"RECORD_STATUS","type":["string","null"],"columnName":"RECORD_STATUS"},{"name":"DEALER_UPDT_IND","type":["string","null"],"columnName":"DEALER_UPDT_IND","sqlType":"1"},{"name":"STORE_NUMBER","type":["string","null"],"columnName":"STORE_NUMBER"},{"name":"PART_TYPE","type":["string","null"],"columnName":"PART_TYPE"},{"name":"STORE_NAME","type":["string","null"],"columnName":"STORE_NAME"},{"name":"INVENTORY_STORE_NUMBER","type":["string","null"],"columnName":"INVENTORY_STORE_NUMBER"},{"name":"CAT_EMRG_DEALER_CODE","type":["string","null"],"columnName":"CAT_EMRG_DEALER_CODE"},{"name":"CAT_STOCK_DEALER_CODE","type":["string","null"],"columnName":"CAT_STOCK_DEALER_CODE"},{"name":"STOCK_REPLEN_STORE_NUMBER","type":["string","null"],"columnName":"STOCK_REPLEN_STORE_NUMBER"},{"name":"STOCK_REPLEN_LEAD_TIME","type":["string","null"],"columnName":"STOCK_REPLEN_LEAD_TIME"},{"name":"LST_UPDT_TS","type":["string","null"],"columnName":"LST_UPDT_TS"},{"name":"ORIG_LST_UPDT_TS","type":["string","null"],"columnName":"ORIG_LST_UPDT_TS"},{"name":"LST_UPDT_BY_ID","type":["string","null"],"columnName":"LST_UPDT_BY_ID"},{"name":"FILE_INS_TS","type":["string","null"],"columnName":"FILE_INS_TS"},{"name":"ORIG_FILE_INS_TS","type":["string","null"],"columnName":"ORIG_FILE_INS_TS"},{"name":"EXP_STOCK_PLAN_LEAD_TIME","type":["string","null"],"columnName":"EXP_STOCK_PLAN_LEAD_TIME"}],"tableName":"DEALER_HIERARCHY_CORE"}
15/09/06 13:13:54 INFO avro.AvroSerDe: Avro schema is {"type":"record","name":"DEALER_HIERARCHY_CORE","doc":"Sqoop import of DEALER_HIERARCHY","fields":[{"name":"File_Name","type":["string","null"],"columnName":"File_Name"},{"name":"GEN_ID","type":["string","null"],"columnName":"GEN_ID"},{"name":"DMS_SYSTEM","type":["string","null"],"columnName":"DMS_SYSTEM"},{"name":"DMS_VERSION","type":["string","null"],"columnName":"DMS_VERSION"},{"name":"TRANSMIT_TS","type":["string","null"],"columnName":"TRANSMIT_TS"},{"name":"ORIG_TRANSMIT_TS","type":["string","null"],"columnName":"TRANSMIT_TS"},{"name":"TRANSMIT_BY","type":["string","null"],"columnName":"TRANSMIT_BY"},{"name":"RECORD_STATUS","type":["string","null"],"columnName":"RECORD_STATUS"},{"name":"DEALER_UPDT_IND","type":["string","null"],"columnName":"DEALER_UPDT_IND","sqlType":"1"},{"name":"STORE_NUMBER","type":["string","null"],"columnName":"STORE_NUMBER"},{"name":"PART_TYPE","type":["string","null"],"columnName":"PART_TYPE"},{"name":"STORE_NAME","type":["string","null"],"columnName":"STORE_NAME"},{"name":"INVENTORY_STORE_NUMBER","type":["string","null"],"columnName":"INVENTORY_STORE_NUMBER"},{"name":"CAT_EMRG_DEALER_CODE","type":["string","null"],"columnName":"CAT_EMRG_DEALER_CODE"},{"name":"CAT_STOCK_DEALER_CODE","type":["string","null"],"columnName":"CAT_STOCK_DEALER_CODE"},{"name":"STOCK_REPLEN_STORE_NUMBER","type":["string","null"],"columnName":"STOCK_REPLEN_STORE_NUMBER"},{"name":"STOCK_REPLEN_LEAD_TIME","type":["string","null"],"columnName":"STOCK_REPLEN_LEAD_TIME"},{"name":"LST_UPDT_TS","type":["string","null"],"columnName":"LST_UPDT_TS"},{"name":"ORIG_LST_UPDT_TS","type":["string","null"],"columnName":"ORIG_LST_UPDT_TS"},{"name":"LST_UPDT_BY_ID","type":["string","null"],"columnName":"LST_UPDT_BY_ID"},{"name":"FILE_INS_TS","type":["string","null"],"columnName":"FILE_INS_TS"},{"name":"ORIG_FILE_INS_TS","type":["string","null"],"columnName":"ORIG_FILE_INS_TS"},{"name":"EXP_STOCK_PLAN_LEAD_TIME","type":["string","null"],"columnName":"EXP_STOCK_PLAN_LEAD_TIME"}],"tableName":"DEALER_HIERARCHY_CORE"}
15/09/06 13:13:54 INFO ql.Driver: Semantic Analysis Completed
15/09/06 13:13:54 INFO log.PerfLogger: </PERFLOG method=semanticAnalyze start=1441563234697 end=1441563234748 duration=51 from=org.apache.hadoop.hive.ql.Driver>
15/09/06 13:13:54 INFO exec.ListSinkOperator: Initializing Self 183 OP
15/09/06 13:13:54 INFO exec.ListSinkOperator: Operator 183 OP initialized
15/09/06 13:13:54 INFO exec.ListSinkOperator: Initialization Done 183 OP
15/09/06 13:13:54 INFO ql.Driver: Returning Hive schema: Schema(fieldSchemas:[FieldSchema(name:partition, type:string, comment:from deserializer)], properties:null)
15/09/06 13:13:54 INFO log.PerfLogger: </PERFLOG method=compile start=1441563234696 end=1441563234749 duration=53 from=org.apache.hadoop.hive.ql.Driver>
15/09/06 13:13:54 INFO log.PerfLogger: <PERFLOG method=Driver.execute from=org.apache.hadoop.hive.ql.Driver>
15/09/06 13:13:54 INFO ql.Driver: Starting command: SHOW PARTITIONS dealer_hierarchy_core
15/09/06 13:13:54 INFO log.PerfLogger: </PERFLOG method=TimeToSubmit start=1441563234696 end=1441563234749 duration=53 from=org.apache.hadoop.hive.ql.Driver>
15/09/06 13:13:54 INFO log.PerfLogger: <PERFLOG method=runTasks from=org.apache.hadoop.hive.ql.Driver>
15/09/06 13:13:54 INFO log.PerfLogger: <PERFLOG method=task.DDL.Stage-0 from=org.apache.hadoop.hive.ql.Driver>
15/09/06 13:13:54 INFO metastore.HiveMetaStore: 0: get_table : db=ddsw_dev tbl=dealer_hierarchy_core
15/09/06 13:13:54 INFO HiveMetaStore.audit: ugi=hpatel	ip=unknown-ip-addr	cmd=get_table : db=ddsw_dev tbl=dealer_hierarchy_core	
15/09/06 13:13:54 INFO avro.AvroSerDe: Avro schema is {"type":"record","name":"DEALER_HIERARCHY_CORE","doc":"Sqoop import of DEALER_HIERARCHY","fields":[{"name":"File_Name","type":["string","null"],"columnName":"File_Name"},{"name":"GEN_ID","type":["string","null"],"columnName":"GEN_ID"},{"name":"DMS_SYSTEM","type":["string","null"],"columnName":"DMS_SYSTEM"},{"name":"DMS_VERSION","type":["string","null"],"columnName":"DMS_VERSION"},{"name":"TRANSMIT_TS","type":["string","null"],"columnName":"TRANSMIT_TS"},{"name":"ORIG_TRANSMIT_TS","type":["string","null"],"columnName":"TRANSMIT_TS"},{"name":"TRANSMIT_BY","type":["string","null"],"columnName":"TRANSMIT_BY"},{"name":"RECORD_STATUS","type":["string","null"],"columnName":"RECORD_STATUS"},{"name":"DEALER_UPDT_IND","type":["string","null"],"columnName":"DEALER_UPDT_IND","sqlType":"1"},{"name":"STORE_NUMBER","type":["string","null"],"columnName":"STORE_NUMBER"},{"name":"PART_TYPE","type":["string","null"],"columnName":"PART_TYPE"},{"name":"STORE_NAME","type":["string","null"],"columnName":"STORE_NAME"},{"name":"INVENTORY_STORE_NUMBER","type":["string","null"],"columnName":"INVENTORY_STORE_NUMBER"},{"name":"CAT_EMRG_DEALER_CODE","type":["string","null"],"columnName":"CAT_EMRG_DEALER_CODE"},{"name":"CAT_STOCK_DEALER_CODE","type":["string","null"],"columnName":"CAT_STOCK_DEALER_CODE"},{"name":"STOCK_REPLEN_STORE_NUMBER","type":["string","null"],"columnName":"STOCK_REPLEN_STORE_NUMBER"},{"name":"STOCK_REPLEN_LEAD_TIME","type":["string","null"],"columnName":"STOCK_REPLEN_LEAD_TIME"},{"name":"LST_UPDT_TS","type":["string","null"],"columnName":"LST_UPDT_TS"},{"name":"ORIG_LST_UPDT_TS","type":["string","null"],"columnName":"ORIG_LST_UPDT_TS"},{"name":"LST_UPDT_BY_ID","type":["string","null"],"columnName":"LST_UPDT_BY_ID"},{"name":"FILE_INS_TS","type":["string","null"],"columnName":"FILE_INS_TS"},{"name":"ORIG_FILE_INS_TS","type":["string","null"],"columnName":"ORIG_FILE_INS_TS"},{"name":"EXP_STOCK_PLAN_LEAD_TIME","type":["string","null"],"columnName":"EXP_STOCK_PLAN_LEAD_TIME"}],"tableName":"DEALER_HIERARCHY_CORE"}
15/09/06 13:13:54 INFO avro.AvroSerDe: Avro schema is {"type":"record","name":"DEALER_HIERARCHY_CORE","doc":"Sqoop import of DEALER_HIERARCHY","fields":[{"name":"File_Name","type":["string","null"],"columnName":"File_Name"},{"name":"GEN_ID","type":["string","null"],"columnName":"GEN_ID"},{"name":"DMS_SYSTEM","type":["string","null"],"columnName":"DMS_SYSTEM"},{"name":"DMS_VERSION","type":["string","null"],"columnName":"DMS_VERSION"},{"name":"TRANSMIT_TS","type":["string","null"],"columnName":"TRANSMIT_TS"},{"name":"ORIG_TRANSMIT_TS","type":["string","null"],"columnName":"TRANSMIT_TS"},{"name":"TRANSMIT_BY","type":["string","null"],"columnName":"TRANSMIT_BY"},{"name":"RECORD_STATUS","type":["string","null"],"columnName":"RECORD_STATUS"},{"name":"DEALER_UPDT_IND","type":["string","null"],"columnName":"DEALER_UPDT_IND","sqlType":"1"},{"name":"STORE_NUMBER","type":["string","null"],"columnName":"STORE_NUMBER"},{"name":"PART_TYPE","type":["string","null"],"columnName":"PART_TYPE"},{"name":"STORE_NAME","type":["string","null"],"columnName":"STORE_NAME"},{"name":"INVENTORY_STORE_NUMBER","type":["string","null"],"columnName":"INVENTORY_STORE_NUMBER"},{"name":"CAT_EMRG_DEALER_CODE","type":["string","null"],"columnName":"CAT_EMRG_DEALER_CODE"},{"name":"CAT_STOCK_DEALER_CODE","type":["string","null"],"columnName":"CAT_STOCK_DEALER_CODE"},{"name":"STOCK_REPLEN_STORE_NUMBER","type":["string","null"],"columnName":"STOCK_REPLEN_STORE_NUMBER"},{"name":"STOCK_REPLEN_LEAD_TIME","type":["string","null"],"columnName":"STOCK_REPLEN_LEAD_TIME"},{"name":"LST_UPDT_TS","type":["string","null"],"columnName":"LST_UPDT_TS"},{"name":"ORIG_LST_UPDT_TS","type":["string","null"],"columnName":"ORIG_LST_UPDT_TS"},{"name":"LST_UPDT_BY_ID","type":["string","null"],"columnName":"LST_UPDT_BY_ID"},{"name":"FILE_INS_TS","type":["string","null"],"columnName":"FILE_INS_TS"},{"name":"ORIG_FILE_INS_TS","type":["string","null"],"columnName":"ORIG_FILE_INS_TS"},{"name":"EXP_STOCK_PLAN_LEAD_TIME","type":["string","null"],"columnName":"EXP_STOCK_PLAN_LEAD_TIME"}],"tableName":"DEALER_HIERARCHY_CORE"}
15/09/06 13:13:54 INFO metastore.HiveMetaStore: 0: get_partition_names : db=ddsw_dev tbl=dealer_hierarchy_core
15/09/06 13:13:54 INFO HiveMetaStore.audit: ugi=hpatel	ip=unknown-ip-addr	cmd=get_partition_names : db=ddsw_dev tbl=dealer_hierarchy_core	
15/09/06 13:13:54 INFO log.PerfLogger: </PERFLOG method=runTasks start=1441563234749 end=1441563234776 duration=27 from=org.apache.hadoop.hive.ql.Driver>
15/09/06 13:13:54 INFO log.PerfLogger: </PERFLOG method=Driver.execute start=1441563234749 end=1441563234776 duration=27 from=org.apache.hadoop.hive.ql.Driver>
OK
15/09/06 13:13:54 INFO ql.Driver: OK
15/09/06 13:13:54 INFO log.PerfLogger: <PERFLOG method=releaseLocks from=org.apache.hadoop.hive.ql.Driver>
15/09/06 13:13:54 INFO log.PerfLogger: </PERFLOG method=releaseLocks start=1441563234776 end=1441563234776 duration=0 from=org.apache.hadoop.hive.ql.Driver>
15/09/06 13:13:54 INFO log.PerfLogger: </PERFLOG method=Driver.run start=1441563234696 end=1441563234776 duration=80 from=org.apache.hadoop.hive.ql.Driver>
15/09/06 13:13:54 INFO mapred.FileInputFormat: Total input paths to process : 1
15/09/06 13:13:54 INFO service.HiveServer: Running the query: USE default
15/09/06 13:13:54 INFO exec.ListSinkOperator: 183 finished. closing... 
15/09/06 13:13:54 INFO exec.ListSinkOperator: 183 Close done
15/09/06 13:13:54 INFO log.PerfLogger: <PERFLOG method=Driver.run from=org.apache.hadoop.hive.ql.Driver>
15/09/06 13:13:54 INFO log.PerfLogger: <PERFLOG method=TimeToSubmit from=org.apache.hadoop.hive.ql.Driver>
15/09/06 13:13:54 INFO ql.Driver: Concurrency mode is disabled, not creating a lock manager
15/09/06 13:13:54 INFO log.PerfLogger: <PERFLOG method=compile from=org.apache.hadoop.hive.ql.Driver>
15/09/06 13:13:54 INFO log.PerfLogger: <PERFLOG method=parse from=org.apache.hadoop.hive.ql.Driver>
15/09/06 13:13:54 INFO parse.ParseDriver: Parsing command: USE default
15/09/06 13:13:54 INFO parse.ParseDriver: Parse Completed
15/09/06 13:13:54 INFO log.PerfLogger: </PERFLOG method=parse start=1441563234778 end=1441563234779 duration=1 from=org.apache.hadoop.hive.ql.Driver>
15/09/06 13:13:54 INFO log.PerfLogger: <PERFLOG method=semanticAnalyze from=org.apache.hadoop.hive.ql.Driver>
15/09/06 13:13:54 INFO ql.Driver: Semantic Analysis Completed
15/09/06 13:13:54 INFO log.PerfLogger: </PERFLOG method=semanticAnalyze start=1441563234779 end=1441563234779 duration=0 from=org.apache.hadoop.hive.ql.Driver>
15/09/06 13:13:54 INFO ql.Driver: Returning Hive schema: Schema(fieldSchemas:null, properties:null)
15/09/06 13:13:54 INFO log.PerfLogger: </PERFLOG method=compile start=1441563234778 end=1441563234779 duration=1 from=org.apache.hadoop.hive.ql.Driver>
15/09/06 13:13:54 INFO log.PerfLogger: <PERFLOG method=Driver.execute from=org.apache.hadoop.hive.ql.Driver>
15/09/06 13:13:54 INFO ql.Driver: Starting command: USE default
15/09/06 13:13:54 INFO log.PerfLogger: </PERFLOG method=TimeToSubmit start=1441563234778 end=1441563234779 duration=1 from=org.apache.hadoop.hive.ql.Driver>
15/09/06 13:13:54 INFO log.PerfLogger: <PERFLOG method=runTasks from=org.apache.hadoop.hive.ql.Driver>
15/09/06 13:13:54 INFO log.PerfLogger: <PERFLOG method=task.DDL.Stage-0 from=org.apache.hadoop.hive.ql.Driver>
15/09/06 13:13:54 INFO metastore.HiveMetaStore: 0: get_database: default
15/09/06 13:13:54 INFO HiveMetaStore.audit: ugi=hpatel	ip=unknown-ip-addr	cmd=get_database: default	
15/09/06 13:13:54 INFO metastore.HiveMetaStore: 0: get_database: default
15/09/06 13:13:54 INFO HiveMetaStore.audit: ugi=hpatel	ip=unknown-ip-addr	cmd=get_database: default	
15/09/06 13:13:54 INFO log.PerfLogger: </PERFLOG method=runTasks start=1441563234779 end=1441563234782 duration=3 from=org.apache.hadoop.hive.ql.Driver>
15/09/06 13:13:54 INFO log.PerfLogger: </PERFLOG method=Driver.execute start=1441563234779 end=1441563234782 duration=3 from=org.apache.hadoop.hive.ql.Driver>
OK
15/09/06 13:13:54 INFO ql.Driver: OK
15/09/06 13:13:54 INFO log.PerfLogger: <PERFLOG method=releaseLocks from=org.apache.hadoop.hive.ql.Driver>
15/09/06 13:13:54 INFO log.PerfLogger: </PERFLOG method=releaseLocks start=1441563234782 end=1441563234782 duration=0 from=org.apache.hadoop.hive.ql.Driver>
15/09/06 13:13:54 INFO log.PerfLogger: </PERFLOG method=Driver.run start=1441563234778 end=1441563234782 duration=4 from=org.apache.hadoop.hive.ql.Driver>
15/09/06 13:13:54 INFO metastore.HiveMetaStore: 0: Shutting down the object store...
15/09/06 13:13:54 INFO HiveMetaStore.audit: ugi=hpatel	ip=unknown-ip-addr	cmd=Shutting down the object store...	
15/09/06 13:13:54 INFO metastore.HiveMetaStore: 0: Metastore shutdown complete.
15/09/06 13:13:54 INFO HiveMetaStore.audit: ugi=hpatel	ip=unknown-ip-addr	cmd=Metastore shutdown complete.	
15/09/06 13:13:54 INFO hiverunner.HiveServerContainer: Tore down HiveServer instance
15/09/06 13:13:54 INFO metastore.HiveMetaStore: 0: Opening raw store with implemenation class:org.apache.hadoop.hive.metastore.ObjectStore
15/09/06 13:13:54 INFO metastore.ObjectStore: ObjectStore, initialize called
15/09/06 13:13:54 INFO DataNucleus.Persistence: Property datanucleus.cache.level2 unknown - will be ignored
15/09/06 13:13:54 INFO DataNucleus.Persistence: Property hive.metastore.integral.jdo.pushdown unknown - will be ignored
15/09/06 13:13:54 INFO metastore.ObjectStore: Setting MetaStore object pin classes with hive.metastore.cache.pinobjtypes="Table,StorageDescriptor,SerDeInfo,Partition,Database,Type,FieldSchema,Order"
15/09/06 13:13:54 INFO metastore.MetaStoreDirectSql: MySQL check failed, assuming we are not on mysql: unknown token: 
15/09/06 13:13:54 INFO DataNucleus.Datastore: The class "org.apache.hadoop.hive.metastore.model.MFieldSchema" is tagged as "embedded-only" so does not have its own datastore table.
15/09/06 13:13:54 INFO DataNucleus.Datastore: The class "org.apache.hadoop.hive.metastore.model.MOrder" is tagged as "embedded-only" so does not have its own datastore table.
15/09/06 13:13:54 INFO DataNucleus.Datastore: The class "org.apache.hadoop.hive.metastore.model.MFieldSchema" is tagged as "embedded-only" so does not have its own datastore table.
15/09/06 13:13:54 INFO DataNucleus.Datastore: The class "org.apache.hadoop.hive.metastore.model.MOrder" is tagged as "embedded-only" so does not have its own datastore table.
15/09/06 13:13:54 INFO metastore.ObjectStore: Initialized ObjectStore
15/09/06 13:13:54 INFO metastore.HiveMetaStore: No user is added in admin role, since config is empty
15/09/06 13:13:54 INFO metastore.HiveMetaStore: 0: Shutting down the object store...
15/09/06 13:13:54 INFO HiveMetaStore.audit: ugi=hpatel	ip=unknown-ip-addr	cmd=Shutting down the object store...	
15/09/06 13:13:54 INFO metastore.HiveMetaStore: 0: Metastore shutdown complete.
15/09/06 13:13:54 INFO HiveMetaStore.audit: ugi=hpatel	ip=unknown-ip-addr	cmd=Metastore shutdown complete.	
15/09/06 13:13:54 INFO metastore.HiveMetaStore: No user is added in admin role, since config is empty
15/09/06 13:13:54 INFO session.SessionState: No Tez session required at this point. hive.execution.engine=mr.
15/09/06 13:13:54 INFO service.HiveServer: Putting temp output to file /var/folders/y7/4_pz5fzx54ngcmghz3v6t3m00000gn/T/junit4401635926319421423/localscratchdir/8dab4e73-32ab-4b33-bf0e-2b880728b917656321493136283740.pipeout
15/09/06 13:13:54 INFO service.HiveServer: Running the query: SHOW TABLES
15/09/06 13:13:54 INFO log.PerfLogger: <PERFLOG method=Driver.run from=org.apache.hadoop.hive.ql.Driver>
15/09/06 13:13:54 INFO log.PerfLogger: <PERFLOG method=TimeToSubmit from=org.apache.hadoop.hive.ql.Driver>
15/09/06 13:13:54 INFO ql.Driver: Concurrency mode is disabled, not creating a lock manager
15/09/06 13:13:54 INFO log.PerfLogger: <PERFLOG method=compile from=org.apache.hadoop.hive.ql.Driver>
15/09/06 13:13:54 INFO log.PerfLogger: <PERFLOG method=parse from=org.apache.hadoop.hive.ql.Driver>
15/09/06 13:13:54 INFO parse.ParseDriver: Parsing command: SHOW TABLES
15/09/06 13:13:54 INFO parse.ParseDriver: Parse Completed
15/09/06 13:13:54 INFO log.PerfLogger: </PERFLOG method=parse start=1441563234997 end=1441563234997 duration=0 from=org.apache.hadoop.hive.ql.Driver>
15/09/06 13:13:54 INFO log.PerfLogger: <PERFLOG method=semanticAnalyze from=org.apache.hadoop.hive.ql.Driver>
15/09/06 13:13:55 INFO ql.Driver: Semantic Analysis Completed
15/09/06 13:13:55 INFO log.PerfLogger: </PERFLOG method=semanticAnalyze start=1441563234997 end=1441563235001 duration=4 from=org.apache.hadoop.hive.ql.Driver>
15/09/06 13:13:55 INFO exec.ListSinkOperator: Initializing Self 184 OP
15/09/06 13:13:55 INFO exec.ListSinkOperator: Operator 184 OP initialized
15/09/06 13:13:55 INFO exec.ListSinkOperator: Initialization Done 184 OP
15/09/06 13:13:55 INFO ql.Driver: Returning Hive schema: Schema(fieldSchemas:[FieldSchema(name:tab_name, type:string, comment:from deserializer)], properties:null)
15/09/06 13:13:55 INFO log.PerfLogger: </PERFLOG method=compile start=1441563234997 end=1441563235002 duration=5 from=org.apache.hadoop.hive.ql.Driver>
15/09/06 13:13:55 INFO log.PerfLogger: <PERFLOG method=Driver.execute from=org.apache.hadoop.hive.ql.Driver>
15/09/06 13:13:55 INFO ql.Driver: Starting command: SHOW TABLES
15/09/06 13:13:55 INFO log.PerfLogger: </PERFLOG method=TimeToSubmit start=1441563234996 end=1441563235002 duration=6 from=org.apache.hadoop.hive.ql.Driver>
15/09/06 13:13:55 INFO log.PerfLogger: <PERFLOG method=runTasks from=org.apache.hadoop.hive.ql.Driver>
15/09/06 13:13:55 INFO log.PerfLogger: <PERFLOG method=task.DDL.Stage-0 from=org.apache.hadoop.hive.ql.Driver>
15/09/06 13:13:55 INFO metastore.HiveMetaStore: 0: get_database: default
15/09/06 13:13:55 INFO HiveMetaStore.audit: ugi=hpatel	ip=unknown-ip-addr	cmd=get_database: default	
15/09/06 13:13:55 INFO metastore.HiveMetaStore: 0: Opening raw store with implemenation class:org.apache.hadoop.hive.metastore.ObjectStore
15/09/06 13:13:55 INFO metastore.ObjectStore: ObjectStore, initialize called
15/09/06 13:13:55 INFO metastore.MetaStoreDirectSql: MySQL check failed, assuming we are not on mysql: unknown token: 
15/09/06 13:13:55 INFO DataNucleus.Query: Reading in results for query "org.datanucleus.store.rdbms.query.SQLQuery@0" since the connection used is closing
15/09/06 13:13:55 INFO metastore.ObjectStore: Initialized ObjectStore
15/09/06 13:13:55 INFO metastore.HiveMetaStore: 0: get_tables: db=default pat=.*
15/09/06 13:13:55 INFO HiveMetaStore.audit: ugi=hpatel	ip=unknown-ip-addr	cmd=get_tables: db=default pat=.*	
15/09/06 13:13:55 INFO log.PerfLogger: </PERFLOG method=runTasks start=1441563235002 end=1441563235015 duration=13 from=org.apache.hadoop.hive.ql.Driver>
15/09/06 13:13:55 INFO log.PerfLogger: </PERFLOG method=Driver.execute start=1441563235002 end=1441563235015 duration=13 from=org.apache.hadoop.hive.ql.Driver>
OK
15/09/06 13:13:55 INFO ql.Driver: OK
15/09/06 13:13:55 INFO log.PerfLogger: <PERFLOG method=releaseLocks from=org.apache.hadoop.hive.ql.Driver>
15/09/06 13:13:55 INFO log.PerfLogger: </PERFLOG method=releaseLocks start=1441563235015 end=1441563235015 duration=0 from=org.apache.hadoop.hive.ql.Driver>
15/09/06 13:13:55 INFO log.PerfLogger: </PERFLOG method=Driver.run start=1441563234996 end=1441563235015 duration=19 from=org.apache.hadoop.hive.ql.Driver>
15/09/06 13:13:55 INFO builder.HiveShellTearable: Executing script: CREATE TEMPORARY FUNCTION custom_utc_timestamp AS 'com.cloudera.sa.cat.udfs.CustomUTCTimestamp';
CREATE TEMPORARY FUNCTION format_mr_timestamp AS 'com.cloudera.sa.cat.udfs.FormatMRTimeStamp';

15/09/06 13:13:55 INFO service.HiveServer: Running the query: CREATE TEMPORARY FUNCTION custom_utc_timestamp AS 'com.cloudera.sa.cat.udfs.CustomUTCTimestamp'
15/09/06 13:13:55 INFO exec.ListSinkOperator: 184 finished. closing... 
15/09/06 13:13:55 INFO exec.ListSinkOperator: 184 Close done
15/09/06 13:13:55 INFO log.PerfLogger: <PERFLOG method=Driver.run from=org.apache.hadoop.hive.ql.Driver>
15/09/06 13:13:55 INFO log.PerfLogger: <PERFLOG method=TimeToSubmit from=org.apache.hadoop.hive.ql.Driver>
15/09/06 13:13:55 INFO ql.Driver: Concurrency mode is disabled, not creating a lock manager
15/09/06 13:13:55 INFO log.PerfLogger: <PERFLOG method=compile from=org.apache.hadoop.hive.ql.Driver>
15/09/06 13:13:55 INFO log.PerfLogger: <PERFLOG method=parse from=org.apache.hadoop.hive.ql.Driver>
15/09/06 13:13:55 INFO parse.ParseDriver: Parsing command: CREATE TEMPORARY FUNCTION custom_utc_timestamp AS 'com.cloudera.sa.cat.udfs.CustomUTCTimestamp'
15/09/06 13:13:55 INFO parse.ParseDriver: Parse Completed
15/09/06 13:13:55 INFO log.PerfLogger: </PERFLOG method=parse start=1441563235016 end=1441563235016 duration=0 from=org.apache.hadoop.hive.ql.Driver>
15/09/06 13:13:55 INFO log.PerfLogger: <PERFLOG method=semanticAnalyze from=org.apache.hadoop.hive.ql.Driver>
15/09/06 13:13:55 INFO metastore.HiveMetaStore: 0: get_database: default
15/09/06 13:13:55 INFO HiveMetaStore.audit: ugi=hpatel	ip=unknown-ip-addr	cmd=get_database: default	
15/09/06 13:13:55 INFO parse.FunctionSemanticAnalyzer: analyze done
15/09/06 13:13:55 INFO ql.Driver: Semantic Analysis Completed
15/09/06 13:13:55 INFO log.PerfLogger: </PERFLOG method=semanticAnalyze start=1441563235016 end=1441563235018 duration=2 from=org.apache.hadoop.hive.ql.Driver>
15/09/06 13:13:55 INFO ql.Driver: Returning Hive schema: Schema(fieldSchemas:null, properties:null)
15/09/06 13:13:55 INFO log.PerfLogger: </PERFLOG method=compile start=1441563235016 end=1441563235018 duration=2 from=org.apache.hadoop.hive.ql.Driver>
15/09/06 13:13:55 INFO log.PerfLogger: <PERFLOG method=Driver.execute from=org.apache.hadoop.hive.ql.Driver>
15/09/06 13:13:55 INFO ql.Driver: Starting command: CREATE TEMPORARY FUNCTION custom_utc_timestamp AS 'com.cloudera.sa.cat.udfs.CustomUTCTimestamp'
15/09/06 13:13:55 INFO log.PerfLogger: </PERFLOG method=TimeToSubmit start=1441563235016 end=1441563235018 duration=2 from=org.apache.hadoop.hive.ql.Driver>
15/09/06 13:13:55 INFO log.PerfLogger: <PERFLOG method=runTasks from=org.apache.hadoop.hive.ql.Driver>
15/09/06 13:13:55 INFO log.PerfLogger: <PERFLOG method=task.FUNCTION.Stage-0 from=org.apache.hadoop.hive.ql.Driver>
15/09/06 13:13:55 INFO log.PerfLogger: </PERFLOG method=runTasks start=1441563235018 end=1441563235018 duration=0 from=org.apache.hadoop.hive.ql.Driver>
15/09/06 13:13:55 INFO log.PerfLogger: </PERFLOG method=Driver.execute start=1441563235018 end=1441563235018 duration=0 from=org.apache.hadoop.hive.ql.Driver>
OK
15/09/06 13:13:55 INFO ql.Driver: OK
15/09/06 13:13:55 INFO log.PerfLogger: <PERFLOG method=releaseLocks from=org.apache.hadoop.hive.ql.Driver>
15/09/06 13:13:55 INFO log.PerfLogger: </PERFLOG method=releaseLocks start=1441563235018 end=1441563235018 duration=0 from=org.apache.hadoop.hive.ql.Driver>
15/09/06 13:13:55 INFO log.PerfLogger: </PERFLOG method=Driver.run start=1441563235016 end=1441563235018 duration=2 from=org.apache.hadoop.hive.ql.Driver>
15/09/06 13:13:55 INFO service.HiveServer: Running the query: 
CREATE TEMPORARY FUNCTION format_mr_timestamp AS 'com.cloudera.sa.cat.udfs.FormatMRTimeStamp'
15/09/06 13:13:55 INFO log.PerfLogger: <PERFLOG method=Driver.run from=org.apache.hadoop.hive.ql.Driver>
15/09/06 13:13:55 INFO log.PerfLogger: <PERFLOG method=TimeToSubmit from=org.apache.hadoop.hive.ql.Driver>
15/09/06 13:13:55 INFO ql.Driver: Concurrency mode is disabled, not creating a lock manager
15/09/06 13:13:55 INFO log.PerfLogger: <PERFLOG method=compile from=org.apache.hadoop.hive.ql.Driver>
15/09/06 13:13:55 INFO log.PerfLogger: <PERFLOG method=parse from=org.apache.hadoop.hive.ql.Driver>
15/09/06 13:13:55 INFO parse.ParseDriver: Parsing command: 
CREATE TEMPORARY FUNCTION format_mr_timestamp AS 'com.cloudera.sa.cat.udfs.FormatMRTimeStamp'
15/09/06 13:13:55 INFO parse.ParseDriver: Parse Completed
15/09/06 13:13:55 INFO log.PerfLogger: </PERFLOG method=parse start=1441563235019 end=1441563235019 duration=0 from=org.apache.hadoop.hive.ql.Driver>
15/09/06 13:13:55 INFO log.PerfLogger: <PERFLOG method=semanticAnalyze from=org.apache.hadoop.hive.ql.Driver>
15/09/06 13:13:55 INFO metastore.HiveMetaStore: 0: get_database: default
15/09/06 13:13:55 INFO HiveMetaStore.audit: ugi=hpatel	ip=unknown-ip-addr	cmd=get_database: default	
15/09/06 13:13:55 INFO parse.FunctionSemanticAnalyzer: analyze done
15/09/06 13:13:55 INFO ql.Driver: Semantic Analysis Completed
15/09/06 13:13:55 INFO log.PerfLogger: </PERFLOG method=semanticAnalyze start=1441563235019 end=1441563235020 duration=1 from=org.apache.hadoop.hive.ql.Driver>
15/09/06 13:13:55 INFO ql.Driver: Returning Hive schema: Schema(fieldSchemas:null, properties:null)
15/09/06 13:13:55 INFO log.PerfLogger: </PERFLOG method=compile start=1441563235019 end=1441563235020 duration=1 from=org.apache.hadoop.hive.ql.Driver>
15/09/06 13:13:55 INFO log.PerfLogger: <PERFLOG method=Driver.execute from=org.apache.hadoop.hive.ql.Driver>
15/09/06 13:13:55 INFO ql.Driver: Starting command: 
CREATE TEMPORARY FUNCTION format_mr_timestamp AS 'com.cloudera.sa.cat.udfs.FormatMRTimeStamp'
15/09/06 13:13:55 INFO log.PerfLogger: </PERFLOG method=TimeToSubmit start=1441563235019 end=1441563235020 duration=1 from=org.apache.hadoop.hive.ql.Driver>
15/09/06 13:13:55 INFO log.PerfLogger: <PERFLOG method=runTasks from=org.apache.hadoop.hive.ql.Driver>
15/09/06 13:13:55 INFO log.PerfLogger: <PERFLOG method=task.FUNCTION.Stage-0 from=org.apache.hadoop.hive.ql.Driver>
15/09/06 13:13:55 INFO log.PerfLogger: </PERFLOG method=runTasks start=1441563235020 end=1441563235021 duration=1 from=org.apache.hadoop.hive.ql.Driver>
15/09/06 13:13:55 INFO log.PerfLogger: </PERFLOG method=Driver.execute start=1441563235020 end=1441563235021 duration=1 from=org.apache.hadoop.hive.ql.Driver>
OK
15/09/06 13:13:55 INFO ql.Driver: OK
15/09/06 13:13:55 INFO log.PerfLogger: <PERFLOG method=releaseLocks from=org.apache.hadoop.hive.ql.Driver>
15/09/06 13:13:55 INFO log.PerfLogger: </PERFLOG method=releaseLocks start=1441563235021 end=1441563235021 duration=0 from=org.apache.hadoop.hive.ql.Driver>
15/09/06 13:13:55 INFO log.PerfLogger: </PERFLOG method=Driver.run start=1441563235019 end=1441563235021 duration=2 from=org.apache.hadoop.hive.ql.Driver>
15/09/06 13:13:55 INFO service.HiveServer: Running the query: 

15/09/06 13:13:55 INFO builder.HiveShellTearable: Executing script: SET mapreduce.job.queuename=ddsw;
SET hive.exec.drop.ignorenonexistent=true;
SET hive.exec.dynamic.partition=true;
SET hive.exec.dynamic.partition.mode=nonstrict;

CREATE DATABASE IF NOT EXISTS ddsw_dev;

USE ddsw_dev;

CREATE EXTERNAL TABLE IF NOT EXISTS dealer_hierarchy_temp_data
(
  file_name string,
  gen_id string,
  dms_system string,
  dms_version string,
  transmit_ts string,
  orig_transmit_ts string,
  transmit_by string,
  record_status string,
  dealer_updt_ind string,
  store_number string,
  part_type string,
  store_name string,
  inventory_store_number string,
  cat_emrg_dealer_code string,
  cat_stock_dealer_code string,
  stock_replen_store_number string,
  stock_replen_lead_time string,
  lst_updt_ts string,
  orig_lst_updt_ts string,
  lst_updt_by_id string,
  file_ins_ts string,
  orig_file_ins_ts string,
  exp_stock_plan_lead_time string
)
PARTITIONED BY (dealer_code string)
ROW FORMAT DELIMITED FIELDS TERMINATED BY '|'
STORED AS
  INPUTFORMAT 'org.apache.hadoop.mapred.TextInputFormat'
  OUTPUTFORMAT 'org.apache.hadoop.hive.ql.io.HiveIgnoreKeyTextOutputFormat'
LOCATION '${hiveconf:hadoop.tmp.dir.uri}/dealer_hierarchy/temp_data'
TBLPROPERTIES ('serialization.null.format'='')
;

15/09/06 13:13:55 INFO service.HiveServer: Running the query: SET mapreduce.job.queuename=ddsw
15/09/06 13:13:55 INFO service.HiveServer: Putting temp output to file /var/folders/y7/4_pz5fzx54ngcmghz3v6t3m00000gn/T/junit4401635926319421423/localscratchdir/8dab4e73-32ab-4b33-bf0e-2b880728b917656321493136283740.pipeout
15/09/06 13:13:55 INFO service.HiveServer: Running the query: 
SET hive.exec.drop.ignorenonexistent=true
15/09/06 13:13:55 INFO service.HiveServer: Putting temp output to file /var/folders/y7/4_pz5fzx54ngcmghz3v6t3m00000gn/T/junit4401635926319421423/localscratchdir/8dab4e73-32ab-4b33-bf0e-2b880728b917656321493136283740.pipeout
15/09/06 13:13:55 INFO service.HiveServer: Running the query: 
SET hive.exec.dynamic.partition=true
15/09/06 13:13:55 INFO service.HiveServer: Putting temp output to file /var/folders/y7/4_pz5fzx54ngcmghz3v6t3m00000gn/T/junit4401635926319421423/localscratchdir/8dab4e73-32ab-4b33-bf0e-2b880728b917656321493136283740.pipeout
15/09/06 13:13:55 INFO service.HiveServer: Running the query: 
SET hive.exec.dynamic.partition.mode=nonstrict
15/09/06 13:13:55 INFO service.HiveServer: Putting temp output to file /var/folders/y7/4_pz5fzx54ngcmghz3v6t3m00000gn/T/junit4401635926319421423/localscratchdir/8dab4e73-32ab-4b33-bf0e-2b880728b917656321493136283740.pipeout
15/09/06 13:13:55 INFO service.HiveServer: Running the query: 

CREATE DATABASE IF NOT EXISTS ddsw_dev
15/09/06 13:13:55 INFO log.PerfLogger: <PERFLOG method=Driver.run from=org.apache.hadoop.hive.ql.Driver>
15/09/06 13:13:55 INFO log.PerfLogger: <PERFLOG method=TimeToSubmit from=org.apache.hadoop.hive.ql.Driver>
15/09/06 13:13:55 INFO ql.Driver: Concurrency mode is disabled, not creating a lock manager
15/09/06 13:13:55 INFO log.PerfLogger: <PERFLOG method=compile from=org.apache.hadoop.hive.ql.Driver>
15/09/06 13:13:55 INFO log.PerfLogger: <PERFLOG method=parse from=org.apache.hadoop.hive.ql.Driver>
15/09/06 13:13:55 INFO parse.ParseDriver: Parsing command: 

CREATE DATABASE IF NOT EXISTS ddsw_dev
15/09/06 13:13:55 INFO parse.ParseDriver: Parse Completed
15/09/06 13:13:55 INFO log.PerfLogger: </PERFLOG method=parse start=1441563235092 end=1441563235092 duration=0 from=org.apache.hadoop.hive.ql.Driver>
15/09/06 13:13:55 INFO log.PerfLogger: <PERFLOG method=semanticAnalyze from=org.apache.hadoop.hive.ql.Driver>
15/09/06 13:13:55 INFO ql.Driver: Semantic Analysis Completed
15/09/06 13:13:55 INFO log.PerfLogger: </PERFLOG method=semanticAnalyze start=1441563235092 end=1441563235093 duration=1 from=org.apache.hadoop.hive.ql.Driver>
15/09/06 13:13:55 INFO ql.Driver: Returning Hive schema: Schema(fieldSchemas:null, properties:null)
15/09/06 13:13:55 INFO log.PerfLogger: </PERFLOG method=compile start=1441563235092 end=1441563235093 duration=1 from=org.apache.hadoop.hive.ql.Driver>
15/09/06 13:13:55 INFO log.PerfLogger: <PERFLOG method=Driver.execute from=org.apache.hadoop.hive.ql.Driver>
15/09/06 13:13:55 INFO ql.Driver: Starting command: 

CREATE DATABASE IF NOT EXISTS ddsw_dev
15/09/06 13:13:55 INFO log.PerfLogger: </PERFLOG method=TimeToSubmit start=1441563235092 end=1441563235093 duration=1 from=org.apache.hadoop.hive.ql.Driver>
15/09/06 13:13:55 INFO log.PerfLogger: <PERFLOG method=runTasks from=org.apache.hadoop.hive.ql.Driver>
15/09/06 13:13:55 INFO log.PerfLogger: <PERFLOG method=task.DDL.Stage-0 from=org.apache.hadoop.hive.ql.Driver>
15/09/06 13:13:55 INFO metastore.HiveMetaStore: 0: create_database: Database(name:ddsw_dev, description:null, locationUri:null, parameters:null, ownerName:hpatel, ownerType:USER)
15/09/06 13:13:55 INFO HiveMetaStore.audit: ugi=hpatel	ip=unknown-ip-addr	cmd=create_database: Database(name:ddsw_dev, description:null, locationUri:null, parameters:null, ownerName:hpatel, ownerType:USER)	
15/09/06 13:13:55 INFO metastore.HiveMetaStore: 0: get_database: ddsw_dev
15/09/06 13:13:55 INFO HiveMetaStore.audit: ugi=hpatel	ip=unknown-ip-addr	cmd=get_database: ddsw_dev	
15/09/06 13:13:55 INFO common.FileUtils: Creating directory if it doesn't exist: file:/var/folders/y7/4_pz5fzx54ngcmghz3v6t3m00000gn/T/junit4401635926319421423/warehouse/ddsw_dev.db
15/09/06 13:13:55 INFO log.PerfLogger: </PERFLOG method=runTasks start=1441563235093 end=1441563235123 duration=30 from=org.apache.hadoop.hive.ql.Driver>
15/09/06 13:13:55 INFO log.PerfLogger: </PERFLOG method=Driver.execute start=1441563235093 end=1441563235123 duration=30 from=org.apache.hadoop.hive.ql.Driver>
OK
15/09/06 13:13:55 INFO ql.Driver: OK
15/09/06 13:13:55 INFO log.PerfLogger: <PERFLOG method=releaseLocks from=org.apache.hadoop.hive.ql.Driver>
15/09/06 13:13:55 INFO log.PerfLogger: </PERFLOG method=releaseLocks start=1441563235124 end=1441563235124 duration=0 from=org.apache.hadoop.hive.ql.Driver>
15/09/06 13:13:55 INFO log.PerfLogger: </PERFLOG method=Driver.run start=1441563235092 end=1441563235124 duration=32 from=org.apache.hadoop.hive.ql.Driver>
15/09/06 13:13:55 INFO service.HiveServer: Running the query: 

USE ddsw_dev
15/09/06 13:13:55 INFO log.PerfLogger: <PERFLOG method=Driver.run from=org.apache.hadoop.hive.ql.Driver>
15/09/06 13:13:55 INFO log.PerfLogger: <PERFLOG method=TimeToSubmit from=org.apache.hadoop.hive.ql.Driver>
15/09/06 13:13:55 INFO ql.Driver: Concurrency mode is disabled, not creating a lock manager
15/09/06 13:13:55 INFO log.PerfLogger: <PERFLOG method=compile from=org.apache.hadoop.hive.ql.Driver>
15/09/06 13:13:55 INFO log.PerfLogger: <PERFLOG method=parse from=org.apache.hadoop.hive.ql.Driver>
15/09/06 13:13:55 INFO parse.ParseDriver: Parsing command: 

USE ddsw_dev
15/09/06 13:13:55 INFO parse.ParseDriver: Parse Completed
15/09/06 13:13:55 INFO log.PerfLogger: </PERFLOG method=parse start=1441563235124 end=1441563235124 duration=0 from=org.apache.hadoop.hive.ql.Driver>
15/09/06 13:13:55 INFO log.PerfLogger: <PERFLOG method=semanticAnalyze from=org.apache.hadoop.hive.ql.Driver>
15/09/06 13:13:55 INFO ql.Driver: Semantic Analysis Completed
15/09/06 13:13:55 INFO log.PerfLogger: </PERFLOG method=semanticAnalyze start=1441563235124 end=1441563235124 duration=0 from=org.apache.hadoop.hive.ql.Driver>
15/09/06 13:13:55 INFO ql.Driver: Returning Hive schema: Schema(fieldSchemas:null, properties:null)
15/09/06 13:13:55 INFO log.PerfLogger: </PERFLOG method=compile start=1441563235124 end=1441563235125 duration=1 from=org.apache.hadoop.hive.ql.Driver>
15/09/06 13:13:55 INFO log.PerfLogger: <PERFLOG method=Driver.execute from=org.apache.hadoop.hive.ql.Driver>
15/09/06 13:13:55 INFO ql.Driver: Starting command: 

USE ddsw_dev
15/09/06 13:13:55 INFO log.PerfLogger: </PERFLOG method=TimeToSubmit start=1441563235124 end=1441563235125 duration=1 from=org.apache.hadoop.hive.ql.Driver>
15/09/06 13:13:55 INFO log.PerfLogger: <PERFLOG method=runTasks from=org.apache.hadoop.hive.ql.Driver>
15/09/06 13:13:55 INFO log.PerfLogger: <PERFLOG method=task.DDL.Stage-0 from=org.apache.hadoop.hive.ql.Driver>
15/09/06 13:13:55 INFO metastore.HiveMetaStore: 0: get_database: ddsw_dev
15/09/06 13:13:55 INFO HiveMetaStore.audit: ugi=hpatel	ip=unknown-ip-addr	cmd=get_database: ddsw_dev	
15/09/06 13:13:55 INFO metastore.HiveMetaStore: 0: get_database: ddsw_dev
15/09/06 13:13:55 INFO HiveMetaStore.audit: ugi=hpatel	ip=unknown-ip-addr	cmd=get_database: ddsw_dev	
15/09/06 13:13:55 INFO log.PerfLogger: </PERFLOG method=runTasks start=1441563235125 end=1441563235127 duration=2 from=org.apache.hadoop.hive.ql.Driver>
15/09/06 13:13:55 INFO log.PerfLogger: </PERFLOG method=Driver.execute start=1441563235125 end=1441563235127 duration=2 from=org.apache.hadoop.hive.ql.Driver>
OK
15/09/06 13:13:55 INFO ql.Driver: OK
15/09/06 13:13:55 INFO log.PerfLogger: <PERFLOG method=releaseLocks from=org.apache.hadoop.hive.ql.Driver>
15/09/06 13:13:55 INFO log.PerfLogger: </PERFLOG method=releaseLocks start=1441563235127 end=1441563235127 duration=0 from=org.apache.hadoop.hive.ql.Driver>
15/09/06 13:13:55 INFO log.PerfLogger: </PERFLOG method=Driver.run start=1441563235124 end=1441563235127 duration=3 from=org.apache.hadoop.hive.ql.Driver>
15/09/06 13:13:55 INFO service.HiveServer: Running the query: 

CREATE EXTERNAL TABLE IF NOT EXISTS dealer_hierarchy_temp_data
(
  file_name string,
  gen_id string,
  dms_system string,
  dms_version string,
  transmit_ts string,
  orig_transmit_ts string,
  transmit_by string,
  record_status string,
  dealer_updt_ind string,
  store_number string,
  part_type string,
  store_name string,
  inventory_store_number string,
  cat_emrg_dealer_code string,
  cat_stock_dealer_code string,
  stock_replen_store_number string,
  stock_replen_lead_time string,
  lst_updt_ts string,
  orig_lst_updt_ts string,
  lst_updt_by_id string,
  file_ins_ts string,
  orig_file_ins_ts string,
  exp_stock_plan_lead_time string
)
PARTITIONED BY (dealer_code string)
ROW FORMAT DELIMITED FIELDS TERMINATED BY '|'
STORED AS
  INPUTFORMAT 'org.apache.hadoop.mapred.TextInputFormat'
  OUTPUTFORMAT 'org.apache.hadoop.hive.ql.io.HiveIgnoreKeyTextOutputFormat'
LOCATION '${hiveconf:hadoop.tmp.dir.uri}/dealer_hierarchy/temp_data'
TBLPROPERTIES ('serialization.null.format'='')

15/09/06 13:13:55 INFO log.PerfLogger: <PERFLOG method=Driver.run from=org.apache.hadoop.hive.ql.Driver>
15/09/06 13:13:55 INFO log.PerfLogger: <PERFLOG method=TimeToSubmit from=org.apache.hadoop.hive.ql.Driver>
15/09/06 13:13:55 INFO ql.Driver: Concurrency mode is disabled, not creating a lock manager
15/09/06 13:13:55 INFO log.PerfLogger: <PERFLOG method=compile from=org.apache.hadoop.hive.ql.Driver>
15/09/06 13:13:55 INFO log.PerfLogger: <PERFLOG method=parse from=org.apache.hadoop.hive.ql.Driver>
15/09/06 13:13:55 INFO parse.ParseDriver: Parsing command: 

CREATE EXTERNAL TABLE IF NOT EXISTS dealer_hierarchy_temp_data
(
  file_name string,
  gen_id string,
  dms_system string,
  dms_version string,
  transmit_ts string,
  orig_transmit_ts string,
  transmit_by string,
  record_status string,
  dealer_updt_ind string,
  store_number string,
  part_type string,
  store_name string,
  inventory_store_number string,
  cat_emrg_dealer_code string,
  cat_stock_dealer_code string,
  stock_replen_store_number string,
  stock_replen_lead_time string,
  lst_updt_ts string,
  orig_lst_updt_ts string,
  lst_updt_by_id string,
  file_ins_ts string,
  orig_file_ins_ts string,
  exp_stock_plan_lead_time string
)
PARTITIONED BY (dealer_code string)
ROW FORMAT DELIMITED FIELDS TERMINATED BY '|'
STORED AS
  INPUTFORMAT 'org.apache.hadoop.mapred.TextInputFormat'
  OUTPUTFORMAT 'org.apache.hadoop.hive.ql.io.HiveIgnoreKeyTextOutputFormat'
LOCATION 'file:///var/folders/y7/4_pz5fzx54ngcmghz3v6t3m00000gn/T/junit4401635926319421423/hadooptmp//dealer_hierarchy/temp_data'
TBLPROPERTIES ('serialization.null.format'='')

15/09/06 13:13:55 INFO parse.ParseDriver: Parse Completed
15/09/06 13:13:55 INFO log.PerfLogger: </PERFLOG method=parse start=1441563235128 end=1441563235130 duration=2 from=org.apache.hadoop.hive.ql.Driver>
15/09/06 13:13:55 INFO log.PerfLogger: <PERFLOG method=semanticAnalyze from=org.apache.hadoop.hive.ql.Driver>
15/09/06 13:13:55 INFO parse.SemanticAnalyzer: Starting Semantic Analysis
15/09/06 13:13:55 INFO parse.SemanticAnalyzer: Creating table dealer_hierarchy_temp_data position=36
15/09/06 13:13:55 INFO metastore.HiveMetaStore: 0: get_table : db=ddsw_dev tbl=dealer_hierarchy_temp_data
15/09/06 13:13:55 INFO HiveMetaStore.audit: ugi=hpatel	ip=unknown-ip-addr	cmd=get_table : db=ddsw_dev tbl=dealer_hierarchy_temp_data	
15/09/06 13:13:55 INFO metastore.HiveMetaStore: 0: get_database: ddsw_dev
15/09/06 13:13:55 INFO HiveMetaStore.audit: ugi=hpatel	ip=unknown-ip-addr	cmd=get_database: ddsw_dev	
15/09/06 13:13:55 INFO ql.Driver: Semantic Analysis Completed
15/09/06 13:13:55 INFO log.PerfLogger: </PERFLOG method=semanticAnalyze start=1441563235130 end=1441563235133 duration=3 from=org.apache.hadoop.hive.ql.Driver>
15/09/06 13:13:55 INFO ql.Driver: Returning Hive schema: Schema(fieldSchemas:null, properties:null)
15/09/06 13:13:55 INFO log.PerfLogger: </PERFLOG method=compile start=1441563235128 end=1441563235133 duration=5 from=org.apache.hadoop.hive.ql.Driver>
15/09/06 13:13:55 INFO log.PerfLogger: <PERFLOG method=Driver.execute from=org.apache.hadoop.hive.ql.Driver>
15/09/06 13:13:55 INFO ql.Driver: Starting command: 

CREATE EXTERNAL TABLE IF NOT EXISTS dealer_hierarchy_temp_data
(
  file_name string,
  gen_id string,
  dms_system string,
  dms_version string,
  transmit_ts string,
  orig_transmit_ts string,
  transmit_by string,
  record_status string,
  dealer_updt_ind string,
  store_number string,
  part_type string,
  store_name string,
  inventory_store_number string,
  cat_emrg_dealer_code string,
  cat_stock_dealer_code string,
  stock_replen_store_number string,
  stock_replen_lead_time string,
  lst_updt_ts string,
  orig_lst_updt_ts string,
  lst_updt_by_id string,
  file_ins_ts string,
  orig_file_ins_ts string,
  exp_stock_plan_lead_time string
)
PARTITIONED BY (dealer_code string)
ROW FORMAT DELIMITED FIELDS TERMINATED BY '|'
STORED AS
  INPUTFORMAT 'org.apache.hadoop.mapred.TextInputFormat'
  OUTPUTFORMAT 'org.apache.hadoop.hive.ql.io.HiveIgnoreKeyTextOutputFormat'
LOCATION 'file:///var/folders/y7/4_pz5fzx54ngcmghz3v6t3m00000gn/T/junit4401635926319421423/hadooptmp//dealer_hierarchy/temp_data'
TBLPROPERTIES ('serialization.null.format'='')

15/09/06 13:13:55 INFO log.PerfLogger: </PERFLOG method=TimeToSubmit start=1441563235128 end=1441563235133 duration=5 from=org.apache.hadoop.hive.ql.Driver>
15/09/06 13:13:55 INFO log.PerfLogger: <PERFLOG method=runTasks from=org.apache.hadoop.hive.ql.Driver>
15/09/06 13:13:55 INFO log.PerfLogger: <PERFLOG method=task.DDL.Stage-0 from=org.apache.hadoop.hive.ql.Driver>
15/09/06 13:13:55 INFO exec.DDLTask: Default to LazySimpleSerDe for table dealer_hierarchy_temp_data
15/09/06 13:13:55 INFO metastore.HiveMetaStore: 0: create_table: Table(tableName:dealer_hierarchy_temp_data, dbName:ddsw_dev, owner:hpatel, createTime:1441563235, lastAccessTime:0, retention:0, sd:StorageDescriptor(cols:[FieldSchema(name:file_name, type:string, comment:null), FieldSchema(name:gen_id, type:string, comment:null), FieldSchema(name:dms_system, type:string, comment:null), FieldSchema(name:dms_version, type:string, comment:null), FieldSchema(name:transmit_ts, type:string, comment:null), FieldSchema(name:orig_transmit_ts, type:string, comment:null), FieldSchema(name:transmit_by, type:string, comment:null), FieldSchema(name:record_status, type:string, comment:null), FieldSchema(name:dealer_updt_ind, type:string, comment:null), FieldSchema(name:store_number, type:string, comment:null), FieldSchema(name:part_type, type:string, comment:null), FieldSchema(name:store_name, type:string, comment:null), FieldSchema(name:inventory_store_number, type:string, comment:null), FieldSchema(name:cat_emrg_dealer_code, type:string, comment:null), FieldSchema(name:cat_stock_dealer_code, type:string, comment:null), FieldSchema(name:stock_replen_store_number, type:string, comment:null), FieldSchema(name:stock_replen_lead_time, type:string, comment:null), FieldSchema(name:lst_updt_ts, type:string, comment:null), FieldSchema(name:orig_lst_updt_ts, type:string, comment:null), FieldSchema(name:lst_updt_by_id, type:string, comment:null), FieldSchema(name:file_ins_ts, type:string, comment:null), FieldSchema(name:orig_file_ins_ts, type:string, comment:null), FieldSchema(name:exp_stock_plan_lead_time, type:string, comment:null)], location:file:/var/folders/y7/4_pz5fzx54ngcmghz3v6t3m00000gn/T/junit4401635926319421423/hadooptmp/dealer_hierarchy/temp_data, inputFormat:org.apache.hadoop.mapred.TextInputFormat, outputFormat:org.apache.hadoop.hive.ql.io.HiveIgnoreKeyTextOutputFormat, compressed:false, numBuckets:-1, serdeInfo:SerDeInfo(name:null, serializationLib:org.apache.hadoop.hive.serde2.lazy.LazySimpleSerDe, parameters:{serialization.format=|, field.delim=|}), bucketCols:[], sortCols:[], parameters:{}, skewedInfo:SkewedInfo(skewedColNames:[], skewedColValues:[], skewedColValueLocationMaps:{}), storedAsSubDirectories:false), partitionKeys:[FieldSchema(name:dealer_code, type:string, comment:null)], parameters:{EXTERNAL=TRUE, serialization.null.format=}, viewOriginalText:null, viewExpandedText:null, tableType:EXTERNAL_TABLE)
15/09/06 13:13:55 INFO HiveMetaStore.audit: ugi=hpatel	ip=unknown-ip-addr	cmd=create_table: Table(tableName:dealer_hierarchy_temp_data, dbName:ddsw_dev, owner:hpatel, createTime:1441563235, lastAccessTime:0, retention:0, sd:StorageDescriptor(cols:[FieldSchema(name:file_name, type:string, comment:null), FieldSchema(name:gen_id, type:string, comment:null), FieldSchema(name:dms_system, type:string, comment:null), FieldSchema(name:dms_version, type:string, comment:null), FieldSchema(name:transmit_ts, type:string, comment:null), FieldSchema(name:orig_transmit_ts, type:string, comment:null), FieldSchema(name:transmit_by, type:string, comment:null), FieldSchema(name:record_status, type:string, comment:null), FieldSchema(name:dealer_updt_ind, type:string, comment:null), FieldSchema(name:store_number, type:string, comment:null), FieldSchema(name:part_type, type:string, comment:null), FieldSchema(name:store_name, type:string, comment:null), FieldSchema(name:inventory_store_number, type:string, comment:null), FieldSchema(name:cat_emrg_dealer_code, type:string, comment:null), FieldSchema(name:cat_stock_dealer_code, type:string, comment:null), FieldSchema(name:stock_replen_store_number, type:string, comment:null), FieldSchema(name:stock_replen_lead_time, type:string, comment:null), FieldSchema(name:lst_updt_ts, type:string, comment:null), FieldSchema(name:orig_lst_updt_ts, type:string, comment:null), FieldSchema(name:lst_updt_by_id, type:string, comment:null), FieldSchema(name:file_ins_ts, type:string, comment:null), FieldSchema(name:orig_file_ins_ts, type:string, comment:null), FieldSchema(name:exp_stock_plan_lead_time, type:string, comment:null)], location:file:/var/folders/y7/4_pz5fzx54ngcmghz3v6t3m00000gn/T/junit4401635926319421423/hadooptmp/dealer_hierarchy/temp_data, inputFormat:org.apache.hadoop.mapred.TextInputFormat, outputFormat:org.apache.hadoop.hive.ql.io.HiveIgnoreKeyTextOutputFormat, compressed:false, numBuckets:-1, serdeInfo:SerDeInfo(name:null, serializationLib:org.apache.hadoop.hive.serde2.lazy.LazySimpleSerDe, parameters:{serialization.format=|, field.delim=|}), bucketCols:[], sortCols:[], parameters:{}, skewedInfo:SkewedInfo(skewedColNames:[], skewedColValues:[], skewedColValueLocationMaps:{}), storedAsSubDirectories:false), partitionKeys:[FieldSchema(name:dealer_code, type:string, comment:null)], parameters:{EXTERNAL=TRUE, serialization.null.format=}, viewOriginalText:null, viewExpandedText:null, tableType:EXTERNAL_TABLE)	
15/09/06 13:13:55 INFO common.FileUtils: Creating directory if it doesn't exist: file:/var/folders/y7/4_pz5fzx54ngcmghz3v6t3m00000gn/T/junit4401635926319421423/hadooptmp/dealer_hierarchy/temp_data
15/09/06 13:13:55 INFO log.PerfLogger: </PERFLOG method=runTasks start=1441563235134 end=1441563235175 duration=41 from=org.apache.hadoop.hive.ql.Driver>
15/09/06 13:13:55 INFO log.PerfLogger: </PERFLOG method=Driver.execute start=1441563235133 end=1441563235175 duration=42 from=org.apache.hadoop.hive.ql.Driver>
OK
15/09/06 13:13:55 INFO ql.Driver: OK
15/09/06 13:13:55 INFO log.PerfLogger: <PERFLOG method=releaseLocks from=org.apache.hadoop.hive.ql.Driver>
15/09/06 13:13:55 INFO log.PerfLogger: </PERFLOG method=releaseLocks start=1441563235175 end=1441563235175 duration=0 from=org.apache.hadoop.hive.ql.Driver>
15/09/06 13:13:55 INFO log.PerfLogger: </PERFLOG method=Driver.run start=1441563235128 end=1441563235175 duration=47 from=org.apache.hadoop.hive.ql.Driver>
15/09/06 13:13:55 INFO service.HiveServer: Running the query: 

15/09/06 13:13:55 INFO builder.HiveShellTearable: Executing script: SET mapreduce.job.queuename=ddsw;
SET hive.exec.drop.ignorenonexistent=true;
SET hive.exec.dynamic.partition=true;
SET hive.exec.dynamic.partition.mode=nonstrict;

USE ddsw_dev;

CREATE EXTERNAL TABLE DEALER_HIERARCHY_CORE
    PARTITIONED BY (dealer_code string)
    ROW FORMAT SERDE 'org.apache.hadoop.hive.serde2.avro.AvroSerDe'
    WITH SERDEPROPERTIES
    (
        'avro.schema.url'='./src/test/resources/dealer_hierarchy/schema/DEALER_HIERARCHY_CORE.avsc'
    )
    STORED AS
        INPUTFORMAT 'org.apache.hadoop.hive.ql.io.avro.AvroContainerInputFormat'
        OUTPUTFORMAT 'org.apache.hadoop.hive.ql.io.avro.AvroContainerOutputFormat'
    LOCATION '${hiveconf:hadoop.tmp.dir.uri}/dealer_hierarchy/core_data';

15/09/06 13:13:55 INFO service.HiveServer: Running the query: SET mapreduce.job.queuename=ddsw
15/09/06 13:13:55 INFO service.HiveServer: Putting temp output to file /var/folders/y7/4_pz5fzx54ngcmghz3v6t3m00000gn/T/junit4401635926319421423/localscratchdir/8dab4e73-32ab-4b33-bf0e-2b880728b917656321493136283740.pipeout
15/09/06 13:13:55 INFO service.HiveServer: Running the query: 
SET hive.exec.drop.ignorenonexistent=true
15/09/06 13:13:55 INFO service.HiveServer: Putting temp output to file /var/folders/y7/4_pz5fzx54ngcmghz3v6t3m00000gn/T/junit4401635926319421423/localscratchdir/8dab4e73-32ab-4b33-bf0e-2b880728b917656321493136283740.pipeout
15/09/06 13:13:55 INFO service.HiveServer: Running the query: 
SET hive.exec.dynamic.partition=true
15/09/06 13:13:55 INFO service.HiveServer: Putting temp output to file /var/folders/y7/4_pz5fzx54ngcmghz3v6t3m00000gn/T/junit4401635926319421423/localscratchdir/8dab4e73-32ab-4b33-bf0e-2b880728b917656321493136283740.pipeout
15/09/06 13:13:55 INFO service.HiveServer: Running the query: 
SET hive.exec.dynamic.partition.mode=nonstrict
15/09/06 13:13:55 INFO service.HiveServer: Putting temp output to file /var/folders/y7/4_pz5fzx54ngcmghz3v6t3m00000gn/T/junit4401635926319421423/localscratchdir/8dab4e73-32ab-4b33-bf0e-2b880728b917656321493136283740.pipeout
15/09/06 13:13:55 INFO service.HiveServer: Running the query: 

USE ddsw_dev
15/09/06 13:13:55 INFO log.PerfLogger: <PERFLOG method=Driver.run from=org.apache.hadoop.hive.ql.Driver>
15/09/06 13:13:55 INFO log.PerfLogger: <PERFLOG method=TimeToSubmit from=org.apache.hadoop.hive.ql.Driver>
15/09/06 13:13:55 INFO ql.Driver: Concurrency mode is disabled, not creating a lock manager
15/09/06 13:13:55 INFO log.PerfLogger: <PERFLOG method=compile from=org.apache.hadoop.hive.ql.Driver>
15/09/06 13:13:55 INFO log.PerfLogger: <PERFLOG method=parse from=org.apache.hadoop.hive.ql.Driver>
15/09/06 13:13:55 INFO parse.ParseDriver: Parsing command: 

USE ddsw_dev
15/09/06 13:13:55 INFO parse.ParseDriver: Parse Completed
15/09/06 13:13:55 INFO log.PerfLogger: </PERFLOG method=parse start=1441563235247 end=1441563235247 duration=0 from=org.apache.hadoop.hive.ql.Driver>
15/09/06 13:13:55 INFO log.PerfLogger: <PERFLOG method=semanticAnalyze from=org.apache.hadoop.hive.ql.Driver>
15/09/06 13:13:55 INFO ql.Driver: Semantic Analysis Completed
15/09/06 13:13:55 INFO log.PerfLogger: </PERFLOG method=semanticAnalyze start=1441563235247 end=1441563235248 duration=1 from=org.apache.hadoop.hive.ql.Driver>
15/09/06 13:13:55 INFO ql.Driver: Returning Hive schema: Schema(fieldSchemas:null, properties:null)
15/09/06 13:13:55 INFO log.PerfLogger: </PERFLOG method=compile start=1441563235247 end=1441563235248 duration=1 from=org.apache.hadoop.hive.ql.Driver>
15/09/06 13:13:55 INFO log.PerfLogger: <PERFLOG method=Driver.execute from=org.apache.hadoop.hive.ql.Driver>
15/09/06 13:13:55 INFO ql.Driver: Starting command: 

USE ddsw_dev
15/09/06 13:13:55 INFO log.PerfLogger: </PERFLOG method=TimeToSubmit start=1441563235247 end=1441563235248 duration=1 from=org.apache.hadoop.hive.ql.Driver>
15/09/06 13:13:55 INFO log.PerfLogger: <PERFLOG method=runTasks from=org.apache.hadoop.hive.ql.Driver>
15/09/06 13:13:55 INFO log.PerfLogger: <PERFLOG method=task.DDL.Stage-0 from=org.apache.hadoop.hive.ql.Driver>
15/09/06 13:13:55 INFO metastore.HiveMetaStore: 0: get_database: ddsw_dev
15/09/06 13:13:55 INFO HiveMetaStore.audit: ugi=hpatel	ip=unknown-ip-addr	cmd=get_database: ddsw_dev	
15/09/06 13:13:55 INFO metastore.HiveMetaStore: 0: get_database: ddsw_dev
15/09/06 13:13:55 INFO HiveMetaStore.audit: ugi=hpatel	ip=unknown-ip-addr	cmd=get_database: ddsw_dev	
15/09/06 13:13:55 INFO log.PerfLogger: </PERFLOG method=runTasks start=1441563235248 end=1441563235251 duration=3 from=org.apache.hadoop.hive.ql.Driver>
15/09/06 13:13:55 INFO log.PerfLogger: </PERFLOG method=Driver.execute start=1441563235248 end=1441563235251 duration=3 from=org.apache.hadoop.hive.ql.Driver>
OK
15/09/06 13:13:55 INFO ql.Driver: OK
15/09/06 13:13:55 INFO log.PerfLogger: <PERFLOG method=releaseLocks from=org.apache.hadoop.hive.ql.Driver>
15/09/06 13:13:55 INFO log.PerfLogger: </PERFLOG method=releaseLocks start=1441563235251 end=1441563235251 duration=0 from=org.apache.hadoop.hive.ql.Driver>
15/09/06 13:13:55 INFO log.PerfLogger: </PERFLOG method=Driver.run start=1441563235247 end=1441563235251 duration=4 from=org.apache.hadoop.hive.ql.Driver>
15/09/06 13:13:55 INFO service.HiveServer: Running the query: 

CREATE EXTERNAL TABLE DEALER_HIERARCHY_CORE
    PARTITIONED BY (dealer_code string)
    ROW FORMAT SERDE 'org.apache.hadoop.hive.serde2.avro.AvroSerDe'
    WITH SERDEPROPERTIES
    (
        'avro.schema.url'='./src/test/resources/dealer_hierarchy/schema/DEALER_HIERARCHY_CORE.avsc'
    )
    STORED AS
        INPUTFORMAT 'org.apache.hadoop.hive.ql.io.avro.AvroContainerInputFormat'
        OUTPUTFORMAT 'org.apache.hadoop.hive.ql.io.avro.AvroContainerOutputFormat'
    LOCATION '${hiveconf:hadoop.tmp.dir.uri}/dealer_hierarchy/core_data'
15/09/06 13:13:55 INFO log.PerfLogger: <PERFLOG method=Driver.run from=org.apache.hadoop.hive.ql.Driver>
15/09/06 13:13:55 INFO log.PerfLogger: <PERFLOG method=TimeToSubmit from=org.apache.hadoop.hive.ql.Driver>
15/09/06 13:13:55 INFO ql.Driver: Concurrency mode is disabled, not creating a lock manager
15/09/06 13:13:55 INFO log.PerfLogger: <PERFLOG method=compile from=org.apache.hadoop.hive.ql.Driver>
15/09/06 13:13:55 INFO log.PerfLogger: <PERFLOG method=parse from=org.apache.hadoop.hive.ql.Driver>
15/09/06 13:13:55 INFO parse.ParseDriver: Parsing command: 

CREATE EXTERNAL TABLE DEALER_HIERARCHY_CORE
    PARTITIONED BY (dealer_code string)
    ROW FORMAT SERDE 'org.apache.hadoop.hive.serde2.avro.AvroSerDe'
    WITH SERDEPROPERTIES
    (
        'avro.schema.url'='./src/test/resources/dealer_hierarchy/schema/DEALER_HIERARCHY_CORE.avsc'
    )
    STORED AS
        INPUTFORMAT 'org.apache.hadoop.hive.ql.io.avro.AvroContainerInputFormat'
        OUTPUTFORMAT 'org.apache.hadoop.hive.ql.io.avro.AvroContainerOutputFormat'
    LOCATION 'file:///var/folders/y7/4_pz5fzx54ngcmghz3v6t3m00000gn/T/junit4401635926319421423/hadooptmp//dealer_hierarchy/core_data'
15/09/06 13:13:55 INFO parse.ParseDriver: Parse Completed
15/09/06 13:13:55 INFO log.PerfLogger: </PERFLOG method=parse start=1441563235251 end=1441563235252 duration=1 from=org.apache.hadoop.hive.ql.Driver>
15/09/06 13:13:55 INFO log.PerfLogger: <PERFLOG method=semanticAnalyze from=org.apache.hadoop.hive.ql.Driver>
15/09/06 13:13:55 INFO parse.SemanticAnalyzer: Starting Semantic Analysis
15/09/06 13:13:55 INFO parse.SemanticAnalyzer: Creating table DEALER_HIERARCHY_CORE position=22
15/09/06 13:13:55 INFO metastore.HiveMetaStore: 0: get_database: ddsw_dev
15/09/06 13:13:55 INFO HiveMetaStore.audit: ugi=hpatel	ip=unknown-ip-addr	cmd=get_database: ddsw_dev	
15/09/06 13:13:55 INFO ql.Driver: Semantic Analysis Completed
15/09/06 13:13:55 INFO log.PerfLogger: </PERFLOG method=semanticAnalyze start=1441563235252 end=1441563235254 duration=2 from=org.apache.hadoop.hive.ql.Driver>
15/09/06 13:13:55 INFO ql.Driver: Returning Hive schema: Schema(fieldSchemas:null, properties:null)
15/09/06 13:13:55 INFO log.PerfLogger: </PERFLOG method=compile start=1441563235251 end=1441563235254 duration=3 from=org.apache.hadoop.hive.ql.Driver>
15/09/06 13:13:55 INFO log.PerfLogger: <PERFLOG method=Driver.execute from=org.apache.hadoop.hive.ql.Driver>
15/09/06 13:13:55 INFO ql.Driver: Starting command: 

CREATE EXTERNAL TABLE DEALER_HIERARCHY_CORE
    PARTITIONED BY (dealer_code string)
    ROW FORMAT SERDE 'org.apache.hadoop.hive.serde2.avro.AvroSerDe'
    WITH SERDEPROPERTIES
    (
        'avro.schema.url'='./src/test/resources/dealer_hierarchy/schema/DEALER_HIERARCHY_CORE.avsc'
    )
    STORED AS
        INPUTFORMAT 'org.apache.hadoop.hive.ql.io.avro.AvroContainerInputFormat'
        OUTPUTFORMAT 'org.apache.hadoop.hive.ql.io.avro.AvroContainerOutputFormat'
    LOCATION 'file:///var/folders/y7/4_pz5fzx54ngcmghz3v6t3m00000gn/T/junit4401635926319421423/hadooptmp//dealer_hierarchy/core_data'
15/09/06 13:13:55 INFO log.PerfLogger: </PERFLOG method=TimeToSubmit start=1441563235251 end=1441563235255 duration=4 from=org.apache.hadoop.hive.ql.Driver>
15/09/06 13:13:55 INFO log.PerfLogger: <PERFLOG method=runTasks from=org.apache.hadoop.hive.ql.Driver>
15/09/06 13:13:55 INFO log.PerfLogger: <PERFLOG method=task.DDL.Stage-0 from=org.apache.hadoop.hive.ql.Driver>
15/09/06 13:13:55 INFO avro.AvroSerDe: Avro schema is {"type":"record","name":"DEALER_HIERARCHY_CORE","doc":"Sqoop import of DEALER_HIERARCHY","fields":[{"name":"File_Name","type":["string","null"],"columnName":"File_Name"},{"name":"GEN_ID","type":["string","null"],"columnName":"GEN_ID"},{"name":"DMS_SYSTEM","type":["string","null"],"columnName":"DMS_SYSTEM"},{"name":"DMS_VERSION","type":["string","null"],"columnName":"DMS_VERSION"},{"name":"TRANSMIT_TS","type":["string","null"],"columnName":"TRANSMIT_TS"},{"name":"ORIG_TRANSMIT_TS","type":["string","null"],"columnName":"TRANSMIT_TS"},{"name":"TRANSMIT_BY","type":["string","null"],"columnName":"TRANSMIT_BY"},{"name":"RECORD_STATUS","type":["string","null"],"columnName":"RECORD_STATUS"},{"name":"DEALER_UPDT_IND","type":["string","null"],"columnName":"DEALER_UPDT_IND","sqlType":"1"},{"name":"STORE_NUMBER","type":["string","null"],"columnName":"STORE_NUMBER"},{"name":"PART_TYPE","type":["string","null"],"columnName":"PART_TYPE"},{"name":"STORE_NAME","type":["string","null"],"columnName":"STORE_NAME"},{"name":"INVENTORY_STORE_NUMBER","type":["string","null"],"columnName":"INVENTORY_STORE_NUMBER"},{"name":"CAT_EMRG_DEALER_CODE","type":["string","null"],"columnName":"CAT_EMRG_DEALER_CODE"},{"name":"CAT_STOCK_DEALER_CODE","type":["string","null"],"columnName":"CAT_STOCK_DEALER_CODE"},{"name":"STOCK_REPLEN_STORE_NUMBER","type":["string","null"],"columnName":"STOCK_REPLEN_STORE_NUMBER"},{"name":"STOCK_REPLEN_LEAD_TIME","type":["string","null"],"columnName":"STOCK_REPLEN_LEAD_TIME"},{"name":"LST_UPDT_TS","type":["string","null"],"columnName":"LST_UPDT_TS"},{"name":"ORIG_LST_UPDT_TS","type":["string","null"],"columnName":"ORIG_LST_UPDT_TS"},{"name":"LST_UPDT_BY_ID","type":["string","null"],"columnName":"LST_UPDT_BY_ID"},{"name":"FILE_INS_TS","type":["string","null"],"columnName":"FILE_INS_TS"},{"name":"ORIG_FILE_INS_TS","type":["string","null"],"columnName":"ORIG_FILE_INS_TS"},{"name":"EXP_STOCK_PLAN_LEAD_TIME","type":["string","null"],"columnName":"EXP_STOCK_PLAN_LEAD_TIME"}],"tableName":"DEALER_HIERARCHY_CORE"}
15/09/06 13:13:55 INFO avro.AvroSerDe: Avro schema is {"type":"record","name":"DEALER_HIERARCHY_CORE","doc":"Sqoop import of DEALER_HIERARCHY","fields":[{"name":"File_Name","type":["string","null"],"columnName":"File_Name"},{"name":"GEN_ID","type":["string","null"],"columnName":"GEN_ID"},{"name":"DMS_SYSTEM","type":["string","null"],"columnName":"DMS_SYSTEM"},{"name":"DMS_VERSION","type":["string","null"],"columnName":"DMS_VERSION"},{"name":"TRANSMIT_TS","type":["string","null"],"columnName":"TRANSMIT_TS"},{"name":"ORIG_TRANSMIT_TS","type":["string","null"],"columnName":"TRANSMIT_TS"},{"name":"TRANSMIT_BY","type":["string","null"],"columnName":"TRANSMIT_BY"},{"name":"RECORD_STATUS","type":["string","null"],"columnName":"RECORD_STATUS"},{"name":"DEALER_UPDT_IND","type":["string","null"],"columnName":"DEALER_UPDT_IND","sqlType":"1"},{"name":"STORE_NUMBER","type":["string","null"],"columnName":"STORE_NUMBER"},{"name":"PART_TYPE","type":["string","null"],"columnName":"PART_TYPE"},{"name":"STORE_NAME","type":["string","null"],"columnName":"STORE_NAME"},{"name":"INVENTORY_STORE_NUMBER","type":["string","null"],"columnName":"INVENTORY_STORE_NUMBER"},{"name":"CAT_EMRG_DEALER_CODE","type":["string","null"],"columnName":"CAT_EMRG_DEALER_CODE"},{"name":"CAT_STOCK_DEALER_CODE","type":["string","null"],"columnName":"CAT_STOCK_DEALER_CODE"},{"name":"STOCK_REPLEN_STORE_NUMBER","type":["string","null"],"columnName":"STOCK_REPLEN_STORE_NUMBER"},{"name":"STOCK_REPLEN_LEAD_TIME","type":["string","null"],"columnName":"STOCK_REPLEN_LEAD_TIME"},{"name":"LST_UPDT_TS","type":["string","null"],"columnName":"LST_UPDT_TS"},{"name":"ORIG_LST_UPDT_TS","type":["string","null"],"columnName":"ORIG_LST_UPDT_TS"},{"name":"LST_UPDT_BY_ID","type":["string","null"],"columnName":"LST_UPDT_BY_ID"},{"name":"FILE_INS_TS","type":["string","null"],"columnName":"FILE_INS_TS"},{"name":"ORIG_FILE_INS_TS","type":["string","null"],"columnName":"ORIG_FILE_INS_TS"},{"name":"EXP_STOCK_PLAN_LEAD_TIME","type":["string","null"],"columnName":"EXP_STOCK_PLAN_LEAD_TIME"}],"tableName":"DEALER_HIERARCHY_CORE"}
15/09/06 13:13:55 INFO metastore.HiveMetaStore: 0: create_table: Table(tableName:DEALER_HIERARCHY_CORE, dbName:ddsw_dev, owner:hpatel, createTime:1441563235, lastAccessTime:0, retention:0, sd:StorageDescriptor(cols:[FieldSchema(name:file_name, type:string, comment:from deserializer), FieldSchema(name:gen_id, type:string, comment:from deserializer), FieldSchema(name:dms_system, type:string, comment:from deserializer), FieldSchema(name:dms_version, type:string, comment:from deserializer), FieldSchema(name:transmit_ts, type:string, comment:from deserializer), FieldSchema(name:orig_transmit_ts, type:string, comment:from deserializer), FieldSchema(name:transmit_by, type:string, comment:from deserializer), FieldSchema(name:record_status, type:string, comment:from deserializer), FieldSchema(name:dealer_updt_ind, type:string, comment:from deserializer), FieldSchema(name:store_number, type:string, comment:from deserializer), FieldSchema(name:part_type, type:string, comment:from deserializer), FieldSchema(name:store_name, type:string, comment:from deserializer), FieldSchema(name:inventory_store_number, type:string, comment:from deserializer), FieldSchema(name:cat_emrg_dealer_code, type:string, comment:from deserializer), FieldSchema(name:cat_stock_dealer_code, type:string, comment:from deserializer), FieldSchema(name:stock_replen_store_number, type:string, comment:from deserializer), FieldSchema(name:stock_replen_lead_time, type:string, comment:from deserializer), FieldSchema(name:lst_updt_ts, type:string, comment:from deserializer), FieldSchema(name:orig_lst_updt_ts, type:string, comment:from deserializer), FieldSchema(name:lst_updt_by_id, type:string, comment:from deserializer), FieldSchema(name:file_ins_ts, type:string, comment:from deserializer), FieldSchema(name:orig_file_ins_ts, type:string, comment:from deserializer), FieldSchema(name:exp_stock_plan_lead_time, type:string, comment:from deserializer)], location:file:/var/folders/y7/4_pz5fzx54ngcmghz3v6t3m00000gn/T/junit4401635926319421423/hadooptmp/dealer_hierarchy/core_data, inputFormat:org.apache.hadoop.hive.ql.io.avro.AvroContainerInputFormat, outputFormat:org.apache.hadoop.hive.ql.io.avro.AvroContainerOutputFormat, compressed:false, numBuckets:-1, serdeInfo:SerDeInfo(name:null, serializationLib:org.apache.hadoop.hive.serde2.avro.AvroSerDe, parameters:{avro.schema.url=./src/test/resources/dealer_hierarchy/schema/DEALER_HIERARCHY_CORE.avsc, serialization.format=1}), bucketCols:[], sortCols:[], parameters:{}, skewedInfo:SkewedInfo(skewedColNames:[], skewedColValues:[], skewedColValueLocationMaps:{}), storedAsSubDirectories:false), partitionKeys:[FieldSchema(name:dealer_code, type:string, comment:null)], parameters:{EXTERNAL=TRUE}, viewOriginalText:null, viewExpandedText:null, tableType:EXTERNAL_TABLE)
15/09/06 13:13:55 INFO HiveMetaStore.audit: ugi=hpatel	ip=unknown-ip-addr	cmd=create_table: Table(tableName:DEALER_HIERARCHY_CORE, dbName:ddsw_dev, owner:hpatel, createTime:1441563235, lastAccessTime:0, retention:0, sd:StorageDescriptor(cols:[FieldSchema(name:file_name, type:string, comment:from deserializer), FieldSchema(name:gen_id, type:string, comment:from deserializer), FieldSchema(name:dms_system, type:string, comment:from deserializer), FieldSchema(name:dms_version, type:string, comment:from deserializer), FieldSchema(name:transmit_ts, type:string, comment:from deserializer), FieldSchema(name:orig_transmit_ts, type:string, comment:from deserializer), FieldSchema(name:transmit_by, type:string, comment:from deserializer), FieldSchema(name:record_status, type:string, comment:from deserializer), FieldSchema(name:dealer_updt_ind, type:string, comment:from deserializer), FieldSchema(name:store_number, type:string, comment:from deserializer), FieldSchema(name:part_type, type:string, comment:from deserializer), FieldSchema(name:store_name, type:string, comment:from deserializer), FieldSchema(name:inventory_store_number, type:string, comment:from deserializer), FieldSchema(name:cat_emrg_dealer_code, type:string, comment:from deserializer), FieldSchema(name:cat_stock_dealer_code, type:string, comment:from deserializer), FieldSchema(name:stock_replen_store_number, type:string, comment:from deserializer), FieldSchema(name:stock_replen_lead_time, type:string, comment:from deserializer), FieldSchema(name:lst_updt_ts, type:string, comment:from deserializer), FieldSchema(name:orig_lst_updt_ts, type:string, comment:from deserializer), FieldSchema(name:lst_updt_by_id, type:string, comment:from deserializer), FieldSchema(name:file_ins_ts, type:string, comment:from deserializer), FieldSchema(name:orig_file_ins_ts, type:string, comment:from deserializer), FieldSchema(name:exp_stock_plan_lead_time, type:string, comment:from deserializer)], location:file:/var/folders/y7/4_pz5fzx54ngcmghz3v6t3m00000gn/T/junit4401635926319421423/hadooptmp/dealer_hierarchy/core_data, inputFormat:org.apache.hadoop.hive.ql.io.avro.AvroContainerInputFormat, outputFormat:org.apache.hadoop.hive.ql.io.avro.AvroContainerOutputFormat, compressed:false, numBuckets:-1, serdeInfo:SerDeInfo(name:null, serializationLib:org.apache.hadoop.hive.serde2.avro.AvroSerDe, parameters:{avro.schema.url=./src/test/resources/dealer_hierarchy/schema/DEALER_HIERARCHY_CORE.avsc, serialization.format=1}), bucketCols:[], sortCols:[], parameters:{}, skewedInfo:SkewedInfo(skewedColNames:[], skewedColValues:[], skewedColValueLocationMaps:{}), storedAsSubDirectories:false), partitionKeys:[FieldSchema(name:dealer_code, type:string, comment:null)], parameters:{EXTERNAL=TRUE}, viewOriginalText:null, viewExpandedText:null, tableType:EXTERNAL_TABLE)	
15/09/06 13:13:55 INFO common.FileUtils: Creating directory if it doesn't exist: file:/var/folders/y7/4_pz5fzx54ngcmghz3v6t3m00000gn/T/junit4401635926319421423/hadooptmp/dealer_hierarchy/core_data
15/09/06 13:13:55 INFO log.PerfLogger: </PERFLOG method=runTasks start=1441563235255 end=1441563235292 duration=37 from=org.apache.hadoop.hive.ql.Driver>
15/09/06 13:13:55 INFO log.PerfLogger: </PERFLOG method=Driver.execute start=1441563235254 end=1441563235292 duration=38 from=org.apache.hadoop.hive.ql.Driver>
OK
15/09/06 13:13:55 INFO ql.Driver: OK
15/09/06 13:13:55 INFO log.PerfLogger: <PERFLOG method=releaseLocks from=org.apache.hadoop.hive.ql.Driver>
15/09/06 13:13:55 INFO log.PerfLogger: </PERFLOG method=releaseLocks start=1441563235292 end=1441563235292 duration=0 from=org.apache.hadoop.hive.ql.Driver>
15/09/06 13:13:55 INFO log.PerfLogger: </PERFLOG method=Driver.run start=1441563235251 end=1441563235292 duration=41 from=org.apache.hadoop.hive.ql.Driver>
15/09/06 13:13:55 INFO service.HiveServer: Running the query: 

15/09/06 13:13:55 INFO builder.HiveShellTearable: Created hive resource /var/folders/y7/4_pz5fzx54ngcmghz3v6t3m00000gn/T/junit4401635926319421423/hadooptmp/dealer_hierarchy/temp_data/dealer_code=AAAA/temp_data_from_string.csv
15/09/06 13:13:55 INFO builder.HiveShellTearable: Created hive resource /var/folders/y7/4_pz5fzx54ngcmghz3v6t3m00000gn/T/junit4401635926319421423/hadooptmp/dealer_hierarchy/temp_data/dealer_code=ZZZZ/temp_data_from_file.csv
15/09/06 13:13:55 INFO service.HiveServer: Running the query: MSCK REPAIR TABLE dealer_hierarchy_core
15/09/06 13:13:55 INFO log.PerfLogger: <PERFLOG method=Driver.run from=org.apache.hadoop.hive.ql.Driver>
15/09/06 13:13:55 INFO log.PerfLogger: <PERFLOG method=TimeToSubmit from=org.apache.hadoop.hive.ql.Driver>
15/09/06 13:13:55 INFO ql.Driver: Concurrency mode is disabled, not creating a lock manager
15/09/06 13:13:55 INFO log.PerfLogger: <PERFLOG method=compile from=org.apache.hadoop.hive.ql.Driver>
15/09/06 13:13:55 INFO log.PerfLogger: <PERFLOG method=parse from=org.apache.hadoop.hive.ql.Driver>
15/09/06 13:13:55 INFO parse.ParseDriver: Parsing command: MSCK REPAIR TABLE dealer_hierarchy_core
15/09/06 13:13:55 INFO parse.ParseDriver: Parse Completed
15/09/06 13:13:55 INFO log.PerfLogger: </PERFLOG method=parse start=1441563235293 end=1441563235294 duration=1 from=org.apache.hadoop.hive.ql.Driver>
15/09/06 13:13:55 INFO log.PerfLogger: <PERFLOG method=semanticAnalyze from=org.apache.hadoop.hive.ql.Driver>
15/09/06 13:13:55 INFO ql.Driver: Semantic Analysis Completed
15/09/06 13:13:55 INFO log.PerfLogger: </PERFLOG method=semanticAnalyze start=1441563235294 end=1441563235298 duration=4 from=org.apache.hadoop.hive.ql.Driver>
15/09/06 13:13:55 INFO ql.Driver: Returning Hive schema: Schema(fieldSchemas:null, properties:null)
15/09/06 13:13:55 INFO log.PerfLogger: </PERFLOG method=compile start=1441563235293 end=1441563235298 duration=5 from=org.apache.hadoop.hive.ql.Driver>
15/09/06 13:13:55 INFO log.PerfLogger: <PERFLOG method=Driver.execute from=org.apache.hadoop.hive.ql.Driver>
15/09/06 13:13:55 INFO ql.Driver: Starting command: MSCK REPAIR TABLE dealer_hierarchy_core
15/09/06 13:13:55 INFO log.PerfLogger: </PERFLOG method=TimeToSubmit start=1441563235293 end=1441563235298 duration=5 from=org.apache.hadoop.hive.ql.Driver>
15/09/06 13:13:55 INFO log.PerfLogger: <PERFLOG method=runTasks from=org.apache.hadoop.hive.ql.Driver>
15/09/06 13:13:55 INFO log.PerfLogger: <PERFLOG method=task.DDL.Stage-0 from=org.apache.hadoop.hive.ql.Driver>
15/09/06 13:13:55 INFO metastore.HiveMetaStore: 0: get_table : db=ddsw_dev tbl=dealer_hierarchy_core
15/09/06 13:13:55 INFO HiveMetaStore.audit: ugi=hpatel	ip=unknown-ip-addr	cmd=get_table : db=ddsw_dev tbl=dealer_hierarchy_core	
15/09/06 13:13:55 INFO avro.AvroSerDe: Avro schema is {"type":"record","name":"DEALER_HIERARCHY_CORE","doc":"Sqoop import of DEALER_HIERARCHY","fields":[{"name":"File_Name","type":["string","null"],"columnName":"File_Name"},{"name":"GEN_ID","type":["string","null"],"columnName":"GEN_ID"},{"name":"DMS_SYSTEM","type":["string","null"],"columnName":"DMS_SYSTEM"},{"name":"DMS_VERSION","type":["string","null"],"columnName":"DMS_VERSION"},{"name":"TRANSMIT_TS","type":["string","null"],"columnName":"TRANSMIT_TS"},{"name":"ORIG_TRANSMIT_TS","type":["string","null"],"columnName":"TRANSMIT_TS"},{"name":"TRANSMIT_BY","type":["string","null"],"columnName":"TRANSMIT_BY"},{"name":"RECORD_STATUS","type":["string","null"],"columnName":"RECORD_STATUS"},{"name":"DEALER_UPDT_IND","type":["string","null"],"columnName":"DEALER_UPDT_IND","sqlType":"1"},{"name":"STORE_NUMBER","type":["string","null"],"columnName":"STORE_NUMBER"},{"name":"PART_TYPE","type":["string","null"],"columnName":"PART_TYPE"},{"name":"STORE_NAME","type":["string","null"],"columnName":"STORE_NAME"},{"name":"INVENTORY_STORE_NUMBER","type":["string","null"],"columnName":"INVENTORY_STORE_NUMBER"},{"name":"CAT_EMRG_DEALER_CODE","type":["string","null"],"columnName":"CAT_EMRG_DEALER_CODE"},{"name":"CAT_STOCK_DEALER_CODE","type":["string","null"],"columnName":"CAT_STOCK_DEALER_CODE"},{"name":"STOCK_REPLEN_STORE_NUMBER","type":["string","null"],"columnName":"STOCK_REPLEN_STORE_NUMBER"},{"name":"STOCK_REPLEN_LEAD_TIME","type":["string","null"],"columnName":"STOCK_REPLEN_LEAD_TIME"},{"name":"LST_UPDT_TS","type":["string","null"],"columnName":"LST_UPDT_TS"},{"name":"ORIG_LST_UPDT_TS","type":["string","null"],"columnName":"ORIG_LST_UPDT_TS"},{"name":"LST_UPDT_BY_ID","type":["string","null"],"columnName":"LST_UPDT_BY_ID"},{"name":"FILE_INS_TS","type":["string","null"],"columnName":"FILE_INS_TS"},{"name":"ORIG_FILE_INS_TS","type":["string","null"],"columnName":"ORIG_FILE_INS_TS"},{"name":"EXP_STOCK_PLAN_LEAD_TIME","type":["string","null"],"columnName":"EXP_STOCK_PLAN_LEAD_TIME"}],"tableName":"DEALER_HIERARCHY_CORE"}
15/09/06 13:13:55 INFO avro.AvroSerDe: Avro schema is {"type":"record","name":"DEALER_HIERARCHY_CORE","doc":"Sqoop import of DEALER_HIERARCHY","fields":[{"name":"File_Name","type":["string","null"],"columnName":"File_Name"},{"name":"GEN_ID","type":["string","null"],"columnName":"GEN_ID"},{"name":"DMS_SYSTEM","type":["string","null"],"columnName":"DMS_SYSTEM"},{"name":"DMS_VERSION","type":["string","null"],"columnName":"DMS_VERSION"},{"name":"TRANSMIT_TS","type":["string","null"],"columnName":"TRANSMIT_TS"},{"name":"ORIG_TRANSMIT_TS","type":["string","null"],"columnName":"TRANSMIT_TS"},{"name":"TRANSMIT_BY","type":["string","null"],"columnName":"TRANSMIT_BY"},{"name":"RECORD_STATUS","type":["string","null"],"columnName":"RECORD_STATUS"},{"name":"DEALER_UPDT_IND","type":["string","null"],"columnName":"DEALER_UPDT_IND","sqlType":"1"},{"name":"STORE_NUMBER","type":["string","null"],"columnName":"STORE_NUMBER"},{"name":"PART_TYPE","type":["string","null"],"columnName":"PART_TYPE"},{"name":"STORE_NAME","type":["string","null"],"columnName":"STORE_NAME"},{"name":"INVENTORY_STORE_NUMBER","type":["string","null"],"columnName":"INVENTORY_STORE_NUMBER"},{"name":"CAT_EMRG_DEALER_CODE","type":["string","null"],"columnName":"CAT_EMRG_DEALER_CODE"},{"name":"CAT_STOCK_DEALER_CODE","type":["string","null"],"columnName":"CAT_STOCK_DEALER_CODE"},{"name":"STOCK_REPLEN_STORE_NUMBER","type":["string","null"],"columnName":"STOCK_REPLEN_STORE_NUMBER"},{"name":"STOCK_REPLEN_LEAD_TIME","type":["string","null"],"columnName":"STOCK_REPLEN_LEAD_TIME"},{"name":"LST_UPDT_TS","type":["string","null"],"columnName":"LST_UPDT_TS"},{"name":"ORIG_LST_UPDT_TS","type":["string","null"],"columnName":"ORIG_LST_UPDT_TS"},{"name":"LST_UPDT_BY_ID","type":["string","null"],"columnName":"LST_UPDT_BY_ID"},{"name":"FILE_INS_TS","type":["string","null"],"columnName":"FILE_INS_TS"},{"name":"ORIG_FILE_INS_TS","type":["string","null"],"columnName":"ORIG_FILE_INS_TS"},{"name":"EXP_STOCK_PLAN_LEAD_TIME","type":["string","null"],"columnName":"EXP_STOCK_PLAN_LEAD_TIME"}],"tableName":"DEALER_HIERARCHY_CORE"}
15/09/06 13:13:55 INFO metastore.HiveMetaStore: 0: get_partitions_with_auth : db=ddsw_dev tbl=dealer_hierarchy_core
15/09/06 13:13:55 INFO HiveMetaStore.audit: ugi=hpatel	ip=unknown-ip-addr	cmd=get_partitions_with_auth : db=ddsw_dev tbl=dealer_hierarchy_core	
15/09/06 13:13:55 INFO log.PerfLogger: </PERFLOG method=runTasks start=1441563235298 end=1441563235326 duration=28 from=org.apache.hadoop.hive.ql.Driver>
15/09/06 13:13:55 INFO log.PerfLogger: </PERFLOG method=Driver.execute start=1441563235298 end=1441563235326 duration=28 from=org.apache.hadoop.hive.ql.Driver>
OK
15/09/06 13:13:55 INFO ql.Driver: OK
15/09/06 13:13:55 INFO log.PerfLogger: <PERFLOG method=releaseLocks from=org.apache.hadoop.hive.ql.Driver>
15/09/06 13:13:55 INFO log.PerfLogger: </PERFLOG method=releaseLocks start=1441563235327 end=1441563235327 duration=0 from=org.apache.hadoop.hive.ql.Driver>
15/09/06 13:13:55 INFO log.PerfLogger: </PERFLOG method=Driver.run start=1441563235293 end=1441563235327 duration=34 from=org.apache.hadoop.hive.ql.Driver>
15/09/06 13:13:55 INFO service.HiveServer: Running the query: MSCK REPAIR TABLE dealer_hierarchy_temp_data
15/09/06 13:13:55 INFO log.PerfLogger: <PERFLOG method=Driver.run from=org.apache.hadoop.hive.ql.Driver>
15/09/06 13:13:55 INFO log.PerfLogger: <PERFLOG method=TimeToSubmit from=org.apache.hadoop.hive.ql.Driver>
15/09/06 13:13:55 INFO ql.Driver: Concurrency mode is disabled, not creating a lock manager
15/09/06 13:13:55 INFO log.PerfLogger: <PERFLOG method=compile from=org.apache.hadoop.hive.ql.Driver>
15/09/06 13:13:55 INFO log.PerfLogger: <PERFLOG method=parse from=org.apache.hadoop.hive.ql.Driver>
15/09/06 13:13:55 INFO parse.ParseDriver: Parsing command: MSCK REPAIR TABLE dealer_hierarchy_temp_data
15/09/06 13:13:55 INFO parse.ParseDriver: Parse Completed
15/09/06 13:13:55 INFO log.PerfLogger: </PERFLOG method=parse start=1441563235328 end=1441563235328 duration=0 from=org.apache.hadoop.hive.ql.Driver>
15/09/06 13:13:55 INFO log.PerfLogger: <PERFLOG method=semanticAnalyze from=org.apache.hadoop.hive.ql.Driver>
15/09/06 13:13:55 INFO ql.Driver: Semantic Analysis Completed
15/09/06 13:13:55 INFO log.PerfLogger: </PERFLOG method=semanticAnalyze start=1441563235328 end=1441563235331 duration=3 from=org.apache.hadoop.hive.ql.Driver>
15/09/06 13:13:55 INFO ql.Driver: Returning Hive schema: Schema(fieldSchemas:null, properties:null)
15/09/06 13:13:55 INFO log.PerfLogger: </PERFLOG method=compile start=1441563235327 end=1441563235332 duration=5 from=org.apache.hadoop.hive.ql.Driver>
15/09/06 13:13:55 INFO log.PerfLogger: <PERFLOG method=Driver.execute from=org.apache.hadoop.hive.ql.Driver>
15/09/06 13:13:55 INFO ql.Driver: Starting command: MSCK REPAIR TABLE dealer_hierarchy_temp_data
15/09/06 13:13:55 INFO log.PerfLogger: </PERFLOG method=TimeToSubmit start=1441563235327 end=1441563235332 duration=5 from=org.apache.hadoop.hive.ql.Driver>
15/09/06 13:13:55 INFO log.PerfLogger: <PERFLOG method=runTasks from=org.apache.hadoop.hive.ql.Driver>
15/09/06 13:13:55 INFO log.PerfLogger: <PERFLOG method=task.DDL.Stage-0 from=org.apache.hadoop.hive.ql.Driver>
15/09/06 13:13:55 INFO metastore.HiveMetaStore: 0: get_table : db=ddsw_dev tbl=dealer_hierarchy_temp_data
15/09/06 13:13:55 INFO HiveMetaStore.audit: ugi=hpatel	ip=unknown-ip-addr	cmd=get_table : db=ddsw_dev tbl=dealer_hierarchy_temp_data	
15/09/06 13:13:55 INFO metastore.HiveMetaStore: 0: get_partitions_with_auth : db=ddsw_dev tbl=dealer_hierarchy_temp_data
15/09/06 13:13:55 INFO HiveMetaStore.audit: ugi=hpatel	ip=unknown-ip-addr	cmd=get_partitions_with_auth : db=ddsw_dev tbl=dealer_hierarchy_temp_data	
15/09/06 13:13:55 INFO metastore.HiveMetaStore: 0: get_table : db=ddsw_dev tbl=dealer_hierarchy_temp_data
15/09/06 13:13:55 INFO HiveMetaStore.audit: ugi=hpatel	ip=unknown-ip-addr	cmd=get_table : db=ddsw_dev tbl=dealer_hierarchy_temp_data	
15/09/06 13:13:55 INFO metastore.HiveMetaStore: 0: get_table : db=ddsw_dev tbl=dealer_hierarchy_temp_data
15/09/06 13:13:55 INFO HiveMetaStore.audit: ugi=hpatel	ip=unknown-ip-addr	cmd=get_table : db=ddsw_dev tbl=dealer_hierarchy_temp_data	
15/09/06 13:13:55 INFO metastore.HiveMetaStore: 0: add_partitions
15/09/06 13:13:55 INFO HiveMetaStore.audit: ugi=hpatel	ip=unknown-ip-addr	cmd=add_partitions	
15/09/06 13:13:55 INFO log.PerfLogger: </PERFLOG method=runTasks start=1441563235332 end=1441563235372 duration=40 from=org.apache.hadoop.hive.ql.Driver>
15/09/06 13:13:55 INFO log.PerfLogger: </PERFLOG method=Driver.execute start=1441563235332 end=1441563235372 duration=40 from=org.apache.hadoop.hive.ql.Driver>
OK
15/09/06 13:13:55 INFO ql.Driver: OK
15/09/06 13:13:55 INFO log.PerfLogger: <PERFLOG method=releaseLocks from=org.apache.hadoop.hive.ql.Driver>
15/09/06 13:13:55 INFO log.PerfLogger: </PERFLOG method=releaseLocks start=1441563235372 end=1441563235372 duration=0 from=org.apache.hadoop.hive.ql.Driver>
15/09/06 13:13:55 INFO log.PerfLogger: </PERFLOG method=Driver.run start=1441563235327 end=1441563235372 duration=45 from=org.apache.hadoop.hive.ql.Driver>
15/09/06 13:13:55 INFO service.HiveServer: Running the query: 
INSERT INTO TABLE DEALER_HIERARCHY_CORE
  PARTITION (DEALER_CODE)
  SELECT
    dh.FILE_NAME,
    dh.GEN_ID,
    dh.DMS_SYSTEM,
    dh.DMS_VERSION,
    custom_utc_timestamp(format_mr_timestamp(dh.TRANSMIT_TS)) AS TRANSMIT_TS,
    format_mr_timestamp(dh.ORIG_TRANSMIT_TS) AS ORIG_TRANSMIT_TS,
    dh.TRANSMIT_BY,
    dh.RECORD_STATUS,
    dh.DEALER_UPDT_IND,
    trim(dh.STORE_NUMBER) as STORE_NUMBER,
    trim(dh.PART_TYPE) as PART_TYPE,
    dh.STORE_NAME,
    dh.INVENTORY_STORE_NUMBER,
    trim(dh.CAT_EMRG_DEALER_CODE) as CAT_EMRG_DEALER_CODE,
    trim(dh.CAT_STOCK_DEALER_CODE) as CAT_STOCK_DEALER_CODE,
    trim(dh.STOCK_REPLEN_STORE_NUMBER) as STOCK_REPLEN_STORE_NUMBER,
    dh.STOCK_REPLEN_LEAD_TIME,
    dh.LST_UPDT_TS,
    dh.ORIG_LST_UPDT_TS,
    dh.LST_UPDT_BY_ID,
    dh.file_ins_ts,
    dh.ORIG_file_ins_TS,
    dh.EXP_STOCK_PLAN_LEAD_TIME,
    trim(dh.DEALER_CODE) as DEALER_CODE
  FROM
    dealer_hierarchy_temp_data dh

15/09/06 13:13:55 INFO log.PerfLogger: <PERFLOG method=Driver.run from=org.apache.hadoop.hive.ql.Driver>
15/09/06 13:13:55 INFO log.PerfLogger: <PERFLOG method=TimeToSubmit from=org.apache.hadoop.hive.ql.Driver>
15/09/06 13:13:55 INFO ql.Driver: Concurrency mode is disabled, not creating a lock manager
15/09/06 13:13:55 INFO log.PerfLogger: <PERFLOG method=compile from=org.apache.hadoop.hive.ql.Driver>
15/09/06 13:13:55 INFO log.PerfLogger: <PERFLOG method=parse from=org.apache.hadoop.hive.ql.Driver>
15/09/06 13:13:55 INFO parse.ParseDriver: Parsing command: 
INSERT INTO TABLE DEALER_HIERARCHY_CORE
  PARTITION (DEALER_CODE)
  SELECT
    dh.FILE_NAME,
    dh.GEN_ID,
    dh.DMS_SYSTEM,
    dh.DMS_VERSION,
    custom_utc_timestamp(format_mr_timestamp(dh.TRANSMIT_TS)) AS TRANSMIT_TS,
    format_mr_timestamp(dh.ORIG_TRANSMIT_TS) AS ORIG_TRANSMIT_TS,
    dh.TRANSMIT_BY,
    dh.RECORD_STATUS,
    dh.DEALER_UPDT_IND,
    trim(dh.STORE_NUMBER) as STORE_NUMBER,
    trim(dh.PART_TYPE) as PART_TYPE,
    dh.STORE_NAME,
    dh.INVENTORY_STORE_NUMBER,
    trim(dh.CAT_EMRG_DEALER_CODE) as CAT_EMRG_DEALER_CODE,
    trim(dh.CAT_STOCK_DEALER_CODE) as CAT_STOCK_DEALER_CODE,
    trim(dh.STOCK_REPLEN_STORE_NUMBER) as STOCK_REPLEN_STORE_NUMBER,
    dh.STOCK_REPLEN_LEAD_TIME,
    dh.LST_UPDT_TS,
    dh.ORIG_LST_UPDT_TS,
    dh.LST_UPDT_BY_ID,
    dh.file_ins_ts,
    dh.ORIG_file_ins_TS,
    dh.EXP_STOCK_PLAN_LEAD_TIME,
    trim(dh.DEALER_CODE) as DEALER_CODE
  FROM
    dealer_hierarchy_temp_data dh

15/09/06 13:13:55 INFO parse.ParseDriver: Parse Completed
15/09/06 13:13:55 INFO log.PerfLogger: </PERFLOG method=parse start=1441563235373 end=1441563235377 duration=4 from=org.apache.hadoop.hive.ql.Driver>
15/09/06 13:13:55 INFO log.PerfLogger: <PERFLOG method=semanticAnalyze from=org.apache.hadoop.hive.ql.Driver>
15/09/06 13:13:55 INFO parse.SemanticAnalyzer: Starting Semantic Analysis
15/09/06 13:13:55 INFO parse.SemanticAnalyzer: Completed phase 1 of Semantic Analysis
15/09/06 13:13:55 INFO parse.SemanticAnalyzer: Get metadata for source tables
15/09/06 13:13:55 INFO metastore.HiveMetaStore: 0: get_table : db=ddsw_dev tbl=dealer_hierarchy_temp_data
15/09/06 13:13:55 INFO HiveMetaStore.audit: ugi=hpatel	ip=unknown-ip-addr	cmd=get_table : db=ddsw_dev tbl=dealer_hierarchy_temp_data	
15/09/06 13:13:55 INFO parse.SemanticAnalyzer: Get metadata for subqueries
15/09/06 13:13:55 INFO parse.SemanticAnalyzer: Get metadata for destination tables
15/09/06 13:13:55 INFO metastore.HiveMetaStore: 0: get_table : db=ddsw_dev tbl=DEALER_HIERARCHY_CORE
15/09/06 13:13:55 INFO HiveMetaStore.audit: ugi=hpatel	ip=unknown-ip-addr	cmd=get_table : db=ddsw_dev tbl=DEALER_HIERARCHY_CORE	
15/09/06 13:13:55 INFO avro.AvroSerDe: Avro schema is {"type":"record","name":"DEALER_HIERARCHY_CORE","doc":"Sqoop import of DEALER_HIERARCHY","fields":[{"name":"File_Name","type":["string","null"],"columnName":"File_Name"},{"name":"GEN_ID","type":["string","null"],"columnName":"GEN_ID"},{"name":"DMS_SYSTEM","type":["string","null"],"columnName":"DMS_SYSTEM"},{"name":"DMS_VERSION","type":["string","null"],"columnName":"DMS_VERSION"},{"name":"TRANSMIT_TS","type":["string","null"],"columnName":"TRANSMIT_TS"},{"name":"ORIG_TRANSMIT_TS","type":["string","null"],"columnName":"TRANSMIT_TS"},{"name":"TRANSMIT_BY","type":["string","null"],"columnName":"TRANSMIT_BY"},{"name":"RECORD_STATUS","type":["string","null"],"columnName":"RECORD_STATUS"},{"name":"DEALER_UPDT_IND","type":["string","null"],"columnName":"DEALER_UPDT_IND","sqlType":"1"},{"name":"STORE_NUMBER","type":["string","null"],"columnName":"STORE_NUMBER"},{"name":"PART_TYPE","type":["string","null"],"columnName":"PART_TYPE"},{"name":"STORE_NAME","type":["string","null"],"columnName":"STORE_NAME"},{"name":"INVENTORY_STORE_NUMBER","type":["string","null"],"columnName":"INVENTORY_STORE_NUMBER"},{"name":"CAT_EMRG_DEALER_CODE","type":["string","null"],"columnName":"CAT_EMRG_DEALER_CODE"},{"name":"CAT_STOCK_DEALER_CODE","type":["string","null"],"columnName":"CAT_STOCK_DEALER_CODE"},{"name":"STOCK_REPLEN_STORE_NUMBER","type":["string","null"],"columnName":"STOCK_REPLEN_STORE_NUMBER"},{"name":"STOCK_REPLEN_LEAD_TIME","type":["string","null"],"columnName":"STOCK_REPLEN_LEAD_TIME"},{"name":"LST_UPDT_TS","type":["string","null"],"columnName":"LST_UPDT_TS"},{"name":"ORIG_LST_UPDT_TS","type":["string","null"],"columnName":"ORIG_LST_UPDT_TS"},{"name":"LST_UPDT_BY_ID","type":["string","null"],"columnName":"LST_UPDT_BY_ID"},{"name":"FILE_INS_TS","type":["string","null"],"columnName":"FILE_INS_TS"},{"name":"ORIG_FILE_INS_TS","type":["string","null"],"columnName":"ORIG_FILE_INS_TS"},{"name":"EXP_STOCK_PLAN_LEAD_TIME","type":["string","null"],"columnName":"EXP_STOCK_PLAN_LEAD_TIME"}],"tableName":"DEALER_HIERARCHY_CORE"}
15/09/06 13:13:55 INFO avro.AvroSerDe: Avro schema is {"type":"record","name":"DEALER_HIERARCHY_CORE","doc":"Sqoop import of DEALER_HIERARCHY","fields":[{"name":"File_Name","type":["string","null"],"columnName":"File_Name"},{"name":"GEN_ID","type":["string","null"],"columnName":"GEN_ID"},{"name":"DMS_SYSTEM","type":["string","null"],"columnName":"DMS_SYSTEM"},{"name":"DMS_VERSION","type":["string","null"],"columnName":"DMS_VERSION"},{"name":"TRANSMIT_TS","type":["string","null"],"columnName":"TRANSMIT_TS"},{"name":"ORIG_TRANSMIT_TS","type":["string","null"],"columnName":"TRANSMIT_TS"},{"name":"TRANSMIT_BY","type":["string","null"],"columnName":"TRANSMIT_BY"},{"name":"RECORD_STATUS","type":["string","null"],"columnName":"RECORD_STATUS"},{"name":"DEALER_UPDT_IND","type":["string","null"],"columnName":"DEALER_UPDT_IND","sqlType":"1"},{"name":"STORE_NUMBER","type":["string","null"],"columnName":"STORE_NUMBER"},{"name":"PART_TYPE","type":["string","null"],"columnName":"PART_TYPE"},{"name":"STORE_NAME","type":["string","null"],"columnName":"STORE_NAME"},{"name":"INVENTORY_STORE_NUMBER","type":["string","null"],"columnName":"INVENTORY_STORE_NUMBER"},{"name":"CAT_EMRG_DEALER_CODE","type":["string","null"],"columnName":"CAT_EMRG_DEALER_CODE"},{"name":"CAT_STOCK_DEALER_CODE","type":["string","null"],"columnName":"CAT_STOCK_DEALER_CODE"},{"name":"STOCK_REPLEN_STORE_NUMBER","type":["string","null"],"columnName":"STOCK_REPLEN_STORE_NUMBER"},{"name":"STOCK_REPLEN_LEAD_TIME","type":["string","null"],"columnName":"STOCK_REPLEN_LEAD_TIME"},{"name":"LST_UPDT_TS","type":["string","null"],"columnName":"LST_UPDT_TS"},{"name":"ORIG_LST_UPDT_TS","type":["string","null"],"columnName":"ORIG_LST_UPDT_TS"},{"name":"LST_UPDT_BY_ID","type":["string","null"],"columnName":"LST_UPDT_BY_ID"},{"name":"FILE_INS_TS","type":["string","null"],"columnName":"FILE_INS_TS"},{"name":"ORIG_FILE_INS_TS","type":["string","null"],"columnName":"ORIG_FILE_INS_TS"},{"name":"EXP_STOCK_PLAN_LEAD_TIME","type":["string","null"],"columnName":"EXP_STOCK_PLAN_LEAD_TIME"}],"tableName":"DEALER_HIERARCHY_CORE"}
15/09/06 13:13:55 WARN parse.BaseSemanticAnalyzer: Dynamic partitioning is used; only validating 0 columns
15/09/06 13:13:55 INFO parse.SemanticAnalyzer: Completed getting MetaData in Semantic Analysis
15/09/06 13:13:55 INFO common.FileUtils: Creating directory if it doesn't exist: file:/var/folders/y7/4_pz5fzx54ngcmghz3v6t3m00000gn/T/junit4401635926319421423/hadooptmp/dealer_hierarchy/core_data/.hive-staging_hive_2015-09-06_13-13-55_373_5537949944088186726-1
15/09/06 13:13:55 INFO avro.AvroSerDe: Avro schema is {"type":"record","name":"DEALER_HIERARCHY_CORE","doc":"Sqoop import of DEALER_HIERARCHY","fields":[{"name":"File_Name","type":["string","null"],"columnName":"File_Name"},{"name":"GEN_ID","type":["string","null"],"columnName":"GEN_ID"},{"name":"DMS_SYSTEM","type":["string","null"],"columnName":"DMS_SYSTEM"},{"name":"DMS_VERSION","type":["string","null"],"columnName":"DMS_VERSION"},{"name":"TRANSMIT_TS","type":["string","null"],"columnName":"TRANSMIT_TS"},{"name":"ORIG_TRANSMIT_TS","type":["string","null"],"columnName":"TRANSMIT_TS"},{"name":"TRANSMIT_BY","type":["string","null"],"columnName":"TRANSMIT_BY"},{"name":"RECORD_STATUS","type":["string","null"],"columnName":"RECORD_STATUS"},{"name":"DEALER_UPDT_IND","type":["string","null"],"columnName":"DEALER_UPDT_IND","sqlType":"1"},{"name":"STORE_NUMBER","type":["string","null"],"columnName":"STORE_NUMBER"},{"name":"PART_TYPE","type":["string","null"],"columnName":"PART_TYPE"},{"name":"STORE_NAME","type":["string","null"],"columnName":"STORE_NAME"},{"name":"INVENTORY_STORE_NUMBER","type":["string","null"],"columnName":"INVENTORY_STORE_NUMBER"},{"name":"CAT_EMRG_DEALER_CODE","type":["string","null"],"columnName":"CAT_EMRG_DEALER_CODE"},{"name":"CAT_STOCK_DEALER_CODE","type":["string","null"],"columnName":"CAT_STOCK_DEALER_CODE"},{"name":"STOCK_REPLEN_STORE_NUMBER","type":["string","null"],"columnName":"STOCK_REPLEN_STORE_NUMBER"},{"name":"STOCK_REPLEN_LEAD_TIME","type":["string","null"],"columnName":"STOCK_REPLEN_LEAD_TIME"},{"name":"LST_UPDT_TS","type":["string","null"],"columnName":"LST_UPDT_TS"},{"name":"ORIG_LST_UPDT_TS","type":["string","null"],"columnName":"ORIG_LST_UPDT_TS"},{"name":"LST_UPDT_BY_ID","type":["string","null"],"columnName":"LST_UPDT_BY_ID"},{"name":"FILE_INS_TS","type":["string","null"],"columnName":"FILE_INS_TS"},{"name":"ORIG_FILE_INS_TS","type":["string","null"],"columnName":"ORIG_FILE_INS_TS"},{"name":"EXP_STOCK_PLAN_LEAD_TIME","type":["string","null"],"columnName":"EXP_STOCK_PLAN_LEAD_TIME"}],"tableName":"DEALER_HIERARCHY_CORE"}
15/09/06 13:13:55 INFO avro.AvroSerDe: Avro schema is {"type":"record","name":"DEALER_HIERARCHY_CORE","doc":"Sqoop import of DEALER_HIERARCHY","fields":[{"name":"File_Name","type":["string","null"],"columnName":"File_Name"},{"name":"GEN_ID","type":["string","null"],"columnName":"GEN_ID"},{"name":"DMS_SYSTEM","type":["string","null"],"columnName":"DMS_SYSTEM"},{"name":"DMS_VERSION","type":["string","null"],"columnName":"DMS_VERSION"},{"name":"TRANSMIT_TS","type":["string","null"],"columnName":"TRANSMIT_TS"},{"name":"ORIG_TRANSMIT_TS","type":["string","null"],"columnName":"TRANSMIT_TS"},{"name":"TRANSMIT_BY","type":["string","null"],"columnName":"TRANSMIT_BY"},{"name":"RECORD_STATUS","type":["string","null"],"columnName":"RECORD_STATUS"},{"name":"DEALER_UPDT_IND","type":["string","null"],"columnName":"DEALER_UPDT_IND","sqlType":"1"},{"name":"STORE_NUMBER","type":["string","null"],"columnName":"STORE_NUMBER"},{"name":"PART_TYPE","type":["string","null"],"columnName":"PART_TYPE"},{"name":"STORE_NAME","type":["string","null"],"columnName":"STORE_NAME"},{"name":"INVENTORY_STORE_NUMBER","type":["string","null"],"columnName":"INVENTORY_STORE_NUMBER"},{"name":"CAT_EMRG_DEALER_CODE","type":["string","null"],"columnName":"CAT_EMRG_DEALER_CODE"},{"name":"CAT_STOCK_DEALER_CODE","type":["string","null"],"columnName":"CAT_STOCK_DEALER_CODE"},{"name":"STOCK_REPLEN_STORE_NUMBER","type":["string","null"],"columnName":"STOCK_REPLEN_STORE_NUMBER"},{"name":"STOCK_REPLEN_LEAD_TIME","type":["string","null"],"columnName":"STOCK_REPLEN_LEAD_TIME"},{"name":"LST_UPDT_TS","type":["string","null"],"columnName":"LST_UPDT_TS"},{"name":"ORIG_LST_UPDT_TS","type":["string","null"],"columnName":"ORIG_LST_UPDT_TS"},{"name":"LST_UPDT_BY_ID","type":["string","null"],"columnName":"LST_UPDT_BY_ID"},{"name":"FILE_INS_TS","type":["string","null"],"columnName":"FILE_INS_TS"},{"name":"ORIG_FILE_INS_TS","type":["string","null"],"columnName":"ORIG_FILE_INS_TS"},{"name":"EXP_STOCK_PLAN_LEAD_TIME","type":["string","null"],"columnName":"EXP_STOCK_PLAN_LEAD_TIME"}],"tableName":"DEALER_HIERARCHY_CORE"}
15/09/06 13:13:55 INFO avro.AvroSerDe: Configuration null, not inserting schema
15/09/06 13:13:55 INFO parse.SemanticAnalyzer: Set stats collection dir : file:/var/folders/y7/4_pz5fzx54ngcmghz3v6t3m00000gn/T/junit4401635926319421423/hadooptmp/dealer_hierarchy/core_data/.hive-staging_hive_2015-09-06_13-13-55_373_5537949944088186726-1/-ext-10001
15/09/06 13:13:55 INFO ppd.OpProcFactory: Processing for FS(187)
15/09/06 13:13:55 INFO ppd.OpProcFactory: Processing for SEL(186)
15/09/06 13:13:55 INFO ppd.OpProcFactory: Processing for TS(185)
15/09/06 13:13:55 INFO optimizer.SortedDynPartitionOptimizer: Sorted dynamic partitioning optimization kicked in..
15/09/06 13:13:55 INFO optimizer.SortedDynPartitionOptimizer: Inserted RS_188 and EX_189 as parent of FS_187 and child of SEL_186
15/09/06 13:13:55 INFO log.PerfLogger: <PERFLOG method=partition-retrieving from=org.apache.hadoop.hive.ql.optimizer.ppr.PartitionPruner>
15/09/06 13:13:55 INFO metastore.HiveMetaStore: 0: get_partitions : db=ddsw_dev tbl=dealer_hierarchy_temp_data
15/09/06 13:13:55 INFO HiveMetaStore.audit: ugi=hpatel	ip=unknown-ip-addr	cmd=get_partitions : db=ddsw_dev tbl=dealer_hierarchy_temp_data	
15/09/06 13:13:55 INFO log.PerfLogger: </PERFLOG method=partition-retrieving start=1441563235438 end=1441563235442 duration=4 from=org.apache.hadoop.hive.ql.optimizer.ppr.PartitionPruner>
15/09/06 13:13:55 INFO parse.SemanticAnalyzer: Completed plan generation
15/09/06 13:13:55 INFO ql.Driver: Semantic Analysis Completed
15/09/06 13:13:55 INFO log.PerfLogger: </PERFLOG method=semanticAnalyze start=1441563235377 end=1441563235443 duration=66 from=org.apache.hadoop.hive.ql.Driver>
15/09/06 13:13:55 INFO ql.Driver: Returning Hive schema: Schema(fieldSchemas:[FieldSchema(name:dh.file_name, type:string, comment:null), FieldSchema(name:dh.gen_id, type:string, comment:null), FieldSchema(name:dh.dms_system, type:string, comment:null), FieldSchema(name:dh.dms_version, type:string, comment:null), FieldSchema(name:transmit_ts, type:string, comment:null), FieldSchema(name:orig_transmit_ts, type:string, comment:null), FieldSchema(name:dh.transmit_by, type:string, comment:null), FieldSchema(name:dh.record_status, type:string, comment:null), FieldSchema(name:dh.dealer_updt_ind, type:string, comment:null), FieldSchema(name:store_number, type:string, comment:null), FieldSchema(name:part_type, type:string, comment:null), FieldSchema(name:dh.store_name, type:string, comment:null), FieldSchema(name:dh.inventory_store_number, type:string, comment:null), FieldSchema(name:cat_emrg_dealer_code, type:string, comment:null), FieldSchema(name:cat_stock_dealer_code, type:string, comment:null), FieldSchema(name:stock_replen_store_number, type:string, comment:null), FieldSchema(name:dh.stock_replen_lead_time, type:string, comment:null), FieldSchema(name:dh.lst_updt_ts, type:string, comment:null), FieldSchema(name:dh.orig_lst_updt_ts, type:string, comment:null), FieldSchema(name:dh.lst_updt_by_id, type:string, comment:null), FieldSchema(name:dh.file_ins_ts, type:string, comment:null), FieldSchema(name:dh.orig_file_ins_ts, type:string, comment:null), FieldSchema(name:dh.exp_stock_plan_lead_time, type:string, comment:null), FieldSchema(name:dealer_code, type:string, comment:null)], properties:null)
15/09/06 13:13:55 INFO log.PerfLogger: </PERFLOG method=compile start=1441563235373 end=1441563235444 duration=71 from=org.apache.hadoop.hive.ql.Driver>
15/09/06 13:13:55 INFO log.PerfLogger: <PERFLOG method=Driver.execute from=org.apache.hadoop.hive.ql.Driver>
15/09/06 13:13:55 INFO ql.Driver: Starting command: 
INSERT INTO TABLE DEALER_HIERARCHY_CORE
  PARTITION (DEALER_CODE)
  SELECT
    dh.FILE_NAME,
    dh.GEN_ID,
    dh.DMS_SYSTEM,
    dh.DMS_VERSION,
    custom_utc_timestamp(format_mr_timestamp(dh.TRANSMIT_TS)) AS TRANSMIT_TS,
    format_mr_timestamp(dh.ORIG_TRANSMIT_TS) AS ORIG_TRANSMIT_TS,
    dh.TRANSMIT_BY,
    dh.RECORD_STATUS,
    dh.DEALER_UPDT_IND,
    trim(dh.STORE_NUMBER) as STORE_NUMBER,
    trim(dh.PART_TYPE) as PART_TYPE,
    dh.STORE_NAME,
    dh.INVENTORY_STORE_NUMBER,
    trim(dh.CAT_EMRG_DEALER_CODE) as CAT_EMRG_DEALER_CODE,
    trim(dh.CAT_STOCK_DEALER_CODE) as CAT_STOCK_DEALER_CODE,
    trim(dh.STOCK_REPLEN_STORE_NUMBER) as STOCK_REPLEN_STORE_NUMBER,
    dh.STOCK_REPLEN_LEAD_TIME,
    dh.LST_UPDT_TS,
    dh.ORIG_LST_UPDT_TS,
    dh.LST_UPDT_BY_ID,
    dh.file_ins_ts,
    dh.ORIG_file_ins_TS,
    dh.EXP_STOCK_PLAN_LEAD_TIME,
    trim(dh.DEALER_CODE) as DEALER_CODE
  FROM
    dealer_hierarchy_temp_data dh

Total jobs = 1
15/09/06 13:13:55 INFO ql.Driver: Total jobs = 1
15/09/06 13:13:55 INFO log.PerfLogger: </PERFLOG method=TimeToSubmit start=1441563235373 end=1441563235444 duration=71 from=org.apache.hadoop.hive.ql.Driver>
15/09/06 13:13:55 INFO log.PerfLogger: <PERFLOG method=runTasks from=org.apache.hadoop.hive.ql.Driver>
15/09/06 13:13:55 INFO log.PerfLogger: <PERFLOG method=task.MAPRED.Stage-1 from=org.apache.hadoop.hive.ql.Driver>
Launching Job 1 out of 1
15/09/06 13:13:55 INFO ql.Driver: Launching Job 1 out of 1
Number of reduce tasks not specified. Defaulting to jobconf value of: 1
15/09/06 13:13:55 INFO exec.Task: Number of reduce tasks not specified. Defaulting to jobconf value of: 1
In order to change the average load for a reducer (in bytes):
15/09/06 13:13:55 INFO exec.Task: In order to change the average load for a reducer (in bytes):
  set hive.exec.reducers.bytes.per.reducer=<number>
15/09/06 13:13:55 INFO exec.Task:   set hive.exec.reducers.bytes.per.reducer=<number>
In order to limit the maximum number of reducers:
15/09/06 13:13:55 INFO exec.Task: In order to limit the maximum number of reducers:
  set hive.exec.reducers.max=<number>
15/09/06 13:13:55 INFO exec.Task:   set hive.exec.reducers.max=<number>
In order to set a constant number of reducers:
15/09/06 13:13:55 INFO exec.Task: In order to set a constant number of reducers:
  set mapreduce.job.reduces=<number>
15/09/06 13:13:55 INFO exec.Task:   set mapreduce.job.reduces=<number>
15/09/06 13:13:55 INFO ql.Context: New scratch dir is file:/var/folders/y7/4_pz5fzx54ngcmghz3v6t3m00000gn/T/junit4401635926319421423/scratchdir/hive_2015-09-06_13-13-55_373_5537949944088186726-1
15/09/06 13:13:55 INFO mr.ExecDriver: Using org.apache.hadoop.hive.ql.io.CombineHiveInputFormat
15/09/06 13:13:55 INFO exec.Utilities: Processing alias dh
15/09/06 13:13:55 INFO exec.Utilities: Adding input file file:/var/folders/y7/4_pz5fzx54ngcmghz3v6t3m00000gn/T/junit4401635926319421423/hadooptmp/dealer_hierarchy/temp_data/dealer_code=AAAA
15/09/06 13:13:55 INFO exec.Utilities: Content Summary not cached for file:/var/folders/y7/4_pz5fzx54ngcmghz3v6t3m00000gn/T/junit4401635926319421423/hadooptmp/dealer_hierarchy/temp_data/dealer_code=AAAA
15/09/06 13:13:55 INFO exec.Utilities: Adding input file file:/var/folders/y7/4_pz5fzx54ngcmghz3v6t3m00000gn/T/junit4401635926319421423/hadooptmp/dealer_hierarchy/temp_data/dealer_code=ZZZZ
15/09/06 13:13:55 INFO exec.Utilities: Content Summary not cached for file:/var/folders/y7/4_pz5fzx54ngcmghz3v6t3m00000gn/T/junit4401635926319421423/hadooptmp/dealer_hierarchy/temp_data/dealer_code=ZZZZ
15/09/06 13:13:55 INFO ql.Context: New scratch dir is file:/var/folders/y7/4_pz5fzx54ngcmghz3v6t3m00000gn/T/junit4401635926319421423/scratchdir/hive_2015-09-06_13-13-55_373_5537949944088186726-1
15/09/06 13:13:55 INFO log.PerfLogger: <PERFLOG method=serializePlan from=org.apache.hadoop.hive.ql.exec.Utilities>
15/09/06 13:13:55 INFO exec.Utilities: Serializing MapWork via kryo
15/09/06 13:13:55 INFO log.PerfLogger: </PERFLOG method=serializePlan start=1441563235451 end=1441563235452 duration=1 from=org.apache.hadoop.hive.ql.exec.Utilities>
15/09/06 13:13:55 INFO exec.Utilities: Setting plan: /var/folders/y7/4_pz5fzx54ngcmghz3v6t3m00000gn/T/junit4401635926319421423/scratchdir/hive_2015-09-06_13-13-55_373_5537949944088186726-1/-mr-10003/f0f94de4-c0fb-434d-9bbc-8a4dd77af615/map.xml
15/09/06 13:13:55 INFO log.PerfLogger: <PERFLOG method=serializePlan from=org.apache.hadoop.hive.ql.exec.Utilities>
15/09/06 13:13:55 INFO exec.Utilities: Serializing ReduceWork via kryo
15/09/06 13:13:55 INFO log.PerfLogger: </PERFLOG method=serializePlan start=1441563235452 end=1441563235453 duration=1 from=org.apache.hadoop.hive.ql.exec.Utilities>
15/09/06 13:13:55 INFO exec.Utilities: Setting plan: /var/folders/y7/4_pz5fzx54ngcmghz3v6t3m00000gn/T/junit4401635926319421423/scratchdir/hive_2015-09-06_13-13-55_373_5537949944088186726-1/-mr-10003/f0f94de4-c0fb-434d-9bbc-8a4dd77af615/reduce.xml
15/09/06 13:13:55 INFO jvm.JvmMetrics: Cannot initialize JVM Metrics with processName=JobTracker, sessionId= - already initialized
15/09/06 13:13:55 WARN mapred.JobClient: Use GenericOptionsParser for parsing the arguments. Applications should implement Tool for the same.
15/09/06 13:13:55 INFO log.PerfLogger: <PERFLOG method=getSplits from=org.apache.hadoop.hive.ql.io.CombineHiveInputFormat>
15/09/06 13:13:55 INFO io.CombineHiveInputFormat: CombineHiveInputSplit creating pool for file:/var/folders/y7/4_pz5fzx54ngcmghz3v6t3m00000gn/T/junit4401635926319421423/hadooptmp/dealer_hierarchy/temp_data/dealer_code=AAAA; using filter path file:/var/folders/y7/4_pz5fzx54ngcmghz3v6t3m00000gn/T/junit4401635926319421423/hadooptmp/dealer_hierarchy/temp_data/dealer_code=AAAA
15/09/06 13:13:55 INFO io.CombineHiveInputFormat: CombineHiveInputSplit: pool is already created for file:/var/folders/y7/4_pz5fzx54ngcmghz3v6t3m00000gn/T/junit4401635926319421423/hadooptmp/dealer_hierarchy/temp_data/dealer_code=ZZZZ; using filter path file:/var/folders/y7/4_pz5fzx54ngcmghz3v6t3m00000gn/T/junit4401635926319421423/hadooptmp/dealer_hierarchy/temp_data/dealer_code=ZZZZ
15/09/06 13:13:55 INFO mapred.FileInputFormat: Total input paths to process : 2
15/09/06 13:13:55 INFO io.CombineHiveInputFormat: number of splits 1
15/09/06 13:13:55 INFO log.PerfLogger: </PERFLOG method=getSplits start=1441563235511 end=1441563235514 duration=3 from=org.apache.hadoop.hive.ql.io.CombineHiveInputFormat>
Starting Job = job_local104522975_0013, Tracking URL = http://localhost:8080/
15/09/06 13:13:55 INFO mapred.LocalJobRunner: OutputCommitter set in config org.apache.hadoop.hive.shims.HadoopShimsSecure$NullOutputCommitter
15/09/06 13:13:55 INFO exec.Task: Starting Job = job_local104522975_0013, Tracking URL = http://localhost:8080/
15/09/06 13:13:55 INFO mapred.LocalJobRunner: OutputCommitter is org.apache.hadoop.hive.shims.HadoopShimsSecure$NullOutputCommitter
Kill Command = NO_BIN! job  -kill job_local104522975_0013
15/09/06 13:13:55 INFO exec.Task: Kill Command = NO_BIN! job  -kill job_local104522975_0013
15/09/06 13:13:55 INFO mapred.LocalJobRunner: Waiting for map tasks
15/09/06 13:13:55 INFO mapred.LocalJobRunner: Starting task: attempt_local104522975_0013_m_000000_0
15/09/06 13:13:55 WARN mapreduce.Counters: Group org.apache.hadoop.mapred.Task$Counter is deprecated. Use org.apache.hadoop.mapreduce.TaskCounter instead
Hadoop job information for Stage-1: number of mappers: 0; number of reducers: 0
15/09/06 13:13:55 INFO exec.Task: Hadoop job information for Stage-1: number of mappers: 0; number of reducers: 0
15/09/06 13:13:55 INFO mapred.Task:  Using ResourceCalculatorPlugin : null
15/09/06 13:13:55 WARN mapreduce.Counters: Group org.apache.hadoop.mapred.Task$Counter is deprecated. Use org.apache.hadoop.mapreduce.TaskCounter instead
2015-09-06 13:13:55,563 Stage-1 map = 0%,  reduce = 0%
15/09/06 13:13:55 INFO exec.Task: 2015-09-06 13:13:55,563 Stage-1 map = 0%,  reduce = 0%
15/09/06 13:13:55 INFO mapred.MapTask: Processing split: Paths:/var/folders/y7/4_pz5fzx54ngcmghz3v6t3m00000gn/T/junit4401635926319421423/hadooptmp/dealer_hierarchy/temp_data/dealer_code=AAAA/temp_data_from_string.csv:0+216,/var/folders/y7/4_pz5fzx54ngcmghz3v6t3m00000gn/T/junit4401635926319421423/hadooptmp/dealer_hierarchy/temp_data/dealer_code=ZZZZ/temp_data_from_file.csv:0+626InputFormatClass: org.apache.hadoop.mapred.TextInputFormat

15/09/06 13:13:55 INFO io.HiveContextAwareRecordReader: Processing file file:/var/folders/y7/4_pz5fzx54ngcmghz3v6t3m00000gn/T/junit4401635926319421423/hadooptmp/dealer_hierarchy/temp_data/dealer_code=AAAA/temp_data_from_string.csv
15/09/06 13:13:55 WARN mapreduce.Counters: Counter name MAP_INPUT_BYTES is deprecated. Use FileInputFormatCounters as group name and  BYTES_READ as counter name instead
15/09/06 13:13:55 INFO mapred.MapTask: numReduceTasks: 1
15/09/06 13:13:55 INFO mapred.MapTask: Map output collector class = org.apache.hadoop.mapred.MapTask$MapOutputBuffer
15/09/06 13:13:55 INFO mapred.MapTask: io.sort.mb = 100
15/09/06 13:13:55 INFO mapred.MapTask: data buffer = 79691776/99614720
15/09/06 13:13:55 INFO mapred.MapTask: record buffer = 262144/327680
15/09/06 13:13:55 INFO mr.ExecMapper: maximum memory = 3817865216
15/09/06 13:13:55 INFO mr.ExecMapper: conf classpath = [file:/Users/hpatel/.gradle/caches/2.1/workerMain/gradle-worker.jar, file:/Users/hpatel/Tech/Projects/CAT/ddsw_dev/hive-test/build/classes/test/, file:/Users/hpatel/Tech/Projects/CAT/ddsw_dev/hive-test/build/resources/test/, file:/Users/hpatel/Tech/Projects/CAT/ddsw_dev/hive-test/build/classes/main/, file:/Users/hpatel/Tech/Projects/CAT/ddsw_dev/hive-test/build/resources/main, file:/Users/hpatel/.gradle/caches/modules-2/files-2.1/junit/junit/4.11/4e031bb61df09069aeb2bffb4019e7a5034a4ee0/junit-4.11.jar, file:/Users/hpatel/.gradle/caches/modules-2/files-2.1/com.klarna/hiverunner/1.0.0/e26bb0655fff4d88fab91f331793d9fc1db392cc/HiveRunner-1.0.0.jar, file:/Users/hpatel/Tech/Projects/CAT/ddsw_dev/custom-cat-udfs/build/libs/custom-cat-udfs-0.1.38-SNAPSHOT.jar, file:/Users/hpatel/.gradle/caches/modules-2/files-2.1/org.apache.hadoop/hadoop-client/2.5.0-cdh5.3.3/ec3cd6a8cb043e73a42918934c5d3a3f2747c78b/hadoop-client-2.5.0-cdh5.3.3.jar, file:/Users/hpatel/.gradle/caches/modules-2/files-2.1/org.hsqldb/hsqldb/2.3.1/bd7153caa30958e1c64a3dd38b93e5a7442d9a0e/hsqldb-2.3.1.jar, file:/Users/hpatel/.gradle/caches/modules-2/files-2.1/org.apache.hadoop/hadoop-core/2.5.0-mr1-cdh5.3.3/f6f4a77f818757da51ae0244310855779c04c4be/hadoop-core-2.5.0-mr1-cdh5.3.3.jar, file:/Users/hpatel/.gradle/caches/modules-2/files-2.1/org.reflections/reflections/0.9.8/f723abb59bf512952bfc503838f70f81487a6993/reflections-0.9.8.jar, file:/Users/hpatel/.gradle/caches/modules-2/files-2.1/org.mockito/mockito-core/1.10.19/e8546f5bef4e061d8dd73895b4e8f40e3fe6effe/mockito-core-1.10.19.jar, file:/Users/hpatel/.gradle/caches/modules-2/files-2.1/org.hamcrest/hamcrest-core/1.3/42a25dc3219429f0e5d060061f71acb49bf010a0/hamcrest-core-1.3.jar, file:/Users/hpatel/.gradle/caches/modules-2/files-2.1/org.pentaho/pentaho-aggdesigner-algorithm/5.1.5-jhyde/c52379c645c6c85300e645dff7c72653bf85baa2/pentaho-aggdesigner-algorithm-5.1.5-jhyde.jar, file:/Users/hpatel/.gradle/caches/modules-2/files-2.1/org.apache.hive/hive-serde/0.13.1-cdh5.3.3/9cee47c844d726e9bcef6ab292e1319b7fbddaa3/hive-serde-0.13.1-cdh5.3.3.jar, file:/Users/hpatel/.gradle/caches/modules-2/files-2.1/org.apache.hadoop/hadoop-common/2.5.0-cdh5.3.3/f0862eb1dc33c1807ea29a248af75551e3c6836a/hadoop-common-2.5.0-cdh5.3.3.jar, file:/Users/hpatel/.gradle/caches/modules-2/files-2.1/org.apache.hive/hive-contrib/0.13.1-cdh5.3.3/bf89b429c9b173ac275dc0c1623f5c30e780ee98/hive-contrib-0.13.1-cdh5.3.3.jar, file:/Users/hpatel/.gradle/caches/modules-2/files-2.1/org.datanucleus/datanucleus-core/3.2.12/3212183bb5a2826cd5ff194b9a54619dd0bdf31f/datanucleus-core-3.2.12.jar, file:/Users/hpatel/.gradle/caches/modules-2/files-2.1/org.datanucleus/datanucleus-rdbms/3.2.11/5b053144c89fdff1505b853aa7f1e5ba7657da75/datanucleus-rdbms-3.2.11.jar, file:/Users/hpatel/.gradle/caches/modules-2/files-2.1/org.datanucleus/datanucleus-api-jdo/3.2.8/efc60221fbc91e95cf5758b98c6c5531660696cb/datanucleus-api-jdo-3.2.8.jar, file:/Users/hpatel/.gradle/caches/modules-2/files-2.1/org.apache.hive/hive-shims/0.13.1-cdh5.3.3/47b029532c0b9d45526dcdd858823e6f9634ab81/hive-shims-0.13.1-cdh5.3.3.jar, file:/Users/hpatel/.gradle/caches/modules-2/files-2.1/org.apache.commons/commons-lang3/3.3.1/6738a2da2202ce360f0af90aba005c1e05a2c4cd/commons-lang3-3.3.1.jar, file:/Users/hpatel/.gradle/caches/modules-2/files-2.1/joda-time/joda-time/2.3/56498efd17752898cfcc3868c1b6211a07b12b8f/joda-time-2.3.jar, file:/Users/hpatel/.gradle/caches/modules-2/files-2.1/org.apache.hadoop/hadoop-hdfs/2.5.0-cdh5.3.3/5dd5e2be13d89a9eaab89d3a33bcdf6677671aa9/hadoop-hdfs-2.5.0-cdh5.3.3.jar, file:/Users/hpatel/.gradle/caches/modules-2/files-2.1/org.apache.hadoop/hadoop-mapreduce-client-app/2.5.0-cdh5.3.3/579948f8fa6d9d72bf507bd021fa3dcc0670e95f/hadoop-mapreduce-client-app-2.5.0-cdh5.3.3.jar, file:/Users/hpatel/.gradle/caches/modules-2/files-2.1/org.apache.hadoop/hadoop-yarn-api/2.5.0-cdh5.3.3/a6d9b4b7cbcacd000350a3e33c70269101b5fc79/hadoop-yarn-api-2.5.0-cdh5.3.3.jar, file:/Users/hpatel/.gradle/caches/modules-2/files-2.1/org.apache.hadoop/hadoop-mapreduce-client-core/2.5.0-cdh5.3.3/f2c8eaa2b8a5839a7781f04cf59c4d1abfefec9e/hadoop-mapreduce-client-core-2.5.0-cdh5.3.3.jar, file:/Users/hpatel/.gradle/caches/modules-2/files-2.1/org.apache.hadoop/hadoop-mapreduce-client-jobclient/2.5.0-cdh5.3.3/f8baecab9a91245a97e29e4867a7f5ae128ef8a9/hadoop-mapreduce-client-jobclient-2.5.0-cdh5.3.3.jar, file:/Users/hpatel/.gradle/caches/modules-2/files-2.1/org.apache.hadoop/hadoop-aws/2.5.0-cdh5.3.3/f712d9cf59c859914254bed5c87ee4e5a2204e78/hadoop-aws-2.5.0-cdh5.3.3.jar, file:/Users/hpatel/.gradle/caches/modules-2/files-2.1/org.apache.hadoop/hadoop-annotations/2.5.0-cdh5.3.3/e3b40743127d82ff7a6f263d00419368a46ce608/hadoop-annotations-2.5.0-cdh5.3.3.jar, file:/Users/hpatel/.gradle/caches/modules-2/files-2.1/commons-collections/commons-collections/3.2.1/761ea405b9b37ced573d2df0d1e3a4e0f9edc668/commons-collections-3.2.1.jar, file:/Users/hpatel/.gradle/caches/modules-2/files-2.1/commons-configuration/commons-configuration/1.6/32cadde23955d7681b0d94a2715846d20b425235/commons-configuration-1.6.jar, file:/Users/hpatel/.gradle/caches/modules-2/files-2.1/jline/jline/0.9.94/99a18e9a44834afdebc467294e1138364c207402/jline-0.9.94.jar, file:/Users/hpatel/.gradle/caches/modules-2/files-2.1/commons-cli/commons-cli/1.2/2bf96b7aa8b611c177d329452af1dc933e14501c/commons-cli-1.2.jar, file:/Users/hpatel/.gradle/caches/modules-2/files-2.1/xmlenc/xmlenc/0.52/d82554efbe65906d83b3d97bd7509289e9db561a/xmlenc-0.52.jar, file:/Users/hpatel/.gradle/caches/modules-2/files-2.1/commons-httpclient/commons-httpclient/3.1/964cd74171f427720480efdec40a7c7f6e58426a/commons-httpclient-3.1.jar, file:/Users/hpatel/.gradle/caches/modules-2/files-2.1/commons-net/commons-net/3.1/2298164a7c2484406f2aa5ac85b205d39019896f/commons-net-3.1.jar, file:/Users/hpatel/.gradle/caches/modules-2/files-2.1/tomcat/jasper-runtime/5.5.23/96ca5528a93ab47b001476b74320c644beb89dde/jasper-runtime-5.5.23.jar, file:/Users/hpatel/.gradle/caches/modules-2/files-2.1/tomcat/jasper-compiler/5.5.23/6d35bd7fb8c4fbc1f5401fb3678aa976d2e4c241/jasper-compiler-5.5.23.jar, file:/Users/hpatel/.gradle/caches/modules-2/files-2.1/javax.servlet.jsp/jsp-api/2.1/63f943103f250ef1f3a4d5e94d145a0f961f5316/jsp-api-2.1.jar, file:/Users/hpatel/.gradle/caches/modules-2/files-2.1/commons-el/commons-el/1.0/1df2c042b3f2de0124750241ac6c886dbfa2cc2c/commons-el-1.0.jar, file:/Users/hpatel/.gradle/caches/modules-2/files-2.1/javax.servlet/servlet-api/2.5/5959582d97d8b61f4d154ca9e495aafd16726e34/servlet-api-2.5.jar, file:/Users/hpatel/.gradle/caches/modules-2/files-2.1/hsqldb/hsqldb/1.8.0.10/7e9978fdb754bce5fcd5161133e7734ecb683036/hsqldb-1.8.0.10.jar, file:/Users/hpatel/.gradle/caches/modules-2/files-2.1/org.eclipse.jdt/core/3.1.1/88c83ce444cf46d02494da37c9fa1eebc9ce9cea/core-3.1.1.jar, file:/Users/hpatel/.gradle/caches/modules-2/files-2.1/javassist/javassist/3.12.1.GA/526633327faa61aee448a519e8a4d53ec3057885/javassist-3.12.1.GA.jar, file:/Users/hpatel/.gradle/caches/modules-2/files-2.1/dom4j/dom4j/1.6.1/5d3ccc056b6f056dbf0dddfdf43894b9065a8f94/dom4j-1.6.1.jar, file:/Users/hpatel/.gradle/caches/modules-2/files-2.1/org.objenesis/objenesis/2.1/87c0ea803b69252868d09308b4618f766f135a96/objenesis-2.1.jar, file:/Users/hpatel/.gradle/caches/modules-2/files-2.1/commons-logging/commons-logging/1.1.3/f6f66e966c70a83ffbdb6f17a0919eaf7c8aca7f/commons-logging-1.1.3.jar, file:/Users/hpatel/.gradle/caches/modules-2/files-2.1/org.apache.hive/hive-common/0.13.1-cdh5.3.3/e3fbf24d30a553c50ae4d4eed23f81b0e1211c5a/hive-common-0.13.1-cdh5.3.3.jar, file:/Users/hpatel/.gradle/caches/modules-2/files-2.1/org.apache.avro/avro/1.7.6-cdh5.3.3/6d90271293977d199ed07002bf35e2805405cc64/avro-1.7.6-cdh5.3.3.jar, file:/Users/hpatel/.gradle/caches/modules-2/files-2.1/net.sf.opencsv/opencsv/2.3/c23708cdb9e80a144db433e23344a788a1fd6599/opencsv-2.3.jar, file:/Users/hpatel/.gradle/caches/modules-2/files-2.1/com.sun.jersey/jersey-servlet/1.14/4b87041a59ee152757b62e47a21d5b63fde20ffe/jersey-servlet-1.14.jar, file:/Users/hpatel/.gradle/caches/modules-2/files-2.1/org.slf4j/slf4j-log4j12/1.7.5/6edffc576ce104ec769d954618764f39f0f0f10d/slf4j-log4j12-1.7.5.jar, file:/Users/hpatel/.gradle/caches/modules-2/files-2.1/org.apache.commons/commons-math3/3.1.1/6719d757a98ff24a83d9d727bef9cec83f59b6e1/commons-math3-3.1.1.jar, file:/Users/hpatel/.gradle/caches/modules-2/files-2.1/commons-io/commons-io/2.4/b1b6ea3b7e4aa4f492509a4952029cd8e48019ad/commons-io-2.4.jar, file:/Users/hpatel/.gradle/caches/modules-2/files-2.1/com.sun.jersey/jersey-json/1.9/1aa73e1896bcc7013fed247157d7f676226eb432/jersey-json-1.9.jar, file:/Users/hpatel/.gradle/caches/modules-2/files-2.1/log4j/log4j/1.2.17/5af35056b4d257e4b64b9e8069c0746e8b08629f/log4j-1.2.17.jar, file:/Users/hpatel/.gradle/caches/modules-2/files-2.1/com.google.code.gson/gson/2.2.4/a60a5e993c98c864010053cb901b7eab25306568/gson-2.2.4.jar, file:/Users/hpatel/.gradle/caches/modules-2/files-2.1/org.apache.hadoop/hadoop-auth/2.5.0-cdh5.3.3/847eb288da72acfdd7d202da5149dec6cd20ceba/hadoop-auth-2.5.0-cdh5.3.3.jar, file:/Users/hpatel/.gradle/caches/modules-2/files-2.1/com.jcraft/jsch/0.1.42/a86104b0f2e0c0bab5b0df836065823a99b5e334/jsch-0.1.42.jar, file:/Users/hpatel/.gradle/caches/modules-2/files-2.1/org.apache.curator/curator-client/2.6.0/b9007c357ad1a78066fc6004e8b1feaa2318f6f3/curator-client-2.6.0.jar, file:/Users/hpatel/.gradle/caches/modules-2/files-2.1/org.apache.curator/curator-recipes/2.6.0/8736b0fc42e6bf006d585fe85c90aaa4ade5cbef/curator-recipes-2.6.0.jar, file:/Users/hpatel/.gradle/caches/modules-2/files-2.1/com.google.code.findbugs/jsr305/1.3.9/40719ea6961c0cb6afaeb6a921eaa1f6afd4cfdf/jsr305-1.3.9.jar, file:/Users/hpatel/.gradle/caches/modules-2/files-2.1/org.apache.commons/commons-compress/1.4.1/b02e84a993d88568417536240e970c4b809126fd/commons-compress-1.4.1.jar, file:/Users/hpatel/.gradle/caches/modules-2/files-2.1/org.apache.hive.shims/hive-shims-common/0.13.1-cdh5.3.3/3d9e5245018fbde18f52c4ab25fc35afdec2fc0a/hive-shims-common-0.13.1-cdh5.3.3.jar, file:/Users/hpatel/.gradle/caches/modules-2/files-2.1/org.apache.hive.shims/hive-shims-common-secure/0.13.1-cdh5.3.3/6b29a16b2a41b89bdbbc681c257ad7f766a90bcb/hive-shims-common-secure-0.13.1-cdh5.3.3.jar, file:/Users/hpatel/.gradle/caches/modules-2/files-2.1/org.apache.hive.shims/hive-shims-0.23/0.13.1-cdh5.3.3/7ab834955a767af200d1d9151c204751637d9ca9/hive-shims-0.23-0.13.1-cdh5.3.3.jar, file:/Users/hpatel/.gradle/caches/modules-2/files-2.1/org.apache.hive.shims/hive-shims-scheduler/0.13.1-cdh5.3.3/b6644420b74f936a838f7f3fd2fa19c19add0449/hive-shims-scheduler-0.13.1-cdh5.3.3.jar, file:/Users/hpatel/.gradle/caches/modules-2/files-2.1/org.apache.hadoop/hadoop-mapreduce-client-common/2.5.0-cdh5.3.3/f0d777bb76ca9f540c0c81a45934f0f5cf9975b8/hadoop-mapreduce-client-common-2.5.0-cdh5.3.3.jar, file:/Users/hpatel/.gradle/caches/modules-2/files-2.1/org.apache.hadoop/hadoop-mapreduce-client-shuffle/2.5.0-cdh5.3.3/b6c4316f6fcc406edf7e5bd77c50e46034ad5519/hadoop-mapreduce-client-shuffle-2.5.0-cdh5.3.3.jar, file:/Users/hpatel/.gradle/caches/modules-2/files-2.1/org.apache.hadoop/hadoop-yarn-common/2.5.0-cdh5.3.3/9499713b674eae1aa714fcd0e95e0d09daaf3824/hadoop-yarn-common-2.5.0-cdh5.3.3.jar, file:/Users/hpatel/.gradle/caches/modules-2/files-2.1/com.fasterxml.jackson.core/jackson-databind/2.2.3/3ae380888029daefb91d3ecdca3a37d8cb92bc9/jackson-databind-2.2.3.jar, file:/Users/hpatel/.gradle/caches/modules-2/files-2.1/com.fasterxml.jackson.core/jackson-annotations/2.2.3/527fece4f23a457070a36c371a26d6c0208e1c3/jackson-annotations-2.2.3.jar, file:/Users/hpatel/.gradle/caches/modules-2/files-2.1/com.amazonaws/aws-java-sdk/1.7.4/2c24ccb6f1ab845a7df971951d4b41c709a6517d/aws-java-sdk-1.7.4.jar, file:/Users/hpatel/.gradle/caches/modules-2/files-2.1/commons-digester/commons-digester/1.8/dc6a73fdbd1fa3f0944e8497c6c872fa21dca37e/commons-digester-1.8.jar, file:/Users/hpatel/.gradle/caches/modules-2/files-2.1/commons-beanutils/commons-beanutils-core/1.8.0/175dc721f87e4bc5cc0573f990e28c3cf9117508/commons-beanutils-core-1.8.0.jar, file:/Users/hpatel/.gradle/caches/modules-2/files-2.1/xml-apis/xml-apis/1.0.b2/3136ca936f64c9d68529f048c2618bd356bf85c9/xml-apis-1.0.b2.jar, file:/Users/hpatel/.gradle/caches/modules-2/files-2.1/com.thoughtworks.paranamer/paranamer/2.3/4a85963a752c0a2f715c3924bfc686865e7e1bc6/paranamer-2.3.jar, file:/Users/hpatel/.gradle/caches/modules-2/files-2.1/org.xerial.snappy/snappy-java/1.0.5/10cb4550360a0ec6b80f09a5209d00b6058e82bf/snappy-java-1.0.5.jar, file:/Users/hpatel/.gradle/caches/modules-2/files-2.1/org.codehaus.jettison/jettison/1.1/1a01a2a1218fcf9faa2cc2a6ced025bdea687262/jettison-1.1.jar, file:/Users/hpatel/.gradle/caches/modules-2/files-2.1/com.sun.xml.bind/jaxb-impl/2.2.3-1/56baae106392040a45a06d4a41099173425da1e6/jaxb-impl-2.2.3-1.jar, file:/Users/hpatel/.gradle/caches/modules-2/files-2.1/org.apache.directory.server/apacheds-kerberos-codec/2.0.0-M15/1c16e4e477183641c5f0dd5cdecd27ec331bacb5/apacheds-kerberos-codec-2.0.0-M15.jar, file:/Users/hpatel/.gradle/caches/modules-2/files-2.1/org.apache.curator/curator-framework/2.6.0/81a699c39d127b5b4ff97cc77da7650b53e5b5ed/curator-framework-2.6.0.jar, file:/Users/hpatel/.gradle/caches/modules-2/files-2.1/org.tukaani/xz/1.0/ecff5cb8b1189514c9d1d8d68eb77ac372e000c9/xz-1.0.jar, file:/Users/hpatel/.gradle/caches/modules-2/files-2.1/org.apache.hadoop/hadoop-yarn-client/2.5.0-cdh5.3.3/2d2ce5d0138d02b20aefcfc1ee8dd6f691911f63/hadoop-yarn-client-2.5.0-cdh5.3.3.jar, file:/Users/hpatel/.gradle/caches/modules-2/files-2.1/org.apache.hadoop/hadoop-yarn-server-common/2.5.0-cdh5.3.3/d099fcc19f56d477fa6b5b47ae4e06bb97538778/hadoop-yarn-server-common-2.5.0-cdh5.3.3.jar, file:/Users/hpatel/.gradle/caches/modules-2/files-2.1/org.apache.hadoop/hadoop-yarn-server-nodemanager/2.5.0-cdh5.3.3/278b2d7a6454ce57a94ab02a88c0b188afc8facc/hadoop-yarn-server-nodemanager-2.5.0-cdh5.3.3.jar, file:/Users/hpatel/.gradle/caches/modules-2/files-2.1/org.fusesource.leveldbjni/leveldbjni-all/1.8/707350a2eeb1fa2ed77a32ddb3893ed308e941db/leveldbjni-all-1.8.jar, file:/Users/hpatel/.gradle/caches/modules-2/files-2.1/javax.xml.bind/jaxb-api/2.2.2/aeb3021ca93dde265796d82015beecdcff95bf09/jaxb-api-2.2.2.jar, file:/Users/hpatel/.gradle/caches/modules-2/files-2.1/com.google.inject/guice/3.0/9d84f15fe35e2c716a02979fb62f50a29f38aefa/guice-3.0.jar, file:/Users/hpatel/.gradle/caches/modules-2/files-2.1/com.sun.jersey.contribs/jersey-guice/1.9/5963c28c47df7e5d6ad34cec80c071c368777f7b/jersey-guice-1.9.jar, file:/Users/hpatel/.gradle/caches/modules-2/files-2.1/com.fasterxml.jackson.core/jackson-core/2.2.3/1a0113da2cab5f4c216b4e5e7c1dbfaa67087e14/jackson-core-2.2.3.jar, file:/Users/hpatel/.gradle/caches/modules-2/files-2.1/commons-beanutils/commons-beanutils/1.7.0/5675fd96b29656504b86029551973d60fb41339b/commons-beanutils-1.7.0.jar, file:/Users/hpatel/.gradle/caches/modules-2/files-2.1/org.apache.directory.server/apacheds-i18n/2.0.0-M15/71c61c84683152ec2a6a65f3f96fe534e304fa22/apacheds-i18n-2.0.0-M15.jar, file:/Users/hpatel/.gradle/caches/modules-2/files-2.1/org.apache.directory.api/api-asn1-api/1.0.0-M20/5e6486ffa3125ba44dc410ead166e1d6ba8ac76d/api-asn1-api-1.0.0-M20.jar, file:/Users/hpatel/.gradle/caches/modules-2/files-2.1/org.apache.directory.api/api-util/1.0.0-M20/a871abf060b3cf83fc6dc4d7e3d151fce50ac3cb/api-util-1.0.0-M20.jar, file:/Users/hpatel/.gradle/caches/modules-2/files-2.1/com.sun.jersey/jersey-client/1.9/d3c4b2b5f89db32c96ceddcb863684821910a7bb/jersey-client-1.9.jar, file:/Users/hpatel/.gradle/caches/modules-2/files-2.1/javax.xml.stream/stax-api/1.0-2/d6337b0de8b25e53e81b922352fbea9f9f57ba0b/stax-api-1.0-2.jar, file:/Users/hpatel/.gradle/caches/modules-2/files-2.1/javax.activation/activation/1.1/e6cb541461c2834bdea3eb920f1884d1eb508b50/activation-1.1.jar, file:/Users/hpatel/.gradle/caches/modules-2/files-2.1/javax.inject/javax.inject/1/6975da39a7040257bd51d21a231b76c915872d38/javax.inject-1.jar, file:/Users/hpatel/.gradle/caches/modules-2/files-2.1/aopalliance/aopalliance/1.0/235ba8b489512805ac13a8f9ea77a1ca5ebe3e8/aopalliance-1.0.jar, file:/Users/hpatel/.gradle/caches/modules-2/files-2.1/org.sonatype.sisu.inject/cglib/2.2.1-v20090111/7ce5e983fd0e6c78346f4c9cbfa39d83049dda2/cglib-2.2.1-v20090111.jar, file:/Users/hpatel/.gradle/caches/modules-2/files-2.1/asm/asm/3.1/c157def142714c544bdea2e6144645702adf7097/asm-3.1.jar, file:/Users/hpatel/.gradle/caches/modules-2/files-2.1/org.apache.hive/hive-service/0.13.1-cdh5.3.3/c7979b4213bfb62823d43ba726e0fea58032dd1e/hive-service-0.13.1-cdh5.3.3.jar, file:/Users/hpatel/.gradle/caches/modules-2/files-2.1/net.sf.jpam/jpam/1.1/cb3d91c2dfda767518a371dbb02edfd6a4aa0600/jpam-1.1.jar, file:/Users/hpatel/.gradle/caches/modules-2/files-2.1/org.eclipse.jetty.aggregate/jetty-all/7.6.0.v20120127/47bb68e3837e5c6422138dd1e0d4d75c60dce87a/jetty-all-7.6.0.v20120127.jar, file:/Users/hpatel/.gradle/caches/modules-2/files-2.1/org.apache.thrift/libfb303/0.9.0/639bd69767fdbd7f658ce8233248fe1cea635164/libfb303-0.9.0.jar, file:/Users/hpatel/.gradle/caches/modules-2/files-2.1/org.apache.geronimo.specs/geronimo-jta_1.1_spec/1.1.1/aabab3165b8ea936b9360abbf448459c0d04a5a4/geronimo-jta_1.1_spec-1.1.1.jar, file:/Users/hpatel/.gradle/caches/modules-2/files-2.1/javax.mail/mail/1.4.1/8b7bc69010655425dabf091b51d1e90b4de36715/mail-1.4.1.jar, file:/Users/hpatel/.gradle/caches/modules-2/files-2.1/org.apache.geronimo.specs/geronimo-jaspic_1.0_spec/1.0/44b95be7dae1147716dce5336419eafade880756/geronimo-jaspic_1.0_spec-1.0.jar, file:/Users/hpatel/.gradle/caches/modules-2/files-2.1/org.apache.geronimo.specs/geronimo-annotation_1.0_spec/1.1.1/47caa799389f69d297b86bf90523d431599c3796/geronimo-annotation_1.0_spec-1.1.1.jar, file:/Users/hpatel/.gradle/caches/modules-2/files-2.1/asm/asm-commons/3.1/1b607fbfe7889c6fdff1b7c16439ade0a60869ac/asm-commons-3.1.jar, file:/Users/hpatel/.gradle/caches/modules-2/files-2.1/asm/asm-tree/3.1/c9a5d4334ddf194ea492f22107d45119a5c5322f/asm-tree-3.1.jar, file:/Users/hpatel/.gradle/caches/modules-2/files-2.1/commons-lang/commons-lang/2.6/ce1edb914c94ebc388f086c6827e8bdeec71ac2/commons-lang-2.6.jar, file:/Users/hpatel/.gradle/caches/modules-2/files-2.1/org.mortbay.jetty/jetty/6.1.26.cloudera.4/d59325a5ff8ff18f7543bc3fbb9d5efa0c0ff521/jetty-6.1.26.cloudera.4.jar, file:/Users/hpatel/.gradle/caches/modules-2/files-2.1/org.mortbay.jetty/jetty-util/6.1.26.cloudera.4/b8507b7c5d3fd9a3d01775272cbf1a63f530c19d/jetty-util-6.1.26.cloudera.4.jar, file:/Users/hpatel/.gradle/caches/modules-2/files-2.1/net.java.dev.jets3t/jets3t/0.9.0/792bc96ee7e57b89f472aa0cb5a31015b9f59c96/jets3t-0.9.0.jar, file:/Users/hpatel/.gradle/caches/modules-2/files-2.1/com.jamesmurty.utils/java-xmlbuilder/0.4/ac5962e48cdee3a0a6e1f8e00fcb594747ac5aaf/java-xmlbuilder-0.4.jar, file:/Users/hpatel/.gradle/caches/modules-2/files-2.1/com.google.protobuf/protobuf-java/2.5.0/a10732c76bfacdbd633a7eb0f7968b1059a65dfa/protobuf-java-2.5.0.jar, file:/Users/hpatel/.gradle/caches/modules-2/files-2.1/org.apache.hive/hive-exec/0.13.1-cdh5.3.3/4d935274127f47dd9c0875efcf317ba49aef1219/hive-exec-0.13.1-cdh5.3.3.jar, file:/Users/hpatel/.gradle/caches/modules-2/files-2.1/org.apache.hive/hive-ant/0.13.1-cdh5.3.3/86954e92a903253177cd6935798c50a6c32b7b81/hive-ant-0.13.1-cdh5.3.3.jar, file:/Users/hpatel/.gradle/caches/modules-2/files-2.1/org.antlr/antlr-runtime/3.4/8f011408269a8e42b8548687e137d8eeb56df4b4/antlr-runtime-3.4.jar, file:/Users/hpatel/.gradle/caches/modules-2/files-2.1/org.antlr/ST4/4.0.4/467a2aa12be6d0f0f68c70eecf6714ab733027ac/ST4-4.0.4.jar, file:/Users/hpatel/.gradle/caches/modules-2/files-2.1/org.apache.ant/ant/1.9.1/35900c96dbebc85dcfbd71f4661059ebcf93c077/ant-1.9.1.jar, file:/Users/hpatel/.gradle/caches/modules-2/files-2.1/org.codehaus.groovy/groovy-all/2.1.6/165b8246372a829c1915611646f6d964010656cf/groovy-all-2.1.6.jar, file:/Users/hpatel/.gradle/caches/modules-2/files-2.1/stax/stax-api/1.0.1/49c100caf72d658aca8e58bd74a4ba90fa2b0d70/stax-api-1.0.1.jar, file:/Users/hpatel/.gradle/caches/modules-2/files-2.1/org.apache.velocity/velocity/1.5/9f306baf7523ffc0e81a6353d08a584d254133b/velocity-1.5.jar, file:/Users/hpatel/.gradle/caches/modules-2/files-2.1/org.antlr/stringtemplate/3.2.1/59ec8083721eae215c6f3caee944c410d2be34de/stringtemplate-3.2.1.jar, file:/Users/hpatel/.gradle/caches/modules-2/files-2.1/antlr/antlr/2.7.7/83cd2cd674a217ade95a4bb83a8a14f351f48bd0/antlr-2.7.7.jar, file:/Users/hpatel/.gradle/caches/modules-2/files-2.1/org.apache.ant/ant-launcher/1.9.1/7c71043ca185eaada9e36391dd022d92859327de/ant-launcher-1.9.1.jar, file:/Users/hpatel/.gradle/caches/modules-2/files-2.1/oro/oro/2.0.8/5592374f834645c4ae250f4c9fbb314c9369d698/oro-2.0.8.jar, file:/Users/hpatel/.gradle/caches/modules-2/files-2.1/org.codehaus.jackson/jackson-core-asl/1.9.13/3c304d70f42f832e0a86d45bd437f692129299a4/jackson-core-asl-1.9.13.jar, file:/Users/hpatel/.gradle/caches/modules-2/files-2.1/org.codehaus.jackson/jackson-mapper-asl/1.9.13/1ee2f2bed0e5dd29d1cb155a166e6f8d50bbddb7/jackson-mapper-asl-1.9.13.jar, file:/Users/hpatel/.gradle/caches/modules-2/files-2.1/org.slf4j/slf4j-api/1.7.6/562424e36df3d2327e8e9301a76027fca17d54ea/slf4j-api-1.7.6.jar, file:/Users/hpatel/.gradle/caches/modules-2/files-2.1/com.sun.jersey/jersey-server/1.14/b1a21724c9b708ed54d42d41bb19ff45ae1d49d9/jersey-server-1.14.jar, file:/Users/hpatel/.gradle/caches/modules-2/files-2.1/org.apache.httpcomponents/httpclient/4.2.5/666e26e76f2e87d84e4f16acb546481ae1b8e9a6/httpclient-4.2.5.jar, file:/Users/hpatel/.gradle/caches/modules-2/files-2.1/org.apache.zookeeper/zookeeper/3.4.6/1b2502e29da1ebaade2357cd1de35a855fa3755/zookeeper-3.4.6.jar, file:/Users/hpatel/.gradle/caches/modules-2/files-2.1/com.google.guava/guava/16.0.1/5fa98cd1a63c99a44dd8d3b77e4762b066a5d0c5/guava-16.0.1.jar, file:/Users/hpatel/.gradle/caches/modules-2/files-2.1/org.codehaus.jackson/jackson-jaxrs/1.8.8/71b16055388e9bd3991c3c3834e8e55098b789f1/jackson-jaxrs-1.8.8.jar, file:/Users/hpatel/.gradle/caches/modules-2/files-2.1/org.codehaus.jackson/jackson-xc/1.8.8/52efa08bc1e4cfea168f552b9e3088297d9d0926/jackson-xc-1.8.8.jar, file:/Users/hpatel/.gradle/caches/modules-2/files-2.1/org.apache.hive/hive-metastore/0.13.1-cdh5.3.3/ca93686a17f064a5ab6587799721cddd7836e53a/hive-metastore-0.13.1-cdh5.3.3.jar, file:/Users/hpatel/.gradle/caches/modules-2/files-2.1/com.jolbox/bonecp/0.8.0.RELEASE/cec24ee9345b3678472bb1b8fdd6aa6b9428beb8/bonecp-0.8.0.RELEASE.jar, file:/Users/hpatel/.gradle/caches/modules-2/files-2.1/org.apache.derby/derby/10.10.1.1/9f6f910f0373adc1b23c10f9b4bb151b7e7449f/derby-10.10.1.1.jar, file:/Users/hpatel/.gradle/caches/modules-2/files-2.1/javax.jdo/jdo-api/3.0.1/58e7a538e020b73871e232eeb064835fd98a492/jdo-api-3.0.1.jar, file:/Users/hpatel/.gradle/caches/modules-2/files-2.1/javax.transaction/jta/1.1/2ca09f0b36ca7d71b762e14ea2ff09d5eac57558/jta-1.1.jar, file:/Users/hpatel/.gradle/caches/modules-2/files-2.1/org.apache.thrift/libthrift/0.9.0/9ba8df332b5db95ce7f3b7a83e44d796c3d014d3/libthrift-0.9.0.jar, file:/Users/hpatel/.gradle/caches/modules-2/files-2.1/org.apache.httpcomponents/httpcore/4.2.4/3b7f38df6de5dd8b500e602ae8c2dd5ee446f883/httpcore-4.2.4.jar, file:/Users/hpatel/.gradle/caches/modules-2/files-2.1/com.sun.jersey/jersey-core/1.14/693061de8b9b352b11e997b1dd4052677778852d/jersey-core-1.14.jar, file:/Users/hpatel/.gradle/caches/modules-2/files-2.1/commons-codec/commons-codec/1.6/b7f0fc8f61ecadeb3695f0b9464755eee44374d4/commons-codec-1.6.jar, file:/Users/hpatel/.gradle/caches/modules-2/files-2.1/io.netty/netty/3.7.0.Final/7a8c35599c68c0bf383df74469aa3e03d9aca87/netty-3.7.0.Final.jar]
15/09/06 13:13:55 INFO mr.ExecMapper: thread classpath = [file:/Users/hpatel/.gradle/caches/2.1/workerMain/gradle-worker.jar, file:/Users/hpatel/Tech/Projects/CAT/ddsw_dev/hive-test/build/classes/test/, file:/Users/hpatel/Tech/Projects/CAT/ddsw_dev/hive-test/build/resources/test/, file:/Users/hpatel/Tech/Projects/CAT/ddsw_dev/hive-test/build/classes/main/, file:/Users/hpatel/Tech/Projects/CAT/ddsw_dev/hive-test/build/resources/main, file:/Users/hpatel/.gradle/caches/modules-2/files-2.1/junit/junit/4.11/4e031bb61df09069aeb2bffb4019e7a5034a4ee0/junit-4.11.jar, file:/Users/hpatel/.gradle/caches/modules-2/files-2.1/com.klarna/hiverunner/1.0.0/e26bb0655fff4d88fab91f331793d9fc1db392cc/HiveRunner-1.0.0.jar, file:/Users/hpatel/Tech/Projects/CAT/ddsw_dev/custom-cat-udfs/build/libs/custom-cat-udfs-0.1.38-SNAPSHOT.jar, file:/Users/hpatel/.gradle/caches/modules-2/files-2.1/org.apache.hadoop/hadoop-client/2.5.0-cdh5.3.3/ec3cd6a8cb043e73a42918934c5d3a3f2747c78b/hadoop-client-2.5.0-cdh5.3.3.jar, file:/Users/hpatel/.gradle/caches/modules-2/files-2.1/org.hsqldb/hsqldb/2.3.1/bd7153caa30958e1c64a3dd38b93e5a7442d9a0e/hsqldb-2.3.1.jar, file:/Users/hpatel/.gradle/caches/modules-2/files-2.1/org.apache.hadoop/hadoop-core/2.5.0-mr1-cdh5.3.3/f6f4a77f818757da51ae0244310855779c04c4be/hadoop-core-2.5.0-mr1-cdh5.3.3.jar, file:/Users/hpatel/.gradle/caches/modules-2/files-2.1/org.reflections/reflections/0.9.8/f723abb59bf512952bfc503838f70f81487a6993/reflections-0.9.8.jar, file:/Users/hpatel/.gradle/caches/modules-2/files-2.1/org.mockito/mockito-core/1.10.19/e8546f5bef4e061d8dd73895b4e8f40e3fe6effe/mockito-core-1.10.19.jar, file:/Users/hpatel/.gradle/caches/modules-2/files-2.1/org.hamcrest/hamcrest-core/1.3/42a25dc3219429f0e5d060061f71acb49bf010a0/hamcrest-core-1.3.jar, file:/Users/hpatel/.gradle/caches/modules-2/files-2.1/org.pentaho/pentaho-aggdesigner-algorithm/5.1.5-jhyde/c52379c645c6c85300e645dff7c72653bf85baa2/pentaho-aggdesigner-algorithm-5.1.5-jhyde.jar, file:/Users/hpatel/.gradle/caches/modules-2/files-2.1/org.apache.hive/hive-serde/0.13.1-cdh5.3.3/9cee47c844d726e9bcef6ab292e1319b7fbddaa3/hive-serde-0.13.1-cdh5.3.3.jar, file:/Users/hpatel/.gradle/caches/modules-2/files-2.1/org.apache.hadoop/hadoop-common/2.5.0-cdh5.3.3/f0862eb1dc33c1807ea29a248af75551e3c6836a/hadoop-common-2.5.0-cdh5.3.3.jar, file:/Users/hpatel/.gradle/caches/modules-2/files-2.1/org.apache.hive/hive-contrib/0.13.1-cdh5.3.3/bf89b429c9b173ac275dc0c1623f5c30e780ee98/hive-contrib-0.13.1-cdh5.3.3.jar, file:/Users/hpatel/.gradle/caches/modules-2/files-2.1/org.datanucleus/datanucleus-core/3.2.12/3212183bb5a2826cd5ff194b9a54619dd0bdf31f/datanucleus-core-3.2.12.jar, file:/Users/hpatel/.gradle/caches/modules-2/files-2.1/org.datanucleus/datanucleus-rdbms/3.2.11/5b053144c89fdff1505b853aa7f1e5ba7657da75/datanucleus-rdbms-3.2.11.jar, file:/Users/hpatel/.gradle/caches/modules-2/files-2.1/org.datanucleus/datanucleus-api-jdo/3.2.8/efc60221fbc91e95cf5758b98c6c5531660696cb/datanucleus-api-jdo-3.2.8.jar, file:/Users/hpatel/.gradle/caches/modules-2/files-2.1/org.apache.hive/hive-shims/0.13.1-cdh5.3.3/47b029532c0b9d45526dcdd858823e6f9634ab81/hive-shims-0.13.1-cdh5.3.3.jar, file:/Users/hpatel/.gradle/caches/modules-2/files-2.1/org.apache.commons/commons-lang3/3.3.1/6738a2da2202ce360f0af90aba005c1e05a2c4cd/commons-lang3-3.3.1.jar, file:/Users/hpatel/.gradle/caches/modules-2/files-2.1/joda-time/joda-time/2.3/56498efd17752898cfcc3868c1b6211a07b12b8f/joda-time-2.3.jar, file:/Users/hpatel/.gradle/caches/modules-2/files-2.1/org.apache.hadoop/hadoop-hdfs/2.5.0-cdh5.3.3/5dd5e2be13d89a9eaab89d3a33bcdf6677671aa9/hadoop-hdfs-2.5.0-cdh5.3.3.jar, file:/Users/hpatel/.gradle/caches/modules-2/files-2.1/org.apache.hadoop/hadoop-mapreduce-client-app/2.5.0-cdh5.3.3/579948f8fa6d9d72bf507bd021fa3dcc0670e95f/hadoop-mapreduce-client-app-2.5.0-cdh5.3.3.jar, file:/Users/hpatel/.gradle/caches/modules-2/files-2.1/org.apache.hadoop/hadoop-yarn-api/2.5.0-cdh5.3.3/a6d9b4b7cbcacd000350a3e33c70269101b5fc79/hadoop-yarn-api-2.5.0-cdh5.3.3.jar, file:/Users/hpatel/.gradle/caches/modules-2/files-2.1/org.apache.hadoop/hadoop-mapreduce-client-core/2.5.0-cdh5.3.3/f2c8eaa2b8a5839a7781f04cf59c4d1abfefec9e/hadoop-mapreduce-client-core-2.5.0-cdh5.3.3.jar, file:/Users/hpatel/.gradle/caches/modules-2/files-2.1/org.apache.hadoop/hadoop-mapreduce-client-jobclient/2.5.0-cdh5.3.3/f8baecab9a91245a97e29e4867a7f5ae128ef8a9/hadoop-mapreduce-client-jobclient-2.5.0-cdh5.3.3.jar, file:/Users/hpatel/.gradle/caches/modules-2/files-2.1/org.apache.hadoop/hadoop-aws/2.5.0-cdh5.3.3/f712d9cf59c859914254bed5c87ee4e5a2204e78/hadoop-aws-2.5.0-cdh5.3.3.jar, file:/Users/hpatel/.gradle/caches/modules-2/files-2.1/org.apache.hadoop/hadoop-annotations/2.5.0-cdh5.3.3/e3b40743127d82ff7a6f263d00419368a46ce608/hadoop-annotations-2.5.0-cdh5.3.3.jar, file:/Users/hpatel/.gradle/caches/modules-2/files-2.1/commons-collections/commons-collections/3.2.1/761ea405b9b37ced573d2df0d1e3a4e0f9edc668/commons-collections-3.2.1.jar, file:/Users/hpatel/.gradle/caches/modules-2/files-2.1/commons-configuration/commons-configuration/1.6/32cadde23955d7681b0d94a2715846d20b425235/commons-configuration-1.6.jar, file:/Users/hpatel/.gradle/caches/modules-2/files-2.1/jline/jline/0.9.94/99a18e9a44834afdebc467294e1138364c207402/jline-0.9.94.jar, file:/Users/hpatel/.gradle/caches/modules-2/files-2.1/commons-cli/commons-cli/1.2/2bf96b7aa8b611c177d329452af1dc933e14501c/commons-cli-1.2.jar, file:/Users/hpatel/.gradle/caches/modules-2/files-2.1/xmlenc/xmlenc/0.52/d82554efbe65906d83b3d97bd7509289e9db561a/xmlenc-0.52.jar, file:/Users/hpatel/.gradle/caches/modules-2/files-2.1/commons-httpclient/commons-httpclient/3.1/964cd74171f427720480efdec40a7c7f6e58426a/commons-httpclient-3.1.jar, file:/Users/hpatel/.gradle/caches/modules-2/files-2.1/commons-net/commons-net/3.1/2298164a7c2484406f2aa5ac85b205d39019896f/commons-net-3.1.jar, file:/Users/hpatel/.gradle/caches/modules-2/files-2.1/tomcat/jasper-runtime/5.5.23/96ca5528a93ab47b001476b74320c644beb89dde/jasper-runtime-5.5.23.jar, file:/Users/hpatel/.gradle/caches/modules-2/files-2.1/tomcat/jasper-compiler/5.5.23/6d35bd7fb8c4fbc1f5401fb3678aa976d2e4c241/jasper-compiler-5.5.23.jar, file:/Users/hpatel/.gradle/caches/modules-2/files-2.1/javax.servlet.jsp/jsp-api/2.1/63f943103f250ef1f3a4d5e94d145a0f961f5316/jsp-api-2.1.jar, file:/Users/hpatel/.gradle/caches/modules-2/files-2.1/commons-el/commons-el/1.0/1df2c042b3f2de0124750241ac6c886dbfa2cc2c/commons-el-1.0.jar, file:/Users/hpatel/.gradle/caches/modules-2/files-2.1/javax.servlet/servlet-api/2.5/5959582d97d8b61f4d154ca9e495aafd16726e34/servlet-api-2.5.jar, file:/Users/hpatel/.gradle/caches/modules-2/files-2.1/hsqldb/hsqldb/1.8.0.10/7e9978fdb754bce5fcd5161133e7734ecb683036/hsqldb-1.8.0.10.jar, file:/Users/hpatel/.gradle/caches/modules-2/files-2.1/org.eclipse.jdt/core/3.1.1/88c83ce444cf46d02494da37c9fa1eebc9ce9cea/core-3.1.1.jar, file:/Users/hpatel/.gradle/caches/modules-2/files-2.1/javassist/javassist/3.12.1.GA/526633327faa61aee448a519e8a4d53ec3057885/javassist-3.12.1.GA.jar, file:/Users/hpatel/.gradle/caches/modules-2/files-2.1/dom4j/dom4j/1.6.1/5d3ccc056b6f056dbf0dddfdf43894b9065a8f94/dom4j-1.6.1.jar, file:/Users/hpatel/.gradle/caches/modules-2/files-2.1/org.objenesis/objenesis/2.1/87c0ea803b69252868d09308b4618f766f135a96/objenesis-2.1.jar, file:/Users/hpatel/.gradle/caches/modules-2/files-2.1/commons-logging/commons-logging/1.1.3/f6f66e966c70a83ffbdb6f17a0919eaf7c8aca7f/commons-logging-1.1.3.jar, file:/Users/hpatel/.gradle/caches/modules-2/files-2.1/org.apache.hive/hive-common/0.13.1-cdh5.3.3/e3fbf24d30a553c50ae4d4eed23f81b0e1211c5a/hive-common-0.13.1-cdh5.3.3.jar, file:/Users/hpatel/.gradle/caches/modules-2/files-2.1/org.apache.avro/avro/1.7.6-cdh5.3.3/6d90271293977d199ed07002bf35e2805405cc64/avro-1.7.6-cdh5.3.3.jar, file:/Users/hpatel/.gradle/caches/modules-2/files-2.1/net.sf.opencsv/opencsv/2.3/c23708cdb9e80a144db433e23344a788a1fd6599/opencsv-2.3.jar, file:/Users/hpatel/.gradle/caches/modules-2/files-2.1/com.sun.jersey/jersey-servlet/1.14/4b87041a59ee152757b62e47a21d5b63fde20ffe/jersey-servlet-1.14.jar, file:/Users/hpatel/.gradle/caches/modules-2/files-2.1/org.slf4j/slf4j-log4j12/1.7.5/6edffc576ce104ec769d954618764f39f0f0f10d/slf4j-log4j12-1.7.5.jar, file:/Users/hpatel/.gradle/caches/modules-2/files-2.1/org.apache.commons/commons-math3/3.1.1/6719d757a98ff24a83d9d727bef9cec83f59b6e1/commons-math3-3.1.1.jar, file:/Users/hpatel/.gradle/caches/modules-2/files-2.1/commons-io/commons-io/2.4/b1b6ea3b7e4aa4f492509a4952029cd8e48019ad/commons-io-2.4.jar, file:/Users/hpatel/.gradle/caches/modules-2/files-2.1/com.sun.jersey/jersey-json/1.9/1aa73e1896bcc7013fed247157d7f676226eb432/jersey-json-1.9.jar, file:/Users/hpatel/.gradle/caches/modules-2/files-2.1/log4j/log4j/1.2.17/5af35056b4d257e4b64b9e8069c0746e8b08629f/log4j-1.2.17.jar, file:/Users/hpatel/.gradle/caches/modules-2/files-2.1/com.google.code.gson/gson/2.2.4/a60a5e993c98c864010053cb901b7eab25306568/gson-2.2.4.jar, file:/Users/hpatel/.gradle/caches/modules-2/files-2.1/org.apache.hadoop/hadoop-auth/2.5.0-cdh5.3.3/847eb288da72acfdd7d202da5149dec6cd20ceba/hadoop-auth-2.5.0-cdh5.3.3.jar, file:/Users/hpatel/.gradle/caches/modules-2/files-2.1/com.jcraft/jsch/0.1.42/a86104b0f2e0c0bab5b0df836065823a99b5e334/jsch-0.1.42.jar, file:/Users/hpatel/.gradle/caches/modules-2/files-2.1/org.apache.curator/curator-client/2.6.0/b9007c357ad1a78066fc6004e8b1feaa2318f6f3/curator-client-2.6.0.jar, file:/Users/hpatel/.gradle/caches/modules-2/files-2.1/org.apache.curator/curator-recipes/2.6.0/8736b0fc42e6bf006d585fe85c90aaa4ade5cbef/curator-recipes-2.6.0.jar, file:/Users/hpatel/.gradle/caches/modules-2/files-2.1/com.google.code.findbugs/jsr305/1.3.9/40719ea6961c0cb6afaeb6a921eaa1f6afd4cfdf/jsr305-1.3.9.jar, file:/Users/hpatel/.gradle/caches/modules-2/files-2.1/org.apache.commons/commons-compress/1.4.1/b02e84a993d88568417536240e970c4b809126fd/commons-compress-1.4.1.jar, file:/Users/hpatel/.gradle/caches/modules-2/files-2.1/org.apache.hive.shims/hive-shims-common/0.13.1-cdh5.3.3/3d9e5245018fbde18f52c4ab25fc35afdec2fc0a/hive-shims-common-0.13.1-cdh5.3.3.jar, file:/Users/hpatel/.gradle/caches/modules-2/files-2.1/org.apache.hive.shims/hive-shims-common-secure/0.13.1-cdh5.3.3/6b29a16b2a41b89bdbbc681c257ad7f766a90bcb/hive-shims-common-secure-0.13.1-cdh5.3.3.jar, file:/Users/hpatel/.gradle/caches/modules-2/files-2.1/org.apache.hive.shims/hive-shims-0.23/0.13.1-cdh5.3.3/7ab834955a767af200d1d9151c204751637d9ca9/hive-shims-0.23-0.13.1-cdh5.3.3.jar, file:/Users/hpatel/.gradle/caches/modules-2/files-2.1/org.apache.hive.shims/hive-shims-scheduler/0.13.1-cdh5.3.3/b6644420b74f936a838f7f3fd2fa19c19add0449/hive-shims-scheduler-0.13.1-cdh5.3.3.jar, file:/Users/hpatel/.gradle/caches/modules-2/files-2.1/org.apache.hadoop/hadoop-mapreduce-client-common/2.5.0-cdh5.3.3/f0d777bb76ca9f540c0c81a45934f0f5cf9975b8/hadoop-mapreduce-client-common-2.5.0-cdh5.3.3.jar, file:/Users/hpatel/.gradle/caches/modules-2/files-2.1/org.apache.hadoop/hadoop-mapreduce-client-shuffle/2.5.0-cdh5.3.3/b6c4316f6fcc406edf7e5bd77c50e46034ad5519/hadoop-mapreduce-client-shuffle-2.5.0-cdh5.3.3.jar, file:/Users/hpatel/.gradle/caches/modules-2/files-2.1/org.apache.hadoop/hadoop-yarn-common/2.5.0-cdh5.3.3/9499713b674eae1aa714fcd0e95e0d09daaf3824/hadoop-yarn-common-2.5.0-cdh5.3.3.jar, file:/Users/hpatel/.gradle/caches/modules-2/files-2.1/com.fasterxml.jackson.core/jackson-databind/2.2.3/3ae380888029daefb91d3ecdca3a37d8cb92bc9/jackson-databind-2.2.3.jar, file:/Users/hpatel/.gradle/caches/modules-2/files-2.1/com.fasterxml.jackson.core/jackson-annotations/2.2.3/527fece4f23a457070a36c371a26d6c0208e1c3/jackson-annotations-2.2.3.jar, file:/Users/hpatel/.gradle/caches/modules-2/files-2.1/com.amazonaws/aws-java-sdk/1.7.4/2c24ccb6f1ab845a7df971951d4b41c709a6517d/aws-java-sdk-1.7.4.jar, file:/Users/hpatel/.gradle/caches/modules-2/files-2.1/commons-digester/commons-digester/1.8/dc6a73fdbd1fa3f0944e8497c6c872fa21dca37e/commons-digester-1.8.jar, file:/Users/hpatel/.gradle/caches/modules-2/files-2.1/commons-beanutils/commons-beanutils-core/1.8.0/175dc721f87e4bc5cc0573f990e28c3cf9117508/commons-beanutils-core-1.8.0.jar, file:/Users/hpatel/.gradle/caches/modules-2/files-2.1/xml-apis/xml-apis/1.0.b2/3136ca936f64c9d68529f048c2618bd356bf85c9/xml-apis-1.0.b2.jar, file:/Users/hpatel/.gradle/caches/modules-2/files-2.1/com.thoughtworks.paranamer/paranamer/2.3/4a85963a752c0a2f715c3924bfc686865e7e1bc6/paranamer-2.3.jar, file:/Users/hpatel/.gradle/caches/modules-2/files-2.1/org.xerial.snappy/snappy-java/1.0.5/10cb4550360a0ec6b80f09a5209d00b6058e82bf/snappy-java-1.0.5.jar, file:/Users/hpatel/.gradle/caches/modules-2/files-2.1/org.codehaus.jettison/jettison/1.1/1a01a2a1218fcf9faa2cc2a6ced025bdea687262/jettison-1.1.jar, file:/Users/hpatel/.gradle/caches/modules-2/files-2.1/com.sun.xml.bind/jaxb-impl/2.2.3-1/56baae106392040a45a06d4a41099173425da1e6/jaxb-impl-2.2.3-1.jar, file:/Users/hpatel/.gradle/caches/modules-2/files-2.1/org.apache.directory.server/apacheds-kerberos-codec/2.0.0-M15/1c16e4e477183641c5f0dd5cdecd27ec331bacb5/apacheds-kerberos-codec-2.0.0-M15.jar, file:/Users/hpatel/.gradle/caches/modules-2/files-2.1/org.apache.curator/curator-framework/2.6.0/81a699c39d127b5b4ff97cc77da7650b53e5b5ed/curator-framework-2.6.0.jar, file:/Users/hpatel/.gradle/caches/modules-2/files-2.1/org.tukaani/xz/1.0/ecff5cb8b1189514c9d1d8d68eb77ac372e000c9/xz-1.0.jar, file:/Users/hpatel/.gradle/caches/modules-2/files-2.1/org.apache.hadoop/hadoop-yarn-client/2.5.0-cdh5.3.3/2d2ce5d0138d02b20aefcfc1ee8dd6f691911f63/hadoop-yarn-client-2.5.0-cdh5.3.3.jar, file:/Users/hpatel/.gradle/caches/modules-2/files-2.1/org.apache.hadoop/hadoop-yarn-server-common/2.5.0-cdh5.3.3/d099fcc19f56d477fa6b5b47ae4e06bb97538778/hadoop-yarn-server-common-2.5.0-cdh5.3.3.jar, file:/Users/hpatel/.gradle/caches/modules-2/files-2.1/org.apache.hadoop/hadoop-yarn-server-nodemanager/2.5.0-cdh5.3.3/278b2d7a6454ce57a94ab02a88c0b188afc8facc/hadoop-yarn-server-nodemanager-2.5.0-cdh5.3.3.jar, file:/Users/hpatel/.gradle/caches/modules-2/files-2.1/org.fusesource.leveldbjni/leveldbjni-all/1.8/707350a2eeb1fa2ed77a32ddb3893ed308e941db/leveldbjni-all-1.8.jar, file:/Users/hpatel/.gradle/caches/modules-2/files-2.1/javax.xml.bind/jaxb-api/2.2.2/aeb3021ca93dde265796d82015beecdcff95bf09/jaxb-api-2.2.2.jar, file:/Users/hpatel/.gradle/caches/modules-2/files-2.1/com.google.inject/guice/3.0/9d84f15fe35e2c716a02979fb62f50a29f38aefa/guice-3.0.jar, file:/Users/hpatel/.gradle/caches/modules-2/files-2.1/com.sun.jersey.contribs/jersey-guice/1.9/5963c28c47df7e5d6ad34cec80c071c368777f7b/jersey-guice-1.9.jar, file:/Users/hpatel/.gradle/caches/modules-2/files-2.1/com.fasterxml.jackson.core/jackson-core/2.2.3/1a0113da2cab5f4c216b4e5e7c1dbfaa67087e14/jackson-core-2.2.3.jar, file:/Users/hpatel/.gradle/caches/modules-2/files-2.1/commons-beanutils/commons-beanutils/1.7.0/5675fd96b29656504b86029551973d60fb41339b/commons-beanutils-1.7.0.jar, file:/Users/hpatel/.gradle/caches/modules-2/files-2.1/org.apache.directory.server/apacheds-i18n/2.0.0-M15/71c61c84683152ec2a6a65f3f96fe534e304fa22/apacheds-i18n-2.0.0-M15.jar, file:/Users/hpatel/.gradle/caches/modules-2/files-2.1/org.apache.directory.api/api-asn1-api/1.0.0-M20/5e6486ffa3125ba44dc410ead166e1d6ba8ac76d/api-asn1-api-1.0.0-M20.jar, file:/Users/hpatel/.gradle/caches/modules-2/files-2.1/org.apache.directory.api/api-util/1.0.0-M20/a871abf060b3cf83fc6dc4d7e3d151fce50ac3cb/api-util-1.0.0-M20.jar, file:/Users/hpatel/.gradle/caches/modules-2/files-2.1/com.sun.jersey/jersey-client/1.9/d3c4b2b5f89db32c96ceddcb863684821910a7bb/jersey-client-1.9.jar, file:/Users/hpatel/.gradle/caches/modules-2/files-2.1/javax.xml.stream/stax-api/1.0-2/d6337b0de8b25e53e81b922352fbea9f9f57ba0b/stax-api-1.0-2.jar, file:/Users/hpatel/.gradle/caches/modules-2/files-2.1/javax.activation/activation/1.1/e6cb541461c2834bdea3eb920f1884d1eb508b50/activation-1.1.jar, file:/Users/hpatel/.gradle/caches/modules-2/files-2.1/javax.inject/javax.inject/1/6975da39a7040257bd51d21a231b76c915872d38/javax.inject-1.jar, file:/Users/hpatel/.gradle/caches/modules-2/files-2.1/aopalliance/aopalliance/1.0/235ba8b489512805ac13a8f9ea77a1ca5ebe3e8/aopalliance-1.0.jar, file:/Users/hpatel/.gradle/caches/modules-2/files-2.1/org.sonatype.sisu.inject/cglib/2.2.1-v20090111/7ce5e983fd0e6c78346f4c9cbfa39d83049dda2/cglib-2.2.1-v20090111.jar, file:/Users/hpatel/.gradle/caches/modules-2/files-2.1/asm/asm/3.1/c157def142714c544bdea2e6144645702adf7097/asm-3.1.jar, file:/Users/hpatel/.gradle/caches/modules-2/files-2.1/org.apache.hive/hive-service/0.13.1-cdh5.3.3/c7979b4213bfb62823d43ba726e0fea58032dd1e/hive-service-0.13.1-cdh5.3.3.jar, file:/Users/hpatel/.gradle/caches/modules-2/files-2.1/net.sf.jpam/jpam/1.1/cb3d91c2dfda767518a371dbb02edfd6a4aa0600/jpam-1.1.jar, file:/Users/hpatel/.gradle/caches/modules-2/files-2.1/org.eclipse.jetty.aggregate/jetty-all/7.6.0.v20120127/47bb68e3837e5c6422138dd1e0d4d75c60dce87a/jetty-all-7.6.0.v20120127.jar, file:/Users/hpatel/.gradle/caches/modules-2/files-2.1/org.apache.thrift/libfb303/0.9.0/639bd69767fdbd7f658ce8233248fe1cea635164/libfb303-0.9.0.jar, file:/Users/hpatel/.gradle/caches/modules-2/files-2.1/org.apache.geronimo.specs/geronimo-jta_1.1_spec/1.1.1/aabab3165b8ea936b9360abbf448459c0d04a5a4/geronimo-jta_1.1_spec-1.1.1.jar, file:/Users/hpatel/.gradle/caches/modules-2/files-2.1/javax.mail/mail/1.4.1/8b7bc69010655425dabf091b51d1e90b4de36715/mail-1.4.1.jar, file:/Users/hpatel/.gradle/caches/modules-2/files-2.1/org.apache.geronimo.specs/geronimo-jaspic_1.0_spec/1.0/44b95be7dae1147716dce5336419eafade880756/geronimo-jaspic_1.0_spec-1.0.jar, file:/Users/hpatel/.gradle/caches/modules-2/files-2.1/org.apache.geronimo.specs/geronimo-annotation_1.0_spec/1.1.1/47caa799389f69d297b86bf90523d431599c3796/geronimo-annotation_1.0_spec-1.1.1.jar, file:/Users/hpatel/.gradle/caches/modules-2/files-2.1/asm/asm-commons/3.1/1b607fbfe7889c6fdff1b7c16439ade0a60869ac/asm-commons-3.1.jar, file:/Users/hpatel/.gradle/caches/modules-2/files-2.1/asm/asm-tree/3.1/c9a5d4334ddf194ea492f22107d45119a5c5322f/asm-tree-3.1.jar, file:/Users/hpatel/.gradle/caches/modules-2/files-2.1/commons-lang/commons-lang/2.6/ce1edb914c94ebc388f086c6827e8bdeec71ac2/commons-lang-2.6.jar, file:/Users/hpatel/.gradle/caches/modules-2/files-2.1/org.mortbay.jetty/jetty/6.1.26.cloudera.4/d59325a5ff8ff18f7543bc3fbb9d5efa0c0ff521/jetty-6.1.26.cloudera.4.jar, file:/Users/hpatel/.gradle/caches/modules-2/files-2.1/org.mortbay.jetty/jetty-util/6.1.26.cloudera.4/b8507b7c5d3fd9a3d01775272cbf1a63f530c19d/jetty-util-6.1.26.cloudera.4.jar, file:/Users/hpatel/.gradle/caches/modules-2/files-2.1/net.java.dev.jets3t/jets3t/0.9.0/792bc96ee7e57b89f472aa0cb5a31015b9f59c96/jets3t-0.9.0.jar, file:/Users/hpatel/.gradle/caches/modules-2/files-2.1/com.jamesmurty.utils/java-xmlbuilder/0.4/ac5962e48cdee3a0a6e1f8e00fcb594747ac5aaf/java-xmlbuilder-0.4.jar, file:/Users/hpatel/.gradle/caches/modules-2/files-2.1/com.google.protobuf/protobuf-java/2.5.0/a10732c76bfacdbd633a7eb0f7968b1059a65dfa/protobuf-java-2.5.0.jar, file:/Users/hpatel/.gradle/caches/modules-2/files-2.1/org.apache.hive/hive-exec/0.13.1-cdh5.3.3/4d935274127f47dd9c0875efcf317ba49aef1219/hive-exec-0.13.1-cdh5.3.3.jar, file:/Users/hpatel/.gradle/caches/modules-2/files-2.1/org.apache.hive/hive-ant/0.13.1-cdh5.3.3/86954e92a903253177cd6935798c50a6c32b7b81/hive-ant-0.13.1-cdh5.3.3.jar, file:/Users/hpatel/.gradle/caches/modules-2/files-2.1/org.antlr/antlr-runtime/3.4/8f011408269a8e42b8548687e137d8eeb56df4b4/antlr-runtime-3.4.jar, file:/Users/hpatel/.gradle/caches/modules-2/files-2.1/org.antlr/ST4/4.0.4/467a2aa12be6d0f0f68c70eecf6714ab733027ac/ST4-4.0.4.jar, file:/Users/hpatel/.gradle/caches/modules-2/files-2.1/org.apache.ant/ant/1.9.1/35900c96dbebc85dcfbd71f4661059ebcf93c077/ant-1.9.1.jar, file:/Users/hpatel/.gradle/caches/modules-2/files-2.1/org.codehaus.groovy/groovy-all/2.1.6/165b8246372a829c1915611646f6d964010656cf/groovy-all-2.1.6.jar, file:/Users/hpatel/.gradle/caches/modules-2/files-2.1/stax/stax-api/1.0.1/49c100caf72d658aca8e58bd74a4ba90fa2b0d70/stax-api-1.0.1.jar, file:/Users/hpatel/.gradle/caches/modules-2/files-2.1/org.apache.velocity/velocity/1.5/9f306baf7523ffc0e81a6353d08a584d254133b/velocity-1.5.jar, file:/Users/hpatel/.gradle/caches/modules-2/files-2.1/org.antlr/stringtemplate/3.2.1/59ec8083721eae215c6f3caee944c410d2be34de/stringtemplate-3.2.1.jar, file:/Users/hpatel/.gradle/caches/modules-2/files-2.1/antlr/antlr/2.7.7/83cd2cd674a217ade95a4bb83a8a14f351f48bd0/antlr-2.7.7.jar, file:/Users/hpatel/.gradle/caches/modules-2/files-2.1/org.apache.ant/ant-launcher/1.9.1/7c71043ca185eaada9e36391dd022d92859327de/ant-launcher-1.9.1.jar, file:/Users/hpatel/.gradle/caches/modules-2/files-2.1/oro/oro/2.0.8/5592374f834645c4ae250f4c9fbb314c9369d698/oro-2.0.8.jar, file:/Users/hpatel/.gradle/caches/modules-2/files-2.1/org.codehaus.jackson/jackson-core-asl/1.9.13/3c304d70f42f832e0a86d45bd437f692129299a4/jackson-core-asl-1.9.13.jar, file:/Users/hpatel/.gradle/caches/modules-2/files-2.1/org.codehaus.jackson/jackson-mapper-asl/1.9.13/1ee2f2bed0e5dd29d1cb155a166e6f8d50bbddb7/jackson-mapper-asl-1.9.13.jar, file:/Users/hpatel/.gradle/caches/modules-2/files-2.1/org.slf4j/slf4j-api/1.7.6/562424e36df3d2327e8e9301a76027fca17d54ea/slf4j-api-1.7.6.jar, file:/Users/hpatel/.gradle/caches/modules-2/files-2.1/com.sun.jersey/jersey-server/1.14/b1a21724c9b708ed54d42d41bb19ff45ae1d49d9/jersey-server-1.14.jar, file:/Users/hpatel/.gradle/caches/modules-2/files-2.1/org.apache.httpcomponents/httpclient/4.2.5/666e26e76f2e87d84e4f16acb546481ae1b8e9a6/httpclient-4.2.5.jar, file:/Users/hpatel/.gradle/caches/modules-2/files-2.1/org.apache.zookeeper/zookeeper/3.4.6/1b2502e29da1ebaade2357cd1de35a855fa3755/zookeeper-3.4.6.jar, file:/Users/hpatel/.gradle/caches/modules-2/files-2.1/com.google.guava/guava/16.0.1/5fa98cd1a63c99a44dd8d3b77e4762b066a5d0c5/guava-16.0.1.jar, file:/Users/hpatel/.gradle/caches/modules-2/files-2.1/org.codehaus.jackson/jackson-jaxrs/1.8.8/71b16055388e9bd3991c3c3834e8e55098b789f1/jackson-jaxrs-1.8.8.jar, file:/Users/hpatel/.gradle/caches/modules-2/files-2.1/org.codehaus.jackson/jackson-xc/1.8.8/52efa08bc1e4cfea168f552b9e3088297d9d0926/jackson-xc-1.8.8.jar, file:/Users/hpatel/.gradle/caches/modules-2/files-2.1/org.apache.hive/hive-metastore/0.13.1-cdh5.3.3/ca93686a17f064a5ab6587799721cddd7836e53a/hive-metastore-0.13.1-cdh5.3.3.jar, file:/Users/hpatel/.gradle/caches/modules-2/files-2.1/com.jolbox/bonecp/0.8.0.RELEASE/cec24ee9345b3678472bb1b8fdd6aa6b9428beb8/bonecp-0.8.0.RELEASE.jar, file:/Users/hpatel/.gradle/caches/modules-2/files-2.1/org.apache.derby/derby/10.10.1.1/9f6f910f0373adc1b23c10f9b4bb151b7e7449f/derby-10.10.1.1.jar, file:/Users/hpatel/.gradle/caches/modules-2/files-2.1/javax.jdo/jdo-api/3.0.1/58e7a538e020b73871e232eeb064835fd98a492/jdo-api-3.0.1.jar, file:/Users/hpatel/.gradle/caches/modules-2/files-2.1/javax.transaction/jta/1.1/2ca09f0b36ca7d71b762e14ea2ff09d5eac57558/jta-1.1.jar, file:/Users/hpatel/.gradle/caches/modules-2/files-2.1/org.apache.thrift/libthrift/0.9.0/9ba8df332b5db95ce7f3b7a83e44d796c3d014d3/libthrift-0.9.0.jar, file:/Users/hpatel/.gradle/caches/modules-2/files-2.1/org.apache.httpcomponents/httpcore/4.2.4/3b7f38df6de5dd8b500e602ae8c2dd5ee446f883/httpcore-4.2.4.jar, file:/Users/hpatel/.gradle/caches/modules-2/files-2.1/com.sun.jersey/jersey-core/1.14/693061de8b9b352b11e997b1dd4052677778852d/jersey-core-1.14.jar, file:/Users/hpatel/.gradle/caches/modules-2/files-2.1/commons-codec/commons-codec/1.6/b7f0fc8f61ecadeb3695f0b9464755eee44374d4/commons-codec-1.6.jar, file:/Users/hpatel/.gradle/caches/modules-2/files-2.1/io.netty/netty/3.7.0.Final/7a8c35599c68c0bf383df74469aa3e03d9aca87/netty-3.7.0.Final.jar]
15/09/06 13:13:55 INFO mr.ObjectCache: Ignoring retrieval request: __MAP_PLAN__
15/09/06 13:13:55 INFO mr.ObjectCache: Ignoring cache key: __MAP_PLAN__
15/09/06 13:13:55 INFO exec.MapOperator: dump TS struct<file_name:string,gen_id:string,dms_system:string,dms_version:string,transmit_ts:string,orig_transmit_ts:string,transmit_by:string,record_status:string,dealer_updt_ind:string,store_number:string,part_type:string,store_name:string,inventory_store_number:string,cat_emrg_dealer_code:string,cat_stock_dealer_code:string,stock_replen_store_number:string,stock_replen_lead_time:string,lst_updt_ts:string,orig_lst_updt_ts:string,lst_updt_by_id:string,file_ins_ts:string,orig_file_ins_ts:string,exp_stock_plan_lead_time:string,dealer_code:string>
15/09/06 13:13:55 INFO mr.ExecMapper: 
<MAP>Id =190
  <Children>
    <TS>Id =185
      <Children>
        <SEL>Id =186
          <Children>
            <RS>Id =188
              <Children>
              <\Children>
              <Parent>Id = 186 null<\Parent>
            <\RS>
          <\Children>
          <Parent>Id = 185 null<\Parent>
        <\SEL>
      <\Children>
      <Parent>Id = 190 null<\Parent>
    <\TS>
  <\Children>
  <Parent><\Parent>
<\MAP>
15/09/06 13:13:55 INFO exec.MapOperator: Initializing Self 190 MAP
15/09/06 13:13:55 INFO exec.TableScanOperator: Initializing Self 185 TS
15/09/06 13:13:55 INFO exec.TableScanOperator: Operator 185 TS initialized
15/09/06 13:13:55 INFO exec.TableScanOperator: Initializing children of 185 TS
15/09/06 13:13:55 INFO exec.SelectOperator: Initializing child 186 SEL
15/09/06 13:13:55 INFO exec.SelectOperator: Initializing Self 186 SEL
15/09/06 13:13:55 INFO exec.SelectOperator: SELECT struct<file_name:string,gen_id:string,dms_system:string,dms_version:string,transmit_ts:string,orig_transmit_ts:string,transmit_by:string,record_status:string,dealer_updt_ind:string,store_number:string,part_type:string,store_name:string,inventory_store_number:string,cat_emrg_dealer_code:string,cat_stock_dealer_code:string,stock_replen_store_number:string,stock_replen_lead_time:string,lst_updt_ts:string,orig_lst_updt_ts:string,lst_updt_by_id:string,file_ins_ts:string,orig_file_ins_ts:string,exp_stock_plan_lead_time:string,dealer_code:string>
15/09/06 13:13:55 INFO exec.SelectOperator: Operator 186 SEL initialized
15/09/06 13:13:55 INFO exec.SelectOperator: Initializing children of 186 SEL
15/09/06 13:13:55 INFO exec.ReduceSinkOperator: Initializing child 188 RS
15/09/06 13:13:55 INFO exec.ReduceSinkOperator: Initializing Self 188 RS
15/09/06 13:13:55 INFO exec.ReduceSinkOperator: Using tag = -1
15/09/06 13:13:55 INFO exec.ReduceSinkOperator: Operator 188 RS initialized
15/09/06 13:13:55 INFO exec.ReduceSinkOperator: Initialization Done 188 RS
15/09/06 13:13:55 INFO exec.SelectOperator: Initialization Done 186 SEL
15/09/06 13:13:55 INFO exec.TableScanOperator: Initialization Done 185 TS
15/09/06 13:13:55 INFO exec.MapOperator: Initialization Done 190 MAP
15/09/06 13:13:55 INFO exec.MapOperator: Processing alias dh for file file:/var/folders/y7/4_pz5fzx54ngcmghz3v6t3m00000gn/T/junit4401635926319421423/hadooptmp/dealer_hierarchy/temp_data/dealer_code=AAAA
15/09/06 13:13:55 WARN lazy.LazyStruct: Extra bytes detected at the end of the row! Ignoring similar problems.
15/09/06 13:13:55 INFO mr.ExecMapper: ExecMapper: processing 1 rows: used memory = 1474685104
15/09/06 13:13:55 INFO io.HiveContextAwareRecordReader: Processing file file:/var/folders/y7/4_pz5fzx54ngcmghz3v6t3m00000gn/T/junit4401635926319421423/hadooptmp/dealer_hierarchy/temp_data/dealer_code=ZZZZ/temp_data_from_file.csv
15/09/06 13:13:55 INFO exec.MapOperator: Processing alias dh for file file:/var/folders/y7/4_pz5fzx54ngcmghz3v6t3m00000gn/T/junit4401635926319421423/hadooptmp/dealer_hierarchy/temp_data/dealer_code=ZZZZ
15/09/06 13:13:55 WARN lazy.LazyStruct: Extra bytes detected at the end of the row! Ignoring similar problems.
15/09/06 13:13:55 INFO exec.MapOperator: 190 finished. closing... 
15/09/06 13:13:55 INFO exec.MapOperator: DESERIALIZE_ERRORS:0
15/09/06 13:13:55 INFO exec.TableScanOperator: 185 finished. closing... 
15/09/06 13:13:55 INFO exec.SelectOperator: 186 finished. closing... 
15/09/06 13:13:55 INFO exec.ReduceSinkOperator: 188 finished. closing... 
15/09/06 13:13:55 INFO exec.ReduceSinkOperator: 188 Close done
15/09/06 13:13:55 INFO exec.SelectOperator: 186 Close done
15/09/06 13:13:55 INFO exec.TableScanOperator: 185 Close done
15/09/06 13:13:55 INFO exec.MapOperator: 190 Close done
15/09/06 13:13:55 INFO mr.ExecMapper: ExecMapper: processed 4 rows: used memory = 1474685104
15/09/06 13:13:55 INFO mapred.MapTask: Starting flush of map output
15/09/06 13:13:55 INFO mapred.MapTask: Finished spill 0
15/09/06 13:13:55 INFO mapred.Task: Task:attempt_local104522975_0013_m_000000_0 is done. And is in the process of commiting
15/09/06 13:13:55 INFO mapred.LocalJobRunner: file:/var/folders/y7/4_pz5fzx54ngcmghz3v6t3m00000gn/T/junit4401635926319421423/hadooptmp/dealer_hierarchy/temp_data/dealer_code=ZZZZ/temp_data_from_file.csv:0+626
15/09/06 13:13:55 INFO mapred.Task: Task 'attempt_local104522975_0013_m_000000_0' done.
15/09/06 13:13:55 INFO mapred.LocalJobRunner: Finishing task: attempt_local104522975_0013_m_000000_0
15/09/06 13:13:55 INFO mapred.LocalJobRunner: Map task executor complete.
15/09/06 13:13:55 WARN mapreduce.Counters: Group org.apache.hadoop.mapred.Task$Counter is deprecated. Use org.apache.hadoop.mapreduce.TaskCounter instead
2015-09-06 13:13:55,604 Stage-1 map = 100%,  reduce = 0%
15/09/06 13:13:55 INFO exec.Task: 2015-09-06 13:13:55,604 Stage-1 map = 100%,  reduce = 0%
15/09/06 13:13:55 INFO mapred.Task:  Using ResourceCalculatorPlugin : null
15/09/06 13:13:55 INFO mapred.LocalJobRunner: 
15/09/06 13:13:55 INFO mapred.Merger: Merging 1 sorted segments
15/09/06 13:13:55 INFO mapred.Merger: Down to the last merge-pass, with 1 segments left of total size: 974 bytes
15/09/06 13:13:55 INFO mapred.LocalJobRunner: 
15/09/06 13:13:55 INFO ExecReducer: maximum memory = 3817865216
15/09/06 13:13:55 INFO ExecReducer: conf classpath = [file:/Users/hpatel/.gradle/caches/2.1/workerMain/gradle-worker.jar, file:/Users/hpatel/Tech/Projects/CAT/ddsw_dev/hive-test/build/classes/test/, file:/Users/hpatel/Tech/Projects/CAT/ddsw_dev/hive-test/build/resources/test/, file:/Users/hpatel/Tech/Projects/CAT/ddsw_dev/hive-test/build/classes/main/, file:/Users/hpatel/Tech/Projects/CAT/ddsw_dev/hive-test/build/resources/main, file:/Users/hpatel/.gradle/caches/modules-2/files-2.1/junit/junit/4.11/4e031bb61df09069aeb2bffb4019e7a5034a4ee0/junit-4.11.jar, file:/Users/hpatel/.gradle/caches/modules-2/files-2.1/com.klarna/hiverunner/1.0.0/e26bb0655fff4d88fab91f331793d9fc1db392cc/HiveRunner-1.0.0.jar, file:/Users/hpatel/Tech/Projects/CAT/ddsw_dev/custom-cat-udfs/build/libs/custom-cat-udfs-0.1.38-SNAPSHOT.jar, file:/Users/hpatel/.gradle/caches/modules-2/files-2.1/org.apache.hadoop/hadoop-client/2.5.0-cdh5.3.3/ec3cd6a8cb043e73a42918934c5d3a3f2747c78b/hadoop-client-2.5.0-cdh5.3.3.jar, file:/Users/hpatel/.gradle/caches/modules-2/files-2.1/org.hsqldb/hsqldb/2.3.1/bd7153caa30958e1c64a3dd38b93e5a7442d9a0e/hsqldb-2.3.1.jar, file:/Users/hpatel/.gradle/caches/modules-2/files-2.1/org.apache.hadoop/hadoop-core/2.5.0-mr1-cdh5.3.3/f6f4a77f818757da51ae0244310855779c04c4be/hadoop-core-2.5.0-mr1-cdh5.3.3.jar, file:/Users/hpatel/.gradle/caches/modules-2/files-2.1/org.reflections/reflections/0.9.8/f723abb59bf512952bfc503838f70f81487a6993/reflections-0.9.8.jar, file:/Users/hpatel/.gradle/caches/modules-2/files-2.1/org.mockito/mockito-core/1.10.19/e8546f5bef4e061d8dd73895b4e8f40e3fe6effe/mockito-core-1.10.19.jar, file:/Users/hpatel/.gradle/caches/modules-2/files-2.1/org.hamcrest/hamcrest-core/1.3/42a25dc3219429f0e5d060061f71acb49bf010a0/hamcrest-core-1.3.jar, file:/Users/hpatel/.gradle/caches/modules-2/files-2.1/org.pentaho/pentaho-aggdesigner-algorithm/5.1.5-jhyde/c52379c645c6c85300e645dff7c72653bf85baa2/pentaho-aggdesigner-algorithm-5.1.5-jhyde.jar, file:/Users/hpatel/.gradle/caches/modules-2/files-2.1/org.apache.hive/hive-serde/0.13.1-cdh5.3.3/9cee47c844d726e9bcef6ab292e1319b7fbddaa3/hive-serde-0.13.1-cdh5.3.3.jar, file:/Users/hpatel/.gradle/caches/modules-2/files-2.1/org.apache.hadoop/hadoop-common/2.5.0-cdh5.3.3/f0862eb1dc33c1807ea29a248af75551e3c6836a/hadoop-common-2.5.0-cdh5.3.3.jar, file:/Users/hpatel/.gradle/caches/modules-2/files-2.1/org.apache.hive/hive-contrib/0.13.1-cdh5.3.3/bf89b429c9b173ac275dc0c1623f5c30e780ee98/hive-contrib-0.13.1-cdh5.3.3.jar, file:/Users/hpatel/.gradle/caches/modules-2/files-2.1/org.datanucleus/datanucleus-core/3.2.12/3212183bb5a2826cd5ff194b9a54619dd0bdf31f/datanucleus-core-3.2.12.jar, file:/Users/hpatel/.gradle/caches/modules-2/files-2.1/org.datanucleus/datanucleus-rdbms/3.2.11/5b053144c89fdff1505b853aa7f1e5ba7657da75/datanucleus-rdbms-3.2.11.jar, file:/Users/hpatel/.gradle/caches/modules-2/files-2.1/org.datanucleus/datanucleus-api-jdo/3.2.8/efc60221fbc91e95cf5758b98c6c5531660696cb/datanucleus-api-jdo-3.2.8.jar, file:/Users/hpatel/.gradle/caches/modules-2/files-2.1/org.apache.hive/hive-shims/0.13.1-cdh5.3.3/47b029532c0b9d45526dcdd858823e6f9634ab81/hive-shims-0.13.1-cdh5.3.3.jar, file:/Users/hpatel/.gradle/caches/modules-2/files-2.1/org.apache.commons/commons-lang3/3.3.1/6738a2da2202ce360f0af90aba005c1e05a2c4cd/commons-lang3-3.3.1.jar, file:/Users/hpatel/.gradle/caches/modules-2/files-2.1/joda-time/joda-time/2.3/56498efd17752898cfcc3868c1b6211a07b12b8f/joda-time-2.3.jar, file:/Users/hpatel/.gradle/caches/modules-2/files-2.1/org.apache.hadoop/hadoop-hdfs/2.5.0-cdh5.3.3/5dd5e2be13d89a9eaab89d3a33bcdf6677671aa9/hadoop-hdfs-2.5.0-cdh5.3.3.jar, file:/Users/hpatel/.gradle/caches/modules-2/files-2.1/org.apache.hadoop/hadoop-mapreduce-client-app/2.5.0-cdh5.3.3/579948f8fa6d9d72bf507bd021fa3dcc0670e95f/hadoop-mapreduce-client-app-2.5.0-cdh5.3.3.jar, file:/Users/hpatel/.gradle/caches/modules-2/files-2.1/org.apache.hadoop/hadoop-yarn-api/2.5.0-cdh5.3.3/a6d9b4b7cbcacd000350a3e33c70269101b5fc79/hadoop-yarn-api-2.5.0-cdh5.3.3.jar, file:/Users/hpatel/.gradle/caches/modules-2/files-2.1/org.apache.hadoop/hadoop-mapreduce-client-core/2.5.0-cdh5.3.3/f2c8eaa2b8a5839a7781f04cf59c4d1abfefec9e/hadoop-mapreduce-client-core-2.5.0-cdh5.3.3.jar, file:/Users/hpatel/.gradle/caches/modules-2/files-2.1/org.apache.hadoop/hadoop-mapreduce-client-jobclient/2.5.0-cdh5.3.3/f8baecab9a91245a97e29e4867a7f5ae128ef8a9/hadoop-mapreduce-client-jobclient-2.5.0-cdh5.3.3.jar, file:/Users/hpatel/.gradle/caches/modules-2/files-2.1/org.apache.hadoop/hadoop-aws/2.5.0-cdh5.3.3/f712d9cf59c859914254bed5c87ee4e5a2204e78/hadoop-aws-2.5.0-cdh5.3.3.jar, file:/Users/hpatel/.gradle/caches/modules-2/files-2.1/org.apache.hadoop/hadoop-annotations/2.5.0-cdh5.3.3/e3b40743127d82ff7a6f263d00419368a46ce608/hadoop-annotations-2.5.0-cdh5.3.3.jar, file:/Users/hpatel/.gradle/caches/modules-2/files-2.1/commons-collections/commons-collections/3.2.1/761ea405b9b37ced573d2df0d1e3a4e0f9edc668/commons-collections-3.2.1.jar, file:/Users/hpatel/.gradle/caches/modules-2/files-2.1/commons-configuration/commons-configuration/1.6/32cadde23955d7681b0d94a2715846d20b425235/commons-configuration-1.6.jar, file:/Users/hpatel/.gradle/caches/modules-2/files-2.1/jline/jline/0.9.94/99a18e9a44834afdebc467294e1138364c207402/jline-0.9.94.jar, file:/Users/hpatel/.gradle/caches/modules-2/files-2.1/commons-cli/commons-cli/1.2/2bf96b7aa8b611c177d329452af1dc933e14501c/commons-cli-1.2.jar, file:/Users/hpatel/.gradle/caches/modules-2/files-2.1/xmlenc/xmlenc/0.52/d82554efbe65906d83b3d97bd7509289e9db561a/xmlenc-0.52.jar, file:/Users/hpatel/.gradle/caches/modules-2/files-2.1/commons-httpclient/commons-httpclient/3.1/964cd74171f427720480efdec40a7c7f6e58426a/commons-httpclient-3.1.jar, file:/Users/hpatel/.gradle/caches/modules-2/files-2.1/commons-net/commons-net/3.1/2298164a7c2484406f2aa5ac85b205d39019896f/commons-net-3.1.jar, file:/Users/hpatel/.gradle/caches/modules-2/files-2.1/tomcat/jasper-runtime/5.5.23/96ca5528a93ab47b001476b74320c644beb89dde/jasper-runtime-5.5.23.jar, file:/Users/hpatel/.gradle/caches/modules-2/files-2.1/tomcat/jasper-compiler/5.5.23/6d35bd7fb8c4fbc1f5401fb3678aa976d2e4c241/jasper-compiler-5.5.23.jar, file:/Users/hpatel/.gradle/caches/modules-2/files-2.1/javax.servlet.jsp/jsp-api/2.1/63f943103f250ef1f3a4d5e94d145a0f961f5316/jsp-api-2.1.jar, file:/Users/hpatel/.gradle/caches/modules-2/files-2.1/commons-el/commons-el/1.0/1df2c042b3f2de0124750241ac6c886dbfa2cc2c/commons-el-1.0.jar, file:/Users/hpatel/.gradle/caches/modules-2/files-2.1/javax.servlet/servlet-api/2.5/5959582d97d8b61f4d154ca9e495aafd16726e34/servlet-api-2.5.jar, file:/Users/hpatel/.gradle/caches/modules-2/files-2.1/hsqldb/hsqldb/1.8.0.10/7e9978fdb754bce5fcd5161133e7734ecb683036/hsqldb-1.8.0.10.jar, file:/Users/hpatel/.gradle/caches/modules-2/files-2.1/org.eclipse.jdt/core/3.1.1/88c83ce444cf46d02494da37c9fa1eebc9ce9cea/core-3.1.1.jar, file:/Users/hpatel/.gradle/caches/modules-2/files-2.1/javassist/javassist/3.12.1.GA/526633327faa61aee448a519e8a4d53ec3057885/javassist-3.12.1.GA.jar, file:/Users/hpatel/.gradle/caches/modules-2/files-2.1/dom4j/dom4j/1.6.1/5d3ccc056b6f056dbf0dddfdf43894b9065a8f94/dom4j-1.6.1.jar, file:/Users/hpatel/.gradle/caches/modules-2/files-2.1/org.objenesis/objenesis/2.1/87c0ea803b69252868d09308b4618f766f135a96/objenesis-2.1.jar, file:/Users/hpatel/.gradle/caches/modules-2/files-2.1/commons-logging/commons-logging/1.1.3/f6f66e966c70a83ffbdb6f17a0919eaf7c8aca7f/commons-logging-1.1.3.jar, file:/Users/hpatel/.gradle/caches/modules-2/files-2.1/org.apache.hive/hive-common/0.13.1-cdh5.3.3/e3fbf24d30a553c50ae4d4eed23f81b0e1211c5a/hive-common-0.13.1-cdh5.3.3.jar, file:/Users/hpatel/.gradle/caches/modules-2/files-2.1/org.apache.avro/avro/1.7.6-cdh5.3.3/6d90271293977d199ed07002bf35e2805405cc64/avro-1.7.6-cdh5.3.3.jar, file:/Users/hpatel/.gradle/caches/modules-2/files-2.1/net.sf.opencsv/opencsv/2.3/c23708cdb9e80a144db433e23344a788a1fd6599/opencsv-2.3.jar, file:/Users/hpatel/.gradle/caches/modules-2/files-2.1/com.sun.jersey/jersey-servlet/1.14/4b87041a59ee152757b62e47a21d5b63fde20ffe/jersey-servlet-1.14.jar, file:/Users/hpatel/.gradle/caches/modules-2/files-2.1/org.slf4j/slf4j-log4j12/1.7.5/6edffc576ce104ec769d954618764f39f0f0f10d/slf4j-log4j12-1.7.5.jar, file:/Users/hpatel/.gradle/caches/modules-2/files-2.1/org.apache.commons/commons-math3/3.1.1/6719d757a98ff24a83d9d727bef9cec83f59b6e1/commons-math3-3.1.1.jar, file:/Users/hpatel/.gradle/caches/modules-2/files-2.1/commons-io/commons-io/2.4/b1b6ea3b7e4aa4f492509a4952029cd8e48019ad/commons-io-2.4.jar, file:/Users/hpatel/.gradle/caches/modules-2/files-2.1/com.sun.jersey/jersey-json/1.9/1aa73e1896bcc7013fed247157d7f676226eb432/jersey-json-1.9.jar, file:/Users/hpatel/.gradle/caches/modules-2/files-2.1/log4j/log4j/1.2.17/5af35056b4d257e4b64b9e8069c0746e8b08629f/log4j-1.2.17.jar, file:/Users/hpatel/.gradle/caches/modules-2/files-2.1/com.google.code.gson/gson/2.2.4/a60a5e993c98c864010053cb901b7eab25306568/gson-2.2.4.jar, file:/Users/hpatel/.gradle/caches/modules-2/files-2.1/org.apache.hadoop/hadoop-auth/2.5.0-cdh5.3.3/847eb288da72acfdd7d202da5149dec6cd20ceba/hadoop-auth-2.5.0-cdh5.3.3.jar, file:/Users/hpatel/.gradle/caches/modules-2/files-2.1/com.jcraft/jsch/0.1.42/a86104b0f2e0c0bab5b0df836065823a99b5e334/jsch-0.1.42.jar, file:/Users/hpatel/.gradle/caches/modules-2/files-2.1/org.apache.curator/curator-client/2.6.0/b9007c357ad1a78066fc6004e8b1feaa2318f6f3/curator-client-2.6.0.jar, file:/Users/hpatel/.gradle/caches/modules-2/files-2.1/org.apache.curator/curator-recipes/2.6.0/8736b0fc42e6bf006d585fe85c90aaa4ade5cbef/curator-recipes-2.6.0.jar, file:/Users/hpatel/.gradle/caches/modules-2/files-2.1/com.google.code.findbugs/jsr305/1.3.9/40719ea6961c0cb6afaeb6a921eaa1f6afd4cfdf/jsr305-1.3.9.jar, file:/Users/hpatel/.gradle/caches/modules-2/files-2.1/org.apache.commons/commons-compress/1.4.1/b02e84a993d88568417536240e970c4b809126fd/commons-compress-1.4.1.jar, file:/Users/hpatel/.gradle/caches/modules-2/files-2.1/org.apache.hive.shims/hive-shims-common/0.13.1-cdh5.3.3/3d9e5245018fbde18f52c4ab25fc35afdec2fc0a/hive-shims-common-0.13.1-cdh5.3.3.jar, file:/Users/hpatel/.gradle/caches/modules-2/files-2.1/org.apache.hive.shims/hive-shims-common-secure/0.13.1-cdh5.3.3/6b29a16b2a41b89bdbbc681c257ad7f766a90bcb/hive-shims-common-secure-0.13.1-cdh5.3.3.jar, file:/Users/hpatel/.gradle/caches/modules-2/files-2.1/org.apache.hive.shims/hive-shims-0.23/0.13.1-cdh5.3.3/7ab834955a767af200d1d9151c204751637d9ca9/hive-shims-0.23-0.13.1-cdh5.3.3.jar, file:/Users/hpatel/.gradle/caches/modules-2/files-2.1/org.apache.hive.shims/hive-shims-scheduler/0.13.1-cdh5.3.3/b6644420b74f936a838f7f3fd2fa19c19add0449/hive-shims-scheduler-0.13.1-cdh5.3.3.jar, file:/Users/hpatel/.gradle/caches/modules-2/files-2.1/org.apache.hadoop/hadoop-mapreduce-client-common/2.5.0-cdh5.3.3/f0d777bb76ca9f540c0c81a45934f0f5cf9975b8/hadoop-mapreduce-client-common-2.5.0-cdh5.3.3.jar, file:/Users/hpatel/.gradle/caches/modules-2/files-2.1/org.apache.hadoop/hadoop-mapreduce-client-shuffle/2.5.0-cdh5.3.3/b6c4316f6fcc406edf7e5bd77c50e46034ad5519/hadoop-mapreduce-client-shuffle-2.5.0-cdh5.3.3.jar, file:/Users/hpatel/.gradle/caches/modules-2/files-2.1/org.apache.hadoop/hadoop-yarn-common/2.5.0-cdh5.3.3/9499713b674eae1aa714fcd0e95e0d09daaf3824/hadoop-yarn-common-2.5.0-cdh5.3.3.jar, file:/Users/hpatel/.gradle/caches/modules-2/files-2.1/com.fasterxml.jackson.core/jackson-databind/2.2.3/3ae380888029daefb91d3ecdca3a37d8cb92bc9/jackson-databind-2.2.3.jar, file:/Users/hpatel/.gradle/caches/modules-2/files-2.1/com.fasterxml.jackson.core/jackson-annotations/2.2.3/527fece4f23a457070a36c371a26d6c0208e1c3/jackson-annotations-2.2.3.jar, file:/Users/hpatel/.gradle/caches/modules-2/files-2.1/com.amazonaws/aws-java-sdk/1.7.4/2c24ccb6f1ab845a7df971951d4b41c709a6517d/aws-java-sdk-1.7.4.jar, file:/Users/hpatel/.gradle/caches/modules-2/files-2.1/commons-digester/commons-digester/1.8/dc6a73fdbd1fa3f0944e8497c6c872fa21dca37e/commons-digester-1.8.jar, file:/Users/hpatel/.gradle/caches/modules-2/files-2.1/commons-beanutils/commons-beanutils-core/1.8.0/175dc721f87e4bc5cc0573f990e28c3cf9117508/commons-beanutils-core-1.8.0.jar, file:/Users/hpatel/.gradle/caches/modules-2/files-2.1/xml-apis/xml-apis/1.0.b2/3136ca936f64c9d68529f048c2618bd356bf85c9/xml-apis-1.0.b2.jar, file:/Users/hpatel/.gradle/caches/modules-2/files-2.1/com.thoughtworks.paranamer/paranamer/2.3/4a85963a752c0a2f715c3924bfc686865e7e1bc6/paranamer-2.3.jar, file:/Users/hpatel/.gradle/caches/modules-2/files-2.1/org.xerial.snappy/snappy-java/1.0.5/10cb4550360a0ec6b80f09a5209d00b6058e82bf/snappy-java-1.0.5.jar, file:/Users/hpatel/.gradle/caches/modules-2/files-2.1/org.codehaus.jettison/jettison/1.1/1a01a2a1218fcf9faa2cc2a6ced025bdea687262/jettison-1.1.jar, file:/Users/hpatel/.gradle/caches/modules-2/files-2.1/com.sun.xml.bind/jaxb-impl/2.2.3-1/56baae106392040a45a06d4a41099173425da1e6/jaxb-impl-2.2.3-1.jar, file:/Users/hpatel/.gradle/caches/modules-2/files-2.1/org.apache.directory.server/apacheds-kerberos-codec/2.0.0-M15/1c16e4e477183641c5f0dd5cdecd27ec331bacb5/apacheds-kerberos-codec-2.0.0-M15.jar, file:/Users/hpatel/.gradle/caches/modules-2/files-2.1/org.apache.curator/curator-framework/2.6.0/81a699c39d127b5b4ff97cc77da7650b53e5b5ed/curator-framework-2.6.0.jar, file:/Users/hpatel/.gradle/caches/modules-2/files-2.1/org.tukaani/xz/1.0/ecff5cb8b1189514c9d1d8d68eb77ac372e000c9/xz-1.0.jar, file:/Users/hpatel/.gradle/caches/modules-2/files-2.1/org.apache.hadoop/hadoop-yarn-client/2.5.0-cdh5.3.3/2d2ce5d0138d02b20aefcfc1ee8dd6f691911f63/hadoop-yarn-client-2.5.0-cdh5.3.3.jar, file:/Users/hpatel/.gradle/caches/modules-2/files-2.1/org.apache.hadoop/hadoop-yarn-server-common/2.5.0-cdh5.3.3/d099fcc19f56d477fa6b5b47ae4e06bb97538778/hadoop-yarn-server-common-2.5.0-cdh5.3.3.jar, file:/Users/hpatel/.gradle/caches/modules-2/files-2.1/org.apache.hadoop/hadoop-yarn-server-nodemanager/2.5.0-cdh5.3.3/278b2d7a6454ce57a94ab02a88c0b188afc8facc/hadoop-yarn-server-nodemanager-2.5.0-cdh5.3.3.jar, file:/Users/hpatel/.gradle/caches/modules-2/files-2.1/org.fusesource.leveldbjni/leveldbjni-all/1.8/707350a2eeb1fa2ed77a32ddb3893ed308e941db/leveldbjni-all-1.8.jar, file:/Users/hpatel/.gradle/caches/modules-2/files-2.1/javax.xml.bind/jaxb-api/2.2.2/aeb3021ca93dde265796d82015beecdcff95bf09/jaxb-api-2.2.2.jar, file:/Users/hpatel/.gradle/caches/modules-2/files-2.1/com.google.inject/guice/3.0/9d84f15fe35e2c716a02979fb62f50a29f38aefa/guice-3.0.jar, file:/Users/hpatel/.gradle/caches/modules-2/files-2.1/com.sun.jersey.contribs/jersey-guice/1.9/5963c28c47df7e5d6ad34cec80c071c368777f7b/jersey-guice-1.9.jar, file:/Users/hpatel/.gradle/caches/modules-2/files-2.1/com.fasterxml.jackson.core/jackson-core/2.2.3/1a0113da2cab5f4c216b4e5e7c1dbfaa67087e14/jackson-core-2.2.3.jar, file:/Users/hpatel/.gradle/caches/modules-2/files-2.1/commons-beanutils/commons-beanutils/1.7.0/5675fd96b29656504b86029551973d60fb41339b/commons-beanutils-1.7.0.jar, file:/Users/hpatel/.gradle/caches/modules-2/files-2.1/org.apache.directory.server/apacheds-i18n/2.0.0-M15/71c61c84683152ec2a6a65f3f96fe534e304fa22/apacheds-i18n-2.0.0-M15.jar, file:/Users/hpatel/.gradle/caches/modules-2/files-2.1/org.apache.directory.api/api-asn1-api/1.0.0-M20/5e6486ffa3125ba44dc410ead166e1d6ba8ac76d/api-asn1-api-1.0.0-M20.jar, file:/Users/hpatel/.gradle/caches/modules-2/files-2.1/org.apache.directory.api/api-util/1.0.0-M20/a871abf060b3cf83fc6dc4d7e3d151fce50ac3cb/api-util-1.0.0-M20.jar, file:/Users/hpatel/.gradle/caches/modules-2/files-2.1/com.sun.jersey/jersey-client/1.9/d3c4b2b5f89db32c96ceddcb863684821910a7bb/jersey-client-1.9.jar, file:/Users/hpatel/.gradle/caches/modules-2/files-2.1/javax.xml.stream/stax-api/1.0-2/d6337b0de8b25e53e81b922352fbea9f9f57ba0b/stax-api-1.0-2.jar, file:/Users/hpatel/.gradle/caches/modules-2/files-2.1/javax.activation/activation/1.1/e6cb541461c2834bdea3eb920f1884d1eb508b50/activation-1.1.jar, file:/Users/hpatel/.gradle/caches/modules-2/files-2.1/javax.inject/javax.inject/1/6975da39a7040257bd51d21a231b76c915872d38/javax.inject-1.jar, file:/Users/hpatel/.gradle/caches/modules-2/files-2.1/aopalliance/aopalliance/1.0/235ba8b489512805ac13a8f9ea77a1ca5ebe3e8/aopalliance-1.0.jar, file:/Users/hpatel/.gradle/caches/modules-2/files-2.1/org.sonatype.sisu.inject/cglib/2.2.1-v20090111/7ce5e983fd0e6c78346f4c9cbfa39d83049dda2/cglib-2.2.1-v20090111.jar, file:/Users/hpatel/.gradle/caches/modules-2/files-2.1/asm/asm/3.1/c157def142714c544bdea2e6144645702adf7097/asm-3.1.jar, file:/Users/hpatel/.gradle/caches/modules-2/files-2.1/org.apache.hive/hive-service/0.13.1-cdh5.3.3/c7979b4213bfb62823d43ba726e0fea58032dd1e/hive-service-0.13.1-cdh5.3.3.jar, file:/Users/hpatel/.gradle/caches/modules-2/files-2.1/net.sf.jpam/jpam/1.1/cb3d91c2dfda767518a371dbb02edfd6a4aa0600/jpam-1.1.jar, file:/Users/hpatel/.gradle/caches/modules-2/files-2.1/org.eclipse.jetty.aggregate/jetty-all/7.6.0.v20120127/47bb68e3837e5c6422138dd1e0d4d75c60dce87a/jetty-all-7.6.0.v20120127.jar, file:/Users/hpatel/.gradle/caches/modules-2/files-2.1/org.apache.thrift/libfb303/0.9.0/639bd69767fdbd7f658ce8233248fe1cea635164/libfb303-0.9.0.jar, file:/Users/hpatel/.gradle/caches/modules-2/files-2.1/org.apache.geronimo.specs/geronimo-jta_1.1_spec/1.1.1/aabab3165b8ea936b9360abbf448459c0d04a5a4/geronimo-jta_1.1_spec-1.1.1.jar, file:/Users/hpatel/.gradle/caches/modules-2/files-2.1/javax.mail/mail/1.4.1/8b7bc69010655425dabf091b51d1e90b4de36715/mail-1.4.1.jar, file:/Users/hpatel/.gradle/caches/modules-2/files-2.1/org.apache.geronimo.specs/geronimo-jaspic_1.0_spec/1.0/44b95be7dae1147716dce5336419eafade880756/geronimo-jaspic_1.0_spec-1.0.jar, file:/Users/hpatel/.gradle/caches/modules-2/files-2.1/org.apache.geronimo.specs/geronimo-annotation_1.0_spec/1.1.1/47caa799389f69d297b86bf90523d431599c3796/geronimo-annotation_1.0_spec-1.1.1.jar, file:/Users/hpatel/.gradle/caches/modules-2/files-2.1/asm/asm-commons/3.1/1b607fbfe7889c6fdff1b7c16439ade0a60869ac/asm-commons-3.1.jar, file:/Users/hpatel/.gradle/caches/modules-2/files-2.1/asm/asm-tree/3.1/c9a5d4334ddf194ea492f22107d45119a5c5322f/asm-tree-3.1.jar, file:/Users/hpatel/.gradle/caches/modules-2/files-2.1/commons-lang/commons-lang/2.6/ce1edb914c94ebc388f086c6827e8bdeec71ac2/commons-lang-2.6.jar, file:/Users/hpatel/.gradle/caches/modules-2/files-2.1/org.mortbay.jetty/jetty/6.1.26.cloudera.4/d59325a5ff8ff18f7543bc3fbb9d5efa0c0ff521/jetty-6.1.26.cloudera.4.jar, file:/Users/hpatel/.gradle/caches/modules-2/files-2.1/org.mortbay.jetty/jetty-util/6.1.26.cloudera.4/b8507b7c5d3fd9a3d01775272cbf1a63f530c19d/jetty-util-6.1.26.cloudera.4.jar, file:/Users/hpatel/.gradle/caches/modules-2/files-2.1/net.java.dev.jets3t/jets3t/0.9.0/792bc96ee7e57b89f472aa0cb5a31015b9f59c96/jets3t-0.9.0.jar, file:/Users/hpatel/.gradle/caches/modules-2/files-2.1/com.jamesmurty.utils/java-xmlbuilder/0.4/ac5962e48cdee3a0a6e1f8e00fcb594747ac5aaf/java-xmlbuilder-0.4.jar, file:/Users/hpatel/.gradle/caches/modules-2/files-2.1/com.google.protobuf/protobuf-java/2.5.0/a10732c76bfacdbd633a7eb0f7968b1059a65dfa/protobuf-java-2.5.0.jar, file:/Users/hpatel/.gradle/caches/modules-2/files-2.1/org.apache.hive/hive-exec/0.13.1-cdh5.3.3/4d935274127f47dd9c0875efcf317ba49aef1219/hive-exec-0.13.1-cdh5.3.3.jar, file:/Users/hpatel/.gradle/caches/modules-2/files-2.1/org.apache.hive/hive-ant/0.13.1-cdh5.3.3/86954e92a903253177cd6935798c50a6c32b7b81/hive-ant-0.13.1-cdh5.3.3.jar, file:/Users/hpatel/.gradle/caches/modules-2/files-2.1/org.antlr/antlr-runtime/3.4/8f011408269a8e42b8548687e137d8eeb56df4b4/antlr-runtime-3.4.jar, file:/Users/hpatel/.gradle/caches/modules-2/files-2.1/org.antlr/ST4/4.0.4/467a2aa12be6d0f0f68c70eecf6714ab733027ac/ST4-4.0.4.jar, file:/Users/hpatel/.gradle/caches/modules-2/files-2.1/org.apache.ant/ant/1.9.1/35900c96dbebc85dcfbd71f4661059ebcf93c077/ant-1.9.1.jar, file:/Users/hpatel/.gradle/caches/modules-2/files-2.1/org.codehaus.groovy/groovy-all/2.1.6/165b8246372a829c1915611646f6d964010656cf/groovy-all-2.1.6.jar, file:/Users/hpatel/.gradle/caches/modules-2/files-2.1/stax/stax-api/1.0.1/49c100caf72d658aca8e58bd74a4ba90fa2b0d70/stax-api-1.0.1.jar, file:/Users/hpatel/.gradle/caches/modules-2/files-2.1/org.apache.velocity/velocity/1.5/9f306baf7523ffc0e81a6353d08a584d254133b/velocity-1.5.jar, file:/Users/hpatel/.gradle/caches/modules-2/files-2.1/org.antlr/stringtemplate/3.2.1/59ec8083721eae215c6f3caee944c410d2be34de/stringtemplate-3.2.1.jar, file:/Users/hpatel/.gradle/caches/modules-2/files-2.1/antlr/antlr/2.7.7/83cd2cd674a217ade95a4bb83a8a14f351f48bd0/antlr-2.7.7.jar, file:/Users/hpatel/.gradle/caches/modules-2/files-2.1/org.apache.ant/ant-launcher/1.9.1/7c71043ca185eaada9e36391dd022d92859327de/ant-launcher-1.9.1.jar, file:/Users/hpatel/.gradle/caches/modules-2/files-2.1/oro/oro/2.0.8/5592374f834645c4ae250f4c9fbb314c9369d698/oro-2.0.8.jar, file:/Users/hpatel/.gradle/caches/modules-2/files-2.1/org.codehaus.jackson/jackson-core-asl/1.9.13/3c304d70f42f832e0a86d45bd437f692129299a4/jackson-core-asl-1.9.13.jar, file:/Users/hpatel/.gradle/caches/modules-2/files-2.1/org.codehaus.jackson/jackson-mapper-asl/1.9.13/1ee2f2bed0e5dd29d1cb155a166e6f8d50bbddb7/jackson-mapper-asl-1.9.13.jar, file:/Users/hpatel/.gradle/caches/modules-2/files-2.1/org.slf4j/slf4j-api/1.7.6/562424e36df3d2327e8e9301a76027fca17d54ea/slf4j-api-1.7.6.jar, file:/Users/hpatel/.gradle/caches/modules-2/files-2.1/com.sun.jersey/jersey-server/1.14/b1a21724c9b708ed54d42d41bb19ff45ae1d49d9/jersey-server-1.14.jar, file:/Users/hpatel/.gradle/caches/modules-2/files-2.1/org.apache.httpcomponents/httpclient/4.2.5/666e26e76f2e87d84e4f16acb546481ae1b8e9a6/httpclient-4.2.5.jar, file:/Users/hpatel/.gradle/caches/modules-2/files-2.1/org.apache.zookeeper/zookeeper/3.4.6/1b2502e29da1ebaade2357cd1de35a855fa3755/zookeeper-3.4.6.jar, file:/Users/hpatel/.gradle/caches/modules-2/files-2.1/com.google.guava/guava/16.0.1/5fa98cd1a63c99a44dd8d3b77e4762b066a5d0c5/guava-16.0.1.jar, file:/Users/hpatel/.gradle/caches/modules-2/files-2.1/org.codehaus.jackson/jackson-jaxrs/1.8.8/71b16055388e9bd3991c3c3834e8e55098b789f1/jackson-jaxrs-1.8.8.jar, file:/Users/hpatel/.gradle/caches/modules-2/files-2.1/org.codehaus.jackson/jackson-xc/1.8.8/52efa08bc1e4cfea168f552b9e3088297d9d0926/jackson-xc-1.8.8.jar, file:/Users/hpatel/.gradle/caches/modules-2/files-2.1/org.apache.hive/hive-metastore/0.13.1-cdh5.3.3/ca93686a17f064a5ab6587799721cddd7836e53a/hive-metastore-0.13.1-cdh5.3.3.jar, file:/Users/hpatel/.gradle/caches/modules-2/files-2.1/com.jolbox/bonecp/0.8.0.RELEASE/cec24ee9345b3678472bb1b8fdd6aa6b9428beb8/bonecp-0.8.0.RELEASE.jar, file:/Users/hpatel/.gradle/caches/modules-2/files-2.1/org.apache.derby/derby/10.10.1.1/9f6f910f0373adc1b23c10f9b4bb151b7e7449f/derby-10.10.1.1.jar, file:/Users/hpatel/.gradle/caches/modules-2/files-2.1/javax.jdo/jdo-api/3.0.1/58e7a538e020b73871e232eeb064835fd98a492/jdo-api-3.0.1.jar, file:/Users/hpatel/.gradle/caches/modules-2/files-2.1/javax.transaction/jta/1.1/2ca09f0b36ca7d71b762e14ea2ff09d5eac57558/jta-1.1.jar, file:/Users/hpatel/.gradle/caches/modules-2/files-2.1/org.apache.thrift/libthrift/0.9.0/9ba8df332b5db95ce7f3b7a83e44d796c3d014d3/libthrift-0.9.0.jar, file:/Users/hpatel/.gradle/caches/modules-2/files-2.1/org.apache.httpcomponents/httpcore/4.2.4/3b7f38df6de5dd8b500e602ae8c2dd5ee446f883/httpcore-4.2.4.jar, file:/Users/hpatel/.gradle/caches/modules-2/files-2.1/com.sun.jersey/jersey-core/1.14/693061de8b9b352b11e997b1dd4052677778852d/jersey-core-1.14.jar, file:/Users/hpatel/.gradle/caches/modules-2/files-2.1/commons-codec/commons-codec/1.6/b7f0fc8f61ecadeb3695f0b9464755eee44374d4/commons-codec-1.6.jar, file:/Users/hpatel/.gradle/caches/modules-2/files-2.1/io.netty/netty/3.7.0.Final/7a8c35599c68c0bf383df74469aa3e03d9aca87/netty-3.7.0.Final.jar]
15/09/06 13:13:55 INFO ExecReducer: thread classpath = [file:/Users/hpatel/.gradle/caches/2.1/workerMain/gradle-worker.jar, file:/Users/hpatel/Tech/Projects/CAT/ddsw_dev/hive-test/build/classes/test/, file:/Users/hpatel/Tech/Projects/CAT/ddsw_dev/hive-test/build/resources/test/, file:/Users/hpatel/Tech/Projects/CAT/ddsw_dev/hive-test/build/classes/main/, file:/Users/hpatel/Tech/Projects/CAT/ddsw_dev/hive-test/build/resources/main, file:/Users/hpatel/.gradle/caches/modules-2/files-2.1/junit/junit/4.11/4e031bb61df09069aeb2bffb4019e7a5034a4ee0/junit-4.11.jar, file:/Users/hpatel/.gradle/caches/modules-2/files-2.1/com.klarna/hiverunner/1.0.0/e26bb0655fff4d88fab91f331793d9fc1db392cc/HiveRunner-1.0.0.jar, file:/Users/hpatel/Tech/Projects/CAT/ddsw_dev/custom-cat-udfs/build/libs/custom-cat-udfs-0.1.38-SNAPSHOT.jar, file:/Users/hpatel/.gradle/caches/modules-2/files-2.1/org.apache.hadoop/hadoop-client/2.5.0-cdh5.3.3/ec3cd6a8cb043e73a42918934c5d3a3f2747c78b/hadoop-client-2.5.0-cdh5.3.3.jar, file:/Users/hpatel/.gradle/caches/modules-2/files-2.1/org.hsqldb/hsqldb/2.3.1/bd7153caa30958e1c64a3dd38b93e5a7442d9a0e/hsqldb-2.3.1.jar, file:/Users/hpatel/.gradle/caches/modules-2/files-2.1/org.apache.hadoop/hadoop-core/2.5.0-mr1-cdh5.3.3/f6f4a77f818757da51ae0244310855779c04c4be/hadoop-core-2.5.0-mr1-cdh5.3.3.jar, file:/Users/hpatel/.gradle/caches/modules-2/files-2.1/org.reflections/reflections/0.9.8/f723abb59bf512952bfc503838f70f81487a6993/reflections-0.9.8.jar, file:/Users/hpatel/.gradle/caches/modules-2/files-2.1/org.mockito/mockito-core/1.10.19/e8546f5bef4e061d8dd73895b4e8f40e3fe6effe/mockito-core-1.10.19.jar, file:/Users/hpatel/.gradle/caches/modules-2/files-2.1/org.hamcrest/hamcrest-core/1.3/42a25dc3219429f0e5d060061f71acb49bf010a0/hamcrest-core-1.3.jar, file:/Users/hpatel/.gradle/caches/modules-2/files-2.1/org.pentaho/pentaho-aggdesigner-algorithm/5.1.5-jhyde/c52379c645c6c85300e645dff7c72653bf85baa2/pentaho-aggdesigner-algorithm-5.1.5-jhyde.jar, file:/Users/hpatel/.gradle/caches/modules-2/files-2.1/org.apache.hive/hive-serde/0.13.1-cdh5.3.3/9cee47c844d726e9bcef6ab292e1319b7fbddaa3/hive-serde-0.13.1-cdh5.3.3.jar, file:/Users/hpatel/.gradle/caches/modules-2/files-2.1/org.apache.hadoop/hadoop-common/2.5.0-cdh5.3.3/f0862eb1dc33c1807ea29a248af75551e3c6836a/hadoop-common-2.5.0-cdh5.3.3.jar, file:/Users/hpatel/.gradle/caches/modules-2/files-2.1/org.apache.hive/hive-contrib/0.13.1-cdh5.3.3/bf89b429c9b173ac275dc0c1623f5c30e780ee98/hive-contrib-0.13.1-cdh5.3.3.jar, file:/Users/hpatel/.gradle/caches/modules-2/files-2.1/org.datanucleus/datanucleus-core/3.2.12/3212183bb5a2826cd5ff194b9a54619dd0bdf31f/datanucleus-core-3.2.12.jar, file:/Users/hpatel/.gradle/caches/modules-2/files-2.1/org.datanucleus/datanucleus-rdbms/3.2.11/5b053144c89fdff1505b853aa7f1e5ba7657da75/datanucleus-rdbms-3.2.11.jar, file:/Users/hpatel/.gradle/caches/modules-2/files-2.1/org.datanucleus/datanucleus-api-jdo/3.2.8/efc60221fbc91e95cf5758b98c6c5531660696cb/datanucleus-api-jdo-3.2.8.jar, file:/Users/hpatel/.gradle/caches/modules-2/files-2.1/org.apache.hive/hive-shims/0.13.1-cdh5.3.3/47b029532c0b9d45526dcdd858823e6f9634ab81/hive-shims-0.13.1-cdh5.3.3.jar, file:/Users/hpatel/.gradle/caches/modules-2/files-2.1/org.apache.commons/commons-lang3/3.3.1/6738a2da2202ce360f0af90aba005c1e05a2c4cd/commons-lang3-3.3.1.jar, file:/Users/hpatel/.gradle/caches/modules-2/files-2.1/joda-time/joda-time/2.3/56498efd17752898cfcc3868c1b6211a07b12b8f/joda-time-2.3.jar, file:/Users/hpatel/.gradle/caches/modules-2/files-2.1/org.apache.hadoop/hadoop-hdfs/2.5.0-cdh5.3.3/5dd5e2be13d89a9eaab89d3a33bcdf6677671aa9/hadoop-hdfs-2.5.0-cdh5.3.3.jar, file:/Users/hpatel/.gradle/caches/modules-2/files-2.1/org.apache.hadoop/hadoop-mapreduce-client-app/2.5.0-cdh5.3.3/579948f8fa6d9d72bf507bd021fa3dcc0670e95f/hadoop-mapreduce-client-app-2.5.0-cdh5.3.3.jar, file:/Users/hpatel/.gradle/caches/modules-2/files-2.1/org.apache.hadoop/hadoop-yarn-api/2.5.0-cdh5.3.3/a6d9b4b7cbcacd000350a3e33c70269101b5fc79/hadoop-yarn-api-2.5.0-cdh5.3.3.jar, file:/Users/hpatel/.gradle/caches/modules-2/files-2.1/org.apache.hadoop/hadoop-mapreduce-client-core/2.5.0-cdh5.3.3/f2c8eaa2b8a5839a7781f04cf59c4d1abfefec9e/hadoop-mapreduce-client-core-2.5.0-cdh5.3.3.jar, file:/Users/hpatel/.gradle/caches/modules-2/files-2.1/org.apache.hadoop/hadoop-mapreduce-client-jobclient/2.5.0-cdh5.3.3/f8baecab9a91245a97e29e4867a7f5ae128ef8a9/hadoop-mapreduce-client-jobclient-2.5.0-cdh5.3.3.jar, file:/Users/hpatel/.gradle/caches/modules-2/files-2.1/org.apache.hadoop/hadoop-aws/2.5.0-cdh5.3.3/f712d9cf59c859914254bed5c87ee4e5a2204e78/hadoop-aws-2.5.0-cdh5.3.3.jar, file:/Users/hpatel/.gradle/caches/modules-2/files-2.1/org.apache.hadoop/hadoop-annotations/2.5.0-cdh5.3.3/e3b40743127d82ff7a6f263d00419368a46ce608/hadoop-annotations-2.5.0-cdh5.3.3.jar, file:/Users/hpatel/.gradle/caches/modules-2/files-2.1/commons-collections/commons-collections/3.2.1/761ea405b9b37ced573d2df0d1e3a4e0f9edc668/commons-collections-3.2.1.jar, file:/Users/hpatel/.gradle/caches/modules-2/files-2.1/commons-configuration/commons-configuration/1.6/32cadde23955d7681b0d94a2715846d20b425235/commons-configuration-1.6.jar, file:/Users/hpatel/.gradle/caches/modules-2/files-2.1/jline/jline/0.9.94/99a18e9a44834afdebc467294e1138364c207402/jline-0.9.94.jar, file:/Users/hpatel/.gradle/caches/modules-2/files-2.1/commons-cli/commons-cli/1.2/2bf96b7aa8b611c177d329452af1dc933e14501c/commons-cli-1.2.jar, file:/Users/hpatel/.gradle/caches/modules-2/files-2.1/xmlenc/xmlenc/0.52/d82554efbe65906d83b3d97bd7509289e9db561a/xmlenc-0.52.jar, file:/Users/hpatel/.gradle/caches/modules-2/files-2.1/commons-httpclient/commons-httpclient/3.1/964cd74171f427720480efdec40a7c7f6e58426a/commons-httpclient-3.1.jar, file:/Users/hpatel/.gradle/caches/modules-2/files-2.1/commons-net/commons-net/3.1/2298164a7c2484406f2aa5ac85b205d39019896f/commons-net-3.1.jar, file:/Users/hpatel/.gradle/caches/modules-2/files-2.1/tomcat/jasper-runtime/5.5.23/96ca5528a93ab47b001476b74320c644beb89dde/jasper-runtime-5.5.23.jar, file:/Users/hpatel/.gradle/caches/modules-2/files-2.1/tomcat/jasper-compiler/5.5.23/6d35bd7fb8c4fbc1f5401fb3678aa976d2e4c241/jasper-compiler-5.5.23.jar, file:/Users/hpatel/.gradle/caches/modules-2/files-2.1/javax.servlet.jsp/jsp-api/2.1/63f943103f250ef1f3a4d5e94d145a0f961f5316/jsp-api-2.1.jar, file:/Users/hpatel/.gradle/caches/modules-2/files-2.1/commons-el/commons-el/1.0/1df2c042b3f2de0124750241ac6c886dbfa2cc2c/commons-el-1.0.jar, file:/Users/hpatel/.gradle/caches/modules-2/files-2.1/javax.servlet/servlet-api/2.5/5959582d97d8b61f4d154ca9e495aafd16726e34/servlet-api-2.5.jar, file:/Users/hpatel/.gradle/caches/modules-2/files-2.1/hsqldb/hsqldb/1.8.0.10/7e9978fdb754bce5fcd5161133e7734ecb683036/hsqldb-1.8.0.10.jar, file:/Users/hpatel/.gradle/caches/modules-2/files-2.1/org.eclipse.jdt/core/3.1.1/88c83ce444cf46d02494da37c9fa1eebc9ce9cea/core-3.1.1.jar, file:/Users/hpatel/.gradle/caches/modules-2/files-2.1/javassist/javassist/3.12.1.GA/526633327faa61aee448a519e8a4d53ec3057885/javassist-3.12.1.GA.jar, file:/Users/hpatel/.gradle/caches/modules-2/files-2.1/dom4j/dom4j/1.6.1/5d3ccc056b6f056dbf0dddfdf43894b9065a8f94/dom4j-1.6.1.jar, file:/Users/hpatel/.gradle/caches/modules-2/files-2.1/org.objenesis/objenesis/2.1/87c0ea803b69252868d09308b4618f766f135a96/objenesis-2.1.jar, file:/Users/hpatel/.gradle/caches/modules-2/files-2.1/commons-logging/commons-logging/1.1.3/f6f66e966c70a83ffbdb6f17a0919eaf7c8aca7f/commons-logging-1.1.3.jar, file:/Users/hpatel/.gradle/caches/modules-2/files-2.1/org.apache.hive/hive-common/0.13.1-cdh5.3.3/e3fbf24d30a553c50ae4d4eed23f81b0e1211c5a/hive-common-0.13.1-cdh5.3.3.jar, file:/Users/hpatel/.gradle/caches/modules-2/files-2.1/org.apache.avro/avro/1.7.6-cdh5.3.3/6d90271293977d199ed07002bf35e2805405cc64/avro-1.7.6-cdh5.3.3.jar, file:/Users/hpatel/.gradle/caches/modules-2/files-2.1/net.sf.opencsv/opencsv/2.3/c23708cdb9e80a144db433e23344a788a1fd6599/opencsv-2.3.jar, file:/Users/hpatel/.gradle/caches/modules-2/files-2.1/com.sun.jersey/jersey-servlet/1.14/4b87041a59ee152757b62e47a21d5b63fde20ffe/jersey-servlet-1.14.jar, file:/Users/hpatel/.gradle/caches/modules-2/files-2.1/org.slf4j/slf4j-log4j12/1.7.5/6edffc576ce104ec769d954618764f39f0f0f10d/slf4j-log4j12-1.7.5.jar, file:/Users/hpatel/.gradle/caches/modules-2/files-2.1/org.apache.commons/commons-math3/3.1.1/6719d757a98ff24a83d9d727bef9cec83f59b6e1/commons-math3-3.1.1.jar, file:/Users/hpatel/.gradle/caches/modules-2/files-2.1/commons-io/commons-io/2.4/b1b6ea3b7e4aa4f492509a4952029cd8e48019ad/commons-io-2.4.jar, file:/Users/hpatel/.gradle/caches/modules-2/files-2.1/com.sun.jersey/jersey-json/1.9/1aa73e1896bcc7013fed247157d7f676226eb432/jersey-json-1.9.jar, file:/Users/hpatel/.gradle/caches/modules-2/files-2.1/log4j/log4j/1.2.17/5af35056b4d257e4b64b9e8069c0746e8b08629f/log4j-1.2.17.jar, file:/Users/hpatel/.gradle/caches/modules-2/files-2.1/com.google.code.gson/gson/2.2.4/a60a5e993c98c864010053cb901b7eab25306568/gson-2.2.4.jar, file:/Users/hpatel/.gradle/caches/modules-2/files-2.1/org.apache.hadoop/hadoop-auth/2.5.0-cdh5.3.3/847eb288da72acfdd7d202da5149dec6cd20ceba/hadoop-auth-2.5.0-cdh5.3.3.jar, file:/Users/hpatel/.gradle/caches/modules-2/files-2.1/com.jcraft/jsch/0.1.42/a86104b0f2e0c0bab5b0df836065823a99b5e334/jsch-0.1.42.jar, file:/Users/hpatel/.gradle/caches/modules-2/files-2.1/org.apache.curator/curator-client/2.6.0/b9007c357ad1a78066fc6004e8b1feaa2318f6f3/curator-client-2.6.0.jar, file:/Users/hpatel/.gradle/caches/modules-2/files-2.1/org.apache.curator/curator-recipes/2.6.0/8736b0fc42e6bf006d585fe85c90aaa4ade5cbef/curator-recipes-2.6.0.jar, file:/Users/hpatel/.gradle/caches/modules-2/files-2.1/com.google.code.findbugs/jsr305/1.3.9/40719ea6961c0cb6afaeb6a921eaa1f6afd4cfdf/jsr305-1.3.9.jar, file:/Users/hpatel/.gradle/caches/modules-2/files-2.1/org.apache.commons/commons-compress/1.4.1/b02e84a993d88568417536240e970c4b809126fd/commons-compress-1.4.1.jar, file:/Users/hpatel/.gradle/caches/modules-2/files-2.1/org.apache.hive.shims/hive-shims-common/0.13.1-cdh5.3.3/3d9e5245018fbde18f52c4ab25fc35afdec2fc0a/hive-shims-common-0.13.1-cdh5.3.3.jar, file:/Users/hpatel/.gradle/caches/modules-2/files-2.1/org.apache.hive.shims/hive-shims-common-secure/0.13.1-cdh5.3.3/6b29a16b2a41b89bdbbc681c257ad7f766a90bcb/hive-shims-common-secure-0.13.1-cdh5.3.3.jar, file:/Users/hpatel/.gradle/caches/modules-2/files-2.1/org.apache.hive.shims/hive-shims-0.23/0.13.1-cdh5.3.3/7ab834955a767af200d1d9151c204751637d9ca9/hive-shims-0.23-0.13.1-cdh5.3.3.jar, file:/Users/hpatel/.gradle/caches/modules-2/files-2.1/org.apache.hive.shims/hive-shims-scheduler/0.13.1-cdh5.3.3/b6644420b74f936a838f7f3fd2fa19c19add0449/hive-shims-scheduler-0.13.1-cdh5.3.3.jar, file:/Users/hpatel/.gradle/caches/modules-2/files-2.1/org.apache.hadoop/hadoop-mapreduce-client-common/2.5.0-cdh5.3.3/f0d777bb76ca9f540c0c81a45934f0f5cf9975b8/hadoop-mapreduce-client-common-2.5.0-cdh5.3.3.jar, file:/Users/hpatel/.gradle/caches/modules-2/files-2.1/org.apache.hadoop/hadoop-mapreduce-client-shuffle/2.5.0-cdh5.3.3/b6c4316f6fcc406edf7e5bd77c50e46034ad5519/hadoop-mapreduce-client-shuffle-2.5.0-cdh5.3.3.jar, file:/Users/hpatel/.gradle/caches/modules-2/files-2.1/org.apache.hadoop/hadoop-yarn-common/2.5.0-cdh5.3.3/9499713b674eae1aa714fcd0e95e0d09daaf3824/hadoop-yarn-common-2.5.0-cdh5.3.3.jar, file:/Users/hpatel/.gradle/caches/modules-2/files-2.1/com.fasterxml.jackson.core/jackson-databind/2.2.3/3ae380888029daefb91d3ecdca3a37d8cb92bc9/jackson-databind-2.2.3.jar, file:/Users/hpatel/.gradle/caches/modules-2/files-2.1/com.fasterxml.jackson.core/jackson-annotations/2.2.3/527fece4f23a457070a36c371a26d6c0208e1c3/jackson-annotations-2.2.3.jar, file:/Users/hpatel/.gradle/caches/modules-2/files-2.1/com.amazonaws/aws-java-sdk/1.7.4/2c24ccb6f1ab845a7df971951d4b41c709a6517d/aws-java-sdk-1.7.4.jar, file:/Users/hpatel/.gradle/caches/modules-2/files-2.1/commons-digester/commons-digester/1.8/dc6a73fdbd1fa3f0944e8497c6c872fa21dca37e/commons-digester-1.8.jar, file:/Users/hpatel/.gradle/caches/modules-2/files-2.1/commons-beanutils/commons-beanutils-core/1.8.0/175dc721f87e4bc5cc0573f990e28c3cf9117508/commons-beanutils-core-1.8.0.jar, file:/Users/hpatel/.gradle/caches/modules-2/files-2.1/xml-apis/xml-apis/1.0.b2/3136ca936f64c9d68529f048c2618bd356bf85c9/xml-apis-1.0.b2.jar, file:/Users/hpatel/.gradle/caches/modules-2/files-2.1/com.thoughtworks.paranamer/paranamer/2.3/4a85963a752c0a2f715c3924bfc686865e7e1bc6/paranamer-2.3.jar, file:/Users/hpatel/.gradle/caches/modules-2/files-2.1/org.xerial.snappy/snappy-java/1.0.5/10cb4550360a0ec6b80f09a5209d00b6058e82bf/snappy-java-1.0.5.jar, file:/Users/hpatel/.gradle/caches/modules-2/files-2.1/org.codehaus.jettison/jettison/1.1/1a01a2a1218fcf9faa2cc2a6ced025bdea687262/jettison-1.1.jar, file:/Users/hpatel/.gradle/caches/modules-2/files-2.1/com.sun.xml.bind/jaxb-impl/2.2.3-1/56baae106392040a45a06d4a41099173425da1e6/jaxb-impl-2.2.3-1.jar, file:/Users/hpatel/.gradle/caches/modules-2/files-2.1/org.apache.directory.server/apacheds-kerberos-codec/2.0.0-M15/1c16e4e477183641c5f0dd5cdecd27ec331bacb5/apacheds-kerberos-codec-2.0.0-M15.jar, file:/Users/hpatel/.gradle/caches/modules-2/files-2.1/org.apache.curator/curator-framework/2.6.0/81a699c39d127b5b4ff97cc77da7650b53e5b5ed/curator-framework-2.6.0.jar, file:/Users/hpatel/.gradle/caches/modules-2/files-2.1/org.tukaani/xz/1.0/ecff5cb8b1189514c9d1d8d68eb77ac372e000c9/xz-1.0.jar, file:/Users/hpatel/.gradle/caches/modules-2/files-2.1/org.apache.hadoop/hadoop-yarn-client/2.5.0-cdh5.3.3/2d2ce5d0138d02b20aefcfc1ee8dd6f691911f63/hadoop-yarn-client-2.5.0-cdh5.3.3.jar, file:/Users/hpatel/.gradle/caches/modules-2/files-2.1/org.apache.hadoop/hadoop-yarn-server-common/2.5.0-cdh5.3.3/d099fcc19f56d477fa6b5b47ae4e06bb97538778/hadoop-yarn-server-common-2.5.0-cdh5.3.3.jar, file:/Users/hpatel/.gradle/caches/modules-2/files-2.1/org.apache.hadoop/hadoop-yarn-server-nodemanager/2.5.0-cdh5.3.3/278b2d7a6454ce57a94ab02a88c0b188afc8facc/hadoop-yarn-server-nodemanager-2.5.0-cdh5.3.3.jar, file:/Users/hpatel/.gradle/caches/modules-2/files-2.1/org.fusesource.leveldbjni/leveldbjni-all/1.8/707350a2eeb1fa2ed77a32ddb3893ed308e941db/leveldbjni-all-1.8.jar, file:/Users/hpatel/.gradle/caches/modules-2/files-2.1/javax.xml.bind/jaxb-api/2.2.2/aeb3021ca93dde265796d82015beecdcff95bf09/jaxb-api-2.2.2.jar, file:/Users/hpatel/.gradle/caches/modules-2/files-2.1/com.google.inject/guice/3.0/9d84f15fe35e2c716a02979fb62f50a29f38aefa/guice-3.0.jar, file:/Users/hpatel/.gradle/caches/modules-2/files-2.1/com.sun.jersey.contribs/jersey-guice/1.9/5963c28c47df7e5d6ad34cec80c071c368777f7b/jersey-guice-1.9.jar, file:/Users/hpatel/.gradle/caches/modules-2/files-2.1/com.fasterxml.jackson.core/jackson-core/2.2.3/1a0113da2cab5f4c216b4e5e7c1dbfaa67087e14/jackson-core-2.2.3.jar, file:/Users/hpatel/.gradle/caches/modules-2/files-2.1/commons-beanutils/commons-beanutils/1.7.0/5675fd96b29656504b86029551973d60fb41339b/commons-beanutils-1.7.0.jar, file:/Users/hpatel/.gradle/caches/modules-2/files-2.1/org.apache.directory.server/apacheds-i18n/2.0.0-M15/71c61c84683152ec2a6a65f3f96fe534e304fa22/apacheds-i18n-2.0.0-M15.jar, file:/Users/hpatel/.gradle/caches/modules-2/files-2.1/org.apache.directory.api/api-asn1-api/1.0.0-M20/5e6486ffa3125ba44dc410ead166e1d6ba8ac76d/api-asn1-api-1.0.0-M20.jar, file:/Users/hpatel/.gradle/caches/modules-2/files-2.1/org.apache.directory.api/api-util/1.0.0-M20/a871abf060b3cf83fc6dc4d7e3d151fce50ac3cb/api-util-1.0.0-M20.jar, file:/Users/hpatel/.gradle/caches/modules-2/files-2.1/com.sun.jersey/jersey-client/1.9/d3c4b2b5f89db32c96ceddcb863684821910a7bb/jersey-client-1.9.jar, file:/Users/hpatel/.gradle/caches/modules-2/files-2.1/javax.xml.stream/stax-api/1.0-2/d6337b0de8b25e53e81b922352fbea9f9f57ba0b/stax-api-1.0-2.jar, file:/Users/hpatel/.gradle/caches/modules-2/files-2.1/javax.activation/activation/1.1/e6cb541461c2834bdea3eb920f1884d1eb508b50/activation-1.1.jar, file:/Users/hpatel/.gradle/caches/modules-2/files-2.1/javax.inject/javax.inject/1/6975da39a7040257bd51d21a231b76c915872d38/javax.inject-1.jar, file:/Users/hpatel/.gradle/caches/modules-2/files-2.1/aopalliance/aopalliance/1.0/235ba8b489512805ac13a8f9ea77a1ca5ebe3e8/aopalliance-1.0.jar, file:/Users/hpatel/.gradle/caches/modules-2/files-2.1/org.sonatype.sisu.inject/cglib/2.2.1-v20090111/7ce5e983fd0e6c78346f4c9cbfa39d83049dda2/cglib-2.2.1-v20090111.jar, file:/Users/hpatel/.gradle/caches/modules-2/files-2.1/asm/asm/3.1/c157def142714c544bdea2e6144645702adf7097/asm-3.1.jar, file:/Users/hpatel/.gradle/caches/modules-2/files-2.1/org.apache.hive/hive-service/0.13.1-cdh5.3.3/c7979b4213bfb62823d43ba726e0fea58032dd1e/hive-service-0.13.1-cdh5.3.3.jar, file:/Users/hpatel/.gradle/caches/modules-2/files-2.1/net.sf.jpam/jpam/1.1/cb3d91c2dfda767518a371dbb02edfd6a4aa0600/jpam-1.1.jar, file:/Users/hpatel/.gradle/caches/modules-2/files-2.1/org.eclipse.jetty.aggregate/jetty-all/7.6.0.v20120127/47bb68e3837e5c6422138dd1e0d4d75c60dce87a/jetty-all-7.6.0.v20120127.jar, file:/Users/hpatel/.gradle/caches/modules-2/files-2.1/org.apache.thrift/libfb303/0.9.0/639bd69767fdbd7f658ce8233248fe1cea635164/libfb303-0.9.0.jar, file:/Users/hpatel/.gradle/caches/modules-2/files-2.1/org.apache.geronimo.specs/geronimo-jta_1.1_spec/1.1.1/aabab3165b8ea936b9360abbf448459c0d04a5a4/geronimo-jta_1.1_spec-1.1.1.jar, file:/Users/hpatel/.gradle/caches/modules-2/files-2.1/javax.mail/mail/1.4.1/8b7bc69010655425dabf091b51d1e90b4de36715/mail-1.4.1.jar, file:/Users/hpatel/.gradle/caches/modules-2/files-2.1/org.apache.geronimo.specs/geronimo-jaspic_1.0_spec/1.0/44b95be7dae1147716dce5336419eafade880756/geronimo-jaspic_1.0_spec-1.0.jar, file:/Users/hpatel/.gradle/caches/modules-2/files-2.1/org.apache.geronimo.specs/geronimo-annotation_1.0_spec/1.1.1/47caa799389f69d297b86bf90523d431599c3796/geronimo-annotation_1.0_spec-1.1.1.jar, file:/Users/hpatel/.gradle/caches/modules-2/files-2.1/asm/asm-commons/3.1/1b607fbfe7889c6fdff1b7c16439ade0a60869ac/asm-commons-3.1.jar, file:/Users/hpatel/.gradle/caches/modules-2/files-2.1/asm/asm-tree/3.1/c9a5d4334ddf194ea492f22107d45119a5c5322f/asm-tree-3.1.jar, file:/Users/hpatel/.gradle/caches/modules-2/files-2.1/commons-lang/commons-lang/2.6/ce1edb914c94ebc388f086c6827e8bdeec71ac2/commons-lang-2.6.jar, file:/Users/hpatel/.gradle/caches/modules-2/files-2.1/org.mortbay.jetty/jetty/6.1.26.cloudera.4/d59325a5ff8ff18f7543bc3fbb9d5efa0c0ff521/jetty-6.1.26.cloudera.4.jar, file:/Users/hpatel/.gradle/caches/modules-2/files-2.1/org.mortbay.jetty/jetty-util/6.1.26.cloudera.4/b8507b7c5d3fd9a3d01775272cbf1a63f530c19d/jetty-util-6.1.26.cloudera.4.jar, file:/Users/hpatel/.gradle/caches/modules-2/files-2.1/net.java.dev.jets3t/jets3t/0.9.0/792bc96ee7e57b89f472aa0cb5a31015b9f59c96/jets3t-0.9.0.jar, file:/Users/hpatel/.gradle/caches/modules-2/files-2.1/com.jamesmurty.utils/java-xmlbuilder/0.4/ac5962e48cdee3a0a6e1f8e00fcb594747ac5aaf/java-xmlbuilder-0.4.jar, file:/Users/hpatel/.gradle/caches/modules-2/files-2.1/com.google.protobuf/protobuf-java/2.5.0/a10732c76bfacdbd633a7eb0f7968b1059a65dfa/protobuf-java-2.5.0.jar, file:/Users/hpatel/.gradle/caches/modules-2/files-2.1/org.apache.hive/hive-exec/0.13.1-cdh5.3.3/4d935274127f47dd9c0875efcf317ba49aef1219/hive-exec-0.13.1-cdh5.3.3.jar, file:/Users/hpatel/.gradle/caches/modules-2/files-2.1/org.apache.hive/hive-ant/0.13.1-cdh5.3.3/86954e92a903253177cd6935798c50a6c32b7b81/hive-ant-0.13.1-cdh5.3.3.jar, file:/Users/hpatel/.gradle/caches/modules-2/files-2.1/org.antlr/antlr-runtime/3.4/8f011408269a8e42b8548687e137d8eeb56df4b4/antlr-runtime-3.4.jar, file:/Users/hpatel/.gradle/caches/modules-2/files-2.1/org.antlr/ST4/4.0.4/467a2aa12be6d0f0f68c70eecf6714ab733027ac/ST4-4.0.4.jar, file:/Users/hpatel/.gradle/caches/modules-2/files-2.1/org.apache.ant/ant/1.9.1/35900c96dbebc85dcfbd71f4661059ebcf93c077/ant-1.9.1.jar, file:/Users/hpatel/.gradle/caches/modules-2/files-2.1/org.codehaus.groovy/groovy-all/2.1.6/165b8246372a829c1915611646f6d964010656cf/groovy-all-2.1.6.jar, file:/Users/hpatel/.gradle/caches/modules-2/files-2.1/stax/stax-api/1.0.1/49c100caf72d658aca8e58bd74a4ba90fa2b0d70/stax-api-1.0.1.jar, file:/Users/hpatel/.gradle/caches/modules-2/files-2.1/org.apache.velocity/velocity/1.5/9f306baf7523ffc0e81a6353d08a584d254133b/velocity-1.5.jar, file:/Users/hpatel/.gradle/caches/modules-2/files-2.1/org.antlr/stringtemplate/3.2.1/59ec8083721eae215c6f3caee944c410d2be34de/stringtemplate-3.2.1.jar, file:/Users/hpatel/.gradle/caches/modules-2/files-2.1/antlr/antlr/2.7.7/83cd2cd674a217ade95a4bb83a8a14f351f48bd0/antlr-2.7.7.jar, file:/Users/hpatel/.gradle/caches/modules-2/files-2.1/org.apache.ant/ant-launcher/1.9.1/7c71043ca185eaada9e36391dd022d92859327de/ant-launcher-1.9.1.jar, file:/Users/hpatel/.gradle/caches/modules-2/files-2.1/oro/oro/2.0.8/5592374f834645c4ae250f4c9fbb314c9369d698/oro-2.0.8.jar, file:/Users/hpatel/.gradle/caches/modules-2/files-2.1/org.codehaus.jackson/jackson-core-asl/1.9.13/3c304d70f42f832e0a86d45bd437f692129299a4/jackson-core-asl-1.9.13.jar, file:/Users/hpatel/.gradle/caches/modules-2/files-2.1/org.codehaus.jackson/jackson-mapper-asl/1.9.13/1ee2f2bed0e5dd29d1cb155a166e6f8d50bbddb7/jackson-mapper-asl-1.9.13.jar, file:/Users/hpatel/.gradle/caches/modules-2/files-2.1/org.slf4j/slf4j-api/1.7.6/562424e36df3d2327e8e9301a76027fca17d54ea/slf4j-api-1.7.6.jar, file:/Users/hpatel/.gradle/caches/modules-2/files-2.1/com.sun.jersey/jersey-server/1.14/b1a21724c9b708ed54d42d41bb19ff45ae1d49d9/jersey-server-1.14.jar, file:/Users/hpatel/.gradle/caches/modules-2/files-2.1/org.apache.httpcomponents/httpclient/4.2.5/666e26e76f2e87d84e4f16acb546481ae1b8e9a6/httpclient-4.2.5.jar, file:/Users/hpatel/.gradle/caches/modules-2/files-2.1/org.apache.zookeeper/zookeeper/3.4.6/1b2502e29da1ebaade2357cd1de35a855fa3755/zookeeper-3.4.6.jar, file:/Users/hpatel/.gradle/caches/modules-2/files-2.1/com.google.guava/guava/16.0.1/5fa98cd1a63c99a44dd8d3b77e4762b066a5d0c5/guava-16.0.1.jar, file:/Users/hpatel/.gradle/caches/modules-2/files-2.1/org.codehaus.jackson/jackson-jaxrs/1.8.8/71b16055388e9bd3991c3c3834e8e55098b789f1/jackson-jaxrs-1.8.8.jar, file:/Users/hpatel/.gradle/caches/modules-2/files-2.1/org.codehaus.jackson/jackson-xc/1.8.8/52efa08bc1e4cfea168f552b9e3088297d9d0926/jackson-xc-1.8.8.jar, file:/Users/hpatel/.gradle/caches/modules-2/files-2.1/org.apache.hive/hive-metastore/0.13.1-cdh5.3.3/ca93686a17f064a5ab6587799721cddd7836e53a/hive-metastore-0.13.1-cdh5.3.3.jar, file:/Users/hpatel/.gradle/caches/modules-2/files-2.1/com.jolbox/bonecp/0.8.0.RELEASE/cec24ee9345b3678472bb1b8fdd6aa6b9428beb8/bonecp-0.8.0.RELEASE.jar, file:/Users/hpatel/.gradle/caches/modules-2/files-2.1/org.apache.derby/derby/10.10.1.1/9f6f910f0373adc1b23c10f9b4bb151b7e7449f/derby-10.10.1.1.jar, file:/Users/hpatel/.gradle/caches/modules-2/files-2.1/javax.jdo/jdo-api/3.0.1/58e7a538e020b73871e232eeb064835fd98a492/jdo-api-3.0.1.jar, file:/Users/hpatel/.gradle/caches/modules-2/files-2.1/javax.transaction/jta/1.1/2ca09f0b36ca7d71b762e14ea2ff09d5eac57558/jta-1.1.jar, file:/Users/hpatel/.gradle/caches/modules-2/files-2.1/org.apache.thrift/libthrift/0.9.0/9ba8df332b5db95ce7f3b7a83e44d796c3d014d3/libthrift-0.9.0.jar, file:/Users/hpatel/.gradle/caches/modules-2/files-2.1/org.apache.httpcomponents/httpcore/4.2.4/3b7f38df6de5dd8b500e602ae8c2dd5ee446f883/httpcore-4.2.4.jar, file:/Users/hpatel/.gradle/caches/modules-2/files-2.1/com.sun.jersey/jersey-core/1.14/693061de8b9b352b11e997b1dd4052677778852d/jersey-core-1.14.jar, file:/Users/hpatel/.gradle/caches/modules-2/files-2.1/commons-codec/commons-codec/1.6/b7f0fc8f61ecadeb3695f0b9464755eee44374d4/commons-codec-1.6.jar, file:/Users/hpatel/.gradle/caches/modules-2/files-2.1/io.netty/netty/3.7.0.Final/7a8c35599c68c0bf383df74469aa3e03d9aca87/netty-3.7.0.Final.jar]
15/09/06 13:13:55 INFO mr.ObjectCache: Ignoring retrieval request: __REDUCE_PLAN__
15/09/06 13:13:55 INFO log.PerfLogger: <PERFLOG method=deserializePlan from=org.apache.hadoop.hive.ql.exec.Utilities>
15/09/06 13:13:55 INFO exec.Utilities: Deserializing ReduceWork via kryo
15/09/06 13:13:55 INFO log.PerfLogger: </PERFLOG method=deserializePlan start=1441563235607 end=1441563235617 duration=10 from=org.apache.hadoop.hive.ql.exec.Utilities>
15/09/06 13:13:55 INFO mr.ObjectCache: Ignoring cache key: __REDUCE_PLAN__
15/09/06 13:13:55 INFO ExecReducer: 
<EX>Id =191
  <Children>
    <FS>Id =192
      <Children>
      <\Children>
      <Parent>Id = 191 null<\Parent>
    <\FS>
  <\Children>
  <Parent><\Parent>
<\EX>
15/09/06 13:13:55 INFO exec.ExtractOperator: Initializing Self 191 EX
15/09/06 13:13:55 INFO exec.ExtractOperator: Operator 191 EX initialized
15/09/06 13:13:55 INFO exec.ExtractOperator: Initializing children of 191 EX
15/09/06 13:13:55 INFO exec.FileSinkOperator: Initializing child 192 FS
15/09/06 13:13:55 INFO exec.FileSinkOperator: Initializing Self 192 FS
15/09/06 13:13:55 INFO avro.AvroSerDe: Avro schema is {"type":"record","name":"DEALER_HIERARCHY_CORE","doc":"Sqoop import of DEALER_HIERARCHY","fields":[{"name":"File_Name","type":["string","null"],"columnName":"File_Name"},{"name":"GEN_ID","type":["string","null"],"columnName":"GEN_ID"},{"name":"DMS_SYSTEM","type":["string","null"],"columnName":"DMS_SYSTEM"},{"name":"DMS_VERSION","type":["string","null"],"columnName":"DMS_VERSION"},{"name":"TRANSMIT_TS","type":["string","null"],"columnName":"TRANSMIT_TS"},{"name":"ORIG_TRANSMIT_TS","type":["string","null"],"columnName":"TRANSMIT_TS"},{"name":"TRANSMIT_BY","type":["string","null"],"columnName":"TRANSMIT_BY"},{"name":"RECORD_STATUS","type":["string","null"],"columnName":"RECORD_STATUS"},{"name":"DEALER_UPDT_IND","type":["string","null"],"columnName":"DEALER_UPDT_IND","sqlType":"1"},{"name":"STORE_NUMBER","type":["string","null"],"columnName":"STORE_NUMBER"},{"name":"PART_TYPE","type":["string","null"],"columnName":"PART_TYPE"},{"name":"STORE_NAME","type":["string","null"],"columnName":"STORE_NAME"},{"name":"INVENTORY_STORE_NUMBER","type":["string","null"],"columnName":"INVENTORY_STORE_NUMBER"},{"name":"CAT_EMRG_DEALER_CODE","type":["string","null"],"columnName":"CAT_EMRG_DEALER_CODE"},{"name":"CAT_STOCK_DEALER_CODE","type":["string","null"],"columnName":"CAT_STOCK_DEALER_CODE"},{"name":"STOCK_REPLEN_STORE_NUMBER","type":["string","null"],"columnName":"STOCK_REPLEN_STORE_NUMBER"},{"name":"STOCK_REPLEN_LEAD_TIME","type":["string","null"],"columnName":"STOCK_REPLEN_LEAD_TIME"},{"name":"LST_UPDT_TS","type":["string","null"],"columnName":"LST_UPDT_TS"},{"name":"ORIG_LST_UPDT_TS","type":["string","null"],"columnName":"ORIG_LST_UPDT_TS"},{"name":"LST_UPDT_BY_ID","type":["string","null"],"columnName":"LST_UPDT_BY_ID"},{"name":"FILE_INS_TS","type":["string","null"],"columnName":"FILE_INS_TS"},{"name":"ORIG_FILE_INS_TS","type":["string","null"],"columnName":"ORIG_FILE_INS_TS"},{"name":"EXP_STOCK_PLAN_LEAD_TIME","type":["string","null"],"columnName":"EXP_STOCK_PLAN_LEAD_TIME"}],"tableName":"DEALER_HIERARCHY_CORE"}
15/09/06 13:13:55 INFO avro.AvroSerDe: Configuration null, not inserting schema
15/09/06 13:13:55 INFO exec.FileSinkOperator: Operator 192 FS initialized
15/09/06 13:13:55 INFO exec.FileSinkOperator: Initialization Done 192 FS
15/09/06 13:13:55 INFO exec.ExtractOperator: Initialization Done 191 EX
15/09/06 13:13:55 INFO exec.FileSinkOperator: Final Path: FS file:/var/folders/y7/4_pz5fzx54ngcmghz3v6t3m00000gn/T/junit4401635926319421423/hadooptmp/dealer_hierarchy/core_data/.hive-staging_hive_2015-09-06_13-13-55_373_5537949944088186726-1/_tmp.-ext-10000/dealer_code=AAAA/000000_0
15/09/06 13:13:55 INFO exec.FileSinkOperator: Writing to temp file: FS file:/var/folders/y7/4_pz5fzx54ngcmghz3v6t3m00000gn/T/junit4401635926319421423/hadooptmp/dealer_hierarchy/core_data/.hive-staging_hive_2015-09-06_13-13-55_373_5537949944088186726-1/_task_tmp.-ext-10000/dealer_code=AAAA/_tmp.000000_0
15/09/06 13:13:55 INFO exec.FileSinkOperator: New Final Path: FS file:/var/folders/y7/4_pz5fzx54ngcmghz3v6t3m00000gn/T/junit4401635926319421423/hadooptmp/dealer_hierarchy/core_data/.hive-staging_hive_2015-09-06_13-13-55_373_5537949944088186726-1/_tmp.-ext-10000/dealer_code=AAAA/000000_0
15/09/06 13:13:55 INFO ExecReducer: ExecReducer: processing 1 rows: used memory = 1501368312
15/09/06 13:13:55 INFO lazybinary.LazyBinaryStruct: Missing fields! Expected 24 fields but only got 24! Ignoring similar problems.
15/09/06 13:13:55 INFO exec.FileSinkOperator: Final Path: FS file:/var/folders/y7/4_pz5fzx54ngcmghz3v6t3m00000gn/T/junit4401635926319421423/hadooptmp/dealer_hierarchy/core_data/.hive-staging_hive_2015-09-06_13-13-55_373_5537949944088186726-1/_tmp.-ext-10000/dealer_code=ZZZZ/000000_0
15/09/06 13:13:55 INFO exec.FileSinkOperator: Writing to temp file: FS file:/var/folders/y7/4_pz5fzx54ngcmghz3v6t3m00000gn/T/junit4401635926319421423/hadooptmp/dealer_hierarchy/core_data/.hive-staging_hive_2015-09-06_13-13-55_373_5537949944088186726-1/_task_tmp.-ext-10000/dealer_code=ZZZZ/_tmp.000000_0
15/09/06 13:13:55 INFO exec.FileSinkOperator: New Final Path: FS file:/var/folders/y7/4_pz5fzx54ngcmghz3v6t3m00000gn/T/junit4401635926319421423/hadooptmp/dealer_hierarchy/core_data/.hive-staging_hive_2015-09-06_13-13-55_373_5537949944088186726-1/_tmp.-ext-10000/dealer_code=ZZZZ/000000_0
15/09/06 13:13:55 INFO ExecReducer: ExecReducer: processed 4 rows: used memory = 1508244424
15/09/06 13:13:55 INFO exec.ExtractOperator: 191 finished. closing... 
15/09/06 13:13:55 INFO exec.FileSinkOperator: 192 finished. closing... 
15/09/06 13:13:55 INFO exec.FileSinkOperator: FS[192]: records written - 4
15/09/06 13:13:55 INFO exec.FileSinkOperator: RECORDS_OUT_1:4
15/09/06 13:13:55 INFO exec.FileSinkOperator: 192 Close done
15/09/06 13:13:55 INFO exec.ExtractOperator: 191 Close done
15/09/06 13:13:55 INFO mapred.Task: Task:attempt_local104522975_0013_r_000000_0 is done. And is in the process of commiting
15/09/06 13:13:55 INFO mapred.LocalJobRunner: reduce > reduce
15/09/06 13:13:55 INFO mapred.Task: Task 'attempt_local104522975_0013_r_000000_0' done.
2015-09-06 13:13:55,657 Stage-1 map = 100%,  reduce = 100%
15/09/06 13:13:55 INFO exec.Task: 2015-09-06 13:13:55,657 Stage-1 map = 100%,  reduce = 100%
Ended Job = job_local104522975_0013
15/09/06 13:13:55 INFO exec.Task: Ended Job = job_local104522975_0013
15/09/06 13:13:55 INFO exec.FileSinkOperator: Moving tmp dir: file:/var/folders/y7/4_pz5fzx54ngcmghz3v6t3m00000gn/T/junit4401635926319421423/hadooptmp/dealer_hierarchy/core_data/.hive-staging_hive_2015-09-06_13-13-55_373_5537949944088186726-1/_tmp.-ext-10000 to: file:/var/folders/y7/4_pz5fzx54ngcmghz3v6t3m00000gn/T/junit4401635926319421423/hadooptmp/dealer_hierarchy/core_data/.hive-staging_hive_2015-09-06_13-13-55_373_5537949944088186726-1/-ext-10000
15/09/06 13:13:55 INFO log.PerfLogger: <PERFLOG method=task.MOVE.Stage-0 from=org.apache.hadoop.hive.ql.Driver>
Loading data to table ddsw_dev.dealer_hierarchy_core partition (dealer_code=null)
15/09/06 13:13:55 INFO exec.Task: Loading data to table ddsw_dev.dealer_hierarchy_core partition (dealer_code=null) from file:/var/folders/y7/4_pz5fzx54ngcmghz3v6t3m00000gn/T/junit4401635926319421423/hadooptmp/dealer_hierarchy/core_data/.hive-staging_hive_2015-09-06_13-13-55_373_5537949944088186726-1/-ext-10000
15/09/06 13:13:55 INFO metastore.HiveMetaStore: 0: get_table : db=ddsw_dev tbl=dealer_hierarchy_core
15/09/06 13:13:55 INFO HiveMetaStore.audit: ugi=hpatel	ip=unknown-ip-addr	cmd=get_table : db=ddsw_dev tbl=dealer_hierarchy_core	
15/09/06 13:13:55 INFO avro.AvroSerDe: Avro schema is {"type":"record","name":"DEALER_HIERARCHY_CORE","doc":"Sqoop import of DEALER_HIERARCHY","fields":[{"name":"File_Name","type":["string","null"],"columnName":"File_Name"},{"name":"GEN_ID","type":["string","null"],"columnName":"GEN_ID"},{"name":"DMS_SYSTEM","type":["string","null"],"columnName":"DMS_SYSTEM"},{"name":"DMS_VERSION","type":["string","null"],"columnName":"DMS_VERSION"},{"name":"TRANSMIT_TS","type":["string","null"],"columnName":"TRANSMIT_TS"},{"name":"ORIG_TRANSMIT_TS","type":["string","null"],"columnName":"TRANSMIT_TS"},{"name":"TRANSMIT_BY","type":["string","null"],"columnName":"TRANSMIT_BY"},{"name":"RECORD_STATUS","type":["string","null"],"columnName":"RECORD_STATUS"},{"name":"DEALER_UPDT_IND","type":["string","null"],"columnName":"DEALER_UPDT_IND","sqlType":"1"},{"name":"STORE_NUMBER","type":["string","null"],"columnName":"STORE_NUMBER"},{"name":"PART_TYPE","type":["string","null"],"columnName":"PART_TYPE"},{"name":"STORE_NAME","type":["string","null"],"columnName":"STORE_NAME"},{"name":"INVENTORY_STORE_NUMBER","type":["string","null"],"columnName":"INVENTORY_STORE_NUMBER"},{"name":"CAT_EMRG_DEALER_CODE","type":["string","null"],"columnName":"CAT_EMRG_DEALER_CODE"},{"name":"CAT_STOCK_DEALER_CODE","type":["string","null"],"columnName":"CAT_STOCK_DEALER_CODE"},{"name":"STOCK_REPLEN_STORE_NUMBER","type":["string","null"],"columnName":"STOCK_REPLEN_STORE_NUMBER"},{"name":"STOCK_REPLEN_LEAD_TIME","type":["string","null"],"columnName":"STOCK_REPLEN_LEAD_TIME"},{"name":"LST_UPDT_TS","type":["string","null"],"columnName":"LST_UPDT_TS"},{"name":"ORIG_LST_UPDT_TS","type":["string","null"],"columnName":"ORIG_LST_UPDT_TS"},{"name":"LST_UPDT_BY_ID","type":["string","null"],"columnName":"LST_UPDT_BY_ID"},{"name":"FILE_INS_TS","type":["string","null"],"columnName":"FILE_INS_TS"},{"name":"ORIG_FILE_INS_TS","type":["string","null"],"columnName":"ORIG_FILE_INS_TS"},{"name":"EXP_STOCK_PLAN_LEAD_TIME","type":["string","null"],"columnName":"EXP_STOCK_PLAN_LEAD_TIME"}],"tableName":"DEALER_HIERARCHY_CORE"}
15/09/06 13:13:55 INFO avro.AvroSerDe: Avro schema is {"type":"record","name":"DEALER_HIERARCHY_CORE","doc":"Sqoop import of DEALER_HIERARCHY","fields":[{"name":"File_Name","type":["string","null"],"columnName":"File_Name"},{"name":"GEN_ID","type":["string","null"],"columnName":"GEN_ID"},{"name":"DMS_SYSTEM","type":["string","null"],"columnName":"DMS_SYSTEM"},{"name":"DMS_VERSION","type":["string","null"],"columnName":"DMS_VERSION"},{"name":"TRANSMIT_TS","type":["string","null"],"columnName":"TRANSMIT_TS"},{"name":"ORIG_TRANSMIT_TS","type":["string","null"],"columnName":"TRANSMIT_TS"},{"name":"TRANSMIT_BY","type":["string","null"],"columnName":"TRANSMIT_BY"},{"name":"RECORD_STATUS","type":["string","null"],"columnName":"RECORD_STATUS"},{"name":"DEALER_UPDT_IND","type":["string","null"],"columnName":"DEALER_UPDT_IND","sqlType":"1"},{"name":"STORE_NUMBER","type":["string","null"],"columnName":"STORE_NUMBER"},{"name":"PART_TYPE","type":["string","null"],"columnName":"PART_TYPE"},{"name":"STORE_NAME","type":["string","null"],"columnName":"STORE_NAME"},{"name":"INVENTORY_STORE_NUMBER","type":["string","null"],"columnName":"INVENTORY_STORE_NUMBER"},{"name":"CAT_EMRG_DEALER_CODE","type":["string","null"],"columnName":"CAT_EMRG_DEALER_CODE"},{"name":"CAT_STOCK_DEALER_CODE","type":["string","null"],"columnName":"CAT_STOCK_DEALER_CODE"},{"name":"STOCK_REPLEN_STORE_NUMBER","type":["string","null"],"columnName":"STOCK_REPLEN_STORE_NUMBER"},{"name":"STOCK_REPLEN_LEAD_TIME","type":["string","null"],"columnName":"STOCK_REPLEN_LEAD_TIME"},{"name":"LST_UPDT_TS","type":["string","null"],"columnName":"LST_UPDT_TS"},{"name":"ORIG_LST_UPDT_TS","type":["string","null"],"columnName":"ORIG_LST_UPDT_TS"},{"name":"LST_UPDT_BY_ID","type":["string","null"],"columnName":"LST_UPDT_BY_ID"},{"name":"FILE_INS_TS","type":["string","null"],"columnName":"FILE_INS_TS"},{"name":"ORIG_FILE_INS_TS","type":["string","null"],"columnName":"ORIG_FILE_INS_TS"},{"name":"EXP_STOCK_PLAN_LEAD_TIME","type":["string","null"],"columnName":"EXP_STOCK_PLAN_LEAD_TIME"}],"tableName":"DEALER_HIERARCHY_CORE"}
15/09/06 13:13:55 INFO exec.MoveTask: Partition is: {dealer_code=null}
15/09/06 13:13:55 INFO metastore.HiveMetaStore: 0: partition_name_has_valid_characters
15/09/06 13:13:55 INFO HiveMetaStore.audit: ugi=hpatel	ip=unknown-ip-addr	cmd=partition_name_has_valid_characters	
15/09/06 13:13:55 INFO metastore.HiveMetaStore: 0: partition_name_has_valid_characters
15/09/06 13:13:55 INFO HiveMetaStore.audit: ugi=hpatel	ip=unknown-ip-addr	cmd=partition_name_has_valid_characters	
15/09/06 13:13:55 INFO metastore.HiveMetaStore: 0: get_table : db=ddsw_dev tbl=dealer_hierarchy_core
15/09/06 13:13:55 INFO HiveMetaStore.audit: ugi=hpatel	ip=unknown-ip-addr	cmd=get_table : db=ddsw_dev tbl=dealer_hierarchy_core	
15/09/06 13:13:55 INFO avro.AvroSerDe: Avro schema is {"type":"record","name":"DEALER_HIERARCHY_CORE","doc":"Sqoop import of DEALER_HIERARCHY","fields":[{"name":"File_Name","type":["string","null"],"columnName":"File_Name"},{"name":"GEN_ID","type":["string","null"],"columnName":"GEN_ID"},{"name":"DMS_SYSTEM","type":["string","null"],"columnName":"DMS_SYSTEM"},{"name":"DMS_VERSION","type":["string","null"],"columnName":"DMS_VERSION"},{"name":"TRANSMIT_TS","type":["string","null"],"columnName":"TRANSMIT_TS"},{"name":"ORIG_TRANSMIT_TS","type":["string","null"],"columnName":"TRANSMIT_TS"},{"name":"TRANSMIT_BY","type":["string","null"],"columnName":"TRANSMIT_BY"},{"name":"RECORD_STATUS","type":["string","null"],"columnName":"RECORD_STATUS"},{"name":"DEALER_UPDT_IND","type":["string","null"],"columnName":"DEALER_UPDT_IND","sqlType":"1"},{"name":"STORE_NUMBER","type":["string","null"],"columnName":"STORE_NUMBER"},{"name":"PART_TYPE","type":["string","null"],"columnName":"PART_TYPE"},{"name":"STORE_NAME","type":["string","null"],"columnName":"STORE_NAME"},{"name":"INVENTORY_STORE_NUMBER","type":["string","null"],"columnName":"INVENTORY_STORE_NUMBER"},{"name":"CAT_EMRG_DEALER_CODE","type":["string","null"],"columnName":"CAT_EMRG_DEALER_CODE"},{"name":"CAT_STOCK_DEALER_CODE","type":["string","null"],"columnName":"CAT_STOCK_DEALER_CODE"},{"name":"STOCK_REPLEN_STORE_NUMBER","type":["string","null"],"columnName":"STOCK_REPLEN_STORE_NUMBER"},{"name":"STOCK_REPLEN_LEAD_TIME","type":["string","null"],"columnName":"STOCK_REPLEN_LEAD_TIME"},{"name":"LST_UPDT_TS","type":["string","null"],"columnName":"LST_UPDT_TS"},{"name":"ORIG_LST_UPDT_TS","type":["string","null"],"columnName":"ORIG_LST_UPDT_TS"},{"name":"LST_UPDT_BY_ID","type":["string","null"],"columnName":"LST_UPDT_BY_ID"},{"name":"FILE_INS_TS","type":["string","null"],"columnName":"FILE_INS_TS"},{"name":"ORIG_FILE_INS_TS","type":["string","null"],"columnName":"ORIG_FILE_INS_TS"},{"name":"EXP_STOCK_PLAN_LEAD_TIME","type":["string","null"],"columnName":"EXP_STOCK_PLAN_LEAD_TIME"}],"tableName":"DEALER_HIERARCHY_CORE"}
15/09/06 13:13:55 INFO avro.AvroSerDe: Avro schema is {"type":"record","name":"DEALER_HIERARCHY_CORE","doc":"Sqoop import of DEALER_HIERARCHY","fields":[{"name":"File_Name","type":["string","null"],"columnName":"File_Name"},{"name":"GEN_ID","type":["string","null"],"columnName":"GEN_ID"},{"name":"DMS_SYSTEM","type":["string","null"],"columnName":"DMS_SYSTEM"},{"name":"DMS_VERSION","type":["string","null"],"columnName":"DMS_VERSION"},{"name":"TRANSMIT_TS","type":["string","null"],"columnName":"TRANSMIT_TS"},{"name":"ORIG_TRANSMIT_TS","type":["string","null"],"columnName":"TRANSMIT_TS"},{"name":"TRANSMIT_BY","type":["string","null"],"columnName":"TRANSMIT_BY"},{"name":"RECORD_STATUS","type":["string","null"],"columnName":"RECORD_STATUS"},{"name":"DEALER_UPDT_IND","type":["string","null"],"columnName":"DEALER_UPDT_IND","sqlType":"1"},{"name":"STORE_NUMBER","type":["string","null"],"columnName":"STORE_NUMBER"},{"name":"PART_TYPE","type":["string","null"],"columnName":"PART_TYPE"},{"name":"STORE_NAME","type":["string","null"],"columnName":"STORE_NAME"},{"name":"INVENTORY_STORE_NUMBER","type":["string","null"],"columnName":"INVENTORY_STORE_NUMBER"},{"name":"CAT_EMRG_DEALER_CODE","type":["string","null"],"columnName":"CAT_EMRG_DEALER_CODE"},{"name":"CAT_STOCK_DEALER_CODE","type":["string","null"],"columnName":"CAT_STOCK_DEALER_CODE"},{"name":"STOCK_REPLEN_STORE_NUMBER","type":["string","null"],"columnName":"STOCK_REPLEN_STORE_NUMBER"},{"name":"STOCK_REPLEN_LEAD_TIME","type":["string","null"],"columnName":"STOCK_REPLEN_LEAD_TIME"},{"name":"LST_UPDT_TS","type":["string","null"],"columnName":"LST_UPDT_TS"},{"name":"ORIG_LST_UPDT_TS","type":["string","null"],"columnName":"ORIG_LST_UPDT_TS"},{"name":"LST_UPDT_BY_ID","type":["string","null"],"columnName":"LST_UPDT_BY_ID"},{"name":"FILE_INS_TS","type":["string","null"],"columnName":"FILE_INS_TS"},{"name":"ORIG_FILE_INS_TS","type":["string","null"],"columnName":"ORIG_FILE_INS_TS"},{"name":"EXP_STOCK_PLAN_LEAD_TIME","type":["string","null"],"columnName":"EXP_STOCK_PLAN_LEAD_TIME"}],"tableName":"DEALER_HIERARCHY_CORE"}
15/09/06 13:13:55 INFO metastore.HiveMetaStore: 0: get_partition_with_auth : db=ddsw_dev tbl=dealer_hierarchy_core[AAAA]
15/09/06 13:13:55 INFO HiveMetaStore.audit: ugi=hpatel	ip=unknown-ip-addr	cmd=get_partition_with_auth : db=ddsw_dev tbl=dealer_hierarchy_core[AAAA]	
15/09/06 13:13:55 INFO common.FileUtils: Creating directory if it doesn't exist: file:/var/folders/y7/4_pz5fzx54ngcmghz3v6t3m00000gn/T/junit4401635926319421423/hadooptmp/dealer_hierarchy/core_data/dealer_code=AAAA
15/09/06 13:13:55 INFO session.SessionState: Could not get hdfsEncryptionShim, it is only applicable to hdfs filesystem.
15/09/06 13:13:55 INFO metadata.Hive: Renaming src: file:/var/folders/y7/4_pz5fzx54ngcmghz3v6t3m00000gn/T/junit4401635926319421423/hadooptmp/dealer_hierarchy/core_data/.hive-staging_hive_2015-09-06_13-13-55_373_5537949944088186726-1/-ext-10000/dealer_code=AAAA/000000_0, dest: file:/var/folders/y7/4_pz5fzx54ngcmghz3v6t3m00000gn/T/junit4401635926319421423/hadooptmp/dealer_hierarchy/core_data/dealer_code=AAAA/000000_0, Status:true
15/09/06 13:13:55 INFO metastore.HiveMetaStore: 0: get_partition_with_auth : db=ddsw_dev tbl=dealer_hierarchy_core[AAAA]
15/09/06 13:13:55 INFO HiveMetaStore.audit: ugi=hpatel	ip=unknown-ip-addr	cmd=get_partition_with_auth : db=ddsw_dev tbl=dealer_hierarchy_core[AAAA]	
15/09/06 13:13:55 INFO metastore.HiveMetaStore: 0: append_partition : db=ddsw_dev tbl=dealer_hierarchy_core[AAAA]
15/09/06 13:13:55 INFO HiveMetaStore.audit: ugi=hpatel	ip=unknown-ip-addr	cmd=append_partition : db=ddsw_dev tbl=dealer_hierarchy_core[AAAA]	
15/09/06 13:13:55 INFO metadata.Hive: New loading path = file:/var/folders/y7/4_pz5fzx54ngcmghz3v6t3m00000gn/T/junit4401635926319421423/hadooptmp/dealer_hierarchy/core_data/.hive-staging_hive_2015-09-06_13-13-55_373_5537949944088186726-1/-ext-10000/dealer_code=AAAA with partSpec {dealer_code=AAAA}
15/09/06 13:13:55 INFO metastore.HiveMetaStore: 0: get_table : db=ddsw_dev tbl=dealer_hierarchy_core
15/09/06 13:13:55 INFO HiveMetaStore.audit: ugi=hpatel	ip=unknown-ip-addr	cmd=get_table : db=ddsw_dev tbl=dealer_hierarchy_core	
15/09/06 13:13:55 INFO avro.AvroSerDe: Avro schema is {"type":"record","name":"DEALER_HIERARCHY_CORE","doc":"Sqoop import of DEALER_HIERARCHY","fields":[{"name":"File_Name","type":["string","null"],"columnName":"File_Name"},{"name":"GEN_ID","type":["string","null"],"columnName":"GEN_ID"},{"name":"DMS_SYSTEM","type":["string","null"],"columnName":"DMS_SYSTEM"},{"name":"DMS_VERSION","type":["string","null"],"columnName":"DMS_VERSION"},{"name":"TRANSMIT_TS","type":["string","null"],"columnName":"TRANSMIT_TS"},{"name":"ORIG_TRANSMIT_TS","type":["string","null"],"columnName":"TRANSMIT_TS"},{"name":"TRANSMIT_BY","type":["string","null"],"columnName":"TRANSMIT_BY"},{"name":"RECORD_STATUS","type":["string","null"],"columnName":"RECORD_STATUS"},{"name":"DEALER_UPDT_IND","type":["string","null"],"columnName":"DEALER_UPDT_IND","sqlType":"1"},{"name":"STORE_NUMBER","type":["string","null"],"columnName":"STORE_NUMBER"},{"name":"PART_TYPE","type":["string","null"],"columnName":"PART_TYPE"},{"name":"STORE_NAME","type":["string","null"],"columnName":"STORE_NAME"},{"name":"INVENTORY_STORE_NUMBER","type":["string","null"],"columnName":"INVENTORY_STORE_NUMBER"},{"name":"CAT_EMRG_DEALER_CODE","type":["string","null"],"columnName":"CAT_EMRG_DEALER_CODE"},{"name":"CAT_STOCK_DEALER_CODE","type":["string","null"],"columnName":"CAT_STOCK_DEALER_CODE"},{"name":"STOCK_REPLEN_STORE_NUMBER","type":["string","null"],"columnName":"STOCK_REPLEN_STORE_NUMBER"},{"name":"STOCK_REPLEN_LEAD_TIME","type":["string","null"],"columnName":"STOCK_REPLEN_LEAD_TIME"},{"name":"LST_UPDT_TS","type":["string","null"],"columnName":"LST_UPDT_TS"},{"name":"ORIG_LST_UPDT_TS","type":["string","null"],"columnName":"ORIG_LST_UPDT_TS"},{"name":"LST_UPDT_BY_ID","type":["string","null"],"columnName":"LST_UPDT_BY_ID"},{"name":"FILE_INS_TS","type":["string","null"],"columnName":"FILE_INS_TS"},{"name":"ORIG_FILE_INS_TS","type":["string","null"],"columnName":"ORIG_FILE_INS_TS"},{"name":"EXP_STOCK_PLAN_LEAD_TIME","type":["string","null"],"columnName":"EXP_STOCK_PLAN_LEAD_TIME"}],"tableName":"DEALER_HIERARCHY_CORE"}
15/09/06 13:13:55 INFO avro.AvroSerDe: Avro schema is {"type":"record","name":"DEALER_HIERARCHY_CORE","doc":"Sqoop import of DEALER_HIERARCHY","fields":[{"name":"File_Name","type":["string","null"],"columnName":"File_Name"},{"name":"GEN_ID","type":["string","null"],"columnName":"GEN_ID"},{"name":"DMS_SYSTEM","type":["string","null"],"columnName":"DMS_SYSTEM"},{"name":"DMS_VERSION","type":["string","null"],"columnName":"DMS_VERSION"},{"name":"TRANSMIT_TS","type":["string","null"],"columnName":"TRANSMIT_TS"},{"name":"ORIG_TRANSMIT_TS","type":["string","null"],"columnName":"TRANSMIT_TS"},{"name":"TRANSMIT_BY","type":["string","null"],"columnName":"TRANSMIT_BY"},{"name":"RECORD_STATUS","type":["string","null"],"columnName":"RECORD_STATUS"},{"name":"DEALER_UPDT_IND","type":["string","null"],"columnName":"DEALER_UPDT_IND","sqlType":"1"},{"name":"STORE_NUMBER","type":["string","null"],"columnName":"STORE_NUMBER"},{"name":"PART_TYPE","type":["string","null"],"columnName":"PART_TYPE"},{"name":"STORE_NAME","type":["string","null"],"columnName":"STORE_NAME"},{"name":"INVENTORY_STORE_NUMBER","type":["string","null"],"columnName":"INVENTORY_STORE_NUMBER"},{"name":"CAT_EMRG_DEALER_CODE","type":["string","null"],"columnName":"CAT_EMRG_DEALER_CODE"},{"name":"CAT_STOCK_DEALER_CODE","type":["string","null"],"columnName":"CAT_STOCK_DEALER_CODE"},{"name":"STOCK_REPLEN_STORE_NUMBER","type":["string","null"],"columnName":"STOCK_REPLEN_STORE_NUMBER"},{"name":"STOCK_REPLEN_LEAD_TIME","type":["string","null"],"columnName":"STOCK_REPLEN_LEAD_TIME"},{"name":"LST_UPDT_TS","type":["string","null"],"columnName":"LST_UPDT_TS"},{"name":"ORIG_LST_UPDT_TS","type":["string","null"],"columnName":"ORIG_LST_UPDT_TS"},{"name":"LST_UPDT_BY_ID","type":["string","null"],"columnName":"LST_UPDT_BY_ID"},{"name":"FILE_INS_TS","type":["string","null"],"columnName":"FILE_INS_TS"},{"name":"ORIG_FILE_INS_TS","type":["string","null"],"columnName":"ORIG_FILE_INS_TS"},{"name":"EXP_STOCK_PLAN_LEAD_TIME","type":["string","null"],"columnName":"EXP_STOCK_PLAN_LEAD_TIME"}],"tableName":"DEALER_HIERARCHY_CORE"}
15/09/06 13:13:55 INFO metastore.HiveMetaStore: 0: get_partition_with_auth : db=ddsw_dev tbl=dealer_hierarchy_core[ZZZZ]
15/09/06 13:13:55 INFO HiveMetaStore.audit: ugi=hpatel	ip=unknown-ip-addr	cmd=get_partition_with_auth : db=ddsw_dev tbl=dealer_hierarchy_core[ZZZZ]	
15/09/06 13:13:55 INFO common.FileUtils: Creating directory if it doesn't exist: file:/var/folders/y7/4_pz5fzx54ngcmghz3v6t3m00000gn/T/junit4401635926319421423/hadooptmp/dealer_hierarchy/core_data/dealer_code=ZZZZ
15/09/06 13:13:55 INFO session.SessionState: Could not get hdfsEncryptionShim, it is only applicable to hdfs filesystem.
15/09/06 13:13:55 INFO metadata.Hive: Renaming src: file:/var/folders/y7/4_pz5fzx54ngcmghz3v6t3m00000gn/T/junit4401635926319421423/hadooptmp/dealer_hierarchy/core_data/.hive-staging_hive_2015-09-06_13-13-55_373_5537949944088186726-1/-ext-10000/dealer_code=ZZZZ/000000_0, dest: file:/var/folders/y7/4_pz5fzx54ngcmghz3v6t3m00000gn/T/junit4401635926319421423/hadooptmp/dealer_hierarchy/core_data/dealer_code=ZZZZ/000000_0, Status:true
15/09/06 13:13:55 INFO metastore.HiveMetaStore: 0: get_partition_with_auth : db=ddsw_dev tbl=dealer_hierarchy_core[ZZZZ]
15/09/06 13:13:55 INFO HiveMetaStore.audit: ugi=hpatel	ip=unknown-ip-addr	cmd=get_partition_with_auth : db=ddsw_dev tbl=dealer_hierarchy_core[ZZZZ]	
15/09/06 13:13:55 INFO metastore.HiveMetaStore: 0: append_partition : db=ddsw_dev tbl=dealer_hierarchy_core[ZZZZ]
15/09/06 13:13:55 INFO HiveMetaStore.audit: ugi=hpatel	ip=unknown-ip-addr	cmd=append_partition : db=ddsw_dev tbl=dealer_hierarchy_core[ZZZZ]	
15/09/06 13:13:55 INFO metadata.Hive: New loading path = file:/var/folders/y7/4_pz5fzx54ngcmghz3v6t3m00000gn/T/junit4401635926319421423/hadooptmp/dealer_hierarchy/core_data/.hive-staging_hive_2015-09-06_13-13-55_373_5537949944088186726-1/-ext-10000/dealer_code=ZZZZ with partSpec {dealer_code=ZZZZ}
15/09/06 13:13:55 INFO metastore.HiveMetaStore: 0: get_partition_with_auth : db=ddsw_dev tbl=dealer_hierarchy_core[AAAA]
15/09/06 13:13:55 INFO HiveMetaStore.audit: ugi=hpatel	ip=unknown-ip-addr	cmd=get_partition_with_auth : db=ddsw_dev tbl=dealer_hierarchy_core[AAAA]	
	Loading partition {dealer_code=AAAA}
15/09/06 13:13:55 INFO exec.Task: 	Loading partition {dealer_code=AAAA}
15/09/06 13:13:55 INFO metastore.HiveMetaStore: 0: get_partition_with_auth : db=ddsw_dev tbl=dealer_hierarchy_core[ZZZZ]
15/09/06 13:13:55 INFO HiveMetaStore.audit: ugi=hpatel	ip=unknown-ip-addr	cmd=get_partition_with_auth : db=ddsw_dev tbl=dealer_hierarchy_core[ZZZZ]	
	Loading partition {dealer_code=ZZZZ}
15/09/06 13:13:55 INFO exec.Task: 	Loading partition {dealer_code=ZZZZ}
15/09/06 13:13:55 INFO log.PerfLogger: </PERFLOG method=runTasks start=1441563235444 end=1441563235847 duration=403 from=org.apache.hadoop.hive.ql.Driver>
15/09/06 13:13:55 INFO log.PerfLogger: </PERFLOG method=Driver.execute start=1441563235444 end=1441563235847 duration=403 from=org.apache.hadoop.hive.ql.Driver>
MapReduce Jobs Launched: 
15/09/06 13:13:55 INFO ql.Driver: MapReduce Jobs Launched: 
Stage-Stage-1:  HDFS Read: 0 HDFS Write: 0 SUCCESS
15/09/06 13:13:55 INFO ql.Driver: Stage-Stage-1:  HDFS Read: 0 HDFS Write: 0 SUCCESS
Total MapReduce CPU Time Spent: 0 msec
15/09/06 13:13:55 INFO ql.Driver: Total MapReduce CPU Time Spent: 0 msec
OK
15/09/06 13:13:55 INFO ql.Driver: OK
15/09/06 13:13:55 INFO log.PerfLogger: <PERFLOG method=releaseLocks from=org.apache.hadoop.hive.ql.Driver>
15/09/06 13:13:55 INFO log.PerfLogger: </PERFLOG method=releaseLocks start=1441563235847 end=1441563235847 duration=0 from=org.apache.hadoop.hive.ql.Driver>
15/09/06 13:13:55 INFO log.PerfLogger: </PERFLOG method=Driver.run start=1441563235373 end=1441563235847 duration=474 from=org.apache.hadoop.hive.ql.Driver>
15/09/06 13:13:55 INFO service.HiveServer: Running the query: show tables
15/09/06 13:13:55 INFO log.PerfLogger: <PERFLOG method=Driver.run from=org.apache.hadoop.hive.ql.Driver>
15/09/06 13:13:55 INFO log.PerfLogger: <PERFLOG method=TimeToSubmit from=org.apache.hadoop.hive.ql.Driver>
15/09/06 13:13:55 INFO ql.Driver: Concurrency mode is disabled, not creating a lock manager
15/09/06 13:13:55 INFO log.PerfLogger: <PERFLOG method=compile from=org.apache.hadoop.hive.ql.Driver>
15/09/06 13:13:55 INFO log.PerfLogger: <PERFLOG method=parse from=org.apache.hadoop.hive.ql.Driver>
15/09/06 13:13:55 INFO parse.ParseDriver: Parsing command: show tables
15/09/06 13:13:55 INFO parse.ParseDriver: Parse Completed
15/09/06 13:13:55 INFO log.PerfLogger: </PERFLOG method=parse start=1441563235848 end=1441563235848 duration=0 from=org.apache.hadoop.hive.ql.Driver>
15/09/06 13:13:55 INFO log.PerfLogger: <PERFLOG method=semanticAnalyze from=org.apache.hadoop.hive.ql.Driver>
15/09/06 13:13:55 INFO ql.Driver: Semantic Analysis Completed
15/09/06 13:13:55 INFO log.PerfLogger: </PERFLOG method=semanticAnalyze start=1441563235848 end=1441563235852 duration=4 from=org.apache.hadoop.hive.ql.Driver>
15/09/06 13:13:55 INFO exec.ListSinkOperator: Initializing Self 196 OP
15/09/06 13:13:55 INFO exec.ListSinkOperator: Operator 196 OP initialized
15/09/06 13:13:55 INFO exec.ListSinkOperator: Initialization Done 196 OP
15/09/06 13:13:55 INFO ql.Driver: Returning Hive schema: Schema(fieldSchemas:[FieldSchema(name:tab_name, type:string, comment:from deserializer)], properties:null)
15/09/06 13:13:55 INFO log.PerfLogger: </PERFLOG method=compile start=1441563235848 end=1441563235853 duration=5 from=org.apache.hadoop.hive.ql.Driver>
15/09/06 13:13:55 INFO log.PerfLogger: <PERFLOG method=Driver.execute from=org.apache.hadoop.hive.ql.Driver>
15/09/06 13:13:55 INFO ql.Driver: Starting command: show tables
15/09/06 13:13:55 INFO log.PerfLogger: </PERFLOG method=TimeToSubmit start=1441563235848 end=1441563235853 duration=5 from=org.apache.hadoop.hive.ql.Driver>
15/09/06 13:13:55 INFO log.PerfLogger: <PERFLOG method=runTasks from=org.apache.hadoop.hive.ql.Driver>
15/09/06 13:13:55 INFO log.PerfLogger: <PERFLOG method=task.DDL.Stage-0 from=org.apache.hadoop.hive.ql.Driver>
15/09/06 13:13:55 INFO metastore.HiveMetaStore: 0: get_database: ddsw_dev
15/09/06 13:13:55 INFO HiveMetaStore.audit: ugi=hpatel	ip=unknown-ip-addr	cmd=get_database: ddsw_dev	
15/09/06 13:13:55 INFO metastore.HiveMetaStore: 0: get_tables: db=ddsw_dev pat=.*
15/09/06 13:13:55 INFO HiveMetaStore.audit: ugi=hpatel	ip=unknown-ip-addr	cmd=get_tables: db=ddsw_dev pat=.*	
15/09/06 13:13:55 INFO log.PerfLogger: </PERFLOG method=runTasks start=1441563235853 end=1441563235859 duration=6 from=org.apache.hadoop.hive.ql.Driver>
15/09/06 13:13:55 INFO log.PerfLogger: </PERFLOG method=Driver.execute start=1441563235853 end=1441563235860 duration=7 from=org.apache.hadoop.hive.ql.Driver>
OK
15/09/06 13:13:55 INFO ql.Driver: OK
15/09/06 13:13:55 INFO log.PerfLogger: <PERFLOG method=releaseLocks from=org.apache.hadoop.hive.ql.Driver>
15/09/06 13:13:55 INFO log.PerfLogger: </PERFLOG method=releaseLocks start=1441563235860 end=1441563235860 duration=0 from=org.apache.hadoop.hive.ql.Driver>
15/09/06 13:13:55 INFO log.PerfLogger: </PERFLOG method=Driver.run start=1441563235848 end=1441563235860 duration=12 from=org.apache.hadoop.hive.ql.Driver>
15/09/06 13:13:55 INFO mapred.FileInputFormat: Total input paths to process : 1
15/09/06 13:13:55 INFO service.HiveServer: Running the query: USE default
15/09/06 13:13:55 INFO exec.ListSinkOperator: 196 finished. closing... 
15/09/06 13:13:55 INFO exec.ListSinkOperator: 196 Close done
15/09/06 13:13:55 INFO log.PerfLogger: <PERFLOG method=Driver.run from=org.apache.hadoop.hive.ql.Driver>
15/09/06 13:13:55 INFO log.PerfLogger: <PERFLOG method=TimeToSubmit from=org.apache.hadoop.hive.ql.Driver>
15/09/06 13:13:55 INFO ql.Driver: Concurrency mode is disabled, not creating a lock manager
15/09/06 13:13:55 INFO log.PerfLogger: <PERFLOG method=compile from=org.apache.hadoop.hive.ql.Driver>
15/09/06 13:13:55 INFO log.PerfLogger: <PERFLOG method=parse from=org.apache.hadoop.hive.ql.Driver>
15/09/06 13:13:55 INFO parse.ParseDriver: Parsing command: USE default
15/09/06 13:13:55 INFO parse.ParseDriver: Parse Completed
15/09/06 13:13:55 INFO log.PerfLogger: </PERFLOG method=parse start=1441563235862 end=1441563235862 duration=0 from=org.apache.hadoop.hive.ql.Driver>
15/09/06 13:13:55 INFO log.PerfLogger: <PERFLOG method=semanticAnalyze from=org.apache.hadoop.hive.ql.Driver>
15/09/06 13:13:55 INFO ql.Driver: Semantic Analysis Completed
15/09/06 13:13:55 INFO log.PerfLogger: </PERFLOG method=semanticAnalyze start=1441563235862 end=1441563235862 duration=0 from=org.apache.hadoop.hive.ql.Driver>
15/09/06 13:13:55 INFO ql.Driver: Returning Hive schema: Schema(fieldSchemas:null, properties:null)
15/09/06 13:13:55 INFO log.PerfLogger: </PERFLOG method=compile start=1441563235861 end=1441563235862 duration=1 from=org.apache.hadoop.hive.ql.Driver>
15/09/06 13:13:55 INFO log.PerfLogger: <PERFLOG method=Driver.execute from=org.apache.hadoop.hive.ql.Driver>
15/09/06 13:13:55 INFO ql.Driver: Starting command: USE default
15/09/06 13:13:55 INFO log.PerfLogger: </PERFLOG method=TimeToSubmit start=1441563235861 end=1441563235862 duration=1 from=org.apache.hadoop.hive.ql.Driver>
15/09/06 13:13:55 INFO log.PerfLogger: <PERFLOG method=runTasks from=org.apache.hadoop.hive.ql.Driver>
15/09/06 13:13:55 INFO log.PerfLogger: <PERFLOG method=task.DDL.Stage-0 from=org.apache.hadoop.hive.ql.Driver>
15/09/06 13:13:55 INFO metastore.HiveMetaStore: 0: get_database: default
15/09/06 13:13:55 INFO HiveMetaStore.audit: ugi=hpatel	ip=unknown-ip-addr	cmd=get_database: default	
15/09/06 13:13:55 INFO metastore.HiveMetaStore: 0: get_database: default
15/09/06 13:13:55 INFO HiveMetaStore.audit: ugi=hpatel	ip=unknown-ip-addr	cmd=get_database: default	
15/09/06 13:13:55 INFO log.PerfLogger: </PERFLOG method=runTasks start=1441563235862 end=1441563235864 duration=2 from=org.apache.hadoop.hive.ql.Driver>
15/09/06 13:13:55 INFO log.PerfLogger: </PERFLOG method=Driver.execute start=1441563235862 end=1441563235864 duration=2 from=org.apache.hadoop.hive.ql.Driver>
OK
15/09/06 13:13:55 INFO ql.Driver: OK
15/09/06 13:13:55 INFO log.PerfLogger: <PERFLOG method=releaseLocks from=org.apache.hadoop.hive.ql.Driver>
15/09/06 13:13:55 INFO log.PerfLogger: </PERFLOG method=releaseLocks start=1441563235864 end=1441563235864 duration=0 from=org.apache.hadoop.hive.ql.Driver>
15/09/06 13:13:55 INFO log.PerfLogger: </PERFLOG method=Driver.run start=1441563235861 end=1441563235864 duration=3 from=org.apache.hadoop.hive.ql.Driver>
15/09/06 13:13:55 INFO metastore.HiveMetaStore: 0: Shutting down the object store...
15/09/06 13:13:55 INFO HiveMetaStore.audit: ugi=hpatel	ip=unknown-ip-addr	cmd=Shutting down the object store...	
15/09/06 13:13:55 INFO metastore.HiveMetaStore: 0: Metastore shutdown complete.
15/09/06 13:13:55 INFO HiveMetaStore.audit: ugi=hpatel	ip=unknown-ip-addr	cmd=Metastore shutdown complete.	
15/09/06 13:13:55 INFO hiverunner.HiveServerContainer: Tore down HiveServer instance
15/09/06 13:13:55 INFO metastore.HiveMetaStore: 0: Opening raw store with implemenation class:org.apache.hadoop.hive.metastore.ObjectStore
15/09/06 13:13:55 INFO metastore.ObjectStore: ObjectStore, initialize called
15/09/06 13:13:55 INFO DataNucleus.Persistence: Property datanucleus.cache.level2 unknown - will be ignored
15/09/06 13:13:55 INFO DataNucleus.Persistence: Property hive.metastore.integral.jdo.pushdown unknown - will be ignored
15/09/06 13:13:56 INFO metastore.ObjectStore: Setting MetaStore object pin classes with hive.metastore.cache.pinobjtypes="Table,StorageDescriptor,SerDeInfo,Partition,Database,Type,FieldSchema,Order"
15/09/06 13:13:56 INFO metastore.MetaStoreDirectSql: MySQL check failed, assuming we are not on mysql: unknown token: 
15/09/06 13:13:56 INFO DataNucleus.Datastore: The class "org.apache.hadoop.hive.metastore.model.MFieldSchema" is tagged as "embedded-only" so does not have its own datastore table.
15/09/06 13:13:56 INFO DataNucleus.Datastore: The class "org.apache.hadoop.hive.metastore.model.MOrder" is tagged as "embedded-only" so does not have its own datastore table.
15/09/06 13:13:56 INFO DataNucleus.Datastore: The class "org.apache.hadoop.hive.metastore.model.MFieldSchema" is tagged as "embedded-only" so does not have its own datastore table.
15/09/06 13:13:56 INFO DataNucleus.Datastore: The class "org.apache.hadoop.hive.metastore.model.MOrder" is tagged as "embedded-only" so does not have its own datastore table.
15/09/06 13:13:56 INFO metastore.ObjectStore: Initialized ObjectStore
15/09/06 13:13:56 INFO metastore.HiveMetaStore: No user is added in admin role, since config is empty
15/09/06 13:13:56 INFO metastore.HiveMetaStore: 0: Shutting down the object store...
15/09/06 13:13:56 INFO HiveMetaStore.audit: ugi=hpatel	ip=unknown-ip-addr	cmd=Shutting down the object store...	
15/09/06 13:13:56 INFO metastore.HiveMetaStore: 0: Metastore shutdown complete.
15/09/06 13:13:56 INFO HiveMetaStore.audit: ugi=hpatel	ip=unknown-ip-addr	cmd=Metastore shutdown complete.	
15/09/06 13:13:56 INFO metastore.HiveMetaStore: No user is added in admin role, since config is empty
15/09/06 13:13:56 INFO session.SessionState: No Tez session required at this point. hive.execution.engine=mr.
15/09/06 13:13:56 INFO service.HiveServer: Putting temp output to file /var/folders/y7/4_pz5fzx54ngcmghz3v6t3m00000gn/T/junit3221324282040719723/localscratchdir/e14064c7-abdc-41bd-88c0-45ba163ce7195857069255368874080.pipeout
15/09/06 13:13:56 INFO service.HiveServer: Running the query: SHOW TABLES
15/09/06 13:13:56 INFO log.PerfLogger: <PERFLOG method=Driver.run from=org.apache.hadoop.hive.ql.Driver>
15/09/06 13:13:56 INFO log.PerfLogger: <PERFLOG method=TimeToSubmit from=org.apache.hadoop.hive.ql.Driver>
15/09/06 13:13:56 INFO ql.Driver: Concurrency mode is disabled, not creating a lock manager
15/09/06 13:13:56 INFO log.PerfLogger: <PERFLOG method=compile from=org.apache.hadoop.hive.ql.Driver>
15/09/06 13:13:56 INFO log.PerfLogger: <PERFLOG method=parse from=org.apache.hadoop.hive.ql.Driver>
15/09/06 13:13:56 INFO parse.ParseDriver: Parsing command: SHOW TABLES
15/09/06 13:13:56 INFO parse.ParseDriver: Parse Completed
15/09/06 13:13:56 INFO log.PerfLogger: </PERFLOG method=parse start=1441563236072 end=1441563236073 duration=1 from=org.apache.hadoop.hive.ql.Driver>
15/09/06 13:13:56 INFO log.PerfLogger: <PERFLOG method=semanticAnalyze from=org.apache.hadoop.hive.ql.Driver>
15/09/06 13:13:56 INFO ql.Driver: Semantic Analysis Completed
15/09/06 13:13:56 INFO log.PerfLogger: </PERFLOG method=semanticAnalyze start=1441563236073 end=1441563236076 duration=3 from=org.apache.hadoop.hive.ql.Driver>
15/09/06 13:13:56 INFO exec.ListSinkOperator: Initializing Self 197 OP
15/09/06 13:13:56 INFO exec.ListSinkOperator: Operator 197 OP initialized
15/09/06 13:13:56 INFO exec.ListSinkOperator: Initialization Done 197 OP
15/09/06 13:13:56 INFO ql.Driver: Returning Hive schema: Schema(fieldSchemas:[FieldSchema(name:tab_name, type:string, comment:from deserializer)], properties:null)
15/09/06 13:13:56 INFO log.PerfLogger: </PERFLOG method=compile start=1441563236072 end=1441563236077 duration=5 from=org.apache.hadoop.hive.ql.Driver>
15/09/06 13:13:56 INFO log.PerfLogger: <PERFLOG method=Driver.execute from=org.apache.hadoop.hive.ql.Driver>
15/09/06 13:13:56 INFO ql.Driver: Starting command: SHOW TABLES
15/09/06 13:13:56 INFO log.PerfLogger: </PERFLOG method=TimeToSubmit start=1441563236072 end=1441563236077 duration=5 from=org.apache.hadoop.hive.ql.Driver>
15/09/06 13:13:56 INFO log.PerfLogger: <PERFLOG method=runTasks from=org.apache.hadoop.hive.ql.Driver>
15/09/06 13:13:56 INFO log.PerfLogger: <PERFLOG method=task.DDL.Stage-0 from=org.apache.hadoop.hive.ql.Driver>
15/09/06 13:13:56 INFO metastore.HiveMetaStore: 0: get_database: default
15/09/06 13:13:56 INFO HiveMetaStore.audit: ugi=hpatel	ip=unknown-ip-addr	cmd=get_database: default	
15/09/06 13:13:56 INFO metastore.HiveMetaStore: 0: Opening raw store with implemenation class:org.apache.hadoop.hive.metastore.ObjectStore
15/09/06 13:13:56 INFO metastore.ObjectStore: ObjectStore, initialize called
15/09/06 13:13:56 INFO metastore.MetaStoreDirectSql: MySQL check failed, assuming we are not on mysql: unknown token: 
15/09/06 13:13:56 INFO DataNucleus.Query: Reading in results for query "org.datanucleus.store.rdbms.query.SQLQuery@0" since the connection used is closing
15/09/06 13:13:56 INFO metastore.ObjectStore: Initialized ObjectStore
15/09/06 13:13:56 INFO metastore.HiveMetaStore: 0: get_tables: db=default pat=.*
15/09/06 13:13:56 INFO HiveMetaStore.audit: ugi=hpatel	ip=unknown-ip-addr	cmd=get_tables: db=default pat=.*	
15/09/06 13:13:56 INFO log.PerfLogger: </PERFLOG method=runTasks start=1441563236077 end=1441563236086 duration=9 from=org.apache.hadoop.hive.ql.Driver>
15/09/06 13:13:56 INFO log.PerfLogger: </PERFLOG method=Driver.execute start=1441563236077 end=1441563236086 duration=9 from=org.apache.hadoop.hive.ql.Driver>
OK
15/09/06 13:13:56 INFO ql.Driver: OK
15/09/06 13:13:56 INFO log.PerfLogger: <PERFLOG method=releaseLocks from=org.apache.hadoop.hive.ql.Driver>
15/09/06 13:13:56 INFO log.PerfLogger: </PERFLOG method=releaseLocks start=1441563236086 end=1441563236086 duration=0 from=org.apache.hadoop.hive.ql.Driver>
15/09/06 13:13:56 INFO log.PerfLogger: </PERFLOG method=Driver.run start=1441563236072 end=1441563236086 duration=14 from=org.apache.hadoop.hive.ql.Driver>
15/09/06 13:13:56 INFO builder.HiveShellTearable: Executing script: CREATE TEMPORARY FUNCTION custom_utc_timestamp AS 'com.cloudera.sa.cat.udfs.CustomUTCTimestamp';
CREATE TEMPORARY FUNCTION format_mr_timestamp AS 'com.cloudera.sa.cat.udfs.FormatMRTimeStamp';

15/09/06 13:13:56 INFO service.HiveServer: Running the query: CREATE TEMPORARY FUNCTION custom_utc_timestamp AS 'com.cloudera.sa.cat.udfs.CustomUTCTimestamp'
15/09/06 13:13:56 INFO exec.ListSinkOperator: 197 finished. closing... 
15/09/06 13:13:56 INFO exec.ListSinkOperator: 197 Close done
15/09/06 13:13:56 INFO log.PerfLogger: <PERFLOG method=Driver.run from=org.apache.hadoop.hive.ql.Driver>
15/09/06 13:13:56 INFO log.PerfLogger: <PERFLOG method=TimeToSubmit from=org.apache.hadoop.hive.ql.Driver>
15/09/06 13:13:56 INFO ql.Driver: Concurrency mode is disabled, not creating a lock manager
15/09/06 13:13:56 INFO log.PerfLogger: <PERFLOG method=compile from=org.apache.hadoop.hive.ql.Driver>
15/09/06 13:13:56 INFO log.PerfLogger: <PERFLOG method=parse from=org.apache.hadoop.hive.ql.Driver>
15/09/06 13:13:56 INFO parse.ParseDriver: Parsing command: CREATE TEMPORARY FUNCTION custom_utc_timestamp AS 'com.cloudera.sa.cat.udfs.CustomUTCTimestamp'
15/09/06 13:13:56 INFO parse.ParseDriver: Parse Completed
15/09/06 13:13:56 INFO log.PerfLogger: </PERFLOG method=parse start=1441563236087 end=1441563236087 duration=0 from=org.apache.hadoop.hive.ql.Driver>
15/09/06 13:13:56 INFO log.PerfLogger: <PERFLOG method=semanticAnalyze from=org.apache.hadoop.hive.ql.Driver>
15/09/06 13:13:56 INFO metastore.HiveMetaStore: 0: get_database: default
15/09/06 13:13:56 INFO HiveMetaStore.audit: ugi=hpatel	ip=unknown-ip-addr	cmd=get_database: default	
15/09/06 13:13:56 INFO parse.FunctionSemanticAnalyzer: analyze done
15/09/06 13:13:56 INFO ql.Driver: Semantic Analysis Completed
15/09/06 13:13:56 INFO log.PerfLogger: </PERFLOG method=semanticAnalyze start=1441563236088 end=1441563236089 duration=1 from=org.apache.hadoop.hive.ql.Driver>
15/09/06 13:13:56 INFO ql.Driver: Returning Hive schema: Schema(fieldSchemas:null, properties:null)
15/09/06 13:13:56 INFO log.PerfLogger: </PERFLOG method=compile start=1441563236087 end=1441563236089 duration=2 from=org.apache.hadoop.hive.ql.Driver>
15/09/06 13:13:56 INFO log.PerfLogger: <PERFLOG method=Driver.execute from=org.apache.hadoop.hive.ql.Driver>
15/09/06 13:13:56 INFO ql.Driver: Starting command: CREATE TEMPORARY FUNCTION custom_utc_timestamp AS 'com.cloudera.sa.cat.udfs.CustomUTCTimestamp'
15/09/06 13:13:56 INFO log.PerfLogger: </PERFLOG method=TimeToSubmit start=1441563236087 end=1441563236089 duration=2 from=org.apache.hadoop.hive.ql.Driver>
15/09/06 13:13:56 INFO log.PerfLogger: <PERFLOG method=runTasks from=org.apache.hadoop.hive.ql.Driver>
15/09/06 13:13:56 INFO log.PerfLogger: <PERFLOG method=task.FUNCTION.Stage-0 from=org.apache.hadoop.hive.ql.Driver>
15/09/06 13:13:56 INFO log.PerfLogger: </PERFLOG method=runTasks start=1441563236089 end=1441563236090 duration=1 from=org.apache.hadoop.hive.ql.Driver>
15/09/06 13:13:56 INFO log.PerfLogger: </PERFLOG method=Driver.execute start=1441563236089 end=1441563236090 duration=1 from=org.apache.hadoop.hive.ql.Driver>
OK
15/09/06 13:13:56 INFO ql.Driver: OK
15/09/06 13:13:56 INFO log.PerfLogger: <PERFLOG method=releaseLocks from=org.apache.hadoop.hive.ql.Driver>
15/09/06 13:13:56 INFO log.PerfLogger: </PERFLOG method=releaseLocks start=1441563236090 end=1441563236090 duration=0 from=org.apache.hadoop.hive.ql.Driver>
15/09/06 13:13:56 INFO log.PerfLogger: </PERFLOG method=Driver.run start=1441563236087 end=1441563236090 duration=3 from=org.apache.hadoop.hive.ql.Driver>
15/09/06 13:13:56 INFO service.HiveServer: Running the query: 
CREATE TEMPORARY FUNCTION format_mr_timestamp AS 'com.cloudera.sa.cat.udfs.FormatMRTimeStamp'
15/09/06 13:13:56 INFO log.PerfLogger: <PERFLOG method=Driver.run from=org.apache.hadoop.hive.ql.Driver>
15/09/06 13:13:56 INFO log.PerfLogger: <PERFLOG method=TimeToSubmit from=org.apache.hadoop.hive.ql.Driver>
15/09/06 13:13:56 INFO ql.Driver: Concurrency mode is disabled, not creating a lock manager
15/09/06 13:13:56 INFO log.PerfLogger: <PERFLOG method=compile from=org.apache.hadoop.hive.ql.Driver>
15/09/06 13:13:56 INFO log.PerfLogger: <PERFLOG method=parse from=org.apache.hadoop.hive.ql.Driver>
15/09/06 13:13:56 INFO parse.ParseDriver: Parsing command: 
CREATE TEMPORARY FUNCTION format_mr_timestamp AS 'com.cloudera.sa.cat.udfs.FormatMRTimeStamp'
15/09/06 13:13:56 INFO parse.ParseDriver: Parse Completed
15/09/06 13:13:56 INFO log.PerfLogger: </PERFLOG method=parse start=1441563236090 end=1441563236090 duration=0 from=org.apache.hadoop.hive.ql.Driver>
15/09/06 13:13:56 INFO log.PerfLogger: <PERFLOG method=semanticAnalyze from=org.apache.hadoop.hive.ql.Driver>
15/09/06 13:13:56 INFO metastore.HiveMetaStore: 0: get_database: default
15/09/06 13:13:56 INFO HiveMetaStore.audit: ugi=hpatel	ip=unknown-ip-addr	cmd=get_database: default	
15/09/06 13:13:56 INFO parse.FunctionSemanticAnalyzer: analyze done
15/09/06 13:13:56 INFO ql.Driver: Semantic Analysis Completed
15/09/06 13:13:56 INFO log.PerfLogger: </PERFLOG method=semanticAnalyze start=1441563236090 end=1441563236092 duration=2 from=org.apache.hadoop.hive.ql.Driver>
15/09/06 13:13:56 INFO ql.Driver: Returning Hive schema: Schema(fieldSchemas:null, properties:null)
15/09/06 13:13:56 INFO log.PerfLogger: </PERFLOG method=compile start=1441563236090 end=1441563236092 duration=2 from=org.apache.hadoop.hive.ql.Driver>
15/09/06 13:13:56 INFO log.PerfLogger: <PERFLOG method=Driver.execute from=org.apache.hadoop.hive.ql.Driver>
15/09/06 13:13:56 INFO ql.Driver: Starting command: 
CREATE TEMPORARY FUNCTION format_mr_timestamp AS 'com.cloudera.sa.cat.udfs.FormatMRTimeStamp'
15/09/06 13:13:56 INFO log.PerfLogger: </PERFLOG method=TimeToSubmit start=1441563236090 end=1441563236092 duration=2 from=org.apache.hadoop.hive.ql.Driver>
15/09/06 13:13:56 INFO log.PerfLogger: <PERFLOG method=runTasks from=org.apache.hadoop.hive.ql.Driver>
15/09/06 13:13:56 INFO log.PerfLogger: <PERFLOG method=task.FUNCTION.Stage-0 from=org.apache.hadoop.hive.ql.Driver>
15/09/06 13:13:56 INFO log.PerfLogger: </PERFLOG method=runTasks start=1441563236092 end=1441563236092 duration=0 from=org.apache.hadoop.hive.ql.Driver>
15/09/06 13:13:56 INFO log.PerfLogger: </PERFLOG method=Driver.execute start=1441563236092 end=1441563236092 duration=0 from=org.apache.hadoop.hive.ql.Driver>
OK
15/09/06 13:13:56 INFO ql.Driver: OK
15/09/06 13:13:56 INFO log.PerfLogger: <PERFLOG method=releaseLocks from=org.apache.hadoop.hive.ql.Driver>
15/09/06 13:13:56 INFO log.PerfLogger: </PERFLOG method=releaseLocks start=1441563236093 end=1441563236093 duration=0 from=org.apache.hadoop.hive.ql.Driver>
15/09/06 13:13:56 INFO log.PerfLogger: </PERFLOG method=Driver.run start=1441563236090 end=1441563236093 duration=3 from=org.apache.hadoop.hive.ql.Driver>
15/09/06 13:13:56 INFO service.HiveServer: Running the query: 

15/09/06 13:13:56 INFO builder.HiveShellTearable: Executing script: SET mapreduce.job.queuename=ddsw;
SET hive.exec.drop.ignorenonexistent=true;
SET hive.exec.dynamic.partition=true;
SET hive.exec.dynamic.partition.mode=nonstrict;

CREATE DATABASE IF NOT EXISTS ddsw_dev;

USE ddsw_dev;

CREATE EXTERNAL TABLE IF NOT EXISTS dealer_hierarchy_temp_data
(
  file_name string,
  gen_id string,
  dms_system string,
  dms_version string,
  transmit_ts string,
  orig_transmit_ts string,
  transmit_by string,
  record_status string,
  dealer_updt_ind string,
  store_number string,
  part_type string,
  store_name string,
  inventory_store_number string,
  cat_emrg_dealer_code string,
  cat_stock_dealer_code string,
  stock_replen_store_number string,
  stock_replen_lead_time string,
  lst_updt_ts string,
  orig_lst_updt_ts string,
  lst_updt_by_id string,
  file_ins_ts string,
  orig_file_ins_ts string,
  exp_stock_plan_lead_time string
)
PARTITIONED BY (dealer_code string)
ROW FORMAT DELIMITED FIELDS TERMINATED BY '|'
STORED AS
  INPUTFORMAT 'org.apache.hadoop.mapred.TextInputFormat'
  OUTPUTFORMAT 'org.apache.hadoop.hive.ql.io.HiveIgnoreKeyTextOutputFormat'
LOCATION '${hiveconf:hadoop.tmp.dir.uri}/dealer_hierarchy/temp_data'
TBLPROPERTIES ('serialization.null.format'='')
;

15/09/06 13:13:56 INFO service.HiveServer: Running the query: SET mapreduce.job.queuename=ddsw
15/09/06 13:13:56 INFO service.HiveServer: Putting temp output to file /var/folders/y7/4_pz5fzx54ngcmghz3v6t3m00000gn/T/junit3221324282040719723/localscratchdir/e14064c7-abdc-41bd-88c0-45ba163ce7195857069255368874080.pipeout
15/09/06 13:13:56 INFO service.HiveServer: Running the query: 
SET hive.exec.drop.ignorenonexistent=true
15/09/06 13:13:56 INFO service.HiveServer: Putting temp output to file /var/folders/y7/4_pz5fzx54ngcmghz3v6t3m00000gn/T/junit3221324282040719723/localscratchdir/e14064c7-abdc-41bd-88c0-45ba163ce7195857069255368874080.pipeout
15/09/06 13:13:56 INFO service.HiveServer: Running the query: 
SET hive.exec.dynamic.partition=true
15/09/06 13:13:56 INFO service.HiveServer: Putting temp output to file /var/folders/y7/4_pz5fzx54ngcmghz3v6t3m00000gn/T/junit3221324282040719723/localscratchdir/e14064c7-abdc-41bd-88c0-45ba163ce7195857069255368874080.pipeout
15/09/06 13:13:56 INFO service.HiveServer: Running the query: 
SET hive.exec.dynamic.partition.mode=nonstrict
15/09/06 13:13:56 INFO service.HiveServer: Putting temp output to file /var/folders/y7/4_pz5fzx54ngcmghz3v6t3m00000gn/T/junit3221324282040719723/localscratchdir/e14064c7-abdc-41bd-88c0-45ba163ce7195857069255368874080.pipeout
15/09/06 13:13:56 INFO service.HiveServer: Running the query: 

CREATE DATABASE IF NOT EXISTS ddsw_dev
15/09/06 13:13:56 INFO log.PerfLogger: <PERFLOG method=Driver.run from=org.apache.hadoop.hive.ql.Driver>
15/09/06 13:13:56 INFO log.PerfLogger: <PERFLOG method=TimeToSubmit from=org.apache.hadoop.hive.ql.Driver>
15/09/06 13:13:56 INFO ql.Driver: Concurrency mode is disabled, not creating a lock manager
15/09/06 13:13:56 INFO log.PerfLogger: <PERFLOG method=compile from=org.apache.hadoop.hive.ql.Driver>
15/09/06 13:13:56 INFO log.PerfLogger: <PERFLOG method=parse from=org.apache.hadoop.hive.ql.Driver>
15/09/06 13:13:56 INFO parse.ParseDriver: Parsing command: 

CREATE DATABASE IF NOT EXISTS ddsw_dev
15/09/06 13:13:56 INFO parse.ParseDriver: Parse Completed
15/09/06 13:13:56 INFO log.PerfLogger: </PERFLOG method=parse start=1441563236172 end=1441563236172 duration=0 from=org.apache.hadoop.hive.ql.Driver>
15/09/06 13:13:56 INFO log.PerfLogger: <PERFLOG method=semanticAnalyze from=org.apache.hadoop.hive.ql.Driver>
15/09/06 13:13:56 INFO ql.Driver: Semantic Analysis Completed
15/09/06 13:13:56 INFO log.PerfLogger: </PERFLOG method=semanticAnalyze start=1441563236172 end=1441563236172 duration=0 from=org.apache.hadoop.hive.ql.Driver>
15/09/06 13:13:56 INFO ql.Driver: Returning Hive schema: Schema(fieldSchemas:null, properties:null)
15/09/06 13:13:56 INFO log.PerfLogger: </PERFLOG method=compile start=1441563236172 end=1441563236173 duration=1 from=org.apache.hadoop.hive.ql.Driver>
15/09/06 13:13:56 INFO log.PerfLogger: <PERFLOG method=Driver.execute from=org.apache.hadoop.hive.ql.Driver>
15/09/06 13:13:56 INFO ql.Driver: Starting command: 

CREATE DATABASE IF NOT EXISTS ddsw_dev
15/09/06 13:13:56 INFO log.PerfLogger: </PERFLOG method=TimeToSubmit start=1441563236172 end=1441563236173 duration=1 from=org.apache.hadoop.hive.ql.Driver>
15/09/06 13:13:56 INFO log.PerfLogger: <PERFLOG method=runTasks from=org.apache.hadoop.hive.ql.Driver>
15/09/06 13:13:56 INFO log.PerfLogger: <PERFLOG method=task.DDL.Stage-0 from=org.apache.hadoop.hive.ql.Driver>
15/09/06 13:13:56 INFO metastore.HiveMetaStore: 0: create_database: Database(name:ddsw_dev, description:null, locationUri:null, parameters:null, ownerName:hpatel, ownerType:USER)
15/09/06 13:13:56 INFO HiveMetaStore.audit: ugi=hpatel	ip=unknown-ip-addr	cmd=create_database: Database(name:ddsw_dev, description:null, locationUri:null, parameters:null, ownerName:hpatel, ownerType:USER)	
15/09/06 13:13:56 INFO metastore.HiveMetaStore: 0: get_database: ddsw_dev
15/09/06 13:13:56 INFO HiveMetaStore.audit: ugi=hpatel	ip=unknown-ip-addr	cmd=get_database: ddsw_dev	
15/09/06 13:13:56 INFO common.FileUtils: Creating directory if it doesn't exist: file:/var/folders/y7/4_pz5fzx54ngcmghz3v6t3m00000gn/T/junit3221324282040719723/warehouse/ddsw_dev.db
15/09/06 13:13:56 INFO log.PerfLogger: </PERFLOG method=runTasks start=1441563236173 end=1441563236208 duration=35 from=org.apache.hadoop.hive.ql.Driver>
15/09/06 13:13:56 INFO log.PerfLogger: </PERFLOG method=Driver.execute start=1441563236173 end=1441563236208 duration=35 from=org.apache.hadoop.hive.ql.Driver>
OK
15/09/06 13:13:56 INFO ql.Driver: OK
15/09/06 13:13:56 INFO log.PerfLogger: <PERFLOG method=releaseLocks from=org.apache.hadoop.hive.ql.Driver>
15/09/06 13:13:56 INFO log.PerfLogger: </PERFLOG method=releaseLocks start=1441563236208 end=1441563236208 duration=0 from=org.apache.hadoop.hive.ql.Driver>
15/09/06 13:13:56 INFO log.PerfLogger: </PERFLOG method=Driver.run start=1441563236172 end=1441563236208 duration=36 from=org.apache.hadoop.hive.ql.Driver>
15/09/06 13:13:56 INFO service.HiveServer: Running the query: 

USE ddsw_dev
15/09/06 13:13:56 INFO log.PerfLogger: <PERFLOG method=Driver.run from=org.apache.hadoop.hive.ql.Driver>
15/09/06 13:13:56 INFO log.PerfLogger: <PERFLOG method=TimeToSubmit from=org.apache.hadoop.hive.ql.Driver>
15/09/06 13:13:56 INFO ql.Driver: Concurrency mode is disabled, not creating a lock manager
15/09/06 13:13:56 INFO log.PerfLogger: <PERFLOG method=compile from=org.apache.hadoop.hive.ql.Driver>
15/09/06 13:13:56 INFO log.PerfLogger: <PERFLOG method=parse from=org.apache.hadoop.hive.ql.Driver>
15/09/06 13:13:56 INFO parse.ParseDriver: Parsing command: 

USE ddsw_dev
15/09/06 13:13:56 INFO parse.ParseDriver: Parse Completed
15/09/06 13:13:56 INFO log.PerfLogger: </PERFLOG method=parse start=1441563236208 end=1441563236209 duration=1 from=org.apache.hadoop.hive.ql.Driver>
15/09/06 13:13:56 INFO log.PerfLogger: <PERFLOG method=semanticAnalyze from=org.apache.hadoop.hive.ql.Driver>
15/09/06 13:13:56 INFO ql.Driver: Semantic Analysis Completed
15/09/06 13:13:56 INFO log.PerfLogger: </PERFLOG method=semanticAnalyze start=1441563236209 end=1441563236209 duration=0 from=org.apache.hadoop.hive.ql.Driver>
15/09/06 13:13:56 INFO ql.Driver: Returning Hive schema: Schema(fieldSchemas:null, properties:null)
15/09/06 13:13:56 INFO log.PerfLogger: </PERFLOG method=compile start=1441563236208 end=1441563236209 duration=1 from=org.apache.hadoop.hive.ql.Driver>
15/09/06 13:13:56 INFO log.PerfLogger: <PERFLOG method=Driver.execute from=org.apache.hadoop.hive.ql.Driver>
15/09/06 13:13:56 INFO ql.Driver: Starting command: 

USE ddsw_dev
15/09/06 13:13:56 INFO log.PerfLogger: </PERFLOG method=TimeToSubmit start=1441563236208 end=1441563236209 duration=1 from=org.apache.hadoop.hive.ql.Driver>
15/09/06 13:13:56 INFO log.PerfLogger: <PERFLOG method=runTasks from=org.apache.hadoop.hive.ql.Driver>
15/09/06 13:13:56 INFO log.PerfLogger: <PERFLOG method=task.DDL.Stage-0 from=org.apache.hadoop.hive.ql.Driver>
15/09/06 13:13:56 INFO metastore.HiveMetaStore: 0: get_database: ddsw_dev
15/09/06 13:13:56 INFO HiveMetaStore.audit: ugi=hpatel	ip=unknown-ip-addr	cmd=get_database: ddsw_dev	
15/09/06 13:13:56 INFO metastore.HiveMetaStore: 0: get_database: ddsw_dev
15/09/06 13:13:56 INFO HiveMetaStore.audit: ugi=hpatel	ip=unknown-ip-addr	cmd=get_database: ddsw_dev	
15/09/06 13:13:56 INFO log.PerfLogger: </PERFLOG method=runTasks start=1441563236209 end=1441563236211 duration=2 from=org.apache.hadoop.hive.ql.Driver>
15/09/06 13:13:56 INFO log.PerfLogger: </PERFLOG method=Driver.execute start=1441563236209 end=1441563236211 duration=2 from=org.apache.hadoop.hive.ql.Driver>
OK
15/09/06 13:13:56 INFO ql.Driver: OK
15/09/06 13:13:56 INFO log.PerfLogger: <PERFLOG method=releaseLocks from=org.apache.hadoop.hive.ql.Driver>
15/09/06 13:13:56 INFO log.PerfLogger: </PERFLOG method=releaseLocks start=1441563236212 end=1441563236212 duration=0 from=org.apache.hadoop.hive.ql.Driver>
15/09/06 13:13:56 INFO log.PerfLogger: </PERFLOG method=Driver.run start=1441563236208 end=1441563236212 duration=4 from=org.apache.hadoop.hive.ql.Driver>
15/09/06 13:13:56 INFO service.HiveServer: Running the query: 

CREATE EXTERNAL TABLE IF NOT EXISTS dealer_hierarchy_temp_data
(
  file_name string,
  gen_id string,
  dms_system string,
  dms_version string,
  transmit_ts string,
  orig_transmit_ts string,
  transmit_by string,
  record_status string,
  dealer_updt_ind string,
  store_number string,
  part_type string,
  store_name string,
  inventory_store_number string,
  cat_emrg_dealer_code string,
  cat_stock_dealer_code string,
  stock_replen_store_number string,
  stock_replen_lead_time string,
  lst_updt_ts string,
  orig_lst_updt_ts string,
  lst_updt_by_id string,
  file_ins_ts string,
  orig_file_ins_ts string,
  exp_stock_plan_lead_time string
)
PARTITIONED BY (dealer_code string)
ROW FORMAT DELIMITED FIELDS TERMINATED BY '|'
STORED AS
  INPUTFORMAT 'org.apache.hadoop.mapred.TextInputFormat'
  OUTPUTFORMAT 'org.apache.hadoop.hive.ql.io.HiveIgnoreKeyTextOutputFormat'
LOCATION '${hiveconf:hadoop.tmp.dir.uri}/dealer_hierarchy/temp_data'
TBLPROPERTIES ('serialization.null.format'='')

15/09/06 13:13:56 INFO log.PerfLogger: <PERFLOG method=Driver.run from=org.apache.hadoop.hive.ql.Driver>
15/09/06 13:13:56 INFO log.PerfLogger: <PERFLOG method=TimeToSubmit from=org.apache.hadoop.hive.ql.Driver>
15/09/06 13:13:56 INFO ql.Driver: Concurrency mode is disabled, not creating a lock manager
15/09/06 13:13:56 INFO log.PerfLogger: <PERFLOG method=compile from=org.apache.hadoop.hive.ql.Driver>
15/09/06 13:13:56 INFO log.PerfLogger: <PERFLOG method=parse from=org.apache.hadoop.hive.ql.Driver>
15/09/06 13:13:56 INFO parse.ParseDriver: Parsing command: 

CREATE EXTERNAL TABLE IF NOT EXISTS dealer_hierarchy_temp_data
(
  file_name string,
  gen_id string,
  dms_system string,
  dms_version string,
  transmit_ts string,
  orig_transmit_ts string,
  transmit_by string,
  record_status string,
  dealer_updt_ind string,
  store_number string,
  part_type string,
  store_name string,
  inventory_store_number string,
  cat_emrg_dealer_code string,
  cat_stock_dealer_code string,
  stock_replen_store_number string,
  stock_replen_lead_time string,
  lst_updt_ts string,
  orig_lst_updt_ts string,
  lst_updt_by_id string,
  file_ins_ts string,
  orig_file_ins_ts string,
  exp_stock_plan_lead_time string
)
PARTITIONED BY (dealer_code string)
ROW FORMAT DELIMITED FIELDS TERMINATED BY '|'
STORED AS
  INPUTFORMAT 'org.apache.hadoop.mapred.TextInputFormat'
  OUTPUTFORMAT 'org.apache.hadoop.hive.ql.io.HiveIgnoreKeyTextOutputFormat'
LOCATION 'file:///var/folders/y7/4_pz5fzx54ngcmghz3v6t3m00000gn/T/junit3221324282040719723/hadooptmp//dealer_hierarchy/temp_data'
TBLPROPERTIES ('serialization.null.format'='')

15/09/06 13:13:56 INFO parse.ParseDriver: Parse Completed
15/09/06 13:13:56 INFO log.PerfLogger: </PERFLOG method=parse start=1441563236212 end=1441563236214 duration=2 from=org.apache.hadoop.hive.ql.Driver>
15/09/06 13:13:56 INFO log.PerfLogger: <PERFLOG method=semanticAnalyze from=org.apache.hadoop.hive.ql.Driver>
15/09/06 13:13:56 INFO parse.SemanticAnalyzer: Starting Semantic Analysis
15/09/06 13:13:56 INFO parse.SemanticAnalyzer: Creating table dealer_hierarchy_temp_data position=36
15/09/06 13:13:56 INFO metastore.HiveMetaStore: 0: get_table : db=ddsw_dev tbl=dealer_hierarchy_temp_data
15/09/06 13:13:56 INFO HiveMetaStore.audit: ugi=hpatel	ip=unknown-ip-addr	cmd=get_table : db=ddsw_dev tbl=dealer_hierarchy_temp_data	
15/09/06 13:13:56 INFO metastore.HiveMetaStore: 0: get_database: ddsw_dev
15/09/06 13:13:56 INFO HiveMetaStore.audit: ugi=hpatel	ip=unknown-ip-addr	cmd=get_database: ddsw_dev	
15/09/06 13:13:56 INFO ql.Driver: Semantic Analysis Completed
15/09/06 13:13:56 INFO log.PerfLogger: </PERFLOG method=semanticAnalyze start=1441563236214 end=1441563236217 duration=3 from=org.apache.hadoop.hive.ql.Driver>
15/09/06 13:13:56 INFO ql.Driver: Returning Hive schema: Schema(fieldSchemas:null, properties:null)
15/09/06 13:13:56 INFO log.PerfLogger: </PERFLOG method=compile start=1441563236212 end=1441563236218 duration=6 from=org.apache.hadoop.hive.ql.Driver>
15/09/06 13:13:56 INFO log.PerfLogger: <PERFLOG method=Driver.execute from=org.apache.hadoop.hive.ql.Driver>
15/09/06 13:13:56 INFO ql.Driver: Starting command: 

CREATE EXTERNAL TABLE IF NOT EXISTS dealer_hierarchy_temp_data
(
  file_name string,
  gen_id string,
  dms_system string,
  dms_version string,
  transmit_ts string,
  orig_transmit_ts string,
  transmit_by string,
  record_status string,
  dealer_updt_ind string,
  store_number string,
  part_type string,
  store_name string,
  inventory_store_number string,
  cat_emrg_dealer_code string,
  cat_stock_dealer_code string,
  stock_replen_store_number string,
  stock_replen_lead_time string,
  lst_updt_ts string,
  orig_lst_updt_ts string,
  lst_updt_by_id string,
  file_ins_ts string,
  orig_file_ins_ts string,
  exp_stock_plan_lead_time string
)
PARTITIONED BY (dealer_code string)
ROW FORMAT DELIMITED FIELDS TERMINATED BY '|'
STORED AS
  INPUTFORMAT 'org.apache.hadoop.mapred.TextInputFormat'
  OUTPUTFORMAT 'org.apache.hadoop.hive.ql.io.HiveIgnoreKeyTextOutputFormat'
LOCATION 'file:///var/folders/y7/4_pz5fzx54ngcmghz3v6t3m00000gn/T/junit3221324282040719723/hadooptmp//dealer_hierarchy/temp_data'
TBLPROPERTIES ('serialization.null.format'='')

15/09/06 13:13:56 INFO log.PerfLogger: </PERFLOG method=TimeToSubmit start=1441563236212 end=1441563236218 duration=6 from=org.apache.hadoop.hive.ql.Driver>
15/09/06 13:13:56 INFO log.PerfLogger: <PERFLOG method=runTasks from=org.apache.hadoop.hive.ql.Driver>
15/09/06 13:13:56 INFO log.PerfLogger: <PERFLOG method=task.DDL.Stage-0 from=org.apache.hadoop.hive.ql.Driver>
15/09/06 13:13:56 INFO exec.DDLTask: Default to LazySimpleSerDe for table dealer_hierarchy_temp_data
15/09/06 13:13:56 INFO metastore.HiveMetaStore: 0: create_table: Table(tableName:dealer_hierarchy_temp_data, dbName:ddsw_dev, owner:hpatel, createTime:1441563236, lastAccessTime:0, retention:0, sd:StorageDescriptor(cols:[FieldSchema(name:file_name, type:string, comment:null), FieldSchema(name:gen_id, type:string, comment:null), FieldSchema(name:dms_system, type:string, comment:null), FieldSchema(name:dms_version, type:string, comment:null), FieldSchema(name:transmit_ts, type:string, comment:null), FieldSchema(name:orig_transmit_ts, type:string, comment:null), FieldSchema(name:transmit_by, type:string, comment:null), FieldSchema(name:record_status, type:string, comment:null), FieldSchema(name:dealer_updt_ind, type:string, comment:null), FieldSchema(name:store_number, type:string, comment:null), FieldSchema(name:part_type, type:string, comment:null), FieldSchema(name:store_name, type:string, comment:null), FieldSchema(name:inventory_store_number, type:string, comment:null), FieldSchema(name:cat_emrg_dealer_code, type:string, comment:null), FieldSchema(name:cat_stock_dealer_code, type:string, comment:null), FieldSchema(name:stock_replen_store_number, type:string, comment:null), FieldSchema(name:stock_replen_lead_time, type:string, comment:null), FieldSchema(name:lst_updt_ts, type:string, comment:null), FieldSchema(name:orig_lst_updt_ts, type:string, comment:null), FieldSchema(name:lst_updt_by_id, type:string, comment:null), FieldSchema(name:file_ins_ts, type:string, comment:null), FieldSchema(name:orig_file_ins_ts, type:string, comment:null), FieldSchema(name:exp_stock_plan_lead_time, type:string, comment:null)], location:file:/var/folders/y7/4_pz5fzx54ngcmghz3v6t3m00000gn/T/junit3221324282040719723/hadooptmp/dealer_hierarchy/temp_data, inputFormat:org.apache.hadoop.mapred.TextInputFormat, outputFormat:org.apache.hadoop.hive.ql.io.HiveIgnoreKeyTextOutputFormat, compressed:false, numBuckets:-1, serdeInfo:SerDeInfo(name:null, serializationLib:org.apache.hadoop.hive.serde2.lazy.LazySimpleSerDe, parameters:{serialization.format=|, field.delim=|}), bucketCols:[], sortCols:[], parameters:{}, skewedInfo:SkewedInfo(skewedColNames:[], skewedColValues:[], skewedColValueLocationMaps:{}), storedAsSubDirectories:false), partitionKeys:[FieldSchema(name:dealer_code, type:string, comment:null)], parameters:{EXTERNAL=TRUE, serialization.null.format=}, viewOriginalText:null, viewExpandedText:null, tableType:EXTERNAL_TABLE)
15/09/06 13:13:56 INFO HiveMetaStore.audit: ugi=hpatel	ip=unknown-ip-addr	cmd=create_table: Table(tableName:dealer_hierarchy_temp_data, dbName:ddsw_dev, owner:hpatel, createTime:1441563236, lastAccessTime:0, retention:0, sd:StorageDescriptor(cols:[FieldSchema(name:file_name, type:string, comment:null), FieldSchema(name:gen_id, type:string, comment:null), FieldSchema(name:dms_system, type:string, comment:null), FieldSchema(name:dms_version, type:string, comment:null), FieldSchema(name:transmit_ts, type:string, comment:null), FieldSchema(name:orig_transmit_ts, type:string, comment:null), FieldSchema(name:transmit_by, type:string, comment:null), FieldSchema(name:record_status, type:string, comment:null), FieldSchema(name:dealer_updt_ind, type:string, comment:null), FieldSchema(name:store_number, type:string, comment:null), FieldSchema(name:part_type, type:string, comment:null), FieldSchema(name:store_name, type:string, comment:null), FieldSchema(name:inventory_store_number, type:string, comment:null), FieldSchema(name:cat_emrg_dealer_code, type:string, comment:null), FieldSchema(name:cat_stock_dealer_code, type:string, comment:null), FieldSchema(name:stock_replen_store_number, type:string, comment:null), FieldSchema(name:stock_replen_lead_time, type:string, comment:null), FieldSchema(name:lst_updt_ts, type:string, comment:null), FieldSchema(name:orig_lst_updt_ts, type:string, comment:null), FieldSchema(name:lst_updt_by_id, type:string, comment:null), FieldSchema(name:file_ins_ts, type:string, comment:null), FieldSchema(name:orig_file_ins_ts, type:string, comment:null), FieldSchema(name:exp_stock_plan_lead_time, type:string, comment:null)], location:file:/var/folders/y7/4_pz5fzx54ngcmghz3v6t3m00000gn/T/junit3221324282040719723/hadooptmp/dealer_hierarchy/temp_data, inputFormat:org.apache.hadoop.mapred.TextInputFormat, outputFormat:org.apache.hadoop.hive.ql.io.HiveIgnoreKeyTextOutputFormat, compressed:false, numBuckets:-1, serdeInfo:SerDeInfo(name:null, serializationLib:org.apache.hadoop.hive.serde2.lazy.LazySimpleSerDe, parameters:{serialization.format=|, field.delim=|}), bucketCols:[], sortCols:[], parameters:{}, skewedInfo:SkewedInfo(skewedColNames:[], skewedColValues:[], skewedColValueLocationMaps:{}), storedAsSubDirectories:false), partitionKeys:[FieldSchema(name:dealer_code, type:string, comment:null)], parameters:{EXTERNAL=TRUE, serialization.null.format=}, viewOriginalText:null, viewExpandedText:null, tableType:EXTERNAL_TABLE)	
15/09/06 13:13:56 INFO common.FileUtils: Creating directory if it doesn't exist: file:/var/folders/y7/4_pz5fzx54ngcmghz3v6t3m00000gn/T/junit3221324282040719723/hadooptmp/dealer_hierarchy/temp_data
15/09/06 13:13:56 INFO log.PerfLogger: </PERFLOG method=runTasks start=1441563236218 end=1441563236272 duration=54 from=org.apache.hadoop.hive.ql.Driver>
15/09/06 13:13:56 INFO log.PerfLogger: </PERFLOG method=Driver.execute start=1441563236218 end=1441563236272 duration=54 from=org.apache.hadoop.hive.ql.Driver>
OK
15/09/06 13:13:56 INFO ql.Driver: OK
15/09/06 13:13:56 INFO log.PerfLogger: <PERFLOG method=releaseLocks from=org.apache.hadoop.hive.ql.Driver>
15/09/06 13:13:56 INFO log.PerfLogger: </PERFLOG method=releaseLocks start=1441563236272 end=1441563236272 duration=0 from=org.apache.hadoop.hive.ql.Driver>
15/09/06 13:13:56 INFO log.PerfLogger: </PERFLOG method=Driver.run start=1441563236212 end=1441563236272 duration=60 from=org.apache.hadoop.hive.ql.Driver>
15/09/06 13:13:56 INFO service.HiveServer: Running the query: 

15/09/06 13:13:56 INFO builder.HiveShellTearable: Executing script: SET mapreduce.job.queuename=ddsw;
SET hive.exec.drop.ignorenonexistent=true;
SET hive.exec.dynamic.partition=true;
SET hive.exec.dynamic.partition.mode=nonstrict;

USE ddsw_dev;

CREATE EXTERNAL TABLE DEALER_HIERARCHY_CORE
    PARTITIONED BY (dealer_code string)
    ROW FORMAT SERDE 'org.apache.hadoop.hive.serde2.avro.AvroSerDe'
    WITH SERDEPROPERTIES
    (
        'avro.schema.url'='./src/test/resources/dealer_hierarchy/schema/DEALER_HIERARCHY_CORE.avsc'
    )
    STORED AS
        INPUTFORMAT 'org.apache.hadoop.hive.ql.io.avro.AvroContainerInputFormat'
        OUTPUTFORMAT 'org.apache.hadoop.hive.ql.io.avro.AvroContainerOutputFormat'
    LOCATION '${hiveconf:hadoop.tmp.dir.uri}/dealer_hierarchy/core_data';

15/09/06 13:13:56 INFO service.HiveServer: Running the query: SET mapreduce.job.queuename=ddsw
15/09/06 13:13:56 INFO service.HiveServer: Putting temp output to file /var/folders/y7/4_pz5fzx54ngcmghz3v6t3m00000gn/T/junit3221324282040719723/localscratchdir/e14064c7-abdc-41bd-88c0-45ba163ce7195857069255368874080.pipeout
15/09/06 13:13:56 INFO service.HiveServer: Running the query: 
SET hive.exec.drop.ignorenonexistent=true
15/09/06 13:13:56 INFO service.HiveServer: Putting temp output to file /var/folders/y7/4_pz5fzx54ngcmghz3v6t3m00000gn/T/junit3221324282040719723/localscratchdir/e14064c7-abdc-41bd-88c0-45ba163ce7195857069255368874080.pipeout
15/09/06 13:13:56 INFO service.HiveServer: Running the query: 
SET hive.exec.dynamic.partition=true
15/09/06 13:13:56 INFO service.HiveServer: Putting temp output to file /var/folders/y7/4_pz5fzx54ngcmghz3v6t3m00000gn/T/junit3221324282040719723/localscratchdir/e14064c7-abdc-41bd-88c0-45ba163ce7195857069255368874080.pipeout
15/09/06 13:13:56 INFO service.HiveServer: Running the query: 
SET hive.exec.dynamic.partition.mode=nonstrict
15/09/06 13:13:56 INFO service.HiveServer: Putting temp output to file /var/folders/y7/4_pz5fzx54ngcmghz3v6t3m00000gn/T/junit3221324282040719723/localscratchdir/e14064c7-abdc-41bd-88c0-45ba163ce7195857069255368874080.pipeout
15/09/06 13:13:56 INFO service.HiveServer: Running the query: 

USE ddsw_dev
15/09/06 13:13:56 INFO log.PerfLogger: <PERFLOG method=Driver.run from=org.apache.hadoop.hive.ql.Driver>
15/09/06 13:13:56 INFO log.PerfLogger: <PERFLOG method=TimeToSubmit from=org.apache.hadoop.hive.ql.Driver>
15/09/06 13:13:56 INFO ql.Driver: Concurrency mode is disabled, not creating a lock manager
15/09/06 13:13:56 INFO log.PerfLogger: <PERFLOG method=compile from=org.apache.hadoop.hive.ql.Driver>
15/09/06 13:13:56 INFO log.PerfLogger: <PERFLOG method=parse from=org.apache.hadoop.hive.ql.Driver>
15/09/06 13:13:56 INFO parse.ParseDriver: Parsing command: 

USE ddsw_dev
15/09/06 13:13:56 INFO parse.ParseDriver: Parse Completed
15/09/06 13:13:56 INFO log.PerfLogger: </PERFLOG method=parse start=1441563236380 end=1441563236380 duration=0 from=org.apache.hadoop.hive.ql.Driver>
15/09/06 13:13:56 INFO log.PerfLogger: <PERFLOG method=semanticAnalyze from=org.apache.hadoop.hive.ql.Driver>
15/09/06 13:13:56 INFO ql.Driver: Semantic Analysis Completed
15/09/06 13:13:56 INFO log.PerfLogger: </PERFLOG method=semanticAnalyze start=1441563236380 end=1441563236380 duration=0 from=org.apache.hadoop.hive.ql.Driver>
15/09/06 13:13:56 INFO ql.Driver: Returning Hive schema: Schema(fieldSchemas:null, properties:null)
15/09/06 13:13:56 INFO log.PerfLogger: </PERFLOG method=compile start=1441563236380 end=1441563236381 duration=1 from=org.apache.hadoop.hive.ql.Driver>
15/09/06 13:13:56 INFO log.PerfLogger: <PERFLOG method=Driver.execute from=org.apache.hadoop.hive.ql.Driver>
15/09/06 13:13:56 INFO ql.Driver: Starting command: 

USE ddsw_dev
15/09/06 13:13:56 INFO log.PerfLogger: </PERFLOG method=TimeToSubmit start=1441563236380 end=1441563236381 duration=1 from=org.apache.hadoop.hive.ql.Driver>
15/09/06 13:13:56 INFO log.PerfLogger: <PERFLOG method=runTasks from=org.apache.hadoop.hive.ql.Driver>
15/09/06 13:13:56 INFO log.PerfLogger: <PERFLOG method=task.DDL.Stage-0 from=org.apache.hadoop.hive.ql.Driver>
15/09/06 13:13:56 INFO metastore.HiveMetaStore: 0: get_database: ddsw_dev
15/09/06 13:13:56 INFO HiveMetaStore.audit: ugi=hpatel	ip=unknown-ip-addr	cmd=get_database: ddsw_dev	
15/09/06 13:13:56 INFO metastore.HiveMetaStore: 0: get_database: ddsw_dev
15/09/06 13:13:56 INFO HiveMetaStore.audit: ugi=hpatel	ip=unknown-ip-addr	cmd=get_database: ddsw_dev	
15/09/06 13:13:56 INFO log.PerfLogger: </PERFLOG method=runTasks start=1441563236381 end=1441563236384 duration=3 from=org.apache.hadoop.hive.ql.Driver>
15/09/06 13:13:56 INFO log.PerfLogger: </PERFLOG method=Driver.execute start=1441563236381 end=1441563236384 duration=3 from=org.apache.hadoop.hive.ql.Driver>
OK
15/09/06 13:13:56 INFO ql.Driver: OK
15/09/06 13:13:56 INFO log.PerfLogger: <PERFLOG method=releaseLocks from=org.apache.hadoop.hive.ql.Driver>
15/09/06 13:13:56 INFO log.PerfLogger: </PERFLOG method=releaseLocks start=1441563236384 end=1441563236384 duration=0 from=org.apache.hadoop.hive.ql.Driver>
15/09/06 13:13:56 INFO log.PerfLogger: </PERFLOG method=Driver.run start=1441563236380 end=1441563236384 duration=4 from=org.apache.hadoop.hive.ql.Driver>
15/09/06 13:13:56 INFO service.HiveServer: Running the query: 

CREATE EXTERNAL TABLE DEALER_HIERARCHY_CORE
    PARTITIONED BY (dealer_code string)
    ROW FORMAT SERDE 'org.apache.hadoop.hive.serde2.avro.AvroSerDe'
    WITH SERDEPROPERTIES
    (
        'avro.schema.url'='./src/test/resources/dealer_hierarchy/schema/DEALER_HIERARCHY_CORE.avsc'
    )
    STORED AS
        INPUTFORMAT 'org.apache.hadoop.hive.ql.io.avro.AvroContainerInputFormat'
        OUTPUTFORMAT 'org.apache.hadoop.hive.ql.io.avro.AvroContainerOutputFormat'
    LOCATION '${hiveconf:hadoop.tmp.dir.uri}/dealer_hierarchy/core_data'
15/09/06 13:13:56 INFO log.PerfLogger: <PERFLOG method=Driver.run from=org.apache.hadoop.hive.ql.Driver>
15/09/06 13:13:56 INFO log.PerfLogger: <PERFLOG method=TimeToSubmit from=org.apache.hadoop.hive.ql.Driver>
15/09/06 13:13:56 INFO ql.Driver: Concurrency mode is disabled, not creating a lock manager
15/09/06 13:13:56 INFO log.PerfLogger: <PERFLOG method=compile from=org.apache.hadoop.hive.ql.Driver>
15/09/06 13:13:56 INFO log.PerfLogger: <PERFLOG method=parse from=org.apache.hadoop.hive.ql.Driver>
15/09/06 13:13:56 INFO parse.ParseDriver: Parsing command: 

CREATE EXTERNAL TABLE DEALER_HIERARCHY_CORE
    PARTITIONED BY (dealer_code string)
    ROW FORMAT SERDE 'org.apache.hadoop.hive.serde2.avro.AvroSerDe'
    WITH SERDEPROPERTIES
    (
        'avro.schema.url'='./src/test/resources/dealer_hierarchy/schema/DEALER_HIERARCHY_CORE.avsc'
    )
    STORED AS
        INPUTFORMAT 'org.apache.hadoop.hive.ql.io.avro.AvroContainerInputFormat'
        OUTPUTFORMAT 'org.apache.hadoop.hive.ql.io.avro.AvroContainerOutputFormat'
    LOCATION 'file:///var/folders/y7/4_pz5fzx54ngcmghz3v6t3m00000gn/T/junit3221324282040719723/hadooptmp//dealer_hierarchy/core_data'
15/09/06 13:13:56 INFO parse.ParseDriver: Parse Completed
15/09/06 13:13:56 INFO log.PerfLogger: </PERFLOG method=parse start=1441563236384 end=1441563236385 duration=1 from=org.apache.hadoop.hive.ql.Driver>
15/09/06 13:13:56 INFO log.PerfLogger: <PERFLOG method=semanticAnalyze from=org.apache.hadoop.hive.ql.Driver>
15/09/06 13:13:56 INFO parse.SemanticAnalyzer: Starting Semantic Analysis
15/09/06 13:13:56 INFO parse.SemanticAnalyzer: Creating table DEALER_HIERARCHY_CORE position=22
15/09/06 13:13:56 INFO metastore.HiveMetaStore: 0: get_database: ddsw_dev
15/09/06 13:13:56 INFO HiveMetaStore.audit: ugi=hpatel	ip=unknown-ip-addr	cmd=get_database: ddsw_dev	
15/09/06 13:13:56 INFO ql.Driver: Semantic Analysis Completed
15/09/06 13:13:56 INFO log.PerfLogger: </PERFLOG method=semanticAnalyze start=1441563236385 end=1441563236387 duration=2 from=org.apache.hadoop.hive.ql.Driver>
15/09/06 13:13:56 INFO ql.Driver: Returning Hive schema: Schema(fieldSchemas:null, properties:null)
15/09/06 13:13:56 INFO log.PerfLogger: </PERFLOG method=compile start=1441563236384 end=1441563236387 duration=3 from=org.apache.hadoop.hive.ql.Driver>
15/09/06 13:13:56 INFO log.PerfLogger: <PERFLOG method=Driver.execute from=org.apache.hadoop.hive.ql.Driver>
15/09/06 13:13:56 INFO ql.Driver: Starting command: 

CREATE EXTERNAL TABLE DEALER_HIERARCHY_CORE
    PARTITIONED BY (dealer_code string)
    ROW FORMAT SERDE 'org.apache.hadoop.hive.serde2.avro.AvroSerDe'
    WITH SERDEPROPERTIES
    (
        'avro.schema.url'='./src/test/resources/dealer_hierarchy/schema/DEALER_HIERARCHY_CORE.avsc'
    )
    STORED AS
        INPUTFORMAT 'org.apache.hadoop.hive.ql.io.avro.AvroContainerInputFormat'
        OUTPUTFORMAT 'org.apache.hadoop.hive.ql.io.avro.AvroContainerOutputFormat'
    LOCATION 'file:///var/folders/y7/4_pz5fzx54ngcmghz3v6t3m00000gn/T/junit3221324282040719723/hadooptmp//dealer_hierarchy/core_data'
15/09/06 13:13:56 INFO log.PerfLogger: </PERFLOG method=TimeToSubmit start=1441563236384 end=1441563236387 duration=3 from=org.apache.hadoop.hive.ql.Driver>
15/09/06 13:13:56 INFO log.PerfLogger: <PERFLOG method=runTasks from=org.apache.hadoop.hive.ql.Driver>
15/09/06 13:13:56 INFO log.PerfLogger: <PERFLOG method=task.DDL.Stage-0 from=org.apache.hadoop.hive.ql.Driver>
15/09/06 13:13:56 INFO avro.AvroSerDe: Avro schema is {"type":"record","name":"DEALER_HIERARCHY_CORE","doc":"Sqoop import of DEALER_HIERARCHY","fields":[{"name":"File_Name","type":["string","null"],"columnName":"File_Name"},{"name":"GEN_ID","type":["string","null"],"columnName":"GEN_ID"},{"name":"DMS_SYSTEM","type":["string","null"],"columnName":"DMS_SYSTEM"},{"name":"DMS_VERSION","type":["string","null"],"columnName":"DMS_VERSION"},{"name":"TRANSMIT_TS","type":["string","null"],"columnName":"TRANSMIT_TS"},{"name":"ORIG_TRANSMIT_TS","type":["string","null"],"columnName":"TRANSMIT_TS"},{"name":"TRANSMIT_BY","type":["string","null"],"columnName":"TRANSMIT_BY"},{"name":"RECORD_STATUS","type":["string","null"],"columnName":"RECORD_STATUS"},{"name":"DEALER_UPDT_IND","type":["string","null"],"columnName":"DEALER_UPDT_IND","sqlType":"1"},{"name":"STORE_NUMBER","type":["string","null"],"columnName":"STORE_NUMBER"},{"name":"PART_TYPE","type":["string","null"],"columnName":"PART_TYPE"},{"name":"STORE_NAME","type":["string","null"],"columnName":"STORE_NAME"},{"name":"INVENTORY_STORE_NUMBER","type":["string","null"],"columnName":"INVENTORY_STORE_NUMBER"},{"name":"CAT_EMRG_DEALER_CODE","type":["string","null"],"columnName":"CAT_EMRG_DEALER_CODE"},{"name":"CAT_STOCK_DEALER_CODE","type":["string","null"],"columnName":"CAT_STOCK_DEALER_CODE"},{"name":"STOCK_REPLEN_STORE_NUMBER","type":["string","null"],"columnName":"STOCK_REPLEN_STORE_NUMBER"},{"name":"STOCK_REPLEN_LEAD_TIME","type":["string","null"],"columnName":"STOCK_REPLEN_LEAD_TIME"},{"name":"LST_UPDT_TS","type":["string","null"],"columnName":"LST_UPDT_TS"},{"name":"ORIG_LST_UPDT_TS","type":["string","null"],"columnName":"ORIG_LST_UPDT_TS"},{"name":"LST_UPDT_BY_ID","type":["string","null"],"columnName":"LST_UPDT_BY_ID"},{"name":"FILE_INS_TS","type":["string","null"],"columnName":"FILE_INS_TS"},{"name":"ORIG_FILE_INS_TS","type":["string","null"],"columnName":"ORIG_FILE_INS_TS"},{"name":"EXP_STOCK_PLAN_LEAD_TIME","type":["string","null"],"columnName":"EXP_STOCK_PLAN_LEAD_TIME"}],"tableName":"DEALER_HIERARCHY_CORE"}
15/09/06 13:13:56 INFO avro.AvroSerDe: Avro schema is {"type":"record","name":"DEALER_HIERARCHY_CORE","doc":"Sqoop import of DEALER_HIERARCHY","fields":[{"name":"File_Name","type":["string","null"],"columnName":"File_Name"},{"name":"GEN_ID","type":["string","null"],"columnName":"GEN_ID"},{"name":"DMS_SYSTEM","type":["string","null"],"columnName":"DMS_SYSTEM"},{"name":"DMS_VERSION","type":["string","null"],"columnName":"DMS_VERSION"},{"name":"TRANSMIT_TS","type":["string","null"],"columnName":"TRANSMIT_TS"},{"name":"ORIG_TRANSMIT_TS","type":["string","null"],"columnName":"TRANSMIT_TS"},{"name":"TRANSMIT_BY","type":["string","null"],"columnName":"TRANSMIT_BY"},{"name":"RECORD_STATUS","type":["string","null"],"columnName":"RECORD_STATUS"},{"name":"DEALER_UPDT_IND","type":["string","null"],"columnName":"DEALER_UPDT_IND","sqlType":"1"},{"name":"STORE_NUMBER","type":["string","null"],"columnName":"STORE_NUMBER"},{"name":"PART_TYPE","type":["string","null"],"columnName":"PART_TYPE"},{"name":"STORE_NAME","type":["string","null"],"columnName":"STORE_NAME"},{"name":"INVENTORY_STORE_NUMBER","type":["string","null"],"columnName":"INVENTORY_STORE_NUMBER"},{"name":"CAT_EMRG_DEALER_CODE","type":["string","null"],"columnName":"CAT_EMRG_DEALER_CODE"},{"name":"CAT_STOCK_DEALER_CODE","type":["string","null"],"columnName":"CAT_STOCK_DEALER_CODE"},{"name":"STOCK_REPLEN_STORE_NUMBER","type":["string","null"],"columnName":"STOCK_REPLEN_STORE_NUMBER"},{"name":"STOCK_REPLEN_LEAD_TIME","type":["string","null"],"columnName":"STOCK_REPLEN_LEAD_TIME"},{"name":"LST_UPDT_TS","type":["string","null"],"columnName":"LST_UPDT_TS"},{"name":"ORIG_LST_UPDT_TS","type":["string","null"],"columnName":"ORIG_LST_UPDT_TS"},{"name":"LST_UPDT_BY_ID","type":["string","null"],"columnName":"LST_UPDT_BY_ID"},{"name":"FILE_INS_TS","type":["string","null"],"columnName":"FILE_INS_TS"},{"name":"ORIG_FILE_INS_TS","type":["string","null"],"columnName":"ORIG_FILE_INS_TS"},{"name":"EXP_STOCK_PLAN_LEAD_TIME","type":["string","null"],"columnName":"EXP_STOCK_PLAN_LEAD_TIME"}],"tableName":"DEALER_HIERARCHY_CORE"}
15/09/06 13:13:56 INFO metastore.HiveMetaStore: 0: create_table: Table(tableName:DEALER_HIERARCHY_CORE, dbName:ddsw_dev, owner:hpatel, createTime:1441563236, lastAccessTime:0, retention:0, sd:StorageDescriptor(cols:[FieldSchema(name:file_name, type:string, comment:from deserializer), FieldSchema(name:gen_id, type:string, comment:from deserializer), FieldSchema(name:dms_system, type:string, comment:from deserializer), FieldSchema(name:dms_version, type:string, comment:from deserializer), FieldSchema(name:transmit_ts, type:string, comment:from deserializer), FieldSchema(name:orig_transmit_ts, type:string, comment:from deserializer), FieldSchema(name:transmit_by, type:string, comment:from deserializer), FieldSchema(name:record_status, type:string, comment:from deserializer), FieldSchema(name:dealer_updt_ind, type:string, comment:from deserializer), FieldSchema(name:store_number, type:string, comment:from deserializer), FieldSchema(name:part_type, type:string, comment:from deserializer), FieldSchema(name:store_name, type:string, comment:from deserializer), FieldSchema(name:inventory_store_number, type:string, comment:from deserializer), FieldSchema(name:cat_emrg_dealer_code, type:string, comment:from deserializer), FieldSchema(name:cat_stock_dealer_code, type:string, comment:from deserializer), FieldSchema(name:stock_replen_store_number, type:string, comment:from deserializer), FieldSchema(name:stock_replen_lead_time, type:string, comment:from deserializer), FieldSchema(name:lst_updt_ts, type:string, comment:from deserializer), FieldSchema(name:orig_lst_updt_ts, type:string, comment:from deserializer), FieldSchema(name:lst_updt_by_id, type:string, comment:from deserializer), FieldSchema(name:file_ins_ts, type:string, comment:from deserializer), FieldSchema(name:orig_file_ins_ts, type:string, comment:from deserializer), FieldSchema(name:exp_stock_plan_lead_time, type:string, comment:from deserializer)], location:file:/var/folders/y7/4_pz5fzx54ngcmghz3v6t3m00000gn/T/junit3221324282040719723/hadooptmp/dealer_hierarchy/core_data, inputFormat:org.apache.hadoop.hive.ql.io.avro.AvroContainerInputFormat, outputFormat:org.apache.hadoop.hive.ql.io.avro.AvroContainerOutputFormat, compressed:false, numBuckets:-1, serdeInfo:SerDeInfo(name:null, serializationLib:org.apache.hadoop.hive.serde2.avro.AvroSerDe, parameters:{avro.schema.url=./src/test/resources/dealer_hierarchy/schema/DEALER_HIERARCHY_CORE.avsc, serialization.format=1}), bucketCols:[], sortCols:[], parameters:{}, skewedInfo:SkewedInfo(skewedColNames:[], skewedColValues:[], skewedColValueLocationMaps:{}), storedAsSubDirectories:false), partitionKeys:[FieldSchema(name:dealer_code, type:string, comment:null)], parameters:{EXTERNAL=TRUE}, viewOriginalText:null, viewExpandedText:null, tableType:EXTERNAL_TABLE)
15/09/06 13:13:56 INFO HiveMetaStore.audit: ugi=hpatel	ip=unknown-ip-addr	cmd=create_table: Table(tableName:DEALER_HIERARCHY_CORE, dbName:ddsw_dev, owner:hpatel, createTime:1441563236, lastAccessTime:0, retention:0, sd:StorageDescriptor(cols:[FieldSchema(name:file_name, type:string, comment:from deserializer), FieldSchema(name:gen_id, type:string, comment:from deserializer), FieldSchema(name:dms_system, type:string, comment:from deserializer), FieldSchema(name:dms_version, type:string, comment:from deserializer), FieldSchema(name:transmit_ts, type:string, comment:from deserializer), FieldSchema(name:orig_transmit_ts, type:string, comment:from deserializer), FieldSchema(name:transmit_by, type:string, comment:from deserializer), FieldSchema(name:record_status, type:string, comment:from deserializer), FieldSchema(name:dealer_updt_ind, type:string, comment:from deserializer), FieldSchema(name:store_number, type:string, comment:from deserializer), FieldSchema(name:part_type, type:string, comment:from deserializer), FieldSchema(name:store_name, type:string, comment:from deserializer), FieldSchema(name:inventory_store_number, type:string, comment:from deserializer), FieldSchema(name:cat_emrg_dealer_code, type:string, comment:from deserializer), FieldSchema(name:cat_stock_dealer_code, type:string, comment:from deserializer), FieldSchema(name:stock_replen_store_number, type:string, comment:from deserializer), FieldSchema(name:stock_replen_lead_time, type:string, comment:from deserializer), FieldSchema(name:lst_updt_ts, type:string, comment:from deserializer), FieldSchema(name:orig_lst_updt_ts, type:string, comment:from deserializer), FieldSchema(name:lst_updt_by_id, type:string, comment:from deserializer), FieldSchema(name:file_ins_ts, type:string, comment:from deserializer), FieldSchema(name:orig_file_ins_ts, type:string, comment:from deserializer), FieldSchema(name:exp_stock_plan_lead_time, type:string, comment:from deserializer)], location:file:/var/folders/y7/4_pz5fzx54ngcmghz3v6t3m00000gn/T/junit3221324282040719723/hadooptmp/dealer_hierarchy/core_data, inputFormat:org.apache.hadoop.hive.ql.io.avro.AvroContainerInputFormat, outputFormat:org.apache.hadoop.hive.ql.io.avro.AvroContainerOutputFormat, compressed:false, numBuckets:-1, serdeInfo:SerDeInfo(name:null, serializationLib:org.apache.hadoop.hive.serde2.avro.AvroSerDe, parameters:{avro.schema.url=./src/test/resources/dealer_hierarchy/schema/DEALER_HIERARCHY_CORE.avsc, serialization.format=1}), bucketCols:[], sortCols:[], parameters:{}, skewedInfo:SkewedInfo(skewedColNames:[], skewedColValues:[], skewedColValueLocationMaps:{}), storedAsSubDirectories:false), partitionKeys:[FieldSchema(name:dealer_code, type:string, comment:null)], parameters:{EXTERNAL=TRUE}, viewOriginalText:null, viewExpandedText:null, tableType:EXTERNAL_TABLE)	
15/09/06 13:13:56 INFO common.FileUtils: Creating directory if it doesn't exist: file:/var/folders/y7/4_pz5fzx54ngcmghz3v6t3m00000gn/T/junit3221324282040719723/hadooptmp/dealer_hierarchy/core_data
15/09/06 13:13:56 INFO log.PerfLogger: </PERFLOG method=runTasks start=1441563236387 end=1441563236425 duration=38 from=org.apache.hadoop.hive.ql.Driver>
15/09/06 13:13:56 INFO log.PerfLogger: </PERFLOG method=Driver.execute start=1441563236387 end=1441563236426 duration=39 from=org.apache.hadoop.hive.ql.Driver>
OK
15/09/06 13:13:56 INFO ql.Driver: OK
15/09/06 13:13:56 INFO log.PerfLogger: <PERFLOG method=releaseLocks from=org.apache.hadoop.hive.ql.Driver>
15/09/06 13:13:56 INFO log.PerfLogger: </PERFLOG method=releaseLocks start=1441563236426 end=1441563236426 duration=0 from=org.apache.hadoop.hive.ql.Driver>
15/09/06 13:13:56 INFO log.PerfLogger: </PERFLOG method=Driver.run start=1441563236384 end=1441563236426 duration=42 from=org.apache.hadoop.hive.ql.Driver>
15/09/06 13:13:56 INFO service.HiveServer: Running the query: 

15/09/06 13:13:56 INFO builder.HiveShellTearable: Created hive resource /var/folders/y7/4_pz5fzx54ngcmghz3v6t3m00000gn/T/junit3221324282040719723/hadooptmp/dealer_hierarchy/temp_data/dealer_code=AAAA/temp_data_from_string.csv
15/09/06 13:13:56 INFO builder.HiveShellTearable: Created hive resource /var/folders/y7/4_pz5fzx54ngcmghz3v6t3m00000gn/T/junit3221324282040719723/hadooptmp/dealer_hierarchy/temp_data/dealer_code=ZZZZ/temp_data_from_file.csv
15/09/06 13:13:56 INFO service.HiveServer: Running the query: MSCK REPAIR TABLE dealer_hierarchy_core
15/09/06 13:13:56 INFO log.PerfLogger: <PERFLOG method=Driver.run from=org.apache.hadoop.hive.ql.Driver>
15/09/06 13:13:56 INFO log.PerfLogger: <PERFLOG method=TimeToSubmit from=org.apache.hadoop.hive.ql.Driver>
15/09/06 13:13:56 INFO ql.Driver: Concurrency mode is disabled, not creating a lock manager
15/09/06 13:13:56 INFO log.PerfLogger: <PERFLOG method=compile from=org.apache.hadoop.hive.ql.Driver>
15/09/06 13:13:56 INFO log.PerfLogger: <PERFLOG method=parse from=org.apache.hadoop.hive.ql.Driver>
15/09/06 13:13:56 INFO parse.ParseDriver: Parsing command: MSCK REPAIR TABLE dealer_hierarchy_core
15/09/06 13:13:56 INFO parse.ParseDriver: Parse Completed
15/09/06 13:13:56 INFO log.PerfLogger: </PERFLOG method=parse start=1441563236427 end=1441563236428 duration=1 from=org.apache.hadoop.hive.ql.Driver>
15/09/06 13:13:56 INFO log.PerfLogger: <PERFLOG method=semanticAnalyze from=org.apache.hadoop.hive.ql.Driver>
15/09/06 13:13:56 INFO ql.Driver: Semantic Analysis Completed
15/09/06 13:13:56 INFO log.PerfLogger: </PERFLOG method=semanticAnalyze start=1441563236428 end=1441563236433 duration=5 from=org.apache.hadoop.hive.ql.Driver>
15/09/06 13:13:56 INFO ql.Driver: Returning Hive schema: Schema(fieldSchemas:null, properties:null)
15/09/06 13:13:56 INFO log.PerfLogger: </PERFLOG method=compile start=1441563236427 end=1441563236433 duration=6 from=org.apache.hadoop.hive.ql.Driver>
15/09/06 13:13:56 INFO log.PerfLogger: <PERFLOG method=Driver.execute from=org.apache.hadoop.hive.ql.Driver>
15/09/06 13:13:56 INFO ql.Driver: Starting command: MSCK REPAIR TABLE dealer_hierarchy_core
15/09/06 13:13:56 INFO log.PerfLogger: </PERFLOG method=TimeToSubmit start=1441563236427 end=1441563236433 duration=6 from=org.apache.hadoop.hive.ql.Driver>
15/09/06 13:13:56 INFO log.PerfLogger: <PERFLOG method=runTasks from=org.apache.hadoop.hive.ql.Driver>
15/09/06 13:13:56 INFO log.PerfLogger: <PERFLOG method=task.DDL.Stage-0 from=org.apache.hadoop.hive.ql.Driver>
15/09/06 13:13:56 INFO metastore.HiveMetaStore: 0: get_table : db=ddsw_dev tbl=dealer_hierarchy_core
15/09/06 13:13:56 INFO HiveMetaStore.audit: ugi=hpatel	ip=unknown-ip-addr	cmd=get_table : db=ddsw_dev tbl=dealer_hierarchy_core	
15/09/06 13:13:56 INFO avro.AvroSerDe: Avro schema is {"type":"record","name":"DEALER_HIERARCHY_CORE","doc":"Sqoop import of DEALER_HIERARCHY","fields":[{"name":"File_Name","type":["string","null"],"columnName":"File_Name"},{"name":"GEN_ID","type":["string","null"],"columnName":"GEN_ID"},{"name":"DMS_SYSTEM","type":["string","null"],"columnName":"DMS_SYSTEM"},{"name":"DMS_VERSION","type":["string","null"],"columnName":"DMS_VERSION"},{"name":"TRANSMIT_TS","type":["string","null"],"columnName":"TRANSMIT_TS"},{"name":"ORIG_TRANSMIT_TS","type":["string","null"],"columnName":"TRANSMIT_TS"},{"name":"TRANSMIT_BY","type":["string","null"],"columnName":"TRANSMIT_BY"},{"name":"RECORD_STATUS","type":["string","null"],"columnName":"RECORD_STATUS"},{"name":"DEALER_UPDT_IND","type":["string","null"],"columnName":"DEALER_UPDT_IND","sqlType":"1"},{"name":"STORE_NUMBER","type":["string","null"],"columnName":"STORE_NUMBER"},{"name":"PART_TYPE","type":["string","null"],"columnName":"PART_TYPE"},{"name":"STORE_NAME","type":["string","null"],"columnName":"STORE_NAME"},{"name":"INVENTORY_STORE_NUMBER","type":["string","null"],"columnName":"INVENTORY_STORE_NUMBER"},{"name":"CAT_EMRG_DEALER_CODE","type":["string","null"],"columnName":"CAT_EMRG_DEALER_CODE"},{"name":"CAT_STOCK_DEALER_CODE","type":["string","null"],"columnName":"CAT_STOCK_DEALER_CODE"},{"name":"STOCK_REPLEN_STORE_NUMBER","type":["string","null"],"columnName":"STOCK_REPLEN_STORE_NUMBER"},{"name":"STOCK_REPLEN_LEAD_TIME","type":["string","null"],"columnName":"STOCK_REPLEN_LEAD_TIME"},{"name":"LST_UPDT_TS","type":["string","null"],"columnName":"LST_UPDT_TS"},{"name":"ORIG_LST_UPDT_TS","type":["string","null"],"columnName":"ORIG_LST_UPDT_TS"},{"name":"LST_UPDT_BY_ID","type":["string","null"],"columnName":"LST_UPDT_BY_ID"},{"name":"FILE_INS_TS","type":["string","null"],"columnName":"FILE_INS_TS"},{"name":"ORIG_FILE_INS_TS","type":["string","null"],"columnName":"ORIG_FILE_INS_TS"},{"name":"EXP_STOCK_PLAN_LEAD_TIME","type":["string","null"],"columnName":"EXP_STOCK_PLAN_LEAD_TIME"}],"tableName":"DEALER_HIERARCHY_CORE"}
15/09/06 13:13:56 INFO avro.AvroSerDe: Avro schema is {"type":"record","name":"DEALER_HIERARCHY_CORE","doc":"Sqoop import of DEALER_HIERARCHY","fields":[{"name":"File_Name","type":["string","null"],"columnName":"File_Name"},{"name":"GEN_ID","type":["string","null"],"columnName":"GEN_ID"},{"name":"DMS_SYSTEM","type":["string","null"],"columnName":"DMS_SYSTEM"},{"name":"DMS_VERSION","type":["string","null"],"columnName":"DMS_VERSION"},{"name":"TRANSMIT_TS","type":["string","null"],"columnName":"TRANSMIT_TS"},{"name":"ORIG_TRANSMIT_TS","type":["string","null"],"columnName":"TRANSMIT_TS"},{"name":"TRANSMIT_BY","type":["string","null"],"columnName":"TRANSMIT_BY"},{"name":"RECORD_STATUS","type":["string","null"],"columnName":"RECORD_STATUS"},{"name":"DEALER_UPDT_IND","type":["string","null"],"columnName":"DEALER_UPDT_IND","sqlType":"1"},{"name":"STORE_NUMBER","type":["string","null"],"columnName":"STORE_NUMBER"},{"name":"PART_TYPE","type":["string","null"],"columnName":"PART_TYPE"},{"name":"STORE_NAME","type":["string","null"],"columnName":"STORE_NAME"},{"name":"INVENTORY_STORE_NUMBER","type":["string","null"],"columnName":"INVENTORY_STORE_NUMBER"},{"name":"CAT_EMRG_DEALER_CODE","type":["string","null"],"columnName":"CAT_EMRG_DEALER_CODE"},{"name":"CAT_STOCK_DEALER_CODE","type":["string","null"],"columnName":"CAT_STOCK_DEALER_CODE"},{"name":"STOCK_REPLEN_STORE_NUMBER","type":["string","null"],"columnName":"STOCK_REPLEN_STORE_NUMBER"},{"name":"STOCK_REPLEN_LEAD_TIME","type":["string","null"],"columnName":"STOCK_REPLEN_LEAD_TIME"},{"name":"LST_UPDT_TS","type":["string","null"],"columnName":"LST_UPDT_TS"},{"name":"ORIG_LST_UPDT_TS","type":["string","null"],"columnName":"ORIG_LST_UPDT_TS"},{"name":"LST_UPDT_BY_ID","type":["string","null"],"columnName":"LST_UPDT_BY_ID"},{"name":"FILE_INS_TS","type":["string","null"],"columnName":"FILE_INS_TS"},{"name":"ORIG_FILE_INS_TS","type":["string","null"],"columnName":"ORIG_FILE_INS_TS"},{"name":"EXP_STOCK_PLAN_LEAD_TIME","type":["string","null"],"columnName":"EXP_STOCK_PLAN_LEAD_TIME"}],"tableName":"DEALER_HIERARCHY_CORE"}
15/09/06 13:13:56 INFO metastore.HiveMetaStore: 0: get_partitions_with_auth : db=ddsw_dev tbl=dealer_hierarchy_core
15/09/06 13:13:56 INFO HiveMetaStore.audit: ugi=hpatel	ip=unknown-ip-addr	cmd=get_partitions_with_auth : db=ddsw_dev tbl=dealer_hierarchy_core	
15/09/06 13:13:56 INFO log.PerfLogger: </PERFLOG method=runTasks start=1441563236434 end=1441563236463 duration=29 from=org.apache.hadoop.hive.ql.Driver>
15/09/06 13:13:56 INFO log.PerfLogger: </PERFLOG method=Driver.execute start=1441563236433 end=1441563236463 duration=30 from=org.apache.hadoop.hive.ql.Driver>
OK
15/09/06 13:13:56 INFO ql.Driver: OK
15/09/06 13:13:56 INFO log.PerfLogger: <PERFLOG method=releaseLocks from=org.apache.hadoop.hive.ql.Driver>
15/09/06 13:13:56 INFO log.PerfLogger: </PERFLOG method=releaseLocks start=1441563236463 end=1441563236463 duration=0 from=org.apache.hadoop.hive.ql.Driver>
15/09/06 13:13:56 INFO log.PerfLogger: </PERFLOG method=Driver.run start=1441563236427 end=1441563236463 duration=36 from=org.apache.hadoop.hive.ql.Driver>
15/09/06 13:13:56 INFO service.HiveServer: Running the query: MSCK REPAIR TABLE dealer_hierarchy_temp_data
15/09/06 13:13:56 INFO log.PerfLogger: <PERFLOG method=Driver.run from=org.apache.hadoop.hive.ql.Driver>
15/09/06 13:13:56 INFO log.PerfLogger: <PERFLOG method=TimeToSubmit from=org.apache.hadoop.hive.ql.Driver>
15/09/06 13:13:56 INFO ql.Driver: Concurrency mode is disabled, not creating a lock manager
15/09/06 13:13:56 INFO log.PerfLogger: <PERFLOG method=compile from=org.apache.hadoop.hive.ql.Driver>
15/09/06 13:13:56 INFO log.PerfLogger: <PERFLOG method=parse from=org.apache.hadoop.hive.ql.Driver>
15/09/06 13:13:56 INFO parse.ParseDriver: Parsing command: MSCK REPAIR TABLE dealer_hierarchy_temp_data
15/09/06 13:13:56 INFO parse.ParseDriver: Parse Completed
15/09/06 13:13:56 INFO log.PerfLogger: </PERFLOG method=parse start=1441563236464 end=1441563236464 duration=0 from=org.apache.hadoop.hive.ql.Driver>
15/09/06 13:13:56 INFO log.PerfLogger: <PERFLOG method=semanticAnalyze from=org.apache.hadoop.hive.ql.Driver>
15/09/06 13:13:56 INFO ql.Driver: Semantic Analysis Completed
15/09/06 13:13:56 INFO log.PerfLogger: </PERFLOG method=semanticAnalyze start=1441563236464 end=1441563236468 duration=4 from=org.apache.hadoop.hive.ql.Driver>
15/09/06 13:13:56 INFO ql.Driver: Returning Hive schema: Schema(fieldSchemas:null, properties:null)
15/09/06 13:13:56 INFO log.PerfLogger: </PERFLOG method=compile start=1441563236464 end=1441563236469 duration=5 from=org.apache.hadoop.hive.ql.Driver>
15/09/06 13:13:56 INFO log.PerfLogger: <PERFLOG method=Driver.execute from=org.apache.hadoop.hive.ql.Driver>
15/09/06 13:13:56 INFO ql.Driver: Starting command: MSCK REPAIR TABLE dealer_hierarchy_temp_data
15/09/06 13:13:56 INFO log.PerfLogger: </PERFLOG method=TimeToSubmit start=1441563236464 end=1441563236469 duration=5 from=org.apache.hadoop.hive.ql.Driver>
15/09/06 13:13:56 INFO log.PerfLogger: <PERFLOG method=runTasks from=org.apache.hadoop.hive.ql.Driver>
15/09/06 13:13:56 INFO log.PerfLogger: <PERFLOG method=task.DDL.Stage-0 from=org.apache.hadoop.hive.ql.Driver>
15/09/06 13:13:56 INFO metastore.HiveMetaStore: 0: get_table : db=ddsw_dev tbl=dealer_hierarchy_temp_data
15/09/06 13:13:56 INFO HiveMetaStore.audit: ugi=hpatel	ip=unknown-ip-addr	cmd=get_table : db=ddsw_dev tbl=dealer_hierarchy_temp_data	
15/09/06 13:13:56 INFO metastore.HiveMetaStore: 0: get_partitions_with_auth : db=ddsw_dev tbl=dealer_hierarchy_temp_data
15/09/06 13:13:56 INFO HiveMetaStore.audit: ugi=hpatel	ip=unknown-ip-addr	cmd=get_partitions_with_auth : db=ddsw_dev tbl=dealer_hierarchy_temp_data	
15/09/06 13:13:56 INFO metastore.HiveMetaStore: 0: get_table : db=ddsw_dev tbl=dealer_hierarchy_temp_data
15/09/06 13:13:56 INFO HiveMetaStore.audit: ugi=hpatel	ip=unknown-ip-addr	cmd=get_table : db=ddsw_dev tbl=dealer_hierarchy_temp_data	
15/09/06 13:13:56 INFO metastore.HiveMetaStore: 0: get_table : db=ddsw_dev tbl=dealer_hierarchy_temp_data
15/09/06 13:13:56 INFO HiveMetaStore.audit: ugi=hpatel	ip=unknown-ip-addr	cmd=get_table : db=ddsw_dev tbl=dealer_hierarchy_temp_data	
15/09/06 13:13:56 INFO metastore.HiveMetaStore: 0: add_partitions
15/09/06 13:13:56 INFO HiveMetaStore.audit: ugi=hpatel	ip=unknown-ip-addr	cmd=add_partitions	
15/09/06 13:13:56 INFO log.PerfLogger: </PERFLOG method=runTasks start=1441563236469 end=1441563236514 duration=45 from=org.apache.hadoop.hive.ql.Driver>
15/09/06 13:13:56 INFO log.PerfLogger: </PERFLOG method=Driver.execute start=1441563236469 end=1441563236514 duration=45 from=org.apache.hadoop.hive.ql.Driver>
OK
15/09/06 13:13:56 INFO ql.Driver: OK
15/09/06 13:13:56 INFO log.PerfLogger: <PERFLOG method=releaseLocks from=org.apache.hadoop.hive.ql.Driver>
15/09/06 13:13:56 INFO log.PerfLogger: </PERFLOG method=releaseLocks start=1441563236515 end=1441563236515 duration=0 from=org.apache.hadoop.hive.ql.Driver>
15/09/06 13:13:56 INFO log.PerfLogger: </PERFLOG method=Driver.run start=1441563236464 end=1441563236515 duration=51 from=org.apache.hadoop.hive.ql.Driver>
15/09/06 13:13:56 INFO service.HiveServer: Running the query: 
INSERT INTO TABLE DEALER_HIERARCHY_CORE
  PARTITION (DEALER_CODE)
  SELECT
    dh.FILE_NAME,
    dh.GEN_ID,
    dh.DMS_SYSTEM,
    dh.DMS_VERSION,
    custom_utc_timestamp(format_mr_timestamp(dh.TRANSMIT_TS)) AS TRANSMIT_TS,
    format_mr_timestamp(dh.ORIG_TRANSMIT_TS) AS ORIG_TRANSMIT_TS,
    dh.TRANSMIT_BY,
    dh.RECORD_STATUS,
    dh.DEALER_UPDT_IND,
    trim(dh.STORE_NUMBER) as STORE_NUMBER,
    trim(dh.PART_TYPE) as PART_TYPE,
    dh.STORE_NAME,
    dh.INVENTORY_STORE_NUMBER,
    trim(dh.CAT_EMRG_DEALER_CODE) as CAT_EMRG_DEALER_CODE,
    trim(dh.CAT_STOCK_DEALER_CODE) as CAT_STOCK_DEALER_CODE,
    trim(dh.STOCK_REPLEN_STORE_NUMBER) as STOCK_REPLEN_STORE_NUMBER,
    dh.STOCK_REPLEN_LEAD_TIME,
    dh.LST_UPDT_TS,
    dh.ORIG_LST_UPDT_TS,
    dh.LST_UPDT_BY_ID,
    dh.file_ins_ts,
    dh.ORIG_file_ins_TS,
    dh.EXP_STOCK_PLAN_LEAD_TIME,
    trim(dh.DEALER_CODE) as DEALER_CODE
  FROM
    dealer_hierarchy_temp_data dh

15/09/06 13:13:56 INFO log.PerfLogger: <PERFLOG method=Driver.run from=org.apache.hadoop.hive.ql.Driver>
15/09/06 13:13:56 INFO log.PerfLogger: <PERFLOG method=TimeToSubmit from=org.apache.hadoop.hive.ql.Driver>
15/09/06 13:13:56 INFO ql.Driver: Concurrency mode is disabled, not creating a lock manager
15/09/06 13:13:56 INFO log.PerfLogger: <PERFLOG method=compile from=org.apache.hadoop.hive.ql.Driver>
15/09/06 13:13:56 INFO log.PerfLogger: <PERFLOG method=parse from=org.apache.hadoop.hive.ql.Driver>
15/09/06 13:13:56 INFO parse.ParseDriver: Parsing command: 
INSERT INTO TABLE DEALER_HIERARCHY_CORE
  PARTITION (DEALER_CODE)
  SELECT
    dh.FILE_NAME,
    dh.GEN_ID,
    dh.DMS_SYSTEM,
    dh.DMS_VERSION,
    custom_utc_timestamp(format_mr_timestamp(dh.TRANSMIT_TS)) AS TRANSMIT_TS,
    format_mr_timestamp(dh.ORIG_TRANSMIT_TS) AS ORIG_TRANSMIT_TS,
    dh.TRANSMIT_BY,
    dh.RECORD_STATUS,
    dh.DEALER_UPDT_IND,
    trim(dh.STORE_NUMBER) as STORE_NUMBER,
    trim(dh.PART_TYPE) as PART_TYPE,
    dh.STORE_NAME,
    dh.INVENTORY_STORE_NUMBER,
    trim(dh.CAT_EMRG_DEALER_CODE) as CAT_EMRG_DEALER_CODE,
    trim(dh.CAT_STOCK_DEALER_CODE) as CAT_STOCK_DEALER_CODE,
    trim(dh.STOCK_REPLEN_STORE_NUMBER) as STOCK_REPLEN_STORE_NUMBER,
    dh.STOCK_REPLEN_LEAD_TIME,
    dh.LST_UPDT_TS,
    dh.ORIG_LST_UPDT_TS,
    dh.LST_UPDT_BY_ID,
    dh.file_ins_ts,
    dh.ORIG_file_ins_TS,
    dh.EXP_STOCK_PLAN_LEAD_TIME,
    trim(dh.DEALER_CODE) as DEALER_CODE
  FROM
    dealer_hierarchy_temp_data dh

15/09/06 13:13:56 INFO parse.ParseDriver: Parse Completed
15/09/06 13:13:56 INFO log.PerfLogger: </PERFLOG method=parse start=1441563236516 end=1441563236521 duration=5 from=org.apache.hadoop.hive.ql.Driver>
15/09/06 13:13:56 INFO log.PerfLogger: <PERFLOG method=semanticAnalyze from=org.apache.hadoop.hive.ql.Driver>
15/09/06 13:13:56 INFO parse.SemanticAnalyzer: Starting Semantic Analysis
15/09/06 13:13:56 INFO parse.SemanticAnalyzer: Completed phase 1 of Semantic Analysis
15/09/06 13:13:56 INFO parse.SemanticAnalyzer: Get metadata for source tables
15/09/06 13:13:56 INFO metastore.HiveMetaStore: 0: get_table : db=ddsw_dev tbl=dealer_hierarchy_temp_data
15/09/06 13:13:56 INFO HiveMetaStore.audit: ugi=hpatel	ip=unknown-ip-addr	cmd=get_table : db=ddsw_dev tbl=dealer_hierarchy_temp_data	
15/09/06 13:13:56 INFO parse.SemanticAnalyzer: Get metadata for subqueries
15/09/06 13:13:56 INFO parse.SemanticAnalyzer: Get metadata for destination tables
15/09/06 13:13:56 INFO metastore.HiveMetaStore: 0: get_table : db=ddsw_dev tbl=DEALER_HIERARCHY_CORE
15/09/06 13:13:56 INFO HiveMetaStore.audit: ugi=hpatel	ip=unknown-ip-addr	cmd=get_table : db=ddsw_dev tbl=DEALER_HIERARCHY_CORE	
15/09/06 13:13:56 INFO avro.AvroSerDe: Avro schema is {"type":"record","name":"DEALER_HIERARCHY_CORE","doc":"Sqoop import of DEALER_HIERARCHY","fields":[{"name":"File_Name","type":["string","null"],"columnName":"File_Name"},{"name":"GEN_ID","type":["string","null"],"columnName":"GEN_ID"},{"name":"DMS_SYSTEM","type":["string","null"],"columnName":"DMS_SYSTEM"},{"name":"DMS_VERSION","type":["string","null"],"columnName":"DMS_VERSION"},{"name":"TRANSMIT_TS","type":["string","null"],"columnName":"TRANSMIT_TS"},{"name":"ORIG_TRANSMIT_TS","type":["string","null"],"columnName":"TRANSMIT_TS"},{"name":"TRANSMIT_BY","type":["string","null"],"columnName":"TRANSMIT_BY"},{"name":"RECORD_STATUS","type":["string","null"],"columnName":"RECORD_STATUS"},{"name":"DEALER_UPDT_IND","type":["string","null"],"columnName":"DEALER_UPDT_IND","sqlType":"1"},{"name":"STORE_NUMBER","type":["string","null"],"columnName":"STORE_NUMBER"},{"name":"PART_TYPE","type":["string","null"],"columnName":"PART_TYPE"},{"name":"STORE_NAME","type":["string","null"],"columnName":"STORE_NAME"},{"name":"INVENTORY_STORE_NUMBER","type":["string","null"],"columnName":"INVENTORY_STORE_NUMBER"},{"name":"CAT_EMRG_DEALER_CODE","type":["string","null"],"columnName":"CAT_EMRG_DEALER_CODE"},{"name":"CAT_STOCK_DEALER_CODE","type":["string","null"],"columnName":"CAT_STOCK_DEALER_CODE"},{"name":"STOCK_REPLEN_STORE_NUMBER","type":["string","null"],"columnName":"STOCK_REPLEN_STORE_NUMBER"},{"name":"STOCK_REPLEN_LEAD_TIME","type":["string","null"],"columnName":"STOCK_REPLEN_LEAD_TIME"},{"name":"LST_UPDT_TS","type":["string","null"],"columnName":"LST_UPDT_TS"},{"name":"ORIG_LST_UPDT_TS","type":["string","null"],"columnName":"ORIG_LST_UPDT_TS"},{"name":"LST_UPDT_BY_ID","type":["string","null"],"columnName":"LST_UPDT_BY_ID"},{"name":"FILE_INS_TS","type":["string","null"],"columnName":"FILE_INS_TS"},{"name":"ORIG_FILE_INS_TS","type":["string","null"],"columnName":"ORIG_FILE_INS_TS"},{"name":"EXP_STOCK_PLAN_LEAD_TIME","type":["string","null"],"columnName":"EXP_STOCK_PLAN_LEAD_TIME"}],"tableName":"DEALER_HIERARCHY_CORE"}
15/09/06 13:13:56 INFO avro.AvroSerDe: Avro schema is {"type":"record","name":"DEALER_HIERARCHY_CORE","doc":"Sqoop import of DEALER_HIERARCHY","fields":[{"name":"File_Name","type":["string","null"],"columnName":"File_Name"},{"name":"GEN_ID","type":["string","null"],"columnName":"GEN_ID"},{"name":"DMS_SYSTEM","type":["string","null"],"columnName":"DMS_SYSTEM"},{"name":"DMS_VERSION","type":["string","null"],"columnName":"DMS_VERSION"},{"name":"TRANSMIT_TS","type":["string","null"],"columnName":"TRANSMIT_TS"},{"name":"ORIG_TRANSMIT_TS","type":["string","null"],"columnName":"TRANSMIT_TS"},{"name":"TRANSMIT_BY","type":["string","null"],"columnName":"TRANSMIT_BY"},{"name":"RECORD_STATUS","type":["string","null"],"columnName":"RECORD_STATUS"},{"name":"DEALER_UPDT_IND","type":["string","null"],"columnName":"DEALER_UPDT_IND","sqlType":"1"},{"name":"STORE_NUMBER","type":["string","null"],"columnName":"STORE_NUMBER"},{"name":"PART_TYPE","type":["string","null"],"columnName":"PART_TYPE"},{"name":"STORE_NAME","type":["string","null"],"columnName":"STORE_NAME"},{"name":"INVENTORY_STORE_NUMBER","type":["string","null"],"columnName":"INVENTORY_STORE_NUMBER"},{"name":"CAT_EMRG_DEALER_CODE","type":["string","null"],"columnName":"CAT_EMRG_DEALER_CODE"},{"name":"CAT_STOCK_DEALER_CODE","type":["string","null"],"columnName":"CAT_STOCK_DEALER_CODE"},{"name":"STOCK_REPLEN_STORE_NUMBER","type":["string","null"],"columnName":"STOCK_REPLEN_STORE_NUMBER"},{"name":"STOCK_REPLEN_LEAD_TIME","type":["string","null"],"columnName":"STOCK_REPLEN_LEAD_TIME"},{"name":"LST_UPDT_TS","type":["string","null"],"columnName":"LST_UPDT_TS"},{"name":"ORIG_LST_UPDT_TS","type":["string","null"],"columnName":"ORIG_LST_UPDT_TS"},{"name":"LST_UPDT_BY_ID","type":["string","null"],"columnName":"LST_UPDT_BY_ID"},{"name":"FILE_INS_TS","type":["string","null"],"columnName":"FILE_INS_TS"},{"name":"ORIG_FILE_INS_TS","type":["string","null"],"columnName":"ORIG_FILE_INS_TS"},{"name":"EXP_STOCK_PLAN_LEAD_TIME","type":["string","null"],"columnName":"EXP_STOCK_PLAN_LEAD_TIME"}],"tableName":"DEALER_HIERARCHY_CORE"}
15/09/06 13:13:56 WARN parse.BaseSemanticAnalyzer: Dynamic partitioning is used; only validating 0 columns
15/09/06 13:13:56 INFO parse.SemanticAnalyzer: Completed getting MetaData in Semantic Analysis
15/09/06 13:13:56 INFO common.FileUtils: Creating directory if it doesn't exist: file:/var/folders/y7/4_pz5fzx54ngcmghz3v6t3m00000gn/T/junit3221324282040719723/hadooptmp/dealer_hierarchy/core_data/.hive-staging_hive_2015-09-06_13-13-56_516_9092190550242251629-1
15/09/06 13:13:56 INFO avro.AvroSerDe: Avro schema is {"type":"record","name":"DEALER_HIERARCHY_CORE","doc":"Sqoop import of DEALER_HIERARCHY","fields":[{"name":"File_Name","type":["string","null"],"columnName":"File_Name"},{"name":"GEN_ID","type":["string","null"],"columnName":"GEN_ID"},{"name":"DMS_SYSTEM","type":["string","null"],"columnName":"DMS_SYSTEM"},{"name":"DMS_VERSION","type":["string","null"],"columnName":"DMS_VERSION"},{"name":"TRANSMIT_TS","type":["string","null"],"columnName":"TRANSMIT_TS"},{"name":"ORIG_TRANSMIT_TS","type":["string","null"],"columnName":"TRANSMIT_TS"},{"name":"TRANSMIT_BY","type":["string","null"],"columnName":"TRANSMIT_BY"},{"name":"RECORD_STATUS","type":["string","null"],"columnName":"RECORD_STATUS"},{"name":"DEALER_UPDT_IND","type":["string","null"],"columnName":"DEALER_UPDT_IND","sqlType":"1"},{"name":"STORE_NUMBER","type":["string","null"],"columnName":"STORE_NUMBER"},{"name":"PART_TYPE","type":["string","null"],"columnName":"PART_TYPE"},{"name":"STORE_NAME","type":["string","null"],"columnName":"STORE_NAME"},{"name":"INVENTORY_STORE_NUMBER","type":["string","null"],"columnName":"INVENTORY_STORE_NUMBER"},{"name":"CAT_EMRG_DEALER_CODE","type":["string","null"],"columnName":"CAT_EMRG_DEALER_CODE"},{"name":"CAT_STOCK_DEALER_CODE","type":["string","null"],"columnName":"CAT_STOCK_DEALER_CODE"},{"name":"STOCK_REPLEN_STORE_NUMBER","type":["string","null"],"columnName":"STOCK_REPLEN_STORE_NUMBER"},{"name":"STOCK_REPLEN_LEAD_TIME","type":["string","null"],"columnName":"STOCK_REPLEN_LEAD_TIME"},{"name":"LST_UPDT_TS","type":["string","null"],"columnName":"LST_UPDT_TS"},{"name":"ORIG_LST_UPDT_TS","type":["string","null"],"columnName":"ORIG_LST_UPDT_TS"},{"name":"LST_UPDT_BY_ID","type":["string","null"],"columnName":"LST_UPDT_BY_ID"},{"name":"FILE_INS_TS","type":["string","null"],"columnName":"FILE_INS_TS"},{"name":"ORIG_FILE_INS_TS","type":["string","null"],"columnName":"ORIG_FILE_INS_TS"},{"name":"EXP_STOCK_PLAN_LEAD_TIME","type":["string","null"],"columnName":"EXP_STOCK_PLAN_LEAD_TIME"}],"tableName":"DEALER_HIERARCHY_CORE"}
15/09/06 13:13:56 INFO avro.AvroSerDe: Avro schema is {"type":"record","name":"DEALER_HIERARCHY_CORE","doc":"Sqoop import of DEALER_HIERARCHY","fields":[{"name":"File_Name","type":["string","null"],"columnName":"File_Name"},{"name":"GEN_ID","type":["string","null"],"columnName":"GEN_ID"},{"name":"DMS_SYSTEM","type":["string","null"],"columnName":"DMS_SYSTEM"},{"name":"DMS_VERSION","type":["string","null"],"columnName":"DMS_VERSION"},{"name":"TRANSMIT_TS","type":["string","null"],"columnName":"TRANSMIT_TS"},{"name":"ORIG_TRANSMIT_TS","type":["string","null"],"columnName":"TRANSMIT_TS"},{"name":"TRANSMIT_BY","type":["string","null"],"columnName":"TRANSMIT_BY"},{"name":"RECORD_STATUS","type":["string","null"],"columnName":"RECORD_STATUS"},{"name":"DEALER_UPDT_IND","type":["string","null"],"columnName":"DEALER_UPDT_IND","sqlType":"1"},{"name":"STORE_NUMBER","type":["string","null"],"columnName":"STORE_NUMBER"},{"name":"PART_TYPE","type":["string","null"],"columnName":"PART_TYPE"},{"name":"STORE_NAME","type":["string","null"],"columnName":"STORE_NAME"},{"name":"INVENTORY_STORE_NUMBER","type":["string","null"],"columnName":"INVENTORY_STORE_NUMBER"},{"name":"CAT_EMRG_DEALER_CODE","type":["string","null"],"columnName":"CAT_EMRG_DEALER_CODE"},{"name":"CAT_STOCK_DEALER_CODE","type":["string","null"],"columnName":"CAT_STOCK_DEALER_CODE"},{"name":"STOCK_REPLEN_STORE_NUMBER","type":["string","null"],"columnName":"STOCK_REPLEN_STORE_NUMBER"},{"name":"STOCK_REPLEN_LEAD_TIME","type":["string","null"],"columnName":"STOCK_REPLEN_LEAD_TIME"},{"name":"LST_UPDT_TS","type":["string","null"],"columnName":"LST_UPDT_TS"},{"name":"ORIG_LST_UPDT_TS","type":["string","null"],"columnName":"ORIG_LST_UPDT_TS"},{"name":"LST_UPDT_BY_ID","type":["string","null"],"columnName":"LST_UPDT_BY_ID"},{"name":"FILE_INS_TS","type":["string","null"],"columnName":"FILE_INS_TS"},{"name":"ORIG_FILE_INS_TS","type":["string","null"],"columnName":"ORIG_FILE_INS_TS"},{"name":"EXP_STOCK_PLAN_LEAD_TIME","type":["string","null"],"columnName":"EXP_STOCK_PLAN_LEAD_TIME"}],"tableName":"DEALER_HIERARCHY_CORE"}
15/09/06 13:13:56 INFO avro.AvroSerDe: Configuration null, not inserting schema
15/09/06 13:13:56 INFO parse.SemanticAnalyzer: Set stats collection dir : file:/var/folders/y7/4_pz5fzx54ngcmghz3v6t3m00000gn/T/junit3221324282040719723/hadooptmp/dealer_hierarchy/core_data/.hive-staging_hive_2015-09-06_13-13-56_516_9092190550242251629-1/-ext-10001
15/09/06 13:13:56 INFO ppd.OpProcFactory: Processing for FS(200)
15/09/06 13:13:56 INFO ppd.OpProcFactory: Processing for SEL(199)
15/09/06 13:13:56 INFO ppd.OpProcFactory: Processing for TS(198)
15/09/06 13:13:56 INFO optimizer.SortedDynPartitionOptimizer: Sorted dynamic partitioning optimization kicked in..
15/09/06 13:13:56 INFO optimizer.SortedDynPartitionOptimizer: Inserted RS_201 and EX_202 as parent of FS_200 and child of SEL_199
15/09/06 13:13:56 INFO log.PerfLogger: <PERFLOG method=partition-retrieving from=org.apache.hadoop.hive.ql.optimizer.ppr.PartitionPruner>
15/09/06 13:13:56 INFO metastore.HiveMetaStore: 0: get_partitions : db=ddsw_dev tbl=dealer_hierarchy_temp_data
15/09/06 13:13:56 INFO HiveMetaStore.audit: ugi=hpatel	ip=unknown-ip-addr	cmd=get_partitions : db=ddsw_dev tbl=dealer_hierarchy_temp_data	
15/09/06 13:13:56 INFO log.PerfLogger: </PERFLOG method=partition-retrieving start=1441563236592 end=1441563236596 duration=4 from=org.apache.hadoop.hive.ql.optimizer.ppr.PartitionPruner>
15/09/06 13:13:56 INFO parse.SemanticAnalyzer: Completed plan generation
15/09/06 13:13:56 INFO ql.Driver: Semantic Analysis Completed
15/09/06 13:13:56 INFO log.PerfLogger: </PERFLOG method=semanticAnalyze start=1441563236521 end=1441563236597 duration=76 from=org.apache.hadoop.hive.ql.Driver>
15/09/06 13:13:56 INFO ql.Driver: Returning Hive schema: Schema(fieldSchemas:[FieldSchema(name:dh.file_name, type:string, comment:null), FieldSchema(name:dh.gen_id, type:string, comment:null), FieldSchema(name:dh.dms_system, type:string, comment:null), FieldSchema(name:dh.dms_version, type:string, comment:null), FieldSchema(name:transmit_ts, type:string, comment:null), FieldSchema(name:orig_transmit_ts, type:string, comment:null), FieldSchema(name:dh.transmit_by, type:string, comment:null), FieldSchema(name:dh.record_status, type:string, comment:null), FieldSchema(name:dh.dealer_updt_ind, type:string, comment:null), FieldSchema(name:store_number, type:string, comment:null), FieldSchema(name:part_type, type:string, comment:null), FieldSchema(name:dh.store_name, type:string, comment:null), FieldSchema(name:dh.inventory_store_number, type:string, comment:null), FieldSchema(name:cat_emrg_dealer_code, type:string, comment:null), FieldSchema(name:cat_stock_dealer_code, type:string, comment:null), FieldSchema(name:stock_replen_store_number, type:string, comment:null), FieldSchema(name:dh.stock_replen_lead_time, type:string, comment:null), FieldSchema(name:dh.lst_updt_ts, type:string, comment:null), FieldSchema(name:dh.orig_lst_updt_ts, type:string, comment:null), FieldSchema(name:dh.lst_updt_by_id, type:string, comment:null), FieldSchema(name:dh.file_ins_ts, type:string, comment:null), FieldSchema(name:dh.orig_file_ins_ts, type:string, comment:null), FieldSchema(name:dh.exp_stock_plan_lead_time, type:string, comment:null), FieldSchema(name:dealer_code, type:string, comment:null)], properties:null)
15/09/06 13:13:56 INFO log.PerfLogger: </PERFLOG method=compile start=1441563236516 end=1441563236597 duration=81 from=org.apache.hadoop.hive.ql.Driver>
15/09/06 13:13:56 INFO log.PerfLogger: <PERFLOG method=Driver.execute from=org.apache.hadoop.hive.ql.Driver>
15/09/06 13:13:56 INFO ql.Driver: Starting command: 
INSERT INTO TABLE DEALER_HIERARCHY_CORE
  PARTITION (DEALER_CODE)
  SELECT
    dh.FILE_NAME,
    dh.GEN_ID,
    dh.DMS_SYSTEM,
    dh.DMS_VERSION,
    custom_utc_timestamp(format_mr_timestamp(dh.TRANSMIT_TS)) AS TRANSMIT_TS,
    format_mr_timestamp(dh.ORIG_TRANSMIT_TS) AS ORIG_TRANSMIT_TS,
    dh.TRANSMIT_BY,
    dh.RECORD_STATUS,
    dh.DEALER_UPDT_IND,
    trim(dh.STORE_NUMBER) as STORE_NUMBER,
    trim(dh.PART_TYPE) as PART_TYPE,
    dh.STORE_NAME,
    dh.INVENTORY_STORE_NUMBER,
    trim(dh.CAT_EMRG_DEALER_CODE) as CAT_EMRG_DEALER_CODE,
    trim(dh.CAT_STOCK_DEALER_CODE) as CAT_STOCK_DEALER_CODE,
    trim(dh.STOCK_REPLEN_STORE_NUMBER) as STOCK_REPLEN_STORE_NUMBER,
    dh.STOCK_REPLEN_LEAD_TIME,
    dh.LST_UPDT_TS,
    dh.ORIG_LST_UPDT_TS,
    dh.LST_UPDT_BY_ID,
    dh.file_ins_ts,
    dh.ORIG_file_ins_TS,
    dh.EXP_STOCK_PLAN_LEAD_TIME,
    trim(dh.DEALER_CODE) as DEALER_CODE
  FROM
    dealer_hierarchy_temp_data dh

Total jobs = 1
15/09/06 13:13:56 INFO ql.Driver: Total jobs = 1
15/09/06 13:13:56 INFO log.PerfLogger: </PERFLOG method=TimeToSubmit start=1441563236516 end=1441563236597 duration=81 from=org.apache.hadoop.hive.ql.Driver>
15/09/06 13:13:56 INFO log.PerfLogger: <PERFLOG method=runTasks from=org.apache.hadoop.hive.ql.Driver>
15/09/06 13:13:56 INFO log.PerfLogger: <PERFLOG method=task.MAPRED.Stage-1 from=org.apache.hadoop.hive.ql.Driver>
Launching Job 1 out of 1
15/09/06 13:13:56 INFO ql.Driver: Launching Job 1 out of 1
Number of reduce tasks not specified. Defaulting to jobconf value of: 1
15/09/06 13:13:56 INFO exec.Task: Number of reduce tasks not specified. Defaulting to jobconf value of: 1
In order to change the average load for a reducer (in bytes):
15/09/06 13:13:56 INFO exec.Task: In order to change the average load for a reducer (in bytes):
  set hive.exec.reducers.bytes.per.reducer=<number>
15/09/06 13:13:56 INFO exec.Task:   set hive.exec.reducers.bytes.per.reducer=<number>
In order to limit the maximum number of reducers:
15/09/06 13:13:56 INFO exec.Task: In order to limit the maximum number of reducers:
  set hive.exec.reducers.max=<number>
15/09/06 13:13:56 INFO exec.Task:   set hive.exec.reducers.max=<number>
In order to set a constant number of reducers:
15/09/06 13:13:56 INFO exec.Task: In order to set a constant number of reducers:
  set mapreduce.job.reduces=<number>
15/09/06 13:13:56 INFO exec.Task:   set mapreduce.job.reduces=<number>
15/09/06 13:13:56 INFO ql.Context: New scratch dir is file:/var/folders/y7/4_pz5fzx54ngcmghz3v6t3m00000gn/T/junit3221324282040719723/scratchdir/hive_2015-09-06_13-13-56_516_9092190550242251629-1
15/09/06 13:13:56 INFO mr.ExecDriver: Using org.apache.hadoop.hive.ql.io.CombineHiveInputFormat
15/09/06 13:13:56 INFO exec.Utilities: Processing alias dh
15/09/06 13:13:56 INFO exec.Utilities: Adding input file file:/var/folders/y7/4_pz5fzx54ngcmghz3v6t3m00000gn/T/junit3221324282040719723/hadooptmp/dealer_hierarchy/temp_data/dealer_code=AAAA
15/09/06 13:13:56 INFO exec.Utilities: Content Summary not cached for file:/var/folders/y7/4_pz5fzx54ngcmghz3v6t3m00000gn/T/junit3221324282040719723/hadooptmp/dealer_hierarchy/temp_data/dealer_code=AAAA
15/09/06 13:13:56 INFO exec.Utilities: Adding input file file:/var/folders/y7/4_pz5fzx54ngcmghz3v6t3m00000gn/T/junit3221324282040719723/hadooptmp/dealer_hierarchy/temp_data/dealer_code=ZZZZ
15/09/06 13:13:56 INFO exec.Utilities: Content Summary not cached for file:/var/folders/y7/4_pz5fzx54ngcmghz3v6t3m00000gn/T/junit3221324282040719723/hadooptmp/dealer_hierarchy/temp_data/dealer_code=ZZZZ
15/09/06 13:13:56 INFO ql.Context: New scratch dir is file:/var/folders/y7/4_pz5fzx54ngcmghz3v6t3m00000gn/T/junit3221324282040719723/scratchdir/hive_2015-09-06_13-13-56_516_9092190550242251629-1
15/09/06 13:13:56 INFO log.PerfLogger: <PERFLOG method=serializePlan from=org.apache.hadoop.hive.ql.exec.Utilities>
15/09/06 13:13:56 INFO exec.Utilities: Serializing MapWork via kryo
15/09/06 13:13:56 INFO log.PerfLogger: </PERFLOG method=serializePlan start=1441563236604 end=1441563236605 duration=1 from=org.apache.hadoop.hive.ql.exec.Utilities>
15/09/06 13:13:56 INFO exec.Utilities: Setting plan: /var/folders/y7/4_pz5fzx54ngcmghz3v6t3m00000gn/T/junit3221324282040719723/scratchdir/hive_2015-09-06_13-13-56_516_9092190550242251629-1/-mr-10003/f544488b-0750-4816-9427-75f8c5cec296/map.xml
15/09/06 13:13:56 INFO log.PerfLogger: <PERFLOG method=serializePlan from=org.apache.hadoop.hive.ql.exec.Utilities>
15/09/06 13:13:56 INFO exec.Utilities: Serializing ReduceWork via kryo
15/09/06 13:13:56 INFO log.PerfLogger: </PERFLOG method=serializePlan start=1441563236605 end=1441563236606 duration=1 from=org.apache.hadoop.hive.ql.exec.Utilities>
15/09/06 13:13:56 INFO exec.Utilities: Setting plan: /var/folders/y7/4_pz5fzx54ngcmghz3v6t3m00000gn/T/junit3221324282040719723/scratchdir/hive_2015-09-06_13-13-56_516_9092190550242251629-1/-mr-10003/f544488b-0750-4816-9427-75f8c5cec296/reduce.xml
15/09/06 13:13:56 INFO jvm.JvmMetrics: Cannot initialize JVM Metrics with processName=JobTracker, sessionId= - already initialized
15/09/06 13:13:56 WARN mapred.JobClient: Use GenericOptionsParser for parsing the arguments. Applications should implement Tool for the same.
15/09/06 13:13:56 INFO log.PerfLogger: <PERFLOG method=getSplits from=org.apache.hadoop.hive.ql.io.CombineHiveInputFormat>
15/09/06 13:13:56 INFO io.CombineHiveInputFormat: CombineHiveInputSplit creating pool for file:/var/folders/y7/4_pz5fzx54ngcmghz3v6t3m00000gn/T/junit3221324282040719723/hadooptmp/dealer_hierarchy/temp_data/dealer_code=AAAA; using filter path file:/var/folders/y7/4_pz5fzx54ngcmghz3v6t3m00000gn/T/junit3221324282040719723/hadooptmp/dealer_hierarchy/temp_data/dealer_code=AAAA
15/09/06 13:13:56 INFO io.CombineHiveInputFormat: CombineHiveInputSplit: pool is already created for file:/var/folders/y7/4_pz5fzx54ngcmghz3v6t3m00000gn/T/junit3221324282040719723/hadooptmp/dealer_hierarchy/temp_data/dealer_code=ZZZZ; using filter path file:/var/folders/y7/4_pz5fzx54ngcmghz3v6t3m00000gn/T/junit3221324282040719723/hadooptmp/dealer_hierarchy/temp_data/dealer_code=ZZZZ
15/09/06 13:13:56 INFO mapred.FileInputFormat: Total input paths to process : 2
15/09/06 13:13:56 INFO io.CombineHiveInputFormat: number of splits 1
15/09/06 13:13:56 INFO log.PerfLogger: </PERFLOG method=getSplits start=1441563236672 end=1441563236675 duration=3 from=org.apache.hadoop.hive.ql.io.CombineHiveInputFormat>
Starting Job = job_local1952182736_0014, Tracking URL = http://localhost:8080/
15/09/06 13:13:56 INFO mapred.LocalJobRunner: OutputCommitter set in config org.apache.hadoop.hive.shims.HadoopShimsSecure$NullOutputCommitter
15/09/06 13:13:56 INFO exec.Task: Starting Job = job_local1952182736_0014, Tracking URL = http://localhost:8080/
15/09/06 13:13:56 INFO mapred.LocalJobRunner: OutputCommitter is org.apache.hadoop.hive.shims.HadoopShimsSecure$NullOutputCommitter
Kill Command = NO_BIN! job  -kill job_local1952182736_0014
15/09/06 13:13:56 INFO exec.Task: Kill Command = NO_BIN! job  -kill job_local1952182736_0014
15/09/06 13:13:56 INFO mapred.LocalJobRunner: Waiting for map tasks
15/09/06 13:13:56 INFO mapred.LocalJobRunner: Starting task: attempt_local1952182736_0014_m_000000_0
15/09/06 13:13:56 WARN mapreduce.Counters: Group org.apache.hadoop.mapred.Task$Counter is deprecated. Use org.apache.hadoop.mapreduce.TaskCounter instead
Hadoop job information for Stage-1: number of mappers: 0; number of reducers: 0
15/09/06 13:13:56 INFO exec.Task: Hadoop job information for Stage-1: number of mappers: 0; number of reducers: 0
15/09/06 13:13:56 WARN mapreduce.Counters: Group org.apache.hadoop.mapred.Task$Counter is deprecated. Use org.apache.hadoop.mapreduce.TaskCounter instead
2015-09-06 13:13:56,727 Stage-1 map = 0%,  reduce = 0%
15/09/06 13:13:56 INFO exec.Task: 2015-09-06 13:13:56,727 Stage-1 map = 0%,  reduce = 0%
15/09/06 13:13:56 INFO mapred.Task:  Using ResourceCalculatorPlugin : null
15/09/06 13:13:56 INFO mapred.MapTask: Processing split: Paths:/var/folders/y7/4_pz5fzx54ngcmghz3v6t3m00000gn/T/junit3221324282040719723/hadooptmp/dealer_hierarchy/temp_data/dealer_code=AAAA/temp_data_from_string.csv:0+216,/var/folders/y7/4_pz5fzx54ngcmghz3v6t3m00000gn/T/junit3221324282040719723/hadooptmp/dealer_hierarchy/temp_data/dealer_code=ZZZZ/temp_data_from_file.csv:0+626InputFormatClass: org.apache.hadoop.mapred.TextInputFormat

15/09/06 13:13:56 INFO io.HiveContextAwareRecordReader: Processing file file:/var/folders/y7/4_pz5fzx54ngcmghz3v6t3m00000gn/T/junit3221324282040719723/hadooptmp/dealer_hierarchy/temp_data/dealer_code=AAAA/temp_data_from_string.csv
15/09/06 13:13:56 WARN mapreduce.Counters: Counter name MAP_INPUT_BYTES is deprecated. Use FileInputFormatCounters as group name and  BYTES_READ as counter name instead
15/09/06 13:13:56 INFO mapred.MapTask: numReduceTasks: 1
15/09/06 13:13:56 INFO mapred.MapTask: Map output collector class = org.apache.hadoop.mapred.MapTask$MapOutputBuffer
15/09/06 13:13:56 INFO mapred.MapTask: io.sort.mb = 100
15/09/06 13:13:56 INFO mapred.MapTask: data buffer = 79691776/99614720
15/09/06 13:13:56 INFO mapred.MapTask: record buffer = 262144/327680
15/09/06 13:13:56 INFO mr.ExecMapper: maximum memory = 3817865216
15/09/06 13:13:56 INFO mr.ExecMapper: conf classpath = [file:/Users/hpatel/.gradle/caches/2.1/workerMain/gradle-worker.jar, file:/Users/hpatel/Tech/Projects/CAT/ddsw_dev/hive-test/build/classes/test/, file:/Users/hpatel/Tech/Projects/CAT/ddsw_dev/hive-test/build/resources/test/, file:/Users/hpatel/Tech/Projects/CAT/ddsw_dev/hive-test/build/classes/main/, file:/Users/hpatel/Tech/Projects/CAT/ddsw_dev/hive-test/build/resources/main, file:/Users/hpatel/.gradle/caches/modules-2/files-2.1/junit/junit/4.11/4e031bb61df09069aeb2bffb4019e7a5034a4ee0/junit-4.11.jar, file:/Users/hpatel/.gradle/caches/modules-2/files-2.1/com.klarna/hiverunner/1.0.0/e26bb0655fff4d88fab91f331793d9fc1db392cc/HiveRunner-1.0.0.jar, file:/Users/hpatel/Tech/Projects/CAT/ddsw_dev/custom-cat-udfs/build/libs/custom-cat-udfs-0.1.38-SNAPSHOT.jar, file:/Users/hpatel/.gradle/caches/modules-2/files-2.1/org.apache.hadoop/hadoop-client/2.5.0-cdh5.3.3/ec3cd6a8cb043e73a42918934c5d3a3f2747c78b/hadoop-client-2.5.0-cdh5.3.3.jar, file:/Users/hpatel/.gradle/caches/modules-2/files-2.1/org.hsqldb/hsqldb/2.3.1/bd7153caa30958e1c64a3dd38b93e5a7442d9a0e/hsqldb-2.3.1.jar, file:/Users/hpatel/.gradle/caches/modules-2/files-2.1/org.apache.hadoop/hadoop-core/2.5.0-mr1-cdh5.3.3/f6f4a77f818757da51ae0244310855779c04c4be/hadoop-core-2.5.0-mr1-cdh5.3.3.jar, file:/Users/hpatel/.gradle/caches/modules-2/files-2.1/org.reflections/reflections/0.9.8/f723abb59bf512952bfc503838f70f81487a6993/reflections-0.9.8.jar, file:/Users/hpatel/.gradle/caches/modules-2/files-2.1/org.mockito/mockito-core/1.10.19/e8546f5bef4e061d8dd73895b4e8f40e3fe6effe/mockito-core-1.10.19.jar, file:/Users/hpatel/.gradle/caches/modules-2/files-2.1/org.hamcrest/hamcrest-core/1.3/42a25dc3219429f0e5d060061f71acb49bf010a0/hamcrest-core-1.3.jar, file:/Users/hpatel/.gradle/caches/modules-2/files-2.1/org.pentaho/pentaho-aggdesigner-algorithm/5.1.5-jhyde/c52379c645c6c85300e645dff7c72653bf85baa2/pentaho-aggdesigner-algorithm-5.1.5-jhyde.jar, file:/Users/hpatel/.gradle/caches/modules-2/files-2.1/org.apache.hive/hive-serde/0.13.1-cdh5.3.3/9cee47c844d726e9bcef6ab292e1319b7fbddaa3/hive-serde-0.13.1-cdh5.3.3.jar, file:/Users/hpatel/.gradle/caches/modules-2/files-2.1/org.apache.hadoop/hadoop-common/2.5.0-cdh5.3.3/f0862eb1dc33c1807ea29a248af75551e3c6836a/hadoop-common-2.5.0-cdh5.3.3.jar, file:/Users/hpatel/.gradle/caches/modules-2/files-2.1/org.apache.hive/hive-contrib/0.13.1-cdh5.3.3/bf89b429c9b173ac275dc0c1623f5c30e780ee98/hive-contrib-0.13.1-cdh5.3.3.jar, file:/Users/hpatel/.gradle/caches/modules-2/files-2.1/org.datanucleus/datanucleus-core/3.2.12/3212183bb5a2826cd5ff194b9a54619dd0bdf31f/datanucleus-core-3.2.12.jar, file:/Users/hpatel/.gradle/caches/modules-2/files-2.1/org.datanucleus/datanucleus-rdbms/3.2.11/5b053144c89fdff1505b853aa7f1e5ba7657da75/datanucleus-rdbms-3.2.11.jar, file:/Users/hpatel/.gradle/caches/modules-2/files-2.1/org.datanucleus/datanucleus-api-jdo/3.2.8/efc60221fbc91e95cf5758b98c6c5531660696cb/datanucleus-api-jdo-3.2.8.jar, file:/Users/hpatel/.gradle/caches/modules-2/files-2.1/org.apache.hive/hive-shims/0.13.1-cdh5.3.3/47b029532c0b9d45526dcdd858823e6f9634ab81/hive-shims-0.13.1-cdh5.3.3.jar, file:/Users/hpatel/.gradle/caches/modules-2/files-2.1/org.apache.commons/commons-lang3/3.3.1/6738a2da2202ce360f0af90aba005c1e05a2c4cd/commons-lang3-3.3.1.jar, file:/Users/hpatel/.gradle/caches/modules-2/files-2.1/joda-time/joda-time/2.3/56498efd17752898cfcc3868c1b6211a07b12b8f/joda-time-2.3.jar, file:/Users/hpatel/.gradle/caches/modules-2/files-2.1/org.apache.hadoop/hadoop-hdfs/2.5.0-cdh5.3.3/5dd5e2be13d89a9eaab89d3a33bcdf6677671aa9/hadoop-hdfs-2.5.0-cdh5.3.3.jar, file:/Users/hpatel/.gradle/caches/modules-2/files-2.1/org.apache.hadoop/hadoop-mapreduce-client-app/2.5.0-cdh5.3.3/579948f8fa6d9d72bf507bd021fa3dcc0670e95f/hadoop-mapreduce-client-app-2.5.0-cdh5.3.3.jar, file:/Users/hpatel/.gradle/caches/modules-2/files-2.1/org.apache.hadoop/hadoop-yarn-api/2.5.0-cdh5.3.3/a6d9b4b7cbcacd000350a3e33c70269101b5fc79/hadoop-yarn-api-2.5.0-cdh5.3.3.jar, file:/Users/hpatel/.gradle/caches/modules-2/files-2.1/org.apache.hadoop/hadoop-mapreduce-client-core/2.5.0-cdh5.3.3/f2c8eaa2b8a5839a7781f04cf59c4d1abfefec9e/hadoop-mapreduce-client-core-2.5.0-cdh5.3.3.jar, file:/Users/hpatel/.gradle/caches/modules-2/files-2.1/org.apache.hadoop/hadoop-mapreduce-client-jobclient/2.5.0-cdh5.3.3/f8baecab9a91245a97e29e4867a7f5ae128ef8a9/hadoop-mapreduce-client-jobclient-2.5.0-cdh5.3.3.jar, file:/Users/hpatel/.gradle/caches/modules-2/files-2.1/org.apache.hadoop/hadoop-aws/2.5.0-cdh5.3.3/f712d9cf59c859914254bed5c87ee4e5a2204e78/hadoop-aws-2.5.0-cdh5.3.3.jar, file:/Users/hpatel/.gradle/caches/modules-2/files-2.1/org.apache.hadoop/hadoop-annotations/2.5.0-cdh5.3.3/e3b40743127d82ff7a6f263d00419368a46ce608/hadoop-annotations-2.5.0-cdh5.3.3.jar, file:/Users/hpatel/.gradle/caches/modules-2/files-2.1/commons-collections/commons-collections/3.2.1/761ea405b9b37ced573d2df0d1e3a4e0f9edc668/commons-collections-3.2.1.jar, file:/Users/hpatel/.gradle/caches/modules-2/files-2.1/commons-configuration/commons-configuration/1.6/32cadde23955d7681b0d94a2715846d20b425235/commons-configuration-1.6.jar, file:/Users/hpatel/.gradle/caches/modules-2/files-2.1/jline/jline/0.9.94/99a18e9a44834afdebc467294e1138364c207402/jline-0.9.94.jar, file:/Users/hpatel/.gradle/caches/modules-2/files-2.1/commons-cli/commons-cli/1.2/2bf96b7aa8b611c177d329452af1dc933e14501c/commons-cli-1.2.jar, file:/Users/hpatel/.gradle/caches/modules-2/files-2.1/xmlenc/xmlenc/0.52/d82554efbe65906d83b3d97bd7509289e9db561a/xmlenc-0.52.jar, file:/Users/hpatel/.gradle/caches/modules-2/files-2.1/commons-httpclient/commons-httpclient/3.1/964cd74171f427720480efdec40a7c7f6e58426a/commons-httpclient-3.1.jar, file:/Users/hpatel/.gradle/caches/modules-2/files-2.1/commons-net/commons-net/3.1/2298164a7c2484406f2aa5ac85b205d39019896f/commons-net-3.1.jar, file:/Users/hpatel/.gradle/caches/modules-2/files-2.1/tomcat/jasper-runtime/5.5.23/96ca5528a93ab47b001476b74320c644beb89dde/jasper-runtime-5.5.23.jar, file:/Users/hpatel/.gradle/caches/modules-2/files-2.1/tomcat/jasper-compiler/5.5.23/6d35bd7fb8c4fbc1f5401fb3678aa976d2e4c241/jasper-compiler-5.5.23.jar, file:/Users/hpatel/.gradle/caches/modules-2/files-2.1/javax.servlet.jsp/jsp-api/2.1/63f943103f250ef1f3a4d5e94d145a0f961f5316/jsp-api-2.1.jar, file:/Users/hpatel/.gradle/caches/modules-2/files-2.1/commons-el/commons-el/1.0/1df2c042b3f2de0124750241ac6c886dbfa2cc2c/commons-el-1.0.jar, file:/Users/hpatel/.gradle/caches/modules-2/files-2.1/javax.servlet/servlet-api/2.5/5959582d97d8b61f4d154ca9e495aafd16726e34/servlet-api-2.5.jar, file:/Users/hpatel/.gradle/caches/modules-2/files-2.1/hsqldb/hsqldb/1.8.0.10/7e9978fdb754bce5fcd5161133e7734ecb683036/hsqldb-1.8.0.10.jar, file:/Users/hpatel/.gradle/caches/modules-2/files-2.1/org.eclipse.jdt/core/3.1.1/88c83ce444cf46d02494da37c9fa1eebc9ce9cea/core-3.1.1.jar, file:/Users/hpatel/.gradle/caches/modules-2/files-2.1/javassist/javassist/3.12.1.GA/526633327faa61aee448a519e8a4d53ec3057885/javassist-3.12.1.GA.jar, file:/Users/hpatel/.gradle/caches/modules-2/files-2.1/dom4j/dom4j/1.6.1/5d3ccc056b6f056dbf0dddfdf43894b9065a8f94/dom4j-1.6.1.jar, file:/Users/hpatel/.gradle/caches/modules-2/files-2.1/org.objenesis/objenesis/2.1/87c0ea803b69252868d09308b4618f766f135a96/objenesis-2.1.jar, file:/Users/hpatel/.gradle/caches/modules-2/files-2.1/commons-logging/commons-logging/1.1.3/f6f66e966c70a83ffbdb6f17a0919eaf7c8aca7f/commons-logging-1.1.3.jar, file:/Users/hpatel/.gradle/caches/modules-2/files-2.1/org.apache.hive/hive-common/0.13.1-cdh5.3.3/e3fbf24d30a553c50ae4d4eed23f81b0e1211c5a/hive-common-0.13.1-cdh5.3.3.jar, file:/Users/hpatel/.gradle/caches/modules-2/files-2.1/org.apache.avro/avro/1.7.6-cdh5.3.3/6d90271293977d199ed07002bf35e2805405cc64/avro-1.7.6-cdh5.3.3.jar, file:/Users/hpatel/.gradle/caches/modules-2/files-2.1/net.sf.opencsv/opencsv/2.3/c23708cdb9e80a144db433e23344a788a1fd6599/opencsv-2.3.jar, file:/Users/hpatel/.gradle/caches/modules-2/files-2.1/com.sun.jersey/jersey-servlet/1.14/4b87041a59ee152757b62e47a21d5b63fde20ffe/jersey-servlet-1.14.jar, file:/Users/hpatel/.gradle/caches/modules-2/files-2.1/org.slf4j/slf4j-log4j12/1.7.5/6edffc576ce104ec769d954618764f39f0f0f10d/slf4j-log4j12-1.7.5.jar, file:/Users/hpatel/.gradle/caches/modules-2/files-2.1/org.apache.commons/commons-math3/3.1.1/6719d757a98ff24a83d9d727bef9cec83f59b6e1/commons-math3-3.1.1.jar, file:/Users/hpatel/.gradle/caches/modules-2/files-2.1/commons-io/commons-io/2.4/b1b6ea3b7e4aa4f492509a4952029cd8e48019ad/commons-io-2.4.jar, file:/Users/hpatel/.gradle/caches/modules-2/files-2.1/com.sun.jersey/jersey-json/1.9/1aa73e1896bcc7013fed247157d7f676226eb432/jersey-json-1.9.jar, file:/Users/hpatel/.gradle/caches/modules-2/files-2.1/log4j/log4j/1.2.17/5af35056b4d257e4b64b9e8069c0746e8b08629f/log4j-1.2.17.jar, file:/Users/hpatel/.gradle/caches/modules-2/files-2.1/com.google.code.gson/gson/2.2.4/a60a5e993c98c864010053cb901b7eab25306568/gson-2.2.4.jar, file:/Users/hpatel/.gradle/caches/modules-2/files-2.1/org.apache.hadoop/hadoop-auth/2.5.0-cdh5.3.3/847eb288da72acfdd7d202da5149dec6cd20ceba/hadoop-auth-2.5.0-cdh5.3.3.jar, file:/Users/hpatel/.gradle/caches/modules-2/files-2.1/com.jcraft/jsch/0.1.42/a86104b0f2e0c0bab5b0df836065823a99b5e334/jsch-0.1.42.jar, file:/Users/hpatel/.gradle/caches/modules-2/files-2.1/org.apache.curator/curator-client/2.6.0/b9007c357ad1a78066fc6004e8b1feaa2318f6f3/curator-client-2.6.0.jar, file:/Users/hpatel/.gradle/caches/modules-2/files-2.1/org.apache.curator/curator-recipes/2.6.0/8736b0fc42e6bf006d585fe85c90aaa4ade5cbef/curator-recipes-2.6.0.jar, file:/Users/hpatel/.gradle/caches/modules-2/files-2.1/com.google.code.findbugs/jsr305/1.3.9/40719ea6961c0cb6afaeb6a921eaa1f6afd4cfdf/jsr305-1.3.9.jar, file:/Users/hpatel/.gradle/caches/modules-2/files-2.1/org.apache.commons/commons-compress/1.4.1/b02e84a993d88568417536240e970c4b809126fd/commons-compress-1.4.1.jar, file:/Users/hpatel/.gradle/caches/modules-2/files-2.1/org.apache.hive.shims/hive-shims-common/0.13.1-cdh5.3.3/3d9e5245018fbde18f52c4ab25fc35afdec2fc0a/hive-shims-common-0.13.1-cdh5.3.3.jar, file:/Users/hpatel/.gradle/caches/modules-2/files-2.1/org.apache.hive.shims/hive-shims-common-secure/0.13.1-cdh5.3.3/6b29a16b2a41b89bdbbc681c257ad7f766a90bcb/hive-shims-common-secure-0.13.1-cdh5.3.3.jar, file:/Users/hpatel/.gradle/caches/modules-2/files-2.1/org.apache.hive.shims/hive-shims-0.23/0.13.1-cdh5.3.3/7ab834955a767af200d1d9151c204751637d9ca9/hive-shims-0.23-0.13.1-cdh5.3.3.jar, file:/Users/hpatel/.gradle/caches/modules-2/files-2.1/org.apache.hive.shims/hive-shims-scheduler/0.13.1-cdh5.3.3/b6644420b74f936a838f7f3fd2fa19c19add0449/hive-shims-scheduler-0.13.1-cdh5.3.3.jar, file:/Users/hpatel/.gradle/caches/modules-2/files-2.1/org.apache.hadoop/hadoop-mapreduce-client-common/2.5.0-cdh5.3.3/f0d777bb76ca9f540c0c81a45934f0f5cf9975b8/hadoop-mapreduce-client-common-2.5.0-cdh5.3.3.jar, file:/Users/hpatel/.gradle/caches/modules-2/files-2.1/org.apache.hadoop/hadoop-mapreduce-client-shuffle/2.5.0-cdh5.3.3/b6c4316f6fcc406edf7e5bd77c50e46034ad5519/hadoop-mapreduce-client-shuffle-2.5.0-cdh5.3.3.jar, file:/Users/hpatel/.gradle/caches/modules-2/files-2.1/org.apache.hadoop/hadoop-yarn-common/2.5.0-cdh5.3.3/9499713b674eae1aa714fcd0e95e0d09daaf3824/hadoop-yarn-common-2.5.0-cdh5.3.3.jar, file:/Users/hpatel/.gradle/caches/modules-2/files-2.1/com.fasterxml.jackson.core/jackson-databind/2.2.3/3ae380888029daefb91d3ecdca3a37d8cb92bc9/jackson-databind-2.2.3.jar, file:/Users/hpatel/.gradle/caches/modules-2/files-2.1/com.fasterxml.jackson.core/jackson-annotations/2.2.3/527fece4f23a457070a36c371a26d6c0208e1c3/jackson-annotations-2.2.3.jar, file:/Users/hpatel/.gradle/caches/modules-2/files-2.1/com.amazonaws/aws-java-sdk/1.7.4/2c24ccb6f1ab845a7df971951d4b41c709a6517d/aws-java-sdk-1.7.4.jar, file:/Users/hpatel/.gradle/caches/modules-2/files-2.1/commons-digester/commons-digester/1.8/dc6a73fdbd1fa3f0944e8497c6c872fa21dca37e/commons-digester-1.8.jar, file:/Users/hpatel/.gradle/caches/modules-2/files-2.1/commons-beanutils/commons-beanutils-core/1.8.0/175dc721f87e4bc5cc0573f990e28c3cf9117508/commons-beanutils-core-1.8.0.jar, file:/Users/hpatel/.gradle/caches/modules-2/files-2.1/xml-apis/xml-apis/1.0.b2/3136ca936f64c9d68529f048c2618bd356bf85c9/xml-apis-1.0.b2.jar, file:/Users/hpatel/.gradle/caches/modules-2/files-2.1/com.thoughtworks.paranamer/paranamer/2.3/4a85963a752c0a2f715c3924bfc686865e7e1bc6/paranamer-2.3.jar, file:/Users/hpatel/.gradle/caches/modules-2/files-2.1/org.xerial.snappy/snappy-java/1.0.5/10cb4550360a0ec6b80f09a5209d00b6058e82bf/snappy-java-1.0.5.jar, file:/Users/hpatel/.gradle/caches/modules-2/files-2.1/org.codehaus.jettison/jettison/1.1/1a01a2a1218fcf9faa2cc2a6ced025bdea687262/jettison-1.1.jar, file:/Users/hpatel/.gradle/caches/modules-2/files-2.1/com.sun.xml.bind/jaxb-impl/2.2.3-1/56baae106392040a45a06d4a41099173425da1e6/jaxb-impl-2.2.3-1.jar, file:/Users/hpatel/.gradle/caches/modules-2/files-2.1/org.apache.directory.server/apacheds-kerberos-codec/2.0.0-M15/1c16e4e477183641c5f0dd5cdecd27ec331bacb5/apacheds-kerberos-codec-2.0.0-M15.jar, file:/Users/hpatel/.gradle/caches/modules-2/files-2.1/org.apache.curator/curator-framework/2.6.0/81a699c39d127b5b4ff97cc77da7650b53e5b5ed/curator-framework-2.6.0.jar, file:/Users/hpatel/.gradle/caches/modules-2/files-2.1/org.tukaani/xz/1.0/ecff5cb8b1189514c9d1d8d68eb77ac372e000c9/xz-1.0.jar, file:/Users/hpatel/.gradle/caches/modules-2/files-2.1/org.apache.hadoop/hadoop-yarn-client/2.5.0-cdh5.3.3/2d2ce5d0138d02b20aefcfc1ee8dd6f691911f63/hadoop-yarn-client-2.5.0-cdh5.3.3.jar, file:/Users/hpatel/.gradle/caches/modules-2/files-2.1/org.apache.hadoop/hadoop-yarn-server-common/2.5.0-cdh5.3.3/d099fcc19f56d477fa6b5b47ae4e06bb97538778/hadoop-yarn-server-common-2.5.0-cdh5.3.3.jar, file:/Users/hpatel/.gradle/caches/modules-2/files-2.1/org.apache.hadoop/hadoop-yarn-server-nodemanager/2.5.0-cdh5.3.3/278b2d7a6454ce57a94ab02a88c0b188afc8facc/hadoop-yarn-server-nodemanager-2.5.0-cdh5.3.3.jar, file:/Users/hpatel/.gradle/caches/modules-2/files-2.1/org.fusesource.leveldbjni/leveldbjni-all/1.8/707350a2eeb1fa2ed77a32ddb3893ed308e941db/leveldbjni-all-1.8.jar, file:/Users/hpatel/.gradle/caches/modules-2/files-2.1/javax.xml.bind/jaxb-api/2.2.2/aeb3021ca93dde265796d82015beecdcff95bf09/jaxb-api-2.2.2.jar, file:/Users/hpatel/.gradle/caches/modules-2/files-2.1/com.google.inject/guice/3.0/9d84f15fe35e2c716a02979fb62f50a29f38aefa/guice-3.0.jar, file:/Users/hpatel/.gradle/caches/modules-2/files-2.1/com.sun.jersey.contribs/jersey-guice/1.9/5963c28c47df7e5d6ad34cec80c071c368777f7b/jersey-guice-1.9.jar, file:/Users/hpatel/.gradle/caches/modules-2/files-2.1/com.fasterxml.jackson.core/jackson-core/2.2.3/1a0113da2cab5f4c216b4e5e7c1dbfaa67087e14/jackson-core-2.2.3.jar, file:/Users/hpatel/.gradle/caches/modules-2/files-2.1/commons-beanutils/commons-beanutils/1.7.0/5675fd96b29656504b86029551973d60fb41339b/commons-beanutils-1.7.0.jar, file:/Users/hpatel/.gradle/caches/modules-2/files-2.1/org.apache.directory.server/apacheds-i18n/2.0.0-M15/71c61c84683152ec2a6a65f3f96fe534e304fa22/apacheds-i18n-2.0.0-M15.jar, file:/Users/hpatel/.gradle/caches/modules-2/files-2.1/org.apache.directory.api/api-asn1-api/1.0.0-M20/5e6486ffa3125ba44dc410ead166e1d6ba8ac76d/api-asn1-api-1.0.0-M20.jar, file:/Users/hpatel/.gradle/caches/modules-2/files-2.1/org.apache.directory.api/api-util/1.0.0-M20/a871abf060b3cf83fc6dc4d7e3d151fce50ac3cb/api-util-1.0.0-M20.jar, file:/Users/hpatel/.gradle/caches/modules-2/files-2.1/com.sun.jersey/jersey-client/1.9/d3c4b2b5f89db32c96ceddcb863684821910a7bb/jersey-client-1.9.jar, file:/Users/hpatel/.gradle/caches/modules-2/files-2.1/javax.xml.stream/stax-api/1.0-2/d6337b0de8b25e53e81b922352fbea9f9f57ba0b/stax-api-1.0-2.jar, file:/Users/hpatel/.gradle/caches/modules-2/files-2.1/javax.activation/activation/1.1/e6cb541461c2834bdea3eb920f1884d1eb508b50/activation-1.1.jar, file:/Users/hpatel/.gradle/caches/modules-2/files-2.1/javax.inject/javax.inject/1/6975da39a7040257bd51d21a231b76c915872d38/javax.inject-1.jar, file:/Users/hpatel/.gradle/caches/modules-2/files-2.1/aopalliance/aopalliance/1.0/235ba8b489512805ac13a8f9ea77a1ca5ebe3e8/aopalliance-1.0.jar, file:/Users/hpatel/.gradle/caches/modules-2/files-2.1/org.sonatype.sisu.inject/cglib/2.2.1-v20090111/7ce5e983fd0e6c78346f4c9cbfa39d83049dda2/cglib-2.2.1-v20090111.jar, file:/Users/hpatel/.gradle/caches/modules-2/files-2.1/asm/asm/3.1/c157def142714c544bdea2e6144645702adf7097/asm-3.1.jar, file:/Users/hpatel/.gradle/caches/modules-2/files-2.1/org.apache.hive/hive-service/0.13.1-cdh5.3.3/c7979b4213bfb62823d43ba726e0fea58032dd1e/hive-service-0.13.1-cdh5.3.3.jar, file:/Users/hpatel/.gradle/caches/modules-2/files-2.1/net.sf.jpam/jpam/1.1/cb3d91c2dfda767518a371dbb02edfd6a4aa0600/jpam-1.1.jar, file:/Users/hpatel/.gradle/caches/modules-2/files-2.1/org.eclipse.jetty.aggregate/jetty-all/7.6.0.v20120127/47bb68e3837e5c6422138dd1e0d4d75c60dce87a/jetty-all-7.6.0.v20120127.jar, file:/Users/hpatel/.gradle/caches/modules-2/files-2.1/org.apache.thrift/libfb303/0.9.0/639bd69767fdbd7f658ce8233248fe1cea635164/libfb303-0.9.0.jar, file:/Users/hpatel/.gradle/caches/modules-2/files-2.1/org.apache.geronimo.specs/geronimo-jta_1.1_spec/1.1.1/aabab3165b8ea936b9360abbf448459c0d04a5a4/geronimo-jta_1.1_spec-1.1.1.jar, file:/Users/hpatel/.gradle/caches/modules-2/files-2.1/javax.mail/mail/1.4.1/8b7bc69010655425dabf091b51d1e90b4de36715/mail-1.4.1.jar, file:/Users/hpatel/.gradle/caches/modules-2/files-2.1/org.apache.geronimo.specs/geronimo-jaspic_1.0_spec/1.0/44b95be7dae1147716dce5336419eafade880756/geronimo-jaspic_1.0_spec-1.0.jar, file:/Users/hpatel/.gradle/caches/modules-2/files-2.1/org.apache.geronimo.specs/geronimo-annotation_1.0_spec/1.1.1/47caa799389f69d297b86bf90523d431599c3796/geronimo-annotation_1.0_spec-1.1.1.jar, file:/Users/hpatel/.gradle/caches/modules-2/files-2.1/asm/asm-commons/3.1/1b607fbfe7889c6fdff1b7c16439ade0a60869ac/asm-commons-3.1.jar, file:/Users/hpatel/.gradle/caches/modules-2/files-2.1/asm/asm-tree/3.1/c9a5d4334ddf194ea492f22107d45119a5c5322f/asm-tree-3.1.jar, file:/Users/hpatel/.gradle/caches/modules-2/files-2.1/commons-lang/commons-lang/2.6/ce1edb914c94ebc388f086c6827e8bdeec71ac2/commons-lang-2.6.jar, file:/Users/hpatel/.gradle/caches/modules-2/files-2.1/org.mortbay.jetty/jetty/6.1.26.cloudera.4/d59325a5ff8ff18f7543bc3fbb9d5efa0c0ff521/jetty-6.1.26.cloudera.4.jar, file:/Users/hpatel/.gradle/caches/modules-2/files-2.1/org.mortbay.jetty/jetty-util/6.1.26.cloudera.4/b8507b7c5d3fd9a3d01775272cbf1a63f530c19d/jetty-util-6.1.26.cloudera.4.jar, file:/Users/hpatel/.gradle/caches/modules-2/files-2.1/net.java.dev.jets3t/jets3t/0.9.0/792bc96ee7e57b89f472aa0cb5a31015b9f59c96/jets3t-0.9.0.jar, file:/Users/hpatel/.gradle/caches/modules-2/files-2.1/com.jamesmurty.utils/java-xmlbuilder/0.4/ac5962e48cdee3a0a6e1f8e00fcb594747ac5aaf/java-xmlbuilder-0.4.jar, file:/Users/hpatel/.gradle/caches/modules-2/files-2.1/com.google.protobuf/protobuf-java/2.5.0/a10732c76bfacdbd633a7eb0f7968b1059a65dfa/protobuf-java-2.5.0.jar, file:/Users/hpatel/.gradle/caches/modules-2/files-2.1/org.apache.hive/hive-exec/0.13.1-cdh5.3.3/4d935274127f47dd9c0875efcf317ba49aef1219/hive-exec-0.13.1-cdh5.3.3.jar, file:/Users/hpatel/.gradle/caches/modules-2/files-2.1/org.apache.hive/hive-ant/0.13.1-cdh5.3.3/86954e92a903253177cd6935798c50a6c32b7b81/hive-ant-0.13.1-cdh5.3.3.jar, file:/Users/hpatel/.gradle/caches/modules-2/files-2.1/org.antlr/antlr-runtime/3.4/8f011408269a8e42b8548687e137d8eeb56df4b4/antlr-runtime-3.4.jar, file:/Users/hpatel/.gradle/caches/modules-2/files-2.1/org.antlr/ST4/4.0.4/467a2aa12be6d0f0f68c70eecf6714ab733027ac/ST4-4.0.4.jar, file:/Users/hpatel/.gradle/caches/modules-2/files-2.1/org.apache.ant/ant/1.9.1/35900c96dbebc85dcfbd71f4661059ebcf93c077/ant-1.9.1.jar, file:/Users/hpatel/.gradle/caches/modules-2/files-2.1/org.codehaus.groovy/groovy-all/2.1.6/165b8246372a829c1915611646f6d964010656cf/groovy-all-2.1.6.jar, file:/Users/hpatel/.gradle/caches/modules-2/files-2.1/stax/stax-api/1.0.1/49c100caf72d658aca8e58bd74a4ba90fa2b0d70/stax-api-1.0.1.jar, file:/Users/hpatel/.gradle/caches/modules-2/files-2.1/org.apache.velocity/velocity/1.5/9f306baf7523ffc0e81a6353d08a584d254133b/velocity-1.5.jar, file:/Users/hpatel/.gradle/caches/modules-2/files-2.1/org.antlr/stringtemplate/3.2.1/59ec8083721eae215c6f3caee944c410d2be34de/stringtemplate-3.2.1.jar, file:/Users/hpatel/.gradle/caches/modules-2/files-2.1/antlr/antlr/2.7.7/83cd2cd674a217ade95a4bb83a8a14f351f48bd0/antlr-2.7.7.jar, file:/Users/hpatel/.gradle/caches/modules-2/files-2.1/org.apache.ant/ant-launcher/1.9.1/7c71043ca185eaada9e36391dd022d92859327de/ant-launcher-1.9.1.jar, file:/Users/hpatel/.gradle/caches/modules-2/files-2.1/oro/oro/2.0.8/5592374f834645c4ae250f4c9fbb314c9369d698/oro-2.0.8.jar, file:/Users/hpatel/.gradle/caches/modules-2/files-2.1/org.codehaus.jackson/jackson-core-asl/1.9.13/3c304d70f42f832e0a86d45bd437f692129299a4/jackson-core-asl-1.9.13.jar, file:/Users/hpatel/.gradle/caches/modules-2/files-2.1/org.codehaus.jackson/jackson-mapper-asl/1.9.13/1ee2f2bed0e5dd29d1cb155a166e6f8d50bbddb7/jackson-mapper-asl-1.9.13.jar, file:/Users/hpatel/.gradle/caches/modules-2/files-2.1/org.slf4j/slf4j-api/1.7.6/562424e36df3d2327e8e9301a76027fca17d54ea/slf4j-api-1.7.6.jar, file:/Users/hpatel/.gradle/caches/modules-2/files-2.1/com.sun.jersey/jersey-server/1.14/b1a21724c9b708ed54d42d41bb19ff45ae1d49d9/jersey-server-1.14.jar, file:/Users/hpatel/.gradle/caches/modules-2/files-2.1/org.apache.httpcomponents/httpclient/4.2.5/666e26e76f2e87d84e4f16acb546481ae1b8e9a6/httpclient-4.2.5.jar, file:/Users/hpatel/.gradle/caches/modules-2/files-2.1/org.apache.zookeeper/zookeeper/3.4.6/1b2502e29da1ebaade2357cd1de35a855fa3755/zookeeper-3.4.6.jar, file:/Users/hpatel/.gradle/caches/modules-2/files-2.1/com.google.guava/guava/16.0.1/5fa98cd1a63c99a44dd8d3b77e4762b066a5d0c5/guava-16.0.1.jar, file:/Users/hpatel/.gradle/caches/modules-2/files-2.1/org.codehaus.jackson/jackson-jaxrs/1.8.8/71b16055388e9bd3991c3c3834e8e55098b789f1/jackson-jaxrs-1.8.8.jar, file:/Users/hpatel/.gradle/caches/modules-2/files-2.1/org.codehaus.jackson/jackson-xc/1.8.8/52efa08bc1e4cfea168f552b9e3088297d9d0926/jackson-xc-1.8.8.jar, file:/Users/hpatel/.gradle/caches/modules-2/files-2.1/org.apache.hive/hive-metastore/0.13.1-cdh5.3.3/ca93686a17f064a5ab6587799721cddd7836e53a/hive-metastore-0.13.1-cdh5.3.3.jar, file:/Users/hpatel/.gradle/caches/modules-2/files-2.1/com.jolbox/bonecp/0.8.0.RELEASE/cec24ee9345b3678472bb1b8fdd6aa6b9428beb8/bonecp-0.8.0.RELEASE.jar, file:/Users/hpatel/.gradle/caches/modules-2/files-2.1/org.apache.derby/derby/10.10.1.1/9f6f910f0373adc1b23c10f9b4bb151b7e7449f/derby-10.10.1.1.jar, file:/Users/hpatel/.gradle/caches/modules-2/files-2.1/javax.jdo/jdo-api/3.0.1/58e7a538e020b73871e232eeb064835fd98a492/jdo-api-3.0.1.jar, file:/Users/hpatel/.gradle/caches/modules-2/files-2.1/javax.transaction/jta/1.1/2ca09f0b36ca7d71b762e14ea2ff09d5eac57558/jta-1.1.jar, file:/Users/hpatel/.gradle/caches/modules-2/files-2.1/org.apache.thrift/libthrift/0.9.0/9ba8df332b5db95ce7f3b7a83e44d796c3d014d3/libthrift-0.9.0.jar, file:/Users/hpatel/.gradle/caches/modules-2/files-2.1/org.apache.httpcomponents/httpcore/4.2.4/3b7f38df6de5dd8b500e602ae8c2dd5ee446f883/httpcore-4.2.4.jar, file:/Users/hpatel/.gradle/caches/modules-2/files-2.1/com.sun.jersey/jersey-core/1.14/693061de8b9b352b11e997b1dd4052677778852d/jersey-core-1.14.jar, file:/Users/hpatel/.gradle/caches/modules-2/files-2.1/commons-codec/commons-codec/1.6/b7f0fc8f61ecadeb3695f0b9464755eee44374d4/commons-codec-1.6.jar, file:/Users/hpatel/.gradle/caches/modules-2/files-2.1/io.netty/netty/3.7.0.Final/7a8c35599c68c0bf383df74469aa3e03d9aca87/netty-3.7.0.Final.jar]
15/09/06 13:13:56 INFO mr.ExecMapper: thread classpath = [file:/Users/hpatel/.gradle/caches/2.1/workerMain/gradle-worker.jar, file:/Users/hpatel/Tech/Projects/CAT/ddsw_dev/hive-test/build/classes/test/, file:/Users/hpatel/Tech/Projects/CAT/ddsw_dev/hive-test/build/resources/test/, file:/Users/hpatel/Tech/Projects/CAT/ddsw_dev/hive-test/build/classes/main/, file:/Users/hpatel/Tech/Projects/CAT/ddsw_dev/hive-test/build/resources/main, file:/Users/hpatel/.gradle/caches/modules-2/files-2.1/junit/junit/4.11/4e031bb61df09069aeb2bffb4019e7a5034a4ee0/junit-4.11.jar, file:/Users/hpatel/.gradle/caches/modules-2/files-2.1/com.klarna/hiverunner/1.0.0/e26bb0655fff4d88fab91f331793d9fc1db392cc/HiveRunner-1.0.0.jar, file:/Users/hpatel/Tech/Projects/CAT/ddsw_dev/custom-cat-udfs/build/libs/custom-cat-udfs-0.1.38-SNAPSHOT.jar, file:/Users/hpatel/.gradle/caches/modules-2/files-2.1/org.apache.hadoop/hadoop-client/2.5.0-cdh5.3.3/ec3cd6a8cb043e73a42918934c5d3a3f2747c78b/hadoop-client-2.5.0-cdh5.3.3.jar, file:/Users/hpatel/.gradle/caches/modules-2/files-2.1/org.hsqldb/hsqldb/2.3.1/bd7153caa30958e1c64a3dd38b93e5a7442d9a0e/hsqldb-2.3.1.jar, file:/Users/hpatel/.gradle/caches/modules-2/files-2.1/org.apache.hadoop/hadoop-core/2.5.0-mr1-cdh5.3.3/f6f4a77f818757da51ae0244310855779c04c4be/hadoop-core-2.5.0-mr1-cdh5.3.3.jar, file:/Users/hpatel/.gradle/caches/modules-2/files-2.1/org.reflections/reflections/0.9.8/f723abb59bf512952bfc503838f70f81487a6993/reflections-0.9.8.jar, file:/Users/hpatel/.gradle/caches/modules-2/files-2.1/org.mockito/mockito-core/1.10.19/e8546f5bef4e061d8dd73895b4e8f40e3fe6effe/mockito-core-1.10.19.jar, file:/Users/hpatel/.gradle/caches/modules-2/files-2.1/org.hamcrest/hamcrest-core/1.3/42a25dc3219429f0e5d060061f71acb49bf010a0/hamcrest-core-1.3.jar, file:/Users/hpatel/.gradle/caches/modules-2/files-2.1/org.pentaho/pentaho-aggdesigner-algorithm/5.1.5-jhyde/c52379c645c6c85300e645dff7c72653bf85baa2/pentaho-aggdesigner-algorithm-5.1.5-jhyde.jar, file:/Users/hpatel/.gradle/caches/modules-2/files-2.1/org.apache.hive/hive-serde/0.13.1-cdh5.3.3/9cee47c844d726e9bcef6ab292e1319b7fbddaa3/hive-serde-0.13.1-cdh5.3.3.jar, file:/Users/hpatel/.gradle/caches/modules-2/files-2.1/org.apache.hadoop/hadoop-common/2.5.0-cdh5.3.3/f0862eb1dc33c1807ea29a248af75551e3c6836a/hadoop-common-2.5.0-cdh5.3.3.jar, file:/Users/hpatel/.gradle/caches/modules-2/files-2.1/org.apache.hive/hive-contrib/0.13.1-cdh5.3.3/bf89b429c9b173ac275dc0c1623f5c30e780ee98/hive-contrib-0.13.1-cdh5.3.3.jar, file:/Users/hpatel/.gradle/caches/modules-2/files-2.1/org.datanucleus/datanucleus-core/3.2.12/3212183bb5a2826cd5ff194b9a54619dd0bdf31f/datanucleus-core-3.2.12.jar, file:/Users/hpatel/.gradle/caches/modules-2/files-2.1/org.datanucleus/datanucleus-rdbms/3.2.11/5b053144c89fdff1505b853aa7f1e5ba7657da75/datanucleus-rdbms-3.2.11.jar, file:/Users/hpatel/.gradle/caches/modules-2/files-2.1/org.datanucleus/datanucleus-api-jdo/3.2.8/efc60221fbc91e95cf5758b98c6c5531660696cb/datanucleus-api-jdo-3.2.8.jar, file:/Users/hpatel/.gradle/caches/modules-2/files-2.1/org.apache.hive/hive-shims/0.13.1-cdh5.3.3/47b029532c0b9d45526dcdd858823e6f9634ab81/hive-shims-0.13.1-cdh5.3.3.jar, file:/Users/hpatel/.gradle/caches/modules-2/files-2.1/org.apache.commons/commons-lang3/3.3.1/6738a2da2202ce360f0af90aba005c1e05a2c4cd/commons-lang3-3.3.1.jar, file:/Users/hpatel/.gradle/caches/modules-2/files-2.1/joda-time/joda-time/2.3/56498efd17752898cfcc3868c1b6211a07b12b8f/joda-time-2.3.jar, file:/Users/hpatel/.gradle/caches/modules-2/files-2.1/org.apache.hadoop/hadoop-hdfs/2.5.0-cdh5.3.3/5dd5e2be13d89a9eaab89d3a33bcdf6677671aa9/hadoop-hdfs-2.5.0-cdh5.3.3.jar, file:/Users/hpatel/.gradle/caches/modules-2/files-2.1/org.apache.hadoop/hadoop-mapreduce-client-app/2.5.0-cdh5.3.3/579948f8fa6d9d72bf507bd021fa3dcc0670e95f/hadoop-mapreduce-client-app-2.5.0-cdh5.3.3.jar, file:/Users/hpatel/.gradle/caches/modules-2/files-2.1/org.apache.hadoop/hadoop-yarn-api/2.5.0-cdh5.3.3/a6d9b4b7cbcacd000350a3e33c70269101b5fc79/hadoop-yarn-api-2.5.0-cdh5.3.3.jar, file:/Users/hpatel/.gradle/caches/modules-2/files-2.1/org.apache.hadoop/hadoop-mapreduce-client-core/2.5.0-cdh5.3.3/f2c8eaa2b8a5839a7781f04cf59c4d1abfefec9e/hadoop-mapreduce-client-core-2.5.0-cdh5.3.3.jar, file:/Users/hpatel/.gradle/caches/modules-2/files-2.1/org.apache.hadoop/hadoop-mapreduce-client-jobclient/2.5.0-cdh5.3.3/f8baecab9a91245a97e29e4867a7f5ae128ef8a9/hadoop-mapreduce-client-jobclient-2.5.0-cdh5.3.3.jar, file:/Users/hpatel/.gradle/caches/modules-2/files-2.1/org.apache.hadoop/hadoop-aws/2.5.0-cdh5.3.3/f712d9cf59c859914254bed5c87ee4e5a2204e78/hadoop-aws-2.5.0-cdh5.3.3.jar, file:/Users/hpatel/.gradle/caches/modules-2/files-2.1/org.apache.hadoop/hadoop-annotations/2.5.0-cdh5.3.3/e3b40743127d82ff7a6f263d00419368a46ce608/hadoop-annotations-2.5.0-cdh5.3.3.jar, file:/Users/hpatel/.gradle/caches/modules-2/files-2.1/commons-collections/commons-collections/3.2.1/761ea405b9b37ced573d2df0d1e3a4e0f9edc668/commons-collections-3.2.1.jar, file:/Users/hpatel/.gradle/caches/modules-2/files-2.1/commons-configuration/commons-configuration/1.6/32cadde23955d7681b0d94a2715846d20b425235/commons-configuration-1.6.jar, file:/Users/hpatel/.gradle/caches/modules-2/files-2.1/jline/jline/0.9.94/99a18e9a44834afdebc467294e1138364c207402/jline-0.9.94.jar, file:/Users/hpatel/.gradle/caches/modules-2/files-2.1/commons-cli/commons-cli/1.2/2bf96b7aa8b611c177d329452af1dc933e14501c/commons-cli-1.2.jar, file:/Users/hpatel/.gradle/caches/modules-2/files-2.1/xmlenc/xmlenc/0.52/d82554efbe65906d83b3d97bd7509289e9db561a/xmlenc-0.52.jar, file:/Users/hpatel/.gradle/caches/modules-2/files-2.1/commons-httpclient/commons-httpclient/3.1/964cd74171f427720480efdec40a7c7f6e58426a/commons-httpclient-3.1.jar, file:/Users/hpatel/.gradle/caches/modules-2/files-2.1/commons-net/commons-net/3.1/2298164a7c2484406f2aa5ac85b205d39019896f/commons-net-3.1.jar, file:/Users/hpatel/.gradle/caches/modules-2/files-2.1/tomcat/jasper-runtime/5.5.23/96ca5528a93ab47b001476b74320c644beb89dde/jasper-runtime-5.5.23.jar, file:/Users/hpatel/.gradle/caches/modules-2/files-2.1/tomcat/jasper-compiler/5.5.23/6d35bd7fb8c4fbc1f5401fb3678aa976d2e4c241/jasper-compiler-5.5.23.jar, file:/Users/hpatel/.gradle/caches/modules-2/files-2.1/javax.servlet.jsp/jsp-api/2.1/63f943103f250ef1f3a4d5e94d145a0f961f5316/jsp-api-2.1.jar, file:/Users/hpatel/.gradle/caches/modules-2/files-2.1/commons-el/commons-el/1.0/1df2c042b3f2de0124750241ac6c886dbfa2cc2c/commons-el-1.0.jar, file:/Users/hpatel/.gradle/caches/modules-2/files-2.1/javax.servlet/servlet-api/2.5/5959582d97d8b61f4d154ca9e495aafd16726e34/servlet-api-2.5.jar, file:/Users/hpatel/.gradle/caches/modules-2/files-2.1/hsqldb/hsqldb/1.8.0.10/7e9978fdb754bce5fcd5161133e7734ecb683036/hsqldb-1.8.0.10.jar, file:/Users/hpatel/.gradle/caches/modules-2/files-2.1/org.eclipse.jdt/core/3.1.1/88c83ce444cf46d02494da37c9fa1eebc9ce9cea/core-3.1.1.jar, file:/Users/hpatel/.gradle/caches/modules-2/files-2.1/javassist/javassist/3.12.1.GA/526633327faa61aee448a519e8a4d53ec3057885/javassist-3.12.1.GA.jar, file:/Users/hpatel/.gradle/caches/modules-2/files-2.1/dom4j/dom4j/1.6.1/5d3ccc056b6f056dbf0dddfdf43894b9065a8f94/dom4j-1.6.1.jar, file:/Users/hpatel/.gradle/caches/modules-2/files-2.1/org.objenesis/objenesis/2.1/87c0ea803b69252868d09308b4618f766f135a96/objenesis-2.1.jar, file:/Users/hpatel/.gradle/caches/modules-2/files-2.1/commons-logging/commons-logging/1.1.3/f6f66e966c70a83ffbdb6f17a0919eaf7c8aca7f/commons-logging-1.1.3.jar, file:/Users/hpatel/.gradle/caches/modules-2/files-2.1/org.apache.hive/hive-common/0.13.1-cdh5.3.3/e3fbf24d30a553c50ae4d4eed23f81b0e1211c5a/hive-common-0.13.1-cdh5.3.3.jar, file:/Users/hpatel/.gradle/caches/modules-2/files-2.1/org.apache.avro/avro/1.7.6-cdh5.3.3/6d90271293977d199ed07002bf35e2805405cc64/avro-1.7.6-cdh5.3.3.jar, file:/Users/hpatel/.gradle/caches/modules-2/files-2.1/net.sf.opencsv/opencsv/2.3/c23708cdb9e80a144db433e23344a788a1fd6599/opencsv-2.3.jar, file:/Users/hpatel/.gradle/caches/modules-2/files-2.1/com.sun.jersey/jersey-servlet/1.14/4b87041a59ee152757b62e47a21d5b63fde20ffe/jersey-servlet-1.14.jar, file:/Users/hpatel/.gradle/caches/modules-2/files-2.1/org.slf4j/slf4j-log4j12/1.7.5/6edffc576ce104ec769d954618764f39f0f0f10d/slf4j-log4j12-1.7.5.jar, file:/Users/hpatel/.gradle/caches/modules-2/files-2.1/org.apache.commons/commons-math3/3.1.1/6719d757a98ff24a83d9d727bef9cec83f59b6e1/commons-math3-3.1.1.jar, file:/Users/hpatel/.gradle/caches/modules-2/files-2.1/commons-io/commons-io/2.4/b1b6ea3b7e4aa4f492509a4952029cd8e48019ad/commons-io-2.4.jar, file:/Users/hpatel/.gradle/caches/modules-2/files-2.1/com.sun.jersey/jersey-json/1.9/1aa73e1896bcc7013fed247157d7f676226eb432/jersey-json-1.9.jar, file:/Users/hpatel/.gradle/caches/modules-2/files-2.1/log4j/log4j/1.2.17/5af35056b4d257e4b64b9e8069c0746e8b08629f/log4j-1.2.17.jar, file:/Users/hpatel/.gradle/caches/modules-2/files-2.1/com.google.code.gson/gson/2.2.4/a60a5e993c98c864010053cb901b7eab25306568/gson-2.2.4.jar, file:/Users/hpatel/.gradle/caches/modules-2/files-2.1/org.apache.hadoop/hadoop-auth/2.5.0-cdh5.3.3/847eb288da72acfdd7d202da5149dec6cd20ceba/hadoop-auth-2.5.0-cdh5.3.3.jar, file:/Users/hpatel/.gradle/caches/modules-2/files-2.1/com.jcraft/jsch/0.1.42/a86104b0f2e0c0bab5b0df836065823a99b5e334/jsch-0.1.42.jar, file:/Users/hpatel/.gradle/caches/modules-2/files-2.1/org.apache.curator/curator-client/2.6.0/b9007c357ad1a78066fc6004e8b1feaa2318f6f3/curator-client-2.6.0.jar, file:/Users/hpatel/.gradle/caches/modules-2/files-2.1/org.apache.curator/curator-recipes/2.6.0/8736b0fc42e6bf006d585fe85c90aaa4ade5cbef/curator-recipes-2.6.0.jar, file:/Users/hpatel/.gradle/caches/modules-2/files-2.1/com.google.code.findbugs/jsr305/1.3.9/40719ea6961c0cb6afaeb6a921eaa1f6afd4cfdf/jsr305-1.3.9.jar, file:/Users/hpatel/.gradle/caches/modules-2/files-2.1/org.apache.commons/commons-compress/1.4.1/b02e84a993d88568417536240e970c4b809126fd/commons-compress-1.4.1.jar, file:/Users/hpatel/.gradle/caches/modules-2/files-2.1/org.apache.hive.shims/hive-shims-common/0.13.1-cdh5.3.3/3d9e5245018fbde18f52c4ab25fc35afdec2fc0a/hive-shims-common-0.13.1-cdh5.3.3.jar, file:/Users/hpatel/.gradle/caches/modules-2/files-2.1/org.apache.hive.shims/hive-shims-common-secure/0.13.1-cdh5.3.3/6b29a16b2a41b89bdbbc681c257ad7f766a90bcb/hive-shims-common-secure-0.13.1-cdh5.3.3.jar, file:/Users/hpatel/.gradle/caches/modules-2/files-2.1/org.apache.hive.shims/hive-shims-0.23/0.13.1-cdh5.3.3/7ab834955a767af200d1d9151c204751637d9ca9/hive-shims-0.23-0.13.1-cdh5.3.3.jar, file:/Users/hpatel/.gradle/caches/modules-2/files-2.1/org.apache.hive.shims/hive-shims-scheduler/0.13.1-cdh5.3.3/b6644420b74f936a838f7f3fd2fa19c19add0449/hive-shims-scheduler-0.13.1-cdh5.3.3.jar, file:/Users/hpatel/.gradle/caches/modules-2/files-2.1/org.apache.hadoop/hadoop-mapreduce-client-common/2.5.0-cdh5.3.3/f0d777bb76ca9f540c0c81a45934f0f5cf9975b8/hadoop-mapreduce-client-common-2.5.0-cdh5.3.3.jar, file:/Users/hpatel/.gradle/caches/modules-2/files-2.1/org.apache.hadoop/hadoop-mapreduce-client-shuffle/2.5.0-cdh5.3.3/b6c4316f6fcc406edf7e5bd77c50e46034ad5519/hadoop-mapreduce-client-shuffle-2.5.0-cdh5.3.3.jar, file:/Users/hpatel/.gradle/caches/modules-2/files-2.1/org.apache.hadoop/hadoop-yarn-common/2.5.0-cdh5.3.3/9499713b674eae1aa714fcd0e95e0d09daaf3824/hadoop-yarn-common-2.5.0-cdh5.3.3.jar, file:/Users/hpatel/.gradle/caches/modules-2/files-2.1/com.fasterxml.jackson.core/jackson-databind/2.2.3/3ae380888029daefb91d3ecdca3a37d8cb92bc9/jackson-databind-2.2.3.jar, file:/Users/hpatel/.gradle/caches/modules-2/files-2.1/com.fasterxml.jackson.core/jackson-annotations/2.2.3/527fece4f23a457070a36c371a26d6c0208e1c3/jackson-annotations-2.2.3.jar, file:/Users/hpatel/.gradle/caches/modules-2/files-2.1/com.amazonaws/aws-java-sdk/1.7.4/2c24ccb6f1ab845a7df971951d4b41c709a6517d/aws-java-sdk-1.7.4.jar, file:/Users/hpatel/.gradle/caches/modules-2/files-2.1/commons-digester/commons-digester/1.8/dc6a73fdbd1fa3f0944e8497c6c872fa21dca37e/commons-digester-1.8.jar, file:/Users/hpatel/.gradle/caches/modules-2/files-2.1/commons-beanutils/commons-beanutils-core/1.8.0/175dc721f87e4bc5cc0573f990e28c3cf9117508/commons-beanutils-core-1.8.0.jar, file:/Users/hpatel/.gradle/caches/modules-2/files-2.1/xml-apis/xml-apis/1.0.b2/3136ca936f64c9d68529f048c2618bd356bf85c9/xml-apis-1.0.b2.jar, file:/Users/hpatel/.gradle/caches/modules-2/files-2.1/com.thoughtworks.paranamer/paranamer/2.3/4a85963a752c0a2f715c3924bfc686865e7e1bc6/paranamer-2.3.jar, file:/Users/hpatel/.gradle/caches/modules-2/files-2.1/org.xerial.snappy/snappy-java/1.0.5/10cb4550360a0ec6b80f09a5209d00b6058e82bf/snappy-java-1.0.5.jar, file:/Users/hpatel/.gradle/caches/modules-2/files-2.1/org.codehaus.jettison/jettison/1.1/1a01a2a1218fcf9faa2cc2a6ced025bdea687262/jettison-1.1.jar, file:/Users/hpatel/.gradle/caches/modules-2/files-2.1/com.sun.xml.bind/jaxb-impl/2.2.3-1/56baae106392040a45a06d4a41099173425da1e6/jaxb-impl-2.2.3-1.jar, file:/Users/hpatel/.gradle/caches/modules-2/files-2.1/org.apache.directory.server/apacheds-kerberos-codec/2.0.0-M15/1c16e4e477183641c5f0dd5cdecd27ec331bacb5/apacheds-kerberos-codec-2.0.0-M15.jar, file:/Users/hpatel/.gradle/caches/modules-2/files-2.1/org.apache.curator/curator-framework/2.6.0/81a699c39d127b5b4ff97cc77da7650b53e5b5ed/curator-framework-2.6.0.jar, file:/Users/hpatel/.gradle/caches/modules-2/files-2.1/org.tukaani/xz/1.0/ecff5cb8b1189514c9d1d8d68eb77ac372e000c9/xz-1.0.jar, file:/Users/hpatel/.gradle/caches/modules-2/files-2.1/org.apache.hadoop/hadoop-yarn-client/2.5.0-cdh5.3.3/2d2ce5d0138d02b20aefcfc1ee8dd6f691911f63/hadoop-yarn-client-2.5.0-cdh5.3.3.jar, file:/Users/hpatel/.gradle/caches/modules-2/files-2.1/org.apache.hadoop/hadoop-yarn-server-common/2.5.0-cdh5.3.3/d099fcc19f56d477fa6b5b47ae4e06bb97538778/hadoop-yarn-server-common-2.5.0-cdh5.3.3.jar, file:/Users/hpatel/.gradle/caches/modules-2/files-2.1/org.apache.hadoop/hadoop-yarn-server-nodemanager/2.5.0-cdh5.3.3/278b2d7a6454ce57a94ab02a88c0b188afc8facc/hadoop-yarn-server-nodemanager-2.5.0-cdh5.3.3.jar, file:/Users/hpatel/.gradle/caches/modules-2/files-2.1/org.fusesource.leveldbjni/leveldbjni-all/1.8/707350a2eeb1fa2ed77a32ddb3893ed308e941db/leveldbjni-all-1.8.jar, file:/Users/hpatel/.gradle/caches/modules-2/files-2.1/javax.xml.bind/jaxb-api/2.2.2/aeb3021ca93dde265796d82015beecdcff95bf09/jaxb-api-2.2.2.jar, file:/Users/hpatel/.gradle/caches/modules-2/files-2.1/com.google.inject/guice/3.0/9d84f15fe35e2c716a02979fb62f50a29f38aefa/guice-3.0.jar, file:/Users/hpatel/.gradle/caches/modules-2/files-2.1/com.sun.jersey.contribs/jersey-guice/1.9/5963c28c47df7e5d6ad34cec80c071c368777f7b/jersey-guice-1.9.jar, file:/Users/hpatel/.gradle/caches/modules-2/files-2.1/com.fasterxml.jackson.core/jackson-core/2.2.3/1a0113da2cab5f4c216b4e5e7c1dbfaa67087e14/jackson-core-2.2.3.jar, file:/Users/hpatel/.gradle/caches/modules-2/files-2.1/commons-beanutils/commons-beanutils/1.7.0/5675fd96b29656504b86029551973d60fb41339b/commons-beanutils-1.7.0.jar, file:/Users/hpatel/.gradle/caches/modules-2/files-2.1/org.apache.directory.server/apacheds-i18n/2.0.0-M15/71c61c84683152ec2a6a65f3f96fe534e304fa22/apacheds-i18n-2.0.0-M15.jar, file:/Users/hpatel/.gradle/caches/modules-2/files-2.1/org.apache.directory.api/api-asn1-api/1.0.0-M20/5e6486ffa3125ba44dc410ead166e1d6ba8ac76d/api-asn1-api-1.0.0-M20.jar, file:/Users/hpatel/.gradle/caches/modules-2/files-2.1/org.apache.directory.api/api-util/1.0.0-M20/a871abf060b3cf83fc6dc4d7e3d151fce50ac3cb/api-util-1.0.0-M20.jar, file:/Users/hpatel/.gradle/caches/modules-2/files-2.1/com.sun.jersey/jersey-client/1.9/d3c4b2b5f89db32c96ceddcb863684821910a7bb/jersey-client-1.9.jar, file:/Users/hpatel/.gradle/caches/modules-2/files-2.1/javax.xml.stream/stax-api/1.0-2/d6337b0de8b25e53e81b922352fbea9f9f57ba0b/stax-api-1.0-2.jar, file:/Users/hpatel/.gradle/caches/modules-2/files-2.1/javax.activation/activation/1.1/e6cb541461c2834bdea3eb920f1884d1eb508b50/activation-1.1.jar, file:/Users/hpatel/.gradle/caches/modules-2/files-2.1/javax.inject/javax.inject/1/6975da39a7040257bd51d21a231b76c915872d38/javax.inject-1.jar, file:/Users/hpatel/.gradle/caches/modules-2/files-2.1/aopalliance/aopalliance/1.0/235ba8b489512805ac13a8f9ea77a1ca5ebe3e8/aopalliance-1.0.jar, file:/Users/hpatel/.gradle/caches/modules-2/files-2.1/org.sonatype.sisu.inject/cglib/2.2.1-v20090111/7ce5e983fd0e6c78346f4c9cbfa39d83049dda2/cglib-2.2.1-v20090111.jar, file:/Users/hpatel/.gradle/caches/modules-2/files-2.1/asm/asm/3.1/c157def142714c544bdea2e6144645702adf7097/asm-3.1.jar, file:/Users/hpatel/.gradle/caches/modules-2/files-2.1/org.apache.hive/hive-service/0.13.1-cdh5.3.3/c7979b4213bfb62823d43ba726e0fea58032dd1e/hive-service-0.13.1-cdh5.3.3.jar, file:/Users/hpatel/.gradle/caches/modules-2/files-2.1/net.sf.jpam/jpam/1.1/cb3d91c2dfda767518a371dbb02edfd6a4aa0600/jpam-1.1.jar, file:/Users/hpatel/.gradle/caches/modules-2/files-2.1/org.eclipse.jetty.aggregate/jetty-all/7.6.0.v20120127/47bb68e3837e5c6422138dd1e0d4d75c60dce87a/jetty-all-7.6.0.v20120127.jar, file:/Users/hpatel/.gradle/caches/modules-2/files-2.1/org.apache.thrift/libfb303/0.9.0/639bd69767fdbd7f658ce8233248fe1cea635164/libfb303-0.9.0.jar, file:/Users/hpatel/.gradle/caches/modules-2/files-2.1/org.apache.geronimo.specs/geronimo-jta_1.1_spec/1.1.1/aabab3165b8ea936b9360abbf448459c0d04a5a4/geronimo-jta_1.1_spec-1.1.1.jar, file:/Users/hpatel/.gradle/caches/modules-2/files-2.1/javax.mail/mail/1.4.1/8b7bc69010655425dabf091b51d1e90b4de36715/mail-1.4.1.jar, file:/Users/hpatel/.gradle/caches/modules-2/files-2.1/org.apache.geronimo.specs/geronimo-jaspic_1.0_spec/1.0/44b95be7dae1147716dce5336419eafade880756/geronimo-jaspic_1.0_spec-1.0.jar, file:/Users/hpatel/.gradle/caches/modules-2/files-2.1/org.apache.geronimo.specs/geronimo-annotation_1.0_spec/1.1.1/47caa799389f69d297b86bf90523d431599c3796/geronimo-annotation_1.0_spec-1.1.1.jar, file:/Users/hpatel/.gradle/caches/modules-2/files-2.1/asm/asm-commons/3.1/1b607fbfe7889c6fdff1b7c16439ade0a60869ac/asm-commons-3.1.jar, file:/Users/hpatel/.gradle/caches/modules-2/files-2.1/asm/asm-tree/3.1/c9a5d4334ddf194ea492f22107d45119a5c5322f/asm-tree-3.1.jar, file:/Users/hpatel/.gradle/caches/modules-2/files-2.1/commons-lang/commons-lang/2.6/ce1edb914c94ebc388f086c6827e8bdeec71ac2/commons-lang-2.6.jar, file:/Users/hpatel/.gradle/caches/modules-2/files-2.1/org.mortbay.jetty/jetty/6.1.26.cloudera.4/d59325a5ff8ff18f7543bc3fbb9d5efa0c0ff521/jetty-6.1.26.cloudera.4.jar, file:/Users/hpatel/.gradle/caches/modules-2/files-2.1/org.mortbay.jetty/jetty-util/6.1.26.cloudera.4/b8507b7c5d3fd9a3d01775272cbf1a63f530c19d/jetty-util-6.1.26.cloudera.4.jar, file:/Users/hpatel/.gradle/caches/modules-2/files-2.1/net.java.dev.jets3t/jets3t/0.9.0/792bc96ee7e57b89f472aa0cb5a31015b9f59c96/jets3t-0.9.0.jar, file:/Users/hpatel/.gradle/caches/modules-2/files-2.1/com.jamesmurty.utils/java-xmlbuilder/0.4/ac5962e48cdee3a0a6e1f8e00fcb594747ac5aaf/java-xmlbuilder-0.4.jar, file:/Users/hpatel/.gradle/caches/modules-2/files-2.1/com.google.protobuf/protobuf-java/2.5.0/a10732c76bfacdbd633a7eb0f7968b1059a65dfa/protobuf-java-2.5.0.jar, file:/Users/hpatel/.gradle/caches/modules-2/files-2.1/org.apache.hive/hive-exec/0.13.1-cdh5.3.3/4d935274127f47dd9c0875efcf317ba49aef1219/hive-exec-0.13.1-cdh5.3.3.jar, file:/Users/hpatel/.gradle/caches/modules-2/files-2.1/org.apache.hive/hive-ant/0.13.1-cdh5.3.3/86954e92a903253177cd6935798c50a6c32b7b81/hive-ant-0.13.1-cdh5.3.3.jar, file:/Users/hpatel/.gradle/caches/modules-2/files-2.1/org.antlr/antlr-runtime/3.4/8f011408269a8e42b8548687e137d8eeb56df4b4/antlr-runtime-3.4.jar, file:/Users/hpatel/.gradle/caches/modules-2/files-2.1/org.antlr/ST4/4.0.4/467a2aa12be6d0f0f68c70eecf6714ab733027ac/ST4-4.0.4.jar, file:/Users/hpatel/.gradle/caches/modules-2/files-2.1/org.apache.ant/ant/1.9.1/35900c96dbebc85dcfbd71f4661059ebcf93c077/ant-1.9.1.jar, file:/Users/hpatel/.gradle/caches/modules-2/files-2.1/org.codehaus.groovy/groovy-all/2.1.6/165b8246372a829c1915611646f6d964010656cf/groovy-all-2.1.6.jar, file:/Users/hpatel/.gradle/caches/modules-2/files-2.1/stax/stax-api/1.0.1/49c100caf72d658aca8e58bd74a4ba90fa2b0d70/stax-api-1.0.1.jar, file:/Users/hpatel/.gradle/caches/modules-2/files-2.1/org.apache.velocity/velocity/1.5/9f306baf7523ffc0e81a6353d08a584d254133b/velocity-1.5.jar, file:/Users/hpatel/.gradle/caches/modules-2/files-2.1/org.antlr/stringtemplate/3.2.1/59ec8083721eae215c6f3caee944c410d2be34de/stringtemplate-3.2.1.jar, file:/Users/hpatel/.gradle/caches/modules-2/files-2.1/antlr/antlr/2.7.7/83cd2cd674a217ade95a4bb83a8a14f351f48bd0/antlr-2.7.7.jar, file:/Users/hpatel/.gradle/caches/modules-2/files-2.1/org.apache.ant/ant-launcher/1.9.1/7c71043ca185eaada9e36391dd022d92859327de/ant-launcher-1.9.1.jar, file:/Users/hpatel/.gradle/caches/modules-2/files-2.1/oro/oro/2.0.8/5592374f834645c4ae250f4c9fbb314c9369d698/oro-2.0.8.jar, file:/Users/hpatel/.gradle/caches/modules-2/files-2.1/org.codehaus.jackson/jackson-core-asl/1.9.13/3c304d70f42f832e0a86d45bd437f692129299a4/jackson-core-asl-1.9.13.jar, file:/Users/hpatel/.gradle/caches/modules-2/files-2.1/org.codehaus.jackson/jackson-mapper-asl/1.9.13/1ee2f2bed0e5dd29d1cb155a166e6f8d50bbddb7/jackson-mapper-asl-1.9.13.jar, file:/Users/hpatel/.gradle/caches/modules-2/files-2.1/org.slf4j/slf4j-api/1.7.6/562424e36df3d2327e8e9301a76027fca17d54ea/slf4j-api-1.7.6.jar, file:/Users/hpatel/.gradle/caches/modules-2/files-2.1/com.sun.jersey/jersey-server/1.14/b1a21724c9b708ed54d42d41bb19ff45ae1d49d9/jersey-server-1.14.jar, file:/Users/hpatel/.gradle/caches/modules-2/files-2.1/org.apache.httpcomponents/httpclient/4.2.5/666e26e76f2e87d84e4f16acb546481ae1b8e9a6/httpclient-4.2.5.jar, file:/Users/hpatel/.gradle/caches/modules-2/files-2.1/org.apache.zookeeper/zookeeper/3.4.6/1b2502e29da1ebaade2357cd1de35a855fa3755/zookeeper-3.4.6.jar, file:/Users/hpatel/.gradle/caches/modules-2/files-2.1/com.google.guava/guava/16.0.1/5fa98cd1a63c99a44dd8d3b77e4762b066a5d0c5/guava-16.0.1.jar, file:/Users/hpatel/.gradle/caches/modules-2/files-2.1/org.codehaus.jackson/jackson-jaxrs/1.8.8/71b16055388e9bd3991c3c3834e8e55098b789f1/jackson-jaxrs-1.8.8.jar, file:/Users/hpatel/.gradle/caches/modules-2/files-2.1/org.codehaus.jackson/jackson-xc/1.8.8/52efa08bc1e4cfea168f552b9e3088297d9d0926/jackson-xc-1.8.8.jar, file:/Users/hpatel/.gradle/caches/modules-2/files-2.1/org.apache.hive/hive-metastore/0.13.1-cdh5.3.3/ca93686a17f064a5ab6587799721cddd7836e53a/hive-metastore-0.13.1-cdh5.3.3.jar, file:/Users/hpatel/.gradle/caches/modules-2/files-2.1/com.jolbox/bonecp/0.8.0.RELEASE/cec24ee9345b3678472bb1b8fdd6aa6b9428beb8/bonecp-0.8.0.RELEASE.jar, file:/Users/hpatel/.gradle/caches/modules-2/files-2.1/org.apache.derby/derby/10.10.1.1/9f6f910f0373adc1b23c10f9b4bb151b7e7449f/derby-10.10.1.1.jar, file:/Users/hpatel/.gradle/caches/modules-2/files-2.1/javax.jdo/jdo-api/3.0.1/58e7a538e020b73871e232eeb064835fd98a492/jdo-api-3.0.1.jar, file:/Users/hpatel/.gradle/caches/modules-2/files-2.1/javax.transaction/jta/1.1/2ca09f0b36ca7d71b762e14ea2ff09d5eac57558/jta-1.1.jar, file:/Users/hpatel/.gradle/caches/modules-2/files-2.1/org.apache.thrift/libthrift/0.9.0/9ba8df332b5db95ce7f3b7a83e44d796c3d014d3/libthrift-0.9.0.jar, file:/Users/hpatel/.gradle/caches/modules-2/files-2.1/org.apache.httpcomponents/httpcore/4.2.4/3b7f38df6de5dd8b500e602ae8c2dd5ee446f883/httpcore-4.2.4.jar, file:/Users/hpatel/.gradle/caches/modules-2/files-2.1/com.sun.jersey/jersey-core/1.14/693061de8b9b352b11e997b1dd4052677778852d/jersey-core-1.14.jar, file:/Users/hpatel/.gradle/caches/modules-2/files-2.1/commons-codec/commons-codec/1.6/b7f0fc8f61ecadeb3695f0b9464755eee44374d4/commons-codec-1.6.jar, file:/Users/hpatel/.gradle/caches/modules-2/files-2.1/io.netty/netty/3.7.0.Final/7a8c35599c68c0bf383df74469aa3e03d9aca87/netty-3.7.0.Final.jar]
15/09/06 13:13:56 INFO mr.ObjectCache: Ignoring retrieval request: __MAP_PLAN__
15/09/06 13:13:56 INFO mr.ObjectCache: Ignoring cache key: __MAP_PLAN__
15/09/06 13:13:56 INFO exec.MapOperator: dump TS struct<file_name:string,gen_id:string,dms_system:string,dms_version:string,transmit_ts:string,orig_transmit_ts:string,transmit_by:string,record_status:string,dealer_updt_ind:string,store_number:string,part_type:string,store_name:string,inventory_store_number:string,cat_emrg_dealer_code:string,cat_stock_dealer_code:string,stock_replen_store_number:string,stock_replen_lead_time:string,lst_updt_ts:string,orig_lst_updt_ts:string,lst_updt_by_id:string,file_ins_ts:string,orig_file_ins_ts:string,exp_stock_plan_lead_time:string,dealer_code:string>
15/09/06 13:13:56 INFO mr.ExecMapper: 
<MAP>Id =203
  <Children>
    <TS>Id =198
      <Children>
        <SEL>Id =199
          <Children>
            <RS>Id =201
              <Children>
              <\Children>
              <Parent>Id = 199 null<\Parent>
            <\RS>
          <\Children>
          <Parent>Id = 198 null<\Parent>
        <\SEL>
      <\Children>
      <Parent>Id = 203 null<\Parent>
    <\TS>
  <\Children>
  <Parent><\Parent>
<\MAP>
15/09/06 13:13:56 INFO exec.MapOperator: Initializing Self 203 MAP
15/09/06 13:13:56 INFO exec.TableScanOperator: Initializing Self 198 TS
15/09/06 13:13:56 INFO exec.TableScanOperator: Operator 198 TS initialized
15/09/06 13:13:56 INFO exec.TableScanOperator: Initializing children of 198 TS
15/09/06 13:13:56 INFO exec.SelectOperator: Initializing child 199 SEL
15/09/06 13:13:56 INFO exec.SelectOperator: Initializing Self 199 SEL
15/09/06 13:13:56 INFO exec.SelectOperator: SELECT struct<file_name:string,gen_id:string,dms_system:string,dms_version:string,transmit_ts:string,orig_transmit_ts:string,transmit_by:string,record_status:string,dealer_updt_ind:string,store_number:string,part_type:string,store_name:string,inventory_store_number:string,cat_emrg_dealer_code:string,cat_stock_dealer_code:string,stock_replen_store_number:string,stock_replen_lead_time:string,lst_updt_ts:string,orig_lst_updt_ts:string,lst_updt_by_id:string,file_ins_ts:string,orig_file_ins_ts:string,exp_stock_plan_lead_time:string,dealer_code:string>
15/09/06 13:13:56 INFO exec.SelectOperator: Operator 199 SEL initialized
15/09/06 13:13:56 INFO exec.SelectOperator: Initializing children of 199 SEL
15/09/06 13:13:56 INFO exec.ReduceSinkOperator: Initializing child 201 RS
15/09/06 13:13:56 INFO exec.ReduceSinkOperator: Initializing Self 201 RS
15/09/06 13:13:56 INFO exec.ReduceSinkOperator: Using tag = -1
15/09/06 13:13:56 INFO exec.ReduceSinkOperator: Operator 201 RS initialized
15/09/06 13:13:56 INFO exec.ReduceSinkOperator: Initialization Done 201 RS
15/09/06 13:13:56 INFO exec.SelectOperator: Initialization Done 199 SEL
15/09/06 13:13:56 INFO exec.TableScanOperator: Initialization Done 198 TS
15/09/06 13:13:56 INFO exec.MapOperator: Initialization Done 203 MAP
15/09/06 13:13:56 INFO exec.MapOperator: Processing alias dh for file file:/var/folders/y7/4_pz5fzx54ngcmghz3v6t3m00000gn/T/junit3221324282040719723/hadooptmp/dealer_hierarchy/temp_data/dealer_code=AAAA
15/09/06 13:13:56 WARN lazy.LazyStruct: Extra bytes detected at the end of the row! Ignoring similar problems.
15/09/06 13:13:56 INFO mr.ExecMapper: ExecMapper: processing 1 rows: used memory = 872961264
15/09/06 13:13:56 INFO io.HiveContextAwareRecordReader: Processing file file:/var/folders/y7/4_pz5fzx54ngcmghz3v6t3m00000gn/T/junit3221324282040719723/hadooptmp/dealer_hierarchy/temp_data/dealer_code=ZZZZ/temp_data_from_file.csv
15/09/06 13:13:56 INFO exec.MapOperator: Processing alias dh for file file:/var/folders/y7/4_pz5fzx54ngcmghz3v6t3m00000gn/T/junit3221324282040719723/hadooptmp/dealer_hierarchy/temp_data/dealer_code=ZZZZ
15/09/06 13:13:56 WARN lazy.LazyStruct: Extra bytes detected at the end of the row! Ignoring similar problems.
15/09/06 13:13:56 INFO exec.MapOperator: 203 finished. closing... 
15/09/06 13:13:56 INFO exec.MapOperator: DESERIALIZE_ERRORS:0
15/09/06 13:13:56 INFO exec.TableScanOperator: 198 finished. closing... 
15/09/06 13:13:56 INFO exec.SelectOperator: 199 finished. closing... 
15/09/06 13:13:56 INFO exec.ReduceSinkOperator: 201 finished. closing... 
15/09/06 13:13:56 INFO exec.ReduceSinkOperator: 201 Close done
15/09/06 13:13:56 INFO exec.SelectOperator: 199 Close done
15/09/06 13:13:56 INFO exec.TableScanOperator: 198 Close done
15/09/06 13:13:56 INFO exec.MapOperator: 203 Close done
15/09/06 13:13:56 INFO mr.ExecMapper: ExecMapper: processed 4 rows: used memory = 872961264
15/09/06 13:13:56 INFO mapred.MapTask: Starting flush of map output
15/09/06 13:13:56 INFO mapred.MapTask: Finished spill 0
15/09/06 13:13:56 INFO mapred.Task: Task:attempt_local1952182736_0014_m_000000_0 is done. And is in the process of commiting
15/09/06 13:13:56 INFO mapred.LocalJobRunner: file:/var/folders/y7/4_pz5fzx54ngcmghz3v6t3m00000gn/T/junit3221324282040719723/hadooptmp/dealer_hierarchy/temp_data/dealer_code=ZZZZ/temp_data_from_file.csv:0+626
15/09/06 13:13:56 INFO mapred.Task: Task 'attempt_local1952182736_0014_m_000000_0' done.
15/09/06 13:13:56 INFO mapred.LocalJobRunner: Finishing task: attempt_local1952182736_0014_m_000000_0
15/09/06 13:13:56 INFO mapred.LocalJobRunner: Map task executor complete.
15/09/06 13:13:56 WARN mapreduce.Counters: Group org.apache.hadoop.mapred.Task$Counter is deprecated. Use org.apache.hadoop.mapreduce.TaskCounter instead
2015-09-06 13:13:56,749 Stage-1 map = 100%,  reduce = 0%
15/09/06 13:13:56 INFO exec.Task: 2015-09-06 13:13:56,749 Stage-1 map = 100%,  reduce = 0%
15/09/06 13:13:56 INFO mapred.Task:  Using ResourceCalculatorPlugin : null
15/09/06 13:13:56 INFO mapred.LocalJobRunner: 
15/09/06 13:13:56 INFO mapred.Merger: Merging 1 sorted segments
15/09/06 13:13:56 INFO mapred.Merger: Down to the last merge-pass, with 1 segments left of total size: 974 bytes
15/09/06 13:13:56 INFO mapred.LocalJobRunner: 
15/09/06 13:13:56 INFO ExecReducer: maximum memory = 3817865216
15/09/06 13:13:56 INFO ExecReducer: conf classpath = [file:/Users/hpatel/.gradle/caches/2.1/workerMain/gradle-worker.jar, file:/Users/hpatel/Tech/Projects/CAT/ddsw_dev/hive-test/build/classes/test/, file:/Users/hpatel/Tech/Projects/CAT/ddsw_dev/hive-test/build/resources/test/, file:/Users/hpatel/Tech/Projects/CAT/ddsw_dev/hive-test/build/classes/main/, file:/Users/hpatel/Tech/Projects/CAT/ddsw_dev/hive-test/build/resources/main, file:/Users/hpatel/.gradle/caches/modules-2/files-2.1/junit/junit/4.11/4e031bb61df09069aeb2bffb4019e7a5034a4ee0/junit-4.11.jar, file:/Users/hpatel/.gradle/caches/modules-2/files-2.1/com.klarna/hiverunner/1.0.0/e26bb0655fff4d88fab91f331793d9fc1db392cc/HiveRunner-1.0.0.jar, file:/Users/hpatel/Tech/Projects/CAT/ddsw_dev/custom-cat-udfs/build/libs/custom-cat-udfs-0.1.38-SNAPSHOT.jar, file:/Users/hpatel/.gradle/caches/modules-2/files-2.1/org.apache.hadoop/hadoop-client/2.5.0-cdh5.3.3/ec3cd6a8cb043e73a42918934c5d3a3f2747c78b/hadoop-client-2.5.0-cdh5.3.3.jar, file:/Users/hpatel/.gradle/caches/modules-2/files-2.1/org.hsqldb/hsqldb/2.3.1/bd7153caa30958e1c64a3dd38b93e5a7442d9a0e/hsqldb-2.3.1.jar, file:/Users/hpatel/.gradle/caches/modules-2/files-2.1/org.apache.hadoop/hadoop-core/2.5.0-mr1-cdh5.3.3/f6f4a77f818757da51ae0244310855779c04c4be/hadoop-core-2.5.0-mr1-cdh5.3.3.jar, file:/Users/hpatel/.gradle/caches/modules-2/files-2.1/org.reflections/reflections/0.9.8/f723abb59bf512952bfc503838f70f81487a6993/reflections-0.9.8.jar, file:/Users/hpatel/.gradle/caches/modules-2/files-2.1/org.mockito/mockito-core/1.10.19/e8546f5bef4e061d8dd73895b4e8f40e3fe6effe/mockito-core-1.10.19.jar, file:/Users/hpatel/.gradle/caches/modules-2/files-2.1/org.hamcrest/hamcrest-core/1.3/42a25dc3219429f0e5d060061f71acb49bf010a0/hamcrest-core-1.3.jar, file:/Users/hpatel/.gradle/caches/modules-2/files-2.1/org.pentaho/pentaho-aggdesigner-algorithm/5.1.5-jhyde/c52379c645c6c85300e645dff7c72653bf85baa2/pentaho-aggdesigner-algorithm-5.1.5-jhyde.jar, file:/Users/hpatel/.gradle/caches/modules-2/files-2.1/org.apache.hive/hive-serde/0.13.1-cdh5.3.3/9cee47c844d726e9bcef6ab292e1319b7fbddaa3/hive-serde-0.13.1-cdh5.3.3.jar, file:/Users/hpatel/.gradle/caches/modules-2/files-2.1/org.apache.hadoop/hadoop-common/2.5.0-cdh5.3.3/f0862eb1dc33c1807ea29a248af75551e3c6836a/hadoop-common-2.5.0-cdh5.3.3.jar, file:/Users/hpatel/.gradle/caches/modules-2/files-2.1/org.apache.hive/hive-contrib/0.13.1-cdh5.3.3/bf89b429c9b173ac275dc0c1623f5c30e780ee98/hive-contrib-0.13.1-cdh5.3.3.jar, file:/Users/hpatel/.gradle/caches/modules-2/files-2.1/org.datanucleus/datanucleus-core/3.2.12/3212183bb5a2826cd5ff194b9a54619dd0bdf31f/datanucleus-core-3.2.12.jar, file:/Users/hpatel/.gradle/caches/modules-2/files-2.1/org.datanucleus/datanucleus-rdbms/3.2.11/5b053144c89fdff1505b853aa7f1e5ba7657da75/datanucleus-rdbms-3.2.11.jar, file:/Users/hpatel/.gradle/caches/modules-2/files-2.1/org.datanucleus/datanucleus-api-jdo/3.2.8/efc60221fbc91e95cf5758b98c6c5531660696cb/datanucleus-api-jdo-3.2.8.jar, file:/Users/hpatel/.gradle/caches/modules-2/files-2.1/org.apache.hive/hive-shims/0.13.1-cdh5.3.3/47b029532c0b9d45526dcdd858823e6f9634ab81/hive-shims-0.13.1-cdh5.3.3.jar, file:/Users/hpatel/.gradle/caches/modules-2/files-2.1/org.apache.commons/commons-lang3/3.3.1/6738a2da2202ce360f0af90aba005c1e05a2c4cd/commons-lang3-3.3.1.jar, file:/Users/hpatel/.gradle/caches/modules-2/files-2.1/joda-time/joda-time/2.3/56498efd17752898cfcc3868c1b6211a07b12b8f/joda-time-2.3.jar, file:/Users/hpatel/.gradle/caches/modules-2/files-2.1/org.apache.hadoop/hadoop-hdfs/2.5.0-cdh5.3.3/5dd5e2be13d89a9eaab89d3a33bcdf6677671aa9/hadoop-hdfs-2.5.0-cdh5.3.3.jar, file:/Users/hpatel/.gradle/caches/modules-2/files-2.1/org.apache.hadoop/hadoop-mapreduce-client-app/2.5.0-cdh5.3.3/579948f8fa6d9d72bf507bd021fa3dcc0670e95f/hadoop-mapreduce-client-app-2.5.0-cdh5.3.3.jar, file:/Users/hpatel/.gradle/caches/modules-2/files-2.1/org.apache.hadoop/hadoop-yarn-api/2.5.0-cdh5.3.3/a6d9b4b7cbcacd000350a3e33c70269101b5fc79/hadoop-yarn-api-2.5.0-cdh5.3.3.jar, file:/Users/hpatel/.gradle/caches/modules-2/files-2.1/org.apache.hadoop/hadoop-mapreduce-client-core/2.5.0-cdh5.3.3/f2c8eaa2b8a5839a7781f04cf59c4d1abfefec9e/hadoop-mapreduce-client-core-2.5.0-cdh5.3.3.jar, file:/Users/hpatel/.gradle/caches/modules-2/files-2.1/org.apache.hadoop/hadoop-mapreduce-client-jobclient/2.5.0-cdh5.3.3/f8baecab9a91245a97e29e4867a7f5ae128ef8a9/hadoop-mapreduce-client-jobclient-2.5.0-cdh5.3.3.jar, file:/Users/hpatel/.gradle/caches/modules-2/files-2.1/org.apache.hadoop/hadoop-aws/2.5.0-cdh5.3.3/f712d9cf59c859914254bed5c87ee4e5a2204e78/hadoop-aws-2.5.0-cdh5.3.3.jar, file:/Users/hpatel/.gradle/caches/modules-2/files-2.1/org.apache.hadoop/hadoop-annotations/2.5.0-cdh5.3.3/e3b40743127d82ff7a6f263d00419368a46ce608/hadoop-annotations-2.5.0-cdh5.3.3.jar, file:/Users/hpatel/.gradle/caches/modules-2/files-2.1/commons-collections/commons-collections/3.2.1/761ea405b9b37ced573d2df0d1e3a4e0f9edc668/commons-collections-3.2.1.jar, file:/Users/hpatel/.gradle/caches/modules-2/files-2.1/commons-configuration/commons-configuration/1.6/32cadde23955d7681b0d94a2715846d20b425235/commons-configuration-1.6.jar, file:/Users/hpatel/.gradle/caches/modules-2/files-2.1/jline/jline/0.9.94/99a18e9a44834afdebc467294e1138364c207402/jline-0.9.94.jar, file:/Users/hpatel/.gradle/caches/modules-2/files-2.1/commons-cli/commons-cli/1.2/2bf96b7aa8b611c177d329452af1dc933e14501c/commons-cli-1.2.jar, file:/Users/hpatel/.gradle/caches/modules-2/files-2.1/xmlenc/xmlenc/0.52/d82554efbe65906d83b3d97bd7509289e9db561a/xmlenc-0.52.jar, file:/Users/hpatel/.gradle/caches/modules-2/files-2.1/commons-httpclient/commons-httpclient/3.1/964cd74171f427720480efdec40a7c7f6e58426a/commons-httpclient-3.1.jar, file:/Users/hpatel/.gradle/caches/modules-2/files-2.1/commons-net/commons-net/3.1/2298164a7c2484406f2aa5ac85b205d39019896f/commons-net-3.1.jar, file:/Users/hpatel/.gradle/caches/modules-2/files-2.1/tomcat/jasper-runtime/5.5.23/96ca5528a93ab47b001476b74320c644beb89dde/jasper-runtime-5.5.23.jar, file:/Users/hpatel/.gradle/caches/modules-2/files-2.1/tomcat/jasper-compiler/5.5.23/6d35bd7fb8c4fbc1f5401fb3678aa976d2e4c241/jasper-compiler-5.5.23.jar, file:/Users/hpatel/.gradle/caches/modules-2/files-2.1/javax.servlet.jsp/jsp-api/2.1/63f943103f250ef1f3a4d5e94d145a0f961f5316/jsp-api-2.1.jar, file:/Users/hpatel/.gradle/caches/modules-2/files-2.1/commons-el/commons-el/1.0/1df2c042b3f2de0124750241ac6c886dbfa2cc2c/commons-el-1.0.jar, file:/Users/hpatel/.gradle/caches/modules-2/files-2.1/javax.servlet/servlet-api/2.5/5959582d97d8b61f4d154ca9e495aafd16726e34/servlet-api-2.5.jar, file:/Users/hpatel/.gradle/caches/modules-2/files-2.1/hsqldb/hsqldb/1.8.0.10/7e9978fdb754bce5fcd5161133e7734ecb683036/hsqldb-1.8.0.10.jar, file:/Users/hpatel/.gradle/caches/modules-2/files-2.1/org.eclipse.jdt/core/3.1.1/88c83ce444cf46d02494da37c9fa1eebc9ce9cea/core-3.1.1.jar, file:/Users/hpatel/.gradle/caches/modules-2/files-2.1/javassist/javassist/3.12.1.GA/526633327faa61aee448a519e8a4d53ec3057885/javassist-3.12.1.GA.jar, file:/Users/hpatel/.gradle/caches/modules-2/files-2.1/dom4j/dom4j/1.6.1/5d3ccc056b6f056dbf0dddfdf43894b9065a8f94/dom4j-1.6.1.jar, file:/Users/hpatel/.gradle/caches/modules-2/files-2.1/org.objenesis/objenesis/2.1/87c0ea803b69252868d09308b4618f766f135a96/objenesis-2.1.jar, file:/Users/hpatel/.gradle/caches/modules-2/files-2.1/commons-logging/commons-logging/1.1.3/f6f66e966c70a83ffbdb6f17a0919eaf7c8aca7f/commons-logging-1.1.3.jar, file:/Users/hpatel/.gradle/caches/modules-2/files-2.1/org.apache.hive/hive-common/0.13.1-cdh5.3.3/e3fbf24d30a553c50ae4d4eed23f81b0e1211c5a/hive-common-0.13.1-cdh5.3.3.jar, file:/Users/hpatel/.gradle/caches/modules-2/files-2.1/org.apache.avro/avro/1.7.6-cdh5.3.3/6d90271293977d199ed07002bf35e2805405cc64/avro-1.7.6-cdh5.3.3.jar, file:/Users/hpatel/.gradle/caches/modules-2/files-2.1/net.sf.opencsv/opencsv/2.3/c23708cdb9e80a144db433e23344a788a1fd6599/opencsv-2.3.jar, file:/Users/hpatel/.gradle/caches/modules-2/files-2.1/com.sun.jersey/jersey-servlet/1.14/4b87041a59ee152757b62e47a21d5b63fde20ffe/jersey-servlet-1.14.jar, file:/Users/hpatel/.gradle/caches/modules-2/files-2.1/org.slf4j/slf4j-log4j12/1.7.5/6edffc576ce104ec769d954618764f39f0f0f10d/slf4j-log4j12-1.7.5.jar, file:/Users/hpatel/.gradle/caches/modules-2/files-2.1/org.apache.commons/commons-math3/3.1.1/6719d757a98ff24a83d9d727bef9cec83f59b6e1/commons-math3-3.1.1.jar, file:/Users/hpatel/.gradle/caches/modules-2/files-2.1/commons-io/commons-io/2.4/b1b6ea3b7e4aa4f492509a4952029cd8e48019ad/commons-io-2.4.jar, file:/Users/hpatel/.gradle/caches/modules-2/files-2.1/com.sun.jersey/jersey-json/1.9/1aa73e1896bcc7013fed247157d7f676226eb432/jersey-json-1.9.jar, file:/Users/hpatel/.gradle/caches/modules-2/files-2.1/log4j/log4j/1.2.17/5af35056b4d257e4b64b9e8069c0746e8b08629f/log4j-1.2.17.jar, file:/Users/hpatel/.gradle/caches/modules-2/files-2.1/com.google.code.gson/gson/2.2.4/a60a5e993c98c864010053cb901b7eab25306568/gson-2.2.4.jar, file:/Users/hpatel/.gradle/caches/modules-2/files-2.1/org.apache.hadoop/hadoop-auth/2.5.0-cdh5.3.3/847eb288da72acfdd7d202da5149dec6cd20ceba/hadoop-auth-2.5.0-cdh5.3.3.jar, file:/Users/hpatel/.gradle/caches/modules-2/files-2.1/com.jcraft/jsch/0.1.42/a86104b0f2e0c0bab5b0df836065823a99b5e334/jsch-0.1.42.jar, file:/Users/hpatel/.gradle/caches/modules-2/files-2.1/org.apache.curator/curator-client/2.6.0/b9007c357ad1a78066fc6004e8b1feaa2318f6f3/curator-client-2.6.0.jar, file:/Users/hpatel/.gradle/caches/modules-2/files-2.1/org.apache.curator/curator-recipes/2.6.0/8736b0fc42e6bf006d585fe85c90aaa4ade5cbef/curator-recipes-2.6.0.jar, file:/Users/hpatel/.gradle/caches/modules-2/files-2.1/com.google.code.findbugs/jsr305/1.3.9/40719ea6961c0cb6afaeb6a921eaa1f6afd4cfdf/jsr305-1.3.9.jar, file:/Users/hpatel/.gradle/caches/modules-2/files-2.1/org.apache.commons/commons-compress/1.4.1/b02e84a993d88568417536240e970c4b809126fd/commons-compress-1.4.1.jar, file:/Users/hpatel/.gradle/caches/modules-2/files-2.1/org.apache.hive.shims/hive-shims-common/0.13.1-cdh5.3.3/3d9e5245018fbde18f52c4ab25fc35afdec2fc0a/hive-shims-common-0.13.1-cdh5.3.3.jar, file:/Users/hpatel/.gradle/caches/modules-2/files-2.1/org.apache.hive.shims/hive-shims-common-secure/0.13.1-cdh5.3.3/6b29a16b2a41b89bdbbc681c257ad7f766a90bcb/hive-shims-common-secure-0.13.1-cdh5.3.3.jar, file:/Users/hpatel/.gradle/caches/modules-2/files-2.1/org.apache.hive.shims/hive-shims-0.23/0.13.1-cdh5.3.3/7ab834955a767af200d1d9151c204751637d9ca9/hive-shims-0.23-0.13.1-cdh5.3.3.jar, file:/Users/hpatel/.gradle/caches/modules-2/files-2.1/org.apache.hive.shims/hive-shims-scheduler/0.13.1-cdh5.3.3/b6644420b74f936a838f7f3fd2fa19c19add0449/hive-shims-scheduler-0.13.1-cdh5.3.3.jar, file:/Users/hpatel/.gradle/caches/modules-2/files-2.1/org.apache.hadoop/hadoop-mapreduce-client-common/2.5.0-cdh5.3.3/f0d777bb76ca9f540c0c81a45934f0f5cf9975b8/hadoop-mapreduce-client-common-2.5.0-cdh5.3.3.jar, file:/Users/hpatel/.gradle/caches/modules-2/files-2.1/org.apache.hadoop/hadoop-mapreduce-client-shuffle/2.5.0-cdh5.3.3/b6c4316f6fcc406edf7e5bd77c50e46034ad5519/hadoop-mapreduce-client-shuffle-2.5.0-cdh5.3.3.jar, file:/Users/hpatel/.gradle/caches/modules-2/files-2.1/org.apache.hadoop/hadoop-yarn-common/2.5.0-cdh5.3.3/9499713b674eae1aa714fcd0e95e0d09daaf3824/hadoop-yarn-common-2.5.0-cdh5.3.3.jar, file:/Users/hpatel/.gradle/caches/modules-2/files-2.1/com.fasterxml.jackson.core/jackson-databind/2.2.3/3ae380888029daefb91d3ecdca3a37d8cb92bc9/jackson-databind-2.2.3.jar, file:/Users/hpatel/.gradle/caches/modules-2/files-2.1/com.fasterxml.jackson.core/jackson-annotations/2.2.3/527fece4f23a457070a36c371a26d6c0208e1c3/jackson-annotations-2.2.3.jar, file:/Users/hpatel/.gradle/caches/modules-2/files-2.1/com.amazonaws/aws-java-sdk/1.7.4/2c24ccb6f1ab845a7df971951d4b41c709a6517d/aws-java-sdk-1.7.4.jar, file:/Users/hpatel/.gradle/caches/modules-2/files-2.1/commons-digester/commons-digester/1.8/dc6a73fdbd1fa3f0944e8497c6c872fa21dca37e/commons-digester-1.8.jar, file:/Users/hpatel/.gradle/caches/modules-2/files-2.1/commons-beanutils/commons-beanutils-core/1.8.0/175dc721f87e4bc5cc0573f990e28c3cf9117508/commons-beanutils-core-1.8.0.jar, file:/Users/hpatel/.gradle/caches/modules-2/files-2.1/xml-apis/xml-apis/1.0.b2/3136ca936f64c9d68529f048c2618bd356bf85c9/xml-apis-1.0.b2.jar, file:/Users/hpatel/.gradle/caches/modules-2/files-2.1/com.thoughtworks.paranamer/paranamer/2.3/4a85963a752c0a2f715c3924bfc686865e7e1bc6/paranamer-2.3.jar, file:/Users/hpatel/.gradle/caches/modules-2/files-2.1/org.xerial.snappy/snappy-java/1.0.5/10cb4550360a0ec6b80f09a5209d00b6058e82bf/snappy-java-1.0.5.jar, file:/Users/hpatel/.gradle/caches/modules-2/files-2.1/org.codehaus.jettison/jettison/1.1/1a01a2a1218fcf9faa2cc2a6ced025bdea687262/jettison-1.1.jar, file:/Users/hpatel/.gradle/caches/modules-2/files-2.1/com.sun.xml.bind/jaxb-impl/2.2.3-1/56baae106392040a45a06d4a41099173425da1e6/jaxb-impl-2.2.3-1.jar, file:/Users/hpatel/.gradle/caches/modules-2/files-2.1/org.apache.directory.server/apacheds-kerberos-codec/2.0.0-M15/1c16e4e477183641c5f0dd5cdecd27ec331bacb5/apacheds-kerberos-codec-2.0.0-M15.jar, file:/Users/hpatel/.gradle/caches/modules-2/files-2.1/org.apache.curator/curator-framework/2.6.0/81a699c39d127b5b4ff97cc77da7650b53e5b5ed/curator-framework-2.6.0.jar, file:/Users/hpatel/.gradle/caches/modules-2/files-2.1/org.tukaani/xz/1.0/ecff5cb8b1189514c9d1d8d68eb77ac372e000c9/xz-1.0.jar, file:/Users/hpatel/.gradle/caches/modules-2/files-2.1/org.apache.hadoop/hadoop-yarn-client/2.5.0-cdh5.3.3/2d2ce5d0138d02b20aefcfc1ee8dd6f691911f63/hadoop-yarn-client-2.5.0-cdh5.3.3.jar, file:/Users/hpatel/.gradle/caches/modules-2/files-2.1/org.apache.hadoop/hadoop-yarn-server-common/2.5.0-cdh5.3.3/d099fcc19f56d477fa6b5b47ae4e06bb97538778/hadoop-yarn-server-common-2.5.0-cdh5.3.3.jar, file:/Users/hpatel/.gradle/caches/modules-2/files-2.1/org.apache.hadoop/hadoop-yarn-server-nodemanager/2.5.0-cdh5.3.3/278b2d7a6454ce57a94ab02a88c0b188afc8facc/hadoop-yarn-server-nodemanager-2.5.0-cdh5.3.3.jar, file:/Users/hpatel/.gradle/caches/modules-2/files-2.1/org.fusesource.leveldbjni/leveldbjni-all/1.8/707350a2eeb1fa2ed77a32ddb3893ed308e941db/leveldbjni-all-1.8.jar, file:/Users/hpatel/.gradle/caches/modules-2/files-2.1/javax.xml.bind/jaxb-api/2.2.2/aeb3021ca93dde265796d82015beecdcff95bf09/jaxb-api-2.2.2.jar, file:/Users/hpatel/.gradle/caches/modules-2/files-2.1/com.google.inject/guice/3.0/9d84f15fe35e2c716a02979fb62f50a29f38aefa/guice-3.0.jar, file:/Users/hpatel/.gradle/caches/modules-2/files-2.1/com.sun.jersey.contribs/jersey-guice/1.9/5963c28c47df7e5d6ad34cec80c071c368777f7b/jersey-guice-1.9.jar, file:/Users/hpatel/.gradle/caches/modules-2/files-2.1/com.fasterxml.jackson.core/jackson-core/2.2.3/1a0113da2cab5f4c216b4e5e7c1dbfaa67087e14/jackson-core-2.2.3.jar, file:/Users/hpatel/.gradle/caches/modules-2/files-2.1/commons-beanutils/commons-beanutils/1.7.0/5675fd96b29656504b86029551973d60fb41339b/commons-beanutils-1.7.0.jar, file:/Users/hpatel/.gradle/caches/modules-2/files-2.1/org.apache.directory.server/apacheds-i18n/2.0.0-M15/71c61c84683152ec2a6a65f3f96fe534e304fa22/apacheds-i18n-2.0.0-M15.jar, file:/Users/hpatel/.gradle/caches/modules-2/files-2.1/org.apache.directory.api/api-asn1-api/1.0.0-M20/5e6486ffa3125ba44dc410ead166e1d6ba8ac76d/api-asn1-api-1.0.0-M20.jar, file:/Users/hpatel/.gradle/caches/modules-2/files-2.1/org.apache.directory.api/api-util/1.0.0-M20/a871abf060b3cf83fc6dc4d7e3d151fce50ac3cb/api-util-1.0.0-M20.jar, file:/Users/hpatel/.gradle/caches/modules-2/files-2.1/com.sun.jersey/jersey-client/1.9/d3c4b2b5f89db32c96ceddcb863684821910a7bb/jersey-client-1.9.jar, file:/Users/hpatel/.gradle/caches/modules-2/files-2.1/javax.xml.stream/stax-api/1.0-2/d6337b0de8b25e53e81b922352fbea9f9f57ba0b/stax-api-1.0-2.jar, file:/Users/hpatel/.gradle/caches/modules-2/files-2.1/javax.activation/activation/1.1/e6cb541461c2834bdea3eb920f1884d1eb508b50/activation-1.1.jar, file:/Users/hpatel/.gradle/caches/modules-2/files-2.1/javax.inject/javax.inject/1/6975da39a7040257bd51d21a231b76c915872d38/javax.inject-1.jar, file:/Users/hpatel/.gradle/caches/modules-2/files-2.1/aopalliance/aopalliance/1.0/235ba8b489512805ac13a8f9ea77a1ca5ebe3e8/aopalliance-1.0.jar, file:/Users/hpatel/.gradle/caches/modules-2/files-2.1/org.sonatype.sisu.inject/cglib/2.2.1-v20090111/7ce5e983fd0e6c78346f4c9cbfa39d83049dda2/cglib-2.2.1-v20090111.jar, file:/Users/hpatel/.gradle/caches/modules-2/files-2.1/asm/asm/3.1/c157def142714c544bdea2e6144645702adf7097/asm-3.1.jar, file:/Users/hpatel/.gradle/caches/modules-2/files-2.1/org.apache.hive/hive-service/0.13.1-cdh5.3.3/c7979b4213bfb62823d43ba726e0fea58032dd1e/hive-service-0.13.1-cdh5.3.3.jar, file:/Users/hpatel/.gradle/caches/modules-2/files-2.1/net.sf.jpam/jpam/1.1/cb3d91c2dfda767518a371dbb02edfd6a4aa0600/jpam-1.1.jar, file:/Users/hpatel/.gradle/caches/modules-2/files-2.1/org.eclipse.jetty.aggregate/jetty-all/7.6.0.v20120127/47bb68e3837e5c6422138dd1e0d4d75c60dce87a/jetty-all-7.6.0.v20120127.jar, file:/Users/hpatel/.gradle/caches/modules-2/files-2.1/org.apache.thrift/libfb303/0.9.0/639bd69767fdbd7f658ce8233248fe1cea635164/libfb303-0.9.0.jar, file:/Users/hpatel/.gradle/caches/modules-2/files-2.1/org.apache.geronimo.specs/geronimo-jta_1.1_spec/1.1.1/aabab3165b8ea936b9360abbf448459c0d04a5a4/geronimo-jta_1.1_spec-1.1.1.jar, file:/Users/hpatel/.gradle/caches/modules-2/files-2.1/javax.mail/mail/1.4.1/8b7bc69010655425dabf091b51d1e90b4de36715/mail-1.4.1.jar, file:/Users/hpatel/.gradle/caches/modules-2/files-2.1/org.apache.geronimo.specs/geronimo-jaspic_1.0_spec/1.0/44b95be7dae1147716dce5336419eafade880756/geronimo-jaspic_1.0_spec-1.0.jar, file:/Users/hpatel/.gradle/caches/modules-2/files-2.1/org.apache.geronimo.specs/geronimo-annotation_1.0_spec/1.1.1/47caa799389f69d297b86bf90523d431599c3796/geronimo-annotation_1.0_spec-1.1.1.jar, file:/Users/hpatel/.gradle/caches/modules-2/files-2.1/asm/asm-commons/3.1/1b607fbfe7889c6fdff1b7c16439ade0a60869ac/asm-commons-3.1.jar, file:/Users/hpatel/.gradle/caches/modules-2/files-2.1/asm/asm-tree/3.1/c9a5d4334ddf194ea492f22107d45119a5c5322f/asm-tree-3.1.jar, file:/Users/hpatel/.gradle/caches/modules-2/files-2.1/commons-lang/commons-lang/2.6/ce1edb914c94ebc388f086c6827e8bdeec71ac2/commons-lang-2.6.jar, file:/Users/hpatel/.gradle/caches/modules-2/files-2.1/org.mortbay.jetty/jetty/6.1.26.cloudera.4/d59325a5ff8ff18f7543bc3fbb9d5efa0c0ff521/jetty-6.1.26.cloudera.4.jar, file:/Users/hpatel/.gradle/caches/modules-2/files-2.1/org.mortbay.jetty/jetty-util/6.1.26.cloudera.4/b8507b7c5d3fd9a3d01775272cbf1a63f530c19d/jetty-util-6.1.26.cloudera.4.jar, file:/Users/hpatel/.gradle/caches/modules-2/files-2.1/net.java.dev.jets3t/jets3t/0.9.0/792bc96ee7e57b89f472aa0cb5a31015b9f59c96/jets3t-0.9.0.jar, file:/Users/hpatel/.gradle/caches/modules-2/files-2.1/com.jamesmurty.utils/java-xmlbuilder/0.4/ac5962e48cdee3a0a6e1f8e00fcb594747ac5aaf/java-xmlbuilder-0.4.jar, file:/Users/hpatel/.gradle/caches/modules-2/files-2.1/com.google.protobuf/protobuf-java/2.5.0/a10732c76bfacdbd633a7eb0f7968b1059a65dfa/protobuf-java-2.5.0.jar, file:/Users/hpatel/.gradle/caches/modules-2/files-2.1/org.apache.hive/hive-exec/0.13.1-cdh5.3.3/4d935274127f47dd9c0875efcf317ba49aef1219/hive-exec-0.13.1-cdh5.3.3.jar, file:/Users/hpatel/.gradle/caches/modules-2/files-2.1/org.apache.hive/hive-ant/0.13.1-cdh5.3.3/86954e92a903253177cd6935798c50a6c32b7b81/hive-ant-0.13.1-cdh5.3.3.jar, file:/Users/hpatel/.gradle/caches/modules-2/files-2.1/org.antlr/antlr-runtime/3.4/8f011408269a8e42b8548687e137d8eeb56df4b4/antlr-runtime-3.4.jar, file:/Users/hpatel/.gradle/caches/modules-2/files-2.1/org.antlr/ST4/4.0.4/467a2aa12be6d0f0f68c70eecf6714ab733027ac/ST4-4.0.4.jar, file:/Users/hpatel/.gradle/caches/modules-2/files-2.1/org.apache.ant/ant/1.9.1/35900c96dbebc85dcfbd71f4661059ebcf93c077/ant-1.9.1.jar, file:/Users/hpatel/.gradle/caches/modules-2/files-2.1/org.codehaus.groovy/groovy-all/2.1.6/165b8246372a829c1915611646f6d964010656cf/groovy-all-2.1.6.jar, file:/Users/hpatel/.gradle/caches/modules-2/files-2.1/stax/stax-api/1.0.1/49c100caf72d658aca8e58bd74a4ba90fa2b0d70/stax-api-1.0.1.jar, file:/Users/hpatel/.gradle/caches/modules-2/files-2.1/org.apache.velocity/velocity/1.5/9f306baf7523ffc0e81a6353d08a584d254133b/velocity-1.5.jar, file:/Users/hpatel/.gradle/caches/modules-2/files-2.1/org.antlr/stringtemplate/3.2.1/59ec8083721eae215c6f3caee944c410d2be34de/stringtemplate-3.2.1.jar, file:/Users/hpatel/.gradle/caches/modules-2/files-2.1/antlr/antlr/2.7.7/83cd2cd674a217ade95a4bb83a8a14f351f48bd0/antlr-2.7.7.jar, file:/Users/hpatel/.gradle/caches/modules-2/files-2.1/org.apache.ant/ant-launcher/1.9.1/7c71043ca185eaada9e36391dd022d92859327de/ant-launcher-1.9.1.jar, file:/Users/hpatel/.gradle/caches/modules-2/files-2.1/oro/oro/2.0.8/5592374f834645c4ae250f4c9fbb314c9369d698/oro-2.0.8.jar, file:/Users/hpatel/.gradle/caches/modules-2/files-2.1/org.codehaus.jackson/jackson-core-asl/1.9.13/3c304d70f42f832e0a86d45bd437f692129299a4/jackson-core-asl-1.9.13.jar, file:/Users/hpatel/.gradle/caches/modules-2/files-2.1/org.codehaus.jackson/jackson-mapper-asl/1.9.13/1ee2f2bed0e5dd29d1cb155a166e6f8d50bbddb7/jackson-mapper-asl-1.9.13.jar, file:/Users/hpatel/.gradle/caches/modules-2/files-2.1/org.slf4j/slf4j-api/1.7.6/562424e36df3d2327e8e9301a76027fca17d54ea/slf4j-api-1.7.6.jar, file:/Users/hpatel/.gradle/caches/modules-2/files-2.1/com.sun.jersey/jersey-server/1.14/b1a21724c9b708ed54d42d41bb19ff45ae1d49d9/jersey-server-1.14.jar, file:/Users/hpatel/.gradle/caches/modules-2/files-2.1/org.apache.httpcomponents/httpclient/4.2.5/666e26e76f2e87d84e4f16acb546481ae1b8e9a6/httpclient-4.2.5.jar, file:/Users/hpatel/.gradle/caches/modules-2/files-2.1/org.apache.zookeeper/zookeeper/3.4.6/1b2502e29da1ebaade2357cd1de35a855fa3755/zookeeper-3.4.6.jar, file:/Users/hpatel/.gradle/caches/modules-2/files-2.1/com.google.guava/guava/16.0.1/5fa98cd1a63c99a44dd8d3b77e4762b066a5d0c5/guava-16.0.1.jar, file:/Users/hpatel/.gradle/caches/modules-2/files-2.1/org.codehaus.jackson/jackson-jaxrs/1.8.8/71b16055388e9bd3991c3c3834e8e55098b789f1/jackson-jaxrs-1.8.8.jar, file:/Users/hpatel/.gradle/caches/modules-2/files-2.1/org.codehaus.jackson/jackson-xc/1.8.8/52efa08bc1e4cfea168f552b9e3088297d9d0926/jackson-xc-1.8.8.jar, file:/Users/hpatel/.gradle/caches/modules-2/files-2.1/org.apache.hive/hive-metastore/0.13.1-cdh5.3.3/ca93686a17f064a5ab6587799721cddd7836e53a/hive-metastore-0.13.1-cdh5.3.3.jar, file:/Users/hpatel/.gradle/caches/modules-2/files-2.1/com.jolbox/bonecp/0.8.0.RELEASE/cec24ee9345b3678472bb1b8fdd6aa6b9428beb8/bonecp-0.8.0.RELEASE.jar, file:/Users/hpatel/.gradle/caches/modules-2/files-2.1/org.apache.derby/derby/10.10.1.1/9f6f910f0373adc1b23c10f9b4bb151b7e7449f/derby-10.10.1.1.jar, file:/Users/hpatel/.gradle/caches/modules-2/files-2.1/javax.jdo/jdo-api/3.0.1/58e7a538e020b73871e232eeb064835fd98a492/jdo-api-3.0.1.jar, file:/Users/hpatel/.gradle/caches/modules-2/files-2.1/javax.transaction/jta/1.1/2ca09f0b36ca7d71b762e14ea2ff09d5eac57558/jta-1.1.jar, file:/Users/hpatel/.gradle/caches/modules-2/files-2.1/org.apache.thrift/libthrift/0.9.0/9ba8df332b5db95ce7f3b7a83e44d796c3d014d3/libthrift-0.9.0.jar, file:/Users/hpatel/.gradle/caches/modules-2/files-2.1/org.apache.httpcomponents/httpcore/4.2.4/3b7f38df6de5dd8b500e602ae8c2dd5ee446f883/httpcore-4.2.4.jar, file:/Users/hpatel/.gradle/caches/modules-2/files-2.1/com.sun.jersey/jersey-core/1.14/693061de8b9b352b11e997b1dd4052677778852d/jersey-core-1.14.jar, file:/Users/hpatel/.gradle/caches/modules-2/files-2.1/commons-codec/commons-codec/1.6/b7f0fc8f61ecadeb3695f0b9464755eee44374d4/commons-codec-1.6.jar, file:/Users/hpatel/.gradle/caches/modules-2/files-2.1/io.netty/netty/3.7.0.Final/7a8c35599c68c0bf383df74469aa3e03d9aca87/netty-3.7.0.Final.jar]
15/09/06 13:13:56 INFO ExecReducer: thread classpath = [file:/Users/hpatel/.gradle/caches/2.1/workerMain/gradle-worker.jar, file:/Users/hpatel/Tech/Projects/CAT/ddsw_dev/hive-test/build/classes/test/, file:/Users/hpatel/Tech/Projects/CAT/ddsw_dev/hive-test/build/resources/test/, file:/Users/hpatel/Tech/Projects/CAT/ddsw_dev/hive-test/build/classes/main/, file:/Users/hpatel/Tech/Projects/CAT/ddsw_dev/hive-test/build/resources/main, file:/Users/hpatel/.gradle/caches/modules-2/files-2.1/junit/junit/4.11/4e031bb61df09069aeb2bffb4019e7a5034a4ee0/junit-4.11.jar, file:/Users/hpatel/.gradle/caches/modules-2/files-2.1/com.klarna/hiverunner/1.0.0/e26bb0655fff4d88fab91f331793d9fc1db392cc/HiveRunner-1.0.0.jar, file:/Users/hpatel/Tech/Projects/CAT/ddsw_dev/custom-cat-udfs/build/libs/custom-cat-udfs-0.1.38-SNAPSHOT.jar, file:/Users/hpatel/.gradle/caches/modules-2/files-2.1/org.apache.hadoop/hadoop-client/2.5.0-cdh5.3.3/ec3cd6a8cb043e73a42918934c5d3a3f2747c78b/hadoop-client-2.5.0-cdh5.3.3.jar, file:/Users/hpatel/.gradle/caches/modules-2/files-2.1/org.hsqldb/hsqldb/2.3.1/bd7153caa30958e1c64a3dd38b93e5a7442d9a0e/hsqldb-2.3.1.jar, file:/Users/hpatel/.gradle/caches/modules-2/files-2.1/org.apache.hadoop/hadoop-core/2.5.0-mr1-cdh5.3.3/f6f4a77f818757da51ae0244310855779c04c4be/hadoop-core-2.5.0-mr1-cdh5.3.3.jar, file:/Users/hpatel/.gradle/caches/modules-2/files-2.1/org.reflections/reflections/0.9.8/f723abb59bf512952bfc503838f70f81487a6993/reflections-0.9.8.jar, file:/Users/hpatel/.gradle/caches/modules-2/files-2.1/org.mockito/mockito-core/1.10.19/e8546f5bef4e061d8dd73895b4e8f40e3fe6effe/mockito-core-1.10.19.jar, file:/Users/hpatel/.gradle/caches/modules-2/files-2.1/org.hamcrest/hamcrest-core/1.3/42a25dc3219429f0e5d060061f71acb49bf010a0/hamcrest-core-1.3.jar, file:/Users/hpatel/.gradle/caches/modules-2/files-2.1/org.pentaho/pentaho-aggdesigner-algorithm/5.1.5-jhyde/c52379c645c6c85300e645dff7c72653bf85baa2/pentaho-aggdesigner-algorithm-5.1.5-jhyde.jar, file:/Users/hpatel/.gradle/caches/modules-2/files-2.1/org.apache.hive/hive-serde/0.13.1-cdh5.3.3/9cee47c844d726e9bcef6ab292e1319b7fbddaa3/hive-serde-0.13.1-cdh5.3.3.jar, file:/Users/hpatel/.gradle/caches/modules-2/files-2.1/org.apache.hadoop/hadoop-common/2.5.0-cdh5.3.3/f0862eb1dc33c1807ea29a248af75551e3c6836a/hadoop-common-2.5.0-cdh5.3.3.jar, file:/Users/hpatel/.gradle/caches/modules-2/files-2.1/org.apache.hive/hive-contrib/0.13.1-cdh5.3.3/bf89b429c9b173ac275dc0c1623f5c30e780ee98/hive-contrib-0.13.1-cdh5.3.3.jar, file:/Users/hpatel/.gradle/caches/modules-2/files-2.1/org.datanucleus/datanucleus-core/3.2.12/3212183bb5a2826cd5ff194b9a54619dd0bdf31f/datanucleus-core-3.2.12.jar, file:/Users/hpatel/.gradle/caches/modules-2/files-2.1/org.datanucleus/datanucleus-rdbms/3.2.11/5b053144c89fdff1505b853aa7f1e5ba7657da75/datanucleus-rdbms-3.2.11.jar, file:/Users/hpatel/.gradle/caches/modules-2/files-2.1/org.datanucleus/datanucleus-api-jdo/3.2.8/efc60221fbc91e95cf5758b98c6c5531660696cb/datanucleus-api-jdo-3.2.8.jar, file:/Users/hpatel/.gradle/caches/modules-2/files-2.1/org.apache.hive/hive-shims/0.13.1-cdh5.3.3/47b029532c0b9d45526dcdd858823e6f9634ab81/hive-shims-0.13.1-cdh5.3.3.jar, file:/Users/hpatel/.gradle/caches/modules-2/files-2.1/org.apache.commons/commons-lang3/3.3.1/6738a2da2202ce360f0af90aba005c1e05a2c4cd/commons-lang3-3.3.1.jar, file:/Users/hpatel/.gradle/caches/modules-2/files-2.1/joda-time/joda-time/2.3/56498efd17752898cfcc3868c1b6211a07b12b8f/joda-time-2.3.jar, file:/Users/hpatel/.gradle/caches/modules-2/files-2.1/org.apache.hadoop/hadoop-hdfs/2.5.0-cdh5.3.3/5dd5e2be13d89a9eaab89d3a33bcdf6677671aa9/hadoop-hdfs-2.5.0-cdh5.3.3.jar, file:/Users/hpatel/.gradle/caches/modules-2/files-2.1/org.apache.hadoop/hadoop-mapreduce-client-app/2.5.0-cdh5.3.3/579948f8fa6d9d72bf507bd021fa3dcc0670e95f/hadoop-mapreduce-client-app-2.5.0-cdh5.3.3.jar, file:/Users/hpatel/.gradle/caches/modules-2/files-2.1/org.apache.hadoop/hadoop-yarn-api/2.5.0-cdh5.3.3/a6d9b4b7cbcacd000350a3e33c70269101b5fc79/hadoop-yarn-api-2.5.0-cdh5.3.3.jar, file:/Users/hpatel/.gradle/caches/modules-2/files-2.1/org.apache.hadoop/hadoop-mapreduce-client-core/2.5.0-cdh5.3.3/f2c8eaa2b8a5839a7781f04cf59c4d1abfefec9e/hadoop-mapreduce-client-core-2.5.0-cdh5.3.3.jar, file:/Users/hpatel/.gradle/caches/modules-2/files-2.1/org.apache.hadoop/hadoop-mapreduce-client-jobclient/2.5.0-cdh5.3.3/f8baecab9a91245a97e29e4867a7f5ae128ef8a9/hadoop-mapreduce-client-jobclient-2.5.0-cdh5.3.3.jar, file:/Users/hpatel/.gradle/caches/modules-2/files-2.1/org.apache.hadoop/hadoop-aws/2.5.0-cdh5.3.3/f712d9cf59c859914254bed5c87ee4e5a2204e78/hadoop-aws-2.5.0-cdh5.3.3.jar, file:/Users/hpatel/.gradle/caches/modules-2/files-2.1/org.apache.hadoop/hadoop-annotations/2.5.0-cdh5.3.3/e3b40743127d82ff7a6f263d00419368a46ce608/hadoop-annotations-2.5.0-cdh5.3.3.jar, file:/Users/hpatel/.gradle/caches/modules-2/files-2.1/commons-collections/commons-collections/3.2.1/761ea405b9b37ced573d2df0d1e3a4e0f9edc668/commons-collections-3.2.1.jar, file:/Users/hpatel/.gradle/caches/modules-2/files-2.1/commons-configuration/commons-configuration/1.6/32cadde23955d7681b0d94a2715846d20b425235/commons-configuration-1.6.jar, file:/Users/hpatel/.gradle/caches/modules-2/files-2.1/jline/jline/0.9.94/99a18e9a44834afdebc467294e1138364c207402/jline-0.9.94.jar, file:/Users/hpatel/.gradle/caches/modules-2/files-2.1/commons-cli/commons-cli/1.2/2bf96b7aa8b611c177d329452af1dc933e14501c/commons-cli-1.2.jar, file:/Users/hpatel/.gradle/caches/modules-2/files-2.1/xmlenc/xmlenc/0.52/d82554efbe65906d83b3d97bd7509289e9db561a/xmlenc-0.52.jar, file:/Users/hpatel/.gradle/caches/modules-2/files-2.1/commons-httpclient/commons-httpclient/3.1/964cd74171f427720480efdec40a7c7f6e58426a/commons-httpclient-3.1.jar, file:/Users/hpatel/.gradle/caches/modules-2/files-2.1/commons-net/commons-net/3.1/2298164a7c2484406f2aa5ac85b205d39019896f/commons-net-3.1.jar, file:/Users/hpatel/.gradle/caches/modules-2/files-2.1/tomcat/jasper-runtime/5.5.23/96ca5528a93ab47b001476b74320c644beb89dde/jasper-runtime-5.5.23.jar, file:/Users/hpatel/.gradle/caches/modules-2/files-2.1/tomcat/jasper-compiler/5.5.23/6d35bd7fb8c4fbc1f5401fb3678aa976d2e4c241/jasper-compiler-5.5.23.jar, file:/Users/hpatel/.gradle/caches/modules-2/files-2.1/javax.servlet.jsp/jsp-api/2.1/63f943103f250ef1f3a4d5e94d145a0f961f5316/jsp-api-2.1.jar, file:/Users/hpatel/.gradle/caches/modules-2/files-2.1/commons-el/commons-el/1.0/1df2c042b3f2de0124750241ac6c886dbfa2cc2c/commons-el-1.0.jar, file:/Users/hpatel/.gradle/caches/modules-2/files-2.1/javax.servlet/servlet-api/2.5/5959582d97d8b61f4d154ca9e495aafd16726e34/servlet-api-2.5.jar, file:/Users/hpatel/.gradle/caches/modules-2/files-2.1/hsqldb/hsqldb/1.8.0.10/7e9978fdb754bce5fcd5161133e7734ecb683036/hsqldb-1.8.0.10.jar, file:/Users/hpatel/.gradle/caches/modules-2/files-2.1/org.eclipse.jdt/core/3.1.1/88c83ce444cf46d02494da37c9fa1eebc9ce9cea/core-3.1.1.jar, file:/Users/hpatel/.gradle/caches/modules-2/files-2.1/javassist/javassist/3.12.1.GA/526633327faa61aee448a519e8a4d53ec3057885/javassist-3.12.1.GA.jar, file:/Users/hpatel/.gradle/caches/modules-2/files-2.1/dom4j/dom4j/1.6.1/5d3ccc056b6f056dbf0dddfdf43894b9065a8f94/dom4j-1.6.1.jar, file:/Users/hpatel/.gradle/caches/modules-2/files-2.1/org.objenesis/objenesis/2.1/87c0ea803b69252868d09308b4618f766f135a96/objenesis-2.1.jar, file:/Users/hpatel/.gradle/caches/modules-2/files-2.1/commons-logging/commons-logging/1.1.3/f6f66e966c70a83ffbdb6f17a0919eaf7c8aca7f/commons-logging-1.1.3.jar, file:/Users/hpatel/.gradle/caches/modules-2/files-2.1/org.apache.hive/hive-common/0.13.1-cdh5.3.3/e3fbf24d30a553c50ae4d4eed23f81b0e1211c5a/hive-common-0.13.1-cdh5.3.3.jar, file:/Users/hpatel/.gradle/caches/modules-2/files-2.1/org.apache.avro/avro/1.7.6-cdh5.3.3/6d90271293977d199ed07002bf35e2805405cc64/avro-1.7.6-cdh5.3.3.jar, file:/Users/hpatel/.gradle/caches/modules-2/files-2.1/net.sf.opencsv/opencsv/2.3/c23708cdb9e80a144db433e23344a788a1fd6599/opencsv-2.3.jar, file:/Users/hpatel/.gradle/caches/modules-2/files-2.1/com.sun.jersey/jersey-servlet/1.14/4b87041a59ee152757b62e47a21d5b63fde20ffe/jersey-servlet-1.14.jar, file:/Users/hpatel/.gradle/caches/modules-2/files-2.1/org.slf4j/slf4j-log4j12/1.7.5/6edffc576ce104ec769d954618764f39f0f0f10d/slf4j-log4j12-1.7.5.jar, file:/Users/hpatel/.gradle/caches/modules-2/files-2.1/org.apache.commons/commons-math3/3.1.1/6719d757a98ff24a83d9d727bef9cec83f59b6e1/commons-math3-3.1.1.jar, file:/Users/hpatel/.gradle/caches/modules-2/files-2.1/commons-io/commons-io/2.4/b1b6ea3b7e4aa4f492509a4952029cd8e48019ad/commons-io-2.4.jar, file:/Users/hpatel/.gradle/caches/modules-2/files-2.1/com.sun.jersey/jersey-json/1.9/1aa73e1896bcc7013fed247157d7f676226eb432/jersey-json-1.9.jar, file:/Users/hpatel/.gradle/caches/modules-2/files-2.1/log4j/log4j/1.2.17/5af35056b4d257e4b64b9e8069c0746e8b08629f/log4j-1.2.17.jar, file:/Users/hpatel/.gradle/caches/modules-2/files-2.1/com.google.code.gson/gson/2.2.4/a60a5e993c98c864010053cb901b7eab25306568/gson-2.2.4.jar, file:/Users/hpatel/.gradle/caches/modules-2/files-2.1/org.apache.hadoop/hadoop-auth/2.5.0-cdh5.3.3/847eb288da72acfdd7d202da5149dec6cd20ceba/hadoop-auth-2.5.0-cdh5.3.3.jar, file:/Users/hpatel/.gradle/caches/modules-2/files-2.1/com.jcraft/jsch/0.1.42/a86104b0f2e0c0bab5b0df836065823a99b5e334/jsch-0.1.42.jar, file:/Users/hpatel/.gradle/caches/modules-2/files-2.1/org.apache.curator/curator-client/2.6.0/b9007c357ad1a78066fc6004e8b1feaa2318f6f3/curator-client-2.6.0.jar, file:/Users/hpatel/.gradle/caches/modules-2/files-2.1/org.apache.curator/curator-recipes/2.6.0/8736b0fc42e6bf006d585fe85c90aaa4ade5cbef/curator-recipes-2.6.0.jar, file:/Users/hpatel/.gradle/caches/modules-2/files-2.1/com.google.code.findbugs/jsr305/1.3.9/40719ea6961c0cb6afaeb6a921eaa1f6afd4cfdf/jsr305-1.3.9.jar, file:/Users/hpatel/.gradle/caches/modules-2/files-2.1/org.apache.commons/commons-compress/1.4.1/b02e84a993d88568417536240e970c4b809126fd/commons-compress-1.4.1.jar, file:/Users/hpatel/.gradle/caches/modules-2/files-2.1/org.apache.hive.shims/hive-shims-common/0.13.1-cdh5.3.3/3d9e5245018fbde18f52c4ab25fc35afdec2fc0a/hive-shims-common-0.13.1-cdh5.3.3.jar, file:/Users/hpatel/.gradle/caches/modules-2/files-2.1/org.apache.hive.shims/hive-shims-common-secure/0.13.1-cdh5.3.3/6b29a16b2a41b89bdbbc681c257ad7f766a90bcb/hive-shims-common-secure-0.13.1-cdh5.3.3.jar, file:/Users/hpatel/.gradle/caches/modules-2/files-2.1/org.apache.hive.shims/hive-shims-0.23/0.13.1-cdh5.3.3/7ab834955a767af200d1d9151c204751637d9ca9/hive-shims-0.23-0.13.1-cdh5.3.3.jar, file:/Users/hpatel/.gradle/caches/modules-2/files-2.1/org.apache.hive.shims/hive-shims-scheduler/0.13.1-cdh5.3.3/b6644420b74f936a838f7f3fd2fa19c19add0449/hive-shims-scheduler-0.13.1-cdh5.3.3.jar, file:/Users/hpatel/.gradle/caches/modules-2/files-2.1/org.apache.hadoop/hadoop-mapreduce-client-common/2.5.0-cdh5.3.3/f0d777bb76ca9f540c0c81a45934f0f5cf9975b8/hadoop-mapreduce-client-common-2.5.0-cdh5.3.3.jar, file:/Users/hpatel/.gradle/caches/modules-2/files-2.1/org.apache.hadoop/hadoop-mapreduce-client-shuffle/2.5.0-cdh5.3.3/b6c4316f6fcc406edf7e5bd77c50e46034ad5519/hadoop-mapreduce-client-shuffle-2.5.0-cdh5.3.3.jar, file:/Users/hpatel/.gradle/caches/modules-2/files-2.1/org.apache.hadoop/hadoop-yarn-common/2.5.0-cdh5.3.3/9499713b674eae1aa714fcd0e95e0d09daaf3824/hadoop-yarn-common-2.5.0-cdh5.3.3.jar, file:/Users/hpatel/.gradle/caches/modules-2/files-2.1/com.fasterxml.jackson.core/jackson-databind/2.2.3/3ae380888029daefb91d3ecdca3a37d8cb92bc9/jackson-databind-2.2.3.jar, file:/Users/hpatel/.gradle/caches/modules-2/files-2.1/com.fasterxml.jackson.core/jackson-annotations/2.2.3/527fece4f23a457070a36c371a26d6c0208e1c3/jackson-annotations-2.2.3.jar, file:/Users/hpatel/.gradle/caches/modules-2/files-2.1/com.amazonaws/aws-java-sdk/1.7.4/2c24ccb6f1ab845a7df971951d4b41c709a6517d/aws-java-sdk-1.7.4.jar, file:/Users/hpatel/.gradle/caches/modules-2/files-2.1/commons-digester/commons-digester/1.8/dc6a73fdbd1fa3f0944e8497c6c872fa21dca37e/commons-digester-1.8.jar, file:/Users/hpatel/.gradle/caches/modules-2/files-2.1/commons-beanutils/commons-beanutils-core/1.8.0/175dc721f87e4bc5cc0573f990e28c3cf9117508/commons-beanutils-core-1.8.0.jar, file:/Users/hpatel/.gradle/caches/modules-2/files-2.1/xml-apis/xml-apis/1.0.b2/3136ca936f64c9d68529f048c2618bd356bf85c9/xml-apis-1.0.b2.jar, file:/Users/hpatel/.gradle/caches/modules-2/files-2.1/com.thoughtworks.paranamer/paranamer/2.3/4a85963a752c0a2f715c3924bfc686865e7e1bc6/paranamer-2.3.jar, file:/Users/hpatel/.gradle/caches/modules-2/files-2.1/org.xerial.snappy/snappy-java/1.0.5/10cb4550360a0ec6b80f09a5209d00b6058e82bf/snappy-java-1.0.5.jar, file:/Users/hpatel/.gradle/caches/modules-2/files-2.1/org.codehaus.jettison/jettison/1.1/1a01a2a1218fcf9faa2cc2a6ced025bdea687262/jettison-1.1.jar, file:/Users/hpatel/.gradle/caches/modules-2/files-2.1/com.sun.xml.bind/jaxb-impl/2.2.3-1/56baae106392040a45a06d4a41099173425da1e6/jaxb-impl-2.2.3-1.jar, file:/Users/hpatel/.gradle/caches/modules-2/files-2.1/org.apache.directory.server/apacheds-kerberos-codec/2.0.0-M15/1c16e4e477183641c5f0dd5cdecd27ec331bacb5/apacheds-kerberos-codec-2.0.0-M15.jar, file:/Users/hpatel/.gradle/caches/modules-2/files-2.1/org.apache.curator/curator-framework/2.6.0/81a699c39d127b5b4ff97cc77da7650b53e5b5ed/curator-framework-2.6.0.jar, file:/Users/hpatel/.gradle/caches/modules-2/files-2.1/org.tukaani/xz/1.0/ecff5cb8b1189514c9d1d8d68eb77ac372e000c9/xz-1.0.jar, file:/Users/hpatel/.gradle/caches/modules-2/files-2.1/org.apache.hadoop/hadoop-yarn-client/2.5.0-cdh5.3.3/2d2ce5d0138d02b20aefcfc1ee8dd6f691911f63/hadoop-yarn-client-2.5.0-cdh5.3.3.jar, file:/Users/hpatel/.gradle/caches/modules-2/files-2.1/org.apache.hadoop/hadoop-yarn-server-common/2.5.0-cdh5.3.3/d099fcc19f56d477fa6b5b47ae4e06bb97538778/hadoop-yarn-server-common-2.5.0-cdh5.3.3.jar, file:/Users/hpatel/.gradle/caches/modules-2/files-2.1/org.apache.hadoop/hadoop-yarn-server-nodemanager/2.5.0-cdh5.3.3/278b2d7a6454ce57a94ab02a88c0b188afc8facc/hadoop-yarn-server-nodemanager-2.5.0-cdh5.3.3.jar, file:/Users/hpatel/.gradle/caches/modules-2/files-2.1/org.fusesource.leveldbjni/leveldbjni-all/1.8/707350a2eeb1fa2ed77a32ddb3893ed308e941db/leveldbjni-all-1.8.jar, file:/Users/hpatel/.gradle/caches/modules-2/files-2.1/javax.xml.bind/jaxb-api/2.2.2/aeb3021ca93dde265796d82015beecdcff95bf09/jaxb-api-2.2.2.jar, file:/Users/hpatel/.gradle/caches/modules-2/files-2.1/com.google.inject/guice/3.0/9d84f15fe35e2c716a02979fb62f50a29f38aefa/guice-3.0.jar, file:/Users/hpatel/.gradle/caches/modules-2/files-2.1/com.sun.jersey.contribs/jersey-guice/1.9/5963c28c47df7e5d6ad34cec80c071c368777f7b/jersey-guice-1.9.jar, file:/Users/hpatel/.gradle/caches/modules-2/files-2.1/com.fasterxml.jackson.core/jackson-core/2.2.3/1a0113da2cab5f4c216b4e5e7c1dbfaa67087e14/jackson-core-2.2.3.jar, file:/Users/hpatel/.gradle/caches/modules-2/files-2.1/commons-beanutils/commons-beanutils/1.7.0/5675fd96b29656504b86029551973d60fb41339b/commons-beanutils-1.7.0.jar, file:/Users/hpatel/.gradle/caches/modules-2/files-2.1/org.apache.directory.server/apacheds-i18n/2.0.0-M15/71c61c84683152ec2a6a65f3f96fe534e304fa22/apacheds-i18n-2.0.0-M15.jar, file:/Users/hpatel/.gradle/caches/modules-2/files-2.1/org.apache.directory.api/api-asn1-api/1.0.0-M20/5e6486ffa3125ba44dc410ead166e1d6ba8ac76d/api-asn1-api-1.0.0-M20.jar, file:/Users/hpatel/.gradle/caches/modules-2/files-2.1/org.apache.directory.api/api-util/1.0.0-M20/a871abf060b3cf83fc6dc4d7e3d151fce50ac3cb/api-util-1.0.0-M20.jar, file:/Users/hpatel/.gradle/caches/modules-2/files-2.1/com.sun.jersey/jersey-client/1.9/d3c4b2b5f89db32c96ceddcb863684821910a7bb/jersey-client-1.9.jar, file:/Users/hpatel/.gradle/caches/modules-2/files-2.1/javax.xml.stream/stax-api/1.0-2/d6337b0de8b25e53e81b922352fbea9f9f57ba0b/stax-api-1.0-2.jar, file:/Users/hpatel/.gradle/caches/modules-2/files-2.1/javax.activation/activation/1.1/e6cb541461c2834bdea3eb920f1884d1eb508b50/activation-1.1.jar, file:/Users/hpatel/.gradle/caches/modules-2/files-2.1/javax.inject/javax.inject/1/6975da39a7040257bd51d21a231b76c915872d38/javax.inject-1.jar, file:/Users/hpatel/.gradle/caches/modules-2/files-2.1/aopalliance/aopalliance/1.0/235ba8b489512805ac13a8f9ea77a1ca5ebe3e8/aopalliance-1.0.jar, file:/Users/hpatel/.gradle/caches/modules-2/files-2.1/org.sonatype.sisu.inject/cglib/2.2.1-v20090111/7ce5e983fd0e6c78346f4c9cbfa39d83049dda2/cglib-2.2.1-v20090111.jar, file:/Users/hpatel/.gradle/caches/modules-2/files-2.1/asm/asm/3.1/c157def142714c544bdea2e6144645702adf7097/asm-3.1.jar, file:/Users/hpatel/.gradle/caches/modules-2/files-2.1/org.apache.hive/hive-service/0.13.1-cdh5.3.3/c7979b4213bfb62823d43ba726e0fea58032dd1e/hive-service-0.13.1-cdh5.3.3.jar, file:/Users/hpatel/.gradle/caches/modules-2/files-2.1/net.sf.jpam/jpam/1.1/cb3d91c2dfda767518a371dbb02edfd6a4aa0600/jpam-1.1.jar, file:/Users/hpatel/.gradle/caches/modules-2/files-2.1/org.eclipse.jetty.aggregate/jetty-all/7.6.0.v20120127/47bb68e3837e5c6422138dd1e0d4d75c60dce87a/jetty-all-7.6.0.v20120127.jar, file:/Users/hpatel/.gradle/caches/modules-2/files-2.1/org.apache.thrift/libfb303/0.9.0/639bd69767fdbd7f658ce8233248fe1cea635164/libfb303-0.9.0.jar, file:/Users/hpatel/.gradle/caches/modules-2/files-2.1/org.apache.geronimo.specs/geronimo-jta_1.1_spec/1.1.1/aabab3165b8ea936b9360abbf448459c0d04a5a4/geronimo-jta_1.1_spec-1.1.1.jar, file:/Users/hpatel/.gradle/caches/modules-2/files-2.1/javax.mail/mail/1.4.1/8b7bc69010655425dabf091b51d1e90b4de36715/mail-1.4.1.jar, file:/Users/hpatel/.gradle/caches/modules-2/files-2.1/org.apache.geronimo.specs/geronimo-jaspic_1.0_spec/1.0/44b95be7dae1147716dce5336419eafade880756/geronimo-jaspic_1.0_spec-1.0.jar, file:/Users/hpatel/.gradle/caches/modules-2/files-2.1/org.apache.geronimo.specs/geronimo-annotation_1.0_spec/1.1.1/47caa799389f69d297b86bf90523d431599c3796/geronimo-annotation_1.0_spec-1.1.1.jar, file:/Users/hpatel/.gradle/caches/modules-2/files-2.1/asm/asm-commons/3.1/1b607fbfe7889c6fdff1b7c16439ade0a60869ac/asm-commons-3.1.jar, file:/Users/hpatel/.gradle/caches/modules-2/files-2.1/asm/asm-tree/3.1/c9a5d4334ddf194ea492f22107d45119a5c5322f/asm-tree-3.1.jar, file:/Users/hpatel/.gradle/caches/modules-2/files-2.1/commons-lang/commons-lang/2.6/ce1edb914c94ebc388f086c6827e8bdeec71ac2/commons-lang-2.6.jar, file:/Users/hpatel/.gradle/caches/modules-2/files-2.1/org.mortbay.jetty/jetty/6.1.26.cloudera.4/d59325a5ff8ff18f7543bc3fbb9d5efa0c0ff521/jetty-6.1.26.cloudera.4.jar, file:/Users/hpatel/.gradle/caches/modules-2/files-2.1/org.mortbay.jetty/jetty-util/6.1.26.cloudera.4/b8507b7c5d3fd9a3d01775272cbf1a63f530c19d/jetty-util-6.1.26.cloudera.4.jar, file:/Users/hpatel/.gradle/caches/modules-2/files-2.1/net.java.dev.jets3t/jets3t/0.9.0/792bc96ee7e57b89f472aa0cb5a31015b9f59c96/jets3t-0.9.0.jar, file:/Users/hpatel/.gradle/caches/modules-2/files-2.1/com.jamesmurty.utils/java-xmlbuilder/0.4/ac5962e48cdee3a0a6e1f8e00fcb594747ac5aaf/java-xmlbuilder-0.4.jar, file:/Users/hpatel/.gradle/caches/modules-2/files-2.1/com.google.protobuf/protobuf-java/2.5.0/a10732c76bfacdbd633a7eb0f7968b1059a65dfa/protobuf-java-2.5.0.jar, file:/Users/hpatel/.gradle/caches/modules-2/files-2.1/org.apache.hive/hive-exec/0.13.1-cdh5.3.3/4d935274127f47dd9c0875efcf317ba49aef1219/hive-exec-0.13.1-cdh5.3.3.jar, file:/Users/hpatel/.gradle/caches/modules-2/files-2.1/org.apache.hive/hive-ant/0.13.1-cdh5.3.3/86954e92a903253177cd6935798c50a6c32b7b81/hive-ant-0.13.1-cdh5.3.3.jar, file:/Users/hpatel/.gradle/caches/modules-2/files-2.1/org.antlr/antlr-runtime/3.4/8f011408269a8e42b8548687e137d8eeb56df4b4/antlr-runtime-3.4.jar, file:/Users/hpatel/.gradle/caches/modules-2/files-2.1/org.antlr/ST4/4.0.4/467a2aa12be6d0f0f68c70eecf6714ab733027ac/ST4-4.0.4.jar, file:/Users/hpatel/.gradle/caches/modules-2/files-2.1/org.apache.ant/ant/1.9.1/35900c96dbebc85dcfbd71f4661059ebcf93c077/ant-1.9.1.jar, file:/Users/hpatel/.gradle/caches/modules-2/files-2.1/org.codehaus.groovy/groovy-all/2.1.6/165b8246372a829c1915611646f6d964010656cf/groovy-all-2.1.6.jar, file:/Users/hpatel/.gradle/caches/modules-2/files-2.1/stax/stax-api/1.0.1/49c100caf72d658aca8e58bd74a4ba90fa2b0d70/stax-api-1.0.1.jar, file:/Users/hpatel/.gradle/caches/modules-2/files-2.1/org.apache.velocity/velocity/1.5/9f306baf7523ffc0e81a6353d08a584d254133b/velocity-1.5.jar, file:/Users/hpatel/.gradle/caches/modules-2/files-2.1/org.antlr/stringtemplate/3.2.1/59ec8083721eae215c6f3caee944c410d2be34de/stringtemplate-3.2.1.jar, file:/Users/hpatel/.gradle/caches/modules-2/files-2.1/antlr/antlr/2.7.7/83cd2cd674a217ade95a4bb83a8a14f351f48bd0/antlr-2.7.7.jar, file:/Users/hpatel/.gradle/caches/modules-2/files-2.1/org.apache.ant/ant-launcher/1.9.1/7c71043ca185eaada9e36391dd022d92859327de/ant-launcher-1.9.1.jar, file:/Users/hpatel/.gradle/caches/modules-2/files-2.1/oro/oro/2.0.8/5592374f834645c4ae250f4c9fbb314c9369d698/oro-2.0.8.jar, file:/Users/hpatel/.gradle/caches/modules-2/files-2.1/org.codehaus.jackson/jackson-core-asl/1.9.13/3c304d70f42f832e0a86d45bd437f692129299a4/jackson-core-asl-1.9.13.jar, file:/Users/hpatel/.gradle/caches/modules-2/files-2.1/org.codehaus.jackson/jackson-mapper-asl/1.9.13/1ee2f2bed0e5dd29d1cb155a166e6f8d50bbddb7/jackson-mapper-asl-1.9.13.jar, file:/Users/hpatel/.gradle/caches/modules-2/files-2.1/org.slf4j/slf4j-api/1.7.6/562424e36df3d2327e8e9301a76027fca17d54ea/slf4j-api-1.7.6.jar, file:/Users/hpatel/.gradle/caches/modules-2/files-2.1/com.sun.jersey/jersey-server/1.14/b1a21724c9b708ed54d42d41bb19ff45ae1d49d9/jersey-server-1.14.jar, file:/Users/hpatel/.gradle/caches/modules-2/files-2.1/org.apache.httpcomponents/httpclient/4.2.5/666e26e76f2e87d84e4f16acb546481ae1b8e9a6/httpclient-4.2.5.jar, file:/Users/hpatel/.gradle/caches/modules-2/files-2.1/org.apache.zookeeper/zookeeper/3.4.6/1b2502e29da1ebaade2357cd1de35a855fa3755/zookeeper-3.4.6.jar, file:/Users/hpatel/.gradle/caches/modules-2/files-2.1/com.google.guava/guava/16.0.1/5fa98cd1a63c99a44dd8d3b77e4762b066a5d0c5/guava-16.0.1.jar, file:/Users/hpatel/.gradle/caches/modules-2/files-2.1/org.codehaus.jackson/jackson-jaxrs/1.8.8/71b16055388e9bd3991c3c3834e8e55098b789f1/jackson-jaxrs-1.8.8.jar, file:/Users/hpatel/.gradle/caches/modules-2/files-2.1/org.codehaus.jackson/jackson-xc/1.8.8/52efa08bc1e4cfea168f552b9e3088297d9d0926/jackson-xc-1.8.8.jar, file:/Users/hpatel/.gradle/caches/modules-2/files-2.1/org.apache.hive/hive-metastore/0.13.1-cdh5.3.3/ca93686a17f064a5ab6587799721cddd7836e53a/hive-metastore-0.13.1-cdh5.3.3.jar, file:/Users/hpatel/.gradle/caches/modules-2/files-2.1/com.jolbox/bonecp/0.8.0.RELEASE/cec24ee9345b3678472bb1b8fdd6aa6b9428beb8/bonecp-0.8.0.RELEASE.jar, file:/Users/hpatel/.gradle/caches/modules-2/files-2.1/org.apache.derby/derby/10.10.1.1/9f6f910f0373adc1b23c10f9b4bb151b7e7449f/derby-10.10.1.1.jar, file:/Users/hpatel/.gradle/caches/modules-2/files-2.1/javax.jdo/jdo-api/3.0.1/58e7a538e020b73871e232eeb064835fd98a492/jdo-api-3.0.1.jar, file:/Users/hpatel/.gradle/caches/modules-2/files-2.1/javax.transaction/jta/1.1/2ca09f0b36ca7d71b762e14ea2ff09d5eac57558/jta-1.1.jar, file:/Users/hpatel/.gradle/caches/modules-2/files-2.1/org.apache.thrift/libthrift/0.9.0/9ba8df332b5db95ce7f3b7a83e44d796c3d014d3/libthrift-0.9.0.jar, file:/Users/hpatel/.gradle/caches/modules-2/files-2.1/org.apache.httpcomponents/httpcore/4.2.4/3b7f38df6de5dd8b500e602ae8c2dd5ee446f883/httpcore-4.2.4.jar, file:/Users/hpatel/.gradle/caches/modules-2/files-2.1/com.sun.jersey/jersey-core/1.14/693061de8b9b352b11e997b1dd4052677778852d/jersey-core-1.14.jar, file:/Users/hpatel/.gradle/caches/modules-2/files-2.1/commons-codec/commons-codec/1.6/b7f0fc8f61ecadeb3695f0b9464755eee44374d4/commons-codec-1.6.jar, file:/Users/hpatel/.gradle/caches/modules-2/files-2.1/io.netty/netty/3.7.0.Final/7a8c35599c68c0bf383df74469aa3e03d9aca87/netty-3.7.0.Final.jar]
15/09/06 13:13:56 INFO mr.ObjectCache: Ignoring retrieval request: __REDUCE_PLAN__
15/09/06 13:13:56 INFO log.PerfLogger: <PERFLOG method=deserializePlan from=org.apache.hadoop.hive.ql.exec.Utilities>
15/09/06 13:13:56 INFO exec.Utilities: Deserializing ReduceWork via kryo
15/09/06 13:13:56 INFO log.PerfLogger: </PERFLOG method=deserializePlan start=1441563236752 end=1441563236759 duration=7 from=org.apache.hadoop.hive.ql.exec.Utilities>
15/09/06 13:13:56 INFO mr.ObjectCache: Ignoring cache key: __REDUCE_PLAN__
15/09/06 13:13:56 INFO ExecReducer: 
<EX>Id =204
  <Children>
    <FS>Id =205
      <Children>
      <\Children>
      <Parent>Id = 204 null<\Parent>
    <\FS>
  <\Children>
  <Parent><\Parent>
<\EX>
15/09/06 13:13:56 INFO exec.ExtractOperator: Initializing Self 204 EX
15/09/06 13:13:56 INFO exec.ExtractOperator: Operator 204 EX initialized
15/09/06 13:13:56 INFO exec.ExtractOperator: Initializing children of 204 EX
15/09/06 13:13:56 INFO exec.FileSinkOperator: Initializing child 205 FS
15/09/06 13:13:56 INFO exec.FileSinkOperator: Initializing Self 205 FS
15/09/06 13:13:56 INFO avro.AvroSerDe: Avro schema is {"type":"record","name":"DEALER_HIERARCHY_CORE","doc":"Sqoop import of DEALER_HIERARCHY","fields":[{"name":"File_Name","type":["string","null"],"columnName":"File_Name"},{"name":"GEN_ID","type":["string","null"],"columnName":"GEN_ID"},{"name":"DMS_SYSTEM","type":["string","null"],"columnName":"DMS_SYSTEM"},{"name":"DMS_VERSION","type":["string","null"],"columnName":"DMS_VERSION"},{"name":"TRANSMIT_TS","type":["string","null"],"columnName":"TRANSMIT_TS"},{"name":"ORIG_TRANSMIT_TS","type":["string","null"],"columnName":"TRANSMIT_TS"},{"name":"TRANSMIT_BY","type":["string","null"],"columnName":"TRANSMIT_BY"},{"name":"RECORD_STATUS","type":["string","null"],"columnName":"RECORD_STATUS"},{"name":"DEALER_UPDT_IND","type":["string","null"],"columnName":"DEALER_UPDT_IND","sqlType":"1"},{"name":"STORE_NUMBER","type":["string","null"],"columnName":"STORE_NUMBER"},{"name":"PART_TYPE","type":["string","null"],"columnName":"PART_TYPE"},{"name":"STORE_NAME","type":["string","null"],"columnName":"STORE_NAME"},{"name":"INVENTORY_STORE_NUMBER","type":["string","null"],"columnName":"INVENTORY_STORE_NUMBER"},{"name":"CAT_EMRG_DEALER_CODE","type":["string","null"],"columnName":"CAT_EMRG_DEALER_CODE"},{"name":"CAT_STOCK_DEALER_CODE","type":["string","null"],"columnName":"CAT_STOCK_DEALER_CODE"},{"name":"STOCK_REPLEN_STORE_NUMBER","type":["string","null"],"columnName":"STOCK_REPLEN_STORE_NUMBER"},{"name":"STOCK_REPLEN_LEAD_TIME","type":["string","null"],"columnName":"STOCK_REPLEN_LEAD_TIME"},{"name":"LST_UPDT_TS","type":["string","null"],"columnName":"LST_UPDT_TS"},{"name":"ORIG_LST_UPDT_TS","type":["string","null"],"columnName":"ORIG_LST_UPDT_TS"},{"name":"LST_UPDT_BY_ID","type":["string","null"],"columnName":"LST_UPDT_BY_ID"},{"name":"FILE_INS_TS","type":["string","null"],"columnName":"FILE_INS_TS"},{"name":"ORIG_FILE_INS_TS","type":["string","null"],"columnName":"ORIG_FILE_INS_TS"},{"name":"EXP_STOCK_PLAN_LEAD_TIME","type":["string","null"],"columnName":"EXP_STOCK_PLAN_LEAD_TIME"}],"tableName":"DEALER_HIERARCHY_CORE"}
15/09/06 13:13:56 INFO avro.AvroSerDe: Configuration null, not inserting schema
15/09/06 13:13:56 INFO exec.FileSinkOperator: Operator 205 FS initialized
15/09/06 13:13:56 INFO exec.FileSinkOperator: Initialization Done 205 FS
15/09/06 13:13:56 INFO exec.ExtractOperator: Initialization Done 204 EX
15/09/06 13:13:56 INFO exec.FileSinkOperator: Final Path: FS file:/var/folders/y7/4_pz5fzx54ngcmghz3v6t3m00000gn/T/junit3221324282040719723/hadooptmp/dealer_hierarchy/core_data/.hive-staging_hive_2015-09-06_13-13-56_516_9092190550242251629-1/_tmp.-ext-10000/dealer_code=AAAA/000000_0
15/09/06 13:13:56 INFO exec.FileSinkOperator: Writing to temp file: FS file:/var/folders/y7/4_pz5fzx54ngcmghz3v6t3m00000gn/T/junit3221324282040719723/hadooptmp/dealer_hierarchy/core_data/.hive-staging_hive_2015-09-06_13-13-56_516_9092190550242251629-1/_task_tmp.-ext-10000/dealer_code=AAAA/_tmp.000000_0
15/09/06 13:13:56 INFO exec.FileSinkOperator: New Final Path: FS file:/var/folders/y7/4_pz5fzx54ngcmghz3v6t3m00000gn/T/junit3221324282040719723/hadooptmp/dealer_hierarchy/core_data/.hive-staging_hive_2015-09-06_13-13-56_516_9092190550242251629-1/_tmp.-ext-10000/dealer_code=AAAA/000000_0
15/09/06 13:13:56 INFO ExecReducer: ExecReducer: processing 1 rows: used memory = 893825672
15/09/06 13:13:56 INFO lazybinary.LazyBinaryStruct: Missing fields! Expected 24 fields but only got 24! Ignoring similar problems.
15/09/06 13:13:56 INFO exec.FileSinkOperator: Final Path: FS file:/var/folders/y7/4_pz5fzx54ngcmghz3v6t3m00000gn/T/junit3221324282040719723/hadooptmp/dealer_hierarchy/core_data/.hive-staging_hive_2015-09-06_13-13-56_516_9092190550242251629-1/_tmp.-ext-10000/dealer_code=ZZZZ/000000_0
15/09/06 13:13:56 INFO exec.FileSinkOperator: Writing to temp file: FS file:/var/folders/y7/4_pz5fzx54ngcmghz3v6t3m00000gn/T/junit3221324282040719723/hadooptmp/dealer_hierarchy/core_data/.hive-staging_hive_2015-09-06_13-13-56_516_9092190550242251629-1/_task_tmp.-ext-10000/dealer_code=ZZZZ/_tmp.000000_0
15/09/06 13:13:56 INFO exec.FileSinkOperator: New Final Path: FS file:/var/folders/y7/4_pz5fzx54ngcmghz3v6t3m00000gn/T/junit3221324282040719723/hadooptmp/dealer_hierarchy/core_data/.hive-staging_hive_2015-09-06_13-13-56_516_9092190550242251629-1/_tmp.-ext-10000/dealer_code=ZZZZ/000000_0
15/09/06 13:13:56 INFO ExecReducer: ExecReducer: processed 4 rows: used memory = 900780432
15/09/06 13:13:56 INFO exec.ExtractOperator: 204 finished. closing... 
15/09/06 13:13:56 INFO exec.FileSinkOperator: 205 finished. closing... 
15/09/06 13:13:56 INFO exec.FileSinkOperator: FS[205]: records written - 4
15/09/06 13:13:56 INFO exec.FileSinkOperator: RECORDS_OUT_1:4
15/09/06 13:13:56 INFO exec.FileSinkOperator: 205 Close done
15/09/06 13:13:56 INFO exec.ExtractOperator: 204 Close done
15/09/06 13:13:56 INFO mapred.Task: Task:attempt_local1952182736_0014_r_000000_0 is done. And is in the process of commiting
15/09/06 13:13:56 INFO mapred.LocalJobRunner: reduce > reduce
15/09/06 13:13:56 INFO mapred.Task: Task 'attempt_local1952182736_0014_r_000000_0' done.
2015-09-06 13:13:56,799 Stage-1 map = 100%,  reduce = 100%
15/09/06 13:13:56 INFO exec.Task: 2015-09-06 13:13:56,799 Stage-1 map = 100%,  reduce = 100%
Ended Job = job_local1952182736_0014
15/09/06 13:13:56 INFO exec.Task: Ended Job = job_local1952182736_0014
15/09/06 13:13:56 INFO exec.FileSinkOperator: Moving tmp dir: file:/var/folders/y7/4_pz5fzx54ngcmghz3v6t3m00000gn/T/junit3221324282040719723/hadooptmp/dealer_hierarchy/core_data/.hive-staging_hive_2015-09-06_13-13-56_516_9092190550242251629-1/_tmp.-ext-10000 to: file:/var/folders/y7/4_pz5fzx54ngcmghz3v6t3m00000gn/T/junit3221324282040719723/hadooptmp/dealer_hierarchy/core_data/.hive-staging_hive_2015-09-06_13-13-56_516_9092190550242251629-1/-ext-10000
15/09/06 13:13:56 INFO log.PerfLogger: <PERFLOG method=task.MOVE.Stage-0 from=org.apache.hadoop.hive.ql.Driver>
Loading data to table ddsw_dev.dealer_hierarchy_core partition (dealer_code=null)
15/09/06 13:13:56 INFO exec.Task: Loading data to table ddsw_dev.dealer_hierarchy_core partition (dealer_code=null) from file:/var/folders/y7/4_pz5fzx54ngcmghz3v6t3m00000gn/T/junit3221324282040719723/hadooptmp/dealer_hierarchy/core_data/.hive-staging_hive_2015-09-06_13-13-56_516_9092190550242251629-1/-ext-10000
15/09/06 13:13:56 INFO metastore.HiveMetaStore: 0: get_table : db=ddsw_dev tbl=dealer_hierarchy_core
15/09/06 13:13:56 INFO HiveMetaStore.audit: ugi=hpatel	ip=unknown-ip-addr	cmd=get_table : db=ddsw_dev tbl=dealer_hierarchy_core	
15/09/06 13:13:56 INFO avro.AvroSerDe: Avro schema is {"type":"record","name":"DEALER_HIERARCHY_CORE","doc":"Sqoop import of DEALER_HIERARCHY","fields":[{"name":"File_Name","type":["string","null"],"columnName":"File_Name"},{"name":"GEN_ID","type":["string","null"],"columnName":"GEN_ID"},{"name":"DMS_SYSTEM","type":["string","null"],"columnName":"DMS_SYSTEM"},{"name":"DMS_VERSION","type":["string","null"],"columnName":"DMS_VERSION"},{"name":"TRANSMIT_TS","type":["string","null"],"columnName":"TRANSMIT_TS"},{"name":"ORIG_TRANSMIT_TS","type":["string","null"],"columnName":"TRANSMIT_TS"},{"name":"TRANSMIT_BY","type":["string","null"],"columnName":"TRANSMIT_BY"},{"name":"RECORD_STATUS","type":["string","null"],"columnName":"RECORD_STATUS"},{"name":"DEALER_UPDT_IND","type":["string","null"],"columnName":"DEALER_UPDT_IND","sqlType":"1"},{"name":"STORE_NUMBER","type":["string","null"],"columnName":"STORE_NUMBER"},{"name":"PART_TYPE","type":["string","null"],"columnName":"PART_TYPE"},{"name":"STORE_NAME","type":["string","null"],"columnName":"STORE_NAME"},{"name":"INVENTORY_STORE_NUMBER","type":["string","null"],"columnName":"INVENTORY_STORE_NUMBER"},{"name":"CAT_EMRG_DEALER_CODE","type":["string","null"],"columnName":"CAT_EMRG_DEALER_CODE"},{"name":"CAT_STOCK_DEALER_CODE","type":["string","null"],"columnName":"CAT_STOCK_DEALER_CODE"},{"name":"STOCK_REPLEN_STORE_NUMBER","type":["string","null"],"columnName":"STOCK_REPLEN_STORE_NUMBER"},{"name":"STOCK_REPLEN_LEAD_TIME","type":["string","null"],"columnName":"STOCK_REPLEN_LEAD_TIME"},{"name":"LST_UPDT_TS","type":["string","null"],"columnName":"LST_UPDT_TS"},{"name":"ORIG_LST_UPDT_TS","type":["string","null"],"columnName":"ORIG_LST_UPDT_TS"},{"name":"LST_UPDT_BY_ID","type":["string","null"],"columnName":"LST_UPDT_BY_ID"},{"name":"FILE_INS_TS","type":["string","null"],"columnName":"FILE_INS_TS"},{"name":"ORIG_FILE_INS_TS","type":["string","null"],"columnName":"ORIG_FILE_INS_TS"},{"name":"EXP_STOCK_PLAN_LEAD_TIME","type":["string","null"],"columnName":"EXP_STOCK_PLAN_LEAD_TIME"}],"tableName":"DEALER_HIERARCHY_CORE"}
15/09/06 13:13:56 INFO avro.AvroSerDe: Avro schema is {"type":"record","name":"DEALER_HIERARCHY_CORE","doc":"Sqoop import of DEALER_HIERARCHY","fields":[{"name":"File_Name","type":["string","null"],"columnName":"File_Name"},{"name":"GEN_ID","type":["string","null"],"columnName":"GEN_ID"},{"name":"DMS_SYSTEM","type":["string","null"],"columnName":"DMS_SYSTEM"},{"name":"DMS_VERSION","type":["string","null"],"columnName":"DMS_VERSION"},{"name":"TRANSMIT_TS","type":["string","null"],"columnName":"TRANSMIT_TS"},{"name":"ORIG_TRANSMIT_TS","type":["string","null"],"columnName":"TRANSMIT_TS"},{"name":"TRANSMIT_BY","type":["string","null"],"columnName":"TRANSMIT_BY"},{"name":"RECORD_STATUS","type":["string","null"],"columnName":"RECORD_STATUS"},{"name":"DEALER_UPDT_IND","type":["string","null"],"columnName":"DEALER_UPDT_IND","sqlType":"1"},{"name":"STORE_NUMBER","type":["string","null"],"columnName":"STORE_NUMBER"},{"name":"PART_TYPE","type":["string","null"],"columnName":"PART_TYPE"},{"name":"STORE_NAME","type":["string","null"],"columnName":"STORE_NAME"},{"name":"INVENTORY_STORE_NUMBER","type":["string","null"],"columnName":"INVENTORY_STORE_NUMBER"},{"name":"CAT_EMRG_DEALER_CODE","type":["string","null"],"columnName":"CAT_EMRG_DEALER_CODE"},{"name":"CAT_STOCK_DEALER_CODE","type":["string","null"],"columnName":"CAT_STOCK_DEALER_CODE"},{"name":"STOCK_REPLEN_STORE_NUMBER","type":["string","null"],"columnName":"STOCK_REPLEN_STORE_NUMBER"},{"name":"STOCK_REPLEN_LEAD_TIME","type":["string","null"],"columnName":"STOCK_REPLEN_LEAD_TIME"},{"name":"LST_UPDT_TS","type":["string","null"],"columnName":"LST_UPDT_TS"},{"name":"ORIG_LST_UPDT_TS","type":["string","null"],"columnName":"ORIG_LST_UPDT_TS"},{"name":"LST_UPDT_BY_ID","type":["string","null"],"columnName":"LST_UPDT_BY_ID"},{"name":"FILE_INS_TS","type":["string","null"],"columnName":"FILE_INS_TS"},{"name":"ORIG_FILE_INS_TS","type":["string","null"],"columnName":"ORIG_FILE_INS_TS"},{"name":"EXP_STOCK_PLAN_LEAD_TIME","type":["string","null"],"columnName":"EXP_STOCK_PLAN_LEAD_TIME"}],"tableName":"DEALER_HIERARCHY_CORE"}
15/09/06 13:13:56 INFO exec.MoveTask: Partition is: {dealer_code=null}
15/09/06 13:13:56 INFO metastore.HiveMetaStore: 0: partition_name_has_valid_characters
15/09/06 13:13:56 INFO HiveMetaStore.audit: ugi=hpatel	ip=unknown-ip-addr	cmd=partition_name_has_valid_characters	
15/09/06 13:13:56 INFO metastore.HiveMetaStore: 0: partition_name_has_valid_characters
15/09/06 13:13:56 INFO HiveMetaStore.audit: ugi=hpatel	ip=unknown-ip-addr	cmd=partition_name_has_valid_characters	
15/09/06 13:13:56 INFO metastore.HiveMetaStore: 0: get_table : db=ddsw_dev tbl=dealer_hierarchy_core
15/09/06 13:13:56 INFO HiveMetaStore.audit: ugi=hpatel	ip=unknown-ip-addr	cmd=get_table : db=ddsw_dev tbl=dealer_hierarchy_core	
15/09/06 13:13:56 INFO avro.AvroSerDe: Avro schema is {"type":"record","name":"DEALER_HIERARCHY_CORE","doc":"Sqoop import of DEALER_HIERARCHY","fields":[{"name":"File_Name","type":["string","null"],"columnName":"File_Name"},{"name":"GEN_ID","type":["string","null"],"columnName":"GEN_ID"},{"name":"DMS_SYSTEM","type":["string","null"],"columnName":"DMS_SYSTEM"},{"name":"DMS_VERSION","type":["string","null"],"columnName":"DMS_VERSION"},{"name":"TRANSMIT_TS","type":["string","null"],"columnName":"TRANSMIT_TS"},{"name":"ORIG_TRANSMIT_TS","type":["string","null"],"columnName":"TRANSMIT_TS"},{"name":"TRANSMIT_BY","type":["string","null"],"columnName":"TRANSMIT_BY"},{"name":"RECORD_STATUS","type":["string","null"],"columnName":"RECORD_STATUS"},{"name":"DEALER_UPDT_IND","type":["string","null"],"columnName":"DEALER_UPDT_IND","sqlType":"1"},{"name":"STORE_NUMBER","type":["string","null"],"columnName":"STORE_NUMBER"},{"name":"PART_TYPE","type":["string","null"],"columnName":"PART_TYPE"},{"name":"STORE_NAME","type":["string","null"],"columnName":"STORE_NAME"},{"name":"INVENTORY_STORE_NUMBER","type":["string","null"],"columnName":"INVENTORY_STORE_NUMBER"},{"name":"CAT_EMRG_DEALER_CODE","type":["string","null"],"columnName":"CAT_EMRG_DEALER_CODE"},{"name":"CAT_STOCK_DEALER_CODE","type":["string","null"],"columnName":"CAT_STOCK_DEALER_CODE"},{"name":"STOCK_REPLEN_STORE_NUMBER","type":["string","null"],"columnName":"STOCK_REPLEN_STORE_NUMBER"},{"name":"STOCK_REPLEN_LEAD_TIME","type":["string","null"],"columnName":"STOCK_REPLEN_LEAD_TIME"},{"name":"LST_UPDT_TS","type":["string","null"],"columnName":"LST_UPDT_TS"},{"name":"ORIG_LST_UPDT_TS","type":["string","null"],"columnName":"ORIG_LST_UPDT_TS"},{"name":"LST_UPDT_BY_ID","type":["string","null"],"columnName":"LST_UPDT_BY_ID"},{"name":"FILE_INS_TS","type":["string","null"],"columnName":"FILE_INS_TS"},{"name":"ORIG_FILE_INS_TS","type":["string","null"],"columnName":"ORIG_FILE_INS_TS"},{"name":"EXP_STOCK_PLAN_LEAD_TIME","type":["string","null"],"columnName":"EXP_STOCK_PLAN_LEAD_TIME"}],"tableName":"DEALER_HIERARCHY_CORE"}
15/09/06 13:13:56 INFO avro.AvroSerDe: Avro schema is {"type":"record","name":"DEALER_HIERARCHY_CORE","doc":"Sqoop import of DEALER_HIERARCHY","fields":[{"name":"File_Name","type":["string","null"],"columnName":"File_Name"},{"name":"GEN_ID","type":["string","null"],"columnName":"GEN_ID"},{"name":"DMS_SYSTEM","type":["string","null"],"columnName":"DMS_SYSTEM"},{"name":"DMS_VERSION","type":["string","null"],"columnName":"DMS_VERSION"},{"name":"TRANSMIT_TS","type":["string","null"],"columnName":"TRANSMIT_TS"},{"name":"ORIG_TRANSMIT_TS","type":["string","null"],"columnName":"TRANSMIT_TS"},{"name":"TRANSMIT_BY","type":["string","null"],"columnName":"TRANSMIT_BY"},{"name":"RECORD_STATUS","type":["string","null"],"columnName":"RECORD_STATUS"},{"name":"DEALER_UPDT_IND","type":["string","null"],"columnName":"DEALER_UPDT_IND","sqlType":"1"},{"name":"STORE_NUMBER","type":["string","null"],"columnName":"STORE_NUMBER"},{"name":"PART_TYPE","type":["string","null"],"columnName":"PART_TYPE"},{"name":"STORE_NAME","type":["string","null"],"columnName":"STORE_NAME"},{"name":"INVENTORY_STORE_NUMBER","type":["string","null"],"columnName":"INVENTORY_STORE_NUMBER"},{"name":"CAT_EMRG_DEALER_CODE","type":["string","null"],"columnName":"CAT_EMRG_DEALER_CODE"},{"name":"CAT_STOCK_DEALER_CODE","type":["string","null"],"columnName":"CAT_STOCK_DEALER_CODE"},{"name":"STOCK_REPLEN_STORE_NUMBER","type":["string","null"],"columnName":"STOCK_REPLEN_STORE_NUMBER"},{"name":"STOCK_REPLEN_LEAD_TIME","type":["string","null"],"columnName":"STOCK_REPLEN_LEAD_TIME"},{"name":"LST_UPDT_TS","type":["string","null"],"columnName":"LST_UPDT_TS"},{"name":"ORIG_LST_UPDT_TS","type":["string","null"],"columnName":"ORIG_LST_UPDT_TS"},{"name":"LST_UPDT_BY_ID","type":["string","null"],"columnName":"LST_UPDT_BY_ID"},{"name":"FILE_INS_TS","type":["string","null"],"columnName":"FILE_INS_TS"},{"name":"ORIG_FILE_INS_TS","type":["string","null"],"columnName":"ORIG_FILE_INS_TS"},{"name":"EXP_STOCK_PLAN_LEAD_TIME","type":["string","null"],"columnName":"EXP_STOCK_PLAN_LEAD_TIME"}],"tableName":"DEALER_HIERARCHY_CORE"}
15/09/06 13:13:56 INFO metastore.HiveMetaStore: 0: get_partition_with_auth : db=ddsw_dev tbl=dealer_hierarchy_core[AAAA]
15/09/06 13:13:56 INFO HiveMetaStore.audit: ugi=hpatel	ip=unknown-ip-addr	cmd=get_partition_with_auth : db=ddsw_dev tbl=dealer_hierarchy_core[AAAA]	
15/09/06 13:13:56 INFO common.FileUtils: Creating directory if it doesn't exist: file:/var/folders/y7/4_pz5fzx54ngcmghz3v6t3m00000gn/T/junit3221324282040719723/hadooptmp/dealer_hierarchy/core_data/dealer_code=AAAA
15/09/06 13:13:56 INFO session.SessionState: Could not get hdfsEncryptionShim, it is only applicable to hdfs filesystem.
15/09/06 13:13:56 INFO metadata.Hive: Renaming src: file:/var/folders/y7/4_pz5fzx54ngcmghz3v6t3m00000gn/T/junit3221324282040719723/hadooptmp/dealer_hierarchy/core_data/.hive-staging_hive_2015-09-06_13-13-56_516_9092190550242251629-1/-ext-10000/dealer_code=AAAA/000000_0, dest: file:/var/folders/y7/4_pz5fzx54ngcmghz3v6t3m00000gn/T/junit3221324282040719723/hadooptmp/dealer_hierarchy/core_data/dealer_code=AAAA/000000_0, Status:true
15/09/06 13:13:56 INFO metastore.HiveMetaStore: 0: get_partition_with_auth : db=ddsw_dev tbl=dealer_hierarchy_core[AAAA]
15/09/06 13:13:56 INFO HiveMetaStore.audit: ugi=hpatel	ip=unknown-ip-addr	cmd=get_partition_with_auth : db=ddsw_dev tbl=dealer_hierarchy_core[AAAA]	
15/09/06 13:13:56 INFO metastore.HiveMetaStore: 0: append_partition : db=ddsw_dev tbl=dealer_hierarchy_core[AAAA]
15/09/06 13:13:56 INFO HiveMetaStore.audit: ugi=hpatel	ip=unknown-ip-addr	cmd=append_partition : db=ddsw_dev tbl=dealer_hierarchy_core[AAAA]	
15/09/06 13:13:56 INFO metadata.Hive: New loading path = file:/var/folders/y7/4_pz5fzx54ngcmghz3v6t3m00000gn/T/junit3221324282040719723/hadooptmp/dealer_hierarchy/core_data/.hive-staging_hive_2015-09-06_13-13-56_516_9092190550242251629-1/-ext-10000/dealer_code=AAAA with partSpec {dealer_code=AAAA}
15/09/06 13:13:56 INFO metastore.HiveMetaStore: 0: get_table : db=ddsw_dev tbl=dealer_hierarchy_core
15/09/06 13:13:56 INFO HiveMetaStore.audit: ugi=hpatel	ip=unknown-ip-addr	cmd=get_table : db=ddsw_dev tbl=dealer_hierarchy_core	
15/09/06 13:13:56 INFO avro.AvroSerDe: Avro schema is {"type":"record","name":"DEALER_HIERARCHY_CORE","doc":"Sqoop import of DEALER_HIERARCHY","fields":[{"name":"File_Name","type":["string","null"],"columnName":"File_Name"},{"name":"GEN_ID","type":["string","null"],"columnName":"GEN_ID"},{"name":"DMS_SYSTEM","type":["string","null"],"columnName":"DMS_SYSTEM"},{"name":"DMS_VERSION","type":["string","null"],"columnName":"DMS_VERSION"},{"name":"TRANSMIT_TS","type":["string","null"],"columnName":"TRANSMIT_TS"},{"name":"ORIG_TRANSMIT_TS","type":["string","null"],"columnName":"TRANSMIT_TS"},{"name":"TRANSMIT_BY","type":["string","null"],"columnName":"TRANSMIT_BY"},{"name":"RECORD_STATUS","type":["string","null"],"columnName":"RECORD_STATUS"},{"name":"DEALER_UPDT_IND","type":["string","null"],"columnName":"DEALER_UPDT_IND","sqlType":"1"},{"name":"STORE_NUMBER","type":["string","null"],"columnName":"STORE_NUMBER"},{"name":"PART_TYPE","type":["string","null"],"columnName":"PART_TYPE"},{"name":"STORE_NAME","type":["string","null"],"columnName":"STORE_NAME"},{"name":"INVENTORY_STORE_NUMBER","type":["string","null"],"columnName":"INVENTORY_STORE_NUMBER"},{"name":"CAT_EMRG_DEALER_CODE","type":["string","null"],"columnName":"CAT_EMRG_DEALER_CODE"},{"name":"CAT_STOCK_DEALER_CODE","type":["string","null"],"columnName":"CAT_STOCK_DEALER_CODE"},{"name":"STOCK_REPLEN_STORE_NUMBER","type":["string","null"],"columnName":"STOCK_REPLEN_STORE_NUMBER"},{"name":"STOCK_REPLEN_LEAD_TIME","type":["string","null"],"columnName":"STOCK_REPLEN_LEAD_TIME"},{"name":"LST_UPDT_TS","type":["string","null"],"columnName":"LST_UPDT_TS"},{"name":"ORIG_LST_UPDT_TS","type":["string","null"],"columnName":"ORIG_LST_UPDT_TS"},{"name":"LST_UPDT_BY_ID","type":["string","null"],"columnName":"LST_UPDT_BY_ID"},{"name":"FILE_INS_TS","type":["string","null"],"columnName":"FILE_INS_TS"},{"name":"ORIG_FILE_INS_TS","type":["string","null"],"columnName":"ORIG_FILE_INS_TS"},{"name":"EXP_STOCK_PLAN_LEAD_TIME","type":["string","null"],"columnName":"EXP_STOCK_PLAN_LEAD_TIME"}],"tableName":"DEALER_HIERARCHY_CORE"}
15/09/06 13:13:56 INFO avro.AvroSerDe: Avro schema is {"type":"record","name":"DEALER_HIERARCHY_CORE","doc":"Sqoop import of DEALER_HIERARCHY","fields":[{"name":"File_Name","type":["string","null"],"columnName":"File_Name"},{"name":"GEN_ID","type":["string","null"],"columnName":"GEN_ID"},{"name":"DMS_SYSTEM","type":["string","null"],"columnName":"DMS_SYSTEM"},{"name":"DMS_VERSION","type":["string","null"],"columnName":"DMS_VERSION"},{"name":"TRANSMIT_TS","type":["string","null"],"columnName":"TRANSMIT_TS"},{"name":"ORIG_TRANSMIT_TS","type":["string","null"],"columnName":"TRANSMIT_TS"},{"name":"TRANSMIT_BY","type":["string","null"],"columnName":"TRANSMIT_BY"},{"name":"RECORD_STATUS","type":["string","null"],"columnName":"RECORD_STATUS"},{"name":"DEALER_UPDT_IND","type":["string","null"],"columnName":"DEALER_UPDT_IND","sqlType":"1"},{"name":"STORE_NUMBER","type":["string","null"],"columnName":"STORE_NUMBER"},{"name":"PART_TYPE","type":["string","null"],"columnName":"PART_TYPE"},{"name":"STORE_NAME","type":["string","null"],"columnName":"STORE_NAME"},{"name":"INVENTORY_STORE_NUMBER","type":["string","null"],"columnName":"INVENTORY_STORE_NUMBER"},{"name":"CAT_EMRG_DEALER_CODE","type":["string","null"],"columnName":"CAT_EMRG_DEALER_CODE"},{"name":"CAT_STOCK_DEALER_CODE","type":["string","null"],"columnName":"CAT_STOCK_DEALER_CODE"},{"name":"STOCK_REPLEN_STORE_NUMBER","type":["string","null"],"columnName":"STOCK_REPLEN_STORE_NUMBER"},{"name":"STOCK_REPLEN_LEAD_TIME","type":["string","null"],"columnName":"STOCK_REPLEN_LEAD_TIME"},{"name":"LST_UPDT_TS","type":["string","null"],"columnName":"LST_UPDT_TS"},{"name":"ORIG_LST_UPDT_TS","type":["string","null"],"columnName":"ORIG_LST_UPDT_TS"},{"name":"LST_UPDT_BY_ID","type":["string","null"],"columnName":"LST_UPDT_BY_ID"},{"name":"FILE_INS_TS","type":["string","null"],"columnName":"FILE_INS_TS"},{"name":"ORIG_FILE_INS_TS","type":["string","null"],"columnName":"ORIG_FILE_INS_TS"},{"name":"EXP_STOCK_PLAN_LEAD_TIME","type":["string","null"],"columnName":"EXP_STOCK_PLAN_LEAD_TIME"}],"tableName":"DEALER_HIERARCHY_CORE"}
15/09/06 13:13:56 INFO metastore.HiveMetaStore: 0: get_partition_with_auth : db=ddsw_dev tbl=dealer_hierarchy_core[ZZZZ]
15/09/06 13:13:56 INFO HiveMetaStore.audit: ugi=hpatel	ip=unknown-ip-addr	cmd=get_partition_with_auth : db=ddsw_dev tbl=dealer_hierarchy_core[ZZZZ]	
15/09/06 13:13:56 INFO common.FileUtils: Creating directory if it doesn't exist: file:/var/folders/y7/4_pz5fzx54ngcmghz3v6t3m00000gn/T/junit3221324282040719723/hadooptmp/dealer_hierarchy/core_data/dealer_code=ZZZZ
15/09/06 13:13:56 INFO session.SessionState: Could not get hdfsEncryptionShim, it is only applicable to hdfs filesystem.
15/09/06 13:13:56 INFO metadata.Hive: Renaming src: file:/var/folders/y7/4_pz5fzx54ngcmghz3v6t3m00000gn/T/junit3221324282040719723/hadooptmp/dealer_hierarchy/core_data/.hive-staging_hive_2015-09-06_13-13-56_516_9092190550242251629-1/-ext-10000/dealer_code=ZZZZ/000000_0, dest: file:/var/folders/y7/4_pz5fzx54ngcmghz3v6t3m00000gn/T/junit3221324282040719723/hadooptmp/dealer_hierarchy/core_data/dealer_code=ZZZZ/000000_0, Status:true
15/09/06 13:13:56 INFO metastore.HiveMetaStore: 0: get_partition_with_auth : db=ddsw_dev tbl=dealer_hierarchy_core[ZZZZ]
15/09/06 13:13:56 INFO HiveMetaStore.audit: ugi=hpatel	ip=unknown-ip-addr	cmd=get_partition_with_auth : db=ddsw_dev tbl=dealer_hierarchy_core[ZZZZ]	
15/09/06 13:13:56 INFO metastore.HiveMetaStore: 0: append_partition : db=ddsw_dev tbl=dealer_hierarchy_core[ZZZZ]
15/09/06 13:13:56 INFO HiveMetaStore.audit: ugi=hpatel	ip=unknown-ip-addr	cmd=append_partition : db=ddsw_dev tbl=dealer_hierarchy_core[ZZZZ]	
15/09/06 13:13:56 INFO metadata.Hive: New loading path = file:/var/folders/y7/4_pz5fzx54ngcmghz3v6t3m00000gn/T/junit3221324282040719723/hadooptmp/dealer_hierarchy/core_data/.hive-staging_hive_2015-09-06_13-13-56_516_9092190550242251629-1/-ext-10000/dealer_code=ZZZZ with partSpec {dealer_code=ZZZZ}
15/09/06 13:13:56 INFO metastore.HiveMetaStore: 0: get_partition_with_auth : db=ddsw_dev tbl=dealer_hierarchy_core[AAAA]
15/09/06 13:13:56 INFO HiveMetaStore.audit: ugi=hpatel	ip=unknown-ip-addr	cmd=get_partition_with_auth : db=ddsw_dev tbl=dealer_hierarchy_core[AAAA]	
	Loading partition {dealer_code=AAAA}
15/09/06 13:13:56 INFO exec.Task: 	Loading partition {dealer_code=AAAA}
15/09/06 13:13:56 INFO metastore.HiveMetaStore: 0: get_partition_with_auth : db=ddsw_dev tbl=dealer_hierarchy_core[ZZZZ]
15/09/06 13:13:56 INFO HiveMetaStore.audit: ugi=hpatel	ip=unknown-ip-addr	cmd=get_partition_with_auth : db=ddsw_dev tbl=dealer_hierarchy_core[ZZZZ]	
	Loading partition {dealer_code=ZZZZ}
15/09/06 13:13:56 INFO exec.Task: 	Loading partition {dealer_code=ZZZZ}
15/09/06 13:13:56 INFO log.PerfLogger: </PERFLOG method=runTasks start=1441563236597 end=1441563236987 duration=390 from=org.apache.hadoop.hive.ql.Driver>
15/09/06 13:13:56 INFO log.PerfLogger: </PERFLOG method=Driver.execute start=1441563236597 end=1441563236987 duration=390 from=org.apache.hadoop.hive.ql.Driver>
MapReduce Jobs Launched: 
15/09/06 13:13:56 INFO ql.Driver: MapReduce Jobs Launched: 
Stage-Stage-1:  HDFS Read: 0 HDFS Write: 0 SUCCESS
15/09/06 13:13:56 INFO ql.Driver: Stage-Stage-1:  HDFS Read: 0 HDFS Write: 0 SUCCESS
Total MapReduce CPU Time Spent: 0 msec
15/09/06 13:13:56 INFO ql.Driver: Total MapReduce CPU Time Spent: 0 msec
OK
15/09/06 13:13:56 INFO ql.Driver: OK
15/09/06 13:13:56 INFO log.PerfLogger: <PERFLOG method=releaseLocks from=org.apache.hadoop.hive.ql.Driver>
15/09/06 13:13:56 INFO log.PerfLogger: </PERFLOG method=releaseLocks start=1441563236988 end=1441563236988 duration=0 from=org.apache.hadoop.hive.ql.Driver>
15/09/06 13:13:56 INFO log.PerfLogger: </PERFLOG method=Driver.run start=1441563236516 end=1441563236988 duration=472 from=org.apache.hadoop.hive.ql.Driver>
15/09/06 13:13:56 INFO service.HiveServer: Running the query: show databases
15/09/06 13:13:56 INFO log.PerfLogger: <PERFLOG method=Driver.run from=org.apache.hadoop.hive.ql.Driver>
15/09/06 13:13:56 INFO log.PerfLogger: <PERFLOG method=TimeToSubmit from=org.apache.hadoop.hive.ql.Driver>
15/09/06 13:13:56 INFO ql.Driver: Concurrency mode is disabled, not creating a lock manager
15/09/06 13:13:56 INFO log.PerfLogger: <PERFLOG method=compile from=org.apache.hadoop.hive.ql.Driver>
15/09/06 13:13:56 INFO log.PerfLogger: <PERFLOG method=parse from=org.apache.hadoop.hive.ql.Driver>
15/09/06 13:13:56 INFO parse.ParseDriver: Parsing command: show databases
15/09/06 13:13:56 INFO parse.ParseDriver: Parse Completed
15/09/06 13:13:56 INFO log.PerfLogger: </PERFLOG method=parse start=1441563236989 end=1441563236989 duration=0 from=org.apache.hadoop.hive.ql.Driver>
15/09/06 13:13:56 INFO log.PerfLogger: <PERFLOG method=semanticAnalyze from=org.apache.hadoop.hive.ql.Driver>
15/09/06 13:13:56 INFO ql.Driver: Semantic Analysis Completed
15/09/06 13:13:56 INFO log.PerfLogger: </PERFLOG method=semanticAnalyze start=1441563236989 end=1441563236994 duration=5 from=org.apache.hadoop.hive.ql.Driver>
15/09/06 13:13:56 INFO exec.ListSinkOperator: Initializing Self 209 OP
15/09/06 13:13:56 INFO exec.ListSinkOperator: Operator 209 OP initialized
15/09/06 13:13:56 INFO exec.ListSinkOperator: Initialization Done 209 OP
15/09/06 13:13:56 INFO ql.Driver: Returning Hive schema: Schema(fieldSchemas:[FieldSchema(name:database_name, type:string, comment:from deserializer)], properties:null)
15/09/06 13:13:56 INFO log.PerfLogger: </PERFLOG method=compile start=1441563236989 end=1441563236995 duration=6 from=org.apache.hadoop.hive.ql.Driver>
15/09/06 13:13:56 INFO log.PerfLogger: <PERFLOG method=Driver.execute from=org.apache.hadoop.hive.ql.Driver>
15/09/06 13:13:56 INFO ql.Driver: Starting command: show databases
15/09/06 13:13:56 INFO log.PerfLogger: </PERFLOG method=TimeToSubmit start=1441563236989 end=1441563236995 duration=6 from=org.apache.hadoop.hive.ql.Driver>
15/09/06 13:13:56 INFO log.PerfLogger: <PERFLOG method=runTasks from=org.apache.hadoop.hive.ql.Driver>
15/09/06 13:13:56 INFO log.PerfLogger: <PERFLOG method=task.DDL.Stage-0 from=org.apache.hadoop.hive.ql.Driver>
15/09/06 13:13:56 INFO metastore.HiveMetaStore: 0: get_all_databases
15/09/06 13:13:56 INFO HiveMetaStore.audit: ugi=hpatel	ip=unknown-ip-addr	cmd=get_all_databases	
15/09/06 13:13:56 INFO exec.DDLTask: results : 2
15/09/06 13:13:57 INFO log.PerfLogger: </PERFLOG method=runTasks start=1441563236995 end=1441563237000 duration=5 from=org.apache.hadoop.hive.ql.Driver>
15/09/06 13:13:57 INFO log.PerfLogger: </PERFLOG method=Driver.execute start=1441563236995 end=1441563237001 duration=6 from=org.apache.hadoop.hive.ql.Driver>
OK
15/09/06 13:13:57 INFO ql.Driver: OK
15/09/06 13:13:57 INFO log.PerfLogger: <PERFLOG method=releaseLocks from=org.apache.hadoop.hive.ql.Driver>
15/09/06 13:13:57 INFO log.PerfLogger: </PERFLOG method=releaseLocks start=1441563237001 end=1441563237001 duration=0 from=org.apache.hadoop.hive.ql.Driver>
15/09/06 13:13:57 INFO log.PerfLogger: </PERFLOG method=Driver.run start=1441563236989 end=1441563237001 duration=12 from=org.apache.hadoop.hive.ql.Driver>
15/09/06 13:13:57 INFO mapred.FileInputFormat: Total input paths to process : 1
15/09/06 13:13:57 INFO service.HiveServer: Running the query: USE default
15/09/06 13:13:57 INFO exec.ListSinkOperator: 209 finished. closing... 
15/09/06 13:13:57 INFO exec.ListSinkOperator: 209 Close done
15/09/06 13:13:57 INFO log.PerfLogger: <PERFLOG method=Driver.run from=org.apache.hadoop.hive.ql.Driver>
15/09/06 13:13:57 INFO log.PerfLogger: <PERFLOG method=TimeToSubmit from=org.apache.hadoop.hive.ql.Driver>
15/09/06 13:13:57 INFO ql.Driver: Concurrency mode is disabled, not creating a lock manager
15/09/06 13:13:57 INFO log.PerfLogger: <PERFLOG method=compile from=org.apache.hadoop.hive.ql.Driver>
15/09/06 13:13:57 INFO log.PerfLogger: <PERFLOG method=parse from=org.apache.hadoop.hive.ql.Driver>
15/09/06 13:13:57 INFO parse.ParseDriver: Parsing command: USE default
15/09/06 13:13:57 INFO parse.ParseDriver: Parse Completed
15/09/06 13:13:57 INFO log.PerfLogger: </PERFLOG method=parse start=1441563237003 end=1441563237003 duration=0 from=org.apache.hadoop.hive.ql.Driver>
15/09/06 13:13:57 INFO log.PerfLogger: <PERFLOG method=semanticAnalyze from=org.apache.hadoop.hive.ql.Driver>
15/09/06 13:13:57 INFO ql.Driver: Semantic Analysis Completed
15/09/06 13:13:57 INFO log.PerfLogger: </PERFLOG method=semanticAnalyze start=1441563237003 end=1441563237003 duration=0 from=org.apache.hadoop.hive.ql.Driver>
15/09/06 13:13:57 INFO ql.Driver: Returning Hive schema: Schema(fieldSchemas:null, properties:null)
15/09/06 13:13:57 INFO log.PerfLogger: </PERFLOG method=compile start=1441563237002 end=1441563237003 duration=1 from=org.apache.hadoop.hive.ql.Driver>
15/09/06 13:13:57 INFO log.PerfLogger: <PERFLOG method=Driver.execute from=org.apache.hadoop.hive.ql.Driver>
15/09/06 13:13:57 INFO ql.Driver: Starting command: USE default
15/09/06 13:13:57 INFO log.PerfLogger: </PERFLOG method=TimeToSubmit start=1441563237002 end=1441563237003 duration=1 from=org.apache.hadoop.hive.ql.Driver>
15/09/06 13:13:57 INFO log.PerfLogger: <PERFLOG method=runTasks from=org.apache.hadoop.hive.ql.Driver>
15/09/06 13:13:57 INFO log.PerfLogger: <PERFLOG method=task.DDL.Stage-0 from=org.apache.hadoop.hive.ql.Driver>
15/09/06 13:13:57 INFO metastore.HiveMetaStore: 0: get_database: default
15/09/06 13:13:57 INFO HiveMetaStore.audit: ugi=hpatel	ip=unknown-ip-addr	cmd=get_database: default	
15/09/06 13:13:57 INFO metastore.HiveMetaStore: 0: get_database: default
15/09/06 13:13:57 INFO HiveMetaStore.audit: ugi=hpatel	ip=unknown-ip-addr	cmd=get_database: default	
15/09/06 13:13:57 INFO log.PerfLogger: </PERFLOG method=runTasks start=1441563237003 end=1441563237006 duration=3 from=org.apache.hadoop.hive.ql.Driver>
15/09/06 13:13:57 INFO log.PerfLogger: </PERFLOG method=Driver.execute start=1441563237003 end=1441563237006 duration=3 from=org.apache.hadoop.hive.ql.Driver>
OK
15/09/06 13:13:57 INFO ql.Driver: OK
15/09/06 13:13:57 INFO log.PerfLogger: <PERFLOG method=releaseLocks from=org.apache.hadoop.hive.ql.Driver>
15/09/06 13:13:57 INFO log.PerfLogger: </PERFLOG method=releaseLocks start=1441563237006 end=1441563237006 duration=0 from=org.apache.hadoop.hive.ql.Driver>
15/09/06 13:13:57 INFO log.PerfLogger: </PERFLOG method=Driver.run start=1441563237002 end=1441563237006 duration=4 from=org.apache.hadoop.hive.ql.Driver>
15/09/06 13:13:57 INFO metastore.HiveMetaStore: 0: Shutting down the object store...
15/09/06 13:13:57 INFO HiveMetaStore.audit: ugi=hpatel	ip=unknown-ip-addr	cmd=Shutting down the object store...	
15/09/06 13:13:57 INFO metastore.HiveMetaStore: 0: Metastore shutdown complete.
15/09/06 13:13:57 INFO HiveMetaStore.audit: ugi=hpatel	ip=unknown-ip-addr	cmd=Metastore shutdown complete.	
15/09/06 13:13:57 INFO hiverunner.HiveServerContainer: Tore down HiveServer instance
]]></system-err>
</testsuite>
